[2023-07-22T14:51:47.715-0500] {processor.py:157} INFO - Started process (PID=16635) to work on /Users/abhishekpatkar/Documents/Projects/af_file_loader/venv/lib/python3.11/site-packages/airflow/example_dags/example_nested_branch_dag.py
[2023-07-22T14:51:47.719-0500] {processor.py:826} INFO - Processing file /Users/abhishekpatkar/Documents/Projects/af_file_loader/venv/lib/python3.11/site-packages/airflow/example_dags/example_nested_branch_dag.py for tasks to queue
[2023-07-22T14:51:47.719-0500] {logging_mixin.py:150} INFO - [2023-07-22T14:51:47.719-0500] {dagbag.py:541} INFO - Filling up the DagBag from /Users/abhishekpatkar/Documents/Projects/af_file_loader/venv/lib/python3.11/site-packages/airflow/example_dags/example_nested_branch_dag.py
[2023-07-22T14:51:47.829-0500] {processor.py:836} INFO - DAG(s) dict_keys(['example_nested_branch_dag']) retrieved from /Users/abhishekpatkar/Documents/Projects/af_file_loader/venv/lib/python3.11/site-packages/airflow/example_dags/example_nested_branch_dag.py
[2023-07-22T14:51:49.240-0500] {logging_mixin.py:150} INFO - [2023-07-22T14:51:49.240-0500] {manager.py:504} INFO - Created Permission View: can delete on DAG:example_nested_branch_dag
[2023-07-22T14:51:49.253-0500] {logging_mixin.py:150} INFO - [2023-07-22T14:51:49.253-0500] {manager.py:504} INFO - Created Permission View: can edit on DAG:example_nested_branch_dag
[2023-07-22T14:51:49.264-0500] {logging_mixin.py:150} INFO - [2023-07-22T14:51:49.264-0500] {manager.py:504} INFO - Created Permission View: can read on DAG:example_nested_branch_dag
[2023-07-22T14:51:49.281-0500] {logging_mixin.py:150} INFO - [2023-07-22T14:51:49.281-0500] {dag.py:2742} INFO - Sync 1 DAGs
[2023-07-22T14:51:49.301-0500] {logging_mixin.py:150} INFO - [2023-07-22T14:51:49.301-0500] {dag.py:2763} INFO - Creating ORM DAG for example_nested_branch_dag
[2023-07-22T14:51:49.317-0500] {logging_mixin.py:150} INFO - [2023-07-22T14:51:49.317-0500] {dag.py:3504} INFO - Setting next_dagrun for example_nested_branch_dag to 2023-07-21T00:00:00+00:00, run_after=2023-07-22T00:00:00+00:00
[2023-07-22T14:51:49.347-0500] {processor.py:179} INFO - Processing /Users/abhishekpatkar/Documents/Projects/af_file_loader/venv/lib/python3.11/site-packages/airflow/example_dags/example_nested_branch_dag.py took 1.633 seconds
[2023-07-22T14:55:12.679-0500] {processor.py:157} INFO - Started process (PID=16880) to work on /Users/abhishekpatkar/Documents/Projects/af_file_loader/venv/lib/python3.11/site-packages/airflow/example_dags/example_nested_branch_dag.py
[2023-07-22T14:55:12.683-0500] {processor.py:826} INFO - Processing file /Users/abhishekpatkar/Documents/Projects/af_file_loader/venv/lib/python3.11/site-packages/airflow/example_dags/example_nested_branch_dag.py for tasks to queue
[2023-07-22T14:55:12.684-0500] {logging_mixin.py:150} INFO - [2023-07-22T14:55:12.683-0500] {dagbag.py:541} INFO - Filling up the DagBag from /Users/abhishekpatkar/Documents/Projects/af_file_loader/venv/lib/python3.11/site-packages/airflow/example_dags/example_nested_branch_dag.py
[2023-07-22T14:55:12.825-0500] {processor.py:836} INFO - DAG(s) dict_keys(['example_nested_branch_dag']) retrieved from /Users/abhishekpatkar/Documents/Projects/af_file_loader/venv/lib/python3.11/site-packages/airflow/example_dags/example_nested_branch_dag.py
[2023-07-22T14:55:14.219-0500] {logging_mixin.py:150} INFO - [2023-07-22T14:55:14.218-0500] {dag.py:2742} INFO - Sync 1 DAGs
[2023-07-22T14:55:14.239-0500] {logging_mixin.py:150} INFO - [2023-07-22T14:55:14.238-0500] {dag.py:3504} INFO - Setting next_dagrun for example_nested_branch_dag to 2023-07-21T00:00:00+00:00, run_after=2023-07-22T00:00:00+00:00
[2023-07-22T14:55:14.287-0500] {processor.py:179} INFO - Processing /Users/abhishekpatkar/Documents/Projects/af_file_loader/venv/lib/python3.11/site-packages/airflow/example_dags/example_nested_branch_dag.py took 1.609 seconds
[2023-07-22T14:57:51.246-0500] {processor.py:157} INFO - Started process (PID=16996) to work on /Users/abhishekpatkar/Documents/Projects/af_file_loader/venv/lib/python3.11/site-packages/airflow/example_dags/example_nested_branch_dag.py
[2023-07-22T14:57:51.251-0500] {processor.py:826} INFO - Processing file /Users/abhishekpatkar/Documents/Projects/af_file_loader/venv/lib/python3.11/site-packages/airflow/example_dags/example_nested_branch_dag.py for tasks to queue
[2023-07-22T14:57:51.252-0500] {logging_mixin.py:150} INFO - [2023-07-22T14:57:51.252-0500] {dagbag.py:541} INFO - Filling up the DagBag from /Users/abhishekpatkar/Documents/Projects/af_file_loader/venv/lib/python3.11/site-packages/airflow/example_dags/example_nested_branch_dag.py
[2023-07-22T14:57:51.396-0500] {processor.py:836} INFO - DAG(s) dict_keys(['example_nested_branch_dag']) retrieved from /Users/abhishekpatkar/Documents/Projects/af_file_loader/venv/lib/python3.11/site-packages/airflow/example_dags/example_nested_branch_dag.py
[2023-07-22T14:57:52.514-0500] {logging_mixin.py:150} INFO - [2023-07-22T14:57:52.514-0500] {dag.py:2742} INFO - Sync 1 DAGs
[2023-07-22T14:57:52.589-0500] {logging_mixin.py:150} INFO - [2023-07-22T14:57:52.589-0500] {dag.py:3504} INFO - Setting next_dagrun for example_nested_branch_dag to 2023-07-21T00:00:00+00:00, run_after=2023-07-22T00:00:00+00:00
[2023-07-22T14:57:52.645-0500] {processor.py:179} INFO - Processing /Users/abhishekpatkar/Documents/Projects/af_file_loader/venv/lib/python3.11/site-packages/airflow/example_dags/example_nested_branch_dag.py took 1.400 seconds
[2023-07-22T15:00:07.932-0500] {processor.py:157} INFO - Started process (PID=17082) to work on /Users/abhishekpatkar/Documents/Projects/af_file_loader/venv/lib/python3.11/site-packages/airflow/example_dags/example_nested_branch_dag.py
[2023-07-22T15:00:07.938-0500] {processor.py:826} INFO - Processing file /Users/abhishekpatkar/Documents/Projects/af_file_loader/venv/lib/python3.11/site-packages/airflow/example_dags/example_nested_branch_dag.py for tasks to queue
[2023-07-22T15:00:07.941-0500] {logging_mixin.py:150} INFO - [2023-07-22T15:00:07.940-0500] {dagbag.py:541} INFO - Filling up the DagBag from /Users/abhishekpatkar/Documents/Projects/af_file_loader/venv/lib/python3.11/site-packages/airflow/example_dags/example_nested_branch_dag.py
[2023-07-22T15:00:08.035-0500] {processor.py:836} INFO - DAG(s) dict_keys(['example_nested_branch_dag']) retrieved from /Users/abhishekpatkar/Documents/Projects/af_file_loader/venv/lib/python3.11/site-packages/airflow/example_dags/example_nested_branch_dag.py
[2023-07-22T15:00:08.943-0500] {logging_mixin.py:150} INFO - [2023-07-22T15:00:08.942-0500] {dag.py:2742} INFO - Sync 1 DAGs
[2023-07-22T15:00:08.975-0500] {logging_mixin.py:150} INFO - [2023-07-22T15:00:08.975-0500] {dag.py:3504} INFO - Setting next_dagrun for example_nested_branch_dag to 2023-07-21T00:00:00+00:00, run_after=2023-07-22T00:00:00+00:00
[2023-07-22T15:00:09.005-0500] {processor.py:179} INFO - Processing /Users/abhishekpatkar/Documents/Projects/af_file_loader/venv/lib/python3.11/site-packages/airflow/example_dags/example_nested_branch_dag.py took 1.074 seconds
[2023-07-22T15:02:32.954-0500] {processor.py:157} INFO - Started process (PID=17251) to work on /Users/abhishekpatkar/Documents/Projects/af_file_loader/venv/lib/python3.11/site-packages/airflow/example_dags/example_nested_branch_dag.py
[2023-07-22T15:02:32.958-0500] {processor.py:826} INFO - Processing file /Users/abhishekpatkar/Documents/Projects/af_file_loader/venv/lib/python3.11/site-packages/airflow/example_dags/example_nested_branch_dag.py for tasks to queue
[2023-07-22T15:02:32.958-0500] {logging_mixin.py:150} INFO - [2023-07-22T15:02:32.958-0500] {dagbag.py:541} INFO - Filling up the DagBag from /Users/abhishekpatkar/Documents/Projects/af_file_loader/venv/lib/python3.11/site-packages/airflow/example_dags/example_nested_branch_dag.py
[2023-07-22T15:02:33.054-0500] {processor.py:836} INFO - DAG(s) dict_keys(['example_nested_branch_dag']) retrieved from /Users/abhishekpatkar/Documents/Projects/af_file_loader/venv/lib/python3.11/site-packages/airflow/example_dags/example_nested_branch_dag.py
[2023-07-22T15:02:34.017-0500] {logging_mixin.py:150} INFO - [2023-07-22T15:02:34.017-0500] {dag.py:2742} INFO - Sync 1 DAGs
[2023-07-22T15:02:34.047-0500] {logging_mixin.py:150} INFO - [2023-07-22T15:02:34.047-0500] {dag.py:3504} INFO - Setting next_dagrun for example_nested_branch_dag to 2023-07-21T00:00:00+00:00, run_after=2023-07-22T00:00:00+00:00
[2023-07-22T15:02:34.084-0500] {processor.py:179} INFO - Processing /Users/abhishekpatkar/Documents/Projects/af_file_loader/venv/lib/python3.11/site-packages/airflow/example_dags/example_nested_branch_dag.py took 1.131 seconds
[2023-07-22T15:05:20.821-0500] {processor.py:157} INFO - Started process (PID=17581) to work on /Users/abhishekpatkar/Documents/Projects/af_file_loader/venv/lib/python3.11/site-packages/airflow/example_dags/example_nested_branch_dag.py
[2023-07-22T15:05:20.828-0500] {processor.py:826} INFO - Processing file /Users/abhishekpatkar/Documents/Projects/af_file_loader/venv/lib/python3.11/site-packages/airflow/example_dags/example_nested_branch_dag.py for tasks to queue
[2023-07-22T15:05:20.829-0500] {logging_mixin.py:150} INFO - [2023-07-22T15:05:20.828-0500] {dagbag.py:541} INFO - Filling up the DagBag from /Users/abhishekpatkar/Documents/Projects/af_file_loader/venv/lib/python3.11/site-packages/airflow/example_dags/example_nested_branch_dag.py
[2023-07-22T15:05:20.946-0500] {processor.py:836} INFO - DAG(s) dict_keys(['example_nested_branch_dag']) retrieved from /Users/abhishekpatkar/Documents/Projects/af_file_loader/venv/lib/python3.11/site-packages/airflow/example_dags/example_nested_branch_dag.py
[2023-07-22T15:05:22.482-0500] {logging_mixin.py:150} INFO - [2023-07-22T15:05:22.481-0500] {dag.py:2742} INFO - Sync 1 DAGs
[2023-07-22T15:05:22.511-0500] {logging_mixin.py:150} INFO - [2023-07-22T15:05:22.511-0500] {dag.py:3504} INFO - Setting next_dagrun for example_nested_branch_dag to 2023-07-21T00:00:00+00:00, run_after=2023-07-22T00:00:00+00:00
[2023-07-22T15:05:22.545-0500] {processor.py:179} INFO - Processing /Users/abhishekpatkar/Documents/Projects/af_file_loader/venv/lib/python3.11/site-packages/airflow/example_dags/example_nested_branch_dag.py took 1.726 seconds
[2023-07-22T15:10:53.076-0500] {processor.py:157} INFO - Started process (PID=17812) to work on /Users/abhishekpatkar/Documents/Projects/af_file_loader/venv/lib/python3.11/site-packages/airflow/example_dags/example_nested_branch_dag.py
[2023-07-22T15:10:53.084-0500] {processor.py:826} INFO - Processing file /Users/abhishekpatkar/Documents/Projects/af_file_loader/venv/lib/python3.11/site-packages/airflow/example_dags/example_nested_branch_dag.py for tasks to queue
[2023-07-22T15:10:53.088-0500] {logging_mixin.py:150} INFO - [2023-07-22T15:10:53.087-0500] {dagbag.py:541} INFO - Filling up the DagBag from /Users/abhishekpatkar/Documents/Projects/af_file_loader/venv/lib/python3.11/site-packages/airflow/example_dags/example_nested_branch_dag.py
[2023-07-22T15:10:53.226-0500] {processor.py:836} INFO - DAG(s) dict_keys(['example_nested_branch_dag']) retrieved from /Users/abhishekpatkar/Documents/Projects/af_file_loader/venv/lib/python3.11/site-packages/airflow/example_dags/example_nested_branch_dag.py
[2023-07-22T15:10:54.402-0500] {logging_mixin.py:150} INFO - [2023-07-22T15:10:54.402-0500] {dag.py:2742} INFO - Sync 1 DAGs
[2023-07-22T15:10:54.598-0500] {logging_mixin.py:150} INFO - [2023-07-22T15:10:54.598-0500] {dag.py:3504} INFO - Setting next_dagrun for example_nested_branch_dag to 2023-07-21T00:00:00+00:00, run_after=2023-07-22T00:00:00+00:00
[2023-07-22T15:10:54.671-0500] {processor.py:179} INFO - Processing /Users/abhishekpatkar/Documents/Projects/af_file_loader/venv/lib/python3.11/site-packages/airflow/example_dags/example_nested_branch_dag.py took 1.596 seconds
[2023-07-22T15:13:45.208-0500] {processor.py:157} INFO - Started process (PID=17911) to work on /Users/abhishekpatkar/Documents/Projects/af_file_loader/venv/lib/python3.11/site-packages/airflow/example_dags/example_nested_branch_dag.py
[2023-07-22T15:13:45.211-0500] {processor.py:826} INFO - Processing file /Users/abhishekpatkar/Documents/Projects/af_file_loader/venv/lib/python3.11/site-packages/airflow/example_dags/example_nested_branch_dag.py for tasks to queue
[2023-07-22T15:13:45.212-0500] {logging_mixin.py:150} INFO - [2023-07-22T15:13:45.212-0500] {dagbag.py:541} INFO - Filling up the DagBag from /Users/abhishekpatkar/Documents/Projects/af_file_loader/venv/lib/python3.11/site-packages/airflow/example_dags/example_nested_branch_dag.py
[2023-07-22T15:13:45.317-0500] {processor.py:836} INFO - DAG(s) dict_keys(['example_nested_branch_dag']) retrieved from /Users/abhishekpatkar/Documents/Projects/af_file_loader/venv/lib/python3.11/site-packages/airflow/example_dags/example_nested_branch_dag.py
[2023-07-22T15:13:46.095-0500] {logging_mixin.py:150} INFO - [2023-07-22T15:13:46.094-0500] {dag.py:2742} INFO - Sync 1 DAGs
[2023-07-22T15:13:46.121-0500] {logging_mixin.py:150} INFO - [2023-07-22T15:13:46.121-0500] {dag.py:3504} INFO - Setting next_dagrun for example_nested_branch_dag to 2023-07-21T00:00:00+00:00, run_after=2023-07-22T00:00:00+00:00
[2023-07-22T15:13:46.145-0500] {processor.py:179} INFO - Processing /Users/abhishekpatkar/Documents/Projects/af_file_loader/venv/lib/python3.11/site-packages/airflow/example_dags/example_nested_branch_dag.py took 0.939 seconds
[2023-07-22T15:16:36.674-0500] {processor.py:157} INFO - Started process (PID=18010) to work on /Users/abhishekpatkar/Documents/Projects/af_file_loader/venv/lib/python3.11/site-packages/airflow/example_dags/example_nested_branch_dag.py
[2023-07-22T15:16:36.677-0500] {processor.py:826} INFO - Processing file /Users/abhishekpatkar/Documents/Projects/af_file_loader/venv/lib/python3.11/site-packages/airflow/example_dags/example_nested_branch_dag.py for tasks to queue
[2023-07-22T15:16:36.678-0500] {logging_mixin.py:150} INFO - [2023-07-22T15:16:36.678-0500] {dagbag.py:541} INFO - Filling up the DagBag from /Users/abhishekpatkar/Documents/Projects/af_file_loader/venv/lib/python3.11/site-packages/airflow/example_dags/example_nested_branch_dag.py
[2023-07-22T15:16:36.781-0500] {processor.py:836} INFO - DAG(s) dict_keys(['example_nested_branch_dag']) retrieved from /Users/abhishekpatkar/Documents/Projects/af_file_loader/venv/lib/python3.11/site-packages/airflow/example_dags/example_nested_branch_dag.py
[2023-07-22T15:16:37.966-0500] {logging_mixin.py:150} INFO - [2023-07-22T15:16:37.966-0500] {dag.py:2742} INFO - Sync 1 DAGs
[2023-07-22T15:16:37.993-0500] {logging_mixin.py:150} INFO - [2023-07-22T15:16:37.993-0500] {dag.py:3504} INFO - Setting next_dagrun for example_nested_branch_dag to 2023-07-21T00:00:00+00:00, run_after=2023-07-22T00:00:00+00:00
[2023-07-22T15:16:38.020-0500] {processor.py:179} INFO - Processing /Users/abhishekpatkar/Documents/Projects/af_file_loader/venv/lib/python3.11/site-packages/airflow/example_dags/example_nested_branch_dag.py took 1.347 seconds
[2023-07-22T15:19:35.747-0500] {processor.py:157} INFO - Started process (PID=18115) to work on /Users/abhishekpatkar/Documents/Projects/af_file_loader/venv/lib/python3.11/site-packages/airflow/example_dags/example_nested_branch_dag.py
[2023-07-22T15:19:35.750-0500] {processor.py:826} INFO - Processing file /Users/abhishekpatkar/Documents/Projects/af_file_loader/venv/lib/python3.11/site-packages/airflow/example_dags/example_nested_branch_dag.py for tasks to queue
[2023-07-22T15:19:35.751-0500] {logging_mixin.py:150} INFO - [2023-07-22T15:19:35.751-0500] {dagbag.py:541} INFO - Filling up the DagBag from /Users/abhishekpatkar/Documents/Projects/af_file_loader/venv/lib/python3.11/site-packages/airflow/example_dags/example_nested_branch_dag.py
[2023-07-22T15:19:35.839-0500] {processor.py:836} INFO - DAG(s) dict_keys(['example_nested_branch_dag']) retrieved from /Users/abhishekpatkar/Documents/Projects/af_file_loader/venv/lib/python3.11/site-packages/airflow/example_dags/example_nested_branch_dag.py
[2023-07-22T15:19:36.732-0500] {logging_mixin.py:150} INFO - [2023-07-22T15:19:36.731-0500] {dag.py:2742} INFO - Sync 1 DAGs
[2023-07-22T15:19:36.749-0500] {logging_mixin.py:150} INFO - [2023-07-22T15:19:36.749-0500] {dag.py:3504} INFO - Setting next_dagrun for example_nested_branch_dag to 2023-07-21T00:00:00+00:00, run_after=2023-07-22T00:00:00+00:00
[2023-07-22T15:19:36.772-0500] {processor.py:179} INFO - Processing /Users/abhishekpatkar/Documents/Projects/af_file_loader/venv/lib/python3.11/site-packages/airflow/example_dags/example_nested_branch_dag.py took 1.027 seconds
[2023-07-22T15:22:15.449-0500] {processor.py:157} INFO - Started process (PID=18211) to work on /Users/abhishekpatkar/Documents/Projects/af_file_loader/venv/lib/python3.11/site-packages/airflow/example_dags/example_nested_branch_dag.py
[2023-07-22T15:22:15.454-0500] {processor.py:826} INFO - Processing file /Users/abhishekpatkar/Documents/Projects/af_file_loader/venv/lib/python3.11/site-packages/airflow/example_dags/example_nested_branch_dag.py for tasks to queue
[2023-07-22T15:22:15.455-0500] {logging_mixin.py:150} INFO - [2023-07-22T15:22:15.455-0500] {dagbag.py:541} INFO - Filling up the DagBag from /Users/abhishekpatkar/Documents/Projects/af_file_loader/venv/lib/python3.11/site-packages/airflow/example_dags/example_nested_branch_dag.py
[2023-07-22T15:22:15.551-0500] {processor.py:836} INFO - DAG(s) dict_keys(['example_nested_branch_dag']) retrieved from /Users/abhishekpatkar/Documents/Projects/af_file_loader/venv/lib/python3.11/site-packages/airflow/example_dags/example_nested_branch_dag.py
[2023-07-22T15:22:16.250-0500] {logging_mixin.py:150} INFO - [2023-07-22T15:22:16.250-0500] {dag.py:2742} INFO - Sync 1 DAGs
[2023-07-22T15:22:16.271-0500] {logging_mixin.py:150} INFO - [2023-07-22T15:22:16.270-0500] {dag.py:3504} INFO - Setting next_dagrun for example_nested_branch_dag to 2023-07-21T00:00:00+00:00, run_after=2023-07-22T00:00:00+00:00
[2023-07-22T15:22:16.295-0500] {processor.py:179} INFO - Processing /Users/abhishekpatkar/Documents/Projects/af_file_loader/venv/lib/python3.11/site-packages/airflow/example_dags/example_nested_branch_dag.py took 0.847 seconds
[2023-07-22T15:24:23.293-0500] {processor.py:157} INFO - Started process (PID=18297) to work on /Users/abhishekpatkar/Documents/Projects/af_file_loader/venv/lib/python3.11/site-packages/airflow/example_dags/example_nested_branch_dag.py
[2023-07-22T15:24:23.302-0500] {processor.py:826} INFO - Processing file /Users/abhishekpatkar/Documents/Projects/af_file_loader/venv/lib/python3.11/site-packages/airflow/example_dags/example_nested_branch_dag.py for tasks to queue
[2023-07-22T15:24:23.302-0500] {logging_mixin.py:150} INFO - [2023-07-22T15:24:23.302-0500] {dagbag.py:541} INFO - Filling up the DagBag from /Users/abhishekpatkar/Documents/Projects/af_file_loader/venv/lib/python3.11/site-packages/airflow/example_dags/example_nested_branch_dag.py
[2023-07-22T15:24:23.391-0500] {processor.py:836} INFO - DAG(s) dict_keys(['example_nested_branch_dag']) retrieved from /Users/abhishekpatkar/Documents/Projects/af_file_loader/venv/lib/python3.11/site-packages/airflow/example_dags/example_nested_branch_dag.py
[2023-07-22T15:24:24.159-0500] {logging_mixin.py:150} INFO - [2023-07-22T15:24:24.159-0500] {dag.py:2742} INFO - Sync 1 DAGs
[2023-07-22T15:24:24.187-0500] {logging_mixin.py:150} INFO - [2023-07-22T15:24:24.187-0500] {dag.py:3504} INFO - Setting next_dagrun for example_nested_branch_dag to 2023-07-21T00:00:00+00:00, run_after=2023-07-22T00:00:00+00:00
[2023-07-22T15:24:24.225-0500] {processor.py:179} INFO - Processing /Users/abhishekpatkar/Documents/Projects/af_file_loader/venv/lib/python3.11/site-packages/airflow/example_dags/example_nested_branch_dag.py took 0.932 seconds
[2023-07-22T15:27:28.719-0500] {processor.py:157} INFO - Started process (PID=18560) to work on /Users/abhishekpatkar/Documents/Projects/af_file_loader/venv/lib/python3.11/site-packages/airflow/example_dags/example_nested_branch_dag.py
[2023-07-22T15:27:28.729-0500] {processor.py:826} INFO - Processing file /Users/abhishekpatkar/Documents/Projects/af_file_loader/venv/lib/python3.11/site-packages/airflow/example_dags/example_nested_branch_dag.py for tasks to queue
[2023-07-22T15:27:28.731-0500] {logging_mixin.py:150} INFO - [2023-07-22T15:27:28.730-0500] {dagbag.py:541} INFO - Filling up the DagBag from /Users/abhishekpatkar/Documents/Projects/af_file_loader/venv/lib/python3.11/site-packages/airflow/example_dags/example_nested_branch_dag.py
[2023-07-22T15:27:29.159-0500] {processor.py:836} INFO - DAG(s) dict_keys(['example_nested_branch_dag']) retrieved from /Users/abhishekpatkar/Documents/Projects/af_file_loader/venv/lib/python3.11/site-packages/airflow/example_dags/example_nested_branch_dag.py
[2023-07-22T15:27:31.672-0500] {logging_mixin.py:150} INFO - [2023-07-22T15:27:31.672-0500] {dag.py:2742} INFO - Sync 1 DAGs
[2023-07-22T15:27:31.714-0500] {logging_mixin.py:150} INFO - [2023-07-22T15:27:31.713-0500] {dag.py:3504} INFO - Setting next_dagrun for example_nested_branch_dag to 2023-07-21T00:00:00+00:00, run_after=2023-07-22T00:00:00+00:00
[2023-07-22T15:27:31.755-0500] {processor.py:179} INFO - Processing /Users/abhishekpatkar/Documents/Projects/af_file_loader/venv/lib/python3.11/site-packages/airflow/example_dags/example_nested_branch_dag.py took 3.040 seconds
[2023-07-22T15:30:36.621-0500] {processor.py:157} INFO - Started process (PID=18751) to work on /Users/abhishekpatkar/Documents/Projects/af_file_loader/venv/lib/python3.11/site-packages/airflow/example_dags/example_nested_branch_dag.py
[2023-07-22T15:30:36.628-0500] {processor.py:826} INFO - Processing file /Users/abhishekpatkar/Documents/Projects/af_file_loader/venv/lib/python3.11/site-packages/airflow/example_dags/example_nested_branch_dag.py for tasks to queue
[2023-07-22T15:30:36.629-0500] {logging_mixin.py:150} INFO - [2023-07-22T15:30:36.628-0500] {dagbag.py:541} INFO - Filling up the DagBag from /Users/abhishekpatkar/Documents/Projects/af_file_loader/venv/lib/python3.11/site-packages/airflow/example_dags/example_nested_branch_dag.py
[2023-07-22T15:30:36.835-0500] {processor.py:836} INFO - DAG(s) dict_keys(['example_nested_branch_dag']) retrieved from /Users/abhishekpatkar/Documents/Projects/af_file_loader/venv/lib/python3.11/site-packages/airflow/example_dags/example_nested_branch_dag.py
[2023-07-22T15:30:38.099-0500] {logging_mixin.py:150} INFO - [2023-07-22T15:30:38.099-0500] {dag.py:2742} INFO - Sync 1 DAGs
[2023-07-22T15:30:38.129-0500] {logging_mixin.py:150} INFO - [2023-07-22T15:30:38.129-0500] {dag.py:3504} INFO - Setting next_dagrun for example_nested_branch_dag to 2023-07-21T00:00:00+00:00, run_after=2023-07-22T00:00:00+00:00
[2023-07-22T15:30:38.163-0500] {processor.py:179} INFO - Processing /Users/abhishekpatkar/Documents/Projects/af_file_loader/venv/lib/python3.11/site-packages/airflow/example_dags/example_nested_branch_dag.py took 1.543 seconds
[2023-07-22T15:32:55.737-0500] {processor.py:157} INFO - Started process (PID=18854) to work on /Users/abhishekpatkar/Documents/Projects/af_file_loader/venv/lib/python3.11/site-packages/airflow/example_dags/example_nested_branch_dag.py
[2023-07-22T15:32:55.741-0500] {processor.py:826} INFO - Processing file /Users/abhishekpatkar/Documents/Projects/af_file_loader/venv/lib/python3.11/site-packages/airflow/example_dags/example_nested_branch_dag.py for tasks to queue
[2023-07-22T15:32:55.742-0500] {logging_mixin.py:150} INFO - [2023-07-22T15:32:55.742-0500] {dagbag.py:541} INFO - Filling up the DagBag from /Users/abhishekpatkar/Documents/Projects/af_file_loader/venv/lib/python3.11/site-packages/airflow/example_dags/example_nested_branch_dag.py
[2023-07-22T15:32:55.827-0500] {processor.py:836} INFO - DAG(s) dict_keys(['example_nested_branch_dag']) retrieved from /Users/abhishekpatkar/Documents/Projects/af_file_loader/venv/lib/python3.11/site-packages/airflow/example_dags/example_nested_branch_dag.py
[2023-07-22T15:32:56.431-0500] {logging_mixin.py:150} INFO - [2023-07-22T15:32:56.431-0500] {dag.py:2742} INFO - Sync 1 DAGs
[2023-07-22T15:32:56.449-0500] {logging_mixin.py:150} INFO - [2023-07-22T15:32:56.448-0500] {dag.py:3504} INFO - Setting next_dagrun for example_nested_branch_dag to 2023-07-21T00:00:00+00:00, run_after=2023-07-22T00:00:00+00:00
[2023-07-22T15:32:56.470-0500] {processor.py:179} INFO - Processing /Users/abhishekpatkar/Documents/Projects/af_file_loader/venv/lib/python3.11/site-packages/airflow/example_dags/example_nested_branch_dag.py took 0.734 seconds
[2023-07-22T15:36:38.553-0500] {processor.py:157} INFO - Started process (PID=19123) to work on /Users/abhishekpatkar/Documents/Projects/af_file_loader/venv/lib/python3.11/site-packages/airflow/example_dags/example_nested_branch_dag.py
[2023-07-22T15:36:38.556-0500] {processor.py:826} INFO - Processing file /Users/abhishekpatkar/Documents/Projects/af_file_loader/venv/lib/python3.11/site-packages/airflow/example_dags/example_nested_branch_dag.py for tasks to queue
[2023-07-22T15:36:38.557-0500] {logging_mixin.py:150} INFO - [2023-07-22T15:36:38.557-0500] {dagbag.py:541} INFO - Filling up the DagBag from /Users/abhishekpatkar/Documents/Projects/af_file_loader/venv/lib/python3.11/site-packages/airflow/example_dags/example_nested_branch_dag.py
[2023-07-22T15:36:38.642-0500] {processor.py:836} INFO - DAG(s) dict_keys(['example_nested_branch_dag']) retrieved from /Users/abhishekpatkar/Documents/Projects/af_file_loader/venv/lib/python3.11/site-packages/airflow/example_dags/example_nested_branch_dag.py
[2023-07-22T15:36:39.278-0500] {logging_mixin.py:150} INFO - [2023-07-22T15:36:39.277-0500] {dag.py:2742} INFO - Sync 1 DAGs
[2023-07-22T15:36:39.296-0500] {logging_mixin.py:150} INFO - [2023-07-22T15:36:39.296-0500] {dag.py:3504} INFO - Setting next_dagrun for example_nested_branch_dag to 2023-07-21T00:00:00+00:00, run_after=2023-07-22T00:00:00+00:00
[2023-07-22T15:36:39.316-0500] {processor.py:179} INFO - Processing /Users/abhishekpatkar/Documents/Projects/af_file_loader/venv/lib/python3.11/site-packages/airflow/example_dags/example_nested_branch_dag.py took 0.764 seconds
[2023-07-22T15:48:29.939-0500] {processor.py:157} INFO - Started process (PID=19427) to work on /Users/abhishekpatkar/Documents/Projects/af_file_loader/venv/lib/python3.11/site-packages/airflow/example_dags/example_nested_branch_dag.py
[2023-07-22T15:48:29.943-0500] {processor.py:826} INFO - Processing file /Users/abhishekpatkar/Documents/Projects/af_file_loader/venv/lib/python3.11/site-packages/airflow/example_dags/example_nested_branch_dag.py for tasks to queue
[2023-07-22T15:48:29.944-0500] {logging_mixin.py:150} INFO - [2023-07-22T15:48:29.944-0500] {dagbag.py:541} INFO - Filling up the DagBag from /Users/abhishekpatkar/Documents/Projects/af_file_loader/venv/lib/python3.11/site-packages/airflow/example_dags/example_nested_branch_dag.py
[2023-07-22T15:48:30.038-0500] {processor.py:836} INFO - DAG(s) dict_keys(['example_nested_branch_dag']) retrieved from /Users/abhishekpatkar/Documents/Projects/af_file_loader/venv/lib/python3.11/site-packages/airflow/example_dags/example_nested_branch_dag.py
[2023-07-22T15:48:30.814-0500] {logging_mixin.py:150} INFO - [2023-07-22T15:48:30.814-0500] {dag.py:2742} INFO - Sync 1 DAGs
[2023-07-22T15:48:30.833-0500] {logging_mixin.py:150} INFO - [2023-07-22T15:48:30.833-0500] {dag.py:3504} INFO - Setting next_dagrun for example_nested_branch_dag to 2023-07-21T00:00:00+00:00, run_after=2023-07-22T00:00:00+00:00
[2023-07-22T15:48:30.860-0500] {processor.py:179} INFO - Processing /Users/abhishekpatkar/Documents/Projects/af_file_loader/venv/lib/python3.11/site-packages/airflow/example_dags/example_nested_branch_dag.py took 0.922 seconds
[2023-07-22T15:50:55.162-0500] {processor.py:157} INFO - Started process (PID=19645) to work on /Users/abhishekpatkar/Documents/Projects/af_file_loader/venv/lib/python3.11/site-packages/airflow/example_dags/example_nested_branch_dag.py
[2023-07-22T15:50:55.171-0500] {processor.py:826} INFO - Processing file /Users/abhishekpatkar/Documents/Projects/af_file_loader/venv/lib/python3.11/site-packages/airflow/example_dags/example_nested_branch_dag.py for tasks to queue
[2023-07-22T15:50:55.173-0500] {logging_mixin.py:150} INFO - [2023-07-22T15:50:55.172-0500] {dagbag.py:541} INFO - Filling up the DagBag from /Users/abhishekpatkar/Documents/Projects/af_file_loader/venv/lib/python3.11/site-packages/airflow/example_dags/example_nested_branch_dag.py
[2023-07-22T15:50:55.314-0500] {processor.py:836} INFO - DAG(s) dict_keys(['example_nested_branch_dag']) retrieved from /Users/abhishekpatkar/Documents/Projects/af_file_loader/venv/lib/python3.11/site-packages/airflow/example_dags/example_nested_branch_dag.py
[2023-07-22T15:50:56.152-0500] {logging_mixin.py:150} INFO - [2023-07-22T15:50:56.152-0500] {dag.py:2742} INFO - Sync 1 DAGs
[2023-07-22T15:50:56.174-0500] {logging_mixin.py:150} INFO - [2023-07-22T15:50:56.174-0500] {dag.py:3504} INFO - Setting next_dagrun for example_nested_branch_dag to 2023-07-21T00:00:00+00:00, run_after=2023-07-22T00:00:00+00:00
[2023-07-22T15:50:56.197-0500] {processor.py:179} INFO - Processing /Users/abhishekpatkar/Documents/Projects/af_file_loader/venv/lib/python3.11/site-packages/airflow/example_dags/example_nested_branch_dag.py took 1.037 seconds
[2023-07-22T15:53:34.410-0500] {processor.py:157} INFO - Started process (PID=19861) to work on /Users/abhishekpatkar/Documents/Projects/af_file_loader/venv/lib/python3.11/site-packages/airflow/example_dags/example_nested_branch_dag.py
[2023-07-22T15:53:34.415-0500] {processor.py:826} INFO - Processing file /Users/abhishekpatkar/Documents/Projects/af_file_loader/venv/lib/python3.11/site-packages/airflow/example_dags/example_nested_branch_dag.py for tasks to queue
[2023-07-22T15:53:34.416-0500] {logging_mixin.py:150} INFO - [2023-07-22T15:53:34.416-0500] {dagbag.py:541} INFO - Filling up the DagBag from /Users/abhishekpatkar/Documents/Projects/af_file_loader/venv/lib/python3.11/site-packages/airflow/example_dags/example_nested_branch_dag.py
[2023-07-22T15:53:34.522-0500] {processor.py:836} INFO - DAG(s) dict_keys(['example_nested_branch_dag']) retrieved from /Users/abhishekpatkar/Documents/Projects/af_file_loader/venv/lib/python3.11/site-packages/airflow/example_dags/example_nested_branch_dag.py
[2023-07-22T15:53:35.372-0500] {logging_mixin.py:150} INFO - [2023-07-22T15:53:35.372-0500] {dag.py:2742} INFO - Sync 1 DAGs
[2023-07-22T15:53:35.398-0500] {logging_mixin.py:150} INFO - [2023-07-22T15:53:35.398-0500] {dag.py:3504} INFO - Setting next_dagrun for example_nested_branch_dag to 2023-07-21T00:00:00+00:00, run_after=2023-07-22T00:00:00+00:00
[2023-07-22T15:53:35.427-0500] {processor.py:179} INFO - Processing /Users/abhishekpatkar/Documents/Projects/af_file_loader/venv/lib/python3.11/site-packages/airflow/example_dags/example_nested_branch_dag.py took 1.018 seconds
[2023-07-22T15:56:14.308-0500] {processor.py:157} INFO - Started process (PID=20084) to work on /Users/abhishekpatkar/Documents/Projects/af_file_loader/venv/lib/python3.11/site-packages/airflow/example_dags/example_nested_branch_dag.py
[2023-07-22T15:56:14.313-0500] {processor.py:826} INFO - Processing file /Users/abhishekpatkar/Documents/Projects/af_file_loader/venv/lib/python3.11/site-packages/airflow/example_dags/example_nested_branch_dag.py for tasks to queue
[2023-07-22T15:56:14.317-0500] {logging_mixin.py:150} INFO - [2023-07-22T15:56:14.317-0500] {dagbag.py:541} INFO - Filling up the DagBag from /Users/abhishekpatkar/Documents/Projects/af_file_loader/venv/lib/python3.11/site-packages/airflow/example_dags/example_nested_branch_dag.py
[2023-07-22T15:56:14.492-0500] {processor.py:836} INFO - DAG(s) dict_keys(['example_nested_branch_dag']) retrieved from /Users/abhishekpatkar/Documents/Projects/af_file_loader/venv/lib/python3.11/site-packages/airflow/example_dags/example_nested_branch_dag.py
[2023-07-22T15:56:15.523-0500] {logging_mixin.py:150} INFO - [2023-07-22T15:56:15.523-0500] {dag.py:2742} INFO - Sync 1 DAGs
[2023-07-22T15:56:15.552-0500] {logging_mixin.py:150} INFO - [2023-07-22T15:56:15.551-0500] {dag.py:3504} INFO - Setting next_dagrun for example_nested_branch_dag to 2023-07-21T00:00:00+00:00, run_after=2023-07-22T00:00:00+00:00
[2023-07-22T15:56:15.583-0500] {processor.py:179} INFO - Processing /Users/abhishekpatkar/Documents/Projects/af_file_loader/venv/lib/python3.11/site-packages/airflow/example_dags/example_nested_branch_dag.py took 1.276 seconds
[2023-07-22T15:58:49.537-0500] {processor.py:157} INFO - Started process (PID=20256) to work on /Users/abhishekpatkar/Documents/Projects/af_file_loader/venv/lib/python3.11/site-packages/airflow/example_dags/example_nested_branch_dag.py
[2023-07-22T15:58:49.542-0500] {processor.py:826} INFO - Processing file /Users/abhishekpatkar/Documents/Projects/af_file_loader/venv/lib/python3.11/site-packages/airflow/example_dags/example_nested_branch_dag.py for tasks to queue
[2023-07-22T15:58:49.543-0500] {logging_mixin.py:150} INFO - [2023-07-22T15:58:49.543-0500] {dagbag.py:541} INFO - Filling up the DagBag from /Users/abhishekpatkar/Documents/Projects/af_file_loader/venv/lib/python3.11/site-packages/airflow/example_dags/example_nested_branch_dag.py
[2023-07-22T15:58:49.645-0500] {processor.py:836} INFO - DAG(s) dict_keys(['example_nested_branch_dag']) retrieved from /Users/abhishekpatkar/Documents/Projects/af_file_loader/venv/lib/python3.11/site-packages/airflow/example_dags/example_nested_branch_dag.py
[2023-07-22T15:58:50.409-0500] {logging_mixin.py:150} INFO - [2023-07-22T15:58:50.409-0500] {dag.py:2742} INFO - Sync 1 DAGs
[2023-07-22T15:58:50.430-0500] {logging_mixin.py:150} INFO - [2023-07-22T15:58:50.430-0500] {dag.py:3504} INFO - Setting next_dagrun for example_nested_branch_dag to 2023-07-21T00:00:00+00:00, run_after=2023-07-22T00:00:00+00:00
[2023-07-22T15:58:50.459-0500] {processor.py:179} INFO - Processing /Users/abhishekpatkar/Documents/Projects/af_file_loader/venv/lib/python3.11/site-packages/airflow/example_dags/example_nested_branch_dag.py took 0.923 seconds
[2023-07-22T16:01:17.647-0500] {processor.py:157} INFO - Started process (PID=20344) to work on /Users/abhishekpatkar/Documents/Projects/af_file_loader/venv/lib/python3.11/site-packages/airflow/example_dags/example_nested_branch_dag.py
[2023-07-22T16:01:17.653-0500] {processor.py:826} INFO - Processing file /Users/abhishekpatkar/Documents/Projects/af_file_loader/venv/lib/python3.11/site-packages/airflow/example_dags/example_nested_branch_dag.py for tasks to queue
[2023-07-22T16:01:17.653-0500] {logging_mixin.py:150} INFO - [2023-07-22T16:01:17.653-0500] {dagbag.py:541} INFO - Filling up the DagBag from /Users/abhishekpatkar/Documents/Projects/af_file_loader/venv/lib/python3.11/site-packages/airflow/example_dags/example_nested_branch_dag.py
[2023-07-22T16:01:17.759-0500] {processor.py:836} INFO - DAG(s) dict_keys(['example_nested_branch_dag']) retrieved from /Users/abhishekpatkar/Documents/Projects/af_file_loader/venv/lib/python3.11/site-packages/airflow/example_dags/example_nested_branch_dag.py
[2023-07-22T16:01:18.572-0500] {logging_mixin.py:150} INFO - [2023-07-22T16:01:18.571-0500] {dag.py:2742} INFO - Sync 1 DAGs
[2023-07-22T16:01:18.599-0500] {logging_mixin.py:150} INFO - [2023-07-22T16:01:18.598-0500] {dag.py:3504} INFO - Setting next_dagrun for example_nested_branch_dag to 2023-07-21T00:00:00+00:00, run_after=2023-07-22T00:00:00+00:00
[2023-07-22T16:01:18.628-0500] {processor.py:179} INFO - Processing /Users/abhishekpatkar/Documents/Projects/af_file_loader/venv/lib/python3.11/site-packages/airflow/example_dags/example_nested_branch_dag.py took 0.982 seconds
[2023-07-22T16:03:26.367-0500] {processor.py:157} INFO - Started process (PID=20423) to work on /Users/abhishekpatkar/Documents/Projects/af_file_loader/venv/lib/python3.11/site-packages/airflow/example_dags/example_nested_branch_dag.py
[2023-07-22T16:03:26.371-0500] {processor.py:826} INFO - Processing file /Users/abhishekpatkar/Documents/Projects/af_file_loader/venv/lib/python3.11/site-packages/airflow/example_dags/example_nested_branch_dag.py for tasks to queue
[2023-07-22T16:03:26.372-0500] {logging_mixin.py:150} INFO - [2023-07-22T16:03:26.372-0500] {dagbag.py:541} INFO - Filling up the DagBag from /Users/abhishekpatkar/Documents/Projects/af_file_loader/venv/lib/python3.11/site-packages/airflow/example_dags/example_nested_branch_dag.py
[2023-07-22T16:03:26.459-0500] {processor.py:836} INFO - DAG(s) dict_keys(['example_nested_branch_dag']) retrieved from /Users/abhishekpatkar/Documents/Projects/af_file_loader/venv/lib/python3.11/site-packages/airflow/example_dags/example_nested_branch_dag.py
[2023-07-22T16:03:27.040-0500] {logging_mixin.py:150} INFO - [2023-07-22T16:03:27.040-0500] {dag.py:2742} INFO - Sync 1 DAGs
[2023-07-22T16:03:27.057-0500] {logging_mixin.py:150} INFO - [2023-07-22T16:03:27.057-0500] {dag.py:3504} INFO - Setting next_dagrun for example_nested_branch_dag to 2023-07-21T00:00:00+00:00, run_after=2023-07-22T00:00:00+00:00
[2023-07-22T16:03:27.077-0500] {processor.py:179} INFO - Processing /Users/abhishekpatkar/Documents/Projects/af_file_loader/venv/lib/python3.11/site-packages/airflow/example_dags/example_nested_branch_dag.py took 0.710 seconds
[2023-07-22T16:06:59.150-0500] {processor.py:157} INFO - Started process (PID=20585) to work on /Users/abhishekpatkar/Documents/Projects/af_file_loader/venv/lib/python3.11/site-packages/airflow/example_dags/example_nested_branch_dag.py
[2023-07-22T16:06:59.155-0500] {processor.py:826} INFO - Processing file /Users/abhishekpatkar/Documents/Projects/af_file_loader/venv/lib/python3.11/site-packages/airflow/example_dags/example_nested_branch_dag.py for tasks to queue
[2023-07-22T16:06:59.156-0500] {logging_mixin.py:150} INFO - [2023-07-22T16:06:59.156-0500] {dagbag.py:541} INFO - Filling up the DagBag from /Users/abhishekpatkar/Documents/Projects/af_file_loader/venv/lib/python3.11/site-packages/airflow/example_dags/example_nested_branch_dag.py
[2023-07-22T16:06:59.240-0500] {processor.py:836} INFO - DAG(s) dict_keys(['example_nested_branch_dag']) retrieved from /Users/abhishekpatkar/Documents/Projects/af_file_loader/venv/lib/python3.11/site-packages/airflow/example_dags/example_nested_branch_dag.py
[2023-07-22T16:06:59.838-0500] {logging_mixin.py:150} INFO - [2023-07-22T16:06:59.838-0500] {dag.py:2742} INFO - Sync 1 DAGs
[2023-07-22T16:06:59.855-0500] {logging_mixin.py:150} INFO - [2023-07-22T16:06:59.855-0500] {dag.py:3504} INFO - Setting next_dagrun for example_nested_branch_dag to 2023-07-21T00:00:00+00:00, run_after=2023-07-22T00:00:00+00:00
[2023-07-22T16:06:59.875-0500] {processor.py:179} INFO - Processing /Users/abhishekpatkar/Documents/Projects/af_file_loader/venv/lib/python3.11/site-packages/airflow/example_dags/example_nested_branch_dag.py took 0.726 seconds
[2023-07-22T16:08:58.020-0500] {processor.py:157} INFO - Started process (PID=20674) to work on /Users/abhishekpatkar/Documents/Projects/af_file_loader/venv/lib/python3.11/site-packages/airflow/example_dags/example_nested_branch_dag.py
[2023-07-22T16:08:58.025-0500] {processor.py:826} INFO - Processing file /Users/abhishekpatkar/Documents/Projects/af_file_loader/venv/lib/python3.11/site-packages/airflow/example_dags/example_nested_branch_dag.py for tasks to queue
[2023-07-22T16:08:58.026-0500] {logging_mixin.py:150} INFO - [2023-07-22T16:08:58.026-0500] {dagbag.py:541} INFO - Filling up the DagBag from /Users/abhishekpatkar/Documents/Projects/af_file_loader/venv/lib/python3.11/site-packages/airflow/example_dags/example_nested_branch_dag.py
[2023-07-22T16:08:58.108-0500] {processor.py:836} INFO - DAG(s) dict_keys(['example_nested_branch_dag']) retrieved from /Users/abhishekpatkar/Documents/Projects/af_file_loader/venv/lib/python3.11/site-packages/airflow/example_dags/example_nested_branch_dag.py
[2023-07-22T16:08:58.690-0500] {logging_mixin.py:150} INFO - [2023-07-22T16:08:58.689-0500] {dag.py:2742} INFO - Sync 1 DAGs
[2023-07-22T16:08:58.706-0500] {logging_mixin.py:150} INFO - [2023-07-22T16:08:58.706-0500] {dag.py:3504} INFO - Setting next_dagrun for example_nested_branch_dag to 2023-07-21T00:00:00+00:00, run_after=2023-07-22T00:00:00+00:00
[2023-07-22T16:08:58.725-0500] {processor.py:179} INFO - Processing /Users/abhishekpatkar/Documents/Projects/af_file_loader/venv/lib/python3.11/site-packages/airflow/example_dags/example_nested_branch_dag.py took 0.706 seconds
[2023-07-22T16:24:31.873-0500] {processor.py:157} INFO - Started process (PID=20883) to work on /Users/abhishekpatkar/Documents/Projects/af_file_loader/venv/lib/python3.11/site-packages/airflow/example_dags/example_nested_branch_dag.py
[2023-07-22T16:24:31.877-0500] {processor.py:826} INFO - Processing file /Users/abhishekpatkar/Documents/Projects/af_file_loader/venv/lib/python3.11/site-packages/airflow/example_dags/example_nested_branch_dag.py for tasks to queue
[2023-07-22T16:24:31.877-0500] {logging_mixin.py:150} INFO - [2023-07-22T16:24:31.877-0500] {dagbag.py:541} INFO - Filling up the DagBag from /Users/abhishekpatkar/Documents/Projects/af_file_loader/venv/lib/python3.11/site-packages/airflow/example_dags/example_nested_branch_dag.py
[2023-07-22T16:24:31.962-0500] {processor.py:836} INFO - DAG(s) dict_keys(['example_nested_branch_dag']) retrieved from /Users/abhishekpatkar/Documents/Projects/af_file_loader/venv/lib/python3.11/site-packages/airflow/example_dags/example_nested_branch_dag.py
[2023-07-22T16:24:32.595-0500] {logging_mixin.py:150} INFO - [2023-07-22T16:24:32.595-0500] {dag.py:2742} INFO - Sync 1 DAGs
[2023-07-22T16:24:32.612-0500] {logging_mixin.py:150} INFO - [2023-07-22T16:24:32.612-0500] {dag.py:3504} INFO - Setting next_dagrun for example_nested_branch_dag to 2023-07-21T00:00:00+00:00, run_after=2023-07-22T00:00:00+00:00
[2023-07-22T16:24:32.632-0500] {processor.py:179} INFO - Processing /Users/abhishekpatkar/Documents/Projects/af_file_loader/venv/lib/python3.11/site-packages/airflow/example_dags/example_nested_branch_dag.py took 0.760 seconds
[2023-07-22T16:27:52.371-0500] {processor.py:157} INFO - Started process (PID=21026) to work on /Users/abhishekpatkar/Documents/Projects/af_file_loader/venv/lib/python3.11/site-packages/airflow/example_dags/example_nested_branch_dag.py
[2023-07-22T16:27:52.378-0500] {processor.py:826} INFO - Processing file /Users/abhishekpatkar/Documents/Projects/af_file_loader/venv/lib/python3.11/site-packages/airflow/example_dags/example_nested_branch_dag.py for tasks to queue
[2023-07-22T16:27:52.378-0500] {logging_mixin.py:150} INFO - [2023-07-22T16:27:52.378-0500] {dagbag.py:541} INFO - Filling up the DagBag from /Users/abhishekpatkar/Documents/Projects/af_file_loader/venv/lib/python3.11/site-packages/airflow/example_dags/example_nested_branch_dag.py
[2023-07-22T16:27:52.518-0500] {processor.py:836} INFO - DAG(s) dict_keys(['example_nested_branch_dag']) retrieved from /Users/abhishekpatkar/Documents/Projects/af_file_loader/venv/lib/python3.11/site-packages/airflow/example_dags/example_nested_branch_dag.py
[2023-07-22T16:27:53.615-0500] {logging_mixin.py:150} INFO - [2023-07-22T16:27:53.615-0500] {dag.py:2742} INFO - Sync 1 DAGs
[2023-07-22T16:27:53.645-0500] {logging_mixin.py:150} INFO - [2023-07-22T16:27:53.645-0500] {dag.py:3504} INFO - Setting next_dagrun for example_nested_branch_dag to 2023-07-21T00:00:00+00:00, run_after=2023-07-22T00:00:00+00:00
[2023-07-22T16:27:53.695-0500] {processor.py:179} INFO - Processing /Users/abhishekpatkar/Documents/Projects/af_file_loader/venv/lib/python3.11/site-packages/airflow/example_dags/example_nested_branch_dag.py took 1.324 seconds
[2023-07-22T16:31:07.676-0500] {processor.py:157} INFO - Started process (PID=21130) to work on /Users/abhishekpatkar/Documents/Projects/af_file_loader/venv/lib/python3.11/site-packages/airflow/example_dags/example_nested_branch_dag.py
[2023-07-22T16:31:07.682-0500] {processor.py:826} INFO - Processing file /Users/abhishekpatkar/Documents/Projects/af_file_loader/venv/lib/python3.11/site-packages/airflow/example_dags/example_nested_branch_dag.py for tasks to queue
[2023-07-22T16:31:07.683-0500] {logging_mixin.py:150} INFO - [2023-07-22T16:31:07.682-0500] {dagbag.py:541} INFO - Filling up the DagBag from /Users/abhishekpatkar/Documents/Projects/af_file_loader/venv/lib/python3.11/site-packages/airflow/example_dags/example_nested_branch_dag.py
[2023-07-22T16:31:07.801-0500] {processor.py:836} INFO - DAG(s) dict_keys(['example_nested_branch_dag']) retrieved from /Users/abhishekpatkar/Documents/Projects/af_file_loader/venv/lib/python3.11/site-packages/airflow/example_dags/example_nested_branch_dag.py
[2023-07-22T16:31:08.688-0500] {logging_mixin.py:150} INFO - [2023-07-22T16:31:08.687-0500] {dag.py:2742} INFO - Sync 1 DAGs
[2023-07-22T16:31:08.733-0500] {logging_mixin.py:150} INFO - [2023-07-22T16:31:08.733-0500] {dag.py:3504} INFO - Setting next_dagrun for example_nested_branch_dag to 2023-07-21T00:00:00+00:00, run_after=2023-07-22T00:00:00+00:00
[2023-07-22T16:31:08.768-0500] {processor.py:179} INFO - Processing /Users/abhishekpatkar/Documents/Projects/af_file_loader/venv/lib/python3.11/site-packages/airflow/example_dags/example_nested_branch_dag.py took 1.093 seconds
[2023-07-22T16:34:27.461-0500] {processor.py:157} INFO - Started process (PID=21235) to work on /Users/abhishekpatkar/Documents/Projects/af_file_loader/venv/lib/python3.11/site-packages/airflow/example_dags/example_nested_branch_dag.py
[2023-07-22T16:34:27.468-0500] {processor.py:826} INFO - Processing file /Users/abhishekpatkar/Documents/Projects/af_file_loader/venv/lib/python3.11/site-packages/airflow/example_dags/example_nested_branch_dag.py for tasks to queue
[2023-07-22T16:34:27.470-0500] {logging_mixin.py:150} INFO - [2023-07-22T16:34:27.469-0500] {dagbag.py:541} INFO - Filling up the DagBag from /Users/abhishekpatkar/Documents/Projects/af_file_loader/venv/lib/python3.11/site-packages/airflow/example_dags/example_nested_branch_dag.py
[2023-07-22T16:34:27.665-0500] {processor.py:836} INFO - DAG(s) dict_keys(['example_nested_branch_dag']) retrieved from /Users/abhishekpatkar/Documents/Projects/af_file_loader/venv/lib/python3.11/site-packages/airflow/example_dags/example_nested_branch_dag.py
[2023-07-22T16:34:28.855-0500] {logging_mixin.py:150} INFO - [2023-07-22T16:34:28.854-0500] {dag.py:2742} INFO - Sync 1 DAGs
[2023-07-22T16:34:28.940-0500] {logging_mixin.py:150} INFO - [2023-07-22T16:34:28.938-0500] {dag.py:3504} INFO - Setting next_dagrun for example_nested_branch_dag to 2023-07-21T00:00:00+00:00, run_after=2023-07-22T00:00:00+00:00
[2023-07-22T16:34:29.020-0500] {processor.py:179} INFO - Processing /Users/abhishekpatkar/Documents/Projects/af_file_loader/venv/lib/python3.11/site-packages/airflow/example_dags/example_nested_branch_dag.py took 1.560 seconds
[2023-07-22T16:38:48.036-0500] {processor.py:157} INFO - Started process (PID=21367) to work on /Users/abhishekpatkar/Documents/Projects/af_file_loader/venv/lib/python3.11/site-packages/airflow/example_dags/example_nested_branch_dag.py
[2023-07-22T16:38:48.041-0500] {processor.py:826} INFO - Processing file /Users/abhishekpatkar/Documents/Projects/af_file_loader/venv/lib/python3.11/site-packages/airflow/example_dags/example_nested_branch_dag.py for tasks to queue
[2023-07-22T16:38:48.042-0500] {logging_mixin.py:150} INFO - [2023-07-22T16:38:48.042-0500] {dagbag.py:541} INFO - Filling up the DagBag from /Users/abhishekpatkar/Documents/Projects/af_file_loader/venv/lib/python3.11/site-packages/airflow/example_dags/example_nested_branch_dag.py
[2023-07-22T16:38:48.144-0500] {processor.py:836} INFO - DAG(s) dict_keys(['example_nested_branch_dag']) retrieved from /Users/abhishekpatkar/Documents/Projects/af_file_loader/venv/lib/python3.11/site-packages/airflow/example_dags/example_nested_branch_dag.py
[2023-07-22T16:38:48.919-0500] {logging_mixin.py:150} INFO - [2023-07-22T16:38:48.918-0500] {dag.py:2742} INFO - Sync 1 DAGs
[2023-07-22T16:38:48.940-0500] {logging_mixin.py:150} INFO - [2023-07-22T16:38:48.940-0500] {dag.py:3504} INFO - Setting next_dagrun for example_nested_branch_dag to 2023-07-21T00:00:00+00:00, run_after=2023-07-22T00:00:00+00:00
[2023-07-22T16:38:48.962-0500] {processor.py:179} INFO - Processing /Users/abhishekpatkar/Documents/Projects/af_file_loader/venv/lib/python3.11/site-packages/airflow/example_dags/example_nested_branch_dag.py took 0.927 seconds
[2023-07-22T16:43:09.983-0500] {processor.py:157} INFO - Started process (PID=21557) to work on /Users/abhishekpatkar/Documents/Projects/af_file_loader/venv/lib/python3.11/site-packages/airflow/example_dags/example_nested_branch_dag.py
[2023-07-22T16:43:09.988-0500] {processor.py:826} INFO - Processing file /Users/abhishekpatkar/Documents/Projects/af_file_loader/venv/lib/python3.11/site-packages/airflow/example_dags/example_nested_branch_dag.py for tasks to queue
[2023-07-22T16:43:09.989-0500] {logging_mixin.py:150} INFO - [2023-07-22T16:43:09.988-0500] {dagbag.py:541} INFO - Filling up the DagBag from /Users/abhishekpatkar/Documents/Projects/af_file_loader/venv/lib/python3.11/site-packages/airflow/example_dags/example_nested_branch_dag.py
[2023-07-22T16:43:10.150-0500] {processor.py:836} INFO - DAG(s) dict_keys(['example_nested_branch_dag']) retrieved from /Users/abhishekpatkar/Documents/Projects/af_file_loader/venv/lib/python3.11/site-packages/airflow/example_dags/example_nested_branch_dag.py
[2023-07-22T16:43:11.997-0500] {logging_mixin.py:150} INFO - [2023-07-22T16:43:11.996-0500] {dag.py:2742} INFO - Sync 1 DAGs
[2023-07-22T16:43:12.049-0500] {logging_mixin.py:150} INFO - [2023-07-22T16:43:12.049-0500] {dag.py:3504} INFO - Setting next_dagrun for example_nested_branch_dag to 2023-07-21T00:00:00+00:00, run_after=2023-07-22T00:00:00+00:00
[2023-07-22T16:43:12.107-0500] {processor.py:179} INFO - Processing /Users/abhishekpatkar/Documents/Projects/af_file_loader/venv/lib/python3.11/site-packages/airflow/example_dags/example_nested_branch_dag.py took 2.125 seconds
[2023-07-22T16:47:01.081-0500] {processor.py:157} INFO - Started process (PID=21671) to work on /Users/abhishekpatkar/Documents/Projects/af_file_loader/venv/lib/python3.11/site-packages/airflow/example_dags/example_nested_branch_dag.py
[2023-07-22T16:47:01.087-0500] {processor.py:826} INFO - Processing file /Users/abhishekpatkar/Documents/Projects/af_file_loader/venv/lib/python3.11/site-packages/airflow/example_dags/example_nested_branch_dag.py for tasks to queue
[2023-07-22T16:47:01.090-0500] {logging_mixin.py:150} INFO - [2023-07-22T16:47:01.089-0500] {dagbag.py:541} INFO - Filling up the DagBag from /Users/abhishekpatkar/Documents/Projects/af_file_loader/venv/lib/python3.11/site-packages/airflow/example_dags/example_nested_branch_dag.py
[2023-07-22T16:47:01.282-0500] {processor.py:836} INFO - DAG(s) dict_keys(['example_nested_branch_dag']) retrieved from /Users/abhishekpatkar/Documents/Projects/af_file_loader/venv/lib/python3.11/site-packages/airflow/example_dags/example_nested_branch_dag.py
[2023-07-22T16:47:02.570-0500] {logging_mixin.py:150} INFO - [2023-07-22T16:47:02.570-0500] {dag.py:2742} INFO - Sync 1 DAGs
[2023-07-22T16:47:02.597-0500] {logging_mixin.py:150} INFO - [2023-07-22T16:47:02.596-0500] {dag.py:3504} INFO - Setting next_dagrun for example_nested_branch_dag to 2023-07-21T00:00:00+00:00, run_after=2023-07-22T00:00:00+00:00
[2023-07-22T16:47:02.631-0500] {processor.py:179} INFO - Processing /Users/abhishekpatkar/Documents/Projects/af_file_loader/venv/lib/python3.11/site-packages/airflow/example_dags/example_nested_branch_dag.py took 1.559 seconds
[2023-07-22T16:50:45.970-0500] {processor.py:157} INFO - Started process (PID=21787) to work on /Users/abhishekpatkar/Documents/Projects/af_file_loader/venv/lib/python3.11/site-packages/airflow/example_dags/example_nested_branch_dag.py
[2023-07-22T16:50:45.978-0500] {processor.py:826} INFO - Processing file /Users/abhishekpatkar/Documents/Projects/af_file_loader/venv/lib/python3.11/site-packages/airflow/example_dags/example_nested_branch_dag.py for tasks to queue
[2023-07-22T16:50:45.979-0500] {logging_mixin.py:150} INFO - [2023-07-22T16:50:45.979-0500] {dagbag.py:541} INFO - Filling up the DagBag from /Users/abhishekpatkar/Documents/Projects/af_file_loader/venv/lib/python3.11/site-packages/airflow/example_dags/example_nested_branch_dag.py
[2023-07-22T16:50:46.173-0500] {processor.py:836} INFO - DAG(s) dict_keys(['example_nested_branch_dag']) retrieved from /Users/abhishekpatkar/Documents/Projects/af_file_loader/venv/lib/python3.11/site-packages/airflow/example_dags/example_nested_branch_dag.py
[2023-07-22T16:50:47.606-0500] {logging_mixin.py:150} INFO - [2023-07-22T16:50:47.605-0500] {dag.py:2742} INFO - Sync 1 DAGs
[2023-07-22T16:50:47.640-0500] {logging_mixin.py:150} INFO - [2023-07-22T16:50:47.640-0500] {dag.py:3504} INFO - Setting next_dagrun for example_nested_branch_dag to 2023-07-21T00:00:00+00:00, run_after=2023-07-22T00:00:00+00:00
[2023-07-22T16:50:47.688-0500] {processor.py:179} INFO - Processing /Users/abhishekpatkar/Documents/Projects/af_file_loader/venv/lib/python3.11/site-packages/airflow/example_dags/example_nested_branch_dag.py took 1.720 seconds
[2023-07-22T16:54:30.138-0500] {processor.py:157} INFO - Started process (PID=21902) to work on /Users/abhishekpatkar/Documents/Projects/af_file_loader/venv/lib/python3.11/site-packages/airflow/example_dags/example_nested_branch_dag.py
[2023-07-22T16:54:30.144-0500] {processor.py:826} INFO - Processing file /Users/abhishekpatkar/Documents/Projects/af_file_loader/venv/lib/python3.11/site-packages/airflow/example_dags/example_nested_branch_dag.py for tasks to queue
[2023-07-22T16:54:30.145-0500] {logging_mixin.py:150} INFO - [2023-07-22T16:54:30.145-0500] {dagbag.py:541} INFO - Filling up the DagBag from /Users/abhishekpatkar/Documents/Projects/af_file_loader/venv/lib/python3.11/site-packages/airflow/example_dags/example_nested_branch_dag.py
[2023-07-22T16:54:30.282-0500] {processor.py:836} INFO - DAG(s) dict_keys(['example_nested_branch_dag']) retrieved from /Users/abhishekpatkar/Documents/Projects/af_file_loader/venv/lib/python3.11/site-packages/airflow/example_dags/example_nested_branch_dag.py
[2023-07-22T16:54:31.401-0500] {logging_mixin.py:150} INFO - [2023-07-22T16:54:31.401-0500] {dag.py:2742} INFO - Sync 1 DAGs
[2023-07-22T16:54:31.424-0500] {logging_mixin.py:150} INFO - [2023-07-22T16:54:31.424-0500] {dag.py:3504} INFO - Setting next_dagrun for example_nested_branch_dag to 2023-07-21T00:00:00+00:00, run_after=2023-07-22T00:00:00+00:00
[2023-07-22T16:54:31.463-0500] {processor.py:179} INFO - Processing /Users/abhishekpatkar/Documents/Projects/af_file_loader/venv/lib/python3.11/site-packages/airflow/example_dags/example_nested_branch_dag.py took 1.325 seconds
[2023-07-22T16:57:35.485-0500] {processor.py:157} INFO - Started process (PID=22010) to work on /Users/abhishekpatkar/Documents/Projects/af_file_loader/venv/lib/python3.11/site-packages/airflow/example_dags/example_nested_branch_dag.py
[2023-07-22T16:57:35.493-0500] {processor.py:826} INFO - Processing file /Users/abhishekpatkar/Documents/Projects/af_file_loader/venv/lib/python3.11/site-packages/airflow/example_dags/example_nested_branch_dag.py for tasks to queue
[2023-07-22T16:57:35.496-0500] {logging_mixin.py:150} INFO - [2023-07-22T16:57:35.495-0500] {dagbag.py:541} INFO - Filling up the DagBag from /Users/abhishekpatkar/Documents/Projects/af_file_loader/venv/lib/python3.11/site-packages/airflow/example_dags/example_nested_branch_dag.py
[2023-07-22T16:57:35.638-0500] {processor.py:836} INFO - DAG(s) dict_keys(['example_nested_branch_dag']) retrieved from /Users/abhishekpatkar/Documents/Projects/af_file_loader/venv/lib/python3.11/site-packages/airflow/example_dags/example_nested_branch_dag.py
[2023-07-22T16:57:36.649-0500] {logging_mixin.py:150} INFO - [2023-07-22T16:57:36.648-0500] {dag.py:2742} INFO - Sync 1 DAGs
[2023-07-22T16:57:36.672-0500] {logging_mixin.py:150} INFO - [2023-07-22T16:57:36.672-0500] {dag.py:3504} INFO - Setting next_dagrun for example_nested_branch_dag to 2023-07-21T00:00:00+00:00, run_after=2023-07-22T00:00:00+00:00
[2023-07-22T16:57:36.716-0500] {processor.py:179} INFO - Processing /Users/abhishekpatkar/Documents/Projects/af_file_loader/venv/lib/python3.11/site-packages/airflow/example_dags/example_nested_branch_dag.py took 1.232 seconds
[2023-07-22T17:01:37.852-0500] {processor.py:157} INFO - Started process (PID=22159) to work on /Users/abhishekpatkar/Documents/Projects/af_file_loader/venv/lib/python3.11/site-packages/airflow/example_dags/example_nested_branch_dag.py
[2023-07-22T17:01:37.856-0500] {processor.py:826} INFO - Processing file /Users/abhishekpatkar/Documents/Projects/af_file_loader/venv/lib/python3.11/site-packages/airflow/example_dags/example_nested_branch_dag.py for tasks to queue
[2023-07-22T17:01:37.857-0500] {logging_mixin.py:150} INFO - [2023-07-22T17:01:37.857-0500] {dagbag.py:541} INFO - Filling up the DagBag from /Users/abhishekpatkar/Documents/Projects/af_file_loader/venv/lib/python3.11/site-packages/airflow/example_dags/example_nested_branch_dag.py
[2023-07-22T17:01:37.977-0500] {processor.py:836} INFO - DAG(s) dict_keys(['example_nested_branch_dag']) retrieved from /Users/abhishekpatkar/Documents/Projects/af_file_loader/venv/lib/python3.11/site-packages/airflow/example_dags/example_nested_branch_dag.py
[2023-07-22T17:01:38.731-0500] {logging_mixin.py:150} INFO - [2023-07-22T17:01:38.731-0500] {dag.py:2742} INFO - Sync 1 DAGs
[2023-07-22T17:01:38.749-0500] {logging_mixin.py:150} INFO - [2023-07-22T17:01:38.749-0500] {dag.py:3504} INFO - Setting next_dagrun for example_nested_branch_dag to 2023-07-21T00:00:00+00:00, run_after=2023-07-22T00:00:00+00:00
[2023-07-22T17:01:38.776-0500] {processor.py:179} INFO - Processing /Users/abhishekpatkar/Documents/Projects/af_file_loader/venv/lib/python3.11/site-packages/airflow/example_dags/example_nested_branch_dag.py took 0.924 seconds
[2023-07-22T17:04:20.442-0500] {processor.py:157} INFO - Started process (PID=22278) to work on /Users/abhishekpatkar/Documents/Projects/af_file_loader/venv/lib/python3.11/site-packages/airflow/example_dags/example_nested_branch_dag.py
[2023-07-22T17:04:20.447-0500] {processor.py:826} INFO - Processing file /Users/abhishekpatkar/Documents/Projects/af_file_loader/venv/lib/python3.11/site-packages/airflow/example_dags/example_nested_branch_dag.py for tasks to queue
[2023-07-22T17:04:20.447-0500] {logging_mixin.py:150} INFO - [2023-07-22T17:04:20.447-0500] {dagbag.py:541} INFO - Filling up the DagBag from /Users/abhishekpatkar/Documents/Projects/af_file_loader/venv/lib/python3.11/site-packages/airflow/example_dags/example_nested_branch_dag.py
[2023-07-22T17:04:20.540-0500] {processor.py:836} INFO - DAG(s) dict_keys(['example_nested_branch_dag']) retrieved from /Users/abhishekpatkar/Documents/Projects/af_file_loader/venv/lib/python3.11/site-packages/airflow/example_dags/example_nested_branch_dag.py
[2023-07-22T17:04:21.232-0500] {logging_mixin.py:150} INFO - [2023-07-22T17:04:21.232-0500] {dag.py:2742} INFO - Sync 1 DAGs
[2023-07-22T17:04:21.251-0500] {logging_mixin.py:150} INFO - [2023-07-22T17:04:21.251-0500] {dag.py:3504} INFO - Setting next_dagrun for example_nested_branch_dag to 2023-07-21T00:00:00+00:00, run_after=2023-07-22T00:00:00+00:00
[2023-07-22T17:04:21.274-0500] {processor.py:179} INFO - Processing /Users/abhishekpatkar/Documents/Projects/af_file_loader/venv/lib/python3.11/site-packages/airflow/example_dags/example_nested_branch_dag.py took 0.833 seconds
[2023-07-22T17:06:28.972-0500] {processor.py:157} INFO - Started process (PID=22361) to work on /Users/abhishekpatkar/Documents/Projects/af_file_loader/venv/lib/python3.11/site-packages/airflow/example_dags/example_nested_branch_dag.py
[2023-07-22T17:06:28.976-0500] {processor.py:826} INFO - Processing file /Users/abhishekpatkar/Documents/Projects/af_file_loader/venv/lib/python3.11/site-packages/airflow/example_dags/example_nested_branch_dag.py for tasks to queue
[2023-07-22T17:06:28.977-0500] {logging_mixin.py:150} INFO - [2023-07-22T17:06:28.977-0500] {dagbag.py:541} INFO - Filling up the DagBag from /Users/abhishekpatkar/Documents/Projects/af_file_loader/venv/lib/python3.11/site-packages/airflow/example_dags/example_nested_branch_dag.py
[2023-07-22T17:06:29.077-0500] {processor.py:836} INFO - DAG(s) dict_keys(['example_nested_branch_dag']) retrieved from /Users/abhishekpatkar/Documents/Projects/af_file_loader/venv/lib/python3.11/site-packages/airflow/example_dags/example_nested_branch_dag.py
[2023-07-22T17:06:29.783-0500] {logging_mixin.py:150} INFO - [2023-07-22T17:06:29.782-0500] {dag.py:2742} INFO - Sync 1 DAGs
[2023-07-22T17:06:29.805-0500] {logging_mixin.py:150} INFO - [2023-07-22T17:06:29.804-0500] {dag.py:3504} INFO - Setting next_dagrun for example_nested_branch_dag to 2023-07-21T00:00:00+00:00, run_after=2023-07-22T00:00:00+00:00
[2023-07-22T17:06:29.832-0500] {processor.py:179} INFO - Processing /Users/abhishekpatkar/Documents/Projects/af_file_loader/venv/lib/python3.11/site-packages/airflow/example_dags/example_nested_branch_dag.py took 0.862 seconds
[2023-07-22T17:10:27.132-0500] {processor.py:157} INFO - Started process (PID=22525) to work on /Users/abhishekpatkar/Documents/Projects/af_file_loader/venv/lib/python3.11/site-packages/airflow/example_dags/example_nested_branch_dag.py
[2023-07-22T17:10:27.138-0500] {processor.py:826} INFO - Processing file /Users/abhishekpatkar/Documents/Projects/af_file_loader/venv/lib/python3.11/site-packages/airflow/example_dags/example_nested_branch_dag.py for tasks to queue
[2023-07-22T17:10:27.140-0500] {logging_mixin.py:150} INFO - [2023-07-22T17:10:27.139-0500] {dagbag.py:541} INFO - Filling up the DagBag from /Users/abhishekpatkar/Documents/Projects/af_file_loader/venv/lib/python3.11/site-packages/airflow/example_dags/example_nested_branch_dag.py
[2023-07-22T17:10:27.236-0500] {processor.py:836} INFO - DAG(s) dict_keys(['example_nested_branch_dag']) retrieved from /Users/abhishekpatkar/Documents/Projects/af_file_loader/venv/lib/python3.11/site-packages/airflow/example_dags/example_nested_branch_dag.py
[2023-07-22T17:10:27.948-0500] {logging_mixin.py:150} INFO - [2023-07-22T17:10:27.947-0500] {dag.py:2742} INFO - Sync 1 DAGs
[2023-07-22T17:10:27.967-0500] {logging_mixin.py:150} INFO - [2023-07-22T17:10:27.966-0500] {dag.py:3504} INFO - Setting next_dagrun for example_nested_branch_dag to 2023-07-21T00:00:00+00:00, run_after=2023-07-22T00:00:00+00:00
[2023-07-22T17:10:27.989-0500] {processor.py:179} INFO - Processing /Users/abhishekpatkar/Documents/Projects/af_file_loader/venv/lib/python3.11/site-packages/airflow/example_dags/example_nested_branch_dag.py took 0.858 seconds
[2023-07-22T17:14:26.795-0500] {processor.py:157} INFO - Started process (PID=22674) to work on /Users/abhishekpatkar/Documents/Projects/af_file_loader/venv/lib/python3.11/site-packages/airflow/example_dags/example_nested_branch_dag.py
[2023-07-22T17:14:26.799-0500] {processor.py:826} INFO - Processing file /Users/abhishekpatkar/Documents/Projects/af_file_loader/venv/lib/python3.11/site-packages/airflow/example_dags/example_nested_branch_dag.py for tasks to queue
[2023-07-22T17:14:26.800-0500] {logging_mixin.py:150} INFO - [2023-07-22T17:14:26.800-0500] {dagbag.py:541} INFO - Filling up the DagBag from /Users/abhishekpatkar/Documents/Projects/af_file_loader/venv/lib/python3.11/site-packages/airflow/example_dags/example_nested_branch_dag.py
[2023-07-22T17:14:26.895-0500] {processor.py:836} INFO - DAG(s) dict_keys(['example_nested_branch_dag']) retrieved from /Users/abhishekpatkar/Documents/Projects/af_file_loader/venv/lib/python3.11/site-packages/airflow/example_dags/example_nested_branch_dag.py
[2023-07-22T17:14:27.586-0500] {logging_mixin.py:150} INFO - [2023-07-22T17:14:27.586-0500] {dag.py:2742} INFO - Sync 1 DAGs
[2023-07-22T17:14:27.606-0500] {logging_mixin.py:150} INFO - [2023-07-22T17:14:27.606-0500] {dag.py:3504} INFO - Setting next_dagrun for example_nested_branch_dag to 2023-07-21T00:00:00+00:00, run_after=2023-07-22T00:00:00+00:00
[2023-07-22T17:14:27.628-0500] {processor.py:179} INFO - Processing /Users/abhishekpatkar/Documents/Projects/af_file_loader/venv/lib/python3.11/site-packages/airflow/example_dags/example_nested_branch_dag.py took 0.833 seconds
[2023-07-22T17:19:09.202-0500] {processor.py:157} INFO - Started process (PID=22894) to work on /Users/abhishekpatkar/Documents/Projects/af_file_loader/venv/lib/python3.11/site-packages/airflow/example_dags/example_nested_branch_dag.py
[2023-07-22T17:19:09.207-0500] {processor.py:826} INFO - Processing file /Users/abhishekpatkar/Documents/Projects/af_file_loader/venv/lib/python3.11/site-packages/airflow/example_dags/example_nested_branch_dag.py for tasks to queue
[2023-07-22T17:19:09.208-0500] {logging_mixin.py:150} INFO - [2023-07-22T17:19:09.208-0500] {dagbag.py:541} INFO - Filling up the DagBag from /Users/abhishekpatkar/Documents/Projects/af_file_loader/venv/lib/python3.11/site-packages/airflow/example_dags/example_nested_branch_dag.py
[2023-07-22T17:19:09.306-0500] {processor.py:836} INFO - DAG(s) dict_keys(['example_nested_branch_dag']) retrieved from /Users/abhishekpatkar/Documents/Projects/af_file_loader/venv/lib/python3.11/site-packages/airflow/example_dags/example_nested_branch_dag.py
[2023-07-22T17:19:09.969-0500] {logging_mixin.py:150} INFO - [2023-07-22T17:19:09.968-0500] {dag.py:2742} INFO - Sync 1 DAGs
[2023-07-22T17:19:09.986-0500] {logging_mixin.py:150} INFO - [2023-07-22T17:19:09.986-0500] {dag.py:3504} INFO - Setting next_dagrun for example_nested_branch_dag to 2023-07-21T00:00:00+00:00, run_after=2023-07-22T00:00:00+00:00
[2023-07-22T17:19:10.008-0500] {processor.py:179} INFO - Processing /Users/abhishekpatkar/Documents/Projects/af_file_loader/venv/lib/python3.11/site-packages/airflow/example_dags/example_nested_branch_dag.py took 0.807 seconds
[2023-07-22T17:21:17.579-0500] {processor.py:157} INFO - Started process (PID=22988) to work on /Users/abhishekpatkar/Documents/Projects/af_file_loader/venv/lib/python3.11/site-packages/airflow/example_dags/example_nested_branch_dag.py
[2023-07-22T17:21:17.584-0500] {processor.py:826} INFO - Processing file /Users/abhishekpatkar/Documents/Projects/af_file_loader/venv/lib/python3.11/site-packages/airflow/example_dags/example_nested_branch_dag.py for tasks to queue
[2023-07-22T17:21:17.584-0500] {logging_mixin.py:150} INFO - [2023-07-22T17:21:17.584-0500] {dagbag.py:541} INFO - Filling up the DagBag from /Users/abhishekpatkar/Documents/Projects/af_file_loader/venv/lib/python3.11/site-packages/airflow/example_dags/example_nested_branch_dag.py
[2023-07-22T17:21:17.707-0500] {processor.py:836} INFO - DAG(s) dict_keys(['example_nested_branch_dag']) retrieved from /Users/abhishekpatkar/Documents/Projects/af_file_loader/venv/lib/python3.11/site-packages/airflow/example_dags/example_nested_branch_dag.py
[2023-07-22T17:21:18.414-0500] {logging_mixin.py:150} INFO - [2023-07-22T17:21:18.413-0500] {dag.py:2742} INFO - Sync 1 DAGs
[2023-07-22T17:21:18.441-0500] {logging_mixin.py:150} INFO - [2023-07-22T17:21:18.441-0500] {dag.py:3504} INFO - Setting next_dagrun for example_nested_branch_dag to 2023-07-21T00:00:00+00:00, run_after=2023-07-22T00:00:00+00:00
[2023-07-22T17:21:18.463-0500] {processor.py:179} INFO - Processing /Users/abhishekpatkar/Documents/Projects/af_file_loader/venv/lib/python3.11/site-packages/airflow/example_dags/example_nested_branch_dag.py took 0.885 seconds
[2023-07-22T17:29:10.311-0500] {processor.py:157} INFO - Started process (PID=23290) to work on /Users/abhishekpatkar/Documents/Projects/af_file_loader/venv/lib/python3.11/site-packages/airflow/example_dags/example_nested_branch_dag.py
[2023-07-22T17:29:10.316-0500] {processor.py:826} INFO - Processing file /Users/abhishekpatkar/Documents/Projects/af_file_loader/venv/lib/python3.11/site-packages/airflow/example_dags/example_nested_branch_dag.py for tasks to queue
[2023-07-22T17:29:10.317-0500] {logging_mixin.py:150} INFO - [2023-07-22T17:29:10.317-0500] {dagbag.py:541} INFO - Filling up the DagBag from /Users/abhishekpatkar/Documents/Projects/af_file_loader/venv/lib/python3.11/site-packages/airflow/example_dags/example_nested_branch_dag.py
[2023-07-22T17:29:10.417-0500] {processor.py:836} INFO - DAG(s) dict_keys(['example_nested_branch_dag']) retrieved from /Users/abhishekpatkar/Documents/Projects/af_file_loader/venv/lib/python3.11/site-packages/airflow/example_dags/example_nested_branch_dag.py
[2023-07-22T17:29:11.130-0500] {logging_mixin.py:150} INFO - [2023-07-22T17:29:11.129-0500] {dag.py:2742} INFO - Sync 1 DAGs
[2023-07-22T17:29:11.158-0500] {logging_mixin.py:150} INFO - [2023-07-22T17:29:11.158-0500] {dag.py:3504} INFO - Setting next_dagrun for example_nested_branch_dag to 2023-07-21T00:00:00+00:00, run_after=2023-07-22T00:00:00+00:00
[2023-07-22T17:29:11.181-0500] {processor.py:179} INFO - Processing /Users/abhishekpatkar/Documents/Projects/af_file_loader/venv/lib/python3.11/site-packages/airflow/example_dags/example_nested_branch_dag.py took 0.870 seconds
[2023-07-22T17:31:50.463-0500] {processor.py:157} INFO - Started process (PID=23417) to work on /Users/abhishekpatkar/Documents/Projects/af_file_loader/venv/lib/python3.11/site-packages/airflow/example_dags/example_nested_branch_dag.py
[2023-07-22T17:31:50.467-0500] {processor.py:826} INFO - Processing file /Users/abhishekpatkar/Documents/Projects/af_file_loader/venv/lib/python3.11/site-packages/airflow/example_dags/example_nested_branch_dag.py for tasks to queue
[2023-07-22T17:31:50.468-0500] {logging_mixin.py:150} INFO - [2023-07-22T17:31:50.468-0500] {dagbag.py:541} INFO - Filling up the DagBag from /Users/abhishekpatkar/Documents/Projects/af_file_loader/venv/lib/python3.11/site-packages/airflow/example_dags/example_nested_branch_dag.py
[2023-07-22T17:31:50.555-0500] {processor.py:836} INFO - DAG(s) dict_keys(['example_nested_branch_dag']) retrieved from /Users/abhishekpatkar/Documents/Projects/af_file_loader/venv/lib/python3.11/site-packages/airflow/example_dags/example_nested_branch_dag.py
[2023-07-22T17:31:51.217-0500] {logging_mixin.py:150} INFO - [2023-07-22T17:31:51.216-0500] {dag.py:2742} INFO - Sync 1 DAGs
[2023-07-22T17:31:51.237-0500] {logging_mixin.py:150} INFO - [2023-07-22T17:31:51.236-0500] {dag.py:3504} INFO - Setting next_dagrun for example_nested_branch_dag to 2023-07-21T00:00:00+00:00, run_after=2023-07-22T00:00:00+00:00
[2023-07-22T17:31:51.257-0500] {processor.py:179} INFO - Processing /Users/abhishekpatkar/Documents/Projects/af_file_loader/venv/lib/python3.11/site-packages/airflow/example_dags/example_nested_branch_dag.py took 0.794 seconds
[2023-07-22T17:35:46.058-0500] {processor.py:157} INFO - Started process (PID=23573) to work on /Users/abhishekpatkar/Documents/Projects/af_file_loader/venv/lib/python3.11/site-packages/airflow/example_dags/example_nested_branch_dag.py
[2023-07-22T17:35:46.062-0500] {processor.py:826} INFO - Processing file /Users/abhishekpatkar/Documents/Projects/af_file_loader/venv/lib/python3.11/site-packages/airflow/example_dags/example_nested_branch_dag.py for tasks to queue
[2023-07-22T17:35:46.063-0500] {logging_mixin.py:150} INFO - [2023-07-22T17:35:46.062-0500] {dagbag.py:541} INFO - Filling up the DagBag from /Users/abhishekpatkar/Documents/Projects/af_file_loader/venv/lib/python3.11/site-packages/airflow/example_dags/example_nested_branch_dag.py
[2023-07-22T17:35:46.156-0500] {processor.py:836} INFO - DAG(s) dict_keys(['example_nested_branch_dag']) retrieved from /Users/abhishekpatkar/Documents/Projects/af_file_loader/venv/lib/python3.11/site-packages/airflow/example_dags/example_nested_branch_dag.py
[2023-07-22T17:35:46.756-0500] {logging_mixin.py:150} INFO - [2023-07-22T17:35:46.756-0500] {dag.py:2742} INFO - Sync 1 DAGs
[2023-07-22T17:35:46.774-0500] {logging_mixin.py:150} INFO - [2023-07-22T17:35:46.774-0500] {dag.py:3504} INFO - Setting next_dagrun for example_nested_branch_dag to 2023-07-21T00:00:00+00:00, run_after=2023-07-22T00:00:00+00:00
[2023-07-22T17:35:46.794-0500] {processor.py:179} INFO - Processing /Users/abhishekpatkar/Documents/Projects/af_file_loader/venv/lib/python3.11/site-packages/airflow/example_dags/example_nested_branch_dag.py took 0.738 seconds
[2023-07-22T17:39:06.089-0500] {processor.py:157} INFO - Started process (PID=23703) to work on /Users/abhishekpatkar/Documents/Projects/af_file_loader/venv/lib/python3.11/site-packages/airflow/example_dags/example_nested_branch_dag.py
[2023-07-22T17:39:06.096-0500] {processor.py:826} INFO - Processing file /Users/abhishekpatkar/Documents/Projects/af_file_loader/venv/lib/python3.11/site-packages/airflow/example_dags/example_nested_branch_dag.py for tasks to queue
[2023-07-22T17:39:06.097-0500] {logging_mixin.py:150} INFO - [2023-07-22T17:39:06.097-0500] {dagbag.py:541} INFO - Filling up the DagBag from /Users/abhishekpatkar/Documents/Projects/af_file_loader/venv/lib/python3.11/site-packages/airflow/example_dags/example_nested_branch_dag.py
[2023-07-22T17:39:06.375-0500] {processor.py:836} INFO - DAG(s) dict_keys(['example_nested_branch_dag']) retrieved from /Users/abhishekpatkar/Documents/Projects/af_file_loader/venv/lib/python3.11/site-packages/airflow/example_dags/example_nested_branch_dag.py
[2023-07-22T17:39:08.657-0500] {logging_mixin.py:150} INFO - [2023-07-22T17:39:08.656-0500] {dag.py:2742} INFO - Sync 1 DAGs
[2023-07-22T17:39:08.713-0500] {logging_mixin.py:150} INFO - [2023-07-22T17:39:08.712-0500] {dag.py:3504} INFO - Setting next_dagrun for example_nested_branch_dag to 2023-07-21T00:00:00+00:00, run_after=2023-07-22T00:00:00+00:00
[2023-07-22T17:39:08.973-0500] {processor.py:179} INFO - Processing /Users/abhishekpatkar/Documents/Projects/af_file_loader/venv/lib/python3.11/site-packages/airflow/example_dags/example_nested_branch_dag.py took 2.886 seconds
[2023-07-22T17:47:32.013-0500] {processor.py:157} INFO - Started process (PID=24040) to work on /Users/abhishekpatkar/Documents/Projects/af_file_loader/venv/lib/python3.11/site-packages/airflow/example_dags/example_nested_branch_dag.py
[2023-07-22T17:47:32.025-0500] {processor.py:826} INFO - Processing file /Users/abhishekpatkar/Documents/Projects/af_file_loader/venv/lib/python3.11/site-packages/airflow/example_dags/example_nested_branch_dag.py for tasks to queue
[2023-07-22T17:47:32.026-0500] {logging_mixin.py:150} INFO - [2023-07-22T17:47:32.026-0500] {dagbag.py:541} INFO - Filling up the DagBag from /Users/abhishekpatkar/Documents/Projects/af_file_loader/venv/lib/python3.11/site-packages/airflow/example_dags/example_nested_branch_dag.py
[2023-07-22T17:47:32.380-0500] {processor.py:836} INFO - DAG(s) dict_keys(['example_nested_branch_dag']) retrieved from /Users/abhishekpatkar/Documents/Projects/af_file_loader/venv/lib/python3.11/site-packages/airflow/example_dags/example_nested_branch_dag.py
[2023-07-22T17:47:36.303-0500] {logging_mixin.py:150} INFO - [2023-07-22T17:47:36.302-0500] {dag.py:2742} INFO - Sync 1 DAGs
[2023-07-22T17:47:36.382-0500] {logging_mixin.py:150} INFO - [2023-07-22T17:47:36.381-0500] {dag.py:3504} INFO - Setting next_dagrun for example_nested_branch_dag to 2023-07-21T00:00:00+00:00, run_after=2023-07-22T00:00:00+00:00
[2023-07-22T17:47:36.441-0500] {processor.py:179} INFO - Processing /Users/abhishekpatkar/Documents/Projects/af_file_loader/venv/lib/python3.11/site-packages/airflow/example_dags/example_nested_branch_dag.py took 4.430 seconds
[2023-07-22T17:53:13.766-0500] {processor.py:157} INFO - Started process (PID=24346) to work on /Users/abhishekpatkar/Documents/Projects/af_file_loader/venv/lib/python3.11/site-packages/airflow/example_dags/example_nested_branch_dag.py
[2023-07-22T17:53:13.771-0500] {processor.py:826} INFO - Processing file /Users/abhishekpatkar/Documents/Projects/af_file_loader/venv/lib/python3.11/site-packages/airflow/example_dags/example_nested_branch_dag.py for tasks to queue
[2023-07-22T17:53:13.772-0500] {logging_mixin.py:150} INFO - [2023-07-22T17:53:13.771-0500] {dagbag.py:541} INFO - Filling up the DagBag from /Users/abhishekpatkar/Documents/Projects/af_file_loader/venv/lib/python3.11/site-packages/airflow/example_dags/example_nested_branch_dag.py
[2023-07-22T17:53:13.890-0500] {processor.py:836} INFO - DAG(s) dict_keys(['example_nested_branch_dag']) retrieved from /Users/abhishekpatkar/Documents/Projects/af_file_loader/venv/lib/python3.11/site-packages/airflow/example_dags/example_nested_branch_dag.py
[2023-07-22T17:53:15.128-0500] {logging_mixin.py:150} INFO - [2023-07-22T17:53:15.128-0500] {dag.py:2742} INFO - Sync 1 DAGs
[2023-07-22T17:53:15.149-0500] {logging_mixin.py:150} INFO - [2023-07-22T17:53:15.149-0500] {dag.py:3504} INFO - Setting next_dagrun for example_nested_branch_dag to 2023-07-21T00:00:00+00:00, run_after=2023-07-22T00:00:00+00:00
[2023-07-22T17:53:15.169-0500] {processor.py:179} INFO - Processing /Users/abhishekpatkar/Documents/Projects/af_file_loader/venv/lib/python3.11/site-packages/airflow/example_dags/example_nested_branch_dag.py took 1.404 seconds
[2023-07-22T17:58:55.143-0500] {processor.py:157} INFO - Started process (PID=24616) to work on /Users/abhishekpatkar/Documents/Projects/af_file_loader/venv/lib/python3.11/site-packages/airflow/example_dags/example_nested_branch_dag.py
[2023-07-22T17:58:55.155-0500] {processor.py:826} INFO - Processing file /Users/abhishekpatkar/Documents/Projects/af_file_loader/venv/lib/python3.11/site-packages/airflow/example_dags/example_nested_branch_dag.py for tasks to queue
[2023-07-22T17:58:55.156-0500] {logging_mixin.py:150} INFO - [2023-07-22T17:58:55.156-0500] {dagbag.py:541} INFO - Filling up the DagBag from /Users/abhishekpatkar/Documents/Projects/af_file_loader/venv/lib/python3.11/site-packages/airflow/example_dags/example_nested_branch_dag.py
[2023-07-22T17:58:55.310-0500] {processor.py:836} INFO - DAG(s) dict_keys(['example_nested_branch_dag']) retrieved from /Users/abhishekpatkar/Documents/Projects/af_file_loader/venv/lib/python3.11/site-packages/airflow/example_dags/example_nested_branch_dag.py
[2023-07-22T17:58:56.772-0500] {logging_mixin.py:150} INFO - [2023-07-22T17:58:56.772-0500] {dag.py:2742} INFO - Sync 1 DAGs
[2023-07-22T17:58:56.802-0500] {logging_mixin.py:150} INFO - [2023-07-22T17:58:56.802-0500] {dag.py:3504} INFO - Setting next_dagrun for example_nested_branch_dag to 2023-07-21T00:00:00+00:00, run_after=2023-07-22T00:00:00+00:00
[2023-07-22T17:58:56.826-0500] {processor.py:179} INFO - Processing /Users/abhishekpatkar/Documents/Projects/af_file_loader/venv/lib/python3.11/site-packages/airflow/example_dags/example_nested_branch_dag.py took 1.686 seconds
[2023-07-22T18:03:09.821-0500] {processor.py:157} INFO - Started process (PID=24785) to work on /Users/abhishekpatkar/Documents/Projects/af_file_loader/venv/lib/python3.11/site-packages/airflow/example_dags/example_nested_branch_dag.py
[2023-07-22T18:03:09.826-0500] {processor.py:826} INFO - Processing file /Users/abhishekpatkar/Documents/Projects/af_file_loader/venv/lib/python3.11/site-packages/airflow/example_dags/example_nested_branch_dag.py for tasks to queue
[2023-07-22T18:03:09.827-0500] {logging_mixin.py:150} INFO - [2023-07-22T18:03:09.827-0500] {dagbag.py:541} INFO - Filling up the DagBag from /Users/abhishekpatkar/Documents/Projects/af_file_loader/venv/lib/python3.11/site-packages/airflow/example_dags/example_nested_branch_dag.py
[2023-07-22T18:03:09.930-0500] {processor.py:836} INFO - DAG(s) dict_keys(['example_nested_branch_dag']) retrieved from /Users/abhishekpatkar/Documents/Projects/af_file_loader/venv/lib/python3.11/site-packages/airflow/example_dags/example_nested_branch_dag.py
[2023-07-22T18:03:11.081-0500] {logging_mixin.py:150} INFO - [2023-07-22T18:03:11.081-0500] {dag.py:2742} INFO - Sync 1 DAGs
[2023-07-22T18:03:11.105-0500] {logging_mixin.py:150} INFO - [2023-07-22T18:03:11.105-0500] {dag.py:3504} INFO - Setting next_dagrun for example_nested_branch_dag to 2023-07-21T00:00:00+00:00, run_after=2023-07-22T00:00:00+00:00
[2023-07-22T18:03:11.130-0500] {processor.py:179} INFO - Processing /Users/abhishekpatkar/Documents/Projects/af_file_loader/venv/lib/python3.11/site-packages/airflow/example_dags/example_nested_branch_dag.py took 1.310 seconds
[2023-07-22T18:06:20.701-0500] {processor.py:157} INFO - Started process (PID=24889) to work on /Users/abhishekpatkar/Documents/Projects/af_file_loader/venv/lib/python3.11/site-packages/airflow/example_dags/example_nested_branch_dag.py
[2023-07-22T18:06:20.708-0500] {processor.py:826} INFO - Processing file /Users/abhishekpatkar/Documents/Projects/af_file_loader/venv/lib/python3.11/site-packages/airflow/example_dags/example_nested_branch_dag.py for tasks to queue
[2023-07-22T18:06:20.711-0500] {logging_mixin.py:150} INFO - [2023-07-22T18:06:20.710-0500] {dagbag.py:541} INFO - Filling up the DagBag from /Users/abhishekpatkar/Documents/Projects/af_file_loader/venv/lib/python3.11/site-packages/airflow/example_dags/example_nested_branch_dag.py
[2023-07-22T18:06:20.865-0500] {processor.py:836} INFO - DAG(s) dict_keys(['example_nested_branch_dag']) retrieved from /Users/abhishekpatkar/Documents/Projects/af_file_loader/venv/lib/python3.11/site-packages/airflow/example_dags/example_nested_branch_dag.py
[2023-07-22T18:06:21.967-0500] {logging_mixin.py:150} INFO - [2023-07-22T18:06:21.966-0500] {dag.py:2742} INFO - Sync 1 DAGs
[2023-07-22T18:06:21.990-0500] {logging_mixin.py:150} INFO - [2023-07-22T18:06:21.990-0500] {dag.py:3504} INFO - Setting next_dagrun for example_nested_branch_dag to 2023-07-21T00:00:00+00:00, run_after=2023-07-22T00:00:00+00:00
[2023-07-22T18:06:22.012-0500] {processor.py:179} INFO - Processing /Users/abhishekpatkar/Documents/Projects/af_file_loader/venv/lib/python3.11/site-packages/airflow/example_dags/example_nested_branch_dag.py took 1.312 seconds
