[2023-07-22T14:50:39.019-0500] {processor.py:157} INFO - Started process (PID=16580) to work on /Users/abhishekpatkar/Documents/Projects/af_file_loader/venv/lib/python3.11/site-packages/airflow/example_dags/example_task_group_decorator.py
[2023-07-22T14:50:39.026-0500] {processor.py:826} INFO - Processing file /Users/abhishekpatkar/Documents/Projects/af_file_loader/venv/lib/python3.11/site-packages/airflow/example_dags/example_task_group_decorator.py for tasks to queue
[2023-07-22T14:50:39.027-0500] {logging_mixin.py:150} INFO - [2023-07-22T14:50:39.027-0500] {dagbag.py:541} INFO - Filling up the DagBag from /Users/abhishekpatkar/Documents/Projects/af_file_loader/venv/lib/python3.11/site-packages/airflow/example_dags/example_task_group_decorator.py
[2023-07-22T14:50:39.209-0500] {processor.py:836} INFO - DAG(s) dict_keys(['example_task_group_decorator']) retrieved from /Users/abhishekpatkar/Documents/Projects/af_file_loader/venv/lib/python3.11/site-packages/airflow/example_dags/example_task_group_decorator.py
[2023-07-22T14:50:40.394-0500] {logging_mixin.py:150} INFO - [2023-07-22T14:50:40.393-0500] {manager.py:504} INFO - Created Permission View: can edit on DAG:example_task_group_decorator
[2023-07-22T14:50:40.418-0500] {logging_mixin.py:150} INFO - [2023-07-22T14:50:40.418-0500] {manager.py:504} INFO - Created Permission View: can delete on DAG:example_task_group_decorator
[2023-07-22T14:50:40.427-0500] {logging_mixin.py:150} INFO - [2023-07-22T14:50:40.426-0500] {manager.py:504} INFO - Created Permission View: can read on DAG:example_task_group_decorator
[2023-07-22T14:50:40.462-0500] {logging_mixin.py:150} INFO - [2023-07-22T14:50:40.462-0500] {dag.py:2742} INFO - Sync 1 DAGs
[2023-07-22T14:50:40.481-0500] {logging_mixin.py:150} INFO - [2023-07-22T14:50:40.480-0500] {dag.py:2763} INFO - Creating ORM DAG for example_task_group_decorator
[2023-07-22T14:50:40.502-0500] {logging_mixin.py:150} INFO - [2023-07-22T14:50:40.501-0500] {dag.py:3504} INFO - Setting next_dagrun for example_task_group_decorator to 2023-07-21T19:50:40.501192+00:00, run_after=2023-07-22T19:50:40.501192+00:00
[2023-07-22T14:50:40.535-0500] {processor.py:179} INFO - Processing /Users/abhishekpatkar/Documents/Projects/af_file_loader/venv/lib/python3.11/site-packages/airflow/example_dags/example_task_group_decorator.py took 1.519 seconds
[2023-07-22T14:54:03.522-0500] {processor.py:157} INFO - Started process (PID=16765) to work on /Users/abhishekpatkar/Documents/Projects/af_file_loader/venv/lib/python3.11/site-packages/airflow/example_dags/example_task_group_decorator.py
[2023-07-22T14:54:03.526-0500] {processor.py:826} INFO - Processing file /Users/abhishekpatkar/Documents/Projects/af_file_loader/venv/lib/python3.11/site-packages/airflow/example_dags/example_task_group_decorator.py for tasks to queue
[2023-07-22T14:54:03.526-0500] {logging_mixin.py:150} INFO - [2023-07-22T14:54:03.526-0500] {dagbag.py:541} INFO - Filling up the DagBag from /Users/abhishekpatkar/Documents/Projects/af_file_loader/venv/lib/python3.11/site-packages/airflow/example_dags/example_task_group_decorator.py
[2023-07-22T14:54:03.647-0500] {processor.py:836} INFO - DAG(s) dict_keys(['example_task_group_decorator']) retrieved from /Users/abhishekpatkar/Documents/Projects/af_file_loader/venv/lib/python3.11/site-packages/airflow/example_dags/example_task_group_decorator.py
[2023-07-22T14:54:04.925-0500] {logging_mixin.py:150} INFO - [2023-07-22T14:54:04.925-0500] {dag.py:2742} INFO - Sync 1 DAGs
[2023-07-22T14:54:04.942-0500] {logging_mixin.py:150} INFO - [2023-07-22T14:54:04.942-0500] {dag.py:3504} INFO - Setting next_dagrun for example_task_group_decorator to 2023-07-21T19:54:04.942327+00:00, run_after=2023-07-22T19:54:04.942327+00:00
[2023-07-22T14:54:04.971-0500] {processor.py:179} INFO - Processing /Users/abhishekpatkar/Documents/Projects/af_file_loader/venv/lib/python3.11/site-packages/airflow/example_dags/example_task_group_decorator.py took 1.450 seconds
[2023-07-22T14:56:49.520-0500] {processor.py:157} INFO - Started process (PID=16959) to work on /Users/abhishekpatkar/Documents/Projects/af_file_loader/venv/lib/python3.11/site-packages/airflow/example_dags/example_task_group_decorator.py
[2023-07-22T14:56:49.527-0500] {processor.py:826} INFO - Processing file /Users/abhishekpatkar/Documents/Projects/af_file_loader/venv/lib/python3.11/site-packages/airflow/example_dags/example_task_group_decorator.py for tasks to queue
[2023-07-22T14:56:49.528-0500] {logging_mixin.py:150} INFO - [2023-07-22T14:56:49.527-0500] {dagbag.py:541} INFO - Filling up the DagBag from /Users/abhishekpatkar/Documents/Projects/af_file_loader/venv/lib/python3.11/site-packages/airflow/example_dags/example_task_group_decorator.py
[2023-07-22T14:56:49.739-0500] {processor.py:836} INFO - DAG(s) dict_keys(['example_task_group_decorator']) retrieved from /Users/abhishekpatkar/Documents/Projects/af_file_loader/venv/lib/python3.11/site-packages/airflow/example_dags/example_task_group_decorator.py
[2023-07-22T14:56:51.072-0500] {logging_mixin.py:150} INFO - [2023-07-22T14:56:51.071-0500] {dag.py:2742} INFO - Sync 1 DAGs
[2023-07-22T14:56:51.093-0500] {logging_mixin.py:150} INFO - [2023-07-22T14:56:51.093-0500] {dag.py:3504} INFO - Setting next_dagrun for example_task_group_decorator to 2023-07-21T19:56:51.093038+00:00, run_after=2023-07-22T19:56:51.093038+00:00
[2023-07-22T14:56:51.128-0500] {processor.py:179} INFO - Processing /Users/abhishekpatkar/Documents/Projects/af_file_loader/venv/lib/python3.11/site-packages/airflow/example_dags/example_task_group_decorator.py took 1.610 seconds
[2023-07-22T14:59:16.087-0500] {processor.py:157} INFO - Started process (PID=17052) to work on /Users/abhishekpatkar/Documents/Projects/af_file_loader/venv/lib/python3.11/site-packages/airflow/example_dags/example_task_group_decorator.py
[2023-07-22T14:59:16.092-0500] {processor.py:826} INFO - Processing file /Users/abhishekpatkar/Documents/Projects/af_file_loader/venv/lib/python3.11/site-packages/airflow/example_dags/example_task_group_decorator.py for tasks to queue
[2023-07-22T14:59:16.093-0500] {logging_mixin.py:150} INFO - [2023-07-22T14:59:16.092-0500] {dagbag.py:541} INFO - Filling up the DagBag from /Users/abhishekpatkar/Documents/Projects/af_file_loader/venv/lib/python3.11/site-packages/airflow/example_dags/example_task_group_decorator.py
[2023-07-22T14:59:16.184-0500] {processor.py:836} INFO - DAG(s) dict_keys(['example_task_group_decorator']) retrieved from /Users/abhishekpatkar/Documents/Projects/af_file_loader/venv/lib/python3.11/site-packages/airflow/example_dags/example_task_group_decorator.py
[2023-07-22T14:59:16.944-0500] {logging_mixin.py:150} INFO - [2023-07-22T14:59:16.944-0500] {dag.py:2742} INFO - Sync 1 DAGs
[2023-07-22T14:59:16.961-0500] {logging_mixin.py:150} INFO - [2023-07-22T14:59:16.961-0500] {dag.py:3504} INFO - Setting next_dagrun for example_task_group_decorator to 2023-07-21T19:59:16.961074+00:00, run_after=2023-07-22T19:59:16.961074+00:00
[2023-07-22T14:59:16.982-0500] {processor.py:179} INFO - Processing /Users/abhishekpatkar/Documents/Projects/af_file_loader/venv/lib/python3.11/site-packages/airflow/example_dags/example_task_group_decorator.py took 0.896 seconds
[2023-07-22T15:01:40.209-0500] {processor.py:157} INFO - Started process (PID=17145) to work on /Users/abhishekpatkar/Documents/Projects/af_file_loader/venv/lib/python3.11/site-packages/airflow/example_dags/example_task_group_decorator.py
[2023-07-22T15:01:40.213-0500] {processor.py:826} INFO - Processing file /Users/abhishekpatkar/Documents/Projects/af_file_loader/venv/lib/python3.11/site-packages/airflow/example_dags/example_task_group_decorator.py for tasks to queue
[2023-07-22T15:01:40.214-0500] {logging_mixin.py:150} INFO - [2023-07-22T15:01:40.214-0500] {dagbag.py:541} INFO - Filling up the DagBag from /Users/abhishekpatkar/Documents/Projects/af_file_loader/venv/lib/python3.11/site-packages/airflow/example_dags/example_task_group_decorator.py
[2023-07-22T15:01:40.330-0500] {processor.py:836} INFO - DAG(s) dict_keys(['example_task_group_decorator']) retrieved from /Users/abhishekpatkar/Documents/Projects/af_file_loader/venv/lib/python3.11/site-packages/airflow/example_dags/example_task_group_decorator.py
[2023-07-22T15:01:41.227-0500] {logging_mixin.py:150} INFO - [2023-07-22T15:01:41.226-0500] {dag.py:2742} INFO - Sync 1 DAGs
[2023-07-22T15:01:41.250-0500] {logging_mixin.py:150} INFO - [2023-07-22T15:01:41.250-0500] {dag.py:3504} INFO - Setting next_dagrun for example_task_group_decorator to 2023-07-21T20:01:41.249764+00:00, run_after=2023-07-22T20:01:41.249764+00:00
[2023-07-22T15:01:41.276-0500] {processor.py:179} INFO - Processing /Users/abhishekpatkar/Documents/Projects/af_file_loader/venv/lib/python3.11/site-packages/airflow/example_dags/example_task_group_decorator.py took 1.068 seconds
[2023-07-22T15:04:15.983-0500] {processor.py:157} INFO - Started process (PID=17450) to work on /Users/abhishekpatkar/Documents/Projects/af_file_loader/venv/lib/python3.11/site-packages/airflow/example_dags/example_task_group_decorator.py
[2023-07-22T15:04:15.990-0500] {processor.py:826} INFO - Processing file /Users/abhishekpatkar/Documents/Projects/af_file_loader/venv/lib/python3.11/site-packages/airflow/example_dags/example_task_group_decorator.py for tasks to queue
[2023-07-22T15:04:15.991-0500] {logging_mixin.py:150} INFO - [2023-07-22T15:04:15.991-0500] {dagbag.py:541} INFO - Filling up the DagBag from /Users/abhishekpatkar/Documents/Projects/af_file_loader/venv/lib/python3.11/site-packages/airflow/example_dags/example_task_group_decorator.py
[2023-07-22T15:04:16.130-0500] {processor.py:836} INFO - DAG(s) dict_keys(['example_task_group_decorator']) retrieved from /Users/abhishekpatkar/Documents/Projects/af_file_loader/venv/lib/python3.11/site-packages/airflow/example_dags/example_task_group_decorator.py
[2023-07-22T15:04:16.944-0500] {logging_mixin.py:150} INFO - [2023-07-22T15:04:16.943-0500] {dag.py:2742} INFO - Sync 1 DAGs
[2023-07-22T15:04:16.963-0500] {logging_mixin.py:150} INFO - [2023-07-22T15:04:16.963-0500] {dag.py:3504} INFO - Setting next_dagrun for example_task_group_decorator to 2023-07-21T20:04:16.963542+00:00, run_after=2023-07-22T20:04:16.963542+00:00
[2023-07-22T15:04:16.989-0500] {processor.py:179} INFO - Processing /Users/abhishekpatkar/Documents/Projects/af_file_loader/venv/lib/python3.11/site-packages/airflow/example_dags/example_task_group_decorator.py took 1.007 seconds
[2023-07-22T15:09:03.128-0500] {processor.py:157} INFO - Started process (PID=17744) to work on /Users/abhishekpatkar/Documents/Projects/af_file_loader/venv/lib/python3.11/site-packages/airflow/example_dags/example_task_group_decorator.py
[2023-07-22T15:09:03.348-0500] {processor.py:826} INFO - Processing file /Users/abhishekpatkar/Documents/Projects/af_file_loader/venv/lib/python3.11/site-packages/airflow/example_dags/example_task_group_decorator.py for tasks to queue
[2023-07-22T15:09:03.350-0500] {logging_mixin.py:150} INFO - [2023-07-22T15:09:03.349-0500] {dagbag.py:541} INFO - Filling up the DagBag from /Users/abhishekpatkar/Documents/Projects/af_file_loader/venv/lib/python3.11/site-packages/airflow/example_dags/example_task_group_decorator.py
[2023-07-22T15:09:04.263-0500] {processor.py:836} INFO - DAG(s) dict_keys(['example_task_group_decorator']) retrieved from /Users/abhishekpatkar/Documents/Projects/af_file_loader/venv/lib/python3.11/site-packages/airflow/example_dags/example_task_group_decorator.py
[2023-07-22T15:09:10.039-0500] {logging_mixin.py:150} INFO - [2023-07-22T15:09:10.038-0500] {dag.py:2742} INFO - Sync 1 DAGs
[2023-07-22T15:09:10.243-0500] {logging_mixin.py:150} INFO - [2023-07-22T15:09:10.242-0500] {dag.py:3504} INFO - Setting next_dagrun for example_task_group_decorator to 2023-07-21T20:09:10.242671+00:00, run_after=2023-07-22T20:09:10.242671+00:00
[2023-07-22T15:09:10.557-0500] {processor.py:179} INFO - Processing /Users/abhishekpatkar/Documents/Projects/af_file_loader/venv/lib/python3.11/site-packages/airflow/example_dags/example_task_group_decorator.py took 7.431 seconds
[2023-07-22T15:12:48.949-0500] {processor.py:157} INFO - Started process (PID=17878) to work on /Users/abhishekpatkar/Documents/Projects/af_file_loader/venv/lib/python3.11/site-packages/airflow/example_dags/example_task_group_decorator.py
[2023-07-22T15:12:48.954-0500] {processor.py:826} INFO - Processing file /Users/abhishekpatkar/Documents/Projects/af_file_loader/venv/lib/python3.11/site-packages/airflow/example_dags/example_task_group_decorator.py for tasks to queue
[2023-07-22T15:12:48.954-0500] {logging_mixin.py:150} INFO - [2023-07-22T15:12:48.954-0500] {dagbag.py:541} INFO - Filling up the DagBag from /Users/abhishekpatkar/Documents/Projects/af_file_loader/venv/lib/python3.11/site-packages/airflow/example_dags/example_task_group_decorator.py
[2023-07-22T15:12:49.057-0500] {processor.py:836} INFO - DAG(s) dict_keys(['example_task_group_decorator']) retrieved from /Users/abhishekpatkar/Documents/Projects/af_file_loader/venv/lib/python3.11/site-packages/airflow/example_dags/example_task_group_decorator.py
[2023-07-22T15:12:49.803-0500] {logging_mixin.py:150} INFO - [2023-07-22T15:12:49.803-0500] {dag.py:2742} INFO - Sync 1 DAGs
[2023-07-22T15:12:49.820-0500] {logging_mixin.py:150} INFO - [2023-07-22T15:12:49.819-0500] {dag.py:3504} INFO - Setting next_dagrun for example_task_group_decorator to 2023-07-21T20:12:49.819845+00:00, run_after=2023-07-22T20:12:49.819845+00:00
[2023-07-22T15:12:49.838-0500] {processor.py:179} INFO - Processing /Users/abhishekpatkar/Documents/Projects/af_file_loader/venv/lib/python3.11/site-packages/airflow/example_dags/example_task_group_decorator.py took 0.889 seconds
[2023-07-22T15:15:32.704-0500] {processor.py:157} INFO - Started process (PID=17969) to work on /Users/abhishekpatkar/Documents/Projects/af_file_loader/venv/lib/python3.11/site-packages/airflow/example_dags/example_task_group_decorator.py
[2023-07-22T15:15:32.711-0500] {processor.py:826} INFO - Processing file /Users/abhishekpatkar/Documents/Projects/af_file_loader/venv/lib/python3.11/site-packages/airflow/example_dags/example_task_group_decorator.py for tasks to queue
[2023-07-22T15:15:32.711-0500] {logging_mixin.py:150} INFO - [2023-07-22T15:15:32.711-0500] {dagbag.py:541} INFO - Filling up the DagBag from /Users/abhishekpatkar/Documents/Projects/af_file_loader/venv/lib/python3.11/site-packages/airflow/example_dags/example_task_group_decorator.py
[2023-07-22T15:15:32.884-0500] {processor.py:836} INFO - DAG(s) dict_keys(['example_task_group_decorator']) retrieved from /Users/abhishekpatkar/Documents/Projects/af_file_loader/venv/lib/python3.11/site-packages/airflow/example_dags/example_task_group_decorator.py
[2023-07-22T15:15:33.940-0500] {logging_mixin.py:150} INFO - [2023-07-22T15:15:33.940-0500] {dag.py:2742} INFO - Sync 1 DAGs
[2023-07-22T15:15:33.981-0500] {logging_mixin.py:150} INFO - [2023-07-22T15:15:33.980-0500] {dag.py:3504} INFO - Setting next_dagrun for example_task_group_decorator to 2023-07-21T20:15:33.980686+00:00, run_after=2023-07-22T20:15:33.980686+00:00
[2023-07-22T15:15:34.008-0500] {processor.py:179} INFO - Processing /Users/abhishekpatkar/Documents/Projects/af_file_loader/venv/lib/python3.11/site-packages/airflow/example_dags/example_task_group_decorator.py took 1.305 seconds
[2023-07-22T15:18:26.459-0500] {processor.py:157} INFO - Started process (PID=18073) to work on /Users/abhishekpatkar/Documents/Projects/af_file_loader/venv/lib/python3.11/site-packages/airflow/example_dags/example_task_group_decorator.py
[2023-07-22T15:18:26.464-0500] {processor.py:826} INFO - Processing file /Users/abhishekpatkar/Documents/Projects/af_file_loader/venv/lib/python3.11/site-packages/airflow/example_dags/example_task_group_decorator.py for tasks to queue
[2023-07-22T15:18:26.467-0500] {logging_mixin.py:150} INFO - [2023-07-22T15:18:26.465-0500] {dagbag.py:541} INFO - Filling up the DagBag from /Users/abhishekpatkar/Documents/Projects/af_file_loader/venv/lib/python3.11/site-packages/airflow/example_dags/example_task_group_decorator.py
[2023-07-22T15:18:26.620-0500] {processor.py:836} INFO - DAG(s) dict_keys(['example_task_group_decorator']) retrieved from /Users/abhishekpatkar/Documents/Projects/af_file_loader/venv/lib/python3.11/site-packages/airflow/example_dags/example_task_group_decorator.py
[2023-07-22T15:18:27.469-0500] {logging_mixin.py:150} INFO - [2023-07-22T15:18:27.469-0500] {dag.py:2742} INFO - Sync 1 DAGs
[2023-07-22T15:18:27.509-0500] {logging_mixin.py:150} INFO - [2023-07-22T15:18:27.509-0500] {dag.py:3504} INFO - Setting next_dagrun for example_task_group_decorator to 2023-07-21T20:18:27.508501+00:00, run_after=2023-07-22T20:18:27.508501+00:00
[2023-07-22T15:18:27.538-0500] {processor.py:179} INFO - Processing /Users/abhishekpatkar/Documents/Projects/af_file_loader/venv/lib/python3.11/site-packages/airflow/example_dags/example_task_group_decorator.py took 1.079 seconds
[2023-07-22T15:21:14.320-0500] {processor.py:157} INFO - Started process (PID=18174) to work on /Users/abhishekpatkar/Documents/Projects/af_file_loader/venv/lib/python3.11/site-packages/airflow/example_dags/example_task_group_decorator.py
[2023-07-22T15:21:14.323-0500] {processor.py:826} INFO - Processing file /Users/abhishekpatkar/Documents/Projects/af_file_loader/venv/lib/python3.11/site-packages/airflow/example_dags/example_task_group_decorator.py for tasks to queue
[2023-07-22T15:21:14.324-0500] {logging_mixin.py:150} INFO - [2023-07-22T15:21:14.324-0500] {dagbag.py:541} INFO - Filling up the DagBag from /Users/abhishekpatkar/Documents/Projects/af_file_loader/venv/lib/python3.11/site-packages/airflow/example_dags/example_task_group_decorator.py
[2023-07-22T15:21:14.432-0500] {processor.py:836} INFO - DAG(s) dict_keys(['example_task_group_decorator']) retrieved from /Users/abhishekpatkar/Documents/Projects/af_file_loader/venv/lib/python3.11/site-packages/airflow/example_dags/example_task_group_decorator.py
[2023-07-22T15:21:15.854-0500] {logging_mixin.py:150} INFO - [2023-07-22T15:21:15.854-0500] {dag.py:2742} INFO - Sync 1 DAGs
[2023-07-22T15:21:15.887-0500] {logging_mixin.py:150} INFO - [2023-07-22T15:21:15.886-0500] {dag.py:3504} INFO - Setting next_dagrun for example_task_group_decorator to 2023-07-21T20:21:15.885910+00:00, run_after=2023-07-22T20:21:15.885910+00:00
[2023-07-22T15:21:15.941-0500] {processor.py:179} INFO - Processing /Users/abhishekpatkar/Documents/Projects/af_file_loader/venv/lib/python3.11/site-packages/airflow/example_dags/example_task_group_decorator.py took 1.622 seconds
[2023-07-22T15:23:35.615-0500] {processor.py:157} INFO - Started process (PID=18264) to work on /Users/abhishekpatkar/Documents/Projects/af_file_loader/venv/lib/python3.11/site-packages/airflow/example_dags/example_task_group_decorator.py
[2023-07-22T15:23:35.619-0500] {processor.py:826} INFO - Processing file /Users/abhishekpatkar/Documents/Projects/af_file_loader/venv/lib/python3.11/site-packages/airflow/example_dags/example_task_group_decorator.py for tasks to queue
[2023-07-22T15:23:35.619-0500] {logging_mixin.py:150} INFO - [2023-07-22T15:23:35.619-0500] {dagbag.py:541} INFO - Filling up the DagBag from /Users/abhishekpatkar/Documents/Projects/af_file_loader/venv/lib/python3.11/site-packages/airflow/example_dags/example_task_group_decorator.py
[2023-07-22T15:23:35.748-0500] {processor.py:836} INFO - DAG(s) dict_keys(['example_task_group_decorator']) retrieved from /Users/abhishekpatkar/Documents/Projects/af_file_loader/venv/lib/python3.11/site-packages/airflow/example_dags/example_task_group_decorator.py
[2023-07-22T15:23:36.421-0500] {logging_mixin.py:150} INFO - [2023-07-22T15:23:36.421-0500] {dag.py:2742} INFO - Sync 1 DAGs
[2023-07-22T15:23:36.443-0500] {logging_mixin.py:150} INFO - [2023-07-22T15:23:36.443-0500] {dag.py:3504} INFO - Setting next_dagrun for example_task_group_decorator to 2023-07-21T20:23:36.443356+00:00, run_after=2023-07-22T20:23:36.443356+00:00
[2023-07-22T15:23:36.475-0500] {processor.py:179} INFO - Processing /Users/abhishekpatkar/Documents/Projects/af_file_loader/venv/lib/python3.11/site-packages/airflow/example_dags/example_task_group_decorator.py took 0.861 seconds
[2023-07-22T15:25:49.524-0500] {processor.py:157} INFO - Started process (PID=18380) to work on /Users/abhishekpatkar/Documents/Projects/af_file_loader/venv/lib/python3.11/site-packages/airflow/example_dags/example_task_group_decorator.py
[2023-07-22T15:25:49.532-0500] {processor.py:826} INFO - Processing file /Users/abhishekpatkar/Documents/Projects/af_file_loader/venv/lib/python3.11/site-packages/airflow/example_dags/example_task_group_decorator.py for tasks to queue
[2023-07-22T15:25:49.532-0500] {logging_mixin.py:150} INFO - [2023-07-22T15:25:49.532-0500] {dagbag.py:541} INFO - Filling up the DagBag from /Users/abhishekpatkar/Documents/Projects/af_file_loader/venv/lib/python3.11/site-packages/airflow/example_dags/example_task_group_decorator.py
[2023-07-22T15:25:49.684-0500] {processor.py:836} INFO - DAG(s) dict_keys(['example_task_group_decorator']) retrieved from /Users/abhishekpatkar/Documents/Projects/af_file_loader/venv/lib/python3.11/site-packages/airflow/example_dags/example_task_group_decorator.py
[2023-07-22T15:25:50.601-0500] {logging_mixin.py:150} INFO - [2023-07-22T15:25:50.601-0500] {dag.py:2742} INFO - Sync 1 DAGs
[2023-07-22T15:25:50.625-0500] {logging_mixin.py:150} INFO - [2023-07-22T15:25:50.625-0500] {dag.py:3504} INFO - Setting next_dagrun for example_task_group_decorator to 2023-07-21T20:25:50.624915+00:00, run_after=2023-07-22T20:25:50.624915+00:00
[2023-07-22T15:25:50.657-0500] {processor.py:179} INFO - Processing /Users/abhishekpatkar/Documents/Projects/af_file_loader/venv/lib/python3.11/site-packages/airflow/example_dags/example_task_group_decorator.py took 1.134 seconds
[2023-07-22T15:29:34.868-0500] {processor.py:157} INFO - Started process (PID=18672) to work on /Users/abhishekpatkar/Documents/Projects/af_file_loader/venv/lib/python3.11/site-packages/airflow/example_dags/example_task_group_decorator.py
[2023-07-22T15:29:34.878-0500] {processor.py:826} INFO - Processing file /Users/abhishekpatkar/Documents/Projects/af_file_loader/venv/lib/python3.11/site-packages/airflow/example_dags/example_task_group_decorator.py for tasks to queue
[2023-07-22T15:29:34.880-0500] {logging_mixin.py:150} INFO - [2023-07-22T15:29:34.879-0500] {dagbag.py:541} INFO - Filling up the DagBag from /Users/abhishekpatkar/Documents/Projects/af_file_loader/venv/lib/python3.11/site-packages/airflow/example_dags/example_task_group_decorator.py
[2023-07-22T15:29:35.144-0500] {processor.py:836} INFO - DAG(s) dict_keys(['example_task_group_decorator']) retrieved from /Users/abhishekpatkar/Documents/Projects/af_file_loader/venv/lib/python3.11/site-packages/airflow/example_dags/example_task_group_decorator.py
[2023-07-22T15:29:36.213-0500] {logging_mixin.py:150} INFO - [2023-07-22T15:29:36.213-0500] {dag.py:2742} INFO - Sync 1 DAGs
[2023-07-22T15:29:36.237-0500] {logging_mixin.py:150} INFO - [2023-07-22T15:29:36.237-0500] {dag.py:3504} INFO - Setting next_dagrun for example_task_group_decorator to 2023-07-21T20:29:36.237032+00:00, run_after=2023-07-22T20:29:36.237032+00:00
[2023-07-22T15:29:36.271-0500] {processor.py:179} INFO - Processing /Users/abhishekpatkar/Documents/Projects/af_file_loader/venv/lib/python3.11/site-packages/airflow/example_dags/example_task_group_decorator.py took 1.408 seconds
[2023-07-22T15:32:11.221-0500] {processor.py:157} INFO - Started process (PID=18827) to work on /Users/abhishekpatkar/Documents/Projects/af_file_loader/venv/lib/python3.11/site-packages/airflow/example_dags/example_task_group_decorator.py
[2023-07-22T15:32:11.226-0500] {processor.py:826} INFO - Processing file /Users/abhishekpatkar/Documents/Projects/af_file_loader/venv/lib/python3.11/site-packages/airflow/example_dags/example_task_group_decorator.py for tasks to queue
[2023-07-22T15:32:11.227-0500] {logging_mixin.py:150} INFO - [2023-07-22T15:32:11.227-0500] {dagbag.py:541} INFO - Filling up the DagBag from /Users/abhishekpatkar/Documents/Projects/af_file_loader/venv/lib/python3.11/site-packages/airflow/example_dags/example_task_group_decorator.py
[2023-07-22T15:32:11.315-0500] {processor.py:836} INFO - DAG(s) dict_keys(['example_task_group_decorator']) retrieved from /Users/abhishekpatkar/Documents/Projects/af_file_loader/venv/lib/python3.11/site-packages/airflow/example_dags/example_task_group_decorator.py
[2023-07-22T15:32:11.974-0500] {logging_mixin.py:150} INFO - [2023-07-22T15:32:11.973-0500] {dag.py:2742} INFO - Sync 1 DAGs
[2023-07-22T15:32:11.989-0500] {logging_mixin.py:150} INFO - [2023-07-22T15:32:11.989-0500] {dag.py:3504} INFO - Setting next_dagrun for example_task_group_decorator to 2023-07-21T20:32:11.989493+00:00, run_after=2023-07-22T20:32:11.989493+00:00
[2023-07-22T15:32:12.016-0500] {processor.py:179} INFO - Processing /Users/abhishekpatkar/Documents/Projects/af_file_loader/venv/lib/python3.11/site-packages/airflow/example_dags/example_task_group_decorator.py took 0.796 seconds
[2023-07-22T15:34:07.084-0500] {processor.py:157} INFO - Started process (PID=18901) to work on /Users/abhishekpatkar/Documents/Projects/af_file_loader/venv/lib/python3.11/site-packages/airflow/example_dags/example_task_group_decorator.py
[2023-07-22T15:34:07.089-0500] {processor.py:826} INFO - Processing file /Users/abhishekpatkar/Documents/Projects/af_file_loader/venv/lib/python3.11/site-packages/airflow/example_dags/example_task_group_decorator.py for tasks to queue
[2023-07-22T15:34:07.090-0500] {logging_mixin.py:150} INFO - [2023-07-22T15:34:07.090-0500] {dagbag.py:541} INFO - Filling up the DagBag from /Users/abhishekpatkar/Documents/Projects/af_file_loader/venv/lib/python3.11/site-packages/airflow/example_dags/example_task_group_decorator.py
[2023-07-22T15:34:07.188-0500] {processor.py:836} INFO - DAG(s) dict_keys(['example_task_group_decorator']) retrieved from /Users/abhishekpatkar/Documents/Projects/af_file_loader/venv/lib/python3.11/site-packages/airflow/example_dags/example_task_group_decorator.py
[2023-07-22T15:34:07.793-0500] {logging_mixin.py:150} INFO - [2023-07-22T15:34:07.793-0500] {dag.py:2742} INFO - Sync 1 DAGs
[2023-07-22T15:34:07.809-0500] {logging_mixin.py:150} INFO - [2023-07-22T15:34:07.808-0500] {dag.py:3504} INFO - Setting next_dagrun for example_task_group_decorator to 2023-07-21T20:34:07.808780+00:00, run_after=2023-07-22T20:34:07.808780+00:00
[2023-07-22T15:34:07.830-0500] {processor.py:179} INFO - Processing /Users/abhishekpatkar/Documents/Projects/af_file_loader/venv/lib/python3.11/site-packages/airflow/example_dags/example_task_group_decorator.py took 0.746 seconds
[2023-07-22T15:35:57.721-0500] {processor.py:157} INFO - Started process (PID=19019) to work on /Users/abhishekpatkar/Documents/Projects/af_file_loader/venv/lib/python3.11/site-packages/airflow/example_dags/example_task_group_decorator.py
[2023-07-22T15:35:57.726-0500] {processor.py:826} INFO - Processing file /Users/abhishekpatkar/Documents/Projects/af_file_loader/venv/lib/python3.11/site-packages/airflow/example_dags/example_task_group_decorator.py for tasks to queue
[2023-07-22T15:35:57.726-0500] {logging_mixin.py:150} INFO - [2023-07-22T15:35:57.726-0500] {dagbag.py:541} INFO - Filling up the DagBag from /Users/abhishekpatkar/Documents/Projects/af_file_loader/venv/lib/python3.11/site-packages/airflow/example_dags/example_task_group_decorator.py
[2023-07-22T15:35:57.813-0500] {processor.py:836} INFO - DAG(s) dict_keys(['example_task_group_decorator']) retrieved from /Users/abhishekpatkar/Documents/Projects/af_file_loader/venv/lib/python3.11/site-packages/airflow/example_dags/example_task_group_decorator.py
[2023-07-22T15:35:58.466-0500] {logging_mixin.py:150} INFO - [2023-07-22T15:35:58.465-0500] {dag.py:2742} INFO - Sync 1 DAGs
[2023-07-22T15:35:58.481-0500] {logging_mixin.py:150} INFO - [2023-07-22T15:35:58.481-0500] {dag.py:3504} INFO - Setting next_dagrun for example_task_group_decorator to 2023-07-21T20:35:58.481217+00:00, run_after=2023-07-22T20:35:58.481217+00:00
[2023-07-22T15:35:58.501-0500] {processor.py:179} INFO - Processing /Users/abhishekpatkar/Documents/Projects/af_file_loader/venv/lib/python3.11/site-packages/airflow/example_dags/example_task_group_decorator.py took 0.781 seconds
[2023-07-22T15:47:34.723-0500] {processor.py:157} INFO - Started process (PID=19359) to work on /Users/abhishekpatkar/Documents/Projects/af_file_loader/venv/lib/python3.11/site-packages/airflow/example_dags/example_task_group_decorator.py
[2023-07-22T15:47:34.730-0500] {processor.py:826} INFO - Processing file /Users/abhishekpatkar/Documents/Projects/af_file_loader/venv/lib/python3.11/site-packages/airflow/example_dags/example_task_group_decorator.py for tasks to queue
[2023-07-22T15:47:34.731-0500] {logging_mixin.py:150} INFO - [2023-07-22T15:47:34.731-0500] {dagbag.py:541} INFO - Filling up the DagBag from /Users/abhishekpatkar/Documents/Projects/af_file_loader/venv/lib/python3.11/site-packages/airflow/example_dags/example_task_group_decorator.py
[2023-07-22T15:47:34.874-0500] {processor.py:836} INFO - DAG(s) dict_keys(['example_task_group_decorator']) retrieved from /Users/abhishekpatkar/Documents/Projects/af_file_loader/venv/lib/python3.11/site-packages/airflow/example_dags/example_task_group_decorator.py
[2023-07-22T15:47:35.924-0500] {logging_mixin.py:150} INFO - [2023-07-22T15:47:35.923-0500] {dag.py:2742} INFO - Sync 1 DAGs
[2023-07-22T15:47:35.946-0500] {logging_mixin.py:150} INFO - [2023-07-22T15:47:35.945-0500] {dag.py:3504} INFO - Setting next_dagrun for example_task_group_decorator to 2023-07-21T20:47:35.945647+00:00, run_after=2023-07-22T20:47:35.945647+00:00
[2023-07-22T15:47:35.974-0500] {processor.py:179} INFO - Processing /Users/abhishekpatkar/Documents/Projects/af_file_loader/venv/lib/python3.11/site-packages/airflow/example_dags/example_task_group_decorator.py took 1.252 seconds
[2023-07-22T15:49:55.748-0500] {processor.py:157} INFO - Started process (PID=19518) to work on /Users/abhishekpatkar/Documents/Projects/af_file_loader/venv/lib/python3.11/site-packages/airflow/example_dags/example_task_group_decorator.py
[2023-07-22T15:49:55.752-0500] {processor.py:826} INFO - Processing file /Users/abhishekpatkar/Documents/Projects/af_file_loader/venv/lib/python3.11/site-packages/airflow/example_dags/example_task_group_decorator.py for tasks to queue
[2023-07-22T15:49:55.753-0500] {logging_mixin.py:150} INFO - [2023-07-22T15:49:55.753-0500] {dagbag.py:541} INFO - Filling up the DagBag from /Users/abhishekpatkar/Documents/Projects/af_file_loader/venv/lib/python3.11/site-packages/airflow/example_dags/example_task_group_decorator.py
[2023-07-22T15:49:55.865-0500] {processor.py:836} INFO - DAG(s) dict_keys(['example_task_group_decorator']) retrieved from /Users/abhishekpatkar/Documents/Projects/af_file_loader/venv/lib/python3.11/site-packages/airflow/example_dags/example_task_group_decorator.py
[2023-07-22T15:49:56.856-0500] {logging_mixin.py:150} INFO - [2023-07-22T15:49:56.856-0500] {dag.py:2742} INFO - Sync 1 DAGs
[2023-07-22T15:49:56.877-0500] {logging_mixin.py:150} INFO - [2023-07-22T15:49:56.877-0500] {dag.py:3504} INFO - Setting next_dagrun for example_task_group_decorator to 2023-07-21T20:49:56.877078+00:00, run_after=2023-07-22T20:49:56.877078+00:00
[2023-07-22T15:49:56.900-0500] {processor.py:179} INFO - Processing /Users/abhishekpatkar/Documents/Projects/af_file_loader/venv/lib/python3.11/site-packages/airflow/example_dags/example_task_group_decorator.py took 1.153 seconds
[2023-07-22T15:52:32.396-0500] {processor.py:157} INFO - Started process (PID=19808) to work on /Users/abhishekpatkar/Documents/Projects/af_file_loader/venv/lib/python3.11/site-packages/airflow/example_dags/example_task_group_decorator.py
[2023-07-22T15:52:32.402-0500] {processor.py:826} INFO - Processing file /Users/abhishekpatkar/Documents/Projects/af_file_loader/venv/lib/python3.11/site-packages/airflow/example_dags/example_task_group_decorator.py for tasks to queue
[2023-07-22T15:52:32.402-0500] {logging_mixin.py:150} INFO - [2023-07-22T15:52:32.402-0500] {dagbag.py:541} INFO - Filling up the DagBag from /Users/abhishekpatkar/Documents/Projects/af_file_loader/venv/lib/python3.11/site-packages/airflow/example_dags/example_task_group_decorator.py
[2023-07-22T15:52:32.538-0500] {processor.py:836} INFO - DAG(s) dict_keys(['example_task_group_decorator']) retrieved from /Users/abhishekpatkar/Documents/Projects/af_file_loader/venv/lib/python3.11/site-packages/airflow/example_dags/example_task_group_decorator.py
[2023-07-22T15:52:33.716-0500] {logging_mixin.py:150} INFO - [2023-07-22T15:52:33.716-0500] {dag.py:2742} INFO - Sync 1 DAGs
[2023-07-22T15:52:33.748-0500] {logging_mixin.py:150} INFO - [2023-07-22T15:52:33.748-0500] {dag.py:3504} INFO - Setting next_dagrun for example_task_group_decorator to 2023-07-21T20:52:33.748068+00:00, run_after=2023-07-22T20:52:33.748068+00:00
[2023-07-22T15:52:33.788-0500] {processor.py:179} INFO - Processing /Users/abhishekpatkar/Documents/Projects/af_file_loader/venv/lib/python3.11/site-packages/airflow/example_dags/example_task_group_decorator.py took 1.395 seconds
[2023-07-22T15:55:12.363-0500] {processor.py:157} INFO - Started process (PID=19963) to work on /Users/abhishekpatkar/Documents/Projects/af_file_loader/venv/lib/python3.11/site-packages/airflow/example_dags/example_task_group_decorator.py
[2023-07-22T15:55:12.370-0500] {processor.py:826} INFO - Processing file /Users/abhishekpatkar/Documents/Projects/af_file_loader/venv/lib/python3.11/site-packages/airflow/example_dags/example_task_group_decorator.py for tasks to queue
[2023-07-22T15:55:12.371-0500] {logging_mixin.py:150} INFO - [2023-07-22T15:55:12.370-0500] {dagbag.py:541} INFO - Filling up the DagBag from /Users/abhishekpatkar/Documents/Projects/af_file_loader/venv/lib/python3.11/site-packages/airflow/example_dags/example_task_group_decorator.py
[2023-07-22T15:55:12.520-0500] {processor.py:836} INFO - DAG(s) dict_keys(['example_task_group_decorator']) retrieved from /Users/abhishekpatkar/Documents/Projects/af_file_loader/venv/lib/python3.11/site-packages/airflow/example_dags/example_task_group_decorator.py
[2023-07-22T15:55:13.418-0500] {logging_mixin.py:150} INFO - [2023-07-22T15:55:13.417-0500] {dag.py:2742} INFO - Sync 1 DAGs
[2023-07-22T15:55:13.445-0500] {logging_mixin.py:150} INFO - [2023-07-22T15:55:13.444-0500] {dag.py:3504} INFO - Setting next_dagrun for example_task_group_decorator to 2023-07-21T20:55:13.444655+00:00, run_after=2023-07-22T20:55:13.444655+00:00
[2023-07-22T15:55:13.485-0500] {processor.py:179} INFO - Processing /Users/abhishekpatkar/Documents/Projects/af_file_loader/venv/lib/python3.11/site-packages/airflow/example_dags/example_task_group_decorator.py took 1.124 seconds
[2023-07-22T15:57:52.337-0500] {processor.py:157} INFO - Started process (PID=20216) to work on /Users/abhishekpatkar/Documents/Projects/af_file_loader/venv/lib/python3.11/site-packages/airflow/example_dags/example_task_group_decorator.py
[2023-07-22T15:57:52.342-0500] {processor.py:826} INFO - Processing file /Users/abhishekpatkar/Documents/Projects/af_file_loader/venv/lib/python3.11/site-packages/airflow/example_dags/example_task_group_decorator.py for tasks to queue
[2023-07-22T15:57:52.342-0500] {logging_mixin.py:150} INFO - [2023-07-22T15:57:52.342-0500] {dagbag.py:541} INFO - Filling up the DagBag from /Users/abhishekpatkar/Documents/Projects/af_file_loader/venv/lib/python3.11/site-packages/airflow/example_dags/example_task_group_decorator.py
[2023-07-22T15:57:52.470-0500] {processor.py:836} INFO - DAG(s) dict_keys(['example_task_group_decorator']) retrieved from /Users/abhishekpatkar/Documents/Projects/af_file_loader/venv/lib/python3.11/site-packages/airflow/example_dags/example_task_group_decorator.py
[2023-07-22T15:57:53.255-0500] {logging_mixin.py:150} INFO - [2023-07-22T15:57:53.255-0500] {dag.py:2742} INFO - Sync 1 DAGs
[2023-07-22T15:57:53.281-0500] {logging_mixin.py:150} INFO - [2023-07-22T15:57:53.281-0500] {dag.py:3504} INFO - Setting next_dagrun for example_task_group_decorator to 2023-07-21T20:57:53.281514+00:00, run_after=2023-07-22T20:57:53.281514+00:00
[2023-07-22T15:57:53.305-0500] {processor.py:179} INFO - Processing /Users/abhishekpatkar/Documents/Projects/af_file_loader/venv/lib/python3.11/site-packages/airflow/example_dags/example_task_group_decorator.py took 0.968 seconds
[2023-07-22T16:00:19.226-0500] {processor.py:157} INFO - Started process (PID=20308) to work on /Users/abhishekpatkar/Documents/Projects/af_file_loader/venv/lib/python3.11/site-packages/airflow/example_dags/example_task_group_decorator.py
[2023-07-22T16:00:19.231-0500] {processor.py:826} INFO - Processing file /Users/abhishekpatkar/Documents/Projects/af_file_loader/venv/lib/python3.11/site-packages/airflow/example_dags/example_task_group_decorator.py for tasks to queue
[2023-07-22T16:00:19.232-0500] {logging_mixin.py:150} INFO - [2023-07-22T16:00:19.231-0500] {dagbag.py:541} INFO - Filling up the DagBag from /Users/abhishekpatkar/Documents/Projects/af_file_loader/venv/lib/python3.11/site-packages/airflow/example_dags/example_task_group_decorator.py
[2023-07-22T16:00:19.338-0500] {processor.py:836} INFO - DAG(s) dict_keys(['example_task_group_decorator']) retrieved from /Users/abhishekpatkar/Documents/Projects/af_file_loader/venv/lib/python3.11/site-packages/airflow/example_dags/example_task_group_decorator.py
[2023-07-22T16:00:20.111-0500] {logging_mixin.py:150} INFO - [2023-07-22T16:00:20.111-0500] {dag.py:2742} INFO - Sync 1 DAGs
[2023-07-22T16:00:20.133-0500] {logging_mixin.py:150} INFO - [2023-07-22T16:00:20.133-0500] {dag.py:3504} INFO - Setting next_dagrun for example_task_group_decorator to 2023-07-21T21:00:20.133301+00:00, run_after=2023-07-22T21:00:20.133301+00:00
[2023-07-22T16:00:20.164-0500] {processor.py:179} INFO - Processing /Users/abhishekpatkar/Documents/Projects/af_file_loader/venv/lib/python3.11/site-packages/airflow/example_dags/example_task_group_decorator.py took 0.938 seconds
[2023-07-22T16:02:42.960-0500] {processor.py:157} INFO - Started process (PID=20396) to work on /Users/abhishekpatkar/Documents/Projects/af_file_loader/venv/lib/python3.11/site-packages/airflow/example_dags/example_task_group_decorator.py
[2023-07-22T16:02:42.965-0500] {processor.py:826} INFO - Processing file /Users/abhishekpatkar/Documents/Projects/af_file_loader/venv/lib/python3.11/site-packages/airflow/example_dags/example_task_group_decorator.py for tasks to queue
[2023-07-22T16:02:42.966-0500] {logging_mixin.py:150} INFO - [2023-07-22T16:02:42.966-0500] {dagbag.py:541} INFO - Filling up the DagBag from /Users/abhishekpatkar/Documents/Projects/af_file_loader/venv/lib/python3.11/site-packages/airflow/example_dags/example_task_group_decorator.py
[2023-07-22T16:02:43.055-0500] {processor.py:836} INFO - DAG(s) dict_keys(['example_task_group_decorator']) retrieved from /Users/abhishekpatkar/Documents/Projects/af_file_loader/venv/lib/python3.11/site-packages/airflow/example_dags/example_task_group_decorator.py
[2023-07-22T16:02:43.688-0500] {logging_mixin.py:150} INFO - [2023-07-22T16:02:43.688-0500] {dag.py:2742} INFO - Sync 1 DAGs
[2023-07-22T16:02:43.704-0500] {logging_mixin.py:150} INFO - [2023-07-22T16:02:43.704-0500] {dag.py:3504} INFO - Setting next_dagrun for example_task_group_decorator to 2023-07-21T21:02:43.703887+00:00, run_after=2023-07-22T21:02:43.703887+00:00
[2023-07-22T16:02:43.725-0500] {processor.py:179} INFO - Processing /Users/abhishekpatkar/Documents/Projects/af_file_loader/venv/lib/python3.11/site-packages/airflow/example_dags/example_task_group_decorator.py took 0.765 seconds
[2023-07-22T16:04:34.311-0500] {processor.py:157} INFO - Started process (PID=20472) to work on /Users/abhishekpatkar/Documents/Projects/af_file_loader/venv/lib/python3.11/site-packages/airflow/example_dags/example_task_group_decorator.py
[2023-07-22T16:04:34.315-0500] {processor.py:826} INFO - Processing file /Users/abhishekpatkar/Documents/Projects/af_file_loader/venv/lib/python3.11/site-packages/airflow/example_dags/example_task_group_decorator.py for tasks to queue
[2023-07-22T16:04:34.316-0500] {logging_mixin.py:150} INFO - [2023-07-22T16:04:34.315-0500] {dagbag.py:541} INFO - Filling up the DagBag from /Users/abhishekpatkar/Documents/Projects/af_file_loader/venv/lib/python3.11/site-packages/airflow/example_dags/example_task_group_decorator.py
[2023-07-22T16:04:34.403-0500] {processor.py:836} INFO - DAG(s) dict_keys(['example_task_group_decorator']) retrieved from /Users/abhishekpatkar/Documents/Projects/af_file_loader/venv/lib/python3.11/site-packages/airflow/example_dags/example_task_group_decorator.py
[2023-07-22T16:04:35.032-0500] {logging_mixin.py:150} INFO - [2023-07-22T16:04:35.031-0500] {dag.py:2742} INFO - Sync 1 DAGs
[2023-07-22T16:04:35.047-0500] {logging_mixin.py:150} INFO - [2023-07-22T16:04:35.047-0500] {dag.py:3504} INFO - Setting next_dagrun for example_task_group_decorator to 2023-07-21T21:04:35.047063+00:00, run_after=2023-07-22T21:04:35.047063+00:00
[2023-07-22T16:04:35.067-0500] {processor.py:179} INFO - Processing /Users/abhishekpatkar/Documents/Projects/af_file_loader/venv/lib/python3.11/site-packages/airflow/example_dags/example_task_group_decorator.py took 0.756 seconds
[2023-07-22T16:06:22.005-0500] {processor.py:157} INFO - Started process (PID=20559) to work on /Users/abhishekpatkar/Documents/Projects/af_file_loader/venv/lib/python3.11/site-packages/airflow/example_dags/example_task_group_decorator.py
[2023-07-22T16:06:22.010-0500] {processor.py:826} INFO - Processing file /Users/abhishekpatkar/Documents/Projects/af_file_loader/venv/lib/python3.11/site-packages/airflow/example_dags/example_task_group_decorator.py for tasks to queue
[2023-07-22T16:06:22.010-0500] {logging_mixin.py:150} INFO - [2023-07-22T16:06:22.010-0500] {dagbag.py:541} INFO - Filling up the DagBag from /Users/abhishekpatkar/Documents/Projects/af_file_loader/venv/lib/python3.11/site-packages/airflow/example_dags/example_task_group_decorator.py
[2023-07-22T16:06:22.098-0500] {processor.py:836} INFO - DAG(s) dict_keys(['example_task_group_decorator']) retrieved from /Users/abhishekpatkar/Documents/Projects/af_file_loader/venv/lib/python3.11/site-packages/airflow/example_dags/example_task_group_decorator.py
[2023-07-22T16:06:22.694-0500] {logging_mixin.py:150} INFO - [2023-07-22T16:06:22.694-0500] {dag.py:2742} INFO - Sync 1 DAGs
[2023-07-22T16:06:22.710-0500] {logging_mixin.py:150} INFO - [2023-07-22T16:06:22.710-0500] {dag.py:3504} INFO - Setting next_dagrun for example_task_group_decorator to 2023-07-21T21:06:22.709863+00:00, run_after=2023-07-22T21:06:22.709863+00:00
[2023-07-22T16:06:22.730-0500] {processor.py:179} INFO - Processing /Users/abhishekpatkar/Documents/Projects/af_file_loader/venv/lib/python3.11/site-packages/airflow/example_dags/example_task_group_decorator.py took 0.726 seconds
[2023-07-22T16:08:12.915-0500] {processor.py:157} INFO - Started process (PID=20644) to work on /Users/abhishekpatkar/Documents/Projects/af_file_loader/venv/lib/python3.11/site-packages/airflow/example_dags/example_task_group_decorator.py
[2023-07-22T16:08:12.920-0500] {processor.py:826} INFO - Processing file /Users/abhishekpatkar/Documents/Projects/af_file_loader/venv/lib/python3.11/site-packages/airflow/example_dags/example_task_group_decorator.py for tasks to queue
[2023-07-22T16:08:12.921-0500] {logging_mixin.py:150} INFO - [2023-07-22T16:08:12.921-0500] {dagbag.py:541} INFO - Filling up the DagBag from /Users/abhishekpatkar/Documents/Projects/af_file_loader/venv/lib/python3.11/site-packages/airflow/example_dags/example_task_group_decorator.py
[2023-07-22T16:08:13.007-0500] {processor.py:836} INFO - DAG(s) dict_keys(['example_task_group_decorator']) retrieved from /Users/abhishekpatkar/Documents/Projects/af_file_loader/venv/lib/python3.11/site-packages/airflow/example_dags/example_task_group_decorator.py
[2023-07-22T16:08:13.598-0500] {logging_mixin.py:150} INFO - [2023-07-22T16:08:13.598-0500] {dag.py:2742} INFO - Sync 1 DAGs
[2023-07-22T16:08:13.614-0500] {logging_mixin.py:150} INFO - [2023-07-22T16:08:13.614-0500] {dag.py:3504} INFO - Setting next_dagrun for example_task_group_decorator to 2023-07-21T21:08:13.614122+00:00, run_after=2023-07-22T21:08:13.614122+00:00
[2023-07-22T16:08:13.634-0500] {processor.py:179} INFO - Processing /Users/abhishekpatkar/Documents/Projects/af_file_loader/venv/lib/python3.11/site-packages/airflow/example_dags/example_task_group_decorator.py took 0.720 seconds
[2023-07-22T16:10:04.988-0500] {processor.py:157} INFO - Started process (PID=20718) to work on /Users/abhishekpatkar/Documents/Projects/af_file_loader/venv/lib/python3.11/site-packages/airflow/example_dags/example_task_group_decorator.py
[2023-07-22T16:10:04.992-0500] {processor.py:826} INFO - Processing file /Users/abhishekpatkar/Documents/Projects/af_file_loader/venv/lib/python3.11/site-packages/airflow/example_dags/example_task_group_decorator.py for tasks to queue
[2023-07-22T16:10:04.992-0500] {logging_mixin.py:150} INFO - [2023-07-22T16:10:04.992-0500] {dagbag.py:541} INFO - Filling up the DagBag from /Users/abhishekpatkar/Documents/Projects/af_file_loader/venv/lib/python3.11/site-packages/airflow/example_dags/example_task_group_decorator.py
[2023-07-22T16:10:05.078-0500] {processor.py:836} INFO - DAG(s) dict_keys(['example_task_group_decorator']) retrieved from /Users/abhishekpatkar/Documents/Projects/af_file_loader/venv/lib/python3.11/site-packages/airflow/example_dags/example_task_group_decorator.py
[2023-07-22T16:10:05.660-0500] {logging_mixin.py:150} INFO - [2023-07-22T16:10:05.660-0500] {dag.py:2742} INFO - Sync 1 DAGs
[2023-07-22T16:10:05.676-0500] {logging_mixin.py:150} INFO - [2023-07-22T16:10:05.675-0500] {dag.py:3504} INFO - Setting next_dagrun for example_task_group_decorator to 2023-07-21T21:10:05.675686+00:00, run_after=2023-07-22T21:10:05.675686+00:00
[2023-07-22T16:10:05.696-0500] {processor.py:179} INFO - Processing /Users/abhishekpatkar/Documents/Projects/af_file_loader/venv/lib/python3.11/site-packages/airflow/example_dags/example_task_group_decorator.py took 0.708 seconds
[2023-07-22T16:23:46.597-0500] {processor.py:157} INFO - Started process (PID=20854) to work on /Users/abhishekpatkar/Documents/Projects/af_file_loader/venv/lib/python3.11/site-packages/airflow/example_dags/example_task_group_decorator.py
[2023-07-22T16:23:46.603-0500] {processor.py:826} INFO - Processing file /Users/abhishekpatkar/Documents/Projects/af_file_loader/venv/lib/python3.11/site-packages/airflow/example_dags/example_task_group_decorator.py for tasks to queue
[2023-07-22T16:23:46.603-0500] {logging_mixin.py:150} INFO - [2023-07-22T16:23:46.603-0500] {dagbag.py:541} INFO - Filling up the DagBag from /Users/abhishekpatkar/Documents/Projects/af_file_loader/venv/lib/python3.11/site-packages/airflow/example_dags/example_task_group_decorator.py
[2023-07-22T16:23:46.706-0500] {processor.py:836} INFO - DAG(s) dict_keys(['example_task_group_decorator']) retrieved from /Users/abhishekpatkar/Documents/Projects/af_file_loader/venv/lib/python3.11/site-packages/airflow/example_dags/example_task_group_decorator.py
[2023-07-22T16:23:47.394-0500] {logging_mixin.py:150} INFO - [2023-07-22T16:23:47.393-0500] {dag.py:2742} INFO - Sync 1 DAGs
[2023-07-22T16:23:47.413-0500] {logging_mixin.py:150} INFO - [2023-07-22T16:23:47.413-0500] {dag.py:3504} INFO - Setting next_dagrun for example_task_group_decorator to 2023-07-21T21:23:47.413028+00:00, run_after=2023-07-22T21:23:47.413028+00:00
[2023-07-22T16:23:47.436-0500] {processor.py:179} INFO - Processing /Users/abhishekpatkar/Documents/Projects/af_file_loader/venv/lib/python3.11/site-packages/airflow/example_dags/example_task_group_decorator.py took 0.840 seconds
[2023-07-22T16:26:32.024-0500] {processor.py:157} INFO - Started process (PID=20973) to work on /Users/abhishekpatkar/Documents/Projects/af_file_loader/venv/lib/python3.11/site-packages/airflow/example_dags/example_task_group_decorator.py
[2023-07-22T16:26:32.030-0500] {processor.py:826} INFO - Processing file /Users/abhishekpatkar/Documents/Projects/af_file_loader/venv/lib/python3.11/site-packages/airflow/example_dags/example_task_group_decorator.py for tasks to queue
[2023-07-22T16:26:32.031-0500] {logging_mixin.py:150} INFO - [2023-07-22T16:26:32.030-0500] {dagbag.py:541} INFO - Filling up the DagBag from /Users/abhishekpatkar/Documents/Projects/af_file_loader/venv/lib/python3.11/site-packages/airflow/example_dags/example_task_group_decorator.py
[2023-07-22T16:26:32.155-0500] {processor.py:836} INFO - DAG(s) dict_keys(['example_task_group_decorator']) retrieved from /Users/abhishekpatkar/Documents/Projects/af_file_loader/venv/lib/python3.11/site-packages/airflow/example_dags/example_task_group_decorator.py
[2023-07-22T16:26:33.343-0500] {logging_mixin.py:150} INFO - [2023-07-22T16:26:33.343-0500] {dag.py:2742} INFO - Sync 1 DAGs
[2023-07-22T16:26:33.381-0500] {logging_mixin.py:150} INFO - [2023-07-22T16:26:33.381-0500] {dag.py:3504} INFO - Setting next_dagrun for example_task_group_decorator to 2023-07-21T21:26:33.380981+00:00, run_after=2023-07-22T21:26:33.380981+00:00
[2023-07-22T16:26:33.460-0500] {processor.py:179} INFO - Processing /Users/abhishekpatkar/Documents/Projects/af_file_loader/venv/lib/python3.11/site-packages/airflow/example_dags/example_task_group_decorator.py took 1.437 seconds
[2023-07-22T16:29:57.263-0500] {processor.py:157} INFO - Started process (PID=21091) to work on /Users/abhishekpatkar/Documents/Projects/af_file_loader/venv/lib/python3.11/site-packages/airflow/example_dags/example_task_group_decorator.py
[2023-07-22T16:29:57.276-0500] {processor.py:826} INFO - Processing file /Users/abhishekpatkar/Documents/Projects/af_file_loader/venv/lib/python3.11/site-packages/airflow/example_dags/example_task_group_decorator.py for tasks to queue
[2023-07-22T16:29:57.278-0500] {logging_mixin.py:150} INFO - [2023-07-22T16:29:57.277-0500] {dagbag.py:541} INFO - Filling up the DagBag from /Users/abhishekpatkar/Documents/Projects/af_file_loader/venv/lib/python3.11/site-packages/airflow/example_dags/example_task_group_decorator.py
[2023-07-22T16:29:57.534-0500] {processor.py:836} INFO - DAG(s) dict_keys(['example_task_group_decorator']) retrieved from /Users/abhishekpatkar/Documents/Projects/af_file_loader/venv/lib/python3.11/site-packages/airflow/example_dags/example_task_group_decorator.py
[2023-07-22T16:29:58.501-0500] {logging_mixin.py:150} INFO - [2023-07-22T16:29:58.501-0500] {dag.py:2742} INFO - Sync 1 DAGs
[2023-07-22T16:29:58.524-0500] {logging_mixin.py:150} INFO - [2023-07-22T16:29:58.523-0500] {dag.py:3504} INFO - Setting next_dagrun for example_task_group_decorator to 2023-07-21T21:29:58.523578+00:00, run_after=2023-07-22T21:29:58.523578+00:00
[2023-07-22T16:29:58.555-0500] {processor.py:179} INFO - Processing /Users/abhishekpatkar/Documents/Projects/af_file_loader/venv/lib/python3.11/site-packages/airflow/example_dags/example_task_group_decorator.py took 1.295 seconds
[2023-07-22T16:33:09.620-0500] {processor.py:157} INFO - Started process (PID=21194) to work on /Users/abhishekpatkar/Documents/Projects/af_file_loader/venv/lib/python3.11/site-packages/airflow/example_dags/example_task_group_decorator.py
[2023-07-22T16:33:09.630-0500] {processor.py:826} INFO - Processing file /Users/abhishekpatkar/Documents/Projects/af_file_loader/venv/lib/python3.11/site-packages/airflow/example_dags/example_task_group_decorator.py for tasks to queue
[2023-07-22T16:33:09.631-0500] {logging_mixin.py:150} INFO - [2023-07-22T16:33:09.631-0500] {dagbag.py:541} INFO - Filling up the DagBag from /Users/abhishekpatkar/Documents/Projects/af_file_loader/venv/lib/python3.11/site-packages/airflow/example_dags/example_task_group_decorator.py
[2023-07-22T16:33:09.794-0500] {processor.py:836} INFO - DAG(s) dict_keys(['example_task_group_decorator']) retrieved from /Users/abhishekpatkar/Documents/Projects/af_file_loader/venv/lib/python3.11/site-packages/airflow/example_dags/example_task_group_decorator.py
[2023-07-22T16:33:11.312-0500] {logging_mixin.py:150} INFO - [2023-07-22T16:33:11.311-0500] {dag.py:2742} INFO - Sync 1 DAGs
[2023-07-22T16:33:11.339-0500] {logging_mixin.py:150} INFO - [2023-07-22T16:33:11.339-0500] {dag.py:3504} INFO - Setting next_dagrun for example_task_group_decorator to 2023-07-21T21:33:11.338749+00:00, run_after=2023-07-22T21:33:11.338749+00:00
[2023-07-22T16:33:11.387-0500] {processor.py:179} INFO - Processing /Users/abhishekpatkar/Documents/Projects/af_file_loader/venv/lib/python3.11/site-packages/airflow/example_dags/example_task_group_decorator.py took 1.769 seconds
[2023-07-22T16:36:50.492-0500] {processor.py:157} INFO - Started process (PID=21309) to work on /Users/abhishekpatkar/Documents/Projects/af_file_loader/venv/lib/python3.11/site-packages/airflow/example_dags/example_task_group_decorator.py
[2023-07-22T16:36:50.506-0500] {processor.py:826} INFO - Processing file /Users/abhishekpatkar/Documents/Projects/af_file_loader/venv/lib/python3.11/site-packages/airflow/example_dags/example_task_group_decorator.py for tasks to queue
[2023-07-22T16:36:50.516-0500] {logging_mixin.py:150} INFO - [2023-07-22T16:36:50.516-0500] {dagbag.py:541} INFO - Filling up the DagBag from /Users/abhishekpatkar/Documents/Projects/af_file_loader/venv/lib/python3.11/site-packages/airflow/example_dags/example_task_group_decorator.py
[2023-07-22T16:36:51.315-0500] {processor.py:836} INFO - DAG(s) dict_keys(['example_task_group_decorator']) retrieved from /Users/abhishekpatkar/Documents/Projects/af_file_loader/venv/lib/python3.11/site-packages/airflow/example_dags/example_task_group_decorator.py
[2023-07-22T16:36:55.916-0500] {logging_mixin.py:150} INFO - [2023-07-22T16:36:55.915-0500] {dag.py:2742} INFO - Sync 1 DAGs
[2023-07-22T16:36:55.991-0500] {logging_mixin.py:150} INFO - [2023-07-22T16:36:55.990-0500] {dag.py:3504} INFO - Setting next_dagrun for example_task_group_decorator to 2023-07-21T21:36:55.989994+00:00, run_after=2023-07-22T21:36:55.989994+00:00
[2023-07-22T16:36:56.137-0500] {processor.py:179} INFO - Processing /Users/abhishekpatkar/Documents/Projects/af_file_loader/venv/lib/python3.11/site-packages/airflow/example_dags/example_task_group_decorator.py took 5.647 seconds
[2023-07-22T16:41:48.624-0500] {processor.py:157} INFO - Started process (PID=21518) to work on /Users/abhishekpatkar/Documents/Projects/af_file_loader/venv/lib/python3.11/site-packages/airflow/example_dags/example_task_group_decorator.py
[2023-07-22T16:41:48.633-0500] {processor.py:826} INFO - Processing file /Users/abhishekpatkar/Documents/Projects/af_file_loader/venv/lib/python3.11/site-packages/airflow/example_dags/example_task_group_decorator.py for tasks to queue
[2023-07-22T16:41:48.635-0500] {logging_mixin.py:150} INFO - [2023-07-22T16:41:48.634-0500] {dagbag.py:541} INFO - Filling up the DagBag from /Users/abhishekpatkar/Documents/Projects/af_file_loader/venv/lib/python3.11/site-packages/airflow/example_dags/example_task_group_decorator.py
[2023-07-22T16:41:48.885-0500] {processor.py:836} INFO - DAG(s) dict_keys(['example_task_group_decorator']) retrieved from /Users/abhishekpatkar/Documents/Projects/af_file_loader/venv/lib/python3.11/site-packages/airflow/example_dags/example_task_group_decorator.py
[2023-07-22T16:41:50.229-0500] {logging_mixin.py:150} INFO - [2023-07-22T16:41:50.229-0500] {dag.py:2742} INFO - Sync 1 DAGs
[2023-07-22T16:41:50.254-0500] {logging_mixin.py:150} INFO - [2023-07-22T16:41:50.254-0500] {dag.py:3504} INFO - Setting next_dagrun for example_task_group_decorator to 2023-07-21T21:41:50.254530+00:00, run_after=2023-07-22T21:41:50.254530+00:00
[2023-07-22T16:41:50.309-0500] {processor.py:179} INFO - Processing /Users/abhishekpatkar/Documents/Projects/af_file_loader/venv/lib/python3.11/site-packages/airflow/example_dags/example_task_group_decorator.py took 1.686 seconds
[2023-07-22T16:45:42.222-0500] {processor.py:157} INFO - Started process (PID=21631) to work on /Users/abhishekpatkar/Documents/Projects/af_file_loader/venv/lib/python3.11/site-packages/airflow/example_dags/example_task_group_decorator.py
[2023-07-22T16:45:42.229-0500] {processor.py:826} INFO - Processing file /Users/abhishekpatkar/Documents/Projects/af_file_loader/venv/lib/python3.11/site-packages/airflow/example_dags/example_task_group_decorator.py for tasks to queue
[2023-07-22T16:45:42.229-0500] {logging_mixin.py:150} INFO - [2023-07-22T16:45:42.229-0500] {dagbag.py:541} INFO - Filling up the DagBag from /Users/abhishekpatkar/Documents/Projects/af_file_loader/venv/lib/python3.11/site-packages/airflow/example_dags/example_task_group_decorator.py
[2023-07-22T16:45:42.412-0500] {processor.py:836} INFO - DAG(s) dict_keys(['example_task_group_decorator']) retrieved from /Users/abhishekpatkar/Documents/Projects/af_file_loader/venv/lib/python3.11/site-packages/airflow/example_dags/example_task_group_decorator.py
[2023-07-22T16:45:44.138-0500] {logging_mixin.py:150} INFO - [2023-07-22T16:45:44.138-0500] {dag.py:2742} INFO - Sync 1 DAGs
[2023-07-22T16:45:44.169-0500] {logging_mixin.py:150} INFO - [2023-07-22T16:45:44.168-0500] {dag.py:3504} INFO - Setting next_dagrun for example_task_group_decorator to 2023-07-21T21:45:44.167975+00:00, run_after=2023-07-22T21:45:44.167975+00:00
[2023-07-22T16:45:44.202-0500] {processor.py:179} INFO - Processing /Users/abhishekpatkar/Documents/Projects/af_file_loader/venv/lib/python3.11/site-packages/airflow/example_dags/example_task_group_decorator.py took 1.982 seconds
[2023-07-22T16:49:21.140-0500] {processor.py:157} INFO - Started process (PID=21743) to work on /Users/abhishekpatkar/Documents/Projects/af_file_loader/venv/lib/python3.11/site-packages/airflow/example_dags/example_task_group_decorator.py
[2023-07-22T16:49:21.147-0500] {processor.py:826} INFO - Processing file /Users/abhishekpatkar/Documents/Projects/af_file_loader/venv/lib/python3.11/site-packages/airflow/example_dags/example_task_group_decorator.py for tasks to queue
[2023-07-22T16:49:21.148-0500] {logging_mixin.py:150} INFO - [2023-07-22T16:49:21.148-0500] {dagbag.py:541} INFO - Filling up the DagBag from /Users/abhishekpatkar/Documents/Projects/af_file_loader/venv/lib/python3.11/site-packages/airflow/example_dags/example_task_group_decorator.py
[2023-07-22T16:49:21.273-0500] {processor.py:836} INFO - DAG(s) dict_keys(['example_task_group_decorator']) retrieved from /Users/abhishekpatkar/Documents/Projects/af_file_loader/venv/lib/python3.11/site-packages/airflow/example_dags/example_task_group_decorator.py
[2023-07-22T16:49:22.553-0500] {logging_mixin.py:150} INFO - [2023-07-22T16:49:22.552-0500] {dag.py:2742} INFO - Sync 1 DAGs
[2023-07-22T16:49:22.589-0500] {logging_mixin.py:150} INFO - [2023-07-22T16:49:22.588-0500] {dag.py:3504} INFO - Setting next_dagrun for example_task_group_decorator to 2023-07-21T21:49:22.588731+00:00, run_after=2023-07-22T21:49:22.588731+00:00
[2023-07-22T16:49:22.649-0500] {processor.py:179} INFO - Processing /Users/abhishekpatkar/Documents/Projects/af_file_loader/venv/lib/python3.11/site-packages/airflow/example_dags/example_task_group_decorator.py took 1.510 seconds
[2023-07-22T16:53:18.938-0500] {processor.py:157} INFO - Started process (PID=21860) to work on /Users/abhishekpatkar/Documents/Projects/af_file_loader/venv/lib/python3.11/site-packages/airflow/example_dags/example_task_group_decorator.py
[2023-07-22T16:53:18.978-0500] {processor.py:826} INFO - Processing file /Users/abhishekpatkar/Documents/Projects/af_file_loader/venv/lib/python3.11/site-packages/airflow/example_dags/example_task_group_decorator.py for tasks to queue
[2023-07-22T16:53:18.980-0500] {logging_mixin.py:150} INFO - [2023-07-22T16:53:18.979-0500] {dagbag.py:541} INFO - Filling up the DagBag from /Users/abhishekpatkar/Documents/Projects/af_file_loader/venv/lib/python3.11/site-packages/airflow/example_dags/example_task_group_decorator.py
[2023-07-22T16:53:19.223-0500] {processor.py:836} INFO - DAG(s) dict_keys(['example_task_group_decorator']) retrieved from /Users/abhishekpatkar/Documents/Projects/af_file_loader/venv/lib/python3.11/site-packages/airflow/example_dags/example_task_group_decorator.py
[2023-07-22T16:53:20.712-0500] {logging_mixin.py:150} INFO - [2023-07-22T16:53:20.711-0500] {dag.py:2742} INFO - Sync 1 DAGs
[2023-07-22T16:53:20.750-0500] {logging_mixin.py:150} INFO - [2023-07-22T16:53:20.750-0500] {dag.py:3504} INFO - Setting next_dagrun for example_task_group_decorator to 2023-07-21T21:53:20.749593+00:00, run_after=2023-07-22T21:53:20.749593+00:00
[2023-07-22T16:53:20.817-0500] {processor.py:179} INFO - Processing /Users/abhishekpatkar/Documents/Projects/af_file_loader/venv/lib/python3.11/site-packages/airflow/example_dags/example_task_group_decorator.py took 1.881 seconds
[2023-07-22T16:56:28.953-0500] {processor.py:157} INFO - Started process (PID=21976) to work on /Users/abhishekpatkar/Documents/Projects/af_file_loader/venv/lib/python3.11/site-packages/airflow/example_dags/example_task_group_decorator.py
[2023-07-22T16:56:28.963-0500] {processor.py:826} INFO - Processing file /Users/abhishekpatkar/Documents/Projects/af_file_loader/venv/lib/python3.11/site-packages/airflow/example_dags/example_task_group_decorator.py for tasks to queue
[2023-07-22T16:56:28.964-0500] {logging_mixin.py:150} INFO - [2023-07-22T16:56:28.963-0500] {dagbag.py:541} INFO - Filling up the DagBag from /Users/abhishekpatkar/Documents/Projects/af_file_loader/venv/lib/python3.11/site-packages/airflow/example_dags/example_task_group_decorator.py
[2023-07-22T16:56:29.129-0500] {processor.py:836} INFO - DAG(s) dict_keys(['example_task_group_decorator']) retrieved from /Users/abhishekpatkar/Documents/Projects/af_file_loader/venv/lib/python3.11/site-packages/airflow/example_dags/example_task_group_decorator.py
[2023-07-22T16:56:30.235-0500] {logging_mixin.py:150} INFO - [2023-07-22T16:56:30.235-0500] {dag.py:2742} INFO - Sync 1 DAGs
[2023-07-22T16:56:30.257-0500] {logging_mixin.py:150} INFO - [2023-07-22T16:56:30.257-0500] {dag.py:3504} INFO - Setting next_dagrun for example_task_group_decorator to 2023-07-21T21:56:30.257302+00:00, run_after=2023-07-22T21:56:30.257302+00:00
[2023-07-22T16:56:30.289-0500] {processor.py:179} INFO - Processing /Users/abhishekpatkar/Documents/Projects/af_file_loader/venv/lib/python3.11/site-packages/airflow/example_dags/example_task_group_decorator.py took 1.337 seconds
[2023-07-22T16:59:26.472-0500] {processor.py:157} INFO - Started process (PID=22073) to work on /Users/abhishekpatkar/Documents/Projects/af_file_loader/venv/lib/python3.11/site-packages/airflow/example_dags/example_task_group_decorator.py
[2023-07-22T16:59:26.476-0500] {processor.py:826} INFO - Processing file /Users/abhishekpatkar/Documents/Projects/af_file_loader/venv/lib/python3.11/site-packages/airflow/example_dags/example_task_group_decorator.py for tasks to queue
[2023-07-22T16:59:26.477-0500] {logging_mixin.py:150} INFO - [2023-07-22T16:59:26.477-0500] {dagbag.py:541} INFO - Filling up the DagBag from /Users/abhishekpatkar/Documents/Projects/af_file_loader/venv/lib/python3.11/site-packages/airflow/example_dags/example_task_group_decorator.py
[2023-07-22T16:59:26.627-0500] {processor.py:836} INFO - DAG(s) dict_keys(['example_task_group_decorator']) retrieved from /Users/abhishekpatkar/Documents/Projects/af_file_loader/venv/lib/python3.11/site-packages/airflow/example_dags/example_task_group_decorator.py
[2023-07-22T16:59:27.847-0500] {logging_mixin.py:150} INFO - [2023-07-22T16:59:27.846-0500] {dag.py:2742} INFO - Sync 1 DAGs
[2023-07-22T16:59:27.873-0500] {logging_mixin.py:150} INFO - [2023-07-22T16:59:27.873-0500] {dag.py:3504} INFO - Setting next_dagrun for example_task_group_decorator to 2023-07-21T21:59:27.873326+00:00, run_after=2023-07-22T21:59:27.873326+00:00
[2023-07-22T16:59:27.926-0500] {processor.py:179} INFO - Processing /Users/abhishekpatkar/Documents/Projects/af_file_loader/venv/lib/python3.11/site-packages/airflow/example_dags/example_task_group_decorator.py took 1.455 seconds
[2023-07-22T17:03:31.755-0500] {processor.py:157} INFO - Started process (PID=22246) to work on /Users/abhishekpatkar/Documents/Projects/af_file_loader/venv/lib/python3.11/site-packages/airflow/example_dags/example_task_group_decorator.py
[2023-07-22T17:03:31.760-0500] {processor.py:826} INFO - Processing file /Users/abhishekpatkar/Documents/Projects/af_file_loader/venv/lib/python3.11/site-packages/airflow/example_dags/example_task_group_decorator.py for tasks to queue
[2023-07-22T17:03:31.760-0500] {logging_mixin.py:150} INFO - [2023-07-22T17:03:31.760-0500] {dagbag.py:541} INFO - Filling up the DagBag from /Users/abhishekpatkar/Documents/Projects/af_file_loader/venv/lib/python3.11/site-packages/airflow/example_dags/example_task_group_decorator.py
[2023-07-22T17:03:31.878-0500] {processor.py:836} INFO - DAG(s) dict_keys(['example_task_group_decorator']) retrieved from /Users/abhishekpatkar/Documents/Projects/af_file_loader/venv/lib/python3.11/site-packages/airflow/example_dags/example_task_group_decorator.py
[2023-07-22T17:03:32.676-0500] {logging_mixin.py:150} INFO - [2023-07-22T17:03:32.674-0500] {dag.py:2742} INFO - Sync 1 DAGs
[2023-07-22T17:03:32.696-0500] {logging_mixin.py:150} INFO - [2023-07-22T17:03:32.696-0500] {dag.py:3504} INFO - Setting next_dagrun for example_task_group_decorator to 2023-07-21T22:03:32.696358+00:00, run_after=2023-07-22T22:03:32.696358+00:00
[2023-07-22T17:03:32.722-0500] {processor.py:179} INFO - Processing /Users/abhishekpatkar/Documents/Projects/af_file_loader/venv/lib/python3.11/site-packages/airflow/example_dags/example_task_group_decorator.py took 0.968 seconds
[2023-07-22T17:05:42.527-0500] {processor.py:157} INFO - Started process (PID=22329) to work on /Users/abhishekpatkar/Documents/Projects/af_file_loader/venv/lib/python3.11/site-packages/airflow/example_dags/example_task_group_decorator.py
[2023-07-22T17:05:42.531-0500] {processor.py:826} INFO - Processing file /Users/abhishekpatkar/Documents/Projects/af_file_loader/venv/lib/python3.11/site-packages/airflow/example_dags/example_task_group_decorator.py for tasks to queue
[2023-07-22T17:05:42.531-0500] {logging_mixin.py:150} INFO - [2023-07-22T17:05:42.531-0500] {dagbag.py:541} INFO - Filling up the DagBag from /Users/abhishekpatkar/Documents/Projects/af_file_loader/venv/lib/python3.11/site-packages/airflow/example_dags/example_task_group_decorator.py
[2023-07-22T17:05:42.636-0500] {processor.py:836} INFO - DAG(s) dict_keys(['example_task_group_decorator']) retrieved from /Users/abhishekpatkar/Documents/Projects/af_file_loader/venv/lib/python3.11/site-packages/airflow/example_dags/example_task_group_decorator.py
[2023-07-22T17:05:43.346-0500] {logging_mixin.py:150} INFO - [2023-07-22T17:05:43.345-0500] {dag.py:2742} INFO - Sync 1 DAGs
[2023-07-22T17:05:43.363-0500] {logging_mixin.py:150} INFO - [2023-07-22T17:05:43.363-0500] {dag.py:3504} INFO - Setting next_dagrun for example_task_group_decorator to 2023-07-21T22:05:43.362900+00:00, run_after=2023-07-22T22:05:43.362900+00:00
[2023-07-22T17:05:43.387-0500] {processor.py:179} INFO - Processing /Users/abhishekpatkar/Documents/Projects/af_file_loader/venv/lib/python3.11/site-packages/airflow/example_dags/example_task_group_decorator.py took 0.861 seconds
[2023-07-22T17:07:37.557-0500] {processor.py:157} INFO - Started process (PID=22408) to work on /Users/abhishekpatkar/Documents/Projects/af_file_loader/venv/lib/python3.11/site-packages/airflow/example_dags/example_task_group_decorator.py
[2023-07-22T17:07:37.562-0500] {processor.py:826} INFO - Processing file /Users/abhishekpatkar/Documents/Projects/af_file_loader/venv/lib/python3.11/site-packages/airflow/example_dags/example_task_group_decorator.py for tasks to queue
[2023-07-22T17:07:37.563-0500] {logging_mixin.py:150} INFO - [2023-07-22T17:07:37.562-0500] {dagbag.py:541} INFO - Filling up the DagBag from /Users/abhishekpatkar/Documents/Projects/af_file_loader/venv/lib/python3.11/site-packages/airflow/example_dags/example_task_group_decorator.py
[2023-07-22T17:07:37.708-0500] {processor.py:836} INFO - DAG(s) dict_keys(['example_task_group_decorator']) retrieved from /Users/abhishekpatkar/Documents/Projects/af_file_loader/venv/lib/python3.11/site-packages/airflow/example_dags/example_task_group_decorator.py
[2023-07-22T17:07:38.400-0500] {logging_mixin.py:150} INFO - [2023-07-22T17:07:38.400-0500] {dag.py:2742} INFO - Sync 1 DAGs
[2023-07-22T17:07:38.418-0500] {logging_mixin.py:150} INFO - [2023-07-22T17:07:38.418-0500] {dag.py:3504} INFO - Setting next_dagrun for example_task_group_decorator to 2023-07-21T22:07:38.418421+00:00, run_after=2023-07-22T22:07:38.418421+00:00
[2023-07-22T17:07:38.442-0500] {processor.py:179} INFO - Processing /Users/abhishekpatkar/Documents/Projects/af_file_loader/venv/lib/python3.11/site-packages/airflow/example_dags/example_task_group_decorator.py took 0.886 seconds
[2023-07-22T17:09:39.743-0500] {processor.py:157} INFO - Started process (PID=22494) to work on /Users/abhishekpatkar/Documents/Projects/af_file_loader/venv/lib/python3.11/site-packages/airflow/example_dags/example_task_group_decorator.py
[2023-07-22T17:09:39.748-0500] {processor.py:826} INFO - Processing file /Users/abhishekpatkar/Documents/Projects/af_file_loader/venv/lib/python3.11/site-packages/airflow/example_dags/example_task_group_decorator.py for tasks to queue
[2023-07-22T17:09:39.748-0500] {logging_mixin.py:150} INFO - [2023-07-22T17:09:39.748-0500] {dagbag.py:541} INFO - Filling up the DagBag from /Users/abhishekpatkar/Documents/Projects/af_file_loader/venv/lib/python3.11/site-packages/airflow/example_dags/example_task_group_decorator.py
[2023-07-22T17:09:39.851-0500] {processor.py:836} INFO - DAG(s) dict_keys(['example_task_group_decorator']) retrieved from /Users/abhishekpatkar/Documents/Projects/af_file_loader/venv/lib/python3.11/site-packages/airflow/example_dags/example_task_group_decorator.py
[2023-07-22T17:09:40.555-0500] {logging_mixin.py:150} INFO - [2023-07-22T17:09:40.554-0500] {dag.py:2742} INFO - Sync 1 DAGs
[2023-07-22T17:09:40.575-0500] {logging_mixin.py:150} INFO - [2023-07-22T17:09:40.575-0500] {dag.py:3504} INFO - Setting next_dagrun for example_task_group_decorator to 2023-07-21T22:09:40.574968+00:00, run_after=2023-07-22T22:09:40.574968+00:00
[2023-07-22T17:09:40.603-0500] {processor.py:179} INFO - Processing /Users/abhishekpatkar/Documents/Projects/af_file_loader/venv/lib/python3.11/site-packages/airflow/example_dags/example_task_group_decorator.py took 0.859 seconds
[2023-07-22T17:11:41.550-0500] {processor.py:157} INFO - Started process (PID=22570) to work on /Users/abhishekpatkar/Documents/Projects/af_file_loader/venv/lib/python3.11/site-packages/airflow/example_dags/example_task_group_decorator.py
[2023-07-22T17:11:41.555-0500] {processor.py:826} INFO - Processing file /Users/abhishekpatkar/Documents/Projects/af_file_loader/venv/lib/python3.11/site-packages/airflow/example_dags/example_task_group_decorator.py for tasks to queue
[2023-07-22T17:11:41.555-0500] {logging_mixin.py:150} INFO - [2023-07-22T17:11:41.555-0500] {dagbag.py:541} INFO - Filling up the DagBag from /Users/abhishekpatkar/Documents/Projects/af_file_loader/venv/lib/python3.11/site-packages/airflow/example_dags/example_task_group_decorator.py
[2023-07-22T17:11:41.656-0500] {processor.py:836} INFO - DAG(s) dict_keys(['example_task_group_decorator']) retrieved from /Users/abhishekpatkar/Documents/Projects/af_file_loader/venv/lib/python3.11/site-packages/airflow/example_dags/example_task_group_decorator.py
[2023-07-22T17:11:42.360-0500] {logging_mixin.py:150} INFO - [2023-07-22T17:11:42.360-0500] {dag.py:2742} INFO - Sync 1 DAGs
[2023-07-22T17:11:42.377-0500] {logging_mixin.py:150} INFO - [2023-07-22T17:11:42.377-0500] {dag.py:3504} INFO - Setting next_dagrun for example_task_group_decorator to 2023-07-21T22:11:42.377175+00:00, run_after=2023-07-22T22:11:42.377175+00:00
[2023-07-22T17:11:42.399-0500] {processor.py:179} INFO - Processing /Users/abhishekpatkar/Documents/Projects/af_file_loader/venv/lib/python3.11/site-packages/airflow/example_dags/example_task_group_decorator.py took 0.851 seconds
[2023-07-22T17:13:39.706-0500] {processor.py:157} INFO - Started process (PID=22643) to work on /Users/abhishekpatkar/Documents/Projects/af_file_loader/venv/lib/python3.11/site-packages/airflow/example_dags/example_task_group_decorator.py
[2023-07-22T17:13:39.711-0500] {processor.py:826} INFO - Processing file /Users/abhishekpatkar/Documents/Projects/af_file_loader/venv/lib/python3.11/site-packages/airflow/example_dags/example_task_group_decorator.py for tasks to queue
[2023-07-22T17:13:39.712-0500] {logging_mixin.py:150} INFO - [2023-07-22T17:13:39.712-0500] {dagbag.py:541} INFO - Filling up the DagBag from /Users/abhishekpatkar/Documents/Projects/af_file_loader/venv/lib/python3.11/site-packages/airflow/example_dags/example_task_group_decorator.py
[2023-07-22T17:13:39.811-0500] {processor.py:836} INFO - DAG(s) dict_keys(['example_task_group_decorator']) retrieved from /Users/abhishekpatkar/Documents/Projects/af_file_loader/venv/lib/python3.11/site-packages/airflow/example_dags/example_task_group_decorator.py
[2023-07-22T17:13:40.549-0500] {logging_mixin.py:150} INFO - [2023-07-22T17:13:40.548-0500] {dag.py:2742} INFO - Sync 1 DAGs
[2023-07-22T17:13:40.566-0500] {logging_mixin.py:150} INFO - [2023-07-22T17:13:40.566-0500] {dag.py:3504} INFO - Setting next_dagrun for example_task_group_decorator to 2023-07-21T22:13:40.566479+00:00, run_after=2023-07-22T22:13:40.566479+00:00
[2023-07-22T17:13:40.587-0500] {processor.py:179} INFO - Processing /Users/abhishekpatkar/Documents/Projects/af_file_loader/venv/lib/python3.11/site-packages/airflow/example_dags/example_task_group_decorator.py took 0.882 seconds
[2023-07-22T17:15:39.546-0500] {processor.py:157} INFO - Started process (PID=22720) to work on /Users/abhishekpatkar/Documents/Projects/af_file_loader/venv/lib/python3.11/site-packages/airflow/example_dags/example_task_group_decorator.py
[2023-07-22T17:15:39.553-0500] {processor.py:826} INFO - Processing file /Users/abhishekpatkar/Documents/Projects/af_file_loader/venv/lib/python3.11/site-packages/airflow/example_dags/example_task_group_decorator.py for tasks to queue
[2023-07-22T17:15:39.553-0500] {logging_mixin.py:150} INFO - [2023-07-22T17:15:39.553-0500] {dagbag.py:541} INFO - Filling up the DagBag from /Users/abhishekpatkar/Documents/Projects/af_file_loader/venv/lib/python3.11/site-packages/airflow/example_dags/example_task_group_decorator.py
[2023-07-22T17:15:39.658-0500] {processor.py:836} INFO - DAG(s) dict_keys(['example_task_group_decorator']) retrieved from /Users/abhishekpatkar/Documents/Projects/af_file_loader/venv/lib/python3.11/site-packages/airflow/example_dags/example_task_group_decorator.py
[2023-07-22T17:15:40.379-0500] {logging_mixin.py:150} INFO - [2023-07-22T17:15:40.378-0500] {dag.py:2742} INFO - Sync 1 DAGs
[2023-07-22T17:15:40.394-0500] {logging_mixin.py:150} INFO - [2023-07-22T17:15:40.394-0500] {dag.py:3504} INFO - Setting next_dagrun for example_task_group_decorator to 2023-07-21T22:15:40.394617+00:00, run_after=2023-07-22T22:15:40.394617+00:00
[2023-07-22T17:15:40.418-0500] {processor.py:179} INFO - Processing /Users/abhishekpatkar/Documents/Projects/af_file_loader/venv/lib/python3.11/site-packages/airflow/example_dags/example_task_group_decorator.py took 0.873 seconds
[2023-07-22T17:18:00.553-0500] {processor.py:157} INFO - Started process (PID=22832) to work on /Users/abhishekpatkar/Documents/Projects/af_file_loader/venv/lib/python3.11/site-packages/airflow/example_dags/example_task_group_decorator.py
[2023-07-22T17:18:00.558-0500] {processor.py:826} INFO - Processing file /Users/abhishekpatkar/Documents/Projects/af_file_loader/venv/lib/python3.11/site-packages/airflow/example_dags/example_task_group_decorator.py for tasks to queue
[2023-07-22T17:18:00.558-0500] {logging_mixin.py:150} INFO - [2023-07-22T17:18:00.558-0500] {dagbag.py:541} INFO - Filling up the DagBag from /Users/abhishekpatkar/Documents/Projects/af_file_loader/venv/lib/python3.11/site-packages/airflow/example_dags/example_task_group_decorator.py
[2023-07-22T17:18:00.706-0500] {processor.py:836} INFO - DAG(s) dict_keys(['example_task_group_decorator']) retrieved from /Users/abhishekpatkar/Documents/Projects/af_file_loader/venv/lib/python3.11/site-packages/airflow/example_dags/example_task_group_decorator.py
[2023-07-22T17:18:01.572-0500] {logging_mixin.py:150} INFO - [2023-07-22T17:18:01.571-0500] {dag.py:2742} INFO - Sync 1 DAGs
[2023-07-22T17:18:01.611-0500] {logging_mixin.py:150} INFO - [2023-07-22T17:18:01.611-0500] {dag.py:3504} INFO - Setting next_dagrun for example_task_group_decorator to 2023-07-21T22:18:01.609310+00:00, run_after=2023-07-22T22:18:01.609310+00:00
[2023-07-22T17:18:01.640-0500] {processor.py:179} INFO - Processing /Users/abhishekpatkar/Documents/Projects/af_file_loader/venv/lib/python3.11/site-packages/airflow/example_dags/example_task_group_decorator.py took 1.088 seconds
[2023-07-22T17:20:29.700-0500] {processor.py:157} INFO - Started process (PID=22954) to work on /Users/abhishekpatkar/Documents/Projects/af_file_loader/venv/lib/python3.11/site-packages/airflow/example_dags/example_task_group_decorator.py
[2023-07-22T17:20:29.705-0500] {processor.py:826} INFO - Processing file /Users/abhishekpatkar/Documents/Projects/af_file_loader/venv/lib/python3.11/site-packages/airflow/example_dags/example_task_group_decorator.py for tasks to queue
[2023-07-22T17:20:29.705-0500] {logging_mixin.py:150} INFO - [2023-07-22T17:20:29.705-0500] {dagbag.py:541} INFO - Filling up the DagBag from /Users/abhishekpatkar/Documents/Projects/af_file_loader/venv/lib/python3.11/site-packages/airflow/example_dags/example_task_group_decorator.py
[2023-07-22T17:20:29.808-0500] {processor.py:836} INFO - DAG(s) dict_keys(['example_task_group_decorator']) retrieved from /Users/abhishekpatkar/Documents/Projects/af_file_loader/venv/lib/python3.11/site-packages/airflow/example_dags/example_task_group_decorator.py
[2023-07-22T17:20:30.581-0500] {logging_mixin.py:150} INFO - [2023-07-22T17:20:30.580-0500] {dag.py:2742} INFO - Sync 1 DAGs
[2023-07-22T17:20:30.598-0500] {logging_mixin.py:150} INFO - [2023-07-22T17:20:30.598-0500] {dag.py:3504} INFO - Setting next_dagrun for example_task_group_decorator to 2023-07-21T22:20:30.598608+00:00, run_after=2023-07-22T22:20:30.598608+00:00
[2023-07-22T17:20:30.626-0500] {processor.py:179} INFO - Processing /Users/abhishekpatkar/Documents/Projects/af_file_loader/venv/lib/python3.11/site-packages/airflow/example_dags/example_task_group_decorator.py took 0.927 seconds
[2023-07-22T17:22:30.364-0500] {processor.py:157} INFO - Started process (PID=23033) to work on /Users/abhishekpatkar/Documents/Projects/af_file_loader/venv/lib/python3.11/site-packages/airflow/example_dags/example_task_group_decorator.py
[2023-07-22T17:22:30.368-0500] {processor.py:826} INFO - Processing file /Users/abhishekpatkar/Documents/Projects/af_file_loader/venv/lib/python3.11/site-packages/airflow/example_dags/example_task_group_decorator.py for tasks to queue
[2023-07-22T17:22:30.368-0500] {logging_mixin.py:150} INFO - [2023-07-22T17:22:30.368-0500] {dagbag.py:541} INFO - Filling up the DagBag from /Users/abhishekpatkar/Documents/Projects/af_file_loader/venv/lib/python3.11/site-packages/airflow/example_dags/example_task_group_decorator.py
[2023-07-22T17:22:30.467-0500] {processor.py:836} INFO - DAG(s) dict_keys(['example_task_group_decorator']) retrieved from /Users/abhishekpatkar/Documents/Projects/af_file_loader/venv/lib/python3.11/site-packages/airflow/example_dags/example_task_group_decorator.py
[2023-07-22T17:22:31.166-0500] {logging_mixin.py:150} INFO - [2023-07-22T17:22:31.166-0500] {dag.py:2742} INFO - Sync 1 DAGs
[2023-07-22T17:22:31.185-0500] {logging_mixin.py:150} INFO - [2023-07-22T17:22:31.185-0500] {dag.py:3504} INFO - Setting next_dagrun for example_task_group_decorator to 2023-07-21T22:22:31.185080+00:00, run_after=2023-07-22T22:22:31.185080+00:00
[2023-07-22T17:22:31.208-0500] {processor.py:179} INFO - Processing /Users/abhishekpatkar/Documents/Projects/af_file_loader/venv/lib/python3.11/site-packages/airflow/example_dags/example_task_group_decorator.py took 0.845 seconds
[2023-07-22T17:27:23.468-0500] {processor.py:157} INFO - Started process (PID=23224) to work on /Users/abhishekpatkar/Documents/Projects/af_file_loader/venv/lib/python3.11/site-packages/airflow/example_dags/example_task_group_decorator.py
[2023-07-22T17:27:23.476-0500] {processor.py:826} INFO - Processing file /Users/abhishekpatkar/Documents/Projects/af_file_loader/venv/lib/python3.11/site-packages/airflow/example_dags/example_task_group_decorator.py for tasks to queue
[2023-07-22T17:27:23.478-0500] {logging_mixin.py:150} INFO - [2023-07-22T17:27:23.478-0500] {dagbag.py:541} INFO - Filling up the DagBag from /Users/abhishekpatkar/Documents/Projects/af_file_loader/venv/lib/python3.11/site-packages/airflow/example_dags/example_task_group_decorator.py
[2023-07-22T17:27:23.776-0500] {processor.py:836} INFO - DAG(s) dict_keys(['example_task_group_decorator']) retrieved from /Users/abhishekpatkar/Documents/Projects/af_file_loader/venv/lib/python3.11/site-packages/airflow/example_dags/example_task_group_decorator.py
[2023-07-22T17:27:26.305-0500] {logging_mixin.py:150} INFO - [2023-07-22T17:27:26.301-0500] {dag.py:2742} INFO - Sync 1 DAGs
[2023-07-22T17:27:26.365-0500] {logging_mixin.py:150} INFO - [2023-07-22T17:27:26.365-0500] {dag.py:3504} INFO - Setting next_dagrun for example_task_group_decorator to 2023-07-21T22:27:26.365002+00:00, run_after=2023-07-22T22:27:26.365002+00:00
[2023-07-22T17:27:26.454-0500] {processor.py:179} INFO - Processing /Users/abhishekpatkar/Documents/Projects/af_file_loader/venv/lib/python3.11/site-packages/airflow/example_dags/example_task_group_decorator.py took 2.989 seconds
[2023-07-22T17:30:54.428-0500] {processor.py:157} INFO - Started process (PID=23378) to work on /Users/abhishekpatkar/Documents/Projects/af_file_loader/venv/lib/python3.11/site-packages/airflow/example_dags/example_task_group_decorator.py
[2023-07-22T17:30:54.439-0500] {processor.py:826} INFO - Processing file /Users/abhishekpatkar/Documents/Projects/af_file_loader/venv/lib/python3.11/site-packages/airflow/example_dags/example_task_group_decorator.py for tasks to queue
[2023-07-22T17:30:54.441-0500] {logging_mixin.py:150} INFO - [2023-07-22T17:30:54.440-0500] {dagbag.py:541} INFO - Filling up the DagBag from /Users/abhishekpatkar/Documents/Projects/af_file_loader/venv/lib/python3.11/site-packages/airflow/example_dags/example_task_group_decorator.py
[2023-07-22T17:30:54.603-0500] {processor.py:836} INFO - DAG(s) dict_keys(['example_task_group_decorator']) retrieved from /Users/abhishekpatkar/Documents/Projects/af_file_loader/venv/lib/python3.11/site-packages/airflow/example_dags/example_task_group_decorator.py
[2023-07-22T17:30:55.363-0500] {logging_mixin.py:150} INFO - [2023-07-22T17:30:55.363-0500] {dag.py:2742} INFO - Sync 1 DAGs
[2023-07-22T17:30:55.386-0500] {logging_mixin.py:150} INFO - [2023-07-22T17:30:55.385-0500] {dag.py:3504} INFO - Setting next_dagrun for example_task_group_decorator to 2023-07-21T22:30:55.385555+00:00, run_after=2023-07-22T22:30:55.385555+00:00
[2023-07-22T17:30:55.418-0500] {processor.py:179} INFO - Processing /Users/abhishekpatkar/Documents/Projects/af_file_loader/venv/lib/python3.11/site-packages/airflow/example_dags/example_task_group_decorator.py took 0.992 seconds
[2023-07-22T17:33:03.344-0500] {processor.py:157} INFO - Started process (PID=23462) to work on /Users/abhishekpatkar/Documents/Projects/af_file_loader/venv/lib/python3.11/site-packages/airflow/example_dags/example_task_group_decorator.py
[2023-07-22T17:33:03.349-0500] {processor.py:826} INFO - Processing file /Users/abhishekpatkar/Documents/Projects/af_file_loader/venv/lib/python3.11/site-packages/airflow/example_dags/example_task_group_decorator.py for tasks to queue
[2023-07-22T17:33:03.350-0500] {logging_mixin.py:150} INFO - [2023-07-22T17:33:03.350-0500] {dagbag.py:541} INFO - Filling up the DagBag from /Users/abhishekpatkar/Documents/Projects/af_file_loader/venv/lib/python3.11/site-packages/airflow/example_dags/example_task_group_decorator.py
[2023-07-22T17:33:03.444-0500] {processor.py:836} INFO - DAG(s) dict_keys(['example_task_group_decorator']) retrieved from /Users/abhishekpatkar/Documents/Projects/af_file_loader/venv/lib/python3.11/site-packages/airflow/example_dags/example_task_group_decorator.py
[2023-07-22T17:33:04.051-0500] {logging_mixin.py:150} INFO - [2023-07-22T17:33:04.050-0500] {dag.py:2742} INFO - Sync 1 DAGs
[2023-07-22T17:33:04.067-0500] {logging_mixin.py:150} INFO - [2023-07-22T17:33:04.067-0500] {dag.py:3504} INFO - Setting next_dagrun for example_task_group_decorator to 2023-07-21T22:33:04.067596+00:00, run_after=2023-07-22T22:33:04.067596+00:00
[2023-07-22T17:33:04.086-0500] {processor.py:179} INFO - Processing /Users/abhishekpatkar/Documents/Projects/af_file_loader/venv/lib/python3.11/site-packages/airflow/example_dags/example_task_group_decorator.py took 0.742 seconds
[2023-07-22T17:35:00.181-0500] {processor.py:157} INFO - Started process (PID=23536) to work on /Users/abhishekpatkar/Documents/Projects/af_file_loader/venv/lib/python3.11/site-packages/airflow/example_dags/example_task_group_decorator.py
[2023-07-22T17:35:00.186-0500] {processor.py:826} INFO - Processing file /Users/abhishekpatkar/Documents/Projects/af_file_loader/venv/lib/python3.11/site-packages/airflow/example_dags/example_task_group_decorator.py for tasks to queue
[2023-07-22T17:35:00.187-0500] {logging_mixin.py:150} INFO - [2023-07-22T17:35:00.187-0500] {dagbag.py:541} INFO - Filling up the DagBag from /Users/abhishekpatkar/Documents/Projects/af_file_loader/venv/lib/python3.11/site-packages/airflow/example_dags/example_task_group_decorator.py
[2023-07-22T17:35:00.279-0500] {processor.py:836} INFO - DAG(s) dict_keys(['example_task_group_decorator']) retrieved from /Users/abhishekpatkar/Documents/Projects/af_file_loader/venv/lib/python3.11/site-packages/airflow/example_dags/example_task_group_decorator.py
[2023-07-22T17:35:01.014-0500] {logging_mixin.py:150} INFO - [2023-07-22T17:35:01.013-0500] {dag.py:2742} INFO - Sync 1 DAGs
[2023-07-22T17:35:01.055-0500] {logging_mixin.py:150} INFO - [2023-07-22T17:35:01.054-0500] {dag.py:3504} INFO - Setting next_dagrun for example_task_group_decorator to 2023-07-21T22:35:01.054552+00:00, run_after=2023-07-22T22:35:01.054552+00:00
[2023-07-22T17:35:01.085-0500] {processor.py:179} INFO - Processing /Users/abhishekpatkar/Documents/Projects/af_file_loader/venv/lib/python3.11/site-packages/airflow/example_dags/example_task_group_decorator.py took 0.905 seconds
[2023-07-22T17:37:52.961-0500] {processor.py:157} INFO - Started process (PID=23658) to work on /Users/abhishekpatkar/Documents/Projects/af_file_loader/venv/lib/python3.11/site-packages/airflow/example_dags/example_task_group_decorator.py
[2023-07-22T17:37:52.965-0500] {processor.py:826} INFO - Processing file /Users/abhishekpatkar/Documents/Projects/af_file_loader/venv/lib/python3.11/site-packages/airflow/example_dags/example_task_group_decorator.py for tasks to queue
[2023-07-22T17:37:52.965-0500] {logging_mixin.py:150} INFO - [2023-07-22T17:37:52.965-0500] {dagbag.py:541} INFO - Filling up the DagBag from /Users/abhishekpatkar/Documents/Projects/af_file_loader/venv/lib/python3.11/site-packages/airflow/example_dags/example_task_group_decorator.py
[2023-07-22T17:37:53.087-0500] {processor.py:836} INFO - DAG(s) dict_keys(['example_task_group_decorator']) retrieved from /Users/abhishekpatkar/Documents/Projects/af_file_loader/venv/lib/python3.11/site-packages/airflow/example_dags/example_task_group_decorator.py
[2023-07-22T17:37:53.725-0500] {logging_mixin.py:150} INFO - [2023-07-22T17:37:53.724-0500] {dag.py:2742} INFO - Sync 1 DAGs
[2023-07-22T17:37:53.740-0500] {logging_mixin.py:150} INFO - [2023-07-22T17:37:53.740-0500] {dag.py:3504} INFO - Setting next_dagrun for example_task_group_decorator to 2023-07-21T22:37:53.740498+00:00, run_after=2023-07-22T22:37:53.740498+00:00
[2023-07-22T17:37:53.767-0500] {processor.py:179} INFO - Processing /Users/abhishekpatkar/Documents/Projects/af_file_loader/venv/lib/python3.11/site-packages/airflow/example_dags/example_task_group_decorator.py took 0.807 seconds
[2023-07-22T17:43:56.243-0500] {processor.py:157} INFO - Started process (PID=23879) to work on /Users/abhishekpatkar/Documents/Projects/af_file_loader/venv/lib/python3.11/site-packages/airflow/example_dags/example_task_group_decorator.py
[2023-07-22T17:43:56.261-0500] {processor.py:826} INFO - Processing file /Users/abhishekpatkar/Documents/Projects/af_file_loader/venv/lib/python3.11/site-packages/airflow/example_dags/example_task_group_decorator.py for tasks to queue
[2023-07-22T17:43:56.262-0500] {logging_mixin.py:150} INFO - [2023-07-22T17:43:56.261-0500] {dagbag.py:541} INFO - Filling up the DagBag from /Users/abhishekpatkar/Documents/Projects/af_file_loader/venv/lib/python3.11/site-packages/airflow/example_dags/example_task_group_decorator.py
[2023-07-22T17:43:57.001-0500] {processor.py:836} INFO - DAG(s) dict_keys(['example_task_group_decorator']) retrieved from /Users/abhishekpatkar/Documents/Projects/af_file_loader/venv/lib/python3.11/site-packages/airflow/example_dags/example_task_group_decorator.py
[2023-07-22T17:44:03.477-0500] {logging_mixin.py:150} INFO - [2023-07-22T17:44:03.477-0500] {dag.py:2742} INFO - Sync 1 DAGs
[2023-07-22T17:44:03.600-0500] {logging_mixin.py:150} INFO - [2023-07-22T17:44:03.600-0500] {dag.py:3504} INFO - Setting next_dagrun for example_task_group_decorator to 2023-07-21T22:44:03.600281+00:00, run_after=2023-07-22T22:44:03.600281+00:00
[2023-07-22T17:44:03.652-0500] {processor.py:179} INFO - Processing /Users/abhishekpatkar/Documents/Projects/af_file_loader/venv/lib/python3.11/site-packages/airflow/example_dags/example_task_group_decorator.py took 7.410 seconds
[2023-07-22T17:51:48.148-0500] {processor.py:157} INFO - Started process (PID=24272) to work on /Users/abhishekpatkar/Documents/Projects/af_file_loader/venv/lib/python3.11/site-packages/airflow/example_dags/example_task_group_decorator.py
[2023-07-22T17:51:48.158-0500] {processor.py:826} INFO - Processing file /Users/abhishekpatkar/Documents/Projects/af_file_loader/venv/lib/python3.11/site-packages/airflow/example_dags/example_task_group_decorator.py for tasks to queue
[2023-07-22T17:51:48.159-0500] {logging_mixin.py:150} INFO - [2023-07-22T17:51:48.159-0500] {dagbag.py:541} INFO - Filling up the DagBag from /Users/abhishekpatkar/Documents/Projects/af_file_loader/venv/lib/python3.11/site-packages/airflow/example_dags/example_task_group_decorator.py
[2023-07-22T17:51:48.394-0500] {processor.py:836} INFO - DAG(s) dict_keys(['example_task_group_decorator']) retrieved from /Users/abhishekpatkar/Documents/Projects/af_file_loader/venv/lib/python3.11/site-packages/airflow/example_dags/example_task_group_decorator.py
[2023-07-22T17:51:50.281-0500] {logging_mixin.py:150} INFO - [2023-07-22T17:51:50.281-0500] {dag.py:2742} INFO - Sync 1 DAGs
[2023-07-22T17:51:50.314-0500] {logging_mixin.py:150} INFO - [2023-07-22T17:51:50.313-0500] {dag.py:3504} INFO - Setting next_dagrun for example_task_group_decorator to 2023-07-21T22:51:50.313347+00:00, run_after=2023-07-22T22:51:50.313347+00:00
[2023-07-22T17:51:50.349-0500] {processor.py:179} INFO - Processing /Users/abhishekpatkar/Documents/Projects/af_file_loader/venv/lib/python3.11/site-packages/airflow/example_dags/example_task_group_decorator.py took 2.205 seconds
[2023-07-22T17:57:02.731-0500] {processor.py:157} INFO - Started process (PID=24531) to work on /Users/abhishekpatkar/Documents/Projects/af_file_loader/venv/lib/python3.11/site-packages/airflow/example_dags/example_task_group_decorator.py
[2023-07-22T17:57:02.738-0500] {processor.py:826} INFO - Processing file /Users/abhishekpatkar/Documents/Projects/af_file_loader/venv/lib/python3.11/site-packages/airflow/example_dags/example_task_group_decorator.py for tasks to queue
[2023-07-22T17:57:02.739-0500] {logging_mixin.py:150} INFO - [2023-07-22T17:57:02.739-0500] {dagbag.py:541} INFO - Filling up the DagBag from /Users/abhishekpatkar/Documents/Projects/af_file_loader/venv/lib/python3.11/site-packages/airflow/example_dags/example_task_group_decorator.py
[2023-07-22T17:57:02.879-0500] {processor.py:836} INFO - DAG(s) dict_keys(['example_task_group_decorator']) retrieved from /Users/abhishekpatkar/Documents/Projects/af_file_loader/venv/lib/python3.11/site-packages/airflow/example_dags/example_task_group_decorator.py
[2023-07-22T17:57:04.571-0500] {logging_mixin.py:150} INFO - [2023-07-22T17:57:04.571-0500] {dag.py:2742} INFO - Sync 1 DAGs
[2023-07-22T17:57:04.601-0500] {logging_mixin.py:150} INFO - [2023-07-22T17:57:04.601-0500] {dag.py:3504} INFO - Setting next_dagrun for example_task_group_decorator to 2023-07-21T22:57:04.601272+00:00, run_after=2023-07-22T22:57:04.601272+00:00
[2023-07-22T17:57:04.627-0500] {processor.py:179} INFO - Processing /Users/abhishekpatkar/Documents/Projects/af_file_loader/venv/lib/python3.11/site-packages/airflow/example_dags/example_task_group_decorator.py took 1.898 seconds
[2023-07-22T18:01:08.620-0500] {processor.py:157} INFO - Started process (PID=24709) to work on /Users/abhishekpatkar/Documents/Projects/af_file_loader/venv/lib/python3.11/site-packages/airflow/example_dags/example_task_group_decorator.py
[2023-07-22T18:01:08.624-0500] {processor.py:826} INFO - Processing file /Users/abhishekpatkar/Documents/Projects/af_file_loader/venv/lib/python3.11/site-packages/airflow/example_dags/example_task_group_decorator.py for tasks to queue
[2023-07-22T18:01:08.624-0500] {logging_mixin.py:150} INFO - [2023-07-22T18:01:08.624-0500] {dagbag.py:541} INFO - Filling up the DagBag from /Users/abhishekpatkar/Documents/Projects/af_file_loader/venv/lib/python3.11/site-packages/airflow/example_dags/example_task_group_decorator.py
[2023-07-22T18:01:08.725-0500] {processor.py:836} INFO - DAG(s) dict_keys(['example_task_group_decorator']) retrieved from /Users/abhishekpatkar/Documents/Projects/af_file_loader/venv/lib/python3.11/site-packages/airflow/example_dags/example_task_group_decorator.py
[2023-07-22T18:01:09.822-0500] {logging_mixin.py:150} INFO - [2023-07-22T18:01:09.821-0500] {dag.py:2742} INFO - Sync 1 DAGs
[2023-07-22T18:01:09.847-0500] {logging_mixin.py:150} INFO - [2023-07-22T18:01:09.847-0500] {dag.py:3504} INFO - Setting next_dagrun for example_task_group_decorator to 2023-07-21T23:01:09.847243+00:00, run_after=2023-07-22T23:01:09.847243+00:00
[2023-07-22T18:01:09.871-0500] {processor.py:179} INFO - Processing /Users/abhishekpatkar/Documents/Projects/af_file_loader/venv/lib/python3.11/site-packages/airflow/example_dags/example_task_group_decorator.py took 1.252 seconds
[2023-07-22T18:05:11.403-0500] {processor.py:157} INFO - Started process (PID=24848) to work on /Users/abhishekpatkar/Documents/Projects/af_file_loader/venv/lib/python3.11/site-packages/airflow/example_dags/example_task_group_decorator.py
[2023-07-22T18:05:11.409-0500] {processor.py:826} INFO - Processing file /Users/abhishekpatkar/Documents/Projects/af_file_loader/venv/lib/python3.11/site-packages/airflow/example_dags/example_task_group_decorator.py for tasks to queue
[2023-07-22T18:05:11.410-0500] {logging_mixin.py:150} INFO - [2023-07-22T18:05:11.410-0500] {dagbag.py:541} INFO - Filling up the DagBag from /Users/abhishekpatkar/Documents/Projects/af_file_loader/venv/lib/python3.11/site-packages/airflow/example_dags/example_task_group_decorator.py
[2023-07-22T18:05:11.529-0500] {processor.py:836} INFO - DAG(s) dict_keys(['example_task_group_decorator']) retrieved from /Users/abhishekpatkar/Documents/Projects/af_file_loader/venv/lib/python3.11/site-packages/airflow/example_dags/example_task_group_decorator.py
[2023-07-22T18:05:12.566-0500] {logging_mixin.py:150} INFO - [2023-07-22T18:05:12.566-0500] {dag.py:2742} INFO - Sync 1 DAGs
[2023-07-22T18:05:12.594-0500] {logging_mixin.py:150} INFO - [2023-07-22T18:05:12.594-0500] {dag.py:3504} INFO - Setting next_dagrun for example_task_group_decorator to 2023-07-21T23:05:12.594530+00:00, run_after=2023-07-22T23:05:12.594530+00:00
[2023-07-22T18:05:12.622-0500] {processor.py:179} INFO - Processing /Users/abhishekpatkar/Documents/Projects/af_file_loader/venv/lib/python3.11/site-packages/airflow/example_dags/example_task_group_decorator.py took 1.221 seconds
