[2023-07-22T14:50:27.535-0500] {processor.py:157} INFO - Started process (PID=16575) to work on /Users/abhishekpatkar/Documents/Projects/af_file_loader/venv/lib/python3.11/site-packages/airflow/example_dags/example_trigger_controller_dag.py
[2023-07-22T14:50:27.541-0500] {processor.py:826} INFO - Processing file /Users/abhishekpatkar/Documents/Projects/af_file_loader/venv/lib/python3.11/site-packages/airflow/example_dags/example_trigger_controller_dag.py for tasks to queue
[2023-07-22T14:50:27.542-0500] {logging_mixin.py:150} INFO - [2023-07-22T14:50:27.542-0500] {dagbag.py:541} INFO - Filling up the DagBag from /Users/abhishekpatkar/Documents/Projects/af_file_loader/venv/lib/python3.11/site-packages/airflow/example_dags/example_trigger_controller_dag.py
[2023-07-22T14:50:27.585-0500] {processor.py:836} INFO - DAG(s) dict_keys(['example_trigger_controller_dag']) retrieved from /Users/abhishekpatkar/Documents/Projects/af_file_loader/venv/lib/python3.11/site-packages/airflow/example_dags/example_trigger_controller_dag.py
[2023-07-22T14:50:30.801-0500] {logging_mixin.py:150} INFO - [2023-07-22T14:50:30.801-0500] {manager.py:504} INFO - Created Permission View: can edit on DAG:example_trigger_controller_dag
[2023-07-22T14:50:30.912-0500] {logging_mixin.py:150} INFO - [2023-07-22T14:50:30.912-0500] {manager.py:504} INFO - Created Permission View: can delete on DAG:example_trigger_controller_dag
[2023-07-22T14:50:30.938-0500] {logging_mixin.py:150} INFO - [2023-07-22T14:50:30.938-0500] {manager.py:504} INFO - Created Permission View: can read on DAG:example_trigger_controller_dag
[2023-07-22T14:50:31.045-0500] {logging_mixin.py:150} INFO - [2023-07-22T14:50:31.044-0500] {dag.py:2742} INFO - Sync 1 DAGs
[2023-07-22T14:50:31.107-0500] {logging_mixin.py:150} INFO - [2023-07-22T14:50:31.107-0500] {dag.py:2763} INFO - Creating ORM DAG for example_trigger_controller_dag
[2023-07-22T14:50:31.224-0500] {logging_mixin.py:150} INFO - [2023-07-22T14:50:31.224-0500] {dag.py:3504} INFO - Setting next_dagrun for example_trigger_controller_dag to 2021-01-01T00:00:00+00:00, run_after=2021-01-01T00:00:00+00:00
[2023-07-22T14:50:31.310-0500] {processor.py:179} INFO - Processing /Users/abhishekpatkar/Documents/Projects/af_file_loader/venv/lib/python3.11/site-packages/airflow/example_dags/example_trigger_controller_dag.py took 3.776 seconds
[2023-07-22T14:53:54.229-0500] {processor.py:157} INFO - Started process (PID=16749) to work on /Users/abhishekpatkar/Documents/Projects/af_file_loader/venv/lib/python3.11/site-packages/airflow/example_dags/example_trigger_controller_dag.py
[2023-07-22T14:53:54.232-0500] {processor.py:826} INFO - Processing file /Users/abhishekpatkar/Documents/Projects/af_file_loader/venv/lib/python3.11/site-packages/airflow/example_dags/example_trigger_controller_dag.py for tasks to queue
[2023-07-22T14:53:54.233-0500] {logging_mixin.py:150} INFO - [2023-07-22T14:53:54.233-0500] {dagbag.py:541} INFO - Filling up the DagBag from /Users/abhishekpatkar/Documents/Projects/af_file_loader/venv/lib/python3.11/site-packages/airflow/example_dags/example_trigger_controller_dag.py
[2023-07-22T14:53:54.276-0500] {processor.py:836} INFO - DAG(s) dict_keys(['example_trigger_controller_dag']) retrieved from /Users/abhishekpatkar/Documents/Projects/af_file_loader/venv/lib/python3.11/site-packages/airflow/example_dags/example_trigger_controller_dag.py
[2023-07-22T14:53:54.966-0500] {logging_mixin.py:150} INFO - [2023-07-22T14:53:54.966-0500] {dag.py:2742} INFO - Sync 1 DAGs
[2023-07-22T14:53:54.982-0500] {logging_mixin.py:150} INFO - [2023-07-22T14:53:54.982-0500] {dag.py:3504} INFO - Setting next_dagrun for example_trigger_controller_dag to 2021-01-01T00:00:00+00:00, run_after=2021-01-01T00:00:00+00:00
[2023-07-22T14:53:55.004-0500] {processor.py:179} INFO - Processing /Users/abhishekpatkar/Documents/Projects/af_file_loader/venv/lib/python3.11/site-packages/airflow/example_dags/example_trigger_controller_dag.py took 0.777 seconds
[2023-07-22T14:56:41.293-0500] {processor.py:157} INFO - Started process (PID=16954) to work on /Users/abhishekpatkar/Documents/Projects/af_file_loader/venv/lib/python3.11/site-packages/airflow/example_dags/example_trigger_controller_dag.py
[2023-07-22T14:56:41.297-0500] {processor.py:826} INFO - Processing file /Users/abhishekpatkar/Documents/Projects/af_file_loader/venv/lib/python3.11/site-packages/airflow/example_dags/example_trigger_controller_dag.py for tasks to queue
[2023-07-22T14:56:41.298-0500] {logging_mixin.py:150} INFO - [2023-07-22T14:56:41.298-0500] {dagbag.py:541} INFO - Filling up the DagBag from /Users/abhishekpatkar/Documents/Projects/af_file_loader/venv/lib/python3.11/site-packages/airflow/example_dags/example_trigger_controller_dag.py
[2023-07-22T14:56:41.334-0500] {processor.py:836} INFO - DAG(s) dict_keys(['example_trigger_controller_dag']) retrieved from /Users/abhishekpatkar/Documents/Projects/af_file_loader/venv/lib/python3.11/site-packages/airflow/example_dags/example_trigger_controller_dag.py
[2023-07-22T14:56:42.197-0500] {logging_mixin.py:150} INFO - [2023-07-22T14:56:42.197-0500] {dag.py:2742} INFO - Sync 1 DAGs
[2023-07-22T14:56:42.233-0500] {logging_mixin.py:150} INFO - [2023-07-22T14:56:42.232-0500] {dag.py:3504} INFO - Setting next_dagrun for example_trigger_controller_dag to 2021-01-01T00:00:00+00:00, run_after=2021-01-01T00:00:00+00:00
[2023-07-22T14:56:42.301-0500] {processor.py:179} INFO - Processing /Users/abhishekpatkar/Documents/Projects/af_file_loader/venv/lib/python3.11/site-packages/airflow/example_dags/example_trigger_controller_dag.py took 1.010 seconds
[2023-07-22T14:59:09.706-0500] {processor.py:157} INFO - Started process (PID=17047) to work on /Users/abhishekpatkar/Documents/Projects/af_file_loader/venv/lib/python3.11/site-packages/airflow/example_dags/example_trigger_controller_dag.py
[2023-07-22T14:59:09.710-0500] {processor.py:826} INFO - Processing file /Users/abhishekpatkar/Documents/Projects/af_file_loader/venv/lib/python3.11/site-packages/airflow/example_dags/example_trigger_controller_dag.py for tasks to queue
[2023-07-22T14:59:09.711-0500] {logging_mixin.py:150} INFO - [2023-07-22T14:59:09.711-0500] {dagbag.py:541} INFO - Filling up the DagBag from /Users/abhishekpatkar/Documents/Projects/af_file_loader/venv/lib/python3.11/site-packages/airflow/example_dags/example_trigger_controller_dag.py
[2023-07-22T14:59:09.733-0500] {processor.py:836} INFO - DAG(s) dict_keys(['example_trigger_controller_dag']) retrieved from /Users/abhishekpatkar/Documents/Projects/af_file_loader/venv/lib/python3.11/site-packages/airflow/example_dags/example_trigger_controller_dag.py
[2023-07-22T14:59:10.539-0500] {logging_mixin.py:150} INFO - [2023-07-22T14:59:10.539-0500] {dag.py:2742} INFO - Sync 1 DAGs
[2023-07-22T14:59:10.565-0500] {logging_mixin.py:150} INFO - [2023-07-22T14:59:10.565-0500] {dag.py:3504} INFO - Setting next_dagrun for example_trigger_controller_dag to 2021-01-01T00:00:00+00:00, run_after=2021-01-01T00:00:00+00:00
[2023-07-22T14:59:10.595-0500] {processor.py:179} INFO - Processing /Users/abhishekpatkar/Documents/Projects/af_file_loader/venv/lib/python3.11/site-packages/airflow/example_dags/example_trigger_controller_dag.py took 0.890 seconds
[2023-07-22T15:01:32.339-0500] {processor.py:157} INFO - Started process (PID=17128) to work on /Users/abhishekpatkar/Documents/Projects/af_file_loader/venv/lib/python3.11/site-packages/airflow/example_dags/example_trigger_controller_dag.py
[2023-07-22T15:01:32.344-0500] {processor.py:826} INFO - Processing file /Users/abhishekpatkar/Documents/Projects/af_file_loader/venv/lib/python3.11/site-packages/airflow/example_dags/example_trigger_controller_dag.py for tasks to queue
[2023-07-22T15:01:32.345-0500] {logging_mixin.py:150} INFO - [2023-07-22T15:01:32.344-0500] {dagbag.py:541} INFO - Filling up the DagBag from /Users/abhishekpatkar/Documents/Projects/af_file_loader/venv/lib/python3.11/site-packages/airflow/example_dags/example_trigger_controller_dag.py
[2023-07-22T15:01:32.368-0500] {processor.py:836} INFO - DAG(s) dict_keys(['example_trigger_controller_dag']) retrieved from /Users/abhishekpatkar/Documents/Projects/af_file_loader/venv/lib/python3.11/site-packages/airflow/example_dags/example_trigger_controller_dag.py
[2023-07-22T15:01:33.290-0500] {logging_mixin.py:150} INFO - [2023-07-22T15:01:33.289-0500] {dag.py:2742} INFO - Sync 1 DAGs
[2023-07-22T15:01:33.317-0500] {logging_mixin.py:150} INFO - [2023-07-22T15:01:33.316-0500] {dag.py:3504} INFO - Setting next_dagrun for example_trigger_controller_dag to 2021-01-01T00:00:00+00:00, run_after=2021-01-01T00:00:00+00:00
[2023-07-22T15:01:33.360-0500] {processor.py:179} INFO - Processing /Users/abhishekpatkar/Documents/Projects/af_file_loader/venv/lib/python3.11/site-packages/airflow/example_dags/example_trigger_controller_dag.py took 1.022 seconds
[2023-07-22T15:04:07.606-0500] {processor.py:157} INFO - Started process (PID=17438) to work on /Users/abhishekpatkar/Documents/Projects/af_file_loader/venv/lib/python3.11/site-packages/airflow/example_dags/example_trigger_controller_dag.py
[2023-07-22T15:04:07.613-0500] {processor.py:826} INFO - Processing file /Users/abhishekpatkar/Documents/Projects/af_file_loader/venv/lib/python3.11/site-packages/airflow/example_dags/example_trigger_controller_dag.py for tasks to queue
[2023-07-22T15:04:07.614-0500] {logging_mixin.py:150} INFO - [2023-07-22T15:04:07.614-0500] {dagbag.py:541} INFO - Filling up the DagBag from /Users/abhishekpatkar/Documents/Projects/af_file_loader/venv/lib/python3.11/site-packages/airflow/example_dags/example_trigger_controller_dag.py
[2023-07-22T15:04:07.646-0500] {processor.py:836} INFO - DAG(s) dict_keys(['example_trigger_controller_dag']) retrieved from /Users/abhishekpatkar/Documents/Projects/af_file_loader/venv/lib/python3.11/site-packages/airflow/example_dags/example_trigger_controller_dag.py
[2023-07-22T15:04:08.634-0500] {logging_mixin.py:150} INFO - [2023-07-22T15:04:08.634-0500] {dag.py:2742} INFO - Sync 1 DAGs
[2023-07-22T15:04:08.652-0500] {logging_mixin.py:150} INFO - [2023-07-22T15:04:08.652-0500] {dag.py:3504} INFO - Setting next_dagrun for example_trigger_controller_dag to 2021-01-01T00:00:00+00:00, run_after=2021-01-01T00:00:00+00:00
[2023-07-22T15:04:08.675-0500] {processor.py:179} INFO - Processing /Users/abhishekpatkar/Documents/Projects/af_file_loader/venv/lib/python3.11/site-packages/airflow/example_dags/example_trigger_controller_dag.py took 1.070 seconds
[2023-07-22T15:08:27.790-0500] {processor.py:157} INFO - Started process (PID=17716) to work on /Users/abhishekpatkar/Documents/Projects/af_file_loader/venv/lib/python3.11/site-packages/airflow/example_dags/example_trigger_controller_dag.py
[2023-07-22T15:08:27.823-0500] {processor.py:826} INFO - Processing file /Users/abhishekpatkar/Documents/Projects/af_file_loader/venv/lib/python3.11/site-packages/airflow/example_dags/example_trigger_controller_dag.py for tasks to queue
[2023-07-22T15:08:27.829-0500] {logging_mixin.py:150} INFO - [2023-07-22T15:08:27.829-0500] {dagbag.py:541} INFO - Filling up the DagBag from /Users/abhishekpatkar/Documents/Projects/af_file_loader/venv/lib/python3.11/site-packages/airflow/example_dags/example_trigger_controller_dag.py
[2023-07-22T15:08:27.954-0500] {processor.py:836} INFO - DAG(s) dict_keys(['example_trigger_controller_dag']) retrieved from /Users/abhishekpatkar/Documents/Projects/af_file_loader/venv/lib/python3.11/site-packages/airflow/example_dags/example_trigger_controller_dag.py
[2023-07-22T15:08:32.614-0500] {logging_mixin.py:150} INFO - [2023-07-22T15:08:32.613-0500] {dag.py:2742} INFO - Sync 1 DAGs
[2023-07-22T15:08:32.803-0500] {logging_mixin.py:150} INFO - [2023-07-22T15:08:32.794-0500] {dag.py:3504} INFO - Setting next_dagrun for example_trigger_controller_dag to 2021-01-01T00:00:00+00:00, run_after=2021-01-01T00:00:00+00:00
[2023-07-22T15:08:32.875-0500] {processor.py:179} INFO - Processing /Users/abhishekpatkar/Documents/Projects/af_file_loader/venv/lib/python3.11/site-packages/airflow/example_dags/example_trigger_controller_dag.py took 5.087 seconds
[2023-07-22T15:12:42.885-0500] {processor.py:157} INFO - Started process (PID=17873) to work on /Users/abhishekpatkar/Documents/Projects/af_file_loader/venv/lib/python3.11/site-packages/airflow/example_dags/example_trigger_controller_dag.py
[2023-07-22T15:12:42.895-0500] {processor.py:826} INFO - Processing file /Users/abhishekpatkar/Documents/Projects/af_file_loader/venv/lib/python3.11/site-packages/airflow/example_dags/example_trigger_controller_dag.py for tasks to queue
[2023-07-22T15:12:42.899-0500] {logging_mixin.py:150} INFO - [2023-07-22T15:12:42.899-0500] {dagbag.py:541} INFO - Filling up the DagBag from /Users/abhishekpatkar/Documents/Projects/af_file_loader/venv/lib/python3.11/site-packages/airflow/example_dags/example_trigger_controller_dag.py
[2023-07-22T15:12:42.927-0500] {processor.py:836} INFO - DAG(s) dict_keys(['example_trigger_controller_dag']) retrieved from /Users/abhishekpatkar/Documents/Projects/af_file_loader/venv/lib/python3.11/site-packages/airflow/example_dags/example_trigger_controller_dag.py
[2023-07-22T15:12:44.057-0500] {logging_mixin.py:150} INFO - [2023-07-22T15:12:44.056-0500] {dag.py:2742} INFO - Sync 1 DAGs
[2023-07-22T15:12:44.073-0500] {logging_mixin.py:150} INFO - [2023-07-22T15:12:44.073-0500] {dag.py:3504} INFO - Setting next_dagrun for example_trigger_controller_dag to 2021-01-01T00:00:00+00:00, run_after=2021-01-01T00:00:00+00:00
[2023-07-22T15:12:44.103-0500] {processor.py:179} INFO - Processing /Users/abhishekpatkar/Documents/Projects/af_file_loader/venv/lib/python3.11/site-packages/airflow/example_dags/example_trigger_controller_dag.py took 1.220 seconds
[2023-07-22T15:15:25.383-0500] {processor.py:157} INFO - Started process (PID=17964) to work on /Users/abhishekpatkar/Documents/Projects/af_file_loader/venv/lib/python3.11/site-packages/airflow/example_dags/example_trigger_controller_dag.py
[2023-07-22T15:15:25.389-0500] {processor.py:826} INFO - Processing file /Users/abhishekpatkar/Documents/Projects/af_file_loader/venv/lib/python3.11/site-packages/airflow/example_dags/example_trigger_controller_dag.py for tasks to queue
[2023-07-22T15:15:25.390-0500] {logging_mixin.py:150} INFO - [2023-07-22T15:15:25.390-0500] {dagbag.py:541} INFO - Filling up the DagBag from /Users/abhishekpatkar/Documents/Projects/af_file_loader/venv/lib/python3.11/site-packages/airflow/example_dags/example_trigger_controller_dag.py
[2023-07-22T15:15:25.426-0500] {processor.py:836} INFO - DAG(s) dict_keys(['example_trigger_controller_dag']) retrieved from /Users/abhishekpatkar/Documents/Projects/af_file_loader/venv/lib/python3.11/site-packages/airflow/example_dags/example_trigger_controller_dag.py
[2023-07-22T15:15:26.552-0500] {logging_mixin.py:150} INFO - [2023-07-22T15:15:26.552-0500] {dag.py:2742} INFO - Sync 1 DAGs
[2023-07-22T15:15:26.575-0500] {logging_mixin.py:150} INFO - [2023-07-22T15:15:26.575-0500] {dag.py:3504} INFO - Setting next_dagrun for example_trigger_controller_dag to 2021-01-01T00:00:00+00:00, run_after=2021-01-01T00:00:00+00:00
[2023-07-22T15:15:26.608-0500] {processor.py:179} INFO - Processing /Users/abhishekpatkar/Documents/Projects/af_file_loader/venv/lib/python3.11/site-packages/airflow/example_dags/example_trigger_controller_dag.py took 1.228 seconds
[2023-07-22T15:18:16.635-0500] {processor.py:157} INFO - Started process (PID=18066) to work on /Users/abhishekpatkar/Documents/Projects/af_file_loader/venv/lib/python3.11/site-packages/airflow/example_dags/example_trigger_controller_dag.py
[2023-07-22T15:18:16.641-0500] {processor.py:826} INFO - Processing file /Users/abhishekpatkar/Documents/Projects/af_file_loader/venv/lib/python3.11/site-packages/airflow/example_dags/example_trigger_controller_dag.py for tasks to queue
[2023-07-22T15:18:16.641-0500] {logging_mixin.py:150} INFO - [2023-07-22T15:18:16.641-0500] {dagbag.py:541} INFO - Filling up the DagBag from /Users/abhishekpatkar/Documents/Projects/af_file_loader/venv/lib/python3.11/site-packages/airflow/example_dags/example_trigger_controller_dag.py
[2023-07-22T15:18:16.675-0500] {processor.py:836} INFO - DAG(s) dict_keys(['example_trigger_controller_dag']) retrieved from /Users/abhishekpatkar/Documents/Projects/af_file_loader/venv/lib/python3.11/site-packages/airflow/example_dags/example_trigger_controller_dag.py
[2023-07-22T15:18:18.037-0500] {logging_mixin.py:150} INFO - [2023-07-22T15:18:18.037-0500] {dag.py:2742} INFO - Sync 1 DAGs
[2023-07-22T15:18:18.064-0500] {logging_mixin.py:150} INFO - [2023-07-22T15:18:18.064-0500] {dag.py:3504} INFO - Setting next_dagrun for example_trigger_controller_dag to 2021-01-01T00:00:00+00:00, run_after=2021-01-01T00:00:00+00:00
[2023-07-22T15:18:18.086-0500] {processor.py:179} INFO - Processing /Users/abhishekpatkar/Documents/Projects/af_file_loader/venv/lib/python3.11/site-packages/airflow/example_dags/example_trigger_controller_dag.py took 1.452 seconds
[2023-07-22T15:21:03.767-0500] {processor.py:157} INFO - Started process (PID=18168) to work on /Users/abhishekpatkar/Documents/Projects/af_file_loader/venv/lib/python3.11/site-packages/airflow/example_dags/example_trigger_controller_dag.py
[2023-07-22T15:21:03.771-0500] {processor.py:826} INFO - Processing file /Users/abhishekpatkar/Documents/Projects/af_file_loader/venv/lib/python3.11/site-packages/airflow/example_dags/example_trigger_controller_dag.py for tasks to queue
[2023-07-22T15:21:03.772-0500] {logging_mixin.py:150} INFO - [2023-07-22T15:21:03.772-0500] {dagbag.py:541} INFO - Filling up the DagBag from /Users/abhishekpatkar/Documents/Projects/af_file_loader/venv/lib/python3.11/site-packages/airflow/example_dags/example_trigger_controller_dag.py
[2023-07-22T15:21:03.822-0500] {processor.py:836} INFO - DAG(s) dict_keys(['example_trigger_controller_dag']) retrieved from /Users/abhishekpatkar/Documents/Projects/af_file_loader/venv/lib/python3.11/site-packages/airflow/example_dags/example_trigger_controller_dag.py
[2023-07-22T15:21:06.578-0500] {logging_mixin.py:150} INFO - [2023-07-22T15:21:06.578-0500] {dag.py:2742} INFO - Sync 1 DAGs
[2023-07-22T15:21:06.615-0500] {logging_mixin.py:150} INFO - [2023-07-22T15:21:06.615-0500] {dag.py:3504} INFO - Setting next_dagrun for example_trigger_controller_dag to 2021-01-01T00:00:00+00:00, run_after=2021-01-01T00:00:00+00:00
[2023-07-22T15:21:06.645-0500] {processor.py:179} INFO - Processing /Users/abhishekpatkar/Documents/Projects/af_file_loader/venv/lib/python3.11/site-packages/airflow/example_dags/example_trigger_controller_dag.py took 2.878 seconds
[2023-07-22T15:23:29.324-0500] {processor.py:157} INFO - Started process (PID=18262) to work on /Users/abhishekpatkar/Documents/Projects/af_file_loader/venv/lib/python3.11/site-packages/airflow/example_dags/example_trigger_controller_dag.py
[2023-07-22T15:23:29.328-0500] {processor.py:826} INFO - Processing file /Users/abhishekpatkar/Documents/Projects/af_file_loader/venv/lib/python3.11/site-packages/airflow/example_dags/example_trigger_controller_dag.py for tasks to queue
[2023-07-22T15:23:29.328-0500] {logging_mixin.py:150} INFO - [2023-07-22T15:23:29.328-0500] {dagbag.py:541} INFO - Filling up the DagBag from /Users/abhishekpatkar/Documents/Projects/af_file_loader/venv/lib/python3.11/site-packages/airflow/example_dags/example_trigger_controller_dag.py
[2023-07-22T15:23:29.352-0500] {processor.py:836} INFO - DAG(s) dict_keys(['example_trigger_controller_dag']) retrieved from /Users/abhishekpatkar/Documents/Projects/af_file_loader/venv/lib/python3.11/site-packages/airflow/example_dags/example_trigger_controller_dag.py
[2023-07-22T15:23:30.057-0500] {logging_mixin.py:150} INFO - [2023-07-22T15:23:30.057-0500] {dag.py:2742} INFO - Sync 1 DAGs
[2023-07-22T15:23:30.073-0500] {logging_mixin.py:150} INFO - [2023-07-22T15:23:30.072-0500] {dag.py:3504} INFO - Setting next_dagrun for example_trigger_controller_dag to 2021-01-01T00:00:00+00:00, run_after=2021-01-01T00:00:00+00:00
[2023-07-22T15:23:30.090-0500] {processor.py:179} INFO - Processing /Users/abhishekpatkar/Documents/Projects/af_file_loader/venv/lib/python3.11/site-packages/airflow/example_dags/example_trigger_controller_dag.py took 0.767 seconds
[2023-07-22T15:25:42.370-0500] {processor.py:157} INFO - Started process (PID=18351) to work on /Users/abhishekpatkar/Documents/Projects/af_file_loader/venv/lib/python3.11/site-packages/airflow/example_dags/example_trigger_controller_dag.py
[2023-07-22T15:25:42.374-0500] {processor.py:826} INFO - Processing file /Users/abhishekpatkar/Documents/Projects/af_file_loader/venv/lib/python3.11/site-packages/airflow/example_dags/example_trigger_controller_dag.py for tasks to queue
[2023-07-22T15:25:42.374-0500] {logging_mixin.py:150} INFO - [2023-07-22T15:25:42.374-0500] {dagbag.py:541} INFO - Filling up the DagBag from /Users/abhishekpatkar/Documents/Projects/af_file_loader/venv/lib/python3.11/site-packages/airflow/example_dags/example_trigger_controller_dag.py
[2023-07-22T15:25:42.403-0500] {processor.py:836} INFO - DAG(s) dict_keys(['example_trigger_controller_dag']) retrieved from /Users/abhishekpatkar/Documents/Projects/af_file_loader/venv/lib/python3.11/site-packages/airflow/example_dags/example_trigger_controller_dag.py
[2023-07-22T15:25:43.279-0500] {logging_mixin.py:150} INFO - [2023-07-22T15:25:43.279-0500] {dag.py:2742} INFO - Sync 1 DAGs
[2023-07-22T15:25:43.377-0500] {logging_mixin.py:150} INFO - [2023-07-22T15:25:43.377-0500] {dag.py:3504} INFO - Setting next_dagrun for example_trigger_controller_dag to 2021-01-01T00:00:00+00:00, run_after=2021-01-01T00:00:00+00:00
[2023-07-22T15:25:43.403-0500] {processor.py:179} INFO - Processing /Users/abhishekpatkar/Documents/Projects/af_file_loader/venv/lib/python3.11/site-packages/airflow/example_dags/example_trigger_controller_dag.py took 1.035 seconds
[2023-07-22T15:29:26.745-0500] {processor.py:157} INFO - Started process (PID=18662) to work on /Users/abhishekpatkar/Documents/Projects/af_file_loader/venv/lib/python3.11/site-packages/airflow/example_dags/example_trigger_controller_dag.py
[2023-07-22T15:29:26.758-0500] {processor.py:826} INFO - Processing file /Users/abhishekpatkar/Documents/Projects/af_file_loader/venv/lib/python3.11/site-packages/airflow/example_dags/example_trigger_controller_dag.py for tasks to queue
[2023-07-22T15:29:26.759-0500] {logging_mixin.py:150} INFO - [2023-07-22T15:29:26.759-0500] {dagbag.py:541} INFO - Filling up the DagBag from /Users/abhishekpatkar/Documents/Projects/af_file_loader/venv/lib/python3.11/site-packages/airflow/example_dags/example_trigger_controller_dag.py
[2023-07-22T15:29:26.795-0500] {processor.py:836} INFO - DAG(s) dict_keys(['example_trigger_controller_dag']) retrieved from /Users/abhishekpatkar/Documents/Projects/af_file_loader/venv/lib/python3.11/site-packages/airflow/example_dags/example_trigger_controller_dag.py
[2023-07-22T15:29:28.000-0500] {logging_mixin.py:150} INFO - [2023-07-22T15:29:27.998-0500] {dag.py:2742} INFO - Sync 1 DAGs
[2023-07-22T15:29:28.191-0500] {logging_mixin.py:150} INFO - [2023-07-22T15:29:28.190-0500] {dag.py:3504} INFO - Setting next_dagrun for example_trigger_controller_dag to 2021-01-01T00:00:00+00:00, run_after=2021-01-01T00:00:00+00:00
[2023-07-22T15:29:28.219-0500] {processor.py:179} INFO - Processing /Users/abhishekpatkar/Documents/Projects/af_file_loader/venv/lib/python3.11/site-packages/airflow/example_dags/example_trigger_controller_dag.py took 1.476 seconds
[2023-07-22T15:32:03.910-0500] {processor.py:157} INFO - Started process (PID=18822) to work on /Users/abhishekpatkar/Documents/Projects/af_file_loader/venv/lib/python3.11/site-packages/airflow/example_dags/example_trigger_controller_dag.py
[2023-07-22T15:32:03.915-0500] {processor.py:826} INFO - Processing file /Users/abhishekpatkar/Documents/Projects/af_file_loader/venv/lib/python3.11/site-packages/airflow/example_dags/example_trigger_controller_dag.py for tasks to queue
[2023-07-22T15:32:03.915-0500] {logging_mixin.py:150} INFO - [2023-07-22T15:32:03.915-0500] {dagbag.py:541} INFO - Filling up the DagBag from /Users/abhishekpatkar/Documents/Projects/af_file_loader/venv/lib/python3.11/site-packages/airflow/example_dags/example_trigger_controller_dag.py
[2023-07-22T15:32:03.936-0500] {processor.py:836} INFO - DAG(s) dict_keys(['example_trigger_controller_dag']) retrieved from /Users/abhishekpatkar/Documents/Projects/af_file_loader/venv/lib/python3.11/site-packages/airflow/example_dags/example_trigger_controller_dag.py
[2023-07-22T15:32:04.642-0500] {logging_mixin.py:150} INFO - [2023-07-22T15:32:04.642-0500] {dag.py:2742} INFO - Sync 1 DAGs
[2023-07-22T15:32:04.711-0500] {logging_mixin.py:150} INFO - [2023-07-22T15:32:04.711-0500] {dag.py:3504} INFO - Setting next_dagrun for example_trigger_controller_dag to 2021-01-01T00:00:00+00:00, run_after=2021-01-01T00:00:00+00:00
[2023-07-22T15:32:04.729-0500] {processor.py:179} INFO - Processing /Users/abhishekpatkar/Documents/Projects/af_file_loader/venv/lib/python3.11/site-packages/airflow/example_dags/example_trigger_controller_dag.py took 0.820 seconds
[2023-07-22T15:34:01.277-0500] {processor.py:157} INFO - Started process (PID=18899) to work on /Users/abhishekpatkar/Documents/Projects/af_file_loader/venv/lib/python3.11/site-packages/airflow/example_dags/example_trigger_controller_dag.py
[2023-07-22T15:34:01.281-0500] {processor.py:826} INFO - Processing file /Users/abhishekpatkar/Documents/Projects/af_file_loader/venv/lib/python3.11/site-packages/airflow/example_dags/example_trigger_controller_dag.py for tasks to queue
[2023-07-22T15:34:01.281-0500] {logging_mixin.py:150} INFO - [2023-07-22T15:34:01.281-0500] {dagbag.py:541} INFO - Filling up the DagBag from /Users/abhishekpatkar/Documents/Projects/af_file_loader/venv/lib/python3.11/site-packages/airflow/example_dags/example_trigger_controller_dag.py
[2023-07-22T15:34:01.303-0500] {processor.py:836} INFO - DAG(s) dict_keys(['example_trigger_controller_dag']) retrieved from /Users/abhishekpatkar/Documents/Projects/af_file_loader/venv/lib/python3.11/site-packages/airflow/example_dags/example_trigger_controller_dag.py
[2023-07-22T15:34:01.963-0500] {logging_mixin.py:150} INFO - [2023-07-22T15:34:01.962-0500] {dag.py:2742} INFO - Sync 1 DAGs
[2023-07-22T15:34:02.039-0500] {logging_mixin.py:150} INFO - [2023-07-22T15:34:02.039-0500] {dag.py:3504} INFO - Setting next_dagrun for example_trigger_controller_dag to 2021-01-01T00:00:00+00:00, run_after=2021-01-01T00:00:00+00:00
[2023-07-22T15:34:02.056-0500] {processor.py:179} INFO - Processing /Users/abhishekpatkar/Documents/Projects/af_file_loader/venv/lib/python3.11/site-packages/airflow/example_dags/example_trigger_controller_dag.py took 0.780 seconds
[2023-07-22T15:35:52.313-0500] {processor.py:157} INFO - Started process (PID=19017) to work on /Users/abhishekpatkar/Documents/Projects/af_file_loader/venv/lib/python3.11/site-packages/airflow/example_dags/example_trigger_controller_dag.py
[2023-07-22T15:35:52.317-0500] {processor.py:826} INFO - Processing file /Users/abhishekpatkar/Documents/Projects/af_file_loader/venv/lib/python3.11/site-packages/airflow/example_dags/example_trigger_controller_dag.py for tasks to queue
[2023-07-22T15:35:52.318-0500] {logging_mixin.py:150} INFO - [2023-07-22T15:35:52.318-0500] {dagbag.py:541} INFO - Filling up the DagBag from /Users/abhishekpatkar/Documents/Projects/af_file_loader/venv/lib/python3.11/site-packages/airflow/example_dags/example_trigger_controller_dag.py
[2023-07-22T15:35:52.340-0500] {processor.py:836} INFO - DAG(s) dict_keys(['example_trigger_controller_dag']) retrieved from /Users/abhishekpatkar/Documents/Projects/af_file_loader/venv/lib/python3.11/site-packages/airflow/example_dags/example_trigger_controller_dag.py
[2023-07-22T15:35:52.932-0500] {logging_mixin.py:150} INFO - [2023-07-22T15:35:52.932-0500] {dag.py:2742} INFO - Sync 1 DAGs
[2023-07-22T15:35:53.001-0500] {logging_mixin.py:150} INFO - [2023-07-22T15:35:53.000-0500] {dag.py:3504} INFO - Setting next_dagrun for example_trigger_controller_dag to 2021-01-01T00:00:00+00:00, run_after=2021-01-01T00:00:00+00:00
[2023-07-22T15:35:53.019-0500] {processor.py:179} INFO - Processing /Users/abhishekpatkar/Documents/Projects/af_file_loader/venv/lib/python3.11/site-packages/airflow/example_dags/example_trigger_controller_dag.py took 0.706 seconds
[2023-07-22T15:47:25.556-0500] {processor.py:157} INFO - Started process (PID=19342) to work on /Users/abhishekpatkar/Documents/Projects/af_file_loader/venv/lib/python3.11/site-packages/airflow/example_dags/example_trigger_controller_dag.py
[2023-07-22T15:47:25.560-0500] {processor.py:826} INFO - Processing file /Users/abhishekpatkar/Documents/Projects/af_file_loader/venv/lib/python3.11/site-packages/airflow/example_dags/example_trigger_controller_dag.py for tasks to queue
[2023-07-22T15:47:25.561-0500] {logging_mixin.py:150} INFO - [2023-07-22T15:47:25.561-0500] {dagbag.py:541} INFO - Filling up the DagBag from /Users/abhishekpatkar/Documents/Projects/af_file_loader/venv/lib/python3.11/site-packages/airflow/example_dags/example_trigger_controller_dag.py
[2023-07-22T15:47:25.596-0500] {processor.py:836} INFO - DAG(s) dict_keys(['example_trigger_controller_dag']) retrieved from /Users/abhishekpatkar/Documents/Projects/af_file_loader/venv/lib/python3.11/site-packages/airflow/example_dags/example_trigger_controller_dag.py
[2023-07-22T15:47:26.746-0500] {logging_mixin.py:150} INFO - [2023-07-22T15:47:26.745-0500] {dag.py:2742} INFO - Sync 1 DAGs
[2023-07-22T15:47:26.834-0500] {logging_mixin.py:150} INFO - [2023-07-22T15:47:26.834-0500] {dag.py:3504} INFO - Setting next_dagrun for example_trigger_controller_dag to 2021-01-01T00:00:00+00:00, run_after=2021-01-01T00:00:00+00:00
[2023-07-22T15:47:26.859-0500] {processor.py:179} INFO - Processing /Users/abhishekpatkar/Documents/Projects/af_file_loader/venv/lib/python3.11/site-packages/airflow/example_dags/example_trigger_controller_dag.py took 1.304 seconds
[2023-07-22T15:49:47.945-0500] {processor.py:157} INFO - Started process (PID=19513) to work on /Users/abhishekpatkar/Documents/Projects/af_file_loader/venv/lib/python3.11/site-packages/airflow/example_dags/example_trigger_controller_dag.py
[2023-07-22T15:49:47.950-0500] {processor.py:826} INFO - Processing file /Users/abhishekpatkar/Documents/Projects/af_file_loader/venv/lib/python3.11/site-packages/airflow/example_dags/example_trigger_controller_dag.py for tasks to queue
[2023-07-22T15:49:47.951-0500] {logging_mixin.py:150} INFO - [2023-07-22T15:49:47.950-0500] {dagbag.py:541} INFO - Filling up the DagBag from /Users/abhishekpatkar/Documents/Projects/af_file_loader/venv/lib/python3.11/site-packages/airflow/example_dags/example_trigger_controller_dag.py
[2023-07-22T15:49:47.977-0500] {processor.py:836} INFO - DAG(s) dict_keys(['example_trigger_controller_dag']) retrieved from /Users/abhishekpatkar/Documents/Projects/af_file_loader/venv/lib/python3.11/site-packages/airflow/example_dags/example_trigger_controller_dag.py
[2023-07-22T15:49:48.967-0500] {logging_mixin.py:150} INFO - [2023-07-22T15:49:48.967-0500] {dag.py:2742} INFO - Sync 1 DAGs
[2023-07-22T15:49:49.077-0500] {logging_mixin.py:150} INFO - [2023-07-22T15:49:49.077-0500] {dag.py:3504} INFO - Setting next_dagrun for example_trigger_controller_dag to 2021-01-01T00:00:00+00:00, run_after=2021-01-01T00:00:00+00:00
[2023-07-22T15:49:49.102-0500] {processor.py:179} INFO - Processing /Users/abhishekpatkar/Documents/Projects/af_file_loader/venv/lib/python3.11/site-packages/airflow/example_dags/example_trigger_controller_dag.py took 1.158 seconds
[2023-07-22T15:52:24.343-0500] {processor.py:157} INFO - Started process (PID=19802) to work on /Users/abhishekpatkar/Documents/Projects/af_file_loader/venv/lib/python3.11/site-packages/airflow/example_dags/example_trigger_controller_dag.py
[2023-07-22T15:52:24.351-0500] {processor.py:826} INFO - Processing file /Users/abhishekpatkar/Documents/Projects/af_file_loader/venv/lib/python3.11/site-packages/airflow/example_dags/example_trigger_controller_dag.py for tasks to queue
[2023-07-22T15:52:24.353-0500] {logging_mixin.py:150} INFO - [2023-07-22T15:52:24.352-0500] {dagbag.py:541} INFO - Filling up the DagBag from /Users/abhishekpatkar/Documents/Projects/af_file_loader/venv/lib/python3.11/site-packages/airflow/example_dags/example_trigger_controller_dag.py
[2023-07-22T15:52:24.398-0500] {processor.py:836} INFO - DAG(s) dict_keys(['example_trigger_controller_dag']) retrieved from /Users/abhishekpatkar/Documents/Projects/af_file_loader/venv/lib/python3.11/site-packages/airflow/example_dags/example_trigger_controller_dag.py
[2023-07-22T15:52:25.359-0500] {logging_mixin.py:150} INFO - [2023-07-22T15:52:25.359-0500] {dag.py:2742} INFO - Sync 1 DAGs
[2023-07-22T15:52:25.448-0500] {logging_mixin.py:150} INFO - [2023-07-22T15:52:25.448-0500] {dag.py:3504} INFO - Setting next_dagrun for example_trigger_controller_dag to 2021-01-01T00:00:00+00:00, run_after=2021-01-01T00:00:00+00:00
[2023-07-22T15:52:25.482-0500] {processor.py:179} INFO - Processing /Users/abhishekpatkar/Documents/Projects/af_file_loader/venv/lib/python3.11/site-packages/airflow/example_dags/example_trigger_controller_dag.py took 1.139 seconds
[2023-07-22T15:55:04.121-0500] {processor.py:157} INFO - Started process (PID=19960) to work on /Users/abhishekpatkar/Documents/Projects/af_file_loader/venv/lib/python3.11/site-packages/airflow/example_dags/example_trigger_controller_dag.py
[2023-07-22T15:55:04.128-0500] {processor.py:826} INFO - Processing file /Users/abhishekpatkar/Documents/Projects/af_file_loader/venv/lib/python3.11/site-packages/airflow/example_dags/example_trigger_controller_dag.py for tasks to queue
[2023-07-22T15:55:04.129-0500] {logging_mixin.py:150} INFO - [2023-07-22T15:55:04.129-0500] {dagbag.py:541} INFO - Filling up the DagBag from /Users/abhishekpatkar/Documents/Projects/af_file_loader/venv/lib/python3.11/site-packages/airflow/example_dags/example_trigger_controller_dag.py
[2023-07-22T15:55:04.159-0500] {processor.py:836} INFO - DAG(s) dict_keys(['example_trigger_controller_dag']) retrieved from /Users/abhishekpatkar/Documents/Projects/af_file_loader/venv/lib/python3.11/site-packages/airflow/example_dags/example_trigger_controller_dag.py
[2023-07-22T15:55:05.095-0500] {logging_mixin.py:150} INFO - [2023-07-22T15:55:05.094-0500] {dag.py:2742} INFO - Sync 1 DAGs
[2023-07-22T15:55:05.300-0500] {logging_mixin.py:150} INFO - [2023-07-22T15:55:05.300-0500] {dag.py:3504} INFO - Setting next_dagrun for example_trigger_controller_dag to 2021-01-01T00:00:00+00:00, run_after=2021-01-01T00:00:00+00:00
[2023-07-22T15:55:05.344-0500] {processor.py:179} INFO - Processing /Users/abhishekpatkar/Documents/Projects/af_file_loader/venv/lib/python3.11/site-packages/airflow/example_dags/example_trigger_controller_dag.py took 1.225 seconds
[2023-07-22T15:57:43.908-0500] {processor.py:157} INFO - Started process (PID=20206) to work on /Users/abhishekpatkar/Documents/Projects/af_file_loader/venv/lib/python3.11/site-packages/airflow/example_dags/example_trigger_controller_dag.py
[2023-07-22T15:57:43.921-0500] {processor.py:826} INFO - Processing file /Users/abhishekpatkar/Documents/Projects/af_file_loader/venv/lib/python3.11/site-packages/airflow/example_dags/example_trigger_controller_dag.py for tasks to queue
[2023-07-22T15:57:43.922-0500] {logging_mixin.py:150} INFO - [2023-07-22T15:57:43.922-0500] {dagbag.py:541} INFO - Filling up the DagBag from /Users/abhishekpatkar/Documents/Projects/af_file_loader/venv/lib/python3.11/site-packages/airflow/example_dags/example_trigger_controller_dag.py
[2023-07-22T15:57:43.978-0500] {processor.py:836} INFO - DAG(s) dict_keys(['example_trigger_controller_dag']) retrieved from /Users/abhishekpatkar/Documents/Projects/af_file_loader/venv/lib/python3.11/site-packages/airflow/example_dags/example_trigger_controller_dag.py
[2023-07-22T15:57:45.036-0500] {logging_mixin.py:150} INFO - [2023-07-22T15:57:45.035-0500] {dag.py:2742} INFO - Sync 1 DAGs
[2023-07-22T15:57:45.127-0500] {logging_mixin.py:150} INFO - [2023-07-22T15:57:45.126-0500] {dag.py:3504} INFO - Setting next_dagrun for example_trigger_controller_dag to 2021-01-01T00:00:00+00:00, run_after=2021-01-01T00:00:00+00:00
[2023-07-22T15:57:45.151-0500] {processor.py:179} INFO - Processing /Users/abhishekpatkar/Documents/Projects/af_file_loader/venv/lib/python3.11/site-packages/airflow/example_dags/example_trigger_controller_dag.py took 1.245 seconds
[2023-07-22T16:00:11.780-0500] {processor.py:157} INFO - Started process (PID=20303) to work on /Users/abhishekpatkar/Documents/Projects/af_file_loader/venv/lib/python3.11/site-packages/airflow/example_dags/example_trigger_controller_dag.py
[2023-07-22T16:00:11.785-0500] {processor.py:826} INFO - Processing file /Users/abhishekpatkar/Documents/Projects/af_file_loader/venv/lib/python3.11/site-packages/airflow/example_dags/example_trigger_controller_dag.py for tasks to queue
[2023-07-22T16:00:11.785-0500] {logging_mixin.py:150} INFO - [2023-07-22T16:00:11.785-0500] {dagbag.py:541} INFO - Filling up the DagBag from /Users/abhishekpatkar/Documents/Projects/af_file_loader/venv/lib/python3.11/site-packages/airflow/example_dags/example_trigger_controller_dag.py
[2023-07-22T16:00:11.822-0500] {processor.py:836} INFO - DAG(s) dict_keys(['example_trigger_controller_dag']) retrieved from /Users/abhishekpatkar/Documents/Projects/af_file_loader/venv/lib/python3.11/site-packages/airflow/example_dags/example_trigger_controller_dag.py
[2023-07-22T16:00:12.732-0500] {logging_mixin.py:150} INFO - [2023-07-22T16:00:12.732-0500] {dag.py:2742} INFO - Sync 1 DAGs
[2023-07-22T16:00:12.826-0500] {logging_mixin.py:150} INFO - [2023-07-22T16:00:12.825-0500] {dag.py:3504} INFO - Setting next_dagrun for example_trigger_controller_dag to 2021-01-01T00:00:00+00:00, run_after=2021-01-01T00:00:00+00:00
[2023-07-22T16:00:12.847-0500] {processor.py:179} INFO - Processing /Users/abhishekpatkar/Documents/Projects/af_file_loader/venv/lib/python3.11/site-packages/airflow/example_dags/example_trigger_controller_dag.py took 1.069 seconds
[2023-07-22T16:02:37.121-0500] {processor.py:157} INFO - Started process (PID=20391) to work on /Users/abhishekpatkar/Documents/Projects/af_file_loader/venv/lib/python3.11/site-packages/airflow/example_dags/example_trigger_controller_dag.py
[2023-07-22T16:02:37.126-0500] {processor.py:826} INFO - Processing file /Users/abhishekpatkar/Documents/Projects/af_file_loader/venv/lib/python3.11/site-packages/airflow/example_dags/example_trigger_controller_dag.py for tasks to queue
[2023-07-22T16:02:37.126-0500] {logging_mixin.py:150} INFO - [2023-07-22T16:02:37.126-0500] {dagbag.py:541} INFO - Filling up the DagBag from /Users/abhishekpatkar/Documents/Projects/af_file_loader/venv/lib/python3.11/site-packages/airflow/example_dags/example_trigger_controller_dag.py
[2023-07-22T16:02:37.148-0500] {processor.py:836} INFO - DAG(s) dict_keys(['example_trigger_controller_dag']) retrieved from /Users/abhishekpatkar/Documents/Projects/af_file_loader/venv/lib/python3.11/site-packages/airflow/example_dags/example_trigger_controller_dag.py
[2023-07-22T16:02:37.758-0500] {logging_mixin.py:150} INFO - [2023-07-22T16:02:37.758-0500] {dag.py:2742} INFO - Sync 1 DAGs
[2023-07-22T16:02:37.828-0500] {logging_mixin.py:150} INFO - [2023-07-22T16:02:37.828-0500] {dag.py:3504} INFO - Setting next_dagrun for example_trigger_controller_dag to 2021-01-01T00:00:00+00:00, run_after=2021-01-01T00:00:00+00:00
[2023-07-22T16:02:37.845-0500] {processor.py:179} INFO - Processing /Users/abhishekpatkar/Documents/Projects/af_file_loader/venv/lib/python3.11/site-packages/airflow/example_dags/example_trigger_controller_dag.py took 0.725 seconds
[2023-07-22T16:04:28.215-0500] {processor.py:157} INFO - Started process (PID=20465) to work on /Users/abhishekpatkar/Documents/Projects/af_file_loader/venv/lib/python3.11/site-packages/airflow/example_dags/example_trigger_controller_dag.py
[2023-07-22T16:04:28.219-0500] {processor.py:826} INFO - Processing file /Users/abhishekpatkar/Documents/Projects/af_file_loader/venv/lib/python3.11/site-packages/airflow/example_dags/example_trigger_controller_dag.py for tasks to queue
[2023-07-22T16:04:28.219-0500] {logging_mixin.py:150} INFO - [2023-07-22T16:04:28.219-0500] {dagbag.py:541} INFO - Filling up the DagBag from /Users/abhishekpatkar/Documents/Projects/af_file_loader/venv/lib/python3.11/site-packages/airflow/example_dags/example_trigger_controller_dag.py
[2023-07-22T16:04:28.241-0500] {processor.py:836} INFO - DAG(s) dict_keys(['example_trigger_controller_dag']) retrieved from /Users/abhishekpatkar/Documents/Projects/af_file_loader/venv/lib/python3.11/site-packages/airflow/example_dags/example_trigger_controller_dag.py
[2023-07-22T16:04:28.820-0500] {logging_mixin.py:150} INFO - [2023-07-22T16:04:28.820-0500] {dag.py:2742} INFO - Sync 1 DAGs
[2023-07-22T16:04:28.889-0500] {logging_mixin.py:150} INFO - [2023-07-22T16:04:28.889-0500] {dag.py:3504} INFO - Setting next_dagrun for example_trigger_controller_dag to 2021-01-01T00:00:00+00:00, run_after=2021-01-01T00:00:00+00:00
[2023-07-22T16:04:28.907-0500] {processor.py:179} INFO - Processing /Users/abhishekpatkar/Documents/Projects/af_file_loader/venv/lib/python3.11/site-packages/airflow/example_dags/example_trigger_controller_dag.py took 0.692 seconds
[2023-07-22T16:06:16.216-0500] {processor.py:157} INFO - Started process (PID=20557) to work on /Users/abhishekpatkar/Documents/Projects/af_file_loader/venv/lib/python3.11/site-packages/airflow/example_dags/example_trigger_controller_dag.py
[2023-07-22T16:06:16.221-0500] {processor.py:826} INFO - Processing file /Users/abhishekpatkar/Documents/Projects/af_file_loader/venv/lib/python3.11/site-packages/airflow/example_dags/example_trigger_controller_dag.py for tasks to queue
[2023-07-22T16:06:16.221-0500] {logging_mixin.py:150} INFO - [2023-07-22T16:06:16.221-0500] {dagbag.py:541} INFO - Filling up the DagBag from /Users/abhishekpatkar/Documents/Projects/af_file_loader/venv/lib/python3.11/site-packages/airflow/example_dags/example_trigger_controller_dag.py
[2023-07-22T16:06:16.242-0500] {processor.py:836} INFO - DAG(s) dict_keys(['example_trigger_controller_dag']) retrieved from /Users/abhishekpatkar/Documents/Projects/af_file_loader/venv/lib/python3.11/site-packages/airflow/example_dags/example_trigger_controller_dag.py
[2023-07-22T16:06:16.827-0500] {logging_mixin.py:150} INFO - [2023-07-22T16:06:16.827-0500] {dag.py:2742} INFO - Sync 1 DAGs
[2023-07-22T16:06:16.896-0500] {logging_mixin.py:150} INFO - [2023-07-22T16:06:16.896-0500] {dag.py:3504} INFO - Setting next_dagrun for example_trigger_controller_dag to 2021-01-01T00:00:00+00:00, run_after=2021-01-01T00:00:00+00:00
[2023-07-22T16:06:16.914-0500] {processor.py:179} INFO - Processing /Users/abhishekpatkar/Documents/Projects/af_file_loader/venv/lib/python3.11/site-packages/airflow/example_dags/example_trigger_controller_dag.py took 0.699 seconds
[2023-07-22T16:08:06.954-0500] {processor.py:157} INFO - Started process (PID=20641) to work on /Users/abhishekpatkar/Documents/Projects/af_file_loader/venv/lib/python3.11/site-packages/airflow/example_dags/example_trigger_controller_dag.py
[2023-07-22T16:08:06.958-0500] {processor.py:826} INFO - Processing file /Users/abhishekpatkar/Documents/Projects/af_file_loader/venv/lib/python3.11/site-packages/airflow/example_dags/example_trigger_controller_dag.py for tasks to queue
[2023-07-22T16:08:06.959-0500] {logging_mixin.py:150} INFO - [2023-07-22T16:08:06.959-0500] {dagbag.py:541} INFO - Filling up the DagBag from /Users/abhishekpatkar/Documents/Projects/af_file_loader/venv/lib/python3.11/site-packages/airflow/example_dags/example_trigger_controller_dag.py
[2023-07-22T16:08:06.980-0500] {processor.py:836} INFO - DAG(s) dict_keys(['example_trigger_controller_dag']) retrieved from /Users/abhishekpatkar/Documents/Projects/af_file_loader/venv/lib/python3.11/site-packages/airflow/example_dags/example_trigger_controller_dag.py
[2023-07-22T16:08:07.558-0500] {logging_mixin.py:150} INFO - [2023-07-22T16:08:07.558-0500] {dag.py:2742} INFO - Sync 1 DAGs
[2023-07-22T16:08:07.625-0500] {logging_mixin.py:150} INFO - [2023-07-22T16:08:07.625-0500] {dag.py:3504} INFO - Setting next_dagrun for example_trigger_controller_dag to 2021-01-01T00:00:00+00:00, run_after=2021-01-01T00:00:00+00:00
[2023-07-22T16:08:07.643-0500] {processor.py:179} INFO - Processing /Users/abhishekpatkar/Documents/Projects/af_file_loader/venv/lib/python3.11/site-packages/airflow/example_dags/example_trigger_controller_dag.py took 0.691 seconds
[2023-07-22T16:09:59.001-0500] {processor.py:157} INFO - Started process (PID=20713) to work on /Users/abhishekpatkar/Documents/Projects/af_file_loader/venv/lib/python3.11/site-packages/airflow/example_dags/example_trigger_controller_dag.py
[2023-07-22T16:09:59.004-0500] {processor.py:826} INFO - Processing file /Users/abhishekpatkar/Documents/Projects/af_file_loader/venv/lib/python3.11/site-packages/airflow/example_dags/example_trigger_controller_dag.py for tasks to queue
[2023-07-22T16:09:59.005-0500] {logging_mixin.py:150} INFO - [2023-07-22T16:09:59.005-0500] {dagbag.py:541} INFO - Filling up the DagBag from /Users/abhishekpatkar/Documents/Projects/af_file_loader/venv/lib/python3.11/site-packages/airflow/example_dags/example_trigger_controller_dag.py
[2023-07-22T16:09:59.026-0500] {processor.py:836} INFO - DAG(s) dict_keys(['example_trigger_controller_dag']) retrieved from /Users/abhishekpatkar/Documents/Projects/af_file_loader/venv/lib/python3.11/site-packages/airflow/example_dags/example_trigger_controller_dag.py
[2023-07-22T16:09:59.598-0500] {logging_mixin.py:150} INFO - [2023-07-22T16:09:59.597-0500] {dag.py:2742} INFO - Sync 1 DAGs
[2023-07-22T16:09:59.666-0500] {logging_mixin.py:150} INFO - [2023-07-22T16:09:59.666-0500] {dag.py:3504} INFO - Setting next_dagrun for example_trigger_controller_dag to 2021-01-01T00:00:00+00:00, run_after=2021-01-01T00:00:00+00:00
[2023-07-22T16:09:59.684-0500] {processor.py:179} INFO - Processing /Users/abhishekpatkar/Documents/Projects/af_file_loader/venv/lib/python3.11/site-packages/airflow/example_dags/example_trigger_controller_dag.py took 0.684 seconds
[2023-07-22T16:23:39.530-0500] {processor.py:157} INFO - Started process (PID=20845) to work on /Users/abhishekpatkar/Documents/Projects/af_file_loader/venv/lib/python3.11/site-packages/airflow/example_dags/example_trigger_controller_dag.py
[2023-07-22T16:23:39.534-0500] {processor.py:826} INFO - Processing file /Users/abhishekpatkar/Documents/Projects/af_file_loader/venv/lib/python3.11/site-packages/airflow/example_dags/example_trigger_controller_dag.py for tasks to queue
[2023-07-22T16:23:39.535-0500] {logging_mixin.py:150} INFO - [2023-07-22T16:23:39.535-0500] {dagbag.py:541} INFO - Filling up the DagBag from /Users/abhishekpatkar/Documents/Projects/af_file_loader/venv/lib/python3.11/site-packages/airflow/example_dags/example_trigger_controller_dag.py
[2023-07-22T16:23:39.569-0500] {processor.py:836} INFO - DAG(s) dict_keys(['example_trigger_controller_dag']) retrieved from /Users/abhishekpatkar/Documents/Projects/af_file_loader/venv/lib/python3.11/site-packages/airflow/example_dags/example_trigger_controller_dag.py
[2023-07-22T16:23:40.296-0500] {logging_mixin.py:150} INFO - [2023-07-22T16:23:40.295-0500] {dag.py:2742} INFO - Sync 1 DAGs
[2023-07-22T16:23:40.381-0500] {logging_mixin.py:150} INFO - [2023-07-22T16:23:40.380-0500] {dag.py:3504} INFO - Setting next_dagrun for example_trigger_controller_dag to 2021-01-01T00:00:00+00:00, run_after=2021-01-01T00:00:00+00:00
[2023-07-22T16:23:40.401-0500] {processor.py:179} INFO - Processing /Users/abhishekpatkar/Documents/Projects/af_file_loader/venv/lib/python3.11/site-packages/airflow/example_dags/example_trigger_controller_dag.py took 0.875 seconds
[2023-07-22T16:26:21.983-0500] {processor.py:157} INFO - Started process (PID=20969) to work on /Users/abhishekpatkar/Documents/Projects/af_file_loader/venv/lib/python3.11/site-packages/airflow/example_dags/example_trigger_controller_dag.py
[2023-07-22T16:26:21.989-0500] {processor.py:826} INFO - Processing file /Users/abhishekpatkar/Documents/Projects/af_file_loader/venv/lib/python3.11/site-packages/airflow/example_dags/example_trigger_controller_dag.py for tasks to queue
[2023-07-22T16:26:21.989-0500] {logging_mixin.py:150} INFO - [2023-07-22T16:26:21.989-0500] {dagbag.py:541} INFO - Filling up the DagBag from /Users/abhishekpatkar/Documents/Projects/af_file_loader/venv/lib/python3.11/site-packages/airflow/example_dags/example_trigger_controller_dag.py
[2023-07-22T16:26:22.024-0500] {processor.py:836} INFO - DAG(s) dict_keys(['example_trigger_controller_dag']) retrieved from /Users/abhishekpatkar/Documents/Projects/af_file_loader/venv/lib/python3.11/site-packages/airflow/example_dags/example_trigger_controller_dag.py
[2023-07-22T16:26:23.694-0500] {logging_mixin.py:150} INFO - [2023-07-22T16:26:23.693-0500] {dag.py:2742} INFO - Sync 1 DAGs
[2023-07-22T16:26:24.003-0500] {logging_mixin.py:150} INFO - [2023-07-22T16:26:24.002-0500] {dag.py:3504} INFO - Setting next_dagrun for example_trigger_controller_dag to 2021-01-01T00:00:00+00:00, run_after=2021-01-01T00:00:00+00:00
[2023-07-22T16:26:24.073-0500] {processor.py:179} INFO - Processing /Users/abhishekpatkar/Documents/Projects/af_file_loader/venv/lib/python3.11/site-packages/airflow/example_dags/example_trigger_controller_dag.py took 2.091 seconds
[2023-07-22T16:29:47.801-0500] {processor.py:157} INFO - Started process (PID=21086) to work on /Users/abhishekpatkar/Documents/Projects/af_file_loader/venv/lib/python3.11/site-packages/airflow/example_dags/example_trigger_controller_dag.py
[2023-07-22T16:29:47.807-0500] {processor.py:826} INFO - Processing file /Users/abhishekpatkar/Documents/Projects/af_file_loader/venv/lib/python3.11/site-packages/airflow/example_dags/example_trigger_controller_dag.py for tasks to queue
[2023-07-22T16:29:47.807-0500] {logging_mixin.py:150} INFO - [2023-07-22T16:29:47.807-0500] {dagbag.py:541} INFO - Filling up the DagBag from /Users/abhishekpatkar/Documents/Projects/af_file_loader/venv/lib/python3.11/site-packages/airflow/example_dags/example_trigger_controller_dag.py
[2023-07-22T16:29:47.836-0500] {processor.py:836} INFO - DAG(s) dict_keys(['example_trigger_controller_dag']) retrieved from /Users/abhishekpatkar/Documents/Projects/af_file_loader/venv/lib/python3.11/site-packages/airflow/example_dags/example_trigger_controller_dag.py
[2023-07-22T16:29:48.842-0500] {logging_mixin.py:150} INFO - [2023-07-22T16:29:48.842-0500] {dag.py:2742} INFO - Sync 1 DAGs
[2023-07-22T16:29:49.012-0500] {logging_mixin.py:150} INFO - [2023-07-22T16:29:49.012-0500] {dag.py:3504} INFO - Setting next_dagrun for example_trigger_controller_dag to 2021-01-01T00:00:00+00:00, run_after=2021-01-01T00:00:00+00:00
[2023-07-22T16:29:49.045-0500] {processor.py:179} INFO - Processing /Users/abhishekpatkar/Documents/Projects/af_file_loader/venv/lib/python3.11/site-packages/airflow/example_dags/example_trigger_controller_dag.py took 1.245 seconds
[2023-07-22T16:33:00.454-0500] {processor.py:157} INFO - Started process (PID=21189) to work on /Users/abhishekpatkar/Documents/Projects/af_file_loader/venv/lib/python3.11/site-packages/airflow/example_dags/example_trigger_controller_dag.py
[2023-07-22T16:33:00.460-0500] {processor.py:826} INFO - Processing file /Users/abhishekpatkar/Documents/Projects/af_file_loader/venv/lib/python3.11/site-packages/airflow/example_dags/example_trigger_controller_dag.py for tasks to queue
[2023-07-22T16:33:00.461-0500] {logging_mixin.py:150} INFO - [2023-07-22T16:33:00.461-0500] {dagbag.py:541} INFO - Filling up the DagBag from /Users/abhishekpatkar/Documents/Projects/af_file_loader/venv/lib/python3.11/site-packages/airflow/example_dags/example_trigger_controller_dag.py
[2023-07-22T16:33:00.494-0500] {processor.py:836} INFO - DAG(s) dict_keys(['example_trigger_controller_dag']) retrieved from /Users/abhishekpatkar/Documents/Projects/af_file_loader/venv/lib/python3.11/site-packages/airflow/example_dags/example_trigger_controller_dag.py
[2023-07-22T16:33:01.556-0500] {logging_mixin.py:150} INFO - [2023-07-22T16:33:01.555-0500] {dag.py:2742} INFO - Sync 1 DAGs
[2023-07-22T16:33:01.669-0500] {logging_mixin.py:150} INFO - [2023-07-22T16:33:01.668-0500] {dag.py:3504} INFO - Setting next_dagrun for example_trigger_controller_dag to 2021-01-01T00:00:00+00:00, run_after=2021-01-01T00:00:00+00:00
[2023-07-22T16:33:01.697-0500] {processor.py:179} INFO - Processing /Users/abhishekpatkar/Documents/Projects/af_file_loader/venv/lib/python3.11/site-packages/airflow/example_dags/example_trigger_controller_dag.py took 1.244 seconds
[2023-07-22T16:36:26.344-0500] {processor.py:157} INFO - Started process (PID=21298) to work on /Users/abhishekpatkar/Documents/Projects/af_file_loader/venv/lib/python3.11/site-packages/airflow/example_dags/example_trigger_controller_dag.py
[2023-07-22T16:36:26.361-0500] {processor.py:826} INFO - Processing file /Users/abhishekpatkar/Documents/Projects/af_file_loader/venv/lib/python3.11/site-packages/airflow/example_dags/example_trigger_controller_dag.py for tasks to queue
[2023-07-22T16:36:26.361-0500] {logging_mixin.py:150} INFO - [2023-07-22T16:36:26.361-0500] {dagbag.py:541} INFO - Filling up the DagBag from /Users/abhishekpatkar/Documents/Projects/af_file_loader/venv/lib/python3.11/site-packages/airflow/example_dags/example_trigger_controller_dag.py
[2023-07-22T16:36:26.441-0500] {processor.py:836} INFO - DAG(s) dict_keys(['example_trigger_controller_dag']) retrieved from /Users/abhishekpatkar/Documents/Projects/af_file_loader/venv/lib/python3.11/site-packages/airflow/example_dags/example_trigger_controller_dag.py
[2023-07-22T16:36:27.508-0500] {logging_mixin.py:150} INFO - [2023-07-22T16:36:27.507-0500] {dag.py:2742} INFO - Sync 1 DAGs
[2023-07-22T16:36:27.604-0500] {logging_mixin.py:150} INFO - [2023-07-22T16:36:27.604-0500] {dag.py:3504} INFO - Setting next_dagrun for example_trigger_controller_dag to 2021-01-01T00:00:00+00:00, run_after=2021-01-01T00:00:00+00:00
[2023-07-22T16:36:27.629-0500] {processor.py:179} INFO - Processing /Users/abhishekpatkar/Documents/Projects/af_file_loader/venv/lib/python3.11/site-packages/airflow/example_dags/example_trigger_controller_dag.py took 1.288 seconds
[2023-07-22T16:41:37.486-0500] {processor.py:157} INFO - Started process (PID=21506) to work on /Users/abhishekpatkar/Documents/Projects/af_file_loader/venv/lib/python3.11/site-packages/airflow/example_dags/example_trigger_controller_dag.py
[2023-07-22T16:41:37.492-0500] {processor.py:826} INFO - Processing file /Users/abhishekpatkar/Documents/Projects/af_file_loader/venv/lib/python3.11/site-packages/airflow/example_dags/example_trigger_controller_dag.py for tasks to queue
[2023-07-22T16:41:37.493-0500] {logging_mixin.py:150} INFO - [2023-07-22T16:41:37.493-0500] {dagbag.py:541} INFO - Filling up the DagBag from /Users/abhishekpatkar/Documents/Projects/af_file_loader/venv/lib/python3.11/site-packages/airflow/example_dags/example_trigger_controller_dag.py
[2023-07-22T16:41:37.547-0500] {processor.py:836} INFO - DAG(s) dict_keys(['example_trigger_controller_dag']) retrieved from /Users/abhishekpatkar/Documents/Projects/af_file_loader/venv/lib/python3.11/site-packages/airflow/example_dags/example_trigger_controller_dag.py
[2023-07-22T16:41:39.055-0500] {logging_mixin.py:150} INFO - [2023-07-22T16:41:39.055-0500] {dag.py:2742} INFO - Sync 1 DAGs
[2023-07-22T16:41:39.169-0500] {logging_mixin.py:150} INFO - [2023-07-22T16:41:39.169-0500] {dag.py:3504} INFO - Setting next_dagrun for example_trigger_controller_dag to 2021-01-01T00:00:00+00:00, run_after=2021-01-01T00:00:00+00:00
[2023-07-22T16:41:39.209-0500] {processor.py:179} INFO - Processing /Users/abhishekpatkar/Documents/Projects/af_file_loader/venv/lib/python3.11/site-packages/airflow/example_dags/example_trigger_controller_dag.py took 1.724 seconds
[2023-07-22T16:45:30.718-0500] {processor.py:157} INFO - Started process (PID=21626) to work on /Users/abhishekpatkar/Documents/Projects/af_file_loader/venv/lib/python3.11/site-packages/airflow/example_dags/example_trigger_controller_dag.py
[2023-07-22T16:45:30.723-0500] {processor.py:826} INFO - Processing file /Users/abhishekpatkar/Documents/Projects/af_file_loader/venv/lib/python3.11/site-packages/airflow/example_dags/example_trigger_controller_dag.py for tasks to queue
[2023-07-22T16:45:30.723-0500] {logging_mixin.py:150} INFO - [2023-07-22T16:45:30.723-0500] {dagbag.py:541} INFO - Filling up the DagBag from /Users/abhishekpatkar/Documents/Projects/af_file_loader/venv/lib/python3.11/site-packages/airflow/example_dags/example_trigger_controller_dag.py
[2023-07-22T16:45:30.764-0500] {processor.py:836} INFO - DAG(s) dict_keys(['example_trigger_controller_dag']) retrieved from /Users/abhishekpatkar/Documents/Projects/af_file_loader/venv/lib/python3.11/site-packages/airflow/example_dags/example_trigger_controller_dag.py
[2023-07-22T16:45:32.182-0500] {logging_mixin.py:150} INFO - [2023-07-22T16:45:32.181-0500] {dag.py:2742} INFO - Sync 1 DAGs
[2023-07-22T16:45:32.353-0500] {logging_mixin.py:150} INFO - [2023-07-22T16:45:32.352-0500] {dag.py:3504} INFO - Setting next_dagrun for example_trigger_controller_dag to 2021-01-01T00:00:00+00:00, run_after=2021-01-01T00:00:00+00:00
[2023-07-22T16:45:32.404-0500] {processor.py:179} INFO - Processing /Users/abhishekpatkar/Documents/Projects/af_file_loader/venv/lib/python3.11/site-packages/airflow/example_dags/example_trigger_controller_dag.py took 1.689 seconds
[2023-07-22T16:49:10.444-0500] {processor.py:157} INFO - Started process (PID=21737) to work on /Users/abhishekpatkar/Documents/Projects/af_file_loader/venv/lib/python3.11/site-packages/airflow/example_dags/example_trigger_controller_dag.py
[2023-07-22T16:49:10.450-0500] {processor.py:826} INFO - Processing file /Users/abhishekpatkar/Documents/Projects/af_file_loader/venv/lib/python3.11/site-packages/airflow/example_dags/example_trigger_controller_dag.py for tasks to queue
[2023-07-22T16:49:10.450-0500] {logging_mixin.py:150} INFO - [2023-07-22T16:49:10.450-0500] {dagbag.py:541} INFO - Filling up the DagBag from /Users/abhishekpatkar/Documents/Projects/af_file_loader/venv/lib/python3.11/site-packages/airflow/example_dags/example_trigger_controller_dag.py
[2023-07-22T16:49:10.499-0500] {processor.py:836} INFO - DAG(s) dict_keys(['example_trigger_controller_dag']) retrieved from /Users/abhishekpatkar/Documents/Projects/af_file_loader/venv/lib/python3.11/site-packages/airflow/example_dags/example_trigger_controller_dag.py
[2023-07-22T16:49:11.947-0500] {logging_mixin.py:150} INFO - [2023-07-22T16:49:11.946-0500] {dag.py:2742} INFO - Sync 1 DAGs
[2023-07-22T16:49:12.080-0500] {logging_mixin.py:150} INFO - [2023-07-22T16:49:12.080-0500] {dag.py:3504} INFO - Setting next_dagrun for example_trigger_controller_dag to 2021-01-01T00:00:00+00:00, run_after=2021-01-01T00:00:00+00:00
[2023-07-22T16:49:12.117-0500] {processor.py:179} INFO - Processing /Users/abhishekpatkar/Documents/Projects/af_file_loader/venv/lib/python3.11/site-packages/airflow/example_dags/example_trigger_controller_dag.py took 1.673 seconds
[2023-07-22T16:53:06.044-0500] {processor.py:157} INFO - Started process (PID=21855) to work on /Users/abhishekpatkar/Documents/Projects/af_file_loader/venv/lib/python3.11/site-packages/airflow/example_dags/example_trigger_controller_dag.py
[2023-07-22T16:53:06.048-0500] {processor.py:826} INFO - Processing file /Users/abhishekpatkar/Documents/Projects/af_file_loader/venv/lib/python3.11/site-packages/airflow/example_dags/example_trigger_controller_dag.py for tasks to queue
[2023-07-22T16:53:06.049-0500] {logging_mixin.py:150} INFO - [2023-07-22T16:53:06.048-0500] {dagbag.py:541} INFO - Filling up the DagBag from /Users/abhishekpatkar/Documents/Projects/af_file_loader/venv/lib/python3.11/site-packages/airflow/example_dags/example_trigger_controller_dag.py
[2023-07-22T16:53:06.103-0500] {processor.py:836} INFO - DAG(s) dict_keys(['example_trigger_controller_dag']) retrieved from /Users/abhishekpatkar/Documents/Projects/af_file_loader/venv/lib/python3.11/site-packages/airflow/example_dags/example_trigger_controller_dag.py
[2023-07-22T16:53:07.622-0500] {logging_mixin.py:150} INFO - [2023-07-22T16:53:07.621-0500] {dag.py:2742} INFO - Sync 1 DAGs
[2023-07-22T16:53:07.807-0500] {logging_mixin.py:150} INFO - [2023-07-22T16:53:07.806-0500] {dag.py:3504} INFO - Setting next_dagrun for example_trigger_controller_dag to 2021-01-01T00:00:00+00:00, run_after=2021-01-01T00:00:00+00:00
[2023-07-22T16:53:07.867-0500] {processor.py:179} INFO - Processing /Users/abhishekpatkar/Documents/Projects/af_file_loader/venv/lib/python3.11/site-packages/airflow/example_dags/example_trigger_controller_dag.py took 1.828 seconds
[2023-07-22T16:56:20.113-0500] {processor.py:157} INFO - Started process (PID=21971) to work on /Users/abhishekpatkar/Documents/Projects/af_file_loader/venv/lib/python3.11/site-packages/airflow/example_dags/example_trigger_controller_dag.py
[2023-07-22T16:56:20.118-0500] {processor.py:826} INFO - Processing file /Users/abhishekpatkar/Documents/Projects/af_file_loader/venv/lib/python3.11/site-packages/airflow/example_dags/example_trigger_controller_dag.py for tasks to queue
[2023-07-22T16:56:20.119-0500] {logging_mixin.py:150} INFO - [2023-07-22T16:56:20.118-0500] {dagbag.py:541} INFO - Filling up the DagBag from /Users/abhishekpatkar/Documents/Projects/af_file_loader/venv/lib/python3.11/site-packages/airflow/example_dags/example_trigger_controller_dag.py
[2023-07-22T16:56:20.184-0500] {processor.py:836} INFO - DAG(s) dict_keys(['example_trigger_controller_dag']) retrieved from /Users/abhishekpatkar/Documents/Projects/af_file_loader/venv/lib/python3.11/site-packages/airflow/example_dags/example_trigger_controller_dag.py
[2023-07-22T16:56:21.547-0500] {logging_mixin.py:150} INFO - [2023-07-22T16:56:21.547-0500] {dag.py:2742} INFO - Sync 1 DAGs
[2023-07-22T16:56:21.644-0500] {logging_mixin.py:150} INFO - [2023-07-22T16:56:21.644-0500] {dag.py:3504} INFO - Setting next_dagrun for example_trigger_controller_dag to 2021-01-01T00:00:00+00:00, run_after=2021-01-01T00:00:00+00:00
[2023-07-22T16:56:21.679-0500] {processor.py:179} INFO - Processing /Users/abhishekpatkar/Documents/Projects/af_file_loader/venv/lib/python3.11/site-packages/airflow/example_dags/example_trigger_controller_dag.py took 1.567 seconds
[2023-07-22T16:59:17.405-0500] {processor.py:157} INFO - Started process (PID=22068) to work on /Users/abhishekpatkar/Documents/Projects/af_file_loader/venv/lib/python3.11/site-packages/airflow/example_dags/example_trigger_controller_dag.py
[2023-07-22T16:59:17.410-0500] {processor.py:826} INFO - Processing file /Users/abhishekpatkar/Documents/Projects/af_file_loader/venv/lib/python3.11/site-packages/airflow/example_dags/example_trigger_controller_dag.py for tasks to queue
[2023-07-22T16:59:17.411-0500] {logging_mixin.py:150} INFO - [2023-07-22T16:59:17.411-0500] {dagbag.py:541} INFO - Filling up the DagBag from /Users/abhishekpatkar/Documents/Projects/af_file_loader/venv/lib/python3.11/site-packages/airflow/example_dags/example_trigger_controller_dag.py
[2023-07-22T16:59:17.440-0500] {processor.py:836} INFO - DAG(s) dict_keys(['example_trigger_controller_dag']) retrieved from /Users/abhishekpatkar/Documents/Projects/af_file_loader/venv/lib/python3.11/site-packages/airflow/example_dags/example_trigger_controller_dag.py
[2023-07-22T16:59:18.484-0500] {logging_mixin.py:150} INFO - [2023-07-22T16:59:18.483-0500] {dag.py:2742} INFO - Sync 1 DAGs
[2023-07-22T16:59:18.601-0500] {logging_mixin.py:150} INFO - [2023-07-22T16:59:18.601-0500] {dag.py:3504} INFO - Setting next_dagrun for example_trigger_controller_dag to 2021-01-01T00:00:00+00:00, run_after=2021-01-01T00:00:00+00:00
[2023-07-22T16:59:18.630-0500] {processor.py:179} INFO - Processing /Users/abhishekpatkar/Documents/Projects/af_file_loader/venv/lib/python3.11/site-packages/airflow/example_dags/example_trigger_controller_dag.py took 1.226 seconds
[2023-07-22T17:03:21.518-0500] {processor.py:157} INFO - Started process (PID=22241) to work on /Users/abhishekpatkar/Documents/Projects/af_file_loader/venv/lib/python3.11/site-packages/airflow/example_dags/example_trigger_controller_dag.py
[2023-07-22T17:03:21.523-0500] {processor.py:826} INFO - Processing file /Users/abhishekpatkar/Documents/Projects/af_file_loader/venv/lib/python3.11/site-packages/airflow/example_dags/example_trigger_controller_dag.py for tasks to queue
[2023-07-22T17:03:21.524-0500] {logging_mixin.py:150} INFO - [2023-07-22T17:03:21.524-0500] {dagbag.py:541} INFO - Filling up the DagBag from /Users/abhishekpatkar/Documents/Projects/af_file_loader/venv/lib/python3.11/site-packages/airflow/example_dags/example_trigger_controller_dag.py
[2023-07-22T17:03:21.547-0500] {processor.py:836} INFO - DAG(s) dict_keys(['example_trigger_controller_dag']) retrieved from /Users/abhishekpatkar/Documents/Projects/af_file_loader/venv/lib/python3.11/site-packages/airflow/example_dags/example_trigger_controller_dag.py
[2023-07-22T17:03:22.455-0500] {logging_mixin.py:150} INFO - [2023-07-22T17:03:22.455-0500] {dag.py:2742} INFO - Sync 1 DAGs
[2023-07-22T17:03:22.529-0500] {logging_mixin.py:150} INFO - [2023-07-22T17:03:22.529-0500] {dag.py:3504} INFO - Setting next_dagrun for example_trigger_controller_dag to 2021-01-01T00:00:00+00:00, run_after=2021-01-01T00:00:00+00:00
[2023-07-22T17:03:22.548-0500] {processor.py:179} INFO - Processing /Users/abhishekpatkar/Documents/Projects/af_file_loader/venv/lib/python3.11/site-packages/airflow/example_dags/example_trigger_controller_dag.py took 1.031 seconds
[2023-07-22T17:05:35.767-0500] {processor.py:157} INFO - Started process (PID=22327) to work on /Users/abhishekpatkar/Documents/Projects/af_file_loader/venv/lib/python3.11/site-packages/airflow/example_dags/example_trigger_controller_dag.py
[2023-07-22T17:05:35.771-0500] {processor.py:826} INFO - Processing file /Users/abhishekpatkar/Documents/Projects/af_file_loader/venv/lib/python3.11/site-packages/airflow/example_dags/example_trigger_controller_dag.py for tasks to queue
[2023-07-22T17:05:35.772-0500] {logging_mixin.py:150} INFO - [2023-07-22T17:05:35.772-0500] {dagbag.py:541} INFO - Filling up the DagBag from /Users/abhishekpatkar/Documents/Projects/af_file_loader/venv/lib/python3.11/site-packages/airflow/example_dags/example_trigger_controller_dag.py
[2023-07-22T17:05:35.798-0500] {processor.py:836} INFO - DAG(s) dict_keys(['example_trigger_controller_dag']) retrieved from /Users/abhishekpatkar/Documents/Projects/af_file_loader/venv/lib/python3.11/site-packages/airflow/example_dags/example_trigger_controller_dag.py
[2023-07-22T17:05:36.554-0500] {logging_mixin.py:150} INFO - [2023-07-22T17:05:36.554-0500] {dag.py:2742} INFO - Sync 1 DAGs
[2023-07-22T17:05:36.636-0500] {logging_mixin.py:150} INFO - [2023-07-22T17:05:36.636-0500] {dag.py:3504} INFO - Setting next_dagrun for example_trigger_controller_dag to 2021-01-01T00:00:00+00:00, run_after=2021-01-01T00:00:00+00:00
[2023-07-22T17:05:36.658-0500] {processor.py:179} INFO - Processing /Users/abhishekpatkar/Documents/Projects/af_file_loader/venv/lib/python3.11/site-packages/airflow/example_dags/example_trigger_controller_dag.py took 0.892 seconds
[2023-07-22T17:07:31.816-0500] {processor.py:157} INFO - Started process (PID=22403) to work on /Users/abhishekpatkar/Documents/Projects/af_file_loader/venv/lib/python3.11/site-packages/airflow/example_dags/example_trigger_controller_dag.py
[2023-07-22T17:07:31.820-0500] {processor.py:826} INFO - Processing file /Users/abhishekpatkar/Documents/Projects/af_file_loader/venv/lib/python3.11/site-packages/airflow/example_dags/example_trigger_controller_dag.py for tasks to queue
[2023-07-22T17:07:31.821-0500] {logging_mixin.py:150} INFO - [2023-07-22T17:07:31.821-0500] {dagbag.py:541} INFO - Filling up the DagBag from /Users/abhishekpatkar/Documents/Projects/af_file_loader/venv/lib/python3.11/site-packages/airflow/example_dags/example_trigger_controller_dag.py
[2023-07-22T17:07:31.847-0500] {processor.py:836} INFO - DAG(s) dict_keys(['example_trigger_controller_dag']) retrieved from /Users/abhishekpatkar/Documents/Projects/af_file_loader/venv/lib/python3.11/site-packages/airflow/example_dags/example_trigger_controller_dag.py
[2023-07-22T17:07:32.523-0500] {logging_mixin.py:150} INFO - [2023-07-22T17:07:32.523-0500] {dag.py:2742} INFO - Sync 1 DAGs
[2023-07-22T17:07:32.599-0500] {logging_mixin.py:150} INFO - [2023-07-22T17:07:32.598-0500] {dag.py:3504} INFO - Setting next_dagrun for example_trigger_controller_dag to 2021-01-01T00:00:00+00:00, run_after=2021-01-01T00:00:00+00:00
[2023-07-22T17:07:32.620-0500] {processor.py:179} INFO - Processing /Users/abhishekpatkar/Documents/Projects/af_file_loader/venv/lib/python3.11/site-packages/airflow/example_dags/example_trigger_controller_dag.py took 0.805 seconds
[2023-07-22T17:09:33.144-0500] {processor.py:157} INFO - Started process (PID=22489) to work on /Users/abhishekpatkar/Documents/Projects/af_file_loader/venv/lib/python3.11/site-packages/airflow/example_dags/example_trigger_controller_dag.py
[2023-07-22T17:09:33.149-0500] {processor.py:826} INFO - Processing file /Users/abhishekpatkar/Documents/Projects/af_file_loader/venv/lib/python3.11/site-packages/airflow/example_dags/example_trigger_controller_dag.py for tasks to queue
[2023-07-22T17:09:33.149-0500] {logging_mixin.py:150} INFO - [2023-07-22T17:09:33.149-0500] {dagbag.py:541} INFO - Filling up the DagBag from /Users/abhishekpatkar/Documents/Projects/af_file_loader/venv/lib/python3.11/site-packages/airflow/example_dags/example_trigger_controller_dag.py
[2023-07-22T17:09:33.171-0500] {processor.py:836} INFO - DAG(s) dict_keys(['example_trigger_controller_dag']) retrieved from /Users/abhishekpatkar/Documents/Projects/af_file_loader/venv/lib/python3.11/site-packages/airflow/example_dags/example_trigger_controller_dag.py
[2023-07-22T17:09:33.836-0500] {logging_mixin.py:150} INFO - [2023-07-22T17:09:33.835-0500] {dag.py:2742} INFO - Sync 1 DAGs
[2023-07-22T17:09:33.914-0500] {logging_mixin.py:150} INFO - [2023-07-22T17:09:33.914-0500] {dag.py:3504} INFO - Setting next_dagrun for example_trigger_controller_dag to 2021-01-01T00:00:00+00:00, run_after=2021-01-01T00:00:00+00:00
[2023-07-22T17:09:33.934-0500] {processor.py:179} INFO - Processing /Users/abhishekpatkar/Documents/Projects/af_file_loader/venv/lib/python3.11/site-packages/airflow/example_dags/example_trigger_controller_dag.py took 0.790 seconds
[2023-07-22T17:11:34.845-0500] {processor.py:157} INFO - Started process (PID=22566) to work on /Users/abhishekpatkar/Documents/Projects/af_file_loader/venv/lib/python3.11/site-packages/airflow/example_dags/example_trigger_controller_dag.py
[2023-07-22T17:11:34.849-0500] {processor.py:826} INFO - Processing file /Users/abhishekpatkar/Documents/Projects/af_file_loader/venv/lib/python3.11/site-packages/airflow/example_dags/example_trigger_controller_dag.py for tasks to queue
[2023-07-22T17:11:34.850-0500] {logging_mixin.py:150} INFO - [2023-07-22T17:11:34.850-0500] {dagbag.py:541} INFO - Filling up the DagBag from /Users/abhishekpatkar/Documents/Projects/af_file_loader/venv/lib/python3.11/site-packages/airflow/example_dags/example_trigger_controller_dag.py
[2023-07-22T17:11:34.873-0500] {processor.py:836} INFO - DAG(s) dict_keys(['example_trigger_controller_dag']) retrieved from /Users/abhishekpatkar/Documents/Projects/af_file_loader/venv/lib/python3.11/site-packages/airflow/example_dags/example_trigger_controller_dag.py
[2023-07-22T17:11:35.549-0500] {logging_mixin.py:150} INFO - [2023-07-22T17:11:35.548-0500] {dag.py:2742} INFO - Sync 1 DAGs
[2023-07-22T17:11:35.624-0500] {logging_mixin.py:150} INFO - [2023-07-22T17:11:35.624-0500] {dag.py:3504} INFO - Setting next_dagrun for example_trigger_controller_dag to 2021-01-01T00:00:00+00:00, run_after=2021-01-01T00:00:00+00:00
[2023-07-22T17:11:35.645-0500] {processor.py:179} INFO - Processing /Users/abhishekpatkar/Documents/Projects/af_file_loader/venv/lib/python3.11/site-packages/airflow/example_dags/example_trigger_controller_dag.py took 0.802 seconds
[2023-07-22T17:13:32.845-0500] {processor.py:157} INFO - Started process (PID=22638) to work on /Users/abhishekpatkar/Documents/Projects/af_file_loader/venv/lib/python3.11/site-packages/airflow/example_dags/example_trigger_controller_dag.py
[2023-07-22T17:13:32.851-0500] {processor.py:826} INFO - Processing file /Users/abhishekpatkar/Documents/Projects/af_file_loader/venv/lib/python3.11/site-packages/airflow/example_dags/example_trigger_controller_dag.py for tasks to queue
[2023-07-22T17:13:32.851-0500] {logging_mixin.py:150} INFO - [2023-07-22T17:13:32.851-0500] {dagbag.py:541} INFO - Filling up the DagBag from /Users/abhishekpatkar/Documents/Projects/af_file_loader/venv/lib/python3.11/site-packages/airflow/example_dags/example_trigger_controller_dag.py
[2023-07-22T17:13:32.875-0500] {processor.py:836} INFO - DAG(s) dict_keys(['example_trigger_controller_dag']) retrieved from /Users/abhishekpatkar/Documents/Projects/af_file_loader/venv/lib/python3.11/site-packages/airflow/example_dags/example_trigger_controller_dag.py
[2023-07-22T17:13:33.811-0500] {logging_mixin.py:150} INFO - [2023-07-22T17:13:33.810-0500] {dag.py:2742} INFO - Sync 1 DAGs
[2023-07-22T17:13:33.890-0500] {logging_mixin.py:150} INFO - [2023-07-22T17:13:33.890-0500] {dag.py:3504} INFO - Setting next_dagrun for example_trigger_controller_dag to 2021-01-01T00:00:00+00:00, run_after=2021-01-01T00:00:00+00:00
[2023-07-22T17:13:33.910-0500] {processor.py:179} INFO - Processing /Users/abhishekpatkar/Documents/Projects/af_file_loader/venv/lib/python3.11/site-packages/airflow/example_dags/example_trigger_controller_dag.py took 1.066 seconds
[2023-07-22T17:15:32.571-0500] {processor.py:157} INFO - Started process (PID=22715) to work on /Users/abhishekpatkar/Documents/Projects/af_file_loader/venv/lib/python3.11/site-packages/airflow/example_dags/example_trigger_controller_dag.py
[2023-07-22T17:15:32.575-0500] {processor.py:826} INFO - Processing file /Users/abhishekpatkar/Documents/Projects/af_file_loader/venv/lib/python3.11/site-packages/airflow/example_dags/example_trigger_controller_dag.py for tasks to queue
[2023-07-22T17:15:32.576-0500] {logging_mixin.py:150} INFO - [2023-07-22T17:15:32.575-0500] {dagbag.py:541} INFO - Filling up the DagBag from /Users/abhishekpatkar/Documents/Projects/af_file_loader/venv/lib/python3.11/site-packages/airflow/example_dags/example_trigger_controller_dag.py
[2023-07-22T17:15:32.602-0500] {processor.py:836} INFO - DAG(s) dict_keys(['example_trigger_controller_dag']) retrieved from /Users/abhishekpatkar/Documents/Projects/af_file_loader/venv/lib/python3.11/site-packages/airflow/example_dags/example_trigger_controller_dag.py
[2023-07-22T17:15:33.323-0500] {logging_mixin.py:150} INFO - [2023-07-22T17:15:33.317-0500] {dag.py:2742} INFO - Sync 1 DAGs
[2023-07-22T17:15:33.409-0500] {logging_mixin.py:150} INFO - [2023-07-22T17:15:33.408-0500] {dag.py:3504} INFO - Setting next_dagrun for example_trigger_controller_dag to 2021-01-01T00:00:00+00:00, run_after=2021-01-01T00:00:00+00:00
[2023-07-22T17:15:33.430-0500] {processor.py:179} INFO - Processing /Users/abhishekpatkar/Documents/Projects/af_file_loader/venv/lib/python3.11/site-packages/airflow/example_dags/example_trigger_controller_dag.py took 0.860 seconds
[2023-07-22T17:17:49.701-0500] {processor.py:157} INFO - Started process (PID=22816) to work on /Users/abhishekpatkar/Documents/Projects/af_file_loader/venv/lib/python3.11/site-packages/airflow/example_dags/example_trigger_controller_dag.py
[2023-07-22T17:17:49.710-0500] {processor.py:826} INFO - Processing file /Users/abhishekpatkar/Documents/Projects/af_file_loader/venv/lib/python3.11/site-packages/airflow/example_dags/example_trigger_controller_dag.py for tasks to queue
[2023-07-22T17:17:49.711-0500] {logging_mixin.py:150} INFO - [2023-07-22T17:17:49.711-0500] {dagbag.py:541} INFO - Filling up the DagBag from /Users/abhishekpatkar/Documents/Projects/af_file_loader/venv/lib/python3.11/site-packages/airflow/example_dags/example_trigger_controller_dag.py
[2023-07-22T17:17:49.758-0500] {processor.py:836} INFO - DAG(s) dict_keys(['example_trigger_controller_dag']) retrieved from /Users/abhishekpatkar/Documents/Projects/af_file_loader/venv/lib/python3.11/site-packages/airflow/example_dags/example_trigger_controller_dag.py
[2023-07-22T17:17:51.854-0500] {logging_mixin.py:150} INFO - [2023-07-22T17:17:51.854-0500] {dag.py:2742} INFO - Sync 1 DAGs
[2023-07-22T17:17:51.987-0500] {logging_mixin.py:150} INFO - [2023-07-22T17:17:51.987-0500] {dag.py:3504} INFO - Setting next_dagrun for example_trigger_controller_dag to 2021-01-01T00:00:00+00:00, run_after=2021-01-01T00:00:00+00:00
[2023-07-22T17:17:52.086-0500] {processor.py:179} INFO - Processing /Users/abhishekpatkar/Documents/Projects/af_file_loader/venv/lib/python3.11/site-packages/airflow/example_dags/example_trigger_controller_dag.py took 2.386 seconds
[2023-07-22T17:20:24.202-0500] {processor.py:157} INFO - Started process (PID=22948) to work on /Users/abhishekpatkar/Documents/Projects/af_file_loader/venv/lib/python3.11/site-packages/airflow/example_dags/example_trigger_controller_dag.py
[2023-07-22T17:20:24.206-0500] {processor.py:826} INFO - Processing file /Users/abhishekpatkar/Documents/Projects/af_file_loader/venv/lib/python3.11/site-packages/airflow/example_dags/example_trigger_controller_dag.py for tasks to queue
[2023-07-22T17:20:24.206-0500] {logging_mixin.py:150} INFO - [2023-07-22T17:20:24.206-0500] {dagbag.py:541} INFO - Filling up the DagBag from /Users/abhishekpatkar/Documents/Projects/af_file_loader/venv/lib/python3.11/site-packages/airflow/example_dags/example_trigger_controller_dag.py
[2023-07-22T17:20:24.237-0500] {processor.py:836} INFO - DAG(s) dict_keys(['example_trigger_controller_dag']) retrieved from /Users/abhishekpatkar/Documents/Projects/af_file_loader/venv/lib/python3.11/site-packages/airflow/example_dags/example_trigger_controller_dag.py
[2023-07-22T17:20:24.997-0500] {logging_mixin.py:150} INFO - [2023-07-22T17:20:24.996-0500] {dag.py:2742} INFO - Sync 1 DAGs
[2023-07-22T17:20:25.076-0500] {logging_mixin.py:150} INFO - [2023-07-22T17:20:25.076-0500] {dag.py:3504} INFO - Setting next_dagrun for example_trigger_controller_dag to 2021-01-01T00:00:00+00:00, run_after=2021-01-01T00:00:00+00:00
[2023-07-22T17:20:25.097-0500] {processor.py:179} INFO - Processing /Users/abhishekpatkar/Documents/Projects/af_file_loader/venv/lib/python3.11/site-packages/airflow/example_dags/example_trigger_controller_dag.py took 0.896 seconds
[2023-07-22T17:22:24.673-0500] {processor.py:157} INFO - Started process (PID=23028) to work on /Users/abhishekpatkar/Documents/Projects/af_file_loader/venv/lib/python3.11/site-packages/airflow/example_dags/example_trigger_controller_dag.py
[2023-07-22T17:22:24.677-0500] {processor.py:826} INFO - Processing file /Users/abhishekpatkar/Documents/Projects/af_file_loader/venv/lib/python3.11/site-packages/airflow/example_dags/example_trigger_controller_dag.py for tasks to queue
[2023-07-22T17:22:24.678-0500] {logging_mixin.py:150} INFO - [2023-07-22T17:22:24.678-0500] {dagbag.py:541} INFO - Filling up the DagBag from /Users/abhishekpatkar/Documents/Projects/af_file_loader/venv/lib/python3.11/site-packages/airflow/example_dags/example_trigger_controller_dag.py
[2023-07-22T17:22:24.704-0500] {processor.py:836} INFO - DAG(s) dict_keys(['example_trigger_controller_dag']) retrieved from /Users/abhishekpatkar/Documents/Projects/af_file_loader/venv/lib/python3.11/site-packages/airflow/example_dags/example_trigger_controller_dag.py
[2023-07-22T17:22:25.387-0500] {logging_mixin.py:150} INFO - [2023-07-22T17:22:25.386-0500] {dag.py:2742} INFO - Sync 1 DAGs
[2023-07-22T17:22:25.464-0500] {logging_mixin.py:150} INFO - [2023-07-22T17:22:25.464-0500] {dag.py:3504} INFO - Setting next_dagrun for example_trigger_controller_dag to 2021-01-01T00:00:00+00:00, run_after=2021-01-01T00:00:00+00:00
[2023-07-22T17:22:25.487-0500] {processor.py:179} INFO - Processing /Users/abhishekpatkar/Documents/Projects/af_file_loader/venv/lib/python3.11/site-packages/airflow/example_dags/example_trigger_controller_dag.py took 0.815 seconds
[2023-07-22T17:27:03.750-0500] {processor.py:157} INFO - Started process (PID=23216) to work on /Users/abhishekpatkar/Documents/Projects/af_file_loader/venv/lib/python3.11/site-packages/airflow/example_dags/example_trigger_controller_dag.py
[2023-07-22T17:27:03.764-0500] {processor.py:826} INFO - Processing file /Users/abhishekpatkar/Documents/Projects/af_file_loader/venv/lib/python3.11/site-packages/airflow/example_dags/example_trigger_controller_dag.py for tasks to queue
[2023-07-22T17:27:03.767-0500] {logging_mixin.py:150} INFO - [2023-07-22T17:27:03.766-0500] {dagbag.py:541} INFO - Filling up the DagBag from /Users/abhishekpatkar/Documents/Projects/af_file_loader/venv/lib/python3.11/site-packages/airflow/example_dags/example_trigger_controller_dag.py
[2023-07-22T17:27:03.820-0500] {processor.py:836} INFO - DAG(s) dict_keys(['example_trigger_controller_dag']) retrieved from /Users/abhishekpatkar/Documents/Projects/af_file_loader/venv/lib/python3.11/site-packages/airflow/example_dags/example_trigger_controller_dag.py
[2023-07-22T17:27:06.136-0500] {logging_mixin.py:150} INFO - [2023-07-22T17:27:06.136-0500] {dag.py:2742} INFO - Sync 1 DAGs
[2023-07-22T17:27:06.342-0500] {logging_mixin.py:150} INFO - [2023-07-22T17:27:06.341-0500] {dag.py:3504} INFO - Setting next_dagrun for example_trigger_controller_dag to 2021-01-01T00:00:00+00:00, run_after=2021-01-01T00:00:00+00:00
[2023-07-22T17:27:06.418-0500] {processor.py:179} INFO - Processing /Users/abhishekpatkar/Documents/Projects/af_file_loader/venv/lib/python3.11/site-packages/airflow/example_dags/example_trigger_controller_dag.py took 2.671 seconds
[2023-07-22T17:30:47.881-0500] {processor.py:157} INFO - Started process (PID=23374) to work on /Users/abhishekpatkar/Documents/Projects/af_file_loader/venv/lib/python3.11/site-packages/airflow/example_dags/example_trigger_controller_dag.py
[2023-07-22T17:30:47.886-0500] {processor.py:826} INFO - Processing file /Users/abhishekpatkar/Documents/Projects/af_file_loader/venv/lib/python3.11/site-packages/airflow/example_dags/example_trigger_controller_dag.py for tasks to queue
[2023-07-22T17:30:47.886-0500] {logging_mixin.py:150} INFO - [2023-07-22T17:30:47.886-0500] {dagbag.py:541} INFO - Filling up the DagBag from /Users/abhishekpatkar/Documents/Projects/af_file_loader/venv/lib/python3.11/site-packages/airflow/example_dags/example_trigger_controller_dag.py
[2023-07-22T17:30:47.908-0500] {processor.py:836} INFO - DAG(s) dict_keys(['example_trigger_controller_dag']) retrieved from /Users/abhishekpatkar/Documents/Projects/af_file_loader/venv/lib/python3.11/site-packages/airflow/example_dags/example_trigger_controller_dag.py
[2023-07-22T17:30:48.719-0500] {logging_mixin.py:150} INFO - [2023-07-22T17:30:48.718-0500] {dag.py:2742} INFO - Sync 1 DAGs
[2023-07-22T17:30:48.793-0500] {logging_mixin.py:150} INFO - [2023-07-22T17:30:48.793-0500] {dag.py:3504} INFO - Setting next_dagrun for example_trigger_controller_dag to 2021-01-01T00:00:00+00:00, run_after=2021-01-01T00:00:00+00:00
[2023-07-22T17:30:48.814-0500] {processor.py:179} INFO - Processing /Users/abhishekpatkar/Documents/Projects/af_file_loader/venv/lib/python3.11/site-packages/airflow/example_dags/example_trigger_controller_dag.py took 0.933 seconds
[2023-07-22T17:32:57.161-0500] {processor.py:157} INFO - Started process (PID=23458) to work on /Users/abhishekpatkar/Documents/Projects/af_file_loader/venv/lib/python3.11/site-packages/airflow/example_dags/example_trigger_controller_dag.py
[2023-07-22T17:32:57.166-0500] {processor.py:826} INFO - Processing file /Users/abhishekpatkar/Documents/Projects/af_file_loader/venv/lib/python3.11/site-packages/airflow/example_dags/example_trigger_controller_dag.py for tasks to queue
[2023-07-22T17:32:57.166-0500] {logging_mixin.py:150} INFO - [2023-07-22T17:32:57.166-0500] {dagbag.py:541} INFO - Filling up the DagBag from /Users/abhishekpatkar/Documents/Projects/af_file_loader/venv/lib/python3.11/site-packages/airflow/example_dags/example_trigger_controller_dag.py
[2023-07-22T17:32:57.190-0500] {processor.py:836} INFO - DAG(s) dict_keys(['example_trigger_controller_dag']) retrieved from /Users/abhishekpatkar/Documents/Projects/af_file_loader/venv/lib/python3.11/site-packages/airflow/example_dags/example_trigger_controller_dag.py
[2023-07-22T17:32:57.929-0500] {logging_mixin.py:150} INFO - [2023-07-22T17:32:57.929-0500] {dag.py:2742} INFO - Sync 1 DAGs
[2023-07-22T17:32:58.001-0500] {logging_mixin.py:150} INFO - [2023-07-22T17:32:58.001-0500] {dag.py:3504} INFO - Setting next_dagrun for example_trigger_controller_dag to 2021-01-01T00:00:00+00:00, run_after=2021-01-01T00:00:00+00:00
[2023-07-22T17:32:58.020-0500] {processor.py:179} INFO - Processing /Users/abhishekpatkar/Documents/Projects/af_file_loader/venv/lib/python3.11/site-packages/airflow/example_dags/example_trigger_controller_dag.py took 0.860 seconds
[2023-07-22T17:34:52.214-0500] {processor.py:157} INFO - Started process (PID=23531) to work on /Users/abhishekpatkar/Documents/Projects/af_file_loader/venv/lib/python3.11/site-packages/airflow/example_dags/example_trigger_controller_dag.py
[2023-07-22T17:34:52.218-0500] {processor.py:826} INFO - Processing file /Users/abhishekpatkar/Documents/Projects/af_file_loader/venv/lib/python3.11/site-packages/airflow/example_dags/example_trigger_controller_dag.py for tasks to queue
[2023-07-22T17:34:52.219-0500] {logging_mixin.py:150} INFO - [2023-07-22T17:34:52.219-0500] {dagbag.py:541} INFO - Filling up the DagBag from /Users/abhishekpatkar/Documents/Projects/af_file_loader/venv/lib/python3.11/site-packages/airflow/example_dags/example_trigger_controller_dag.py
[2023-07-22T17:34:52.241-0500] {processor.py:836} INFO - DAG(s) dict_keys(['example_trigger_controller_dag']) retrieved from /Users/abhishekpatkar/Documents/Projects/af_file_loader/venv/lib/python3.11/site-packages/airflow/example_dags/example_trigger_controller_dag.py
[2023-07-22T17:34:53.128-0500] {logging_mixin.py:150} INFO - [2023-07-22T17:34:53.127-0500] {dag.py:2742} INFO - Sync 1 DAGs
[2023-07-22T17:34:53.249-0500] {logging_mixin.py:150} INFO - [2023-07-22T17:34:53.249-0500] {dag.py:3504} INFO - Setting next_dagrun for example_trigger_controller_dag to 2021-01-01T00:00:00+00:00, run_after=2021-01-01T00:00:00+00:00
[2023-07-22T17:34:53.274-0500] {processor.py:179} INFO - Processing /Users/abhishekpatkar/Documents/Projects/af_file_loader/venv/lib/python3.11/site-packages/airflow/example_dags/example_trigger_controller_dag.py took 1.061 seconds
[2023-07-22T17:37:47.078-0500] {processor.py:157} INFO - Started process (PID=23654) to work on /Users/abhishekpatkar/Documents/Projects/af_file_loader/venv/lib/python3.11/site-packages/airflow/example_dags/example_trigger_controller_dag.py
[2023-07-22T17:37:47.082-0500] {processor.py:826} INFO - Processing file /Users/abhishekpatkar/Documents/Projects/af_file_loader/venv/lib/python3.11/site-packages/airflow/example_dags/example_trigger_controller_dag.py for tasks to queue
[2023-07-22T17:37:47.083-0500] {logging_mixin.py:150} INFO - [2023-07-22T17:37:47.083-0500] {dagbag.py:541} INFO - Filling up the DagBag from /Users/abhishekpatkar/Documents/Projects/af_file_loader/venv/lib/python3.11/site-packages/airflow/example_dags/example_trigger_controller_dag.py
[2023-07-22T17:37:47.120-0500] {processor.py:836} INFO - DAG(s) dict_keys(['example_trigger_controller_dag']) retrieved from /Users/abhishekpatkar/Documents/Projects/af_file_loader/venv/lib/python3.11/site-packages/airflow/example_dags/example_trigger_controller_dag.py
[2023-07-22T17:37:47.699-0500] {logging_mixin.py:150} INFO - [2023-07-22T17:37:47.698-0500] {dag.py:2742} INFO - Sync 1 DAGs
[2023-07-22T17:37:47.769-0500] {logging_mixin.py:150} INFO - [2023-07-22T17:37:47.769-0500] {dag.py:3504} INFO - Setting next_dagrun for example_trigger_controller_dag to 2021-01-01T00:00:00+00:00, run_after=2021-01-01T00:00:00+00:00
[2023-07-22T17:37:47.787-0500] {processor.py:179} INFO - Processing /Users/abhishekpatkar/Documents/Projects/af_file_loader/venv/lib/python3.11/site-packages/airflow/example_dags/example_trigger_controller_dag.py took 0.710 seconds
[2023-07-22T17:43:23.973-0500] {processor.py:157} INFO - Started process (PID=23871) to work on /Users/abhishekpatkar/Documents/Projects/af_file_loader/venv/lib/python3.11/site-packages/airflow/example_dags/example_trigger_controller_dag.py
[2023-07-22T17:43:23.977-0500] {processor.py:826} INFO - Processing file /Users/abhishekpatkar/Documents/Projects/af_file_loader/venv/lib/python3.11/site-packages/airflow/example_dags/example_trigger_controller_dag.py for tasks to queue
[2023-07-22T17:43:23.978-0500] {logging_mixin.py:150} INFO - [2023-07-22T17:43:23.977-0500] {dagbag.py:541} INFO - Filling up the DagBag from /Users/abhishekpatkar/Documents/Projects/af_file_loader/venv/lib/python3.11/site-packages/airflow/example_dags/example_trigger_controller_dag.py
[2023-07-22T17:43:24.034-0500] {processor.py:836} INFO - DAG(s) dict_keys(['example_trigger_controller_dag']) retrieved from /Users/abhishekpatkar/Documents/Projects/af_file_loader/venv/lib/python3.11/site-packages/airflow/example_dags/example_trigger_controller_dag.py
[2023-07-22T17:43:28.074-0500] {logging_mixin.py:150} INFO - [2023-07-22T17:43:28.073-0500] {dag.py:2742} INFO - Sync 1 DAGs
[2023-07-22T17:43:28.323-0500] {logging_mixin.py:150} INFO - [2023-07-22T17:43:28.323-0500] {dag.py:3504} INFO - Setting next_dagrun for example_trigger_controller_dag to 2021-01-01T00:00:00+00:00, run_after=2021-01-01T00:00:00+00:00
[2023-07-22T17:43:28.607-0500] {processor.py:179} INFO - Processing /Users/abhishekpatkar/Documents/Projects/af_file_loader/venv/lib/python3.11/site-packages/airflow/example_dags/example_trigger_controller_dag.py took 4.635 seconds
[2023-07-22T17:51:35.942-0500] {processor.py:157} INFO - Started process (PID=24259) to work on /Users/abhishekpatkar/Documents/Projects/af_file_loader/venv/lib/python3.11/site-packages/airflow/example_dags/example_trigger_controller_dag.py
[2023-07-22T17:51:35.957-0500] {processor.py:826} INFO - Processing file /Users/abhishekpatkar/Documents/Projects/af_file_loader/venv/lib/python3.11/site-packages/airflow/example_dags/example_trigger_controller_dag.py for tasks to queue
[2023-07-22T17:51:35.965-0500] {logging_mixin.py:150} INFO - [2023-07-22T17:51:35.965-0500] {dagbag.py:541} INFO - Filling up the DagBag from /Users/abhishekpatkar/Documents/Projects/af_file_loader/venv/lib/python3.11/site-packages/airflow/example_dags/example_trigger_controller_dag.py
[2023-07-22T17:51:36.189-0500] {processor.py:836} INFO - DAG(s) dict_keys(['example_trigger_controller_dag']) retrieved from /Users/abhishekpatkar/Documents/Projects/af_file_loader/venv/lib/python3.11/site-packages/airflow/example_dags/example_trigger_controller_dag.py
[2023-07-22T17:51:38.259-0500] {logging_mixin.py:150} INFO - [2023-07-22T17:51:38.259-0500] {dag.py:2742} INFO - Sync 1 DAGs
[2023-07-22T17:51:38.285-0500] {logging_mixin.py:150} INFO - [2023-07-22T17:51:38.284-0500] {dag.py:3504} INFO - Setting next_dagrun for example_trigger_controller_dag to 2021-01-01T00:00:00+00:00, run_after=2021-01-01T00:00:00+00:00
[2023-07-22T17:51:38.305-0500] {processor.py:179} INFO - Processing /Users/abhishekpatkar/Documents/Projects/af_file_loader/venv/lib/python3.11/site-packages/airflow/example_dags/example_trigger_controller_dag.py took 2.364 seconds
[2023-07-22T17:56:49.756-0500] {processor.py:157} INFO - Started process (PID=24515) to work on /Users/abhishekpatkar/Documents/Projects/af_file_loader/venv/lib/python3.11/site-packages/airflow/example_dags/example_trigger_controller_dag.py
[2023-07-22T17:56:49.760-0500] {processor.py:826} INFO - Processing file /Users/abhishekpatkar/Documents/Projects/af_file_loader/venv/lib/python3.11/site-packages/airflow/example_dags/example_trigger_controller_dag.py for tasks to queue
[2023-07-22T17:56:49.761-0500] {logging_mixin.py:150} INFO - [2023-07-22T17:56:49.761-0500] {dagbag.py:541} INFO - Filling up the DagBag from /Users/abhishekpatkar/Documents/Projects/af_file_loader/venv/lib/python3.11/site-packages/airflow/example_dags/example_trigger_controller_dag.py
[2023-07-22T17:56:49.858-0500] {processor.py:836} INFO - DAG(s) dict_keys(['example_trigger_controller_dag']) retrieved from /Users/abhishekpatkar/Documents/Projects/af_file_loader/venv/lib/python3.11/site-packages/airflow/example_dags/example_trigger_controller_dag.py
[2023-07-22T17:56:52.653-0500] {logging_mixin.py:150} INFO - [2023-07-22T17:56:52.652-0500] {dag.py:2742} INFO - Sync 1 DAGs
[2023-07-22T17:56:52.685-0500] {logging_mixin.py:150} INFO - [2023-07-22T17:56:52.685-0500] {dag.py:3504} INFO - Setting next_dagrun for example_trigger_controller_dag to 2021-01-01T00:00:00+00:00, run_after=2021-01-01T00:00:00+00:00
[2023-07-22T17:56:52.731-0500] {processor.py:179} INFO - Processing /Users/abhishekpatkar/Documents/Projects/af_file_loader/venv/lib/python3.11/site-packages/airflow/example_dags/example_trigger_controller_dag.py took 2.976 seconds
[2023-07-22T18:01:00.152-0500] {processor.py:157} INFO - Started process (PID=24703) to work on /Users/abhishekpatkar/Documents/Projects/af_file_loader/venv/lib/python3.11/site-packages/airflow/example_dags/example_trigger_controller_dag.py
[2023-07-22T18:01:00.160-0500] {processor.py:826} INFO - Processing file /Users/abhishekpatkar/Documents/Projects/af_file_loader/venv/lib/python3.11/site-packages/airflow/example_dags/example_trigger_controller_dag.py for tasks to queue
[2023-07-22T18:01:00.162-0500] {logging_mixin.py:150} INFO - [2023-07-22T18:01:00.161-0500] {dagbag.py:541} INFO - Filling up the DagBag from /Users/abhishekpatkar/Documents/Projects/af_file_loader/venv/lib/python3.11/site-packages/airflow/example_dags/example_trigger_controller_dag.py
[2023-07-22T18:01:00.307-0500] {processor.py:836} INFO - DAG(s) dict_keys(['example_trigger_controller_dag']) retrieved from /Users/abhishekpatkar/Documents/Projects/af_file_loader/venv/lib/python3.11/site-packages/airflow/example_dags/example_trigger_controller_dag.py
[2023-07-22T18:01:01.620-0500] {logging_mixin.py:150} INFO - [2023-07-22T18:01:01.620-0500] {dag.py:2742} INFO - Sync 1 DAGs
[2023-07-22T18:01:01.637-0500] {logging_mixin.py:150} INFO - [2023-07-22T18:01:01.637-0500] {dag.py:3504} INFO - Setting next_dagrun for example_trigger_controller_dag to 2021-01-01T00:00:00+00:00, run_after=2021-01-01T00:00:00+00:00
[2023-07-22T18:01:01.657-0500] {processor.py:179} INFO - Processing /Users/abhishekpatkar/Documents/Projects/af_file_loader/venv/lib/python3.11/site-packages/airflow/example_dags/example_trigger_controller_dag.py took 1.513 seconds
[2023-07-22T18:05:02.908-0500] {processor.py:157} INFO - Started process (PID=24846) to work on /Users/abhishekpatkar/Documents/Projects/af_file_loader/venv/lib/python3.11/site-packages/airflow/example_dags/example_trigger_controller_dag.py
[2023-07-22T18:05:02.912-0500] {processor.py:826} INFO - Processing file /Users/abhishekpatkar/Documents/Projects/af_file_loader/venv/lib/python3.11/site-packages/airflow/example_dags/example_trigger_controller_dag.py for tasks to queue
[2023-07-22T18:05:02.913-0500] {logging_mixin.py:150} INFO - [2023-07-22T18:05:02.913-0500] {dagbag.py:541} INFO - Filling up the DagBag from /Users/abhishekpatkar/Documents/Projects/af_file_loader/venv/lib/python3.11/site-packages/airflow/example_dags/example_trigger_controller_dag.py
[2023-07-22T18:05:02.969-0500] {processor.py:836} INFO - DAG(s) dict_keys(['example_trigger_controller_dag']) retrieved from /Users/abhishekpatkar/Documents/Projects/af_file_loader/venv/lib/python3.11/site-packages/airflow/example_dags/example_trigger_controller_dag.py
[2023-07-22T18:05:04.161-0500] {logging_mixin.py:150} INFO - [2023-07-22T18:05:04.160-0500] {dag.py:2742} INFO - Sync 1 DAGs
[2023-07-22T18:05:04.196-0500] {logging_mixin.py:150} INFO - [2023-07-22T18:05:04.195-0500] {dag.py:3504} INFO - Setting next_dagrun for example_trigger_controller_dag to 2021-01-01T00:00:00+00:00, run_after=2021-01-01T00:00:00+00:00
[2023-07-22T18:05:04.232-0500] {processor.py:179} INFO - Processing /Users/abhishekpatkar/Documents/Projects/af_file_loader/venv/lib/python3.11/site-packages/airflow/example_dags/example_trigger_controller_dag.py took 1.324 seconds
[2023-07-22T18:08:02.107-0500] {processor.py:157} INFO - Started process (PID=24944) to work on /Users/abhishekpatkar/Documents/Projects/af_file_loader/venv/lib/python3.11/site-packages/airflow/example_dags/example_trigger_controller_dag.py
[2023-07-22T18:08:02.111-0500] {processor.py:826} INFO - Processing file /Users/abhishekpatkar/Documents/Projects/af_file_loader/venv/lib/python3.11/site-packages/airflow/example_dags/example_trigger_controller_dag.py for tasks to queue
[2023-07-22T18:08:02.112-0500] {logging_mixin.py:150} INFO - [2023-07-22T18:08:02.111-0500] {dagbag.py:541} INFO - Filling up the DagBag from /Users/abhishekpatkar/Documents/Projects/af_file_loader/venv/lib/python3.11/site-packages/airflow/example_dags/example_trigger_controller_dag.py
[2023-07-22T18:08:02.200-0500] {processor.py:836} INFO - DAG(s) dict_keys(['example_trigger_controller_dag']) retrieved from /Users/abhishekpatkar/Documents/Projects/af_file_loader/venv/lib/python3.11/site-packages/airflow/example_dags/example_trigger_controller_dag.py
[2023-07-22T18:08:03.461-0500] {logging_mixin.py:150} INFO - [2023-07-22T18:08:03.460-0500] {dag.py:2742} INFO - Sync 1 DAGs
[2023-07-22T18:08:03.532-0500] {logging_mixin.py:150} INFO - [2023-07-22T18:08:03.531-0500] {dag.py:3504} INFO - Setting next_dagrun for example_trigger_controller_dag to 2021-01-01T00:00:00+00:00, run_after=2021-01-01T00:00:00+00:00
[2023-07-22T18:08:03.569-0500] {processor.py:179} INFO - Processing /Users/abhishekpatkar/Documents/Projects/af_file_loader/venv/lib/python3.11/site-packages/airflow/example_dags/example_trigger_controller_dag.py took 1.464 seconds
