[2023-07-22T14:50:56.847-0500] {processor.py:157} INFO - Started process (PID=16590) to work on /Users/abhishekpatkar/Documents/Projects/af_file_loader/venv/lib/python3.11/site-packages/airflow/example_dags/example_skip_dag.py
[2023-07-22T14:50:56.853-0500] {processor.py:826} INFO - Processing file /Users/abhishekpatkar/Documents/Projects/af_file_loader/venv/lib/python3.11/site-packages/airflow/example_dags/example_skip_dag.py for tasks to queue
[2023-07-22T14:50:56.854-0500] {logging_mixin.py:150} INFO - [2023-07-22T14:50:56.854-0500] {dagbag.py:541} INFO - Filling up the DagBag from /Users/abhishekpatkar/Documents/Projects/af_file_loader/venv/lib/python3.11/site-packages/airflow/example_dags/example_skip_dag.py
[2023-07-22T14:50:56.885-0500] {processor.py:836} INFO - DAG(s) dict_keys(['example_skip_dag']) retrieved from /Users/abhishekpatkar/Documents/Projects/af_file_loader/venv/lib/python3.11/site-packages/airflow/example_dags/example_skip_dag.py
[2023-07-22T14:50:58.570-0500] {logging_mixin.py:150} INFO - [2023-07-22T14:50:58.570-0500] {manager.py:504} INFO - Created Permission View: can edit on DAG:example_skip_dag
[2023-07-22T14:50:58.614-0500] {logging_mixin.py:150} INFO - [2023-07-22T14:50:58.613-0500] {manager.py:504} INFO - Created Permission View: can delete on DAG:example_skip_dag
[2023-07-22T14:50:58.626-0500] {logging_mixin.py:150} INFO - [2023-07-22T14:50:58.625-0500] {manager.py:504} INFO - Created Permission View: can read on DAG:example_skip_dag
[2023-07-22T14:50:58.651-0500] {logging_mixin.py:150} INFO - [2023-07-22T14:50:58.651-0500] {dag.py:2742} INFO - Sync 1 DAGs
[2023-07-22T14:50:58.713-0500] {logging_mixin.py:150} INFO - [2023-07-22T14:50:58.713-0500] {dag.py:2763} INFO - Creating ORM DAG for example_skip_dag
[2023-07-22T14:50:58.729-0500] {logging_mixin.py:150} INFO - [2023-07-22T14:50:58.729-0500] {dag.py:3504} INFO - Setting next_dagrun for example_skip_dag to 2023-07-21T19:50:58.729501+00:00, run_after=2023-07-22T19:50:58.729501+00:00
[2023-07-22T14:50:58.772-0500] {processor.py:179} INFO - Processing /Users/abhishekpatkar/Documents/Projects/af_file_loader/venv/lib/python3.11/site-packages/airflow/example_dags/example_skip_dag.py took 1.927 seconds
[2023-07-22T14:54:25.326-0500] {processor.py:157} INFO - Started process (PID=16809) to work on /Users/abhishekpatkar/Documents/Projects/af_file_loader/venv/lib/python3.11/site-packages/airflow/example_dags/example_skip_dag.py
[2023-07-22T14:54:25.333-0500] {processor.py:826} INFO - Processing file /Users/abhishekpatkar/Documents/Projects/af_file_loader/venv/lib/python3.11/site-packages/airflow/example_dags/example_skip_dag.py for tasks to queue
[2023-07-22T14:54:25.334-0500] {logging_mixin.py:150} INFO - [2023-07-22T14:54:25.333-0500] {dagbag.py:541} INFO - Filling up the DagBag from /Users/abhishekpatkar/Documents/Projects/af_file_loader/venv/lib/python3.11/site-packages/airflow/example_dags/example_skip_dag.py
[2023-07-22T14:54:25.372-0500] {processor.py:836} INFO - DAG(s) dict_keys(['example_skip_dag']) retrieved from /Users/abhishekpatkar/Documents/Projects/af_file_loader/venv/lib/python3.11/site-packages/airflow/example_dags/example_skip_dag.py
[2023-07-22T14:54:26.884-0500] {logging_mixin.py:150} INFO - [2023-07-22T14:54:26.818-0500] {dag.py:2742} INFO - Sync 1 DAGs
[2023-07-22T14:54:26.908-0500] {logging_mixin.py:150} INFO - [2023-07-22T14:54:26.908-0500] {dag.py:3504} INFO - Setting next_dagrun for example_skip_dag to 2023-07-21T19:54:26.908315+00:00, run_after=2023-07-22T19:54:26.908315+00:00
[2023-07-22T14:54:26.931-0500] {processor.py:179} INFO - Processing /Users/abhishekpatkar/Documents/Projects/af_file_loader/venv/lib/python3.11/site-packages/airflow/example_dags/example_skip_dag.py took 1.605 seconds
[2023-07-22T14:57:05.418-0500] {processor.py:157} INFO - Started process (PID=16966) to work on /Users/abhishekpatkar/Documents/Projects/af_file_loader/venv/lib/python3.11/site-packages/airflow/example_dags/example_skip_dag.py
[2023-07-22T14:57:05.427-0500] {processor.py:826} INFO - Processing file /Users/abhishekpatkar/Documents/Projects/af_file_loader/venv/lib/python3.11/site-packages/airflow/example_dags/example_skip_dag.py for tasks to queue
[2023-07-22T14:57:05.428-0500] {logging_mixin.py:150} INFO - [2023-07-22T14:57:05.428-0500] {dagbag.py:541} INFO - Filling up the DagBag from /Users/abhishekpatkar/Documents/Projects/af_file_loader/venv/lib/python3.11/site-packages/airflow/example_dags/example_skip_dag.py
[2023-07-22T14:57:05.458-0500] {processor.py:836} INFO - DAG(s) dict_keys(['example_skip_dag']) retrieved from /Users/abhishekpatkar/Documents/Projects/af_file_loader/venv/lib/python3.11/site-packages/airflow/example_dags/example_skip_dag.py
[2023-07-22T14:57:07.093-0500] {logging_mixin.py:150} INFO - [2023-07-22T14:57:07.020-0500] {dag.py:2742} INFO - Sync 1 DAGs
[2023-07-22T14:57:07.116-0500] {logging_mixin.py:150} INFO - [2023-07-22T14:57:07.116-0500] {dag.py:3504} INFO - Setting next_dagrun for example_skip_dag to 2023-07-21T19:57:07.115997+00:00, run_after=2023-07-22T19:57:07.115997+00:00
[2023-07-22T14:57:07.140-0500] {processor.py:179} INFO - Processing /Users/abhishekpatkar/Documents/Projects/af_file_loader/venv/lib/python3.11/site-packages/airflow/example_dags/example_skip_dag.py took 1.723 seconds
[2023-07-22T14:59:29.489-0500] {processor.py:157} INFO - Started process (PID=17059) to work on /Users/abhishekpatkar/Documents/Projects/af_file_loader/venv/lib/python3.11/site-packages/airflow/example_dags/example_skip_dag.py
[2023-07-22T14:59:29.493-0500] {processor.py:826} INFO - Processing file /Users/abhishekpatkar/Documents/Projects/af_file_loader/venv/lib/python3.11/site-packages/airflow/example_dags/example_skip_dag.py for tasks to queue
[2023-07-22T14:59:29.494-0500] {logging_mixin.py:150} INFO - [2023-07-22T14:59:29.494-0500] {dagbag.py:541} INFO - Filling up the DagBag from /Users/abhishekpatkar/Documents/Projects/af_file_loader/venv/lib/python3.11/site-packages/airflow/example_dags/example_skip_dag.py
[2023-07-22T14:59:29.515-0500] {processor.py:836} INFO - DAG(s) dict_keys(['example_skip_dag']) retrieved from /Users/abhishekpatkar/Documents/Projects/af_file_loader/venv/lib/python3.11/site-packages/airflow/example_dags/example_skip_dag.py
[2023-07-22T14:59:30.175-0500] {logging_mixin.py:150} INFO - [2023-07-22T14:59:30.114-0500] {dag.py:2742} INFO - Sync 1 DAGs
[2023-07-22T14:59:30.191-0500] {logging_mixin.py:150} INFO - [2023-07-22T14:59:30.191-0500] {dag.py:3504} INFO - Setting next_dagrun for example_skip_dag to 2023-07-21T19:59:30.191590+00:00, run_after=2023-07-22T19:59:30.191590+00:00
[2023-07-22T14:59:30.210-0500] {processor.py:179} INFO - Processing /Users/abhishekpatkar/Documents/Projects/af_file_loader/venv/lib/python3.11/site-packages/airflow/example_dags/example_skip_dag.py took 0.723 seconds
[2023-07-22T15:01:55.218-0500] {processor.py:157} INFO - Started process (PID=17188) to work on /Users/abhishekpatkar/Documents/Projects/af_file_loader/venv/lib/python3.11/site-packages/airflow/example_dags/example_skip_dag.py
[2023-07-22T15:01:55.222-0500] {processor.py:826} INFO - Processing file /Users/abhishekpatkar/Documents/Projects/af_file_loader/venv/lib/python3.11/site-packages/airflow/example_dags/example_skip_dag.py for tasks to queue
[2023-07-22T15:01:55.223-0500] {logging_mixin.py:150} INFO - [2023-07-22T15:01:55.223-0500] {dagbag.py:541} INFO - Filling up the DagBag from /Users/abhishekpatkar/Documents/Projects/af_file_loader/venv/lib/python3.11/site-packages/airflow/example_dags/example_skip_dag.py
[2023-07-22T15:01:55.246-0500] {processor.py:836} INFO - DAG(s) dict_keys(['example_skip_dag']) retrieved from /Users/abhishekpatkar/Documents/Projects/af_file_loader/venv/lib/python3.11/site-packages/airflow/example_dags/example_skip_dag.py
[2023-07-22T15:01:56.177-0500] {logging_mixin.py:150} INFO - [2023-07-22T15:01:56.121-0500] {dag.py:2742} INFO - Sync 1 DAGs
[2023-07-22T15:01:56.193-0500] {logging_mixin.py:150} INFO - [2023-07-22T15:01:56.193-0500] {dag.py:3504} INFO - Setting next_dagrun for example_skip_dag to 2023-07-21T20:01:56.193085+00:00, run_after=2023-07-22T20:01:56.193085+00:00
[2023-07-22T15:01:56.211-0500] {processor.py:179} INFO - Processing /Users/abhishekpatkar/Documents/Projects/af_file_loader/venv/lib/python3.11/site-packages/airflow/example_dags/example_skip_dag.py took 0.994 seconds
[2023-07-22T15:04:33.596-0500] {processor.py:157} INFO - Started process (PID=17470) to work on /Users/abhishekpatkar/Documents/Projects/af_file_loader/venv/lib/python3.11/site-packages/airflow/example_dags/example_skip_dag.py
[2023-07-22T15:04:33.600-0500] {processor.py:826} INFO - Processing file /Users/abhishekpatkar/Documents/Projects/af_file_loader/venv/lib/python3.11/site-packages/airflow/example_dags/example_skip_dag.py for tasks to queue
[2023-07-22T15:04:33.601-0500] {logging_mixin.py:150} INFO - [2023-07-22T15:04:33.601-0500] {dagbag.py:541} INFO - Filling up the DagBag from /Users/abhishekpatkar/Documents/Projects/af_file_loader/venv/lib/python3.11/site-packages/airflow/example_dags/example_skip_dag.py
[2023-07-22T15:04:33.636-0500] {processor.py:836} INFO - DAG(s) dict_keys(['example_skip_dag']) retrieved from /Users/abhishekpatkar/Documents/Projects/af_file_loader/venv/lib/python3.11/site-packages/airflow/example_dags/example_skip_dag.py
[2023-07-22T15:04:35.421-0500] {logging_mixin.py:150} INFO - [2023-07-22T15:04:35.322-0500] {dag.py:2742} INFO - Sync 1 DAGs
[2023-07-22T15:04:35.455-0500] {logging_mixin.py:150} INFO - [2023-07-22T15:04:35.455-0500] {dag.py:3504} INFO - Setting next_dagrun for example_skip_dag to 2023-07-21T20:04:35.454875+00:00, run_after=2023-07-22T20:04:35.454875+00:00
[2023-07-22T15:04:35.484-0500] {processor.py:179} INFO - Processing /Users/abhishekpatkar/Documents/Projects/af_file_loader/venv/lib/python3.11/site-packages/airflow/example_dags/example_skip_dag.py took 1.889 seconds
[2023-07-22T15:10:04.699-0500] {processor.py:157} INFO - Started process (PID=17783) to work on /Users/abhishekpatkar/Documents/Projects/af_file_loader/venv/lib/python3.11/site-packages/airflow/example_dags/example_skip_dag.py
[2023-07-22T15:10:04.703-0500] {processor.py:826} INFO - Processing file /Users/abhishekpatkar/Documents/Projects/af_file_loader/venv/lib/python3.11/site-packages/airflow/example_dags/example_skip_dag.py for tasks to queue
[2023-07-22T15:10:04.704-0500] {logging_mixin.py:150} INFO - [2023-07-22T15:10:04.703-0500] {dagbag.py:541} INFO - Filling up the DagBag from /Users/abhishekpatkar/Documents/Projects/af_file_loader/venv/lib/python3.11/site-packages/airflow/example_dags/example_skip_dag.py
[2023-07-22T15:10:04.739-0500] {processor.py:836} INFO - DAG(s) dict_keys(['example_skip_dag']) retrieved from /Users/abhishekpatkar/Documents/Projects/af_file_loader/venv/lib/python3.11/site-packages/airflow/example_dags/example_skip_dag.py
[2023-07-22T15:10:06.006-0500] {logging_mixin.py:150} INFO - [2023-07-22T15:10:05.926-0500] {dag.py:2742} INFO - Sync 1 DAGs
[2023-07-22T15:10:06.044-0500] {logging_mixin.py:150} INFO - [2023-07-22T15:10:06.044-0500] {dag.py:3504} INFO - Setting next_dagrun for example_skip_dag to 2023-07-21T20:10:06.044389+00:00, run_after=2023-07-22T20:10:06.044389+00:00
[2023-07-22T15:10:06.079-0500] {processor.py:179} INFO - Processing /Users/abhishekpatkar/Documents/Projects/af_file_loader/venv/lib/python3.11/site-packages/airflow/example_dags/example_skip_dag.py took 1.381 seconds
[2023-07-22T15:13:04.746-0500] {processor.py:157} INFO - Started process (PID=17885) to work on /Users/abhishekpatkar/Documents/Projects/af_file_loader/venv/lib/python3.11/site-packages/airflow/example_dags/example_skip_dag.py
[2023-07-22T15:13:04.752-0500] {processor.py:826} INFO - Processing file /Users/abhishekpatkar/Documents/Projects/af_file_loader/venv/lib/python3.11/site-packages/airflow/example_dags/example_skip_dag.py for tasks to queue
[2023-07-22T15:13:04.753-0500] {logging_mixin.py:150} INFO - [2023-07-22T15:13:04.753-0500] {dagbag.py:541} INFO - Filling up the DagBag from /Users/abhishekpatkar/Documents/Projects/af_file_loader/venv/lib/python3.11/site-packages/airflow/example_dags/example_skip_dag.py
[2023-07-22T15:13:04.777-0500] {processor.py:836} INFO - DAG(s) dict_keys(['example_skip_dag']) retrieved from /Users/abhishekpatkar/Documents/Projects/af_file_loader/venv/lib/python3.11/site-packages/airflow/example_dags/example_skip_dag.py
[2023-07-22T15:13:05.670-0500] {logging_mixin.py:150} INFO - [2023-07-22T15:13:05.594-0500] {dag.py:2742} INFO - Sync 1 DAGs
[2023-07-22T15:13:05.698-0500] {logging_mixin.py:150} INFO - [2023-07-22T15:13:05.698-0500] {dag.py:3504} INFO - Setting next_dagrun for example_skip_dag to 2023-07-21T20:13:05.698429+00:00, run_after=2023-07-22T20:13:05.698429+00:00
[2023-07-22T15:13:05.724-0500] {processor.py:179} INFO - Processing /Users/abhishekpatkar/Documents/Projects/af_file_loader/venv/lib/python3.11/site-packages/airflow/example_dags/example_skip_dag.py took 0.980 seconds
[2023-07-22T15:15:48.730-0500] {processor.py:157} INFO - Started process (PID=17979) to work on /Users/abhishekpatkar/Documents/Projects/af_file_loader/venv/lib/python3.11/site-packages/airflow/example_dags/example_skip_dag.py
[2023-07-22T15:15:48.735-0500] {processor.py:826} INFO - Processing file /Users/abhishekpatkar/Documents/Projects/af_file_loader/venv/lib/python3.11/site-packages/airflow/example_dags/example_skip_dag.py for tasks to queue
[2023-07-22T15:15:48.735-0500] {logging_mixin.py:150} INFO - [2023-07-22T15:15:48.735-0500] {dagbag.py:541} INFO - Filling up the DagBag from /Users/abhishekpatkar/Documents/Projects/af_file_loader/venv/lib/python3.11/site-packages/airflow/example_dags/example_skip_dag.py
[2023-07-22T15:15:48.758-0500] {processor.py:836} INFO - DAG(s) dict_keys(['example_skip_dag']) retrieved from /Users/abhishekpatkar/Documents/Projects/af_file_loader/venv/lib/python3.11/site-packages/airflow/example_dags/example_skip_dag.py
[2023-07-22T15:15:49.825-0500] {logging_mixin.py:150} INFO - [2023-07-22T15:15:49.824-0500] {dag.py:2742} INFO - Sync 1 DAGs
[2023-07-22T15:15:49.862-0500] {logging_mixin.py:150} INFO - [2023-07-22T15:15:49.862-0500] {dag.py:3504} INFO - Setting next_dagrun for example_skip_dag to 2023-07-21T20:15:49.861789+00:00, run_after=2023-07-22T20:15:49.861789+00:00
[2023-07-22T15:15:49.896-0500] {processor.py:179} INFO - Processing /Users/abhishekpatkar/Documents/Projects/af_file_loader/venv/lib/python3.11/site-packages/airflow/example_dags/example_skip_dag.py took 1.168 seconds
[2023-07-22T15:18:46.337-0500] {processor.py:157} INFO - Started process (PID=18083) to work on /Users/abhishekpatkar/Documents/Projects/af_file_loader/venv/lib/python3.11/site-packages/airflow/example_dags/example_skip_dag.py
[2023-07-22T15:18:46.343-0500] {processor.py:826} INFO - Processing file /Users/abhishekpatkar/Documents/Projects/af_file_loader/venv/lib/python3.11/site-packages/airflow/example_dags/example_skip_dag.py for tasks to queue
[2023-07-22T15:18:46.344-0500] {logging_mixin.py:150} INFO - [2023-07-22T15:18:46.344-0500] {dagbag.py:541} INFO - Filling up the DagBag from /Users/abhishekpatkar/Documents/Projects/af_file_loader/venv/lib/python3.11/site-packages/airflow/example_dags/example_skip_dag.py
[2023-07-22T15:18:46.426-0500] {processor.py:836} INFO - DAG(s) dict_keys(['example_skip_dag']) retrieved from /Users/abhishekpatkar/Documents/Projects/af_file_loader/venv/lib/python3.11/site-packages/airflow/example_dags/example_skip_dag.py
[2023-07-22T15:18:47.736-0500] {logging_mixin.py:150} INFO - [2023-07-22T15:18:47.662-0500] {dag.py:2742} INFO - Sync 1 DAGs
[2023-07-22T15:18:47.760-0500] {logging_mixin.py:150} INFO - [2023-07-22T15:18:47.760-0500] {dag.py:3504} INFO - Setting next_dagrun for example_skip_dag to 2023-07-21T20:18:47.760060+00:00, run_after=2023-07-22T20:18:47.760060+00:00
[2023-07-22T15:18:47.787-0500] {processor.py:179} INFO - Processing /Users/abhishekpatkar/Documents/Projects/af_file_loader/venv/lib/python3.11/site-packages/airflow/example_dags/example_skip_dag.py took 1.451 seconds
[2023-07-22T15:21:29.789-0500] {processor.py:157} INFO - Started process (PID=18184) to work on /Users/abhishekpatkar/Documents/Projects/af_file_loader/venv/lib/python3.11/site-packages/airflow/example_dags/example_skip_dag.py
[2023-07-22T15:21:29.794-0500] {processor.py:826} INFO - Processing file /Users/abhishekpatkar/Documents/Projects/af_file_loader/venv/lib/python3.11/site-packages/airflow/example_dags/example_skip_dag.py for tasks to queue
[2023-07-22T15:21:29.794-0500] {logging_mixin.py:150} INFO - [2023-07-22T15:21:29.794-0500] {dagbag.py:541} INFO - Filling up the DagBag from /Users/abhishekpatkar/Documents/Projects/af_file_loader/venv/lib/python3.11/site-packages/airflow/example_dags/example_skip_dag.py
[2023-07-22T15:21:29.816-0500] {processor.py:836} INFO - DAG(s) dict_keys(['example_skip_dag']) retrieved from /Users/abhishekpatkar/Documents/Projects/af_file_loader/venv/lib/python3.11/site-packages/airflow/example_dags/example_skip_dag.py
[2023-07-22T15:21:30.627-0500] {logging_mixin.py:150} INFO - [2023-07-22T15:21:30.566-0500] {dag.py:2742} INFO - Sync 1 DAGs
[2023-07-22T15:21:30.653-0500] {logging_mixin.py:150} INFO - [2023-07-22T15:21:30.653-0500] {dag.py:3504} INFO - Setting next_dagrun for example_skip_dag to 2023-07-21T20:21:30.653264+00:00, run_after=2023-07-22T20:21:30.653264+00:00
[2023-07-22T15:21:30.685-0500] {processor.py:179} INFO - Processing /Users/abhishekpatkar/Documents/Projects/af_file_loader/venv/lib/python3.11/site-packages/airflow/example_dags/example_skip_dag.py took 0.897 seconds
[2023-07-22T15:23:49.262-0500] {processor.py:157} INFO - Started process (PID=18274) to work on /Users/abhishekpatkar/Documents/Projects/af_file_loader/venv/lib/python3.11/site-packages/airflow/example_dags/example_skip_dag.py
[2023-07-22T15:23:49.267-0500] {processor.py:826} INFO - Processing file /Users/abhishekpatkar/Documents/Projects/af_file_loader/venv/lib/python3.11/site-packages/airflow/example_dags/example_skip_dag.py for tasks to queue
[2023-07-22T15:23:49.268-0500] {logging_mixin.py:150} INFO - [2023-07-22T15:23:49.267-0500] {dagbag.py:541} INFO - Filling up the DagBag from /Users/abhishekpatkar/Documents/Projects/af_file_loader/venv/lib/python3.11/site-packages/airflow/example_dags/example_skip_dag.py
[2023-07-22T15:23:49.288-0500] {processor.py:836} INFO - DAG(s) dict_keys(['example_skip_dag']) retrieved from /Users/abhishekpatkar/Documents/Projects/af_file_loader/venv/lib/python3.11/site-packages/airflow/example_dags/example_skip_dag.py
[2023-07-22T15:23:49.925-0500] {logging_mixin.py:150} INFO - [2023-07-22T15:23:49.865-0500] {dag.py:2742} INFO - Sync 1 DAGs
[2023-07-22T15:23:49.941-0500] {logging_mixin.py:150} INFO - [2023-07-22T15:23:49.940-0500] {dag.py:3504} INFO - Setting next_dagrun for example_skip_dag to 2023-07-21T20:23:49.940851+00:00, run_after=2023-07-22T20:23:49.940851+00:00
[2023-07-22T15:23:49.959-0500] {processor.py:179} INFO - Processing /Users/abhishekpatkar/Documents/Projects/af_file_loader/venv/lib/python3.11/site-packages/airflow/example_dags/example_skip_dag.py took 0.698 seconds
[2023-07-22T15:26:06.873-0500] {processor.py:157} INFO - Started process (PID=18403) to work on /Users/abhishekpatkar/Documents/Projects/af_file_loader/venv/lib/python3.11/site-packages/airflow/example_dags/example_skip_dag.py
[2023-07-22T15:26:06.888-0500] {processor.py:826} INFO - Processing file /Users/abhishekpatkar/Documents/Projects/af_file_loader/venv/lib/python3.11/site-packages/airflow/example_dags/example_skip_dag.py for tasks to queue
[2023-07-22T15:26:06.889-0500] {logging_mixin.py:150} INFO - [2023-07-22T15:26:06.889-0500] {dagbag.py:541} INFO - Filling up the DagBag from /Users/abhishekpatkar/Documents/Projects/af_file_loader/venv/lib/python3.11/site-packages/airflow/example_dags/example_skip_dag.py
[2023-07-22T15:26:06.929-0500] {processor.py:836} INFO - DAG(s) dict_keys(['example_skip_dag']) retrieved from /Users/abhishekpatkar/Documents/Projects/af_file_loader/venv/lib/python3.11/site-packages/airflow/example_dags/example_skip_dag.py
[2023-07-22T15:26:08.459-0500] {logging_mixin.py:150} INFO - [2023-07-22T15:26:08.312-0500] {dag.py:2742} INFO - Sync 1 DAGs
[2023-07-22T15:26:08.503-0500] {logging_mixin.py:150} INFO - [2023-07-22T15:26:08.499-0500] {dag.py:3504} INFO - Setting next_dagrun for example_skip_dag to 2023-07-21T20:26:08.499415+00:00, run_after=2023-07-22T20:26:08.499415+00:00
[2023-07-22T15:26:08.543-0500] {processor.py:179} INFO - Processing /Users/abhishekpatkar/Documents/Projects/af_file_loader/venv/lib/python3.11/site-packages/airflow/example_dags/example_skip_dag.py took 1.670 seconds
[2023-07-22T15:29:51.503-0500] {processor.py:157} INFO - Started process (PID=18694) to work on /Users/abhishekpatkar/Documents/Projects/af_file_loader/venv/lib/python3.11/site-packages/airflow/example_dags/example_skip_dag.py
[2023-07-22T15:29:51.508-0500] {processor.py:826} INFO - Processing file /Users/abhishekpatkar/Documents/Projects/af_file_loader/venv/lib/python3.11/site-packages/airflow/example_dags/example_skip_dag.py for tasks to queue
[2023-07-22T15:29:51.508-0500] {logging_mixin.py:150} INFO - [2023-07-22T15:29:51.508-0500] {dagbag.py:541} INFO - Filling up the DagBag from /Users/abhishekpatkar/Documents/Projects/af_file_loader/venv/lib/python3.11/site-packages/airflow/example_dags/example_skip_dag.py
[2023-07-22T15:29:51.526-0500] {processor.py:836} INFO - DAG(s) dict_keys(['example_skip_dag']) retrieved from /Users/abhishekpatkar/Documents/Projects/af_file_loader/venv/lib/python3.11/site-packages/airflow/example_dags/example_skip_dag.py
[2023-07-22T15:29:52.297-0500] {logging_mixin.py:150} INFO - [2023-07-22T15:29:52.237-0500] {dag.py:2742} INFO - Sync 1 DAGs
[2023-07-22T15:29:52.317-0500] {logging_mixin.py:150} INFO - [2023-07-22T15:29:52.317-0500] {dag.py:3504} INFO - Setting next_dagrun for example_skip_dag to 2023-07-21T20:29:52.316813+00:00, run_after=2023-07-22T20:29:52.316813+00:00
[2023-07-22T15:29:52.340-0500] {processor.py:179} INFO - Processing /Users/abhishekpatkar/Documents/Projects/af_file_loader/venv/lib/python3.11/site-packages/airflow/example_dags/example_skip_dag.py took 0.838 seconds
[2023-07-22T15:32:23.349-0500] {processor.py:157} INFO - Started process (PID=18834) to work on /Users/abhishekpatkar/Documents/Projects/af_file_loader/venv/lib/python3.11/site-packages/airflow/example_dags/example_skip_dag.py
[2023-07-22T15:32:23.353-0500] {processor.py:826} INFO - Processing file /Users/abhishekpatkar/Documents/Projects/af_file_loader/venv/lib/python3.11/site-packages/airflow/example_dags/example_skip_dag.py for tasks to queue
[2023-07-22T15:32:23.353-0500] {logging_mixin.py:150} INFO - [2023-07-22T15:32:23.353-0500] {dagbag.py:541} INFO - Filling up the DagBag from /Users/abhishekpatkar/Documents/Projects/af_file_loader/venv/lib/python3.11/site-packages/airflow/example_dags/example_skip_dag.py
[2023-07-22T15:32:23.373-0500] {processor.py:836} INFO - DAG(s) dict_keys(['example_skip_dag']) retrieved from /Users/abhishekpatkar/Documents/Projects/af_file_loader/venv/lib/python3.11/site-packages/airflow/example_dags/example_skip_dag.py
[2023-07-22T15:32:24.046-0500] {logging_mixin.py:150} INFO - [2023-07-22T15:32:23.991-0500] {dag.py:2742} INFO - Sync 1 DAGs
[2023-07-22T15:32:24.061-0500] {logging_mixin.py:150} INFO - [2023-07-22T15:32:24.061-0500] {dag.py:3504} INFO - Setting next_dagrun for example_skip_dag to 2023-07-21T20:32:24.061551+00:00, run_after=2023-07-22T20:32:24.061551+00:00
[2023-07-22T15:32:24.083-0500] {processor.py:179} INFO - Processing /Users/abhishekpatkar/Documents/Projects/af_file_loader/venv/lib/python3.11/site-packages/airflow/example_dags/example_skip_dag.py took 0.735 seconds
[2023-07-22T15:34:19.146-0500] {processor.py:157} INFO - Started process (PID=18911) to work on /Users/abhishekpatkar/Documents/Projects/af_file_loader/venv/lib/python3.11/site-packages/airflow/example_dags/example_skip_dag.py
[2023-07-22T15:34:19.151-0500] {processor.py:826} INFO - Processing file /Users/abhishekpatkar/Documents/Projects/af_file_loader/venv/lib/python3.11/site-packages/airflow/example_dags/example_skip_dag.py for tasks to queue
[2023-07-22T15:34:19.152-0500] {logging_mixin.py:150} INFO - [2023-07-22T15:34:19.152-0500] {dagbag.py:541} INFO - Filling up the DagBag from /Users/abhishekpatkar/Documents/Projects/af_file_loader/venv/lib/python3.11/site-packages/airflow/example_dags/example_skip_dag.py
[2023-07-22T15:34:19.170-0500] {processor.py:836} INFO - DAG(s) dict_keys(['example_skip_dag']) retrieved from /Users/abhishekpatkar/Documents/Projects/af_file_loader/venv/lib/python3.11/site-packages/airflow/example_dags/example_skip_dag.py
[2023-07-22T15:34:19.805-0500] {logging_mixin.py:150} INFO - [2023-07-22T15:34:19.750-0500] {dag.py:2742} INFO - Sync 1 DAGs
[2023-07-22T15:34:19.823-0500] {logging_mixin.py:150} INFO - [2023-07-22T15:34:19.823-0500] {dag.py:3504} INFO - Setting next_dagrun for example_skip_dag to 2023-07-21T20:34:19.822873+00:00, run_after=2023-07-22T20:34:19.822873+00:00
[2023-07-22T15:34:19.843-0500] {processor.py:179} INFO - Processing /Users/abhishekpatkar/Documents/Projects/af_file_loader/venv/lib/python3.11/site-packages/airflow/example_dags/example_skip_dag.py took 0.698 seconds
[2023-07-22T15:36:11.456-0500] {processor.py:157} INFO - Started process (PID=19062) to work on /Users/abhishekpatkar/Documents/Projects/af_file_loader/venv/lib/python3.11/site-packages/airflow/example_dags/example_skip_dag.py
[2023-07-22T15:36:11.462-0500] {processor.py:826} INFO - Processing file /Users/abhishekpatkar/Documents/Projects/af_file_loader/venv/lib/python3.11/site-packages/airflow/example_dags/example_skip_dag.py for tasks to queue
[2023-07-22T15:36:11.463-0500] {logging_mixin.py:150} INFO - [2023-07-22T15:36:11.463-0500] {dagbag.py:541} INFO - Filling up the DagBag from /Users/abhishekpatkar/Documents/Projects/af_file_loader/venv/lib/python3.11/site-packages/airflow/example_dags/example_skip_dag.py
[2023-07-22T15:36:11.483-0500] {processor.py:836} INFO - DAG(s) dict_keys(['example_skip_dag']) retrieved from /Users/abhishekpatkar/Documents/Projects/af_file_loader/venv/lib/python3.11/site-packages/airflow/example_dags/example_skip_dag.py
[2023-07-22T15:36:12.257-0500] {logging_mixin.py:150} INFO - [2023-07-22T15:36:12.201-0500] {dag.py:2742} INFO - Sync 1 DAGs
[2023-07-22T15:36:12.277-0500] {logging_mixin.py:150} INFO - [2023-07-22T15:36:12.277-0500] {dag.py:3504} INFO - Setting next_dagrun for example_skip_dag to 2023-07-21T20:36:12.277253+00:00, run_after=2023-07-22T20:36:12.277253+00:00
[2023-07-22T15:36:12.303-0500] {processor.py:179} INFO - Processing /Users/abhishekpatkar/Documents/Projects/af_file_loader/venv/lib/python3.11/site-packages/airflow/example_dags/example_skip_dag.py took 0.848 seconds
[2023-07-22T15:47:49.196-0500] {processor.py:157} INFO - Started process (PID=19366) to work on /Users/abhishekpatkar/Documents/Projects/af_file_loader/venv/lib/python3.11/site-packages/airflow/example_dags/example_skip_dag.py
[2023-07-22T15:47:49.202-0500] {processor.py:826} INFO - Processing file /Users/abhishekpatkar/Documents/Projects/af_file_loader/venv/lib/python3.11/site-packages/airflow/example_dags/example_skip_dag.py for tasks to queue
[2023-07-22T15:47:49.202-0500] {logging_mixin.py:150} INFO - [2023-07-22T15:47:49.202-0500] {dagbag.py:541} INFO - Filling up the DagBag from /Users/abhishekpatkar/Documents/Projects/af_file_loader/venv/lib/python3.11/site-packages/airflow/example_dags/example_skip_dag.py
[2023-07-22T15:47:49.225-0500] {processor.py:836} INFO - DAG(s) dict_keys(['example_skip_dag']) retrieved from /Users/abhishekpatkar/Documents/Projects/af_file_loader/venv/lib/python3.11/site-packages/airflow/example_dags/example_skip_dag.py
[2023-07-22T15:47:50.170-0500] {logging_mixin.py:150} INFO - [2023-07-22T15:47:50.109-0500] {dag.py:2742} INFO - Sync 1 DAGs
[2023-07-22T15:47:50.189-0500] {logging_mixin.py:150} INFO - [2023-07-22T15:47:50.189-0500] {dag.py:3504} INFO - Setting next_dagrun for example_skip_dag to 2023-07-21T20:47:50.188985+00:00, run_after=2023-07-22T20:47:50.188985+00:00
[2023-07-22T15:47:50.211-0500] {processor.py:179} INFO - Processing /Users/abhishekpatkar/Documents/Projects/af_file_loader/venv/lib/python3.11/site-packages/airflow/example_dags/example_skip_dag.py took 1.016 seconds
[2023-07-22T15:50:11.634-0500] {processor.py:157} INFO - Started process (PID=19542) to work on /Users/abhishekpatkar/Documents/Projects/af_file_loader/venv/lib/python3.11/site-packages/airflow/example_dags/example_skip_dag.py
[2023-07-22T15:50:11.641-0500] {processor.py:826} INFO - Processing file /Users/abhishekpatkar/Documents/Projects/af_file_loader/venv/lib/python3.11/site-packages/airflow/example_dags/example_skip_dag.py for tasks to queue
[2023-07-22T15:50:11.641-0500] {logging_mixin.py:150} INFO - [2023-07-22T15:50:11.641-0500] {dagbag.py:541} INFO - Filling up the DagBag from /Users/abhishekpatkar/Documents/Projects/af_file_loader/venv/lib/python3.11/site-packages/airflow/example_dags/example_skip_dag.py
[2023-07-22T15:50:11.725-0500] {processor.py:836} INFO - DAG(s) dict_keys(['example_skip_dag']) retrieved from /Users/abhishekpatkar/Documents/Projects/af_file_loader/venv/lib/python3.11/site-packages/airflow/example_dags/example_skip_dag.py
[2023-07-22T15:50:13.048-0500] {logging_mixin.py:150} INFO - [2023-07-22T15:50:12.964-0500] {dag.py:2742} INFO - Sync 1 DAGs
[2023-07-22T15:50:13.070-0500] {logging_mixin.py:150} INFO - [2023-07-22T15:50:13.070-0500] {dag.py:3504} INFO - Setting next_dagrun for example_skip_dag to 2023-07-21T20:50:13.070082+00:00, run_after=2023-07-22T20:50:13.070082+00:00
[2023-07-22T15:50:13.111-0500] {processor.py:179} INFO - Processing /Users/abhishekpatkar/Documents/Projects/af_file_loader/venv/lib/python3.11/site-packages/airflow/example_dags/example_skip_dag.py took 1.478 seconds
[2023-07-22T15:52:49.876-0500] {processor.py:157} INFO - Started process (PID=19823) to work on /Users/abhishekpatkar/Documents/Projects/af_file_loader/venv/lib/python3.11/site-packages/airflow/example_dags/example_skip_dag.py
[2023-07-22T15:52:49.881-0500] {processor.py:826} INFO - Processing file /Users/abhishekpatkar/Documents/Projects/af_file_loader/venv/lib/python3.11/site-packages/airflow/example_dags/example_skip_dag.py for tasks to queue
[2023-07-22T15:52:49.882-0500] {logging_mixin.py:150} INFO - [2023-07-22T15:52:49.882-0500] {dagbag.py:541} INFO - Filling up the DagBag from /Users/abhishekpatkar/Documents/Projects/af_file_loader/venv/lib/python3.11/site-packages/airflow/example_dags/example_skip_dag.py
[2023-07-22T15:52:49.927-0500] {processor.py:836} INFO - DAG(s) dict_keys(['example_skip_dag']) retrieved from /Users/abhishekpatkar/Documents/Projects/af_file_loader/venv/lib/python3.11/site-packages/airflow/example_dags/example_skip_dag.py
[2023-07-22T15:52:51.008-0500] {logging_mixin.py:150} INFO - [2023-07-22T15:52:50.929-0500] {dag.py:2742} INFO - Sync 1 DAGs
[2023-07-22T15:52:51.028-0500] {logging_mixin.py:150} INFO - [2023-07-22T15:52:51.027-0500] {dag.py:3504} INFO - Setting next_dagrun for example_skip_dag to 2023-07-21T20:52:51.027829+00:00, run_after=2023-07-22T20:52:51.027829+00:00
[2023-07-22T15:52:51.063-0500] {processor.py:179} INFO - Processing /Users/abhishekpatkar/Documents/Projects/af_file_loader/venv/lib/python3.11/site-packages/airflow/example_dags/example_skip_dag.py took 1.188 seconds
[2023-07-22T15:55:28.884-0500] {processor.py:157} INFO - Started process (PID=19978) to work on /Users/abhishekpatkar/Documents/Projects/af_file_loader/venv/lib/python3.11/site-packages/airflow/example_dags/example_skip_dag.py
[2023-07-22T15:55:28.889-0500] {processor.py:826} INFO - Processing file /Users/abhishekpatkar/Documents/Projects/af_file_loader/venv/lib/python3.11/site-packages/airflow/example_dags/example_skip_dag.py for tasks to queue
[2023-07-22T15:55:28.890-0500] {logging_mixin.py:150} INFO - [2023-07-22T15:55:28.890-0500] {dagbag.py:541} INFO - Filling up the DagBag from /Users/abhishekpatkar/Documents/Projects/af_file_loader/venv/lib/python3.11/site-packages/airflow/example_dags/example_skip_dag.py
[2023-07-22T15:55:28.917-0500] {processor.py:836} INFO - DAG(s) dict_keys(['example_skip_dag']) retrieved from /Users/abhishekpatkar/Documents/Projects/af_file_loader/venv/lib/python3.11/site-packages/airflow/example_dags/example_skip_dag.py
[2023-07-22T15:55:29.906-0500] {logging_mixin.py:150} INFO - [2023-07-22T15:55:29.833-0500] {dag.py:2742} INFO - Sync 1 DAGs
[2023-07-22T15:55:29.930-0500] {logging_mixin.py:150} INFO - [2023-07-22T15:55:29.930-0500] {dag.py:3504} INFO - Setting next_dagrun for example_skip_dag to 2023-07-21T20:55:29.930640+00:00, run_after=2023-07-22T20:55:29.930640+00:00
[2023-07-22T15:55:29.953-0500] {processor.py:179} INFO - Processing /Users/abhishekpatkar/Documents/Projects/af_file_loader/venv/lib/python3.11/site-packages/airflow/example_dags/example_skip_dag.py took 1.071 seconds
[2023-07-22T15:58:08.492-0500] {processor.py:157} INFO - Started process (PID=20232) to work on /Users/abhishekpatkar/Documents/Projects/af_file_loader/venv/lib/python3.11/site-packages/airflow/example_dags/example_skip_dag.py
[2023-07-22T15:58:08.497-0500] {processor.py:826} INFO - Processing file /Users/abhishekpatkar/Documents/Projects/af_file_loader/venv/lib/python3.11/site-packages/airflow/example_dags/example_skip_dag.py for tasks to queue
[2023-07-22T15:58:08.498-0500] {logging_mixin.py:150} INFO - [2023-07-22T15:58:08.497-0500] {dagbag.py:541} INFO - Filling up the DagBag from /Users/abhishekpatkar/Documents/Projects/af_file_loader/venv/lib/python3.11/site-packages/airflow/example_dags/example_skip_dag.py
[2023-07-22T15:58:08.541-0500] {processor.py:836} INFO - DAG(s) dict_keys(['example_skip_dag']) retrieved from /Users/abhishekpatkar/Documents/Projects/af_file_loader/venv/lib/python3.11/site-packages/airflow/example_dags/example_skip_dag.py
[2023-07-22T15:58:09.518-0500] {logging_mixin.py:150} INFO - [2023-07-22T15:58:09.445-0500] {dag.py:2742} INFO - Sync 1 DAGs
[2023-07-22T15:58:09.541-0500] {logging_mixin.py:150} INFO - [2023-07-22T15:58:09.541-0500] {dag.py:3504} INFO - Setting next_dagrun for example_skip_dag to 2023-07-21T20:58:09.541513+00:00, run_after=2023-07-22T20:58:09.541513+00:00
[2023-07-22T15:58:09.575-0500] {processor.py:179} INFO - Processing /Users/abhishekpatkar/Documents/Projects/af_file_loader/venv/lib/python3.11/site-packages/airflow/example_dags/example_skip_dag.py took 1.084 seconds
[2023-07-22T16:00:34.770-0500] {processor.py:157} INFO - Started process (PID=20319) to work on /Users/abhishekpatkar/Documents/Projects/af_file_loader/venv/lib/python3.11/site-packages/airflow/example_dags/example_skip_dag.py
[2023-07-22T16:00:34.774-0500] {processor.py:826} INFO - Processing file /Users/abhishekpatkar/Documents/Projects/af_file_loader/venv/lib/python3.11/site-packages/airflow/example_dags/example_skip_dag.py for tasks to queue
[2023-07-22T16:00:34.775-0500] {logging_mixin.py:150} INFO - [2023-07-22T16:00:34.775-0500] {dagbag.py:541} INFO - Filling up the DagBag from /Users/abhishekpatkar/Documents/Projects/af_file_loader/venv/lib/python3.11/site-packages/airflow/example_dags/example_skip_dag.py
[2023-07-22T16:00:34.802-0500] {processor.py:836} INFO - DAG(s) dict_keys(['example_skip_dag']) retrieved from /Users/abhishekpatkar/Documents/Projects/af_file_loader/venv/lib/python3.11/site-packages/airflow/example_dags/example_skip_dag.py
[2023-07-22T16:00:35.705-0500] {logging_mixin.py:150} INFO - [2023-07-22T16:00:35.637-0500] {dag.py:2742} INFO - Sync 1 DAGs
[2023-07-22T16:00:35.726-0500] {logging_mixin.py:150} INFO - [2023-07-22T16:00:35.725-0500] {dag.py:3504} INFO - Setting next_dagrun for example_skip_dag to 2023-07-21T21:00:35.725641+00:00, run_after=2023-07-22T21:00:35.725641+00:00
[2023-07-22T16:00:35.748-0500] {processor.py:179} INFO - Processing /Users/abhishekpatkar/Documents/Projects/af_file_loader/venv/lib/python3.11/site-packages/airflow/example_dags/example_skip_dag.py took 0.979 seconds
[2023-07-22T16:02:54.219-0500] {processor.py:157} INFO - Started process (PID=20403) to work on /Users/abhishekpatkar/Documents/Projects/af_file_loader/venv/lib/python3.11/site-packages/airflow/example_dags/example_skip_dag.py
[2023-07-22T16:02:54.224-0500] {processor.py:826} INFO - Processing file /Users/abhishekpatkar/Documents/Projects/af_file_loader/venv/lib/python3.11/site-packages/airflow/example_dags/example_skip_dag.py for tasks to queue
[2023-07-22T16:02:54.225-0500] {logging_mixin.py:150} INFO - [2023-07-22T16:02:54.225-0500] {dagbag.py:541} INFO - Filling up the DagBag from /Users/abhishekpatkar/Documents/Projects/af_file_loader/venv/lib/python3.11/site-packages/airflow/example_dags/example_skip_dag.py
[2023-07-22T16:02:54.243-0500] {processor.py:836} INFO - DAG(s) dict_keys(['example_skip_dag']) retrieved from /Users/abhishekpatkar/Documents/Projects/af_file_loader/venv/lib/python3.11/site-packages/airflow/example_dags/example_skip_dag.py
[2023-07-22T16:02:54.888-0500] {logging_mixin.py:150} INFO - [2023-07-22T16:02:54.834-0500] {dag.py:2742} INFO - Sync 1 DAGs
[2023-07-22T16:02:54.904-0500] {logging_mixin.py:150} INFO - [2023-07-22T16:02:54.904-0500] {dag.py:3504} INFO - Setting next_dagrun for example_skip_dag to 2023-07-21T21:02:54.904337+00:00, run_after=2023-07-22T21:02:54.904337+00:00
[2023-07-22T16:02:54.923-0500] {processor.py:179} INFO - Processing /Users/abhishekpatkar/Documents/Projects/af_file_loader/venv/lib/python3.11/site-packages/airflow/example_dags/example_skip_dag.py took 0.704 seconds
[2023-07-22T16:04:47.295-0500] {processor.py:157} INFO - Started process (PID=20485) to work on /Users/abhishekpatkar/Documents/Projects/af_file_loader/venv/lib/python3.11/site-packages/airflow/example_dags/example_skip_dag.py
[2023-07-22T16:04:47.299-0500] {processor.py:826} INFO - Processing file /Users/abhishekpatkar/Documents/Projects/af_file_loader/venv/lib/python3.11/site-packages/airflow/example_dags/example_skip_dag.py for tasks to queue
[2023-07-22T16:04:47.300-0500] {logging_mixin.py:150} INFO - [2023-07-22T16:04:47.300-0500] {dagbag.py:541} INFO - Filling up the DagBag from /Users/abhishekpatkar/Documents/Projects/af_file_loader/venv/lib/python3.11/site-packages/airflow/example_dags/example_skip_dag.py
[2023-07-22T16:04:47.318-0500] {processor.py:836} INFO - DAG(s) dict_keys(['example_skip_dag']) retrieved from /Users/abhishekpatkar/Documents/Projects/af_file_loader/venv/lib/python3.11/site-packages/airflow/example_dags/example_skip_dag.py
[2023-07-22T16:04:48.069-0500] {logging_mixin.py:150} INFO - [2023-07-22T16:04:47.890-0500] {dag.py:2742} INFO - Sync 1 DAGs
[2023-07-22T16:04:48.088-0500] {logging_mixin.py:150} INFO - [2023-07-22T16:04:48.088-0500] {dag.py:3504} INFO - Setting next_dagrun for example_skip_dag to 2023-07-21T21:04:48.088456+00:00, run_after=2023-07-22T21:04:48.088456+00:00
[2023-07-22T16:04:48.108-0500] {processor.py:179} INFO - Processing /Users/abhishekpatkar/Documents/Projects/af_file_loader/venv/lib/python3.11/site-packages/airflow/example_dags/example_skip_dag.py took 0.814 seconds
[2023-07-22T16:06:33.089-0500] {processor.py:157} INFO - Started process (PID=20567) to work on /Users/abhishekpatkar/Documents/Projects/af_file_loader/venv/lib/python3.11/site-packages/airflow/example_dags/example_skip_dag.py
[2023-07-22T16:06:33.093-0500] {processor.py:826} INFO - Processing file /Users/abhishekpatkar/Documents/Projects/af_file_loader/venv/lib/python3.11/site-packages/airflow/example_dags/example_skip_dag.py for tasks to queue
[2023-07-22T16:06:33.093-0500] {logging_mixin.py:150} INFO - [2023-07-22T16:06:33.093-0500] {dagbag.py:541} INFO - Filling up the DagBag from /Users/abhishekpatkar/Documents/Projects/af_file_loader/venv/lib/python3.11/site-packages/airflow/example_dags/example_skip_dag.py
[2023-07-22T16:06:33.116-0500] {processor.py:836} INFO - DAG(s) dict_keys(['example_skip_dag']) retrieved from /Users/abhishekpatkar/Documents/Projects/af_file_loader/venv/lib/python3.11/site-packages/airflow/example_dags/example_skip_dag.py
[2023-07-22T16:06:33.786-0500] {logging_mixin.py:150} INFO - [2023-07-22T16:06:33.732-0500] {dag.py:2742} INFO - Sync 1 DAGs
[2023-07-22T16:06:33.802-0500] {logging_mixin.py:150} INFO - [2023-07-22T16:06:33.802-0500] {dag.py:3504} INFO - Setting next_dagrun for example_skip_dag to 2023-07-21T21:06:33.801648+00:00, run_after=2023-07-22T21:06:33.801648+00:00
[2023-07-22T16:06:33.821-0500] {processor.py:179} INFO - Processing /Users/abhishekpatkar/Documents/Projects/af_file_loader/venv/lib/python3.11/site-packages/airflow/example_dags/example_skip_dag.py took 0.733 seconds
[2023-07-22T16:08:24.073-0500] {processor.py:157} INFO - Started process (PID=20653) to work on /Users/abhishekpatkar/Documents/Projects/af_file_loader/venv/lib/python3.11/site-packages/airflow/example_dags/example_skip_dag.py
[2023-07-22T16:08:24.080-0500] {processor.py:826} INFO - Processing file /Users/abhishekpatkar/Documents/Projects/af_file_loader/venv/lib/python3.11/site-packages/airflow/example_dags/example_skip_dag.py for tasks to queue
[2023-07-22T16:08:24.081-0500] {logging_mixin.py:150} INFO - [2023-07-22T16:08:24.081-0500] {dagbag.py:541} INFO - Filling up the DagBag from /Users/abhishekpatkar/Documents/Projects/af_file_loader/venv/lib/python3.11/site-packages/airflow/example_dags/example_skip_dag.py
[2023-07-22T16:08:24.101-0500] {processor.py:836} INFO - DAG(s) dict_keys(['example_skip_dag']) retrieved from /Users/abhishekpatkar/Documents/Projects/af_file_loader/venv/lib/python3.11/site-packages/airflow/example_dags/example_skip_dag.py
[2023-07-22T16:08:24.744-0500] {logging_mixin.py:150} INFO - [2023-07-22T16:08:24.691-0500] {dag.py:2742} INFO - Sync 1 DAGs
[2023-07-22T16:08:24.761-0500] {logging_mixin.py:150} INFO - [2023-07-22T16:08:24.760-0500] {dag.py:3504} INFO - Setting next_dagrun for example_skip_dag to 2023-07-21T21:08:24.760705+00:00, run_after=2023-07-22T21:08:24.760705+00:00
[2023-07-22T16:08:24.780-0500] {processor.py:179} INFO - Processing /Users/abhishekpatkar/Documents/Projects/af_file_loader/venv/lib/python3.11/site-packages/airflow/example_dags/example_skip_dag.py took 0.708 seconds
[2023-07-22T16:10:16.075-0500] {processor.py:157} INFO - Started process (PID=20725) to work on /Users/abhishekpatkar/Documents/Projects/af_file_loader/venv/lib/python3.11/site-packages/airflow/example_dags/example_skip_dag.py
[2023-07-22T16:10:16.078-0500] {processor.py:826} INFO - Processing file /Users/abhishekpatkar/Documents/Projects/af_file_loader/venv/lib/python3.11/site-packages/airflow/example_dags/example_skip_dag.py for tasks to queue
[2023-07-22T16:10:16.079-0500] {logging_mixin.py:150} INFO - [2023-07-22T16:10:16.078-0500] {dagbag.py:541} INFO - Filling up the DagBag from /Users/abhishekpatkar/Documents/Projects/af_file_loader/venv/lib/python3.11/site-packages/airflow/example_dags/example_skip_dag.py
[2023-07-22T16:10:16.096-0500] {processor.py:836} INFO - DAG(s) dict_keys(['example_skip_dag']) retrieved from /Users/abhishekpatkar/Documents/Projects/af_file_loader/venv/lib/python3.11/site-packages/airflow/example_dags/example_skip_dag.py
[2023-07-22T16:10:16.723-0500] {logging_mixin.py:150} INFO - [2023-07-22T16:10:16.670-0500] {dag.py:2742} INFO - Sync 1 DAGs
[2023-07-22T16:10:16.739-0500] {logging_mixin.py:150} INFO - [2023-07-22T16:10:16.739-0500] {dag.py:3504} INFO - Setting next_dagrun for example_skip_dag to 2023-07-21T21:10:16.739455+00:00, run_after=2023-07-22T21:10:16.739455+00:00
[2023-07-22T16:10:16.757-0500] {processor.py:179} INFO - Processing /Users/abhishekpatkar/Documents/Projects/af_file_loader/venv/lib/python3.11/site-packages/airflow/example_dags/example_skip_dag.py took 0.684 seconds
[2023-07-22T16:24:02.078-0500] {processor.py:157} INFO - Started process (PID=20865) to work on /Users/abhishekpatkar/Documents/Projects/af_file_loader/venv/lib/python3.11/site-packages/airflow/example_dags/example_skip_dag.py
[2023-07-22T16:24:02.084-0500] {processor.py:826} INFO - Processing file /Users/abhishekpatkar/Documents/Projects/af_file_loader/venv/lib/python3.11/site-packages/airflow/example_dags/example_skip_dag.py for tasks to queue
[2023-07-22T16:24:02.085-0500] {logging_mixin.py:150} INFO - [2023-07-22T16:24:02.085-0500] {dagbag.py:541} INFO - Filling up the DagBag from /Users/abhishekpatkar/Documents/Projects/af_file_loader/venv/lib/python3.11/site-packages/airflow/example_dags/example_skip_dag.py
[2023-07-22T16:24:02.108-0500] {processor.py:836} INFO - DAG(s) dict_keys(['example_skip_dag']) retrieved from /Users/abhishekpatkar/Documents/Projects/af_file_loader/venv/lib/python3.11/site-packages/airflow/example_dags/example_skip_dag.py
[2023-07-22T16:24:03.422-0500] {logging_mixin.py:150} INFO - [2023-07-22T16:24:03.290-0500] {dag.py:2742} INFO - Sync 1 DAGs
[2023-07-22T16:24:03.468-0500] {logging_mixin.py:150} INFO - [2023-07-22T16:24:03.467-0500] {dag.py:3504} INFO - Setting next_dagrun for example_skip_dag to 2023-07-21T21:24:03.467757+00:00, run_after=2023-07-22T21:24:03.467757+00:00
[2023-07-22T16:24:03.501-0500] {processor.py:179} INFO - Processing /Users/abhishekpatkar/Documents/Projects/af_file_loader/venv/lib/python3.11/site-packages/airflow/example_dags/example_skip_dag.py took 1.424 seconds
[2023-07-22T16:26:52.916-0500] {processor.py:157} INFO - Started process (PID=20994) to work on /Users/abhishekpatkar/Documents/Projects/af_file_loader/venv/lib/python3.11/site-packages/airflow/example_dags/example_skip_dag.py
[2023-07-22T16:26:52.926-0500] {processor.py:826} INFO - Processing file /Users/abhishekpatkar/Documents/Projects/af_file_loader/venv/lib/python3.11/site-packages/airflow/example_dags/example_skip_dag.py for tasks to queue
[2023-07-22T16:26:52.928-0500] {logging_mixin.py:150} INFO - [2023-07-22T16:26:52.927-0500] {dagbag.py:541} INFO - Filling up the DagBag from /Users/abhishekpatkar/Documents/Projects/af_file_loader/venv/lib/python3.11/site-packages/airflow/example_dags/example_skip_dag.py
[2023-07-22T16:26:52.955-0500] {processor.py:836} INFO - DAG(s) dict_keys(['example_skip_dag']) retrieved from /Users/abhishekpatkar/Documents/Projects/af_file_loader/venv/lib/python3.11/site-packages/airflow/example_dags/example_skip_dag.py
[2023-07-22T16:26:54.359-0500] {logging_mixin.py:150} INFO - [2023-07-22T16:26:54.254-0500] {dag.py:2742} INFO - Sync 1 DAGs
[2023-07-22T16:26:54.454-0500] {logging_mixin.py:150} INFO - [2023-07-22T16:26:54.454-0500] {dag.py:3504} INFO - Setting next_dagrun for example_skip_dag to 2023-07-21T21:26:54.454271+00:00, run_after=2023-07-22T21:26:54.454271+00:00
[2023-07-22T16:26:54.540-0500] {processor.py:179} INFO - Processing /Users/abhishekpatkar/Documents/Projects/af_file_loader/venv/lib/python3.11/site-packages/airflow/example_dags/example_skip_dag.py took 1.625 seconds
[2023-07-22T16:30:15.314-0500] {processor.py:157} INFO - Started process (PID=21102) to work on /Users/abhishekpatkar/Documents/Projects/af_file_loader/venv/lib/python3.11/site-packages/airflow/example_dags/example_skip_dag.py
[2023-07-22T16:30:15.320-0500] {processor.py:826} INFO - Processing file /Users/abhishekpatkar/Documents/Projects/af_file_loader/venv/lib/python3.11/site-packages/airflow/example_dags/example_skip_dag.py for tasks to queue
[2023-07-22T16:30:15.321-0500] {logging_mixin.py:150} INFO - [2023-07-22T16:30:15.321-0500] {dagbag.py:541} INFO - Filling up the DagBag from /Users/abhishekpatkar/Documents/Projects/af_file_loader/venv/lib/python3.11/site-packages/airflow/example_dags/example_skip_dag.py
[2023-07-22T16:30:15.344-0500] {processor.py:836} INFO - DAG(s) dict_keys(['example_skip_dag']) retrieved from /Users/abhishekpatkar/Documents/Projects/af_file_loader/venv/lib/python3.11/site-packages/airflow/example_dags/example_skip_dag.py
[2023-07-22T16:30:16.508-0500] {logging_mixin.py:150} INFO - [2023-07-22T16:30:16.424-0500] {dag.py:2742} INFO - Sync 1 DAGs
[2023-07-22T16:30:16.528-0500] {logging_mixin.py:150} INFO - [2023-07-22T16:30:16.528-0500] {dag.py:3504} INFO - Setting next_dagrun for example_skip_dag to 2023-07-21T21:30:16.528329+00:00, run_after=2023-07-22T21:30:16.528329+00:00
[2023-07-22T16:30:16.557-0500] {processor.py:179} INFO - Processing /Users/abhishekpatkar/Documents/Projects/af_file_loader/venv/lib/python3.11/site-packages/airflow/example_dags/example_skip_dag.py took 1.244 seconds
[2023-07-22T16:33:32.447-0500] {processor.py:157} INFO - Started process (PID=21206) to work on /Users/abhishekpatkar/Documents/Projects/af_file_loader/venv/lib/python3.11/site-packages/airflow/example_dags/example_skip_dag.py
[2023-07-22T16:33:32.453-0500] {processor.py:826} INFO - Processing file /Users/abhishekpatkar/Documents/Projects/af_file_loader/venv/lib/python3.11/site-packages/airflow/example_dags/example_skip_dag.py for tasks to queue
[2023-07-22T16:33:32.454-0500] {logging_mixin.py:150} INFO - [2023-07-22T16:33:32.454-0500] {dagbag.py:541} INFO - Filling up the DagBag from /Users/abhishekpatkar/Documents/Projects/af_file_loader/venv/lib/python3.11/site-packages/airflow/example_dags/example_skip_dag.py
[2023-07-22T16:33:32.477-0500] {processor.py:836} INFO - DAG(s) dict_keys(['example_skip_dag']) retrieved from /Users/abhishekpatkar/Documents/Projects/af_file_loader/venv/lib/python3.11/site-packages/airflow/example_dags/example_skip_dag.py
[2023-07-22T16:33:34.150-0500] {logging_mixin.py:150} INFO - [2023-07-22T16:33:34.065-0500] {dag.py:2742} INFO - Sync 1 DAGs
[2023-07-22T16:33:34.180-0500] {logging_mixin.py:150} INFO - [2023-07-22T16:33:34.179-0500] {dag.py:3504} INFO - Setting next_dagrun for example_skip_dag to 2023-07-21T21:33:34.179149+00:00, run_after=2023-07-22T21:33:34.179149+00:00
[2023-07-22T16:33:34.218-0500] {processor.py:179} INFO - Processing /Users/abhishekpatkar/Documents/Projects/af_file_loader/venv/lib/python3.11/site-packages/airflow/example_dags/example_skip_dag.py took 1.772 seconds
[2023-07-22T16:37:38.533-0500] {processor.py:157} INFO - Started process (PID=21332) to work on /Users/abhishekpatkar/Documents/Projects/af_file_loader/venv/lib/python3.11/site-packages/airflow/example_dags/example_skip_dag.py
[2023-07-22T16:37:38.537-0500] {processor.py:826} INFO - Processing file /Users/abhishekpatkar/Documents/Projects/af_file_loader/venv/lib/python3.11/site-packages/airflow/example_dags/example_skip_dag.py for tasks to queue
[2023-07-22T16:37:38.537-0500] {logging_mixin.py:150} INFO - [2023-07-22T16:37:38.537-0500] {dagbag.py:541} INFO - Filling up the DagBag from /Users/abhishekpatkar/Documents/Projects/af_file_loader/venv/lib/python3.11/site-packages/airflow/example_dags/example_skip_dag.py
[2023-07-22T16:37:38.557-0500] {processor.py:836} INFO - DAG(s) dict_keys(['example_skip_dag']) retrieved from /Users/abhishekpatkar/Documents/Projects/af_file_loader/venv/lib/python3.11/site-packages/airflow/example_dags/example_skip_dag.py
[2023-07-22T16:37:39.555-0500] {logging_mixin.py:150} INFO - [2023-07-22T16:37:39.493-0500] {dag.py:2742} INFO - Sync 1 DAGs
[2023-07-22T16:37:39.571-0500] {logging_mixin.py:150} INFO - [2023-07-22T16:37:39.571-0500] {dag.py:3504} INFO - Setting next_dagrun for example_skip_dag to 2023-07-21T21:37:39.571306+00:00, run_after=2023-07-22T21:37:39.571306+00:00
[2023-07-22T16:37:39.589-0500] {processor.py:179} INFO - Processing /Users/abhishekpatkar/Documents/Projects/af_file_loader/venv/lib/python3.11/site-packages/airflow/example_dags/example_skip_dag.py took 1.056 seconds
[2023-07-22T16:42:11.005-0500] {processor.py:157} INFO - Started process (PID=21528) to work on /Users/abhishekpatkar/Documents/Projects/af_file_loader/venv/lib/python3.11/site-packages/airflow/example_dags/example_skip_dag.py
[2023-07-22T16:42:11.015-0500] {processor.py:826} INFO - Processing file /Users/abhishekpatkar/Documents/Projects/af_file_loader/venv/lib/python3.11/site-packages/airflow/example_dags/example_skip_dag.py for tasks to queue
[2023-07-22T16:42:11.017-0500] {logging_mixin.py:150} INFO - [2023-07-22T16:42:11.017-0500] {dagbag.py:541} INFO - Filling up the DagBag from /Users/abhishekpatkar/Documents/Projects/af_file_loader/venv/lib/python3.11/site-packages/airflow/example_dags/example_skip_dag.py
[2023-07-22T16:42:11.052-0500] {processor.py:836} INFO - DAG(s) dict_keys(['example_skip_dag']) retrieved from /Users/abhishekpatkar/Documents/Projects/af_file_loader/venv/lib/python3.11/site-packages/airflow/example_dags/example_skip_dag.py
[2023-07-22T16:42:12.621-0500] {logging_mixin.py:150} INFO - [2023-07-22T16:42:12.518-0500] {dag.py:2742} INFO - Sync 1 DAGs
[2023-07-22T16:42:12.657-0500] {logging_mixin.py:150} INFO - [2023-07-22T16:42:12.656-0500] {dag.py:3504} INFO - Setting next_dagrun for example_skip_dag to 2023-07-21T21:42:12.656664+00:00, run_after=2023-07-22T21:42:12.656664+00:00
[2023-07-22T16:42:12.691-0500] {processor.py:179} INFO - Processing /Users/abhishekpatkar/Documents/Projects/af_file_loader/venv/lib/python3.11/site-packages/airflow/example_dags/example_skip_dag.py took 1.687 seconds
[2023-07-22T16:46:03.324-0500] {processor.py:157} INFO - Started process (PID=21641) to work on /Users/abhishekpatkar/Documents/Projects/af_file_loader/venv/lib/python3.11/site-packages/airflow/example_dags/example_skip_dag.py
[2023-07-22T16:46:03.339-0500] {processor.py:826} INFO - Processing file /Users/abhishekpatkar/Documents/Projects/af_file_loader/venv/lib/python3.11/site-packages/airflow/example_dags/example_skip_dag.py for tasks to queue
[2023-07-22T16:46:03.341-0500] {logging_mixin.py:150} INFO - [2023-07-22T16:46:03.341-0500] {dagbag.py:541} INFO - Filling up the DagBag from /Users/abhishekpatkar/Documents/Projects/af_file_loader/venv/lib/python3.11/site-packages/airflow/example_dags/example_skip_dag.py
[2023-07-22T16:46:03.385-0500] {processor.py:836} INFO - DAG(s) dict_keys(['example_skip_dag']) retrieved from /Users/abhishekpatkar/Documents/Projects/af_file_loader/venv/lib/python3.11/site-packages/airflow/example_dags/example_skip_dag.py
[2023-07-22T16:46:04.963-0500] {logging_mixin.py:150} INFO - [2023-07-22T16:46:04.854-0500] {dag.py:2742} INFO - Sync 1 DAGs
[2023-07-22T16:46:05.002-0500] {logging_mixin.py:150} INFO - [2023-07-22T16:46:05.002-0500] {dag.py:3504} INFO - Setting next_dagrun for example_skip_dag to 2023-07-21T21:46:05.002646+00:00, run_after=2023-07-22T21:46:05.002646+00:00
[2023-07-22T16:46:05.068-0500] {processor.py:179} INFO - Processing /Users/abhishekpatkar/Documents/Projects/af_file_loader/venv/lib/python3.11/site-packages/airflow/example_dags/example_skip_dag.py took 1.745 seconds
[2023-07-22T16:49:42.160-0500] {processor.py:157} INFO - Started process (PID=21754) to work on /Users/abhishekpatkar/Documents/Projects/af_file_loader/venv/lib/python3.11/site-packages/airflow/example_dags/example_skip_dag.py
[2023-07-22T16:49:42.166-0500] {processor.py:826} INFO - Processing file /Users/abhishekpatkar/Documents/Projects/af_file_loader/venv/lib/python3.11/site-packages/airflow/example_dags/example_skip_dag.py for tasks to queue
[2023-07-22T16:49:42.166-0500] {logging_mixin.py:150} INFO - [2023-07-22T16:49:42.166-0500] {dagbag.py:541} INFO - Filling up the DagBag from /Users/abhishekpatkar/Documents/Projects/af_file_loader/venv/lib/python3.11/site-packages/airflow/example_dags/example_skip_dag.py
[2023-07-22T16:49:42.233-0500] {processor.py:836} INFO - DAG(s) dict_keys(['example_skip_dag']) retrieved from /Users/abhishekpatkar/Documents/Projects/af_file_loader/venv/lib/python3.11/site-packages/airflow/example_dags/example_skip_dag.py
[2023-07-22T16:49:43.703-0500] {logging_mixin.py:150} INFO - [2023-07-22T16:49:43.587-0500] {dag.py:2742} INFO - Sync 1 DAGs
[2023-07-22T16:49:43.776-0500] {logging_mixin.py:150} INFO - [2023-07-22T16:49:43.776-0500] {dag.py:3504} INFO - Setting next_dagrun for example_skip_dag to 2023-07-21T21:49:43.776505+00:00, run_after=2023-07-22T21:49:43.776505+00:00
[2023-07-22T16:49:43.815-0500] {processor.py:179} INFO - Processing /Users/abhishekpatkar/Documents/Projects/af_file_loader/venv/lib/python3.11/site-packages/airflow/example_dags/example_skip_dag.py took 1.658 seconds
[2023-07-22T16:53:41.330-0500] {processor.py:157} INFO - Started process (PID=21870) to work on /Users/abhishekpatkar/Documents/Projects/af_file_loader/venv/lib/python3.11/site-packages/airflow/example_dags/example_skip_dag.py
[2023-07-22T16:53:41.341-0500] {processor.py:826} INFO - Processing file /Users/abhishekpatkar/Documents/Projects/af_file_loader/venv/lib/python3.11/site-packages/airflow/example_dags/example_skip_dag.py for tasks to queue
[2023-07-22T16:53:41.343-0500] {logging_mixin.py:150} INFO - [2023-07-22T16:53:41.342-0500] {dagbag.py:541} INFO - Filling up the DagBag from /Users/abhishekpatkar/Documents/Projects/af_file_loader/venv/lib/python3.11/site-packages/airflow/example_dags/example_skip_dag.py
[2023-07-22T16:53:41.382-0500] {processor.py:836} INFO - DAG(s) dict_keys(['example_skip_dag']) retrieved from /Users/abhishekpatkar/Documents/Projects/af_file_loader/venv/lib/python3.11/site-packages/airflow/example_dags/example_skip_dag.py
[2023-07-22T16:53:42.550-0500] {logging_mixin.py:150} INFO - [2023-07-22T16:53:42.469-0500] {dag.py:2742} INFO - Sync 1 DAGs
[2023-07-22T16:53:42.572-0500] {logging_mixin.py:150} INFO - [2023-07-22T16:53:42.572-0500] {dag.py:3504} INFO - Setting next_dagrun for example_skip_dag to 2023-07-21T21:53:42.571852+00:00, run_after=2023-07-22T21:53:42.571852+00:00
[2023-07-22T16:53:42.604-0500] {processor.py:179} INFO - Processing /Users/abhishekpatkar/Documents/Projects/af_file_loader/venv/lib/python3.11/site-packages/airflow/example_dags/example_skip_dag.py took 1.274 seconds
[2023-07-22T16:56:46.865-0500] {processor.py:157} INFO - Started process (PID=21986) to work on /Users/abhishekpatkar/Documents/Projects/af_file_loader/venv/lib/python3.11/site-packages/airflow/example_dags/example_skip_dag.py
[2023-07-22T16:56:46.871-0500] {processor.py:826} INFO - Processing file /Users/abhishekpatkar/Documents/Projects/af_file_loader/venv/lib/python3.11/site-packages/airflow/example_dags/example_skip_dag.py for tasks to queue
[2023-07-22T16:56:46.873-0500] {logging_mixin.py:150} INFO - [2023-07-22T16:56:46.873-0500] {dagbag.py:541} INFO - Filling up the DagBag from /Users/abhishekpatkar/Documents/Projects/af_file_loader/venv/lib/python3.11/site-packages/airflow/example_dags/example_skip_dag.py
[2023-07-22T16:56:46.899-0500] {processor.py:836} INFO - DAG(s) dict_keys(['example_skip_dag']) retrieved from /Users/abhishekpatkar/Documents/Projects/af_file_loader/venv/lib/python3.11/site-packages/airflow/example_dags/example_skip_dag.py
[2023-07-22T16:56:47.973-0500] {logging_mixin.py:150} INFO - [2023-07-22T16:56:47.895-0500] {dag.py:2742} INFO - Sync 1 DAGs
[2023-07-22T16:56:48.006-0500] {logging_mixin.py:150} INFO - [2023-07-22T16:56:48.006-0500] {dag.py:3504} INFO - Setting next_dagrun for example_skip_dag to 2023-07-21T21:56:48.006393+00:00, run_after=2023-07-22T21:56:48.006393+00:00
[2023-07-22T16:56:48.040-0500] {processor.py:179} INFO - Processing /Users/abhishekpatkar/Documents/Projects/af_file_loader/venv/lib/python3.11/site-packages/airflow/example_dags/example_skip_dag.py took 1.176 seconds
[2023-07-22T16:59:44.199-0500] {processor.py:157} INFO - Started process (PID=22080) to work on /Users/abhishekpatkar/Documents/Projects/af_file_loader/venv/lib/python3.11/site-packages/airflow/example_dags/example_skip_dag.py
[2023-07-22T16:59:44.204-0500] {processor.py:826} INFO - Processing file /Users/abhishekpatkar/Documents/Projects/af_file_loader/venv/lib/python3.11/site-packages/airflow/example_dags/example_skip_dag.py for tasks to queue
[2023-07-22T16:59:44.209-0500] {logging_mixin.py:150} INFO - [2023-07-22T16:59:44.205-0500] {dagbag.py:541} INFO - Filling up the DagBag from /Users/abhishekpatkar/Documents/Projects/af_file_loader/venv/lib/python3.11/site-packages/airflow/example_dags/example_skip_dag.py
[2023-07-22T16:59:44.252-0500] {processor.py:836} INFO - DAG(s) dict_keys(['example_skip_dag']) retrieved from /Users/abhishekpatkar/Documents/Projects/af_file_loader/venv/lib/python3.11/site-packages/airflow/example_dags/example_skip_dag.py
[2023-07-22T16:59:45.366-0500] {logging_mixin.py:150} INFO - [2023-07-22T16:59:45.271-0500] {dag.py:2742} INFO - Sync 1 DAGs
[2023-07-22T16:59:45.398-0500] {logging_mixin.py:150} INFO - [2023-07-22T16:59:45.398-0500] {dag.py:3504} INFO - Setting next_dagrun for example_skip_dag to 2023-07-21T21:59:45.398053+00:00, run_after=2023-07-22T21:59:45.398053+00:00
[2023-07-22T16:59:45.425-0500] {processor.py:179} INFO - Processing /Users/abhishekpatkar/Documents/Projects/af_file_loader/venv/lib/python3.11/site-packages/airflow/example_dags/example_skip_dag.py took 1.226 seconds
[2023-07-22T17:03:44.720-0500] {processor.py:157} INFO - Started process (PID=22256) to work on /Users/abhishekpatkar/Documents/Projects/af_file_loader/venv/lib/python3.11/site-packages/airflow/example_dags/example_skip_dag.py
[2023-07-22T17:03:44.726-0500] {processor.py:826} INFO - Processing file /Users/abhishekpatkar/Documents/Projects/af_file_loader/venv/lib/python3.11/site-packages/airflow/example_dags/example_skip_dag.py for tasks to queue
[2023-07-22T17:03:44.726-0500] {logging_mixin.py:150} INFO - [2023-07-22T17:03:44.726-0500] {dagbag.py:541} INFO - Filling up the DagBag from /Users/abhishekpatkar/Documents/Projects/af_file_loader/venv/lib/python3.11/site-packages/airflow/example_dags/example_skip_dag.py
[2023-07-22T17:03:44.745-0500] {processor.py:836} INFO - DAG(s) dict_keys(['example_skip_dag']) retrieved from /Users/abhishekpatkar/Documents/Projects/af_file_loader/venv/lib/python3.11/site-packages/airflow/example_dags/example_skip_dag.py
[2023-07-22T17:03:45.474-0500] {logging_mixin.py:150} INFO - [2023-07-22T17:03:45.415-0500] {dag.py:2742} INFO - Sync 1 DAGs
[2023-07-22T17:03:45.495-0500] {logging_mixin.py:150} INFO - [2023-07-22T17:03:45.494-0500] {dag.py:3504} INFO - Setting next_dagrun for example_skip_dag to 2023-07-21T22:03:45.494686+00:00, run_after=2023-07-22T22:03:45.494686+00:00
[2023-07-22T17:03:45.515-0500] {processor.py:179} INFO - Processing /Users/abhishekpatkar/Documents/Projects/af_file_loader/venv/lib/python3.11/site-packages/airflow/example_dags/example_skip_dag.py took 0.795 seconds
[2023-07-22T17:05:54.883-0500] {processor.py:157} INFO - Started process (PID=22337) to work on /Users/abhishekpatkar/Documents/Projects/af_file_loader/venv/lib/python3.11/site-packages/airflow/example_dags/example_skip_dag.py
[2023-07-22T17:05:54.887-0500] {processor.py:826} INFO - Processing file /Users/abhishekpatkar/Documents/Projects/af_file_loader/venv/lib/python3.11/site-packages/airflow/example_dags/example_skip_dag.py for tasks to queue
[2023-07-22T17:05:54.887-0500] {logging_mixin.py:150} INFO - [2023-07-22T17:05:54.887-0500] {dagbag.py:541} INFO - Filling up the DagBag from /Users/abhishekpatkar/Documents/Projects/af_file_loader/venv/lib/python3.11/site-packages/airflow/example_dags/example_skip_dag.py
[2023-07-22T17:05:54.913-0500] {processor.py:836} INFO - DAG(s) dict_keys(['example_skip_dag']) retrieved from /Users/abhishekpatkar/Documents/Projects/af_file_loader/venv/lib/python3.11/site-packages/airflow/example_dags/example_skip_dag.py
[2023-07-22T17:05:55.756-0500] {logging_mixin.py:150} INFO - [2023-07-22T17:05:55.698-0500] {dag.py:2742} INFO - Sync 1 DAGs
[2023-07-22T17:05:55.774-0500] {logging_mixin.py:150} INFO - [2023-07-22T17:05:55.774-0500] {dag.py:3504} INFO - Setting next_dagrun for example_skip_dag to 2023-07-21T22:05:55.773930+00:00, run_after=2023-07-22T22:05:55.773930+00:00
[2023-07-22T17:05:55.797-0500] {processor.py:179} INFO - Processing /Users/abhishekpatkar/Documents/Projects/af_file_loader/venv/lib/python3.11/site-packages/airflow/example_dags/example_skip_dag.py took 0.915 seconds
[2023-07-22T17:07:53.637-0500] {processor.py:157} INFO - Started process (PID=22418) to work on /Users/abhishekpatkar/Documents/Projects/af_file_loader/venv/lib/python3.11/site-packages/airflow/example_dags/example_skip_dag.py
[2023-07-22T17:07:53.643-0500] {processor.py:826} INFO - Processing file /Users/abhishekpatkar/Documents/Projects/af_file_loader/venv/lib/python3.11/site-packages/airflow/example_dags/example_skip_dag.py for tasks to queue
[2023-07-22T17:07:53.644-0500] {logging_mixin.py:150} INFO - [2023-07-22T17:07:53.644-0500] {dagbag.py:541} INFO - Filling up the DagBag from /Users/abhishekpatkar/Documents/Projects/af_file_loader/venv/lib/python3.11/site-packages/airflow/example_dags/example_skip_dag.py
[2023-07-22T17:07:53.675-0500] {processor.py:836} INFO - DAG(s) dict_keys(['example_skip_dag']) retrieved from /Users/abhishekpatkar/Documents/Projects/af_file_loader/venv/lib/python3.11/site-packages/airflow/example_dags/example_skip_dag.py
[2023-07-22T17:07:54.656-0500] {logging_mixin.py:150} INFO - [2023-07-22T17:07:54.592-0500] {dag.py:2742} INFO - Sync 1 DAGs
[2023-07-22T17:07:54.675-0500] {logging_mixin.py:150} INFO - [2023-07-22T17:07:54.675-0500] {dag.py:3504} INFO - Setting next_dagrun for example_skip_dag to 2023-07-21T22:07:54.675226+00:00, run_after=2023-07-22T22:07:54.675226+00:00
[2023-07-22T17:07:54.700-0500] {processor.py:179} INFO - Processing /Users/abhishekpatkar/Documents/Projects/af_file_loader/venv/lib/python3.11/site-packages/airflow/example_dags/example_skip_dag.py took 1.064 seconds
[2023-07-22T17:09:52.179-0500] {processor.py:157} INFO - Started process (PID=22501) to work on /Users/abhishekpatkar/Documents/Projects/af_file_loader/venv/lib/python3.11/site-packages/airflow/example_dags/example_skip_dag.py
[2023-07-22T17:09:52.185-0500] {processor.py:826} INFO - Processing file /Users/abhishekpatkar/Documents/Projects/af_file_loader/venv/lib/python3.11/site-packages/airflow/example_dags/example_skip_dag.py for tasks to queue
[2023-07-22T17:09:52.185-0500] {logging_mixin.py:150} INFO - [2023-07-22T17:09:52.185-0500] {dagbag.py:541} INFO - Filling up the DagBag from /Users/abhishekpatkar/Documents/Projects/af_file_loader/venv/lib/python3.11/site-packages/airflow/example_dags/example_skip_dag.py
[2023-07-22T17:09:52.209-0500] {processor.py:836} INFO - DAG(s) dict_keys(['example_skip_dag']) retrieved from /Users/abhishekpatkar/Documents/Projects/af_file_loader/venv/lib/python3.11/site-packages/airflow/example_dags/example_skip_dag.py
[2023-07-22T17:09:52.961-0500] {logging_mixin.py:150} INFO - [2023-07-22T17:09:52.903-0500] {dag.py:2742} INFO - Sync 1 DAGs
[2023-07-22T17:09:52.982-0500] {logging_mixin.py:150} INFO - [2023-07-22T17:09:52.982-0500] {dag.py:3504} INFO - Setting next_dagrun for example_skip_dag to 2023-07-21T22:09:52.982334+00:00, run_after=2023-07-22T22:09:52.982334+00:00
[2023-07-22T17:09:53.006-0500] {processor.py:179} INFO - Processing /Users/abhishekpatkar/Documents/Projects/af_file_loader/venv/lib/python3.11/site-packages/airflow/example_dags/example_skip_dag.py took 0.827 seconds
[2023-07-22T17:11:54.024-0500] {processor.py:157} INFO - Started process (PID=22577) to work on /Users/abhishekpatkar/Documents/Projects/af_file_loader/venv/lib/python3.11/site-packages/airflow/example_dags/example_skip_dag.py
[2023-07-22T17:11:54.029-0500] {processor.py:826} INFO - Processing file /Users/abhishekpatkar/Documents/Projects/af_file_loader/venv/lib/python3.11/site-packages/airflow/example_dags/example_skip_dag.py for tasks to queue
[2023-07-22T17:11:54.029-0500] {logging_mixin.py:150} INFO - [2023-07-22T17:11:54.029-0500] {dagbag.py:541} INFO - Filling up the DagBag from /Users/abhishekpatkar/Documents/Projects/af_file_loader/venv/lib/python3.11/site-packages/airflow/example_dags/example_skip_dag.py
[2023-07-22T17:11:54.052-0500] {processor.py:836} INFO - DAG(s) dict_keys(['example_skip_dag']) retrieved from /Users/abhishekpatkar/Documents/Projects/af_file_loader/venv/lib/python3.11/site-packages/airflow/example_dags/example_skip_dag.py
[2023-07-22T17:11:54.799-0500] {logging_mixin.py:150} INFO - [2023-07-22T17:11:54.742-0500] {dag.py:2742} INFO - Sync 1 DAGs
[2023-07-22T17:11:54.815-0500] {logging_mixin.py:150} INFO - [2023-07-22T17:11:54.815-0500] {dag.py:3504} INFO - Setting next_dagrun for example_skip_dag to 2023-07-21T22:11:54.815252+00:00, run_after=2023-07-22T22:11:54.815252+00:00
[2023-07-22T17:11:54.839-0500] {processor.py:179} INFO - Processing /Users/abhishekpatkar/Documents/Projects/af_file_loader/venv/lib/python3.11/site-packages/airflow/example_dags/example_skip_dag.py took 0.816 seconds
[2023-07-22T17:13:52.269-0500] {processor.py:157} INFO - Started process (PID=22650) to work on /Users/abhishekpatkar/Documents/Projects/af_file_loader/venv/lib/python3.11/site-packages/airflow/example_dags/example_skip_dag.py
[2023-07-22T17:13:52.274-0500] {processor.py:826} INFO - Processing file /Users/abhishekpatkar/Documents/Projects/af_file_loader/venv/lib/python3.11/site-packages/airflow/example_dags/example_skip_dag.py for tasks to queue
[2023-07-22T17:13:52.275-0500] {logging_mixin.py:150} INFO - [2023-07-22T17:13:52.274-0500] {dagbag.py:541} INFO - Filling up the DagBag from /Users/abhishekpatkar/Documents/Projects/af_file_loader/venv/lib/python3.11/site-packages/airflow/example_dags/example_skip_dag.py
[2023-07-22T17:13:52.295-0500] {processor.py:836} INFO - DAG(s) dict_keys(['example_skip_dag']) retrieved from /Users/abhishekpatkar/Documents/Projects/af_file_loader/venv/lib/python3.11/site-packages/airflow/example_dags/example_skip_dag.py
[2023-07-22T17:13:53.042-0500] {logging_mixin.py:150} INFO - [2023-07-22T17:13:52.982-0500] {dag.py:2742} INFO - Sync 1 DAGs
[2023-07-22T17:13:53.060-0500] {logging_mixin.py:150} INFO - [2023-07-22T17:13:53.060-0500] {dag.py:3504} INFO - Setting next_dagrun for example_skip_dag to 2023-07-21T22:13:53.060059+00:00, run_after=2023-07-22T22:13:53.060059+00:00
[2023-07-22T17:13:53.082-0500] {processor.py:179} INFO - Processing /Users/abhishekpatkar/Documents/Projects/af_file_loader/venv/lib/python3.11/site-packages/airflow/example_dags/example_skip_dag.py took 0.814 seconds
[2023-07-22T17:15:53.360-0500] {processor.py:157} INFO - Started process (PID=22727) to work on /Users/abhishekpatkar/Documents/Projects/af_file_loader/venv/lib/python3.11/site-packages/airflow/example_dags/example_skip_dag.py
[2023-07-22T17:15:53.365-0500] {processor.py:826} INFO - Processing file /Users/abhishekpatkar/Documents/Projects/af_file_loader/venv/lib/python3.11/site-packages/airflow/example_dags/example_skip_dag.py for tasks to queue
[2023-07-22T17:15:53.366-0500] {logging_mixin.py:150} INFO - [2023-07-22T17:15:53.365-0500] {dagbag.py:541} INFO - Filling up the DagBag from /Users/abhishekpatkar/Documents/Projects/af_file_loader/venv/lib/python3.11/site-packages/airflow/example_dags/example_skip_dag.py
[2023-07-22T17:15:53.385-0500] {processor.py:836} INFO - DAG(s) dict_keys(['example_skip_dag']) retrieved from /Users/abhishekpatkar/Documents/Projects/af_file_loader/venv/lib/python3.11/site-packages/airflow/example_dags/example_skip_dag.py
[2023-07-22T17:15:54.122-0500] {logging_mixin.py:150} INFO - [2023-07-22T17:15:54.057-0500] {dag.py:2742} INFO - Sync 1 DAGs
[2023-07-22T17:15:54.140-0500] {logging_mixin.py:150} INFO - [2023-07-22T17:15:54.140-0500] {dag.py:3504} INFO - Setting next_dagrun for example_skip_dag to 2023-07-21T22:15:54.139959+00:00, run_after=2023-07-22T22:15:54.139959+00:00
[2023-07-22T17:15:54.164-0500] {processor.py:179} INFO - Processing /Users/abhishekpatkar/Documents/Projects/af_file_loader/venv/lib/python3.11/site-packages/airflow/example_dags/example_skip_dag.py took 0.805 seconds
[2023-07-22T17:18:17.819-0500] {processor.py:157} INFO - Started process (PID=22855) to work on /Users/abhishekpatkar/Documents/Projects/af_file_loader/venv/lib/python3.11/site-packages/airflow/example_dags/example_skip_dag.py
[2023-07-22T17:18:17.826-0500] {processor.py:826} INFO - Processing file /Users/abhishekpatkar/Documents/Projects/af_file_loader/venv/lib/python3.11/site-packages/airflow/example_dags/example_skip_dag.py for tasks to queue
[2023-07-22T17:18:17.827-0500] {logging_mixin.py:150} INFO - [2023-07-22T17:18:17.827-0500] {dagbag.py:541} INFO - Filling up the DagBag from /Users/abhishekpatkar/Documents/Projects/af_file_loader/venv/lib/python3.11/site-packages/airflow/example_dags/example_skip_dag.py
[2023-07-22T17:18:17.852-0500] {processor.py:836} INFO - DAG(s) dict_keys(['example_skip_dag']) retrieved from /Users/abhishekpatkar/Documents/Projects/af_file_loader/venv/lib/python3.11/site-packages/airflow/example_dags/example_skip_dag.py
[2023-07-22T17:18:18.773-0500] {logging_mixin.py:150} INFO - [2023-07-22T17:18:18.709-0500] {dag.py:2742} INFO - Sync 1 DAGs
[2023-07-22T17:18:18.790-0500] {logging_mixin.py:150} INFO - [2023-07-22T17:18:18.790-0500] {dag.py:3504} INFO - Setting next_dagrun for example_skip_dag to 2023-07-21T22:18:18.790258+00:00, run_after=2023-07-22T22:18:18.790258+00:00
[2023-07-22T17:18:18.809-0500] {processor.py:179} INFO - Processing /Users/abhishekpatkar/Documents/Projects/af_file_loader/venv/lib/python3.11/site-packages/airflow/example_dags/example_skip_dag.py took 0.991 seconds
[2023-07-22T17:20:43.582-0500] {processor.py:157} INFO - Started process (PID=22965) to work on /Users/abhishekpatkar/Documents/Projects/af_file_loader/venv/lib/python3.11/site-packages/airflow/example_dags/example_skip_dag.py
[2023-07-22T17:20:43.586-0500] {processor.py:826} INFO - Processing file /Users/abhishekpatkar/Documents/Projects/af_file_loader/venv/lib/python3.11/site-packages/airflow/example_dags/example_skip_dag.py for tasks to queue
[2023-07-22T17:20:43.587-0500] {logging_mixin.py:150} INFO - [2023-07-22T17:20:43.587-0500] {dagbag.py:541} INFO - Filling up the DagBag from /Users/abhishekpatkar/Documents/Projects/af_file_loader/venv/lib/python3.11/site-packages/airflow/example_dags/example_skip_dag.py
[2023-07-22T17:20:43.607-0500] {processor.py:836} INFO - DAG(s) dict_keys(['example_skip_dag']) retrieved from /Users/abhishekpatkar/Documents/Projects/af_file_loader/venv/lib/python3.11/site-packages/airflow/example_dags/example_skip_dag.py
[2023-07-22T17:20:44.370-0500] {logging_mixin.py:150} INFO - [2023-07-22T17:20:44.302-0500] {dag.py:2742} INFO - Sync 1 DAGs
[2023-07-22T17:20:44.395-0500] {logging_mixin.py:150} INFO - [2023-07-22T17:20:44.394-0500] {dag.py:3504} INFO - Setting next_dagrun for example_skip_dag to 2023-07-21T22:20:44.394590+00:00, run_after=2023-07-22T22:20:44.394590+00:00
[2023-07-22T17:20:44.426-0500] {processor.py:179} INFO - Processing /Users/abhishekpatkar/Documents/Projects/af_file_loader/venv/lib/python3.11/site-packages/airflow/example_dags/example_skip_dag.py took 0.845 seconds
[2023-07-22T17:22:42.800-0500] {processor.py:157} INFO - Started process (PID=23040) to work on /Users/abhishekpatkar/Documents/Projects/af_file_loader/venv/lib/python3.11/site-packages/airflow/example_dags/example_skip_dag.py
[2023-07-22T17:22:42.804-0500] {processor.py:826} INFO - Processing file /Users/abhishekpatkar/Documents/Projects/af_file_loader/venv/lib/python3.11/site-packages/airflow/example_dags/example_skip_dag.py for tasks to queue
[2023-07-22T17:22:42.804-0500] {logging_mixin.py:150} INFO - [2023-07-22T17:22:42.804-0500] {dagbag.py:541} INFO - Filling up the DagBag from /Users/abhishekpatkar/Documents/Projects/af_file_loader/venv/lib/python3.11/site-packages/airflow/example_dags/example_skip_dag.py
[2023-07-22T17:22:42.825-0500] {processor.py:836} INFO - DAG(s) dict_keys(['example_skip_dag']) retrieved from /Users/abhishekpatkar/Documents/Projects/af_file_loader/venv/lib/python3.11/site-packages/airflow/example_dags/example_skip_dag.py
[2023-07-22T17:22:43.600-0500] {logging_mixin.py:150} INFO - [2023-07-22T17:22:43.539-0500] {dag.py:2742} INFO - Sync 1 DAGs
[2023-07-22T17:22:43.619-0500] {logging_mixin.py:150} INFO - [2023-07-22T17:22:43.619-0500] {dag.py:3504} INFO - Setting next_dagrun for example_skip_dag to 2023-07-21T22:22:43.619046+00:00, run_after=2023-07-22T22:22:43.619046+00:00
[2023-07-22T17:22:43.643-0500] {processor.py:179} INFO - Processing /Users/abhishekpatkar/Documents/Projects/af_file_loader/venv/lib/python3.11/site-packages/airflow/example_dags/example_skip_dag.py took 0.844 seconds
[2023-07-22T17:28:08.801-0500] {processor.py:157} INFO - Started process (PID=23246) to work on /Users/abhishekpatkar/Documents/Projects/af_file_loader/venv/lib/python3.11/site-packages/airflow/example_dags/example_skip_dag.py
[2023-07-22T17:28:08.818-0500] {processor.py:826} INFO - Processing file /Users/abhishekpatkar/Documents/Projects/af_file_loader/venv/lib/python3.11/site-packages/airflow/example_dags/example_skip_dag.py for tasks to queue
[2023-07-22T17:28:08.818-0500] {logging_mixin.py:150} INFO - [2023-07-22T17:28:08.818-0500] {dagbag.py:541} INFO - Filling up the DagBag from /Users/abhishekpatkar/Documents/Projects/af_file_loader/venv/lib/python3.11/site-packages/airflow/example_dags/example_skip_dag.py
[2023-07-22T17:28:08.901-0500] {processor.py:836} INFO - DAG(s) dict_keys(['example_skip_dag']) retrieved from /Users/abhishekpatkar/Documents/Projects/af_file_loader/venv/lib/python3.11/site-packages/airflow/example_dags/example_skip_dag.py
[2023-07-22T17:28:12.804-0500] {logging_mixin.py:150} INFO - [2023-07-22T17:28:12.540-0500] {dag.py:2742} INFO - Sync 1 DAGs
[2023-07-22T17:28:12.845-0500] {logging_mixin.py:150} INFO - [2023-07-22T17:28:12.844-0500] {dag.py:3504} INFO - Setting next_dagrun for example_skip_dag to 2023-07-21T22:28:12.844586+00:00, run_after=2023-07-22T22:28:12.844586+00:00
[2023-07-22T17:28:12.906-0500] {processor.py:179} INFO - Processing /Users/abhishekpatkar/Documents/Projects/af_file_loader/venv/lib/python3.11/site-packages/airflow/example_dags/example_skip_dag.py took 4.107 seconds
[2023-07-22T17:31:09.454-0500] {processor.py:157} INFO - Started process (PID=23388) to work on /Users/abhishekpatkar/Documents/Projects/af_file_loader/venv/lib/python3.11/site-packages/airflow/example_dags/example_skip_dag.py
[2023-07-22T17:31:09.459-0500] {processor.py:826} INFO - Processing file /Users/abhishekpatkar/Documents/Projects/af_file_loader/venv/lib/python3.11/site-packages/airflow/example_dags/example_skip_dag.py for tasks to queue
[2023-07-22T17:31:09.462-0500] {logging_mixin.py:150} INFO - [2023-07-22T17:31:09.461-0500] {dagbag.py:541} INFO - Filling up the DagBag from /Users/abhishekpatkar/Documents/Projects/af_file_loader/venv/lib/python3.11/site-packages/airflow/example_dags/example_skip_dag.py
[2023-07-22T17:31:09.500-0500] {processor.py:836} INFO - DAG(s) dict_keys(['example_skip_dag']) retrieved from /Users/abhishekpatkar/Documents/Projects/af_file_loader/venv/lib/python3.11/site-packages/airflow/example_dags/example_skip_dag.py
[2023-07-22T17:31:10.373-0500] {logging_mixin.py:150} INFO - [2023-07-22T17:31:10.317-0500] {dag.py:2742} INFO - Sync 1 DAGs
[2023-07-22T17:31:10.391-0500] {logging_mixin.py:150} INFO - [2023-07-22T17:31:10.390-0500] {dag.py:3504} INFO - Setting next_dagrun for example_skip_dag to 2023-07-21T22:31:10.390666+00:00, run_after=2023-07-22T22:31:10.390666+00:00
[2023-07-22T17:31:10.411-0500] {processor.py:179} INFO - Processing /Users/abhishekpatkar/Documents/Projects/af_file_loader/venv/lib/python3.11/site-packages/airflow/example_dags/example_skip_dag.py took 0.958 seconds
[2023-07-22T17:33:15.992-0500] {processor.py:157} INFO - Started process (PID=23469) to work on /Users/abhishekpatkar/Documents/Projects/af_file_loader/venv/lib/python3.11/site-packages/airflow/example_dags/example_skip_dag.py
[2023-07-22T17:33:15.998-0500] {processor.py:826} INFO - Processing file /Users/abhishekpatkar/Documents/Projects/af_file_loader/venv/lib/python3.11/site-packages/airflow/example_dags/example_skip_dag.py for tasks to queue
[2023-07-22T17:33:15.998-0500] {logging_mixin.py:150} INFO - [2023-07-22T17:33:15.998-0500] {dagbag.py:541} INFO - Filling up the DagBag from /Users/abhishekpatkar/Documents/Projects/af_file_loader/venv/lib/python3.11/site-packages/airflow/example_dags/example_skip_dag.py
[2023-07-22T17:33:16.021-0500] {processor.py:836} INFO - DAG(s) dict_keys(['example_skip_dag']) retrieved from /Users/abhishekpatkar/Documents/Projects/af_file_loader/venv/lib/python3.11/site-packages/airflow/example_dags/example_skip_dag.py
[2023-07-22T17:33:17.066-0500] {logging_mixin.py:150} INFO - [2023-07-22T17:33:16.983-0500] {dag.py:2742} INFO - Sync 1 DAGs
[2023-07-22T17:33:17.091-0500] {logging_mixin.py:150} INFO - [2023-07-22T17:33:17.091-0500] {dag.py:3504} INFO - Setting next_dagrun for example_skip_dag to 2023-07-21T22:33:17.090776+00:00, run_after=2023-07-22T22:33:17.090776+00:00
[2023-07-22T17:33:17.128-0500] {processor.py:179} INFO - Processing /Users/abhishekpatkar/Documents/Projects/af_file_loader/venv/lib/python3.11/site-packages/airflow/example_dags/example_skip_dag.py took 1.136 seconds
[2023-07-22T17:35:14.063-0500] {processor.py:157} INFO - Started process (PID=23543) to work on /Users/abhishekpatkar/Documents/Projects/af_file_loader/venv/lib/python3.11/site-packages/airflow/example_dags/example_skip_dag.py
[2023-07-22T17:35:14.068-0500] {processor.py:826} INFO - Processing file /Users/abhishekpatkar/Documents/Projects/af_file_loader/venv/lib/python3.11/site-packages/airflow/example_dags/example_skip_dag.py for tasks to queue
[2023-07-22T17:35:14.069-0500] {logging_mixin.py:150} INFO - [2023-07-22T17:35:14.068-0500] {dagbag.py:541} INFO - Filling up the DagBag from /Users/abhishekpatkar/Documents/Projects/af_file_loader/venv/lib/python3.11/site-packages/airflow/example_dags/example_skip_dag.py
[2023-07-22T17:35:14.091-0500] {processor.py:836} INFO - DAG(s) dict_keys(['example_skip_dag']) retrieved from /Users/abhishekpatkar/Documents/Projects/af_file_loader/venv/lib/python3.11/site-packages/airflow/example_dags/example_skip_dag.py
[2023-07-22T17:35:14.872-0500] {logging_mixin.py:150} INFO - [2023-07-22T17:35:14.807-0500] {dag.py:2742} INFO - Sync 1 DAGs
[2023-07-22T17:35:14.898-0500] {logging_mixin.py:150} INFO - [2023-07-22T17:35:14.897-0500] {dag.py:3504} INFO - Setting next_dagrun for example_skip_dag to 2023-07-21T22:35:14.897460+00:00, run_after=2023-07-22T22:35:14.897460+00:00
[2023-07-22T17:35:14.921-0500] {processor.py:179} INFO - Processing /Users/abhishekpatkar/Documents/Projects/af_file_loader/venv/lib/python3.11/site-packages/airflow/example_dags/example_skip_dag.py took 0.859 seconds
[2023-07-22T17:38:06.955-0500] {processor.py:157} INFO - Started process (PID=23668) to work on /Users/abhishekpatkar/Documents/Projects/af_file_loader/venv/lib/python3.11/site-packages/airflow/example_dags/example_skip_dag.py
[2023-07-22T17:38:06.960-0500] {processor.py:826} INFO - Processing file /Users/abhishekpatkar/Documents/Projects/af_file_loader/venv/lib/python3.11/site-packages/airflow/example_dags/example_skip_dag.py for tasks to queue
[2023-07-22T17:38:06.961-0500] {logging_mixin.py:150} INFO - [2023-07-22T17:38:06.960-0500] {dagbag.py:541} INFO - Filling up the DagBag from /Users/abhishekpatkar/Documents/Projects/af_file_loader/venv/lib/python3.11/site-packages/airflow/example_dags/example_skip_dag.py
[2023-07-22T17:38:06.981-0500] {processor.py:836} INFO - DAG(s) dict_keys(['example_skip_dag']) retrieved from /Users/abhishekpatkar/Documents/Projects/af_file_loader/venv/lib/python3.11/site-packages/airflow/example_dags/example_skip_dag.py
[2023-07-22T17:38:08.064-0500] {logging_mixin.py:150} INFO - [2023-07-22T17:38:07.949-0500] {dag.py:2742} INFO - Sync 1 DAGs
[2023-07-22T17:38:08.083-0500] {logging_mixin.py:150} INFO - [2023-07-22T17:38:08.083-0500] {dag.py:3504} INFO - Setting next_dagrun for example_skip_dag to 2023-07-21T22:38:08.083028+00:00, run_after=2023-07-22T22:38:08.083028+00:00
[2023-07-22T17:38:08.108-0500] {processor.py:179} INFO - Processing /Users/abhishekpatkar/Documents/Projects/af_file_loader/venv/lib/python3.11/site-packages/airflow/example_dags/example_skip_dag.py took 1.154 seconds
[2023-07-22T17:45:13.025-0500] {processor.py:157} INFO - Started process (PID=23929) to work on /Users/abhishekpatkar/Documents/Projects/af_file_loader/venv/lib/python3.11/site-packages/airflow/example_dags/example_skip_dag.py
[2023-07-22T17:45:13.044-0500] {processor.py:826} INFO - Processing file /Users/abhishekpatkar/Documents/Projects/af_file_loader/venv/lib/python3.11/site-packages/airflow/example_dags/example_skip_dag.py for tasks to queue
[2023-07-22T17:45:13.046-0500] {logging_mixin.py:150} INFO - [2023-07-22T17:45:13.045-0500] {dagbag.py:541} INFO - Filling up the DagBag from /Users/abhishekpatkar/Documents/Projects/af_file_loader/venv/lib/python3.11/site-packages/airflow/example_dags/example_skip_dag.py
[2023-07-22T17:45:13.431-0500] {processor.py:836} INFO - DAG(s) dict_keys(['example_skip_dag']) retrieved from /Users/abhishekpatkar/Documents/Projects/af_file_loader/venv/lib/python3.11/site-packages/airflow/example_dags/example_skip_dag.py
[2023-07-22T17:45:18.472-0500] {logging_mixin.py:150} INFO - [2023-07-22T17:45:18.470-0500] {dag.py:2742} INFO - Sync 1 DAGs
[2023-07-22T17:45:18.625-0500] {logging_mixin.py:150} INFO - [2023-07-22T17:45:18.624-0500] {dag.py:3504} INFO - Setting next_dagrun for example_skip_dag to 2023-07-21T22:45:18.618139+00:00, run_after=2023-07-22T22:45:18.618139+00:00
[2023-07-22T17:45:18.699-0500] {processor.py:179} INFO - Processing /Users/abhishekpatkar/Documents/Projects/af_file_loader/venv/lib/python3.11/site-packages/airflow/example_dags/example_skip_dag.py took 5.676 seconds
[2023-07-22T17:52:08.745-0500] {processor.py:157} INFO - Started process (PID=24290) to work on /Users/abhishekpatkar/Documents/Projects/af_file_loader/venv/lib/python3.11/site-packages/airflow/example_dags/example_skip_dag.py
[2023-07-22T17:52:08.750-0500] {processor.py:826} INFO - Processing file /Users/abhishekpatkar/Documents/Projects/af_file_loader/venv/lib/python3.11/site-packages/airflow/example_dags/example_skip_dag.py for tasks to queue
[2023-07-22T17:52:08.750-0500] {logging_mixin.py:150} INFO - [2023-07-22T17:52:08.750-0500] {dagbag.py:541} INFO - Filling up the DagBag from /Users/abhishekpatkar/Documents/Projects/af_file_loader/venv/lib/python3.11/site-packages/airflow/example_dags/example_skip_dag.py
[2023-07-22T17:52:08.815-0500] {processor.py:836} INFO - DAG(s) dict_keys(['example_skip_dag']) retrieved from /Users/abhishekpatkar/Documents/Projects/af_file_loader/venv/lib/python3.11/site-packages/airflow/example_dags/example_skip_dag.py
[2023-07-22T17:52:10.463-0500] {logging_mixin.py:150} INFO - [2023-07-22T17:52:10.463-0500] {dag.py:2742} INFO - Sync 1 DAGs
[2023-07-22T17:52:10.496-0500] {logging_mixin.py:150} INFO - [2023-07-22T17:52:10.495-0500] {dag.py:3504} INFO - Setting next_dagrun for example_skip_dag to 2023-07-21T22:52:10.495422+00:00, run_after=2023-07-22T22:52:10.495422+00:00
[2023-07-22T17:52:10.526-0500] {processor.py:179} INFO - Processing /Users/abhishekpatkar/Documents/Projects/af_file_loader/venv/lib/python3.11/site-packages/airflow/example_dags/example_skip_dag.py took 1.784 seconds
[2023-07-22T17:57:23.849-0500] {processor.py:157} INFO - Started process (PID=24554) to work on /Users/abhishekpatkar/Documents/Projects/af_file_loader/venv/lib/python3.11/site-packages/airflow/example_dags/example_skip_dag.py
[2023-07-22T17:57:23.853-0500] {processor.py:826} INFO - Processing file /Users/abhishekpatkar/Documents/Projects/af_file_loader/venv/lib/python3.11/site-packages/airflow/example_dags/example_skip_dag.py for tasks to queue
[2023-07-22T17:57:23.854-0500] {logging_mixin.py:150} INFO - [2023-07-22T17:57:23.854-0500] {dagbag.py:541} INFO - Filling up the DagBag from /Users/abhishekpatkar/Documents/Projects/af_file_loader/venv/lib/python3.11/site-packages/airflow/example_dags/example_skip_dag.py
[2023-07-22T17:57:23.926-0500] {processor.py:836} INFO - DAG(s) dict_keys(['example_skip_dag']) retrieved from /Users/abhishekpatkar/Documents/Projects/af_file_loader/venv/lib/python3.11/site-packages/airflow/example_dags/example_skip_dag.py
[2023-07-22T17:57:25.440-0500] {logging_mixin.py:150} INFO - [2023-07-22T17:57:25.440-0500] {dag.py:2742} INFO - Sync 1 DAGs
[2023-07-22T17:57:25.471-0500] {logging_mixin.py:150} INFO - [2023-07-22T17:57:25.471-0500] {dag.py:3504} INFO - Setting next_dagrun for example_skip_dag to 2023-07-21T22:57:25.471450+00:00, run_after=2023-07-22T22:57:25.471450+00:00
[2023-07-22T17:57:25.511-0500] {processor.py:179} INFO - Processing /Users/abhishekpatkar/Documents/Projects/af_file_loader/venv/lib/python3.11/site-packages/airflow/example_dags/example_skip_dag.py took 1.663 seconds
[2023-07-22T18:01:41.701-0500] {processor.py:157} INFO - Started process (PID=24723) to work on /Users/abhishekpatkar/Documents/Projects/af_file_loader/venv/lib/python3.11/site-packages/airflow/example_dags/example_skip_dag.py
[2023-07-22T18:01:41.712-0500] {processor.py:826} INFO - Processing file /Users/abhishekpatkar/Documents/Projects/af_file_loader/venv/lib/python3.11/site-packages/airflow/example_dags/example_skip_dag.py for tasks to queue
[2023-07-22T18:01:41.712-0500] {logging_mixin.py:150} INFO - [2023-07-22T18:01:41.712-0500] {dagbag.py:541} INFO - Filling up the DagBag from /Users/abhishekpatkar/Documents/Projects/af_file_loader/venv/lib/python3.11/site-packages/airflow/example_dags/example_skip_dag.py
[2023-07-22T18:01:41.949-0500] {processor.py:836} INFO - DAG(s) dict_keys(['example_skip_dag']) retrieved from /Users/abhishekpatkar/Documents/Projects/af_file_loader/venv/lib/python3.11/site-packages/airflow/example_dags/example_skip_dag.py
[2023-07-22T18:01:45.517-0500] {logging_mixin.py:150} INFO - [2023-07-22T18:01:45.516-0500] {dag.py:2742} INFO - Sync 1 DAGs
[2023-07-22T18:01:45.575-0500] {logging_mixin.py:150} INFO - [2023-07-22T18:01:45.575-0500] {dag.py:3504} INFO - Setting next_dagrun for example_skip_dag to 2023-07-21T23:01:45.574997+00:00, run_after=2023-07-22T23:01:45.574997+00:00
[2023-07-22T18:01:45.675-0500] {processor.py:179} INFO - Processing /Users/abhishekpatkar/Documents/Projects/af_file_loader/venv/lib/python3.11/site-packages/airflow/example_dags/example_skip_dag.py took 3.976 seconds
[2023-07-22T18:05:29.771-0500] {processor.py:157} INFO - Started process (PID=24858) to work on /Users/abhishekpatkar/Documents/Projects/af_file_loader/venv/lib/python3.11/site-packages/airflow/example_dags/example_skip_dag.py
[2023-07-22T18:05:29.776-0500] {processor.py:826} INFO - Processing file /Users/abhishekpatkar/Documents/Projects/af_file_loader/venv/lib/python3.11/site-packages/airflow/example_dags/example_skip_dag.py for tasks to queue
[2023-07-22T18:05:29.777-0500] {logging_mixin.py:150} INFO - [2023-07-22T18:05:29.777-0500] {dagbag.py:541} INFO - Filling up the DagBag from /Users/abhishekpatkar/Documents/Projects/af_file_loader/venv/lib/python3.11/site-packages/airflow/example_dags/example_skip_dag.py
[2023-07-22T18:05:29.860-0500] {processor.py:836} INFO - DAG(s) dict_keys(['example_skip_dag']) retrieved from /Users/abhishekpatkar/Documents/Projects/af_file_loader/venv/lib/python3.11/site-packages/airflow/example_dags/example_skip_dag.py
[2023-07-22T18:05:31.034-0500] {logging_mixin.py:150} INFO - [2023-07-22T18:05:31.033-0500] {dag.py:2742} INFO - Sync 1 DAGs
[2023-07-22T18:05:31.063-0500] {logging_mixin.py:150} INFO - [2023-07-22T18:05:31.063-0500] {dag.py:3504} INFO - Setting next_dagrun for example_skip_dag to 2023-07-21T23:05:31.063291+00:00, run_after=2023-07-22T23:05:31.063291+00:00
[2023-07-22T18:05:31.088-0500] {processor.py:179} INFO - Processing /Users/abhishekpatkar/Documents/Projects/af_file_loader/venv/lib/python3.11/site-packages/airflow/example_dags/example_skip_dag.py took 1.318 seconds
