[2023-07-22T14:52:59.508-0500] {processor.py:157} INFO - Started process (PID=16709) to work on /Users/abhishekpatkar/Documents/Projects/af_file_loader/venv/lib/python3.11/site-packages/airflow/example_dags/example_branch_datetime_operator.py
[2023-07-22T14:52:59.520-0500] {processor.py:826} INFO - Processing file /Users/abhishekpatkar/Documents/Projects/af_file_loader/venv/lib/python3.11/site-packages/airflow/example_dags/example_branch_datetime_operator.py for tasks to queue
[2023-07-22T14:52:59.522-0500] {logging_mixin.py:150} INFO - [2023-07-22T14:52:59.522-0500] {dagbag.py:541} INFO - Filling up the DagBag from /Users/abhishekpatkar/Documents/Projects/af_file_loader/venv/lib/python3.11/site-packages/airflow/example_dags/example_branch_datetime_operator.py
[2023-07-22T14:52:59.568-0500] {processor.py:836} INFO - DAG(s) dict_keys(['example_branch_datetime_operator', 'example_branch_datetime_operator_3', 'example_branch_datetime_operator_2']) retrieved from /Users/abhishekpatkar/Documents/Projects/af_file_loader/venv/lib/python3.11/site-packages/airflow/example_dags/example_branch_datetime_operator.py
[2023-07-22T14:53:00.893-0500] {logging_mixin.py:150} INFO - [2023-07-22T14:53:00.892-0500] {manager.py:504} INFO - Created Permission View: can delete on DAG:example_branch_datetime_operator
[2023-07-22T14:53:00.908-0500] {logging_mixin.py:150} INFO - [2023-07-22T14:53:00.908-0500] {manager.py:504} INFO - Created Permission View: can read on DAG:example_branch_datetime_operator
[2023-07-22T14:53:00.915-0500] {logging_mixin.py:150} INFO - [2023-07-22T14:53:00.915-0500] {manager.py:504} INFO - Created Permission View: can edit on DAG:example_branch_datetime_operator
[2023-07-22T14:53:00.943-0500] {logging_mixin.py:150} INFO - [2023-07-22T14:53:00.943-0500] {manager.py:504} INFO - Created Permission View: can delete on DAG:example_branch_datetime_operator_3
[2023-07-22T14:53:00.952-0500] {logging_mixin.py:150} INFO - [2023-07-22T14:53:00.951-0500] {manager.py:504} INFO - Created Permission View: can read on DAG:example_branch_datetime_operator_3
[2023-07-22T14:53:00.960-0500] {logging_mixin.py:150} INFO - [2023-07-22T14:53:00.959-0500] {manager.py:504} INFO - Created Permission View: can edit on DAG:example_branch_datetime_operator_3
[2023-07-22T14:53:00.979-0500] {logging_mixin.py:150} INFO - [2023-07-22T14:53:00.979-0500] {manager.py:504} INFO - Created Permission View: can delete on DAG:example_branch_datetime_operator_2
[2023-07-22T14:53:00.987-0500] {logging_mixin.py:150} INFO - [2023-07-22T14:53:00.986-0500] {manager.py:504} INFO - Created Permission View: can read on DAG:example_branch_datetime_operator_2
[2023-07-22T14:53:00.996-0500] {logging_mixin.py:150} INFO - [2023-07-22T14:53:00.996-0500] {manager.py:504} INFO - Created Permission View: can edit on DAG:example_branch_datetime_operator_2
[2023-07-22T14:53:01.004-0500] {logging_mixin.py:150} INFO - [2023-07-22T14:53:01.003-0500] {dag.py:2742} INFO - Sync 3 DAGs
[2023-07-22T14:53:01.016-0500] {logging_mixin.py:150} INFO - [2023-07-22T14:53:01.016-0500] {dag.py:2763} INFO - Creating ORM DAG for example_branch_datetime_operator
[2023-07-22T14:53:01.017-0500] {logging_mixin.py:150} INFO - [2023-07-22T14:53:01.017-0500] {dag.py:2763} INFO - Creating ORM DAG for example_branch_datetime_operator_3
[2023-07-22T14:53:01.017-0500] {logging_mixin.py:150} INFO - [2023-07-22T14:53:01.017-0500] {dag.py:2763} INFO - Creating ORM DAG for example_branch_datetime_operator_2
[2023-07-22T14:53:01.030-0500] {logging_mixin.py:150} INFO - [2023-07-22T14:53:01.030-0500] {dag.py:3504} INFO - Setting next_dagrun for example_branch_datetime_operator to 2023-07-21T00:00:00+00:00, run_after=2023-07-22T00:00:00+00:00
[2023-07-22T14:53:01.032-0500] {logging_mixin.py:150} INFO - [2023-07-22T14:53:01.032-0500] {dag.py:3504} INFO - Setting next_dagrun for example_branch_datetime_operator_2 to 2023-07-21T00:00:00+00:00, run_after=2023-07-22T00:00:00+00:00
[2023-07-22T14:53:01.034-0500] {logging_mixin.py:150} INFO - [2023-07-22T14:53:01.034-0500] {dag.py:3504} INFO - Setting next_dagrun for example_branch_datetime_operator_3 to 2023-07-21T00:00:00+00:00, run_after=2023-07-22T00:00:00+00:00
[2023-07-22T14:53:01.059-0500] {processor.py:179} INFO - Processing /Users/abhishekpatkar/Documents/Projects/af_file_loader/venv/lib/python3.11/site-packages/airflow/example_dags/example_branch_datetime_operator.py took 1.552 seconds
[2023-07-22T14:58:21.119-0500] {processor.py:157} INFO - Started process (PID=17013) to work on /Users/abhishekpatkar/Documents/Projects/af_file_loader/venv/lib/python3.11/site-packages/airflow/example_dags/example_branch_datetime_operator.py
[2023-07-22T14:58:21.125-0500] {processor.py:826} INFO - Processing file /Users/abhishekpatkar/Documents/Projects/af_file_loader/venv/lib/python3.11/site-packages/airflow/example_dags/example_branch_datetime_operator.py for tasks to queue
[2023-07-22T14:58:21.126-0500] {logging_mixin.py:150} INFO - [2023-07-22T14:58:21.126-0500] {dagbag.py:541} INFO - Filling up the DagBag from /Users/abhishekpatkar/Documents/Projects/af_file_loader/venv/lib/python3.11/site-packages/airflow/example_dags/example_branch_datetime_operator.py
[2023-07-22T14:58:21.155-0500] {processor.py:836} INFO - DAG(s) dict_keys(['example_branch_datetime_operator', 'example_branch_datetime_operator_2', 'example_branch_datetime_operator_3']) retrieved from /Users/abhishekpatkar/Documents/Projects/af_file_loader/venv/lib/python3.11/site-packages/airflow/example_dags/example_branch_datetime_operator.py
[2023-07-22T14:58:22.326-0500] {logging_mixin.py:150} INFO - [2023-07-22T14:58:22.326-0500] {dag.py:2742} INFO - Sync 3 DAGs
[2023-07-22T14:58:22.356-0500] {logging_mixin.py:150} INFO - [2023-07-22T14:58:22.356-0500] {dag.py:3504} INFO - Setting next_dagrun for example_branch_datetime_operator to 2023-07-21T00:00:00+00:00, run_after=2023-07-22T00:00:00+00:00
[2023-07-22T14:58:22.365-0500] {logging_mixin.py:150} INFO - [2023-07-22T14:58:22.364-0500] {dag.py:3504} INFO - Setting next_dagrun for example_branch_datetime_operator_2 to 2023-07-21T00:00:00+00:00, run_after=2023-07-22T00:00:00+00:00
[2023-07-22T14:58:22.370-0500] {logging_mixin.py:150} INFO - [2023-07-22T14:58:22.370-0500] {dag.py:3504} INFO - Setting next_dagrun for example_branch_datetime_operator_3 to 2023-07-21T00:00:00+00:00, run_after=2023-07-22T00:00:00+00:00
[2023-07-22T14:58:22.389-0500] {processor.py:179} INFO - Processing /Users/abhishekpatkar/Documents/Projects/af_file_loader/venv/lib/python3.11/site-packages/airflow/example_dags/example_branch_datetime_operator.py took 1.272 seconds
[2023-07-22T15:03:05.289-0500] {processor.py:157} INFO - Started process (PID=17323) to work on /Users/abhishekpatkar/Documents/Projects/af_file_loader/venv/lib/python3.11/site-packages/airflow/example_dags/example_branch_datetime_operator.py
[2023-07-22T15:03:05.293-0500] {processor.py:826} INFO - Processing file /Users/abhishekpatkar/Documents/Projects/af_file_loader/venv/lib/python3.11/site-packages/airflow/example_dags/example_branch_datetime_operator.py for tasks to queue
[2023-07-22T15:03:05.294-0500] {logging_mixin.py:150} INFO - [2023-07-22T15:03:05.294-0500] {dagbag.py:541} INFO - Filling up the DagBag from /Users/abhishekpatkar/Documents/Projects/af_file_loader/venv/lib/python3.11/site-packages/airflow/example_dags/example_branch_datetime_operator.py
[2023-07-22T15:03:05.326-0500] {processor.py:836} INFO - DAG(s) dict_keys(['example_branch_datetime_operator_3', 'example_branch_datetime_operator_2', 'example_branch_datetime_operator']) retrieved from /Users/abhishekpatkar/Documents/Projects/af_file_loader/venv/lib/python3.11/site-packages/airflow/example_dags/example_branch_datetime_operator.py
[2023-07-22T15:03:06.124-0500] {logging_mixin.py:150} INFO - [2023-07-22T15:03:06.124-0500] {dag.py:2742} INFO - Sync 3 DAGs
[2023-07-22T15:03:06.155-0500] {logging_mixin.py:150} INFO - [2023-07-22T15:03:06.155-0500] {dag.py:3504} INFO - Setting next_dagrun for example_branch_datetime_operator to 2023-07-21T00:00:00+00:00, run_after=2023-07-22T00:00:00+00:00
[2023-07-22T15:03:06.159-0500] {logging_mixin.py:150} INFO - [2023-07-22T15:03:06.159-0500] {dag.py:3504} INFO - Setting next_dagrun for example_branch_datetime_operator_2 to 2023-07-21T00:00:00+00:00, run_after=2023-07-22T00:00:00+00:00
[2023-07-22T15:03:06.164-0500] {logging_mixin.py:150} INFO - [2023-07-22T15:03:06.164-0500] {dag.py:3504} INFO - Setting next_dagrun for example_branch_datetime_operator_3 to 2023-07-21T00:00:00+00:00, run_after=2023-07-22T00:00:00+00:00
[2023-07-22T15:03:06.182-0500] {processor.py:179} INFO - Processing /Users/abhishekpatkar/Documents/Projects/af_file_loader/venv/lib/python3.11/site-packages/airflow/example_dags/example_branch_datetime_operator.py took 0.894 seconds
[2023-07-22T15:11:49.326-0500] {processor.py:157} INFO - Started process (PID=17844) to work on /Users/abhishekpatkar/Documents/Projects/af_file_loader/venv/lib/python3.11/site-packages/airflow/example_dags/example_branch_datetime_operator.py
[2023-07-22T15:11:49.335-0500] {processor.py:826} INFO - Processing file /Users/abhishekpatkar/Documents/Projects/af_file_loader/venv/lib/python3.11/site-packages/airflow/example_dags/example_branch_datetime_operator.py for tasks to queue
[2023-07-22T15:11:49.337-0500] {logging_mixin.py:150} INFO - [2023-07-22T15:11:49.336-0500] {dagbag.py:541} INFO - Filling up the DagBag from /Users/abhishekpatkar/Documents/Projects/af_file_loader/venv/lib/python3.11/site-packages/airflow/example_dags/example_branch_datetime_operator.py
[2023-07-22T15:11:49.378-0500] {processor.py:836} INFO - DAG(s) dict_keys(['example_branch_datetime_operator_2', 'example_branch_datetime_operator', 'example_branch_datetime_operator_3']) retrieved from /Users/abhishekpatkar/Documents/Projects/af_file_loader/venv/lib/python3.11/site-packages/airflow/example_dags/example_branch_datetime_operator.py
[2023-07-22T15:11:50.563-0500] {logging_mixin.py:150} INFO - [2023-07-22T15:11:50.562-0500] {dag.py:2742} INFO - Sync 3 DAGs
[2023-07-22T15:11:50.591-0500] {logging_mixin.py:150} INFO - [2023-07-22T15:11:50.591-0500] {dag.py:3504} INFO - Setting next_dagrun for example_branch_datetime_operator to 2023-07-21T00:00:00+00:00, run_after=2023-07-22T00:00:00+00:00
[2023-07-22T15:11:50.597-0500] {logging_mixin.py:150} INFO - [2023-07-22T15:11:50.597-0500] {dag.py:3504} INFO - Setting next_dagrun for example_branch_datetime_operator_2 to 2023-07-21T00:00:00+00:00, run_after=2023-07-22T00:00:00+00:00
[2023-07-22T15:11:50.600-0500] {logging_mixin.py:150} INFO - [2023-07-22T15:11:50.599-0500] {dag.py:3504} INFO - Setting next_dagrun for example_branch_datetime_operator_3 to 2023-07-21T00:00:00+00:00, run_after=2023-07-22T00:00:00+00:00
[2023-07-22T15:11:50.624-0500] {processor.py:179} INFO - Processing /Users/abhishekpatkar/Documents/Projects/af_file_loader/venv/lib/python3.11/site-packages/airflow/example_dags/example_branch_datetime_operator.py took 1.299 seconds
[2023-07-22T15:17:17.961-0500] {processor.py:157} INFO - Started process (PID=18035) to work on /Users/abhishekpatkar/Documents/Projects/af_file_loader/venv/lib/python3.11/site-packages/airflow/example_dags/example_branch_datetime_operator.py
[2023-07-22T15:17:17.966-0500] {processor.py:826} INFO - Processing file /Users/abhishekpatkar/Documents/Projects/af_file_loader/venv/lib/python3.11/site-packages/airflow/example_dags/example_branch_datetime_operator.py for tasks to queue
[2023-07-22T15:17:17.967-0500] {logging_mixin.py:150} INFO - [2023-07-22T15:17:17.967-0500] {dagbag.py:541} INFO - Filling up the DagBag from /Users/abhishekpatkar/Documents/Projects/af_file_loader/venv/lib/python3.11/site-packages/airflow/example_dags/example_branch_datetime_operator.py
[2023-07-22T15:17:17.995-0500] {processor.py:836} INFO - DAG(s) dict_keys(['example_branch_datetime_operator_3', 'example_branch_datetime_operator_2', 'example_branch_datetime_operator']) retrieved from /Users/abhishekpatkar/Documents/Projects/af_file_loader/venv/lib/python3.11/site-packages/airflow/example_dags/example_branch_datetime_operator.py
[2023-07-22T15:17:19.158-0500] {logging_mixin.py:150} INFO - [2023-07-22T15:17:19.157-0500] {dag.py:2742} INFO - Sync 3 DAGs
[2023-07-22T15:17:19.179-0500] {logging_mixin.py:150} INFO - [2023-07-22T15:17:19.178-0500] {dag.py:3504} INFO - Setting next_dagrun for example_branch_datetime_operator to 2023-07-21T00:00:00+00:00, run_after=2023-07-22T00:00:00+00:00
[2023-07-22T15:17:19.182-0500] {logging_mixin.py:150} INFO - [2023-07-22T15:17:19.182-0500] {dag.py:3504} INFO - Setting next_dagrun for example_branch_datetime_operator_2 to 2023-07-21T00:00:00+00:00, run_after=2023-07-22T00:00:00+00:00
[2023-07-22T15:17:19.185-0500] {logging_mixin.py:150} INFO - [2023-07-22T15:17:19.185-0500] {dag.py:3504} INFO - Setting next_dagrun for example_branch_datetime_operator_3 to 2023-07-21T00:00:00+00:00, run_after=2023-07-22T00:00:00+00:00
[2023-07-22T15:17:19.208-0500] {processor.py:179} INFO - Processing /Users/abhishekpatkar/Documents/Projects/af_file_loader/venv/lib/python3.11/site-packages/airflow/example_dags/example_branch_datetime_operator.py took 1.247 seconds
[2023-07-22T15:22:42.751-0500] {processor.py:157} INFO - Started process (PID=18231) to work on /Users/abhishekpatkar/Documents/Projects/af_file_loader/venv/lib/python3.11/site-packages/airflow/example_dags/example_branch_datetime_operator.py
[2023-07-22T15:22:42.760-0500] {processor.py:826} INFO - Processing file /Users/abhishekpatkar/Documents/Projects/af_file_loader/venv/lib/python3.11/site-packages/airflow/example_dags/example_branch_datetime_operator.py for tasks to queue
[2023-07-22T15:22:42.761-0500] {logging_mixin.py:150} INFO - [2023-07-22T15:22:42.761-0500] {dagbag.py:541} INFO - Filling up the DagBag from /Users/abhishekpatkar/Documents/Projects/af_file_loader/venv/lib/python3.11/site-packages/airflow/example_dags/example_branch_datetime_operator.py
[2023-07-22T15:22:42.791-0500] {processor.py:836} INFO - DAG(s) dict_keys(['example_branch_datetime_operator', 'example_branch_datetime_operator_2', 'example_branch_datetime_operator_3']) retrieved from /Users/abhishekpatkar/Documents/Projects/af_file_loader/venv/lib/python3.11/site-packages/airflow/example_dags/example_branch_datetime_operator.py
[2023-07-22T15:22:43.997-0500] {logging_mixin.py:150} INFO - [2023-07-22T15:22:43.997-0500] {dag.py:2742} INFO - Sync 3 DAGs
[2023-07-22T15:22:44.037-0500] {logging_mixin.py:150} INFO - [2023-07-22T15:22:44.037-0500] {dag.py:3504} INFO - Setting next_dagrun for example_branch_datetime_operator to 2023-07-21T00:00:00+00:00, run_after=2023-07-22T00:00:00+00:00
[2023-07-22T15:22:44.047-0500] {logging_mixin.py:150} INFO - [2023-07-22T15:22:44.047-0500] {dag.py:3504} INFO - Setting next_dagrun for example_branch_datetime_operator_2 to 2023-07-21T00:00:00+00:00, run_after=2023-07-22T00:00:00+00:00
[2023-07-22T15:22:44.050-0500] {logging_mixin.py:150} INFO - [2023-07-22T15:22:44.050-0500] {dag.py:3504} INFO - Setting next_dagrun for example_branch_datetime_operator_3 to 2023-07-21T00:00:00+00:00, run_after=2023-07-22T00:00:00+00:00
[2023-07-22T15:22:44.102-0500] {processor.py:179} INFO - Processing /Users/abhishekpatkar/Documents/Projects/af_file_loader/venv/lib/python3.11/site-packages/airflow/example_dags/example_branch_datetime_operator.py took 1.352 seconds
[2023-07-22T15:28:13.162-0500] {processor.py:157} INFO - Started process (PID=18605) to work on /Users/abhishekpatkar/Documents/Projects/af_file_loader/venv/lib/python3.11/site-packages/airflow/example_dags/example_branch_datetime_operator.py
[2023-07-22T15:28:13.172-0500] {processor.py:826} INFO - Processing file /Users/abhishekpatkar/Documents/Projects/af_file_loader/venv/lib/python3.11/site-packages/airflow/example_dags/example_branch_datetime_operator.py for tasks to queue
[2023-07-22T15:28:13.173-0500] {logging_mixin.py:150} INFO - [2023-07-22T15:28:13.173-0500] {dagbag.py:541} INFO - Filling up the DagBag from /Users/abhishekpatkar/Documents/Projects/af_file_loader/venv/lib/python3.11/site-packages/airflow/example_dags/example_branch_datetime_operator.py
[2023-07-22T15:28:13.254-0500] {processor.py:836} INFO - DAG(s) dict_keys(['example_branch_datetime_operator_2', 'example_branch_datetime_operator_3', 'example_branch_datetime_operator']) retrieved from /Users/abhishekpatkar/Documents/Projects/af_file_loader/venv/lib/python3.11/site-packages/airflow/example_dags/example_branch_datetime_operator.py
[2023-07-22T15:28:15.085-0500] {logging_mixin.py:150} INFO - [2023-07-22T15:28:15.084-0500] {dag.py:2742} INFO - Sync 3 DAGs
[2023-07-22T15:28:15.123-0500] {logging_mixin.py:150} INFO - [2023-07-22T15:28:15.122-0500] {dag.py:3504} INFO - Setting next_dagrun for example_branch_datetime_operator to 2023-07-21T00:00:00+00:00, run_after=2023-07-22T00:00:00+00:00
[2023-07-22T15:28:15.129-0500] {logging_mixin.py:150} INFO - [2023-07-22T15:28:15.129-0500] {dag.py:3504} INFO - Setting next_dagrun for example_branch_datetime_operator_2 to 2023-07-21T00:00:00+00:00, run_after=2023-07-22T00:00:00+00:00
[2023-07-22T15:28:15.134-0500] {logging_mixin.py:150} INFO - [2023-07-22T15:28:15.134-0500] {dag.py:3504} INFO - Setting next_dagrun for example_branch_datetime_operator_3 to 2023-07-21T00:00:00+00:00, run_after=2023-07-22T00:00:00+00:00
[2023-07-22T15:28:15.161-0500] {processor.py:179} INFO - Processing /Users/abhishekpatkar/Documents/Projects/af_file_loader/venv/lib/python3.11/site-packages/airflow/example_dags/example_branch_datetime_operator.py took 2.002 seconds
[2023-07-22T15:33:18.803-0500] {processor.py:157} INFO - Started process (PID=18871) to work on /Users/abhishekpatkar/Documents/Projects/af_file_loader/venv/lib/python3.11/site-packages/airflow/example_dags/example_branch_datetime_operator.py
[2023-07-22T15:33:18.807-0500] {processor.py:826} INFO - Processing file /Users/abhishekpatkar/Documents/Projects/af_file_loader/venv/lib/python3.11/site-packages/airflow/example_dags/example_branch_datetime_operator.py for tasks to queue
[2023-07-22T15:33:18.808-0500] {logging_mixin.py:150} INFO - [2023-07-22T15:33:18.808-0500] {dagbag.py:541} INFO - Filling up the DagBag from /Users/abhishekpatkar/Documents/Projects/af_file_loader/venv/lib/python3.11/site-packages/airflow/example_dags/example_branch_datetime_operator.py
[2023-07-22T15:33:18.831-0500] {processor.py:836} INFO - DAG(s) dict_keys(['example_branch_datetime_operator', 'example_branch_datetime_operator_3', 'example_branch_datetime_operator_2']) retrieved from /Users/abhishekpatkar/Documents/Projects/af_file_loader/venv/lib/python3.11/site-packages/airflow/example_dags/example_branch_datetime_operator.py
[2023-07-22T15:33:19.501-0500] {logging_mixin.py:150} INFO - [2023-07-22T15:33:19.500-0500] {dag.py:2742} INFO - Sync 3 DAGs
[2023-07-22T15:33:19.519-0500] {logging_mixin.py:150} INFO - [2023-07-22T15:33:19.519-0500] {dag.py:3504} INFO - Setting next_dagrun for example_branch_datetime_operator to 2023-07-21T00:00:00+00:00, run_after=2023-07-22T00:00:00+00:00
[2023-07-22T15:33:19.523-0500] {logging_mixin.py:150} INFO - [2023-07-22T15:33:19.523-0500] {dag.py:3504} INFO - Setting next_dagrun for example_branch_datetime_operator_2 to 2023-07-21T00:00:00+00:00, run_after=2023-07-22T00:00:00+00:00
[2023-07-22T15:33:19.525-0500] {logging_mixin.py:150} INFO - [2023-07-22T15:33:19.525-0500] {dag.py:3504} INFO - Setting next_dagrun for example_branch_datetime_operator_3 to 2023-07-21T00:00:00+00:00, run_after=2023-07-22T00:00:00+00:00
[2023-07-22T15:33:19.543-0500] {processor.py:179} INFO - Processing /Users/abhishekpatkar/Documents/Projects/af_file_loader/venv/lib/python3.11/site-packages/airflow/example_dags/example_branch_datetime_operator.py took 0.741 seconds
[2023-07-22T15:37:05.303-0500] {processor.py:157} INFO - Started process (PID=19219) to work on /Users/abhishekpatkar/Documents/Projects/af_file_loader/venv/lib/python3.11/site-packages/airflow/example_dags/example_branch_datetime_operator.py
[2023-07-22T15:37:05.307-0500] {processor.py:826} INFO - Processing file /Users/abhishekpatkar/Documents/Projects/af_file_loader/venv/lib/python3.11/site-packages/airflow/example_dags/example_branch_datetime_operator.py for tasks to queue
[2023-07-22T15:37:05.307-0500] {logging_mixin.py:150} INFO - [2023-07-22T15:37:05.307-0500] {dagbag.py:541} INFO - Filling up the DagBag from /Users/abhishekpatkar/Documents/Projects/af_file_loader/venv/lib/python3.11/site-packages/airflow/example_dags/example_branch_datetime_operator.py
[2023-07-22T15:37:05.335-0500] {processor.py:836} INFO - DAG(s) dict_keys(['example_branch_datetime_operator', 'example_branch_datetime_operator_2', 'example_branch_datetime_operator_3']) retrieved from /Users/abhishekpatkar/Documents/Projects/af_file_loader/venv/lib/python3.11/site-packages/airflow/example_dags/example_branch_datetime_operator.py
[2023-07-22T15:37:06.138-0500] {logging_mixin.py:150} INFO - [2023-07-22T15:37:06.138-0500] {dag.py:2742} INFO - Sync 3 DAGs
[2023-07-22T15:37:06.155-0500] {logging_mixin.py:150} INFO - [2023-07-22T15:37:06.155-0500] {dag.py:3504} INFO - Setting next_dagrun for example_branch_datetime_operator to 2023-07-21T00:00:00+00:00, run_after=2023-07-22T00:00:00+00:00
[2023-07-22T15:37:06.159-0500] {logging_mixin.py:150} INFO - [2023-07-22T15:37:06.159-0500] {dag.py:3504} INFO - Setting next_dagrun for example_branch_datetime_operator_2 to 2023-07-21T00:00:00+00:00, run_after=2023-07-22T00:00:00+00:00
[2023-07-22T15:37:06.161-0500] {logging_mixin.py:150} INFO - [2023-07-22T15:37:06.161-0500] {dag.py:3504} INFO - Setting next_dagrun for example_branch_datetime_operator_3 to 2023-07-21T00:00:00+00:00, run_after=2023-07-22T00:00:00+00:00
[2023-07-22T15:37:06.178-0500] {processor.py:179} INFO - Processing /Users/abhishekpatkar/Documents/Projects/af_file_loader/venv/lib/python3.11/site-packages/airflow/example_dags/example_branch_datetime_operator.py took 0.876 seconds
[2023-07-22T15:51:27.992-0500] {processor.py:157} INFO - Started process (PID=19712) to work on /Users/abhishekpatkar/Documents/Projects/af_file_loader/venv/lib/python3.11/site-packages/airflow/example_dags/example_branch_datetime_operator.py
[2023-07-22T15:51:27.997-0500] {processor.py:826} INFO - Processing file /Users/abhishekpatkar/Documents/Projects/af_file_loader/venv/lib/python3.11/site-packages/airflow/example_dags/example_branch_datetime_operator.py for tasks to queue
[2023-07-22T15:51:27.998-0500] {logging_mixin.py:150} INFO - [2023-07-22T15:51:27.998-0500] {dagbag.py:541} INFO - Filling up the DagBag from /Users/abhishekpatkar/Documents/Projects/af_file_loader/venv/lib/python3.11/site-packages/airflow/example_dags/example_branch_datetime_operator.py
[2023-07-22T15:51:28.034-0500] {processor.py:836} INFO - DAG(s) dict_keys(['example_branch_datetime_operator_2', 'example_branch_datetime_operator_3', 'example_branch_datetime_operator']) retrieved from /Users/abhishekpatkar/Documents/Projects/af_file_loader/venv/lib/python3.11/site-packages/airflow/example_dags/example_branch_datetime_operator.py
[2023-07-22T15:51:28.868-0500] {logging_mixin.py:150} INFO - [2023-07-22T15:51:28.868-0500] {dag.py:2742} INFO - Sync 3 DAGs
[2023-07-22T15:51:28.895-0500] {logging_mixin.py:150} INFO - [2023-07-22T15:51:28.895-0500] {dag.py:3504} INFO - Setting next_dagrun for example_branch_datetime_operator to 2023-07-21T00:00:00+00:00, run_after=2023-07-22T00:00:00+00:00
[2023-07-22T15:51:28.907-0500] {logging_mixin.py:150} INFO - [2023-07-22T15:51:28.907-0500] {dag.py:3504} INFO - Setting next_dagrun for example_branch_datetime_operator_2 to 2023-07-21T00:00:00+00:00, run_after=2023-07-22T00:00:00+00:00
[2023-07-22T15:51:28.917-0500] {logging_mixin.py:150} INFO - [2023-07-22T15:51:28.916-0500] {dag.py:3504} INFO - Setting next_dagrun for example_branch_datetime_operator_3 to 2023-07-21T00:00:00+00:00, run_after=2023-07-22T00:00:00+00:00
[2023-07-22T15:51:28.961-0500] {processor.py:179} INFO - Processing /Users/abhishekpatkar/Documents/Projects/af_file_loader/venv/lib/python3.11/site-packages/airflow/example_dags/example_branch_datetime_operator.py took 0.970 seconds
[2023-07-22T15:56:46.748-0500] {processor.py:157} INFO - Started process (PID=20134) to work on /Users/abhishekpatkar/Documents/Projects/af_file_loader/venv/lib/python3.11/site-packages/airflow/example_dags/example_branch_datetime_operator.py
[2023-07-22T15:56:46.753-0500] {processor.py:826} INFO - Processing file /Users/abhishekpatkar/Documents/Projects/af_file_loader/venv/lib/python3.11/site-packages/airflow/example_dags/example_branch_datetime_operator.py for tasks to queue
[2023-07-22T15:56:46.754-0500] {logging_mixin.py:150} INFO - [2023-07-22T15:56:46.754-0500] {dagbag.py:541} INFO - Filling up the DagBag from /Users/abhishekpatkar/Documents/Projects/af_file_loader/venv/lib/python3.11/site-packages/airflow/example_dags/example_branch_datetime_operator.py
[2023-07-22T15:56:46.793-0500] {processor.py:836} INFO - DAG(s) dict_keys(['example_branch_datetime_operator', 'example_branch_datetime_operator_3', 'example_branch_datetime_operator_2']) retrieved from /Users/abhishekpatkar/Documents/Projects/af_file_loader/venv/lib/python3.11/site-packages/airflow/example_dags/example_branch_datetime_operator.py
[2023-07-22T15:56:47.772-0500] {logging_mixin.py:150} INFO - [2023-07-22T15:56:47.772-0500] {dag.py:2742} INFO - Sync 3 DAGs
[2023-07-22T15:56:47.794-0500] {logging_mixin.py:150} INFO - [2023-07-22T15:56:47.794-0500] {dag.py:3504} INFO - Setting next_dagrun for example_branch_datetime_operator to 2023-07-21T00:00:00+00:00, run_after=2023-07-22T00:00:00+00:00
[2023-07-22T15:56:47.798-0500] {logging_mixin.py:150} INFO - [2023-07-22T15:56:47.798-0500] {dag.py:3504} INFO - Setting next_dagrun for example_branch_datetime_operator_2 to 2023-07-21T00:00:00+00:00, run_after=2023-07-22T00:00:00+00:00
[2023-07-22T15:56:47.801-0500] {logging_mixin.py:150} INFO - [2023-07-22T15:56:47.801-0500] {dag.py:3504} INFO - Setting next_dagrun for example_branch_datetime_operator_3 to 2023-07-21T00:00:00+00:00, run_after=2023-07-22T00:00:00+00:00
[2023-07-22T15:56:47.828-0500] {processor.py:179} INFO - Processing /Users/abhishekpatkar/Documents/Projects/af_file_loader/venv/lib/python3.11/site-packages/airflow/example_dags/example_branch_datetime_operator.py took 1.081 seconds
[2023-07-22T16:01:47.100-0500] {processor.py:157} INFO - Started process (PID=20362) to work on /Users/abhishekpatkar/Documents/Projects/af_file_loader/venv/lib/python3.11/site-packages/airflow/example_dags/example_branch_datetime_operator.py
[2023-07-22T16:01:47.107-0500] {processor.py:826} INFO - Processing file /Users/abhishekpatkar/Documents/Projects/af_file_loader/venv/lib/python3.11/site-packages/airflow/example_dags/example_branch_datetime_operator.py for tasks to queue
[2023-07-22T16:01:47.108-0500] {logging_mixin.py:150} INFO - [2023-07-22T16:01:47.108-0500] {dagbag.py:541} INFO - Filling up the DagBag from /Users/abhishekpatkar/Documents/Projects/af_file_loader/venv/lib/python3.11/site-packages/airflow/example_dags/example_branch_datetime_operator.py
[2023-07-22T16:01:47.140-0500] {processor.py:836} INFO - DAG(s) dict_keys(['example_branch_datetime_operator', 'example_branch_datetime_operator_2', 'example_branch_datetime_operator_3']) retrieved from /Users/abhishekpatkar/Documents/Projects/af_file_loader/venv/lib/python3.11/site-packages/airflow/example_dags/example_branch_datetime_operator.py
[2023-07-22T16:01:48.258-0500] {logging_mixin.py:150} INFO - [2023-07-22T16:01:48.258-0500] {dag.py:2742} INFO - Sync 3 DAGs
[2023-07-22T16:01:48.281-0500] {logging_mixin.py:150} INFO - [2023-07-22T16:01:48.281-0500] {dag.py:3504} INFO - Setting next_dagrun for example_branch_datetime_operator to 2023-07-21T00:00:00+00:00, run_after=2023-07-22T00:00:00+00:00
[2023-07-22T16:01:48.287-0500] {logging_mixin.py:150} INFO - [2023-07-22T16:01:48.287-0500] {dag.py:3504} INFO - Setting next_dagrun for example_branch_datetime_operator_2 to 2023-07-21T00:00:00+00:00, run_after=2023-07-22T00:00:00+00:00
[2023-07-22T16:01:48.291-0500] {logging_mixin.py:150} INFO - [2023-07-22T16:01:48.290-0500] {dag.py:3504} INFO - Setting next_dagrun for example_branch_datetime_operator_3 to 2023-07-21T00:00:00+00:00, run_after=2023-07-22T00:00:00+00:00
[2023-07-22T16:01:48.315-0500] {processor.py:179} INFO - Processing /Users/abhishekpatkar/Documents/Projects/af_file_loader/venv/lib/python3.11/site-packages/airflow/example_dags/example_branch_datetime_operator.py took 1.216 seconds
[2023-07-22T16:05:36.479-0500] {processor.py:157} INFO - Started process (PID=20521) to work on /Users/abhishekpatkar/Documents/Projects/af_file_loader/venv/lib/python3.11/site-packages/airflow/example_dags/example_branch_datetime_operator.py
[2023-07-22T16:05:36.484-0500] {processor.py:826} INFO - Processing file /Users/abhishekpatkar/Documents/Projects/af_file_loader/venv/lib/python3.11/site-packages/airflow/example_dags/example_branch_datetime_operator.py for tasks to queue
[2023-07-22T16:05:36.485-0500] {logging_mixin.py:150} INFO - [2023-07-22T16:05:36.484-0500] {dagbag.py:541} INFO - Filling up the DagBag from /Users/abhishekpatkar/Documents/Projects/af_file_loader/venv/lib/python3.11/site-packages/airflow/example_dags/example_branch_datetime_operator.py
[2023-07-22T16:05:36.507-0500] {processor.py:836} INFO - DAG(s) dict_keys(['example_branch_datetime_operator_2', 'example_branch_datetime_operator', 'example_branch_datetime_operator_3']) retrieved from /Users/abhishekpatkar/Documents/Projects/af_file_loader/venv/lib/python3.11/site-packages/airflow/example_dags/example_branch_datetime_operator.py
[2023-07-22T16:05:37.143-0500] {logging_mixin.py:150} INFO - [2023-07-22T16:05:37.143-0500] {dag.py:2742} INFO - Sync 3 DAGs
[2023-07-22T16:05:37.161-0500] {logging_mixin.py:150} INFO - [2023-07-22T16:05:37.160-0500] {dag.py:3504} INFO - Setting next_dagrun for example_branch_datetime_operator to 2023-07-21T00:00:00+00:00, run_after=2023-07-22T00:00:00+00:00
[2023-07-22T16:05:37.165-0500] {logging_mixin.py:150} INFO - [2023-07-22T16:05:37.164-0500] {dag.py:3504} INFO - Setting next_dagrun for example_branch_datetime_operator_2 to 2023-07-21T00:00:00+00:00, run_after=2023-07-22T00:00:00+00:00
[2023-07-22T16:05:37.167-0500] {logging_mixin.py:150} INFO - [2023-07-22T16:05:37.167-0500] {dag.py:3504} INFO - Setting next_dagrun for example_branch_datetime_operator_3 to 2023-07-21T00:00:00+00:00, run_after=2023-07-22T00:00:00+00:00
[2023-07-22T16:05:37.183-0500] {processor.py:179} INFO - Processing /Users/abhishekpatkar/Documents/Projects/af_file_loader/venv/lib/python3.11/site-packages/airflow/example_dags/example_branch_datetime_operator.py took 0.705 seconds
[2023-07-22T16:09:18.876-0500] {processor.py:157} INFO - Started process (PID=20687) to work on /Users/abhishekpatkar/Documents/Projects/af_file_loader/venv/lib/python3.11/site-packages/airflow/example_dags/example_branch_datetime_operator.py
[2023-07-22T16:09:18.880-0500] {processor.py:826} INFO - Processing file /Users/abhishekpatkar/Documents/Projects/af_file_loader/venv/lib/python3.11/site-packages/airflow/example_dags/example_branch_datetime_operator.py for tasks to queue
[2023-07-22T16:09:18.881-0500] {logging_mixin.py:150} INFO - [2023-07-22T16:09:18.881-0500] {dagbag.py:541} INFO - Filling up the DagBag from /Users/abhishekpatkar/Documents/Projects/af_file_loader/venv/lib/python3.11/site-packages/airflow/example_dags/example_branch_datetime_operator.py
[2023-07-22T16:09:18.904-0500] {processor.py:836} INFO - DAG(s) dict_keys(['example_branch_datetime_operator_2', 'example_branch_datetime_operator', 'example_branch_datetime_operator_3']) retrieved from /Users/abhishekpatkar/Documents/Projects/af_file_loader/venv/lib/python3.11/site-packages/airflow/example_dags/example_branch_datetime_operator.py
[2023-07-22T16:09:19.721-0500] {logging_mixin.py:150} INFO - [2023-07-22T16:09:19.720-0500] {dag.py:2742} INFO - Sync 3 DAGs
[2023-07-22T16:09:19.738-0500] {logging_mixin.py:150} INFO - [2023-07-22T16:09:19.738-0500] {dag.py:3504} INFO - Setting next_dagrun for example_branch_datetime_operator to 2023-07-21T00:00:00+00:00, run_after=2023-07-22T00:00:00+00:00
[2023-07-22T16:09:19.742-0500] {logging_mixin.py:150} INFO - [2023-07-22T16:09:19.742-0500] {dag.py:3504} INFO - Setting next_dagrun for example_branch_datetime_operator_2 to 2023-07-21T00:00:00+00:00, run_after=2023-07-22T00:00:00+00:00
[2023-07-22T16:09:19.744-0500] {logging_mixin.py:150} INFO - [2023-07-22T16:09:19.744-0500] {dag.py:3504} INFO - Setting next_dagrun for example_branch_datetime_operator_3 to 2023-07-21T00:00:00+00:00, run_after=2023-07-22T00:00:00+00:00
[2023-07-22T16:09:19.760-0500] {processor.py:179} INFO - Processing /Users/abhishekpatkar/Documents/Projects/af_file_loader/venv/lib/python3.11/site-packages/airflow/example_dags/example_branch_datetime_operator.py took 0.885 seconds
[2023-07-22T16:25:02.232-0500] {processor.py:157} INFO - Started process (PID=20914) to work on /Users/abhishekpatkar/Documents/Projects/af_file_loader/venv/lib/python3.11/site-packages/airflow/example_dags/example_branch_datetime_operator.py
[2023-07-22T16:25:02.239-0500] {processor.py:826} INFO - Processing file /Users/abhishekpatkar/Documents/Projects/af_file_loader/venv/lib/python3.11/site-packages/airflow/example_dags/example_branch_datetime_operator.py for tasks to queue
[2023-07-22T16:25:02.239-0500] {logging_mixin.py:150} INFO - [2023-07-22T16:25:02.239-0500] {dagbag.py:541} INFO - Filling up the DagBag from /Users/abhishekpatkar/Documents/Projects/af_file_loader/venv/lib/python3.11/site-packages/airflow/example_dags/example_branch_datetime_operator.py
[2023-07-22T16:25:02.265-0500] {processor.py:836} INFO - DAG(s) dict_keys(['example_branch_datetime_operator', 'example_branch_datetime_operator_3', 'example_branch_datetime_operator_2']) retrieved from /Users/abhishekpatkar/Documents/Projects/af_file_loader/venv/lib/python3.11/site-packages/airflow/example_dags/example_branch_datetime_operator.py
[2023-07-22T16:25:03.673-0500] {logging_mixin.py:150} INFO - [2023-07-22T16:25:03.673-0500] {dag.py:2742} INFO - Sync 3 DAGs
[2023-07-22T16:25:03.697-0500] {logging_mixin.py:150} INFO - [2023-07-22T16:25:03.697-0500] {dag.py:3504} INFO - Setting next_dagrun for example_branch_datetime_operator to 2023-07-21T00:00:00+00:00, run_after=2023-07-22T00:00:00+00:00
[2023-07-22T16:25:03.702-0500] {logging_mixin.py:150} INFO - [2023-07-22T16:25:03.702-0500] {dag.py:3504} INFO - Setting next_dagrun for example_branch_datetime_operator_2 to 2023-07-21T00:00:00+00:00, run_after=2023-07-22T00:00:00+00:00
[2023-07-22T16:25:03.709-0500] {logging_mixin.py:150} INFO - [2023-07-22T16:25:03.709-0500] {dag.py:3504} INFO - Setting next_dagrun for example_branch_datetime_operator_3 to 2023-07-21T00:00:00+00:00, run_after=2023-07-22T00:00:00+00:00
[2023-07-22T16:25:03.728-0500] {processor.py:179} INFO - Processing /Users/abhishekpatkar/Documents/Projects/af_file_loader/venv/lib/python3.11/site-packages/airflow/example_dags/example_branch_datetime_operator.py took 1.497 seconds
[2023-07-22T16:31:54.338-0500] {processor.py:157} INFO - Started process (PID=21156) to work on /Users/abhishekpatkar/Documents/Projects/af_file_loader/venv/lib/python3.11/site-packages/airflow/example_dags/example_branch_datetime_operator.py
[2023-07-22T16:31:54.345-0500] {processor.py:826} INFO - Processing file /Users/abhishekpatkar/Documents/Projects/af_file_loader/venv/lib/python3.11/site-packages/airflow/example_dags/example_branch_datetime_operator.py for tasks to queue
[2023-07-22T16:31:54.351-0500] {logging_mixin.py:150} INFO - [2023-07-22T16:31:54.351-0500] {dagbag.py:541} INFO - Filling up the DagBag from /Users/abhishekpatkar/Documents/Projects/af_file_loader/venv/lib/python3.11/site-packages/airflow/example_dags/example_branch_datetime_operator.py
[2023-07-22T16:31:54.399-0500] {processor.py:836} INFO - DAG(s) dict_keys(['example_branch_datetime_operator_2', 'example_branch_datetime_operator', 'example_branch_datetime_operator_3']) retrieved from /Users/abhishekpatkar/Documents/Projects/af_file_loader/venv/lib/python3.11/site-packages/airflow/example_dags/example_branch_datetime_operator.py
[2023-07-22T16:31:56.192-0500] {logging_mixin.py:150} INFO - [2023-07-22T16:31:56.192-0500] {dag.py:2742} INFO - Sync 3 DAGs
[2023-07-22T16:31:56.228-0500] {logging_mixin.py:150} INFO - [2023-07-22T16:31:56.227-0500] {dag.py:3504} INFO - Setting next_dagrun for example_branch_datetime_operator to 2023-07-21T00:00:00+00:00, run_after=2023-07-22T00:00:00+00:00
[2023-07-22T16:31:56.239-0500] {logging_mixin.py:150} INFO - [2023-07-22T16:31:56.239-0500] {dag.py:3504} INFO - Setting next_dagrun for example_branch_datetime_operator_2 to 2023-07-21T00:00:00+00:00, run_after=2023-07-22T00:00:00+00:00
[2023-07-22T16:31:56.243-0500] {logging_mixin.py:150} INFO - [2023-07-22T16:31:56.243-0500] {dag.py:3504} INFO - Setting next_dagrun for example_branch_datetime_operator_3 to 2023-07-21T00:00:00+00:00, run_after=2023-07-22T00:00:00+00:00
[2023-07-22T16:31:56.307-0500] {processor.py:179} INFO - Processing /Users/abhishekpatkar/Documents/Projects/af_file_loader/venv/lib/python3.11/site-packages/airflow/example_dags/example_branch_datetime_operator.py took 1.974 seconds
[2023-07-22T16:40:14.877-0500] {processor.py:157} INFO - Started process (PID=21436) to work on /Users/abhishekpatkar/Documents/Projects/af_file_loader/venv/lib/python3.11/site-packages/airflow/example_dags/example_branch_datetime_operator.py
[2023-07-22T16:40:14.889-0500] {processor.py:826} INFO - Processing file /Users/abhishekpatkar/Documents/Projects/af_file_loader/venv/lib/python3.11/site-packages/airflow/example_dags/example_branch_datetime_operator.py for tasks to queue
[2023-07-22T16:40:14.889-0500] {logging_mixin.py:150} INFO - [2023-07-22T16:40:14.889-0500] {dagbag.py:541} INFO - Filling up the DagBag from /Users/abhishekpatkar/Documents/Projects/af_file_loader/venv/lib/python3.11/site-packages/airflow/example_dags/example_branch_datetime_operator.py
[2023-07-22T16:40:14.971-0500] {processor.py:836} INFO - DAG(s) dict_keys(['example_branch_datetime_operator_3', 'example_branch_datetime_operator_2', 'example_branch_datetime_operator']) retrieved from /Users/abhishekpatkar/Documents/Projects/af_file_loader/venv/lib/python3.11/site-packages/airflow/example_dags/example_branch_datetime_operator.py
[2023-07-22T16:40:16.908-0500] {logging_mixin.py:150} INFO - [2023-07-22T16:40:16.907-0500] {dag.py:2742} INFO - Sync 3 DAGs
[2023-07-22T16:40:16.958-0500] {logging_mixin.py:150} INFO - [2023-07-22T16:40:16.958-0500] {dag.py:3504} INFO - Setting next_dagrun for example_branch_datetime_operator to 2023-07-21T00:00:00+00:00, run_after=2023-07-22T00:00:00+00:00
[2023-07-22T16:40:16.963-0500] {logging_mixin.py:150} INFO - [2023-07-22T16:40:16.962-0500] {dag.py:3504} INFO - Setting next_dagrun for example_branch_datetime_operator_2 to 2023-07-21T00:00:00+00:00, run_after=2023-07-22T00:00:00+00:00
[2023-07-22T16:40:16.965-0500] {logging_mixin.py:150} INFO - [2023-07-22T16:40:16.965-0500] {dag.py:3504} INFO - Setting next_dagrun for example_branch_datetime_operator_3 to 2023-07-21T00:00:00+00:00, run_after=2023-07-22T00:00:00+00:00
[2023-07-22T16:40:17.037-0500] {processor.py:179} INFO - Processing /Users/abhishekpatkar/Documents/Projects/af_file_loader/venv/lib/python3.11/site-packages/airflow/example_dags/example_branch_datetime_operator.py took 2.161 seconds
[2023-07-22T16:47:54.953-0500] {processor.py:157} INFO - Started process (PID=21701) to work on /Users/abhishekpatkar/Documents/Projects/af_file_loader/venv/lib/python3.11/site-packages/airflow/example_dags/example_branch_datetime_operator.py
[2023-07-22T16:47:54.960-0500] {processor.py:826} INFO - Processing file /Users/abhishekpatkar/Documents/Projects/af_file_loader/venv/lib/python3.11/site-packages/airflow/example_dags/example_branch_datetime_operator.py for tasks to queue
[2023-07-22T16:47:54.960-0500] {logging_mixin.py:150} INFO - [2023-07-22T16:47:54.960-0500] {dagbag.py:541} INFO - Filling up the DagBag from /Users/abhishekpatkar/Documents/Projects/af_file_loader/venv/lib/python3.11/site-packages/airflow/example_dags/example_branch_datetime_operator.py
[2023-07-22T16:47:55.007-0500] {processor.py:836} INFO - DAG(s) dict_keys(['example_branch_datetime_operator_3', 'example_branch_datetime_operator', 'example_branch_datetime_operator_2']) retrieved from /Users/abhishekpatkar/Documents/Projects/af_file_loader/venv/lib/python3.11/site-packages/airflow/example_dags/example_branch_datetime_operator.py
[2023-07-22T16:47:56.518-0500] {logging_mixin.py:150} INFO - [2023-07-22T16:47:56.518-0500] {dag.py:2742} INFO - Sync 3 DAGs
[2023-07-22T16:47:56.571-0500] {logging_mixin.py:150} INFO - [2023-07-22T16:47:56.570-0500] {dag.py:3504} INFO - Setting next_dagrun for example_branch_datetime_operator to 2023-07-21T00:00:00+00:00, run_after=2023-07-22T00:00:00+00:00
[2023-07-22T16:47:56.579-0500] {logging_mixin.py:150} INFO - [2023-07-22T16:47:56.579-0500] {dag.py:3504} INFO - Setting next_dagrun for example_branch_datetime_operator_2 to 2023-07-21T00:00:00+00:00, run_after=2023-07-22T00:00:00+00:00
[2023-07-22T16:47:56.582-0500] {logging_mixin.py:150} INFO - [2023-07-22T16:47:56.582-0500] {dag.py:3504} INFO - Setting next_dagrun for example_branch_datetime_operator_3 to 2023-07-21T00:00:00+00:00, run_after=2023-07-22T00:00:00+00:00
[2023-07-22T16:47:56.619-0500] {processor.py:179} INFO - Processing /Users/abhishekpatkar/Documents/Projects/af_file_loader/venv/lib/python3.11/site-packages/airflow/example_dags/example_branch_datetime_operator.py took 1.668 seconds
[2023-07-22T16:55:19.432-0500] {processor.py:157} INFO - Started process (PID=21938) to work on /Users/abhishekpatkar/Documents/Projects/af_file_loader/venv/lib/python3.11/site-packages/airflow/example_dags/example_branch_datetime_operator.py
[2023-07-22T16:55:19.438-0500] {processor.py:826} INFO - Processing file /Users/abhishekpatkar/Documents/Projects/af_file_loader/venv/lib/python3.11/site-packages/airflow/example_dags/example_branch_datetime_operator.py for tasks to queue
[2023-07-22T16:55:19.439-0500] {logging_mixin.py:150} INFO - [2023-07-22T16:55:19.438-0500] {dagbag.py:541} INFO - Filling up the DagBag from /Users/abhishekpatkar/Documents/Projects/af_file_loader/venv/lib/python3.11/site-packages/airflow/example_dags/example_branch_datetime_operator.py
[2023-07-22T16:55:19.479-0500] {processor.py:836} INFO - DAG(s) dict_keys(['example_branch_datetime_operator_2', 'example_branch_datetime_operator_3', 'example_branch_datetime_operator']) retrieved from /Users/abhishekpatkar/Documents/Projects/af_file_loader/venv/lib/python3.11/site-packages/airflow/example_dags/example_branch_datetime_operator.py
[2023-07-22T16:55:20.552-0500] {logging_mixin.py:150} INFO - [2023-07-22T16:55:20.551-0500] {dag.py:2742} INFO - Sync 3 DAGs
[2023-07-22T16:55:20.583-0500] {logging_mixin.py:150} INFO - [2023-07-22T16:55:20.583-0500] {dag.py:3504} INFO - Setting next_dagrun for example_branch_datetime_operator to 2023-07-21T00:00:00+00:00, run_after=2023-07-22T00:00:00+00:00
[2023-07-22T16:55:20.594-0500] {logging_mixin.py:150} INFO - [2023-07-22T16:55:20.593-0500] {dag.py:3504} INFO - Setting next_dagrun for example_branch_datetime_operator_2 to 2023-07-21T00:00:00+00:00, run_after=2023-07-22T00:00:00+00:00
[2023-07-22T16:55:20.597-0500] {logging_mixin.py:150} INFO - [2023-07-22T16:55:20.597-0500] {dag.py:3504} INFO - Setting next_dagrun for example_branch_datetime_operator_3 to 2023-07-21T00:00:00+00:00, run_after=2023-07-22T00:00:00+00:00
[2023-07-22T16:55:20.629-0500] {processor.py:179} INFO - Processing /Users/abhishekpatkar/Documents/Projects/af_file_loader/venv/lib/python3.11/site-packages/airflow/example_dags/example_branch_datetime_operator.py took 1.198 seconds
[2023-07-22T17:02:29.392-0500] {processor.py:157} INFO - Started process (PID=22197) to work on /Users/abhishekpatkar/Documents/Projects/af_file_loader/venv/lib/python3.11/site-packages/airflow/example_dags/example_branch_datetime_operator.py
[2023-07-22T17:02:29.419-0500] {processor.py:826} INFO - Processing file /Users/abhishekpatkar/Documents/Projects/af_file_loader/venv/lib/python3.11/site-packages/airflow/example_dags/example_branch_datetime_operator.py for tasks to queue
[2023-07-22T17:02:29.429-0500] {logging_mixin.py:150} INFO - [2023-07-22T17:02:29.428-0500] {dagbag.py:541} INFO - Filling up the DagBag from /Users/abhishekpatkar/Documents/Projects/af_file_loader/venv/lib/python3.11/site-packages/airflow/example_dags/example_branch_datetime_operator.py
[2023-07-22T17:02:29.571-0500] {processor.py:836} INFO - DAG(s) dict_keys(['example_branch_datetime_operator', 'example_branch_datetime_operator_3', 'example_branch_datetime_operator_2']) retrieved from /Users/abhishekpatkar/Documents/Projects/af_file_loader/venv/lib/python3.11/site-packages/airflow/example_dags/example_branch_datetime_operator.py
[2023-07-22T17:02:30.779-0500] {logging_mixin.py:150} INFO - [2023-07-22T17:02:30.779-0500] {dag.py:2742} INFO - Sync 3 DAGs
[2023-07-22T17:02:30.802-0500] {logging_mixin.py:150} INFO - [2023-07-22T17:02:30.802-0500] {dag.py:3504} INFO - Setting next_dagrun for example_branch_datetime_operator to 2023-07-21T00:00:00+00:00, run_after=2023-07-22T00:00:00+00:00
[2023-07-22T17:02:30.818-0500] {logging_mixin.py:150} INFO - [2023-07-22T17:02:30.818-0500] {dag.py:3504} INFO - Setting next_dagrun for example_branch_datetime_operator_2 to 2023-07-21T00:00:00+00:00, run_after=2023-07-22T00:00:00+00:00
[2023-07-22T17:02:30.821-0500] {logging_mixin.py:150} INFO - [2023-07-22T17:02:30.821-0500] {dag.py:3504} INFO - Setting next_dagrun for example_branch_datetime_operator_3 to 2023-07-21T00:00:00+00:00, run_after=2023-07-22T00:00:00+00:00
[2023-07-22T17:02:30.912-0500] {processor.py:179} INFO - Processing /Users/abhishekpatkar/Documents/Projects/af_file_loader/venv/lib/python3.11/site-packages/airflow/example_dags/example_branch_datetime_operator.py took 1.521 seconds
[2023-07-22T17:06:48.132-0500] {processor.py:157} INFO - Started process (PID=22373) to work on /Users/abhishekpatkar/Documents/Projects/af_file_loader/venv/lib/python3.11/site-packages/airflow/example_dags/example_branch_datetime_operator.py
[2023-07-22T17:06:48.137-0500] {processor.py:826} INFO - Processing file /Users/abhishekpatkar/Documents/Projects/af_file_loader/venv/lib/python3.11/site-packages/airflow/example_dags/example_branch_datetime_operator.py for tasks to queue
[2023-07-22T17:06:48.137-0500] {logging_mixin.py:150} INFO - [2023-07-22T17:06:48.137-0500] {dagbag.py:541} INFO - Filling up the DagBag from /Users/abhishekpatkar/Documents/Projects/af_file_loader/venv/lib/python3.11/site-packages/airflow/example_dags/example_branch_datetime_operator.py
[2023-07-22T17:06:48.161-0500] {processor.py:836} INFO - DAG(s) dict_keys(['example_branch_datetime_operator_3', 'example_branch_datetime_operator_2', 'example_branch_datetime_operator']) retrieved from /Users/abhishekpatkar/Documents/Projects/af_file_loader/venv/lib/python3.11/site-packages/airflow/example_dags/example_branch_datetime_operator.py
[2023-07-22T17:06:48.947-0500] {logging_mixin.py:150} INFO - [2023-07-22T17:06:48.946-0500] {dag.py:2742} INFO - Sync 3 DAGs
[2023-07-22T17:06:48.971-0500] {logging_mixin.py:150} INFO - [2023-07-22T17:06:48.970-0500] {dag.py:3504} INFO - Setting next_dagrun for example_branch_datetime_operator to 2023-07-21T00:00:00+00:00, run_after=2023-07-22T00:00:00+00:00
[2023-07-22T17:06:48.976-0500] {logging_mixin.py:150} INFO - [2023-07-22T17:06:48.976-0500] {dag.py:3504} INFO - Setting next_dagrun for example_branch_datetime_operator_2 to 2023-07-21T00:00:00+00:00, run_after=2023-07-22T00:00:00+00:00
[2023-07-22T17:06:48.981-0500] {logging_mixin.py:150} INFO - [2023-07-22T17:06:48.980-0500] {dag.py:3504} INFO - Setting next_dagrun for example_branch_datetime_operator_3 to 2023-07-21T00:00:00+00:00, run_after=2023-07-22T00:00:00+00:00
[2023-07-22T17:06:49.007-0500] {processor.py:179} INFO - Processing /Users/abhishekpatkar/Documents/Projects/af_file_loader/venv/lib/python3.11/site-packages/airflow/example_dags/example_branch_datetime_operator.py took 0.876 seconds
[2023-07-22T17:10:49.629-0500] {processor.py:157} INFO - Started process (PID=22538) to work on /Users/abhishekpatkar/Documents/Projects/af_file_loader/venv/lib/python3.11/site-packages/airflow/example_dags/example_branch_datetime_operator.py
[2023-07-22T17:10:49.634-0500] {processor.py:826} INFO - Processing file /Users/abhishekpatkar/Documents/Projects/af_file_loader/venv/lib/python3.11/site-packages/airflow/example_dags/example_branch_datetime_operator.py for tasks to queue
[2023-07-22T17:10:49.635-0500] {logging_mixin.py:150} INFO - [2023-07-22T17:10:49.634-0500] {dagbag.py:541} INFO - Filling up the DagBag from /Users/abhishekpatkar/Documents/Projects/af_file_loader/venv/lib/python3.11/site-packages/airflow/example_dags/example_branch_datetime_operator.py
[2023-07-22T17:10:49.660-0500] {processor.py:836} INFO - DAG(s) dict_keys(['example_branch_datetime_operator', 'example_branch_datetime_operator_3', 'example_branch_datetime_operator_2']) retrieved from /Users/abhishekpatkar/Documents/Projects/af_file_loader/venv/lib/python3.11/site-packages/airflow/example_dags/example_branch_datetime_operator.py
[2023-07-22T17:10:50.396-0500] {logging_mixin.py:150} INFO - [2023-07-22T17:10:50.396-0500] {dag.py:2742} INFO - Sync 3 DAGs
[2023-07-22T17:10:50.416-0500] {logging_mixin.py:150} INFO - [2023-07-22T17:10:50.416-0500] {dag.py:3504} INFO - Setting next_dagrun for example_branch_datetime_operator to 2023-07-21T00:00:00+00:00, run_after=2023-07-22T00:00:00+00:00
[2023-07-22T17:10:50.422-0500] {logging_mixin.py:150} INFO - [2023-07-22T17:10:50.422-0500] {dag.py:3504} INFO - Setting next_dagrun for example_branch_datetime_operator_2 to 2023-07-21T00:00:00+00:00, run_after=2023-07-22T00:00:00+00:00
[2023-07-22T17:10:50.424-0500] {logging_mixin.py:150} INFO - [2023-07-22T17:10:50.424-0500] {dag.py:3504} INFO - Setting next_dagrun for example_branch_datetime_operator_3 to 2023-07-21T00:00:00+00:00, run_after=2023-07-22T00:00:00+00:00
[2023-07-22T17:10:50.443-0500] {processor.py:179} INFO - Processing /Users/abhishekpatkar/Documents/Projects/af_file_loader/venv/lib/python3.11/site-packages/airflow/example_dags/example_branch_datetime_operator.py took 0.815 seconds
[2023-07-22T17:14:47.586-0500] {processor.py:157} INFO - Started process (PID=22688) to work on /Users/abhishekpatkar/Documents/Projects/af_file_loader/venv/lib/python3.11/site-packages/airflow/example_dags/example_branch_datetime_operator.py
[2023-07-22T17:14:47.591-0500] {processor.py:826} INFO - Processing file /Users/abhishekpatkar/Documents/Projects/af_file_loader/venv/lib/python3.11/site-packages/airflow/example_dags/example_branch_datetime_operator.py for tasks to queue
[2023-07-22T17:14:47.592-0500] {logging_mixin.py:150} INFO - [2023-07-22T17:14:47.592-0500] {dagbag.py:541} INFO - Filling up the DagBag from /Users/abhishekpatkar/Documents/Projects/af_file_loader/venv/lib/python3.11/site-packages/airflow/example_dags/example_branch_datetime_operator.py
[2023-07-22T17:14:47.617-0500] {processor.py:836} INFO - DAG(s) dict_keys(['example_branch_datetime_operator_2', 'example_branch_datetime_operator', 'example_branch_datetime_operator_3']) retrieved from /Users/abhishekpatkar/Documents/Projects/af_file_loader/venv/lib/python3.11/site-packages/airflow/example_dags/example_branch_datetime_operator.py
[2023-07-22T17:14:48.387-0500] {logging_mixin.py:150} INFO - [2023-07-22T17:14:48.386-0500] {dag.py:2742} INFO - Sync 3 DAGs
[2023-07-22T17:14:48.415-0500] {logging_mixin.py:150} INFO - [2023-07-22T17:14:48.415-0500] {dag.py:3504} INFO - Setting next_dagrun for example_branch_datetime_operator to 2023-07-21T00:00:00+00:00, run_after=2023-07-22T00:00:00+00:00
[2023-07-22T17:14:48.423-0500] {logging_mixin.py:150} INFO - [2023-07-22T17:14:48.423-0500] {dag.py:3504} INFO - Setting next_dagrun for example_branch_datetime_operator_2 to 2023-07-21T00:00:00+00:00, run_after=2023-07-22T00:00:00+00:00
[2023-07-22T17:14:48.427-0500] {logging_mixin.py:150} INFO - [2023-07-22T17:14:48.427-0500] {dag.py:3504} INFO - Setting next_dagrun for example_branch_datetime_operator_3 to 2023-07-21T00:00:00+00:00, run_after=2023-07-22T00:00:00+00:00
[2023-07-22T17:14:48.464-0500] {processor.py:179} INFO - Processing /Users/abhishekpatkar/Documents/Projects/af_file_loader/venv/lib/python3.11/site-packages/airflow/example_dags/example_branch_datetime_operator.py took 0.878 seconds
[2023-07-22T17:19:38.179-0500] {processor.py:157} INFO - Started process (PID=22913) to work on /Users/abhishekpatkar/Documents/Projects/af_file_loader/venv/lib/python3.11/site-packages/airflow/example_dags/example_branch_datetime_operator.py
[2023-07-22T17:19:38.187-0500] {processor.py:826} INFO - Processing file /Users/abhishekpatkar/Documents/Projects/af_file_loader/venv/lib/python3.11/site-packages/airflow/example_dags/example_branch_datetime_operator.py for tasks to queue
[2023-07-22T17:19:38.188-0500] {logging_mixin.py:150} INFO - [2023-07-22T17:19:38.188-0500] {dagbag.py:541} INFO - Filling up the DagBag from /Users/abhishekpatkar/Documents/Projects/af_file_loader/venv/lib/python3.11/site-packages/airflow/example_dags/example_branch_datetime_operator.py
[2023-07-22T17:19:38.218-0500] {processor.py:836} INFO - DAG(s) dict_keys(['example_branch_datetime_operator_2', 'example_branch_datetime_operator_3', 'example_branch_datetime_operator']) retrieved from /Users/abhishekpatkar/Documents/Projects/af_file_loader/venv/lib/python3.11/site-packages/airflow/example_dags/example_branch_datetime_operator.py
[2023-07-22T17:19:38.946-0500] {logging_mixin.py:150} INFO - [2023-07-22T17:19:38.945-0500] {dag.py:2742} INFO - Sync 3 DAGs
[2023-07-22T17:19:38.966-0500] {logging_mixin.py:150} INFO - [2023-07-22T17:19:38.966-0500] {dag.py:3504} INFO - Setting next_dagrun for example_branch_datetime_operator to 2023-07-21T00:00:00+00:00, run_after=2023-07-22T00:00:00+00:00
[2023-07-22T17:19:38.971-0500] {logging_mixin.py:150} INFO - [2023-07-22T17:19:38.971-0500] {dag.py:3504} INFO - Setting next_dagrun for example_branch_datetime_operator_2 to 2023-07-21T00:00:00+00:00, run_after=2023-07-22T00:00:00+00:00
[2023-07-22T17:19:38.973-0500] {logging_mixin.py:150} INFO - [2023-07-22T17:19:38.973-0500] {dag.py:3504} INFO - Setting next_dagrun for example_branch_datetime_operator_3 to 2023-07-21T00:00:00+00:00, run_after=2023-07-22T00:00:00+00:00
[2023-07-22T17:19:38.990-0500] {processor.py:179} INFO - Processing /Users/abhishekpatkar/Documents/Projects/af_file_loader/venv/lib/python3.11/site-packages/airflow/example_dags/example_branch_datetime_operator.py took 0.812 seconds
[2023-07-22T17:24:51.196-0500] {processor.py:157} INFO - Started process (PID=23159) to work on /Users/abhishekpatkar/Documents/Projects/af_file_loader/venv/lib/python3.11/site-packages/airflow/example_dags/example_branch_datetime_operator.py
[2023-07-22T17:24:51.208-0500] {processor.py:826} INFO - Processing file /Users/abhishekpatkar/Documents/Projects/af_file_loader/venv/lib/python3.11/site-packages/airflow/example_dags/example_branch_datetime_operator.py for tasks to queue
[2023-07-22T17:24:51.209-0500] {logging_mixin.py:150} INFO - [2023-07-22T17:24:51.209-0500] {dagbag.py:541} INFO - Filling up the DagBag from /Users/abhishekpatkar/Documents/Projects/af_file_loader/venv/lib/python3.11/site-packages/airflow/example_dags/example_branch_datetime_operator.py
[2023-07-22T17:24:51.292-0500] {processor.py:836} INFO - DAG(s) dict_keys(['example_branch_datetime_operator_3', 'example_branch_datetime_operator', 'example_branch_datetime_operator_2']) retrieved from /Users/abhishekpatkar/Documents/Projects/af_file_loader/venv/lib/python3.11/site-packages/airflow/example_dags/example_branch_datetime_operator.py
[2023-07-22T17:24:54.105-0500] {logging_mixin.py:150} INFO - [2023-07-22T17:24:54.104-0500] {dag.py:2742} INFO - Sync 3 DAGs
[2023-07-22T17:24:54.177-0500] {logging_mixin.py:150} INFO - [2023-07-22T17:24:54.171-0500] {dag.py:3504} INFO - Setting next_dagrun for example_branch_datetime_operator to 2023-07-21T00:00:00+00:00, run_after=2023-07-22T00:00:00+00:00
[2023-07-22T17:24:54.194-0500] {logging_mixin.py:150} INFO - [2023-07-22T17:24:54.193-0500] {dag.py:3504} INFO - Setting next_dagrun for example_branch_datetime_operator_2 to 2023-07-21T00:00:00+00:00, run_after=2023-07-22T00:00:00+00:00
[2023-07-22T17:24:54.206-0500] {logging_mixin.py:150} INFO - [2023-07-22T17:24:54.206-0500] {dag.py:3504} INFO - Setting next_dagrun for example_branch_datetime_operator_3 to 2023-07-21T00:00:00+00:00, run_after=2023-07-22T00:00:00+00:00
[2023-07-22T17:24:54.258-0500] {processor.py:179} INFO - Processing /Users/abhishekpatkar/Documents/Projects/af_file_loader/venv/lib/python3.11/site-packages/airflow/example_dags/example_branch_datetime_operator.py took 3.064 seconds
[2023-07-22T17:32:10.692-0500] {processor.py:157} INFO - Started process (PID=23430) to work on /Users/abhishekpatkar/Documents/Projects/af_file_loader/venv/lib/python3.11/site-packages/airflow/example_dags/example_branch_datetime_operator.py
[2023-07-22T17:32:10.698-0500] {processor.py:826} INFO - Processing file /Users/abhishekpatkar/Documents/Projects/af_file_loader/venv/lib/python3.11/site-packages/airflow/example_dags/example_branch_datetime_operator.py for tasks to queue
[2023-07-22T17:32:10.699-0500] {logging_mixin.py:150} INFO - [2023-07-22T17:32:10.699-0500] {dagbag.py:541} INFO - Filling up the DagBag from /Users/abhishekpatkar/Documents/Projects/af_file_loader/venv/lib/python3.11/site-packages/airflow/example_dags/example_branch_datetime_operator.py
[2023-07-22T17:32:10.725-0500] {processor.py:836} INFO - DAG(s) dict_keys(['example_branch_datetime_operator_3', 'example_branch_datetime_operator_2', 'example_branch_datetime_operator']) retrieved from /Users/abhishekpatkar/Documents/Projects/af_file_loader/venv/lib/python3.11/site-packages/airflow/example_dags/example_branch_datetime_operator.py
[2023-07-22T17:32:11.446-0500] {logging_mixin.py:150} INFO - [2023-07-22T17:32:11.445-0500] {dag.py:2742} INFO - Sync 3 DAGs
[2023-07-22T17:32:11.463-0500] {logging_mixin.py:150} INFO - [2023-07-22T17:32:11.463-0500] {dag.py:3504} INFO - Setting next_dagrun for example_branch_datetime_operator to 2023-07-21T00:00:00+00:00, run_after=2023-07-22T00:00:00+00:00
[2023-07-22T17:32:11.468-0500] {logging_mixin.py:150} INFO - [2023-07-22T17:32:11.467-0500] {dag.py:3504} INFO - Setting next_dagrun for example_branch_datetime_operator_2 to 2023-07-21T00:00:00+00:00, run_after=2023-07-22T00:00:00+00:00
[2023-07-22T17:32:11.470-0500] {logging_mixin.py:150} INFO - [2023-07-22T17:32:11.470-0500] {dag.py:3504} INFO - Setting next_dagrun for example_branch_datetime_operator_3 to 2023-07-21T00:00:00+00:00, run_after=2023-07-22T00:00:00+00:00
[2023-07-22T17:32:11.487-0500] {processor.py:179} INFO - Processing /Users/abhishekpatkar/Documents/Projects/af_file_loader/venv/lib/python3.11/site-packages/airflow/example_dags/example_branch_datetime_operator.py took 0.796 seconds
[2023-07-22T17:36:27.383-0500] {processor.py:157} INFO - Started process (PID=23592) to work on /Users/abhishekpatkar/Documents/Projects/af_file_loader/venv/lib/python3.11/site-packages/airflow/example_dags/example_branch_datetime_operator.py
[2023-07-22T17:36:27.395-0500] {processor.py:826} INFO - Processing file /Users/abhishekpatkar/Documents/Projects/af_file_loader/venv/lib/python3.11/site-packages/airflow/example_dags/example_branch_datetime_operator.py for tasks to queue
[2023-07-22T17:36:27.398-0500] {logging_mixin.py:150} INFO - [2023-07-22T17:36:27.397-0500] {dagbag.py:541} INFO - Filling up the DagBag from /Users/abhishekpatkar/Documents/Projects/af_file_loader/venv/lib/python3.11/site-packages/airflow/example_dags/example_branch_datetime_operator.py
[2023-07-22T17:36:27.499-0500] {processor.py:836} INFO - DAG(s) dict_keys(['example_branch_datetime_operator_3', 'example_branch_datetime_operator_2', 'example_branch_datetime_operator']) retrieved from /Users/abhishekpatkar/Documents/Projects/af_file_loader/venv/lib/python3.11/site-packages/airflow/example_dags/example_branch_datetime_operator.py
[2023-07-22T17:36:29.565-0500] {logging_mixin.py:150} INFO - [2023-07-22T17:36:29.564-0500] {dag.py:2742} INFO - Sync 3 DAGs
[2023-07-22T17:36:29.604-0500] {logging_mixin.py:150} INFO - [2023-07-22T17:36:29.604-0500] {dag.py:3504} INFO - Setting next_dagrun for example_branch_datetime_operator to 2023-07-21T00:00:00+00:00, run_after=2023-07-22T00:00:00+00:00
[2023-07-22T17:36:29.614-0500] {logging_mixin.py:150} INFO - [2023-07-22T17:36:29.613-0500] {dag.py:3504} INFO - Setting next_dagrun for example_branch_datetime_operator_2 to 2023-07-21T00:00:00+00:00, run_after=2023-07-22T00:00:00+00:00
[2023-07-22T17:36:29.616-0500] {logging_mixin.py:150} INFO - [2023-07-22T17:36:29.616-0500] {dag.py:3504} INFO - Setting next_dagrun for example_branch_datetime_operator_3 to 2023-07-21T00:00:00+00:00, run_after=2023-07-22T00:00:00+00:00
[2023-07-22T17:36:29.652-0500] {processor.py:179} INFO - Processing /Users/abhishekpatkar/Documents/Projects/af_file_loader/venv/lib/python3.11/site-packages/airflow/example_dags/example_branch_datetime_operator.py took 2.271 seconds
[2023-07-22T17:49:56.514-0500] {processor.py:157} INFO - Started process (PID=24167) to work on /Users/abhishekpatkar/Documents/Projects/af_file_loader/venv/lib/python3.11/site-packages/airflow/example_dags/example_branch_datetime_operator.py
[2023-07-22T17:49:56.521-0500] {processor.py:826} INFO - Processing file /Users/abhishekpatkar/Documents/Projects/af_file_loader/venv/lib/python3.11/site-packages/airflow/example_dags/example_branch_datetime_operator.py for tasks to queue
[2023-07-22T17:49:56.522-0500] {logging_mixin.py:150} INFO - [2023-07-22T17:49:56.522-0500] {dagbag.py:541} INFO - Filling up the DagBag from /Users/abhishekpatkar/Documents/Projects/af_file_loader/venv/lib/python3.11/site-packages/airflow/example_dags/example_branch_datetime_operator.py
[2023-07-22T17:49:56.610-0500] {processor.py:836} INFO - DAG(s) dict_keys(['example_branch_datetime_operator', 'example_branch_datetime_operator_3', 'example_branch_datetime_operator_2']) retrieved from /Users/abhishekpatkar/Documents/Projects/af_file_loader/venv/lib/python3.11/site-packages/airflow/example_dags/example_branch_datetime_operator.py
[2023-07-22T17:49:58.065-0500] {logging_mixin.py:150} INFO - [2023-07-22T17:49:58.065-0500] {dag.py:2742} INFO - Sync 3 DAGs
[2023-07-22T17:49:58.090-0500] {logging_mixin.py:150} INFO - [2023-07-22T17:49:58.090-0500] {dag.py:3504} INFO - Setting next_dagrun for example_branch_datetime_operator to 2023-07-21T00:00:00+00:00, run_after=2023-07-22T00:00:00+00:00
[2023-07-22T17:49:58.096-0500] {logging_mixin.py:150} INFO - [2023-07-22T17:49:58.095-0500] {dag.py:3504} INFO - Setting next_dagrun for example_branch_datetime_operator_2 to 2023-07-21T00:00:00+00:00, run_after=2023-07-22T00:00:00+00:00
[2023-07-22T17:49:58.098-0500] {logging_mixin.py:150} INFO - [2023-07-22T17:49:58.098-0500] {dag.py:3504} INFO - Setting next_dagrun for example_branch_datetime_operator_3 to 2023-07-21T00:00:00+00:00, run_after=2023-07-22T00:00:00+00:00
[2023-07-22T17:49:58.117-0500] {processor.py:179} INFO - Processing /Users/abhishekpatkar/Documents/Projects/af_file_loader/venv/lib/python3.11/site-packages/airflow/example_dags/example_branch_datetime_operator.py took 1.605 seconds
[2023-07-22T17:59:47.791-0500] {processor.py:157} INFO - Started process (PID=24661) to work on /Users/abhishekpatkar/Documents/Projects/af_file_loader/venv/lib/python3.11/site-packages/airflow/example_dags/example_branch_datetime_operator.py
[2023-07-22T17:59:47.795-0500] {processor.py:826} INFO - Processing file /Users/abhishekpatkar/Documents/Projects/af_file_loader/venv/lib/python3.11/site-packages/airflow/example_dags/example_branch_datetime_operator.py for tasks to queue
[2023-07-22T17:59:47.796-0500] {logging_mixin.py:150} INFO - [2023-07-22T17:59:47.796-0500] {dagbag.py:541} INFO - Filling up the DagBag from /Users/abhishekpatkar/Documents/Projects/af_file_loader/venv/lib/python3.11/site-packages/airflow/example_dags/example_branch_datetime_operator.py
[2023-07-22T17:59:47.866-0500] {processor.py:836} INFO - DAG(s) dict_keys(['example_branch_datetime_operator_2', 'example_branch_datetime_operator_3', 'example_branch_datetime_operator']) retrieved from /Users/abhishekpatkar/Documents/Projects/af_file_loader/venv/lib/python3.11/site-packages/airflow/example_dags/example_branch_datetime_operator.py
[2023-07-22T17:59:49.557-0500] {logging_mixin.py:150} INFO - [2023-07-22T17:59:49.556-0500] {dag.py:2742} INFO - Sync 3 DAGs
[2023-07-22T17:59:49.606-0500] {logging_mixin.py:150} INFO - [2023-07-22T17:59:49.605-0500] {dag.py:3504} INFO - Setting next_dagrun for example_branch_datetime_operator to 2023-07-21T00:00:00+00:00, run_after=2023-07-22T00:00:00+00:00
[2023-07-22T17:59:49.639-0500] {logging_mixin.py:150} INFO - [2023-07-22T17:59:49.639-0500] {dag.py:3504} INFO - Setting next_dagrun for example_branch_datetime_operator_2 to 2023-07-21T00:00:00+00:00, run_after=2023-07-22T00:00:00+00:00
[2023-07-22T17:59:49.659-0500] {logging_mixin.py:150} INFO - [2023-07-22T17:59:49.659-0500] {dag.py:3504} INFO - Setting next_dagrun for example_branch_datetime_operator_3 to 2023-07-21T00:00:00+00:00, run_after=2023-07-22T00:00:00+00:00
[2023-07-22T17:59:49.730-0500] {processor.py:179} INFO - Processing /Users/abhishekpatkar/Documents/Projects/af_file_loader/venv/lib/python3.11/site-packages/airflow/example_dags/example_branch_datetime_operator.py took 1.940 seconds
[2023-07-22T18:07:01.685-0500] {processor.py:157} INFO - Started process (PID=24911) to work on /Users/abhishekpatkar/Documents/Projects/af_file_loader/venv/lib/python3.11/site-packages/airflow/example_dags/example_branch_datetime_operator.py
[2023-07-22T18:07:01.691-0500] {processor.py:826} INFO - Processing file /Users/abhishekpatkar/Documents/Projects/af_file_loader/venv/lib/python3.11/site-packages/airflow/example_dags/example_branch_datetime_operator.py for tasks to queue
[2023-07-22T18:07:01.691-0500] {logging_mixin.py:150} INFO - [2023-07-22T18:07:01.691-0500] {dagbag.py:541} INFO - Filling up the DagBag from /Users/abhishekpatkar/Documents/Projects/af_file_loader/venv/lib/python3.11/site-packages/airflow/example_dags/example_branch_datetime_operator.py
[2023-07-22T18:07:01.761-0500] {processor.py:836} INFO - DAG(s) dict_keys(['example_branch_datetime_operator_2', 'example_branch_datetime_operator', 'example_branch_datetime_operator_3']) retrieved from /Users/abhishekpatkar/Documents/Projects/af_file_loader/venv/lib/python3.11/site-packages/airflow/example_dags/example_branch_datetime_operator.py
[2023-07-22T18:07:03.172-0500] {logging_mixin.py:150} INFO - [2023-07-22T18:07:03.172-0500] {dag.py:2742} INFO - Sync 3 DAGs
[2023-07-22T18:07:03.201-0500] {logging_mixin.py:150} INFO - [2023-07-22T18:07:03.201-0500] {dag.py:3504} INFO - Setting next_dagrun for example_branch_datetime_operator to 2023-07-21T00:00:00+00:00, run_after=2023-07-22T00:00:00+00:00
[2023-07-22T18:07:03.206-0500] {logging_mixin.py:150} INFO - [2023-07-22T18:07:03.206-0500] {dag.py:3504} INFO - Setting next_dagrun for example_branch_datetime_operator_2 to 2023-07-21T00:00:00+00:00, run_after=2023-07-22T00:00:00+00:00
[2023-07-22T18:07:03.210-0500] {logging_mixin.py:150} INFO - [2023-07-22T18:07:03.210-0500] {dag.py:3504} INFO - Setting next_dagrun for example_branch_datetime_operator_3 to 2023-07-21T00:00:00+00:00, run_after=2023-07-22T00:00:00+00:00
[2023-07-22T18:07:03.237-0500] {processor.py:179} INFO - Processing /Users/abhishekpatkar/Documents/Projects/af_file_loader/venv/lib/python3.11/site-packages/airflow/example_dags/example_branch_datetime_operator.py took 1.553 seconds
