[2023-07-22T14:52:55.440-0500] {processor.py:157} INFO - Started process (PID=16705) to work on /Users/abhishekpatkar/Documents/Projects/af_file_loader/venv/lib/python3.11/site-packages/airflow/example_dags/example_branch_day_of_week_operator.py
[2023-07-22T14:52:55.444-0500] {processor.py:826} INFO - Processing file /Users/abhishekpatkar/Documents/Projects/af_file_loader/venv/lib/python3.11/site-packages/airflow/example_dags/example_branch_day_of_week_operator.py for tasks to queue
[2023-07-22T14:52:55.445-0500] {logging_mixin.py:150} INFO - [2023-07-22T14:52:55.445-0500] {dagbag.py:541} INFO - Filling up the DagBag from /Users/abhishekpatkar/Documents/Projects/af_file_loader/venv/lib/python3.11/site-packages/airflow/example_dags/example_branch_day_of_week_operator.py
[2023-07-22T14:52:55.481-0500] {processor.py:836} INFO - DAG(s) dict_keys(['example_weekday_branch_operator']) retrieved from /Users/abhishekpatkar/Documents/Projects/af_file_loader/venv/lib/python3.11/site-packages/airflow/example_dags/example_branch_day_of_week_operator.py
[2023-07-22T14:52:56.749-0500] {logging_mixin.py:150} INFO - [2023-07-22T14:52:56.745-0500] {manager.py:504} INFO - Created Permission View: can edit on DAG:example_weekday_branch_operator
[2023-07-22T14:52:56.768-0500] {logging_mixin.py:150} INFO - [2023-07-22T14:52:56.768-0500] {manager.py:504} INFO - Created Permission View: can delete on DAG:example_weekday_branch_operator
[2023-07-22T14:52:56.781-0500] {logging_mixin.py:150} INFO - [2023-07-22T14:52:56.781-0500] {manager.py:504} INFO - Created Permission View: can read on DAG:example_weekday_branch_operator
[2023-07-22T14:52:56.806-0500] {logging_mixin.py:150} INFO - [2023-07-22T14:52:56.805-0500] {dag.py:2742} INFO - Sync 1 DAGs
[2023-07-22T14:52:56.826-0500] {logging_mixin.py:150} INFO - [2023-07-22T14:52:56.825-0500] {dag.py:2763} INFO - Creating ORM DAG for example_weekday_branch_operator
[2023-07-22T14:52:56.843-0500] {logging_mixin.py:150} INFO - [2023-07-22T14:52:56.843-0500] {dag.py:3504} INFO - Setting next_dagrun for example_weekday_branch_operator to 2023-07-21T00:00:00+00:00, run_after=2023-07-22T00:00:00+00:00
[2023-07-22T14:52:56.876-0500] {processor.py:179} INFO - Processing /Users/abhishekpatkar/Documents/Projects/af_file_loader/venv/lib/python3.11/site-packages/airflow/example_dags/example_branch_day_of_week_operator.py took 1.438 seconds
[2023-07-22T14:58:17.386-0500] {processor.py:157} INFO - Started process (PID=17012) to work on /Users/abhishekpatkar/Documents/Projects/af_file_loader/venv/lib/python3.11/site-packages/airflow/example_dags/example_branch_day_of_week_operator.py
[2023-07-22T14:58:17.390-0500] {processor.py:826} INFO - Processing file /Users/abhishekpatkar/Documents/Projects/af_file_loader/venv/lib/python3.11/site-packages/airflow/example_dags/example_branch_day_of_week_operator.py for tasks to queue
[2023-07-22T14:58:17.390-0500] {logging_mixin.py:150} INFO - [2023-07-22T14:58:17.390-0500] {dagbag.py:541} INFO - Filling up the DagBag from /Users/abhishekpatkar/Documents/Projects/af_file_loader/venv/lib/python3.11/site-packages/airflow/example_dags/example_branch_day_of_week_operator.py
[2023-07-22T14:58:17.416-0500] {processor.py:836} INFO - DAG(s) dict_keys(['example_weekday_branch_operator']) retrieved from /Users/abhishekpatkar/Documents/Projects/af_file_loader/venv/lib/python3.11/site-packages/airflow/example_dags/example_branch_day_of_week_operator.py
[2023-07-22T14:58:18.101-0500] {logging_mixin.py:150} INFO - [2023-07-22T14:58:18.101-0500] {dag.py:2742} INFO - Sync 1 DAGs
[2023-07-22T14:58:18.124-0500] {logging_mixin.py:150} INFO - [2023-07-22T14:58:18.124-0500] {dag.py:3504} INFO - Setting next_dagrun for example_weekday_branch_operator to 2023-07-21T00:00:00+00:00, run_after=2023-07-22T00:00:00+00:00
[2023-07-22T14:58:18.143-0500] {processor.py:179} INFO - Processing /Users/abhishekpatkar/Documents/Projects/af_file_loader/venv/lib/python3.11/site-packages/airflow/example_dags/example_branch_day_of_week_operator.py took 0.758 seconds
[2023-07-22T15:03:01.723-0500] {processor.py:157} INFO - Started process (PID=17317) to work on /Users/abhishekpatkar/Documents/Projects/af_file_loader/venv/lib/python3.11/site-packages/airflow/example_dags/example_branch_day_of_week_operator.py
[2023-07-22T15:03:01.728-0500] {processor.py:826} INFO - Processing file /Users/abhishekpatkar/Documents/Projects/af_file_loader/venv/lib/python3.11/site-packages/airflow/example_dags/example_branch_day_of_week_operator.py for tasks to queue
[2023-07-22T15:03:01.729-0500] {logging_mixin.py:150} INFO - [2023-07-22T15:03:01.729-0500] {dagbag.py:541} INFO - Filling up the DagBag from /Users/abhishekpatkar/Documents/Projects/af_file_loader/venv/lib/python3.11/site-packages/airflow/example_dags/example_branch_day_of_week_operator.py
[2023-07-22T15:03:01.753-0500] {processor.py:836} INFO - DAG(s) dict_keys(['example_weekday_branch_operator']) retrieved from /Users/abhishekpatkar/Documents/Projects/af_file_loader/venv/lib/python3.11/site-packages/airflow/example_dags/example_branch_day_of_week_operator.py
[2023-07-22T15:03:02.697-0500] {logging_mixin.py:150} INFO - [2023-07-22T15:03:02.697-0500] {dag.py:2742} INFO - Sync 1 DAGs
[2023-07-22T15:03:02.723-0500] {logging_mixin.py:150} INFO - [2023-07-22T15:03:02.723-0500] {dag.py:3504} INFO - Setting next_dagrun for example_weekday_branch_operator to 2023-07-21T00:00:00+00:00, run_after=2023-07-22T00:00:00+00:00
[2023-07-22T15:03:02.747-0500] {processor.py:179} INFO - Processing /Users/abhishekpatkar/Documents/Projects/af_file_loader/venv/lib/python3.11/site-packages/airflow/example_dags/example_branch_day_of_week_operator.py took 1.025 seconds
[2023-07-22T15:11:44.480-0500] {processor.py:157} INFO - Started process (PID=17840) to work on /Users/abhishekpatkar/Documents/Projects/af_file_loader/venv/lib/python3.11/site-packages/airflow/example_dags/example_branch_day_of_week_operator.py
[2023-07-22T15:11:44.485-0500] {processor.py:826} INFO - Processing file /Users/abhishekpatkar/Documents/Projects/af_file_loader/venv/lib/python3.11/site-packages/airflow/example_dags/example_branch_day_of_week_operator.py for tasks to queue
[2023-07-22T15:11:44.486-0500] {logging_mixin.py:150} INFO - [2023-07-22T15:11:44.486-0500] {dagbag.py:541} INFO - Filling up the DagBag from /Users/abhishekpatkar/Documents/Projects/af_file_loader/venv/lib/python3.11/site-packages/airflow/example_dags/example_branch_day_of_week_operator.py
[2023-07-22T15:11:44.511-0500] {processor.py:836} INFO - DAG(s) dict_keys(['example_weekday_branch_operator']) retrieved from /Users/abhishekpatkar/Documents/Projects/af_file_loader/venv/lib/python3.11/site-packages/airflow/example_dags/example_branch_day_of_week_operator.py
[2023-07-22T15:11:45.590-0500] {logging_mixin.py:150} INFO - [2023-07-22T15:11:45.589-0500] {dag.py:2742} INFO - Sync 1 DAGs
[2023-07-22T15:11:45.628-0500] {logging_mixin.py:150} INFO - [2023-07-22T15:11:45.624-0500] {dag.py:3504} INFO - Setting next_dagrun for example_weekday_branch_operator to 2023-07-21T00:00:00+00:00, run_after=2023-07-22T00:00:00+00:00
[2023-07-22T15:11:45.661-0500] {processor.py:179} INFO - Processing /Users/abhishekpatkar/Documents/Projects/af_file_loader/venv/lib/python3.11/site-packages/airflow/example_dags/example_branch_day_of_week_operator.py took 1.182 seconds
[2023-07-22T15:17:13.612-0500] {processor.py:157} INFO - Started process (PID=18031) to work on /Users/abhishekpatkar/Documents/Projects/af_file_loader/venv/lib/python3.11/site-packages/airflow/example_dags/example_branch_day_of_week_operator.py
[2023-07-22T15:17:13.618-0500] {processor.py:826} INFO - Processing file /Users/abhishekpatkar/Documents/Projects/af_file_loader/venv/lib/python3.11/site-packages/airflow/example_dags/example_branch_day_of_week_operator.py for tasks to queue
[2023-07-22T15:17:13.618-0500] {logging_mixin.py:150} INFO - [2023-07-22T15:17:13.618-0500] {dagbag.py:541} INFO - Filling up the DagBag from /Users/abhishekpatkar/Documents/Projects/af_file_loader/venv/lib/python3.11/site-packages/airflow/example_dags/example_branch_day_of_week_operator.py
[2023-07-22T15:17:13.663-0500] {processor.py:836} INFO - DAG(s) dict_keys(['example_weekday_branch_operator']) retrieved from /Users/abhishekpatkar/Documents/Projects/af_file_loader/venv/lib/python3.11/site-packages/airflow/example_dags/example_branch_day_of_week_operator.py
[2023-07-22T15:17:14.981-0500] {logging_mixin.py:150} INFO - [2023-07-22T15:17:14.981-0500] {dag.py:2742} INFO - Sync 1 DAGs
[2023-07-22T15:17:15.013-0500] {logging_mixin.py:150} INFO - [2023-07-22T15:17:15.013-0500] {dag.py:3504} INFO - Setting next_dagrun for example_weekday_branch_operator to 2023-07-21T00:00:00+00:00, run_after=2023-07-22T00:00:00+00:00
[2023-07-22T15:17:15.045-0500] {processor.py:179} INFO - Processing /Users/abhishekpatkar/Documents/Projects/af_file_loader/venv/lib/python3.11/site-packages/airflow/example_dags/example_branch_day_of_week_operator.py took 1.434 seconds
[2023-07-22T15:22:39.364-0500] {processor.py:157} INFO - Started process (PID=18230) to work on /Users/abhishekpatkar/Documents/Projects/af_file_loader/venv/lib/python3.11/site-packages/airflow/example_dags/example_branch_day_of_week_operator.py
[2023-07-22T15:22:39.377-0500] {processor.py:826} INFO - Processing file /Users/abhishekpatkar/Documents/Projects/af_file_loader/venv/lib/python3.11/site-packages/airflow/example_dags/example_branch_day_of_week_operator.py for tasks to queue
[2023-07-22T15:22:39.378-0500] {logging_mixin.py:150} INFO - [2023-07-22T15:22:39.378-0500] {dagbag.py:541} INFO - Filling up the DagBag from /Users/abhishekpatkar/Documents/Projects/af_file_loader/venv/lib/python3.11/site-packages/airflow/example_dags/example_branch_day_of_week_operator.py
[2023-07-22T15:22:39.414-0500] {processor.py:836} INFO - DAG(s) dict_keys(['example_weekday_branch_operator']) retrieved from /Users/abhishekpatkar/Documents/Projects/af_file_loader/venv/lib/python3.11/site-packages/airflow/example_dags/example_branch_day_of_week_operator.py
[2023-07-22T15:22:40.144-0500] {logging_mixin.py:150} INFO - [2023-07-22T15:22:40.144-0500] {dag.py:2742} INFO - Sync 1 DAGs
[2023-07-22T15:22:40.162-0500] {logging_mixin.py:150} INFO - [2023-07-22T15:22:40.162-0500] {dag.py:3504} INFO - Setting next_dagrun for example_weekday_branch_operator to 2023-07-21T00:00:00+00:00, run_after=2023-07-22T00:00:00+00:00
[2023-07-22T15:22:40.183-0500] {processor.py:179} INFO - Processing /Users/abhishekpatkar/Documents/Projects/af_file_loader/venv/lib/python3.11/site-packages/airflow/example_dags/example_branch_day_of_week_operator.py took 0.827 seconds
[2023-07-22T15:28:06.205-0500] {processor.py:157} INFO - Started process (PID=18601) to work on /Users/abhishekpatkar/Documents/Projects/af_file_loader/venv/lib/python3.11/site-packages/airflow/example_dags/example_branch_day_of_week_operator.py
[2023-07-22T15:28:06.215-0500] {processor.py:826} INFO - Processing file /Users/abhishekpatkar/Documents/Projects/af_file_loader/venv/lib/python3.11/site-packages/airflow/example_dags/example_branch_day_of_week_operator.py for tasks to queue
[2023-07-22T15:28:06.217-0500] {logging_mixin.py:150} INFO - [2023-07-22T15:28:06.216-0500] {dagbag.py:541} INFO - Filling up the DagBag from /Users/abhishekpatkar/Documents/Projects/af_file_loader/venv/lib/python3.11/site-packages/airflow/example_dags/example_branch_day_of_week_operator.py
[2023-07-22T15:28:06.308-0500] {processor.py:836} INFO - DAG(s) dict_keys(['example_weekday_branch_operator']) retrieved from /Users/abhishekpatkar/Documents/Projects/af_file_loader/venv/lib/python3.11/site-packages/airflow/example_dags/example_branch_day_of_week_operator.py
[2023-07-22T15:28:07.947-0500] {logging_mixin.py:150} INFO - [2023-07-22T15:28:07.946-0500] {dag.py:2742} INFO - Sync 1 DAGs
[2023-07-22T15:28:08.070-0500] {logging_mixin.py:150} INFO - [2023-07-22T15:28:08.069-0500] {dag.py:3504} INFO - Setting next_dagrun for example_weekday_branch_operator to 2023-07-21T00:00:00+00:00, run_after=2023-07-22T00:00:00+00:00
[2023-07-22T15:28:08.330-0500] {processor.py:179} INFO - Processing /Users/abhishekpatkar/Documents/Projects/af_file_loader/venv/lib/python3.11/site-packages/airflow/example_dags/example_branch_day_of_week_operator.py took 2.126 seconds
[2023-07-22T15:33:16.322-0500] {processor.py:157} INFO - Started process (PID=18867) to work on /Users/abhishekpatkar/Documents/Projects/af_file_loader/venv/lib/python3.11/site-packages/airflow/example_dags/example_branch_day_of_week_operator.py
[2023-07-22T15:33:16.327-0500] {processor.py:826} INFO - Processing file /Users/abhishekpatkar/Documents/Projects/af_file_loader/venv/lib/python3.11/site-packages/airflow/example_dags/example_branch_day_of_week_operator.py for tasks to queue
[2023-07-22T15:33:16.327-0500] {logging_mixin.py:150} INFO - [2023-07-22T15:33:16.327-0500] {dagbag.py:541} INFO - Filling up the DagBag from /Users/abhishekpatkar/Documents/Projects/af_file_loader/venv/lib/python3.11/site-packages/airflow/example_dags/example_branch_day_of_week_operator.py
[2023-07-22T15:33:16.350-0500] {processor.py:836} INFO - DAG(s) dict_keys(['example_weekday_branch_operator']) retrieved from /Users/abhishekpatkar/Documents/Projects/af_file_loader/venv/lib/python3.11/site-packages/airflow/example_dags/example_branch_day_of_week_operator.py
[2023-07-22T15:33:17.020-0500] {logging_mixin.py:150} INFO - [2023-07-22T15:33:17.020-0500] {dag.py:2742} INFO - Sync 1 DAGs
[2023-07-22T15:33:17.043-0500] {logging_mixin.py:150} INFO - [2023-07-22T15:33:17.043-0500] {dag.py:3504} INFO - Setting next_dagrun for example_weekday_branch_operator to 2023-07-21T00:00:00+00:00, run_after=2023-07-22T00:00:00+00:00
[2023-07-22T15:33:17.066-0500] {processor.py:179} INFO - Processing /Users/abhishekpatkar/Documents/Projects/af_file_loader/venv/lib/python3.11/site-packages/airflow/example_dags/example_branch_day_of_week_operator.py took 0.745 seconds
[2023-07-22T15:37:01.335-0500] {processor.py:157} INFO - Started process (PID=19212) to work on /Users/abhishekpatkar/Documents/Projects/af_file_loader/venv/lib/python3.11/site-packages/airflow/example_dags/example_branch_day_of_week_operator.py
[2023-07-22T15:37:01.340-0500] {processor.py:826} INFO - Processing file /Users/abhishekpatkar/Documents/Projects/af_file_loader/venv/lib/python3.11/site-packages/airflow/example_dags/example_branch_day_of_week_operator.py for tasks to queue
[2023-07-22T15:37:01.341-0500] {logging_mixin.py:150} INFO - [2023-07-22T15:37:01.340-0500] {dagbag.py:541} INFO - Filling up the DagBag from /Users/abhishekpatkar/Documents/Projects/af_file_loader/venv/lib/python3.11/site-packages/airflow/example_dags/example_branch_day_of_week_operator.py
[2023-07-22T15:37:01.362-0500] {processor.py:836} INFO - DAG(s) dict_keys(['example_weekday_branch_operator']) retrieved from /Users/abhishekpatkar/Documents/Projects/af_file_loader/venv/lib/python3.11/site-packages/airflow/example_dags/example_branch_day_of_week_operator.py
[2023-07-22T15:37:02.088-0500] {logging_mixin.py:150} INFO - [2023-07-22T15:37:02.088-0500] {dag.py:2742} INFO - Sync 1 DAGs
[2023-07-22T15:37:02.106-0500] {logging_mixin.py:150} INFO - [2023-07-22T15:37:02.106-0500] {dag.py:3504} INFO - Setting next_dagrun for example_weekday_branch_operator to 2023-07-21T00:00:00+00:00, run_after=2023-07-22T00:00:00+00:00
[2023-07-22T15:37:02.123-0500] {processor.py:179} INFO - Processing /Users/abhishekpatkar/Documents/Projects/af_file_loader/venv/lib/python3.11/site-packages/airflow/example_dags/example_branch_day_of_week_operator.py took 0.789 seconds
[2023-07-22T15:51:24.006-0500] {processor.py:157} INFO - Started process (PID=19711) to work on /Users/abhishekpatkar/Documents/Projects/af_file_loader/venv/lib/python3.11/site-packages/airflow/example_dags/example_branch_day_of_week_operator.py
[2023-07-22T15:51:24.011-0500] {processor.py:826} INFO - Processing file /Users/abhishekpatkar/Documents/Projects/af_file_loader/venv/lib/python3.11/site-packages/airflow/example_dags/example_branch_day_of_week_operator.py for tasks to queue
[2023-07-22T15:51:24.011-0500] {logging_mixin.py:150} INFO - [2023-07-22T15:51:24.011-0500] {dagbag.py:541} INFO - Filling up the DagBag from /Users/abhishekpatkar/Documents/Projects/af_file_loader/venv/lib/python3.11/site-packages/airflow/example_dags/example_branch_day_of_week_operator.py
[2023-07-22T15:51:24.038-0500] {processor.py:836} INFO - DAG(s) dict_keys(['example_weekday_branch_operator']) retrieved from /Users/abhishekpatkar/Documents/Projects/af_file_loader/venv/lib/python3.11/site-packages/airflow/example_dags/example_branch_day_of_week_operator.py
[2023-07-22T15:51:25.385-0500] {logging_mixin.py:150} INFO - [2023-07-22T15:51:25.384-0500] {dag.py:2742} INFO - Sync 1 DAGs
[2023-07-22T15:51:25.406-0500] {logging_mixin.py:150} INFO - [2023-07-22T15:51:25.406-0500] {dag.py:3504} INFO - Setting next_dagrun for example_weekday_branch_operator to 2023-07-21T00:00:00+00:00, run_after=2023-07-22T00:00:00+00:00
[2023-07-22T15:51:25.433-0500] {processor.py:179} INFO - Processing /Users/abhishekpatkar/Documents/Projects/af_file_loader/venv/lib/python3.11/site-packages/airflow/example_dags/example_branch_day_of_week_operator.py took 1.428 seconds
[2023-07-22T15:56:43.182-0500] {processor.py:157} INFO - Started process (PID=20123) to work on /Users/abhishekpatkar/Documents/Projects/af_file_loader/venv/lib/python3.11/site-packages/airflow/example_dags/example_branch_day_of_week_operator.py
[2023-07-22T15:56:43.186-0500] {processor.py:826} INFO - Processing file /Users/abhishekpatkar/Documents/Projects/af_file_loader/venv/lib/python3.11/site-packages/airflow/example_dags/example_branch_day_of_week_operator.py for tasks to queue
[2023-07-22T15:56:43.187-0500] {logging_mixin.py:150} INFO - [2023-07-22T15:56:43.187-0500] {dagbag.py:541} INFO - Filling up the DagBag from /Users/abhishekpatkar/Documents/Projects/af_file_loader/venv/lib/python3.11/site-packages/airflow/example_dags/example_branch_day_of_week_operator.py
[2023-07-22T15:56:43.213-0500] {processor.py:836} INFO - DAG(s) dict_keys(['example_weekday_branch_operator']) retrieved from /Users/abhishekpatkar/Documents/Projects/af_file_loader/venv/lib/python3.11/site-packages/airflow/example_dags/example_branch_day_of_week_operator.py
[2023-07-22T15:56:44.315-0500] {logging_mixin.py:150} INFO - [2023-07-22T15:56:44.315-0500] {dag.py:2742} INFO - Sync 1 DAGs
[2023-07-22T15:56:44.341-0500] {logging_mixin.py:150} INFO - [2023-07-22T15:56:44.341-0500] {dag.py:3504} INFO - Setting next_dagrun for example_weekday_branch_operator to 2023-07-21T00:00:00+00:00, run_after=2023-07-22T00:00:00+00:00
[2023-07-22T15:56:44.368-0500] {processor.py:179} INFO - Processing /Users/abhishekpatkar/Documents/Projects/af_file_loader/venv/lib/python3.11/site-packages/airflow/example_dags/example_branch_day_of_week_operator.py took 1.187 seconds
[2023-07-22T16:01:43.124-0500] {processor.py:157} INFO - Started process (PID=20360) to work on /Users/abhishekpatkar/Documents/Projects/af_file_loader/venv/lib/python3.11/site-packages/airflow/example_dags/example_branch_day_of_week_operator.py
[2023-07-22T16:01:43.128-0500] {processor.py:826} INFO - Processing file /Users/abhishekpatkar/Documents/Projects/af_file_loader/venv/lib/python3.11/site-packages/airflow/example_dags/example_branch_day_of_week_operator.py for tasks to queue
[2023-07-22T16:01:43.129-0500] {logging_mixin.py:150} INFO - [2023-07-22T16:01:43.129-0500] {dagbag.py:541} INFO - Filling up the DagBag from /Users/abhishekpatkar/Documents/Projects/af_file_loader/venv/lib/python3.11/site-packages/airflow/example_dags/example_branch_day_of_week_operator.py
[2023-07-22T16:01:43.160-0500] {processor.py:836} INFO - DAG(s) dict_keys(['example_weekday_branch_operator']) retrieved from /Users/abhishekpatkar/Documents/Projects/af_file_loader/venv/lib/python3.11/site-packages/airflow/example_dags/example_branch_day_of_week_operator.py
[2023-07-22T16:01:44.306-0500] {logging_mixin.py:150} INFO - [2023-07-22T16:01:44.305-0500] {dag.py:2742} INFO - Sync 1 DAGs
[2023-07-22T16:01:44.328-0500] {logging_mixin.py:150} INFO - [2023-07-22T16:01:44.328-0500] {dag.py:3504} INFO - Setting next_dagrun for example_weekday_branch_operator to 2023-07-21T00:00:00+00:00, run_after=2023-07-22T00:00:00+00:00
[2023-07-22T16:01:44.353-0500] {processor.py:179} INFO - Processing /Users/abhishekpatkar/Documents/Projects/af_file_loader/venv/lib/python3.11/site-packages/airflow/example_dags/example_branch_day_of_week_operator.py took 1.230 seconds
[2023-07-22T16:05:33.497-0500] {processor.py:157} INFO - Started process (PID=20520) to work on /Users/abhishekpatkar/Documents/Projects/af_file_loader/venv/lib/python3.11/site-packages/airflow/example_dags/example_branch_day_of_week_operator.py
[2023-07-22T16:05:33.504-0500] {processor.py:826} INFO - Processing file /Users/abhishekpatkar/Documents/Projects/af_file_loader/venv/lib/python3.11/site-packages/airflow/example_dags/example_branch_day_of_week_operator.py for tasks to queue
[2023-07-22T16:05:33.505-0500] {logging_mixin.py:150} INFO - [2023-07-22T16:05:33.505-0500] {dagbag.py:541} INFO - Filling up the DagBag from /Users/abhishekpatkar/Documents/Projects/af_file_loader/venv/lib/python3.11/site-packages/airflow/example_dags/example_branch_day_of_week_operator.py
[2023-07-22T16:05:33.530-0500] {processor.py:836} INFO - DAG(s) dict_keys(['example_weekday_branch_operator']) retrieved from /Users/abhishekpatkar/Documents/Projects/af_file_loader/venv/lib/python3.11/site-packages/airflow/example_dags/example_branch_day_of_week_operator.py
[2023-07-22T16:05:34.192-0500] {logging_mixin.py:150} INFO - [2023-07-22T16:05:34.192-0500] {dag.py:2742} INFO - Sync 1 DAGs
[2023-07-22T16:05:34.209-0500] {logging_mixin.py:150} INFO - [2023-07-22T16:05:34.209-0500] {dag.py:3504} INFO - Setting next_dagrun for example_weekday_branch_operator to 2023-07-21T00:00:00+00:00, run_after=2023-07-22T00:00:00+00:00
[2023-07-22T16:05:34.228-0500] {processor.py:179} INFO - Processing /Users/abhishekpatkar/Documents/Projects/af_file_loader/venv/lib/python3.11/site-packages/airflow/example_dags/example_branch_day_of_week_operator.py took 0.732 seconds
[2023-07-22T16:09:15.362-0500] {processor.py:157} INFO - Started process (PID=20686) to work on /Users/abhishekpatkar/Documents/Projects/af_file_loader/venv/lib/python3.11/site-packages/airflow/example_dags/example_branch_day_of_week_operator.py
[2023-07-22T16:09:15.366-0500] {processor.py:826} INFO - Processing file /Users/abhishekpatkar/Documents/Projects/af_file_loader/venv/lib/python3.11/site-packages/airflow/example_dags/example_branch_day_of_week_operator.py for tasks to queue
[2023-07-22T16:09:15.366-0500] {logging_mixin.py:150} INFO - [2023-07-22T16:09:15.366-0500] {dagbag.py:541} INFO - Filling up the DagBag from /Users/abhishekpatkar/Documents/Projects/af_file_loader/venv/lib/python3.11/site-packages/airflow/example_dags/example_branch_day_of_week_operator.py
[2023-07-22T16:09:15.387-0500] {processor.py:836} INFO - DAG(s) dict_keys(['example_weekday_branch_operator']) retrieved from /Users/abhishekpatkar/Documents/Projects/af_file_loader/venv/lib/python3.11/site-packages/airflow/example_dags/example_branch_day_of_week_operator.py
[2023-07-22T16:09:16.202-0500] {logging_mixin.py:150} INFO - [2023-07-22T16:09:16.202-0500] {dag.py:2742} INFO - Sync 1 DAGs
[2023-07-22T16:09:16.247-0500] {logging_mixin.py:150} INFO - [2023-07-22T16:09:16.247-0500] {dag.py:3504} INFO - Setting next_dagrun for example_weekday_branch_operator to 2023-07-21T00:00:00+00:00, run_after=2023-07-22T00:00:00+00:00
[2023-07-22T16:09:16.266-0500] {processor.py:179} INFO - Processing /Users/abhishekpatkar/Documents/Projects/af_file_loader/venv/lib/python3.11/site-packages/airflow/example_dags/example_branch_day_of_week_operator.py took 0.905 seconds
[2023-07-22T16:24:57.332-0500] {processor.py:157} INFO - Started process (PID=20910) to work on /Users/abhishekpatkar/Documents/Projects/af_file_loader/venv/lib/python3.11/site-packages/airflow/example_dags/example_branch_day_of_week_operator.py
[2023-07-22T16:24:57.341-0500] {processor.py:826} INFO - Processing file /Users/abhishekpatkar/Documents/Projects/af_file_loader/venv/lib/python3.11/site-packages/airflow/example_dags/example_branch_day_of_week_operator.py for tasks to queue
[2023-07-22T16:24:57.342-0500] {logging_mixin.py:150} INFO - [2023-07-22T16:24:57.342-0500] {dagbag.py:541} INFO - Filling up the DagBag from /Users/abhishekpatkar/Documents/Projects/af_file_loader/venv/lib/python3.11/site-packages/airflow/example_dags/example_branch_day_of_week_operator.py
[2023-07-22T16:24:57.398-0500] {processor.py:836} INFO - DAG(s) dict_keys(['example_weekday_branch_operator']) retrieved from /Users/abhishekpatkar/Documents/Projects/af_file_loader/venv/lib/python3.11/site-packages/airflow/example_dags/example_branch_day_of_week_operator.py
[2023-07-22T16:24:59.099-0500] {logging_mixin.py:150} INFO - [2023-07-22T16:24:59.099-0500] {dag.py:2742} INFO - Sync 1 DAGs
[2023-07-22T16:24:59.131-0500] {logging_mixin.py:150} INFO - [2023-07-22T16:24:59.130-0500] {dag.py:3504} INFO - Setting next_dagrun for example_weekday_branch_operator to 2023-07-21T00:00:00+00:00, run_after=2023-07-22T00:00:00+00:00
[2023-07-22T16:24:59.156-0500] {processor.py:179} INFO - Processing /Users/abhishekpatkar/Documents/Projects/af_file_loader/venv/lib/python3.11/site-packages/airflow/example_dags/example_branch_day_of_week_operator.py took 1.826 seconds
[2023-07-22T16:31:49.118-0500] {processor.py:157} INFO - Started process (PID=21152) to work on /Users/abhishekpatkar/Documents/Projects/af_file_loader/venv/lib/python3.11/site-packages/airflow/example_dags/example_branch_day_of_week_operator.py
[2023-07-22T16:31:49.124-0500] {processor.py:826} INFO - Processing file /Users/abhishekpatkar/Documents/Projects/af_file_loader/venv/lib/python3.11/site-packages/airflow/example_dags/example_branch_day_of_week_operator.py for tasks to queue
[2023-07-22T16:31:49.125-0500] {logging_mixin.py:150} INFO - [2023-07-22T16:31:49.124-0500] {dagbag.py:541} INFO - Filling up the DagBag from /Users/abhishekpatkar/Documents/Projects/af_file_loader/venv/lib/python3.11/site-packages/airflow/example_dags/example_branch_day_of_week_operator.py
[2023-07-22T16:31:49.171-0500] {processor.py:836} INFO - DAG(s) dict_keys(['example_weekday_branch_operator']) retrieved from /Users/abhishekpatkar/Documents/Projects/af_file_loader/venv/lib/python3.11/site-packages/airflow/example_dags/example_branch_day_of_week_operator.py
[2023-07-22T16:31:50.821-0500] {logging_mixin.py:150} INFO - [2023-07-22T16:31:50.821-0500] {dag.py:2742} INFO - Sync 1 DAGs
[2023-07-22T16:31:50.844-0500] {logging_mixin.py:150} INFO - [2023-07-22T16:31:50.843-0500] {dag.py:3504} INFO - Setting next_dagrun for example_weekday_branch_operator to 2023-07-21T00:00:00+00:00, run_after=2023-07-22T00:00:00+00:00
[2023-07-22T16:31:50.895-0500] {processor.py:179} INFO - Processing /Users/abhishekpatkar/Documents/Projects/af_file_loader/venv/lib/python3.11/site-packages/airflow/example_dags/example_branch_day_of_week_operator.py took 1.780 seconds
[2023-07-22T16:40:03.567-0500] {processor.py:157} INFO - Started process (PID=21423) to work on /Users/abhishekpatkar/Documents/Projects/af_file_loader/venv/lib/python3.11/site-packages/airflow/example_dags/example_branch_day_of_week_operator.py
[2023-07-22T16:40:03.579-0500] {processor.py:826} INFO - Processing file /Users/abhishekpatkar/Documents/Projects/af_file_loader/venv/lib/python3.11/site-packages/airflow/example_dags/example_branch_day_of_week_operator.py for tasks to queue
[2023-07-22T16:40:03.580-0500] {logging_mixin.py:150} INFO - [2023-07-22T16:40:03.580-0500] {dagbag.py:541} INFO - Filling up the DagBag from /Users/abhishekpatkar/Documents/Projects/af_file_loader/venv/lib/python3.11/site-packages/airflow/example_dags/example_branch_day_of_week_operator.py
[2023-07-22T16:40:03.812-0500] {processor.py:836} INFO - DAG(s) dict_keys(['example_weekday_branch_operator']) retrieved from /Users/abhishekpatkar/Documents/Projects/af_file_loader/venv/lib/python3.11/site-packages/airflow/example_dags/example_branch_day_of_week_operator.py
[2023-07-22T16:40:07.659-0500] {logging_mixin.py:150} INFO - [2023-07-22T16:40:07.658-0500] {dag.py:2742} INFO - Sync 1 DAGs
[2023-07-22T16:40:07.737-0500] {logging_mixin.py:150} INFO - [2023-07-22T16:40:07.737-0500] {dag.py:3504} INFO - Setting next_dagrun for example_weekday_branch_operator to 2023-07-21T00:00:00+00:00, run_after=2023-07-22T00:00:00+00:00
[2023-07-22T16:40:07.879-0500] {processor.py:179} INFO - Processing /Users/abhishekpatkar/Documents/Projects/af_file_loader/venv/lib/python3.11/site-packages/airflow/example_dags/example_branch_day_of_week_operator.py took 4.319 seconds
[2023-07-22T16:47:49.783-0500] {processor.py:157} INFO - Started process (PID=21696) to work on /Users/abhishekpatkar/Documents/Projects/af_file_loader/venv/lib/python3.11/site-packages/airflow/example_dags/example_branch_day_of_week_operator.py
[2023-07-22T16:47:49.790-0500] {processor.py:826} INFO - Processing file /Users/abhishekpatkar/Documents/Projects/af_file_loader/venv/lib/python3.11/site-packages/airflow/example_dags/example_branch_day_of_week_operator.py for tasks to queue
[2023-07-22T16:47:49.791-0500] {logging_mixin.py:150} INFO - [2023-07-22T16:47:49.791-0500] {dagbag.py:541} INFO - Filling up the DagBag from /Users/abhishekpatkar/Documents/Projects/af_file_loader/venv/lib/python3.11/site-packages/airflow/example_dags/example_branch_day_of_week_operator.py
[2023-07-22T16:47:49.842-0500] {processor.py:836} INFO - DAG(s) dict_keys(['example_weekday_branch_operator']) retrieved from /Users/abhishekpatkar/Documents/Projects/af_file_loader/venv/lib/python3.11/site-packages/airflow/example_dags/example_branch_day_of_week_operator.py
[2023-07-22T16:47:51.145-0500] {logging_mixin.py:150} INFO - [2023-07-22T16:47:51.145-0500] {dag.py:2742} INFO - Sync 1 DAGs
[2023-07-22T16:47:51.191-0500] {logging_mixin.py:150} INFO - [2023-07-22T16:47:51.190-0500] {dag.py:3504} INFO - Setting next_dagrun for example_weekday_branch_operator to 2023-07-21T00:00:00+00:00, run_after=2023-07-22T00:00:00+00:00
[2023-07-22T16:47:51.225-0500] {processor.py:179} INFO - Processing /Users/abhishekpatkar/Documents/Projects/af_file_loader/venv/lib/python3.11/site-packages/airflow/example_dags/example_branch_day_of_week_operator.py took 1.443 seconds
[2023-07-22T16:55:15.543-0500] {processor.py:157} INFO - Started process (PID=21937) to work on /Users/abhishekpatkar/Documents/Projects/af_file_loader/venv/lib/python3.11/site-packages/airflow/example_dags/example_branch_day_of_week_operator.py
[2023-07-22T16:55:15.548-0500] {processor.py:826} INFO - Processing file /Users/abhishekpatkar/Documents/Projects/af_file_loader/venv/lib/python3.11/site-packages/airflow/example_dags/example_branch_day_of_week_operator.py for tasks to queue
[2023-07-22T16:55:15.549-0500] {logging_mixin.py:150} INFO - [2023-07-22T16:55:15.549-0500] {dagbag.py:541} INFO - Filling up the DagBag from /Users/abhishekpatkar/Documents/Projects/af_file_loader/venv/lib/python3.11/site-packages/airflow/example_dags/example_branch_day_of_week_operator.py
[2023-07-22T16:55:15.579-0500] {processor.py:836} INFO - DAG(s) dict_keys(['example_weekday_branch_operator']) retrieved from /Users/abhishekpatkar/Documents/Projects/af_file_loader/venv/lib/python3.11/site-packages/airflow/example_dags/example_branch_day_of_week_operator.py
[2023-07-22T16:55:16.595-0500] {logging_mixin.py:150} INFO - [2023-07-22T16:55:16.594-0500] {dag.py:2742} INFO - Sync 1 DAGs
[2023-07-22T16:55:16.629-0500] {logging_mixin.py:150} INFO - [2023-07-22T16:55:16.629-0500] {dag.py:3504} INFO - Setting next_dagrun for example_weekday_branch_operator to 2023-07-21T00:00:00+00:00, run_after=2023-07-22T00:00:00+00:00
[2023-07-22T16:55:16.661-0500] {processor.py:179} INFO - Processing /Users/abhishekpatkar/Documents/Projects/af_file_loader/venv/lib/python3.11/site-packages/airflow/example_dags/example_branch_day_of_week_operator.py took 1.119 seconds
[2023-07-22T17:02:23.302-0500] {processor.py:157} INFO - Started process (PID=22191) to work on /Users/abhishekpatkar/Documents/Projects/af_file_loader/venv/lib/python3.11/site-packages/airflow/example_dags/example_branch_day_of_week_operator.py
[2023-07-22T17:02:23.311-0500] {processor.py:826} INFO - Processing file /Users/abhishekpatkar/Documents/Projects/af_file_loader/venv/lib/python3.11/site-packages/airflow/example_dags/example_branch_day_of_week_operator.py for tasks to queue
[2023-07-22T17:02:23.312-0500] {logging_mixin.py:150} INFO - [2023-07-22T17:02:23.311-0500] {dagbag.py:541} INFO - Filling up the DagBag from /Users/abhishekpatkar/Documents/Projects/af_file_loader/venv/lib/python3.11/site-packages/airflow/example_dags/example_branch_day_of_week_operator.py
[2023-07-22T17:02:23.384-0500] {processor.py:836} INFO - DAG(s) dict_keys(['example_weekday_branch_operator']) retrieved from /Users/abhishekpatkar/Documents/Projects/af_file_loader/venv/lib/python3.11/site-packages/airflow/example_dags/example_branch_day_of_week_operator.py
[2023-07-22T17:02:25.309-0500] {logging_mixin.py:150} INFO - [2023-07-22T17:02:25.308-0500] {dag.py:2742} INFO - Sync 1 DAGs
[2023-07-22T17:02:25.369-0500] {logging_mixin.py:150} INFO - [2023-07-22T17:02:25.368-0500] {dag.py:3504} INFO - Setting next_dagrun for example_weekday_branch_operator to 2023-07-21T00:00:00+00:00, run_after=2023-07-22T00:00:00+00:00
[2023-07-22T17:02:25.417-0500] {processor.py:179} INFO - Processing /Users/abhishekpatkar/Documents/Projects/af_file_loader/venv/lib/python3.11/site-packages/airflow/example_dags/example_branch_day_of_week_operator.py took 2.116 seconds
[2023-07-22T17:06:44.819-0500] {processor.py:157} INFO - Started process (PID=22370) to work on /Users/abhishekpatkar/Documents/Projects/af_file_loader/venv/lib/python3.11/site-packages/airflow/example_dags/example_branch_day_of_week_operator.py
[2023-07-22T17:06:44.825-0500] {processor.py:826} INFO - Processing file /Users/abhishekpatkar/Documents/Projects/af_file_loader/venv/lib/python3.11/site-packages/airflow/example_dags/example_branch_day_of_week_operator.py for tasks to queue
[2023-07-22T17:06:44.825-0500] {logging_mixin.py:150} INFO - [2023-07-22T17:06:44.825-0500] {dagbag.py:541} INFO - Filling up the DagBag from /Users/abhishekpatkar/Documents/Projects/af_file_loader/venv/lib/python3.11/site-packages/airflow/example_dags/example_branch_day_of_week_operator.py
[2023-07-22T17:06:44.853-0500] {processor.py:836} INFO - DAG(s) dict_keys(['example_weekday_branch_operator']) retrieved from /Users/abhishekpatkar/Documents/Projects/af_file_loader/venv/lib/python3.11/site-packages/airflow/example_dags/example_branch_day_of_week_operator.py
[2023-07-22T17:06:45.637-0500] {logging_mixin.py:150} INFO - [2023-07-22T17:06:45.637-0500] {dag.py:2742} INFO - Sync 1 DAGs
[2023-07-22T17:06:45.656-0500] {logging_mixin.py:150} INFO - [2023-07-22T17:06:45.656-0500] {dag.py:3504} INFO - Setting next_dagrun for example_weekday_branch_operator to 2023-07-21T00:00:00+00:00, run_after=2023-07-22T00:00:00+00:00
[2023-07-22T17:06:45.679-0500] {processor.py:179} INFO - Processing /Users/abhishekpatkar/Documents/Projects/af_file_loader/venv/lib/python3.11/site-packages/airflow/example_dags/example_branch_day_of_week_operator.py took 0.861 seconds
[2023-07-22T17:10:46.410-0500] {processor.py:157} INFO - Started process (PID=22537) to work on /Users/abhishekpatkar/Documents/Projects/af_file_loader/venv/lib/python3.11/site-packages/airflow/example_dags/example_branch_day_of_week_operator.py
[2023-07-22T17:10:46.414-0500] {processor.py:826} INFO - Processing file /Users/abhishekpatkar/Documents/Projects/af_file_loader/venv/lib/python3.11/site-packages/airflow/example_dags/example_branch_day_of_week_operator.py for tasks to queue
[2023-07-22T17:10:46.414-0500] {logging_mixin.py:150} INFO - [2023-07-22T17:10:46.414-0500] {dagbag.py:541} INFO - Filling up the DagBag from /Users/abhishekpatkar/Documents/Projects/af_file_loader/venv/lib/python3.11/site-packages/airflow/example_dags/example_branch_day_of_week_operator.py
[2023-07-22T17:10:46.441-0500] {processor.py:836} INFO - DAG(s) dict_keys(['example_weekday_branch_operator']) retrieved from /Users/abhishekpatkar/Documents/Projects/af_file_loader/venv/lib/python3.11/site-packages/airflow/example_dags/example_branch_day_of_week_operator.py
[2023-07-22T17:10:47.159-0500] {logging_mixin.py:150} INFO - [2023-07-22T17:10:47.159-0500] {dag.py:2742} INFO - Sync 1 DAGs
[2023-07-22T17:10:47.177-0500] {logging_mixin.py:150} INFO - [2023-07-22T17:10:47.177-0500] {dag.py:3504} INFO - Setting next_dagrun for example_weekday_branch_operator to 2023-07-21T00:00:00+00:00, run_after=2023-07-22T00:00:00+00:00
[2023-07-22T17:10:47.200-0500] {processor.py:179} INFO - Processing /Users/abhishekpatkar/Documents/Projects/af_file_loader/venv/lib/python3.11/site-packages/airflow/example_dags/example_branch_day_of_week_operator.py took 0.791 seconds
[2023-07-22T17:14:44.322-0500] {processor.py:157} INFO - Started process (PID=22684) to work on /Users/abhishekpatkar/Documents/Projects/af_file_loader/venv/lib/python3.11/site-packages/airflow/example_dags/example_branch_day_of_week_operator.py
[2023-07-22T17:14:44.328-0500] {processor.py:826} INFO - Processing file /Users/abhishekpatkar/Documents/Projects/af_file_loader/venv/lib/python3.11/site-packages/airflow/example_dags/example_branch_day_of_week_operator.py for tasks to queue
[2023-07-22T17:14:44.329-0500] {logging_mixin.py:150} INFO - [2023-07-22T17:14:44.329-0500] {dagbag.py:541} INFO - Filling up the DagBag from /Users/abhishekpatkar/Documents/Projects/af_file_loader/venv/lib/python3.11/site-packages/airflow/example_dags/example_branch_day_of_week_operator.py
[2023-07-22T17:14:44.362-0500] {processor.py:836} INFO - DAG(s) dict_keys(['example_weekday_branch_operator']) retrieved from /Users/abhishekpatkar/Documents/Projects/af_file_loader/venv/lib/python3.11/site-packages/airflow/example_dags/example_branch_day_of_week_operator.py
[2023-07-22T17:14:45.099-0500] {logging_mixin.py:150} INFO - [2023-07-22T17:14:45.099-0500] {dag.py:2742} INFO - Sync 1 DAGs
[2023-07-22T17:14:45.120-0500] {logging_mixin.py:150} INFO - [2023-07-22T17:14:45.119-0500] {dag.py:3504} INFO - Setting next_dagrun for example_weekday_branch_operator to 2023-07-21T00:00:00+00:00, run_after=2023-07-22T00:00:00+00:00
[2023-07-22T17:14:45.142-0500] {processor.py:179} INFO - Processing /Users/abhishekpatkar/Documents/Projects/af_file_loader/venv/lib/python3.11/site-packages/airflow/example_dags/example_branch_day_of_week_operator.py took 0.821 seconds
[2023-07-22T17:19:34.849-0500] {processor.py:157} INFO - Started process (PID=22909) to work on /Users/abhishekpatkar/Documents/Projects/af_file_loader/venv/lib/python3.11/site-packages/airflow/example_dags/example_branch_day_of_week_operator.py
[2023-07-22T17:19:34.854-0500] {processor.py:826} INFO - Processing file /Users/abhishekpatkar/Documents/Projects/af_file_loader/venv/lib/python3.11/site-packages/airflow/example_dags/example_branch_day_of_week_operator.py for tasks to queue
[2023-07-22T17:19:34.854-0500] {logging_mixin.py:150} INFO - [2023-07-22T17:19:34.854-0500] {dagbag.py:541} INFO - Filling up the DagBag from /Users/abhishekpatkar/Documents/Projects/af_file_loader/venv/lib/python3.11/site-packages/airflow/example_dags/example_branch_day_of_week_operator.py
[2023-07-22T17:19:34.878-0500] {processor.py:836} INFO - DAG(s) dict_keys(['example_weekday_branch_operator']) retrieved from /Users/abhishekpatkar/Documents/Projects/af_file_loader/venv/lib/python3.11/site-packages/airflow/example_dags/example_branch_day_of_week_operator.py
[2023-07-22T17:19:35.648-0500] {logging_mixin.py:150} INFO - [2023-07-22T17:19:35.648-0500] {dag.py:2742} INFO - Sync 1 DAGs
[2023-07-22T17:19:35.677-0500] {logging_mixin.py:150} INFO - [2023-07-22T17:19:35.677-0500] {dag.py:3504} INFO - Setting next_dagrun for example_weekday_branch_operator to 2023-07-21T00:00:00+00:00, run_after=2023-07-22T00:00:00+00:00
[2023-07-22T17:19:35.702-0500] {processor.py:179} INFO - Processing /Users/abhishekpatkar/Documents/Projects/af_file_loader/venv/lib/python3.11/site-packages/airflow/example_dags/example_branch_day_of_week_operator.py took 0.854 seconds
[2023-07-22T17:24:38.824-0500] {processor.py:157} INFO - Started process (PID=23153) to work on /Users/abhishekpatkar/Documents/Projects/af_file_loader/venv/lib/python3.11/site-packages/airflow/example_dags/example_branch_day_of_week_operator.py
[2023-07-22T17:24:38.841-0500] {processor.py:826} INFO - Processing file /Users/abhishekpatkar/Documents/Projects/af_file_loader/venv/lib/python3.11/site-packages/airflow/example_dags/example_branch_day_of_week_operator.py for tasks to queue
[2023-07-22T17:24:38.842-0500] {logging_mixin.py:150} INFO - [2023-07-22T17:24:38.842-0500] {dagbag.py:541} INFO - Filling up the DagBag from /Users/abhishekpatkar/Documents/Projects/af_file_loader/venv/lib/python3.11/site-packages/airflow/example_dags/example_branch_day_of_week_operator.py
[2023-07-22T17:24:39.057-0500] {processor.py:836} INFO - DAG(s) dict_keys(['example_weekday_branch_operator']) retrieved from /Users/abhishekpatkar/Documents/Projects/af_file_loader/venv/lib/python3.11/site-packages/airflow/example_dags/example_branch_day_of_week_operator.py
[2023-07-22T17:24:44.589-0500] {logging_mixin.py:150} INFO - [2023-07-22T17:24:44.588-0500] {dag.py:2742} INFO - Sync 1 DAGs
[2023-07-22T17:24:44.665-0500] {logging_mixin.py:150} INFO - [2023-07-22T17:24:44.664-0500] {dag.py:3504} INFO - Setting next_dagrun for example_weekday_branch_operator to 2023-07-21T00:00:00+00:00, run_after=2023-07-22T00:00:00+00:00
[2023-07-22T17:24:44.727-0500] {processor.py:179} INFO - Processing /Users/abhishekpatkar/Documents/Projects/af_file_loader/venv/lib/python3.11/site-packages/airflow/example_dags/example_branch_day_of_week_operator.py took 5.903 seconds
[2023-07-22T17:32:07.634-0500] {processor.py:157} INFO - Started process (PID=23427) to work on /Users/abhishekpatkar/Documents/Projects/af_file_loader/venv/lib/python3.11/site-packages/airflow/example_dags/example_branch_day_of_week_operator.py
[2023-07-22T17:32:07.638-0500] {processor.py:826} INFO - Processing file /Users/abhishekpatkar/Documents/Projects/af_file_loader/venv/lib/python3.11/site-packages/airflow/example_dags/example_branch_day_of_week_operator.py for tasks to queue
[2023-07-22T17:32:07.639-0500] {logging_mixin.py:150} INFO - [2023-07-22T17:32:07.638-0500] {dagbag.py:541} INFO - Filling up the DagBag from /Users/abhishekpatkar/Documents/Projects/af_file_loader/venv/lib/python3.11/site-packages/airflow/example_dags/example_branch_day_of_week_operator.py
[2023-07-22T17:32:07.660-0500] {processor.py:836} INFO - DAG(s) dict_keys(['example_weekday_branch_operator']) retrieved from /Users/abhishekpatkar/Documents/Projects/af_file_loader/venv/lib/python3.11/site-packages/airflow/example_dags/example_branch_day_of_week_operator.py
[2023-07-22T17:32:08.352-0500] {logging_mixin.py:150} INFO - [2023-07-22T17:32:08.351-0500] {dag.py:2742} INFO - Sync 1 DAGs
[2023-07-22T17:32:08.369-0500] {logging_mixin.py:150} INFO - [2023-07-22T17:32:08.369-0500] {dag.py:3504} INFO - Setting next_dagrun for example_weekday_branch_operator to 2023-07-21T00:00:00+00:00, run_after=2023-07-22T00:00:00+00:00
[2023-07-22T17:32:08.388-0500] {processor.py:179} INFO - Processing /Users/abhishekpatkar/Documents/Projects/af_file_loader/venv/lib/python3.11/site-packages/airflow/example_dags/example_branch_day_of_week_operator.py took 0.755 seconds
[2023-07-22T17:36:19.738-0500] {processor.py:157} INFO - Started process (PID=23589) to work on /Users/abhishekpatkar/Documents/Projects/af_file_loader/venv/lib/python3.11/site-packages/airflow/example_dags/example_branch_day_of_week_operator.py
[2023-07-22T17:36:19.760-0500] {processor.py:826} INFO - Processing file /Users/abhishekpatkar/Documents/Projects/af_file_loader/venv/lib/python3.11/site-packages/airflow/example_dags/example_branch_day_of_week_operator.py for tasks to queue
[2023-07-22T17:36:19.761-0500] {logging_mixin.py:150} INFO - [2023-07-22T17:36:19.761-0500] {dagbag.py:541} INFO - Filling up the DagBag from /Users/abhishekpatkar/Documents/Projects/af_file_loader/venv/lib/python3.11/site-packages/airflow/example_dags/example_branch_day_of_week_operator.py
[2023-07-22T17:36:19.946-0500] {processor.py:836} INFO - DAG(s) dict_keys(['example_weekday_branch_operator']) retrieved from /Users/abhishekpatkar/Documents/Projects/af_file_loader/venv/lib/python3.11/site-packages/airflow/example_dags/example_branch_day_of_week_operator.py
[2023-07-22T17:36:21.780-0500] {logging_mixin.py:150} INFO - [2023-07-22T17:36:21.779-0500] {dag.py:2742} INFO - Sync 1 DAGs
[2023-07-22T17:36:21.818-0500] {logging_mixin.py:150} INFO - [2023-07-22T17:36:21.818-0500] {dag.py:3504} INFO - Setting next_dagrun for example_weekday_branch_operator to 2023-07-21T00:00:00+00:00, run_after=2023-07-22T00:00:00+00:00
[2023-07-22T17:36:21.874-0500] {processor.py:179} INFO - Processing /Users/abhishekpatkar/Documents/Projects/af_file_loader/venv/lib/python3.11/site-packages/airflow/example_dags/example_branch_day_of_week_operator.py took 2.141 seconds
[2023-07-22T17:49:47.271-0500] {processor.py:157} INFO - Started process (PID=24150) to work on /Users/abhishekpatkar/Documents/Projects/af_file_loader/venv/lib/python3.11/site-packages/airflow/example_dags/example_branch_day_of_week_operator.py
[2023-07-22T17:49:47.287-0500] {processor.py:826} INFO - Processing file /Users/abhishekpatkar/Documents/Projects/af_file_loader/venv/lib/python3.11/site-packages/airflow/example_dags/example_branch_day_of_week_operator.py for tasks to queue
[2023-07-22T17:49:47.288-0500] {logging_mixin.py:150} INFO - [2023-07-22T17:49:47.288-0500] {dagbag.py:541} INFO - Filling up the DagBag from /Users/abhishekpatkar/Documents/Projects/af_file_loader/venv/lib/python3.11/site-packages/airflow/example_dags/example_branch_day_of_week_operator.py
[2023-07-22T17:49:47.384-0500] {processor.py:836} INFO - DAG(s) dict_keys(['example_weekday_branch_operator']) retrieved from /Users/abhishekpatkar/Documents/Projects/af_file_loader/venv/lib/python3.11/site-packages/airflow/example_dags/example_branch_day_of_week_operator.py
[2023-07-22T17:49:50.637-0500] {logging_mixin.py:150} INFO - [2023-07-22T17:49:50.636-0500] {dag.py:2742} INFO - Sync 1 DAGs
[2023-07-22T17:49:50.696-0500] {logging_mixin.py:150} INFO - [2023-07-22T17:49:50.695-0500] {dag.py:3504} INFO - Setting next_dagrun for example_weekday_branch_operator to 2023-07-21T00:00:00+00:00, run_after=2023-07-22T00:00:00+00:00
[2023-07-22T17:49:50.735-0500] {processor.py:179} INFO - Processing /Users/abhishekpatkar/Documents/Projects/af_file_loader/venv/lib/python3.11/site-packages/airflow/example_dags/example_branch_day_of_week_operator.py took 3.467 seconds
[2023-07-22T17:59:43.077-0500] {processor.py:157} INFO - Started process (PID=24660) to work on /Users/abhishekpatkar/Documents/Projects/af_file_loader/venv/lib/python3.11/site-packages/airflow/example_dags/example_branch_day_of_week_operator.py
[2023-07-22T17:59:43.087-0500] {processor.py:826} INFO - Processing file /Users/abhishekpatkar/Documents/Projects/af_file_loader/venv/lib/python3.11/site-packages/airflow/example_dags/example_branch_day_of_week_operator.py for tasks to queue
[2023-07-22T17:59:43.088-0500] {logging_mixin.py:150} INFO - [2023-07-22T17:59:43.088-0500] {dagbag.py:541} INFO - Filling up the DagBag from /Users/abhishekpatkar/Documents/Projects/af_file_loader/venv/lib/python3.11/site-packages/airflow/example_dags/example_branch_day_of_week_operator.py
[2023-07-22T17:59:43.173-0500] {processor.py:836} INFO - DAG(s) dict_keys(['example_weekday_branch_operator']) retrieved from /Users/abhishekpatkar/Documents/Projects/af_file_loader/venv/lib/python3.11/site-packages/airflow/example_dags/example_branch_day_of_week_operator.py
[2023-07-22T17:59:44.482-0500] {logging_mixin.py:150} INFO - [2023-07-22T17:59:44.481-0500] {dag.py:2742} INFO - Sync 1 DAGs
[2023-07-22T17:59:44.516-0500] {logging_mixin.py:150} INFO - [2023-07-22T17:59:44.516-0500] {dag.py:3504} INFO - Setting next_dagrun for example_weekday_branch_operator to 2023-07-21T00:00:00+00:00, run_after=2023-07-22T00:00:00+00:00
[2023-07-22T17:59:44.551-0500] {processor.py:179} INFO - Processing /Users/abhishekpatkar/Documents/Projects/af_file_loader/venv/lib/python3.11/site-packages/airflow/example_dags/example_branch_day_of_week_operator.py took 1.475 seconds
[2023-07-22T18:06:57.692-0500] {processor.py:157} INFO - Started process (PID=24910) to work on /Users/abhishekpatkar/Documents/Projects/af_file_loader/venv/lib/python3.11/site-packages/airflow/example_dags/example_branch_day_of_week_operator.py
[2023-07-22T18:06:57.701-0500] {processor.py:826} INFO - Processing file /Users/abhishekpatkar/Documents/Projects/af_file_loader/venv/lib/python3.11/site-packages/airflow/example_dags/example_branch_day_of_week_operator.py for tasks to queue
[2023-07-22T18:06:57.702-0500] {logging_mixin.py:150} INFO - [2023-07-22T18:06:57.701-0500] {dagbag.py:541} INFO - Filling up the DagBag from /Users/abhishekpatkar/Documents/Projects/af_file_loader/venv/lib/python3.11/site-packages/airflow/example_dags/example_branch_day_of_week_operator.py
[2023-07-22T18:06:57.783-0500] {processor.py:836} INFO - DAG(s) dict_keys(['example_weekday_branch_operator']) retrieved from /Users/abhishekpatkar/Documents/Projects/af_file_loader/venv/lib/python3.11/site-packages/airflow/example_dags/example_branch_day_of_week_operator.py
[2023-07-22T18:06:58.867-0500] {logging_mixin.py:150} INFO - [2023-07-22T18:06:58.867-0500] {dag.py:2742} INFO - Sync 1 DAGs
[2023-07-22T18:06:58.890-0500] {logging_mixin.py:150} INFO - [2023-07-22T18:06:58.890-0500] {dag.py:3504} INFO - Setting next_dagrun for example_weekday_branch_operator to 2023-07-21T00:00:00+00:00, run_after=2023-07-22T00:00:00+00:00
[2023-07-22T18:06:58.916-0500] {processor.py:179} INFO - Processing /Users/abhishekpatkar/Documents/Projects/af_file_loader/venv/lib/python3.11/site-packages/airflow/example_dags/example_branch_day_of_week_operator.py took 1.225 seconds
