[2023-07-22T14:52:01.496-0500] {processor.py:157} INFO - Started process (PID=16642) to work on /Users/abhishekpatkar/Documents/Projects/af_file_loader/venv/lib/python3.11/site-packages/airflow/example_dags/example_latest_only.py
[2023-07-22T14:52:01.501-0500] {processor.py:826} INFO - Processing file /Users/abhishekpatkar/Documents/Projects/af_file_loader/venv/lib/python3.11/site-packages/airflow/example_dags/example_latest_only.py for tasks to queue
[2023-07-22T14:52:01.502-0500] {logging_mixin.py:150} INFO - [2023-07-22T14:52:01.502-0500] {dagbag.py:541} INFO - Filling up the DagBag from /Users/abhishekpatkar/Documents/Projects/af_file_loader/venv/lib/python3.11/site-packages/airflow/example_dags/example_latest_only.py
[2023-07-22T14:52:01.528-0500] {processor.py:836} INFO - DAG(s) dict_keys(['latest_only']) retrieved from /Users/abhishekpatkar/Documents/Projects/af_file_loader/venv/lib/python3.11/site-packages/airflow/example_dags/example_latest_only.py
[2023-07-22T14:52:02.620-0500] {logging_mixin.py:150} INFO - [2023-07-22T14:52:02.620-0500] {manager.py:504} INFO - Created Permission View: can edit on DAG:latest_only
[2023-07-22T14:52:02.629-0500] {logging_mixin.py:150} INFO - [2023-07-22T14:52:02.628-0500] {manager.py:504} INFO - Created Permission View: can delete on DAG:latest_only
[2023-07-22T14:52:02.634-0500] {logging_mixin.py:150} INFO - [2023-07-22T14:52:02.634-0500] {manager.py:504} INFO - Created Permission View: can read on DAG:latest_only
[2023-07-22T14:52:02.645-0500] {logging_mixin.py:150} INFO - [2023-07-22T14:52:02.645-0500] {dag.py:2742} INFO - Sync 1 DAGs
[2023-07-22T14:52:02.653-0500] {logging_mixin.py:150} INFO - [2023-07-22T14:52:02.653-0500] {dag.py:2763} INFO - Creating ORM DAG for latest_only
[2023-07-22T14:52:02.664-0500] {logging_mixin.py:150} INFO - [2023-07-22T14:52:02.664-0500] {dag.py:3504} INFO - Setting next_dagrun for latest_only to 2023-07-22T15:52:02.664003+00:00, run_after=2023-07-22T19:52:02.664003+00:00
[2023-07-22T14:52:02.697-0500] {processor.py:179} INFO - Processing /Users/abhishekpatkar/Documents/Projects/af_file_loader/venv/lib/python3.11/site-packages/airflow/example_dags/example_latest_only.py took 1.201 seconds
[2023-07-22T14:55:24.701-0500] {processor.py:157} INFO - Started process (PID=16906) to work on /Users/abhishekpatkar/Documents/Projects/af_file_loader/venv/lib/python3.11/site-packages/airflow/example_dags/example_latest_only.py
[2023-07-22T14:55:24.708-0500] {processor.py:826} INFO - Processing file /Users/abhishekpatkar/Documents/Projects/af_file_loader/venv/lib/python3.11/site-packages/airflow/example_dags/example_latest_only.py for tasks to queue
[2023-07-22T14:55:24.709-0500] {logging_mixin.py:150} INFO - [2023-07-22T14:55:24.709-0500] {dagbag.py:541} INFO - Filling up the DagBag from /Users/abhishekpatkar/Documents/Projects/af_file_loader/venv/lib/python3.11/site-packages/airflow/example_dags/example_latest_only.py
[2023-07-22T14:55:24.736-0500] {processor.py:836} INFO - DAG(s) dict_keys(['latest_only']) retrieved from /Users/abhishekpatkar/Documents/Projects/af_file_loader/venv/lib/python3.11/site-packages/airflow/example_dags/example_latest_only.py
[2023-07-22T14:55:25.873-0500] {logging_mixin.py:150} INFO - [2023-07-22T14:55:25.766-0500] {dag.py:2742} INFO - Sync 1 DAGs
[2023-07-22T14:55:25.905-0500] {logging_mixin.py:150} INFO - [2023-07-22T14:55:25.904-0500] {dag.py:3504} INFO - Setting next_dagrun for latest_only to 2023-07-22T15:55:25.904541+00:00, run_after=2023-07-22T19:55:25.904541+00:00
[2023-07-22T14:55:25.935-0500] {processor.py:179} INFO - Processing /Users/abhishekpatkar/Documents/Projects/af_file_loader/venv/lib/python3.11/site-packages/airflow/example_dags/example_latest_only.py took 1.236 seconds
[2023-07-22T15:00:15.836-0500] {processor.py:157} INFO - Started process (PID=17084) to work on /Users/abhishekpatkar/Documents/Projects/af_file_loader/venv/lib/python3.11/site-packages/airflow/example_dags/example_latest_only.py
[2023-07-22T15:00:15.840-0500] {processor.py:826} INFO - Processing file /Users/abhishekpatkar/Documents/Projects/af_file_loader/venv/lib/python3.11/site-packages/airflow/example_dags/example_latest_only.py for tasks to queue
[2023-07-22T15:00:15.842-0500] {logging_mixin.py:150} INFO - [2023-07-22T15:00:15.842-0500] {dagbag.py:541} INFO - Filling up the DagBag from /Users/abhishekpatkar/Documents/Projects/af_file_loader/venv/lib/python3.11/site-packages/airflow/example_dags/example_latest_only.py
[2023-07-22T15:00:15.876-0500] {processor.py:836} INFO - DAG(s) dict_keys(['latest_only']) retrieved from /Users/abhishekpatkar/Documents/Projects/af_file_loader/venv/lib/python3.11/site-packages/airflow/example_dags/example_latest_only.py
[2023-07-22T15:00:17.113-0500] {logging_mixin.py:150} INFO - [2023-07-22T15:00:17.045-0500] {dag.py:2742} INFO - Sync 1 DAGs
[2023-07-22T15:00:17.131-0500] {logging_mixin.py:150} INFO - [2023-07-22T15:00:17.131-0500] {dag.py:3504} INFO - Setting next_dagrun for latest_only to 2023-07-22T16:00:17.131323+00:00, run_after=2023-07-22T20:00:17.131323+00:00
[2023-07-22T15:00:17.152-0500] {processor.py:179} INFO - Processing /Users/abhishekpatkar/Documents/Projects/af_file_loader/venv/lib/python3.11/site-packages/airflow/example_dags/example_latest_only.py took 1.317 seconds
[2023-07-22T15:02:43.195-0500] {processor.py:157} INFO - Started process (PID=17278) to work on /Users/abhishekpatkar/Documents/Projects/af_file_loader/venv/lib/python3.11/site-packages/airflow/example_dags/example_latest_only.py
[2023-07-22T15:02:43.200-0500] {processor.py:826} INFO - Processing file /Users/abhishekpatkar/Documents/Projects/af_file_loader/venv/lib/python3.11/site-packages/airflow/example_dags/example_latest_only.py for tasks to queue
[2023-07-22T15:02:43.201-0500] {logging_mixin.py:150} INFO - [2023-07-22T15:02:43.201-0500] {dagbag.py:541} INFO - Filling up the DagBag from /Users/abhishekpatkar/Documents/Projects/af_file_loader/venv/lib/python3.11/site-packages/airflow/example_dags/example_latest_only.py
[2023-07-22T15:02:43.239-0500] {processor.py:836} INFO - DAG(s) dict_keys(['latest_only']) retrieved from /Users/abhishekpatkar/Documents/Projects/af_file_loader/venv/lib/python3.11/site-packages/airflow/example_dags/example_latest_only.py
[2023-07-22T15:02:44.332-0500] {logging_mixin.py:150} INFO - [2023-07-22T15:02:44.267-0500] {dag.py:2742} INFO - Sync 1 DAGs
[2023-07-22T15:02:44.351-0500] {logging_mixin.py:150} INFO - [2023-07-22T15:02:44.351-0500] {dag.py:3504} INFO - Setting next_dagrun for latest_only to 2023-07-22T16:02:44.351044+00:00, run_after=2023-07-22T20:02:44.351044+00:00
[2023-07-22T15:02:44.373-0500] {processor.py:179} INFO - Processing /Users/abhishekpatkar/Documents/Projects/af_file_loader/venv/lib/python3.11/site-packages/airflow/example_dags/example_latest_only.py took 1.179 seconds
[2023-07-22T15:11:06.379-0500] {processor.py:157} INFO - Started process (PID=17818) to work on /Users/abhishekpatkar/Documents/Projects/af_file_loader/venv/lib/python3.11/site-packages/airflow/example_dags/example_latest_only.py
[2023-07-22T15:11:06.386-0500] {processor.py:826} INFO - Processing file /Users/abhishekpatkar/Documents/Projects/af_file_loader/venv/lib/python3.11/site-packages/airflow/example_dags/example_latest_only.py for tasks to queue
[2023-07-22T15:11:06.387-0500] {logging_mixin.py:150} INFO - [2023-07-22T15:11:06.387-0500] {dagbag.py:541} INFO - Filling up the DagBag from /Users/abhishekpatkar/Documents/Projects/af_file_loader/venv/lib/python3.11/site-packages/airflow/example_dags/example_latest_only.py
[2023-07-22T15:11:06.413-0500] {processor.py:836} INFO - DAG(s) dict_keys(['latest_only']) retrieved from /Users/abhishekpatkar/Documents/Projects/af_file_loader/venv/lib/python3.11/site-packages/airflow/example_dags/example_latest_only.py
[2023-07-22T15:11:07.716-0500] {logging_mixin.py:150} INFO - [2023-07-22T15:11:07.649-0500] {dag.py:2742} INFO - Sync 1 DAGs
[2023-07-22T15:11:07.742-0500] {logging_mixin.py:150} INFO - [2023-07-22T15:11:07.742-0500] {dag.py:3504} INFO - Setting next_dagrun for latest_only to 2023-07-22T16:11:07.742659+00:00, run_after=2023-07-22T20:11:07.742659+00:00
[2023-07-22T15:11:07.765-0500] {processor.py:179} INFO - Processing /Users/abhishekpatkar/Documents/Projects/af_file_loader/venv/lib/python3.11/site-packages/airflow/example_dags/example_latest_only.py took 1.388 seconds
[2023-07-22T15:13:56.354-0500] {processor.py:157} INFO - Started process (PID=17917) to work on /Users/abhishekpatkar/Documents/Projects/af_file_loader/venv/lib/python3.11/site-packages/airflow/example_dags/example_latest_only.py
[2023-07-22T15:13:56.358-0500] {processor.py:826} INFO - Processing file /Users/abhishekpatkar/Documents/Projects/af_file_loader/venv/lib/python3.11/site-packages/airflow/example_dags/example_latest_only.py for tasks to queue
[2023-07-22T15:13:56.358-0500] {logging_mixin.py:150} INFO - [2023-07-22T15:13:56.358-0500] {dagbag.py:541} INFO - Filling up the DagBag from /Users/abhishekpatkar/Documents/Projects/af_file_loader/venv/lib/python3.11/site-packages/airflow/example_dags/example_latest_only.py
[2023-07-22T15:13:56.381-0500] {processor.py:836} INFO - DAG(s) dict_keys(['latest_only']) retrieved from /Users/abhishekpatkar/Documents/Projects/af_file_loader/venv/lib/python3.11/site-packages/airflow/example_dags/example_latest_only.py
[2023-07-22T15:13:57.266-0500] {logging_mixin.py:150} INFO - [2023-07-22T15:13:57.178-0500] {dag.py:2742} INFO - Sync 1 DAGs
[2023-07-22T15:13:57.284-0500] {logging_mixin.py:150} INFO - [2023-07-22T15:13:57.284-0500] {dag.py:3504} INFO - Setting next_dagrun for latest_only to 2023-07-22T16:13:57.283889+00:00, run_after=2023-07-22T20:13:57.283889+00:00
[2023-07-22T15:13:57.312-0500] {processor.py:179} INFO - Processing /Users/abhishekpatkar/Documents/Projects/af_file_loader/venv/lib/python3.11/site-packages/airflow/example_dags/example_latest_only.py took 0.959 seconds
[2023-07-22T15:16:48.852-0500] {processor.py:157} INFO - Started process (PID=18019) to work on /Users/abhishekpatkar/Documents/Projects/af_file_loader/venv/lib/python3.11/site-packages/airflow/example_dags/example_latest_only.py
[2023-07-22T15:16:48.857-0500] {processor.py:826} INFO - Processing file /Users/abhishekpatkar/Documents/Projects/af_file_loader/venv/lib/python3.11/site-packages/airflow/example_dags/example_latest_only.py for tasks to queue
[2023-07-22T15:16:48.857-0500] {logging_mixin.py:150} INFO - [2023-07-22T15:16:48.857-0500] {dagbag.py:541} INFO - Filling up the DagBag from /Users/abhishekpatkar/Documents/Projects/af_file_loader/venv/lib/python3.11/site-packages/airflow/example_dags/example_latest_only.py
[2023-07-22T15:16:48.880-0500] {processor.py:836} INFO - DAG(s) dict_keys(['latest_only']) retrieved from /Users/abhishekpatkar/Documents/Projects/af_file_loader/venv/lib/python3.11/site-packages/airflow/example_dags/example_latest_only.py
[2023-07-22T15:16:49.533-0500] {logging_mixin.py:150} INFO - [2023-07-22T15:16:49.479-0500] {dag.py:2742} INFO - Sync 1 DAGs
[2023-07-22T15:16:49.549-0500] {logging_mixin.py:150} INFO - [2023-07-22T15:16:49.549-0500] {dag.py:3504} INFO - Setting next_dagrun for latest_only to 2023-07-22T16:16:49.549445+00:00, run_after=2023-07-22T20:16:49.549445+00:00
[2023-07-22T15:16:49.572-0500] {processor.py:179} INFO - Processing /Users/abhishekpatkar/Documents/Projects/af_file_loader/venv/lib/python3.11/site-packages/airflow/example_dags/example_latest_only.py took 0.721 seconds
[2023-07-22T15:19:46.986-0500] {processor.py:157} INFO - Started process (PID=18121) to work on /Users/abhishekpatkar/Documents/Projects/af_file_loader/venv/lib/python3.11/site-packages/airflow/example_dags/example_latest_only.py
[2023-07-22T15:19:46.989-0500] {processor.py:826} INFO - Processing file /Users/abhishekpatkar/Documents/Projects/af_file_loader/venv/lib/python3.11/site-packages/airflow/example_dags/example_latest_only.py for tasks to queue
[2023-07-22T15:19:46.990-0500] {logging_mixin.py:150} INFO - [2023-07-22T15:19:46.990-0500] {dagbag.py:541} INFO - Filling up the DagBag from /Users/abhishekpatkar/Documents/Projects/af_file_loader/venv/lib/python3.11/site-packages/airflow/example_dags/example_latest_only.py
[2023-07-22T15:19:47.010-0500] {processor.py:836} INFO - DAG(s) dict_keys(['latest_only']) retrieved from /Users/abhishekpatkar/Documents/Projects/af_file_loader/venv/lib/python3.11/site-packages/airflow/example_dags/example_latest_only.py
[2023-07-22T15:19:47.969-0500] {logging_mixin.py:150} INFO - [2023-07-22T15:19:47.904-0500] {dag.py:2742} INFO - Sync 1 DAGs
[2023-07-22T15:19:47.987-0500] {logging_mixin.py:150} INFO - [2023-07-22T15:19:47.987-0500] {dag.py:3504} INFO - Setting next_dagrun for latest_only to 2023-07-22T16:19:47.986911+00:00, run_after=2023-07-22T20:19:47.986911+00:00
[2023-07-22T15:19:48.021-0500] {processor.py:179} INFO - Processing /Users/abhishekpatkar/Documents/Projects/af_file_loader/venv/lib/python3.11/site-packages/airflow/example_dags/example_latest_only.py took 1.036 seconds
[2023-07-22T15:24:31.321-0500] {processor.py:157} INFO - Started process (PID=18307) to work on /Users/abhishekpatkar/Documents/Projects/af_file_loader/venv/lib/python3.11/site-packages/airflow/example_dags/example_latest_only.py
[2023-07-22T15:24:31.325-0500] {processor.py:826} INFO - Processing file /Users/abhishekpatkar/Documents/Projects/af_file_loader/venv/lib/python3.11/site-packages/airflow/example_dags/example_latest_only.py for tasks to queue
[2023-07-22T15:24:31.326-0500] {logging_mixin.py:150} INFO - [2023-07-22T15:24:31.326-0500] {dagbag.py:541} INFO - Filling up the DagBag from /Users/abhishekpatkar/Documents/Projects/af_file_loader/venv/lib/python3.11/site-packages/airflow/example_dags/example_latest_only.py
[2023-07-22T15:24:31.356-0500] {processor.py:836} INFO - DAG(s) dict_keys(['latest_only']) retrieved from /Users/abhishekpatkar/Documents/Projects/af_file_loader/venv/lib/python3.11/site-packages/airflow/example_dags/example_latest_only.py
[2023-07-22T15:24:32.865-0500] {logging_mixin.py:150} INFO - [2023-07-22T15:24:32.762-0500] {dag.py:2742} INFO - Sync 1 DAGs
[2023-07-22T15:24:32.889-0500] {logging_mixin.py:150} INFO - [2023-07-22T15:24:32.888-0500] {dag.py:3504} INFO - Setting next_dagrun for latest_only to 2023-07-22T16:24:32.888854+00:00, run_after=2023-07-22T20:24:32.888854+00:00
[2023-07-22T15:24:32.917-0500] {processor.py:179} INFO - Processing /Users/abhishekpatkar/Documents/Projects/af_file_loader/venv/lib/python3.11/site-packages/airflow/example_dags/example_latest_only.py took 1.599 seconds
[2023-07-22T15:30:48.756-0500] {processor.py:157} INFO - Started process (PID=18777) to work on /Users/abhishekpatkar/Documents/Projects/af_file_loader/venv/lib/python3.11/site-packages/airflow/example_dags/example_latest_only.py
[2023-07-22T15:30:48.761-0500] {processor.py:826} INFO - Processing file /Users/abhishekpatkar/Documents/Projects/af_file_loader/venv/lib/python3.11/site-packages/airflow/example_dags/example_latest_only.py for tasks to queue
[2023-07-22T15:30:48.762-0500] {logging_mixin.py:150} INFO - [2023-07-22T15:30:48.762-0500] {dagbag.py:541} INFO - Filling up the DagBag from /Users/abhishekpatkar/Documents/Projects/af_file_loader/venv/lib/python3.11/site-packages/airflow/example_dags/example_latest_only.py
[2023-07-22T15:30:48.818-0500] {processor.py:836} INFO - DAG(s) dict_keys(['latest_only']) retrieved from /Users/abhishekpatkar/Documents/Projects/af_file_loader/venv/lib/python3.11/site-packages/airflow/example_dags/example_latest_only.py
[2023-07-22T15:30:50.074-0500] {logging_mixin.py:150} INFO - [2023-07-22T15:30:50.020-0500] {dag.py:2742} INFO - Sync 1 DAGs
[2023-07-22T15:30:50.090-0500] {logging_mixin.py:150} INFO - [2023-07-22T15:30:50.090-0500] {dag.py:3504} INFO - Setting next_dagrun for latest_only to 2023-07-22T16:30:50.090081+00:00, run_after=2023-07-22T20:30:50.090081+00:00
[2023-07-22T15:30:50.110-0500] {processor.py:179} INFO - Processing /Users/abhishekpatkar/Documents/Projects/af_file_loader/venv/lib/python3.11/site-packages/airflow/example_dags/example_latest_only.py took 1.356 seconds
[2023-07-22T15:33:04.884-0500] {processor.py:157} INFO - Started process (PID=18860) to work on /Users/abhishekpatkar/Documents/Projects/af_file_loader/venv/lib/python3.11/site-packages/airflow/example_dags/example_latest_only.py
[2023-07-22T15:33:04.888-0500] {processor.py:826} INFO - Processing file /Users/abhishekpatkar/Documents/Projects/af_file_loader/venv/lib/python3.11/site-packages/airflow/example_dags/example_latest_only.py for tasks to queue
[2023-07-22T15:33:04.889-0500] {logging_mixin.py:150} INFO - [2023-07-22T15:33:04.889-0500] {dagbag.py:541} INFO - Filling up the DagBag from /Users/abhishekpatkar/Documents/Projects/af_file_loader/venv/lib/python3.11/site-packages/airflow/example_dags/example_latest_only.py
[2023-07-22T15:33:04.907-0500] {processor.py:836} INFO - DAG(s) dict_keys(['latest_only']) retrieved from /Users/abhishekpatkar/Documents/Projects/af_file_loader/venv/lib/python3.11/site-packages/airflow/example_dags/example_latest_only.py
[2023-07-22T15:33:05.659-0500] {logging_mixin.py:150} INFO - [2023-07-22T15:33:05.594-0500] {dag.py:2742} INFO - Sync 1 DAGs
[2023-07-22T15:33:05.683-0500] {logging_mixin.py:150} INFO - [2023-07-22T15:33:05.683-0500] {dag.py:3504} INFO - Setting next_dagrun for latest_only to 2023-07-22T16:33:05.683574+00:00, run_after=2023-07-22T20:33:05.683574+00:00
[2023-07-22T15:33:05.704-0500] {processor.py:179} INFO - Processing /Users/abhishekpatkar/Documents/Projects/af_file_loader/venv/lib/python3.11/site-packages/airflow/example_dags/example_latest_only.py took 0.820 seconds
[2023-07-22T15:36:48.323-0500] {processor.py:157} INFO - Started process (PID=19160) to work on /Users/abhishekpatkar/Documents/Projects/af_file_loader/venv/lib/python3.11/site-packages/airflow/example_dags/example_latest_only.py
[2023-07-22T15:36:48.328-0500] {processor.py:826} INFO - Processing file /Users/abhishekpatkar/Documents/Projects/af_file_loader/venv/lib/python3.11/site-packages/airflow/example_dags/example_latest_only.py for tasks to queue
[2023-07-22T15:36:48.329-0500] {logging_mixin.py:150} INFO - [2023-07-22T15:36:48.329-0500] {dagbag.py:541} INFO - Filling up the DagBag from /Users/abhishekpatkar/Documents/Projects/af_file_loader/venv/lib/python3.11/site-packages/airflow/example_dags/example_latest_only.py
[2023-07-22T15:36:48.347-0500] {processor.py:836} INFO - DAG(s) dict_keys(['latest_only']) retrieved from /Users/abhishekpatkar/Documents/Projects/af_file_loader/venv/lib/python3.11/site-packages/airflow/example_dags/example_latest_only.py
[2023-07-22T15:36:49.027-0500] {logging_mixin.py:150} INFO - [2023-07-22T15:36:48.974-0500] {dag.py:2742} INFO - Sync 1 DAGs
[2023-07-22T15:36:49.042-0500] {logging_mixin.py:150} INFO - [2023-07-22T15:36:49.041-0500] {dag.py:3504} INFO - Setting next_dagrun for latest_only to 2023-07-22T16:36:49.041848+00:00, run_after=2023-07-22T20:36:49.041848+00:00
[2023-07-22T15:36:49.061-0500] {processor.py:179} INFO - Processing /Users/abhishekpatkar/Documents/Projects/af_file_loader/venv/lib/python3.11/site-packages/airflow/example_dags/example_latest_only.py took 0.739 seconds
[2023-07-22T15:51:08.320-0500] {processor.py:157} INFO - Started process (PID=19690) to work on /Users/abhishekpatkar/Documents/Projects/af_file_loader/venv/lib/python3.11/site-packages/airflow/example_dags/example_latest_only.py
[2023-07-22T15:51:08.325-0500] {processor.py:826} INFO - Processing file /Users/abhishekpatkar/Documents/Projects/af_file_loader/venv/lib/python3.11/site-packages/airflow/example_dags/example_latest_only.py for tasks to queue
[2023-07-22T15:51:08.326-0500] {logging_mixin.py:150} INFO - [2023-07-22T15:51:08.326-0500] {dagbag.py:541} INFO - Filling up the DagBag from /Users/abhishekpatkar/Documents/Projects/af_file_loader/venv/lib/python3.11/site-packages/airflow/example_dags/example_latest_only.py
[2023-07-22T15:51:08.354-0500] {processor.py:836} INFO - DAG(s) dict_keys(['latest_only']) retrieved from /Users/abhishekpatkar/Documents/Projects/af_file_loader/venv/lib/python3.11/site-packages/airflow/example_dags/example_latest_only.py
[2023-07-22T15:51:09.454-0500] {logging_mixin.py:150} INFO - [2023-07-22T15:51:09.370-0500] {dag.py:2742} INFO - Sync 1 DAGs
[2023-07-22T15:51:09.490-0500] {logging_mixin.py:150} INFO - [2023-07-22T15:51:09.490-0500] {dag.py:3504} INFO - Setting next_dagrun for latest_only to 2023-07-22T16:51:09.490394+00:00, run_after=2023-07-22T20:51:09.490394+00:00
[2023-07-22T15:51:09.553-0500] {processor.py:179} INFO - Processing /Users/abhishekpatkar/Documents/Projects/af_file_loader/venv/lib/python3.11/site-packages/airflow/example_dags/example_latest_only.py took 1.234 seconds
[2023-07-22T15:56:26.530-0500] {processor.py:157} INFO - Started process (PID=20106) to work on /Users/abhishekpatkar/Documents/Projects/af_file_loader/venv/lib/python3.11/site-packages/airflow/example_dags/example_latest_only.py
[2023-07-22T15:56:26.536-0500] {processor.py:826} INFO - Processing file /Users/abhishekpatkar/Documents/Projects/af_file_loader/venv/lib/python3.11/site-packages/airflow/example_dags/example_latest_only.py for tasks to queue
[2023-07-22T15:56:26.536-0500] {logging_mixin.py:150} INFO - [2023-07-22T15:56:26.536-0500] {dagbag.py:541} INFO - Filling up the DagBag from /Users/abhishekpatkar/Documents/Projects/af_file_loader/venv/lib/python3.11/site-packages/airflow/example_dags/example_latest_only.py
[2023-07-22T15:56:26.563-0500] {processor.py:836} INFO - DAG(s) dict_keys(['latest_only']) retrieved from /Users/abhishekpatkar/Documents/Projects/af_file_loader/venv/lib/python3.11/site-packages/airflow/example_dags/example_latest_only.py
[2023-07-22T15:56:27.547-0500] {logging_mixin.py:150} INFO - [2023-07-22T15:56:27.471-0500] {dag.py:2742} INFO - Sync 1 DAGs
[2023-07-22T15:56:27.570-0500] {logging_mixin.py:150} INFO - [2023-07-22T15:56:27.570-0500] {dag.py:3504} INFO - Setting next_dagrun for latest_only to 2023-07-22T16:56:27.570191+00:00, run_after=2023-07-22T20:56:27.570191+00:00
[2023-07-22T15:56:27.600-0500] {processor.py:179} INFO - Processing /Users/abhishekpatkar/Documents/Projects/af_file_loader/venv/lib/python3.11/site-packages/airflow/example_dags/example_latest_only.py took 1.072 seconds
[2023-07-22T16:01:28.972-0500] {processor.py:157} INFO - Started process (PID=20350) to work on /Users/abhishekpatkar/Documents/Projects/af_file_loader/venv/lib/python3.11/site-packages/airflow/example_dags/example_latest_only.py
[2023-07-22T16:01:28.978-0500] {processor.py:826} INFO - Processing file /Users/abhishekpatkar/Documents/Projects/af_file_loader/venv/lib/python3.11/site-packages/airflow/example_dags/example_latest_only.py for tasks to queue
[2023-07-22T16:01:28.979-0500] {logging_mixin.py:150} INFO - [2023-07-22T16:01:28.979-0500] {dagbag.py:541} INFO - Filling up the DagBag from /Users/abhishekpatkar/Documents/Projects/af_file_loader/venv/lib/python3.11/site-packages/airflow/example_dags/example_latest_only.py
[2023-07-22T16:01:29.001-0500] {processor.py:836} INFO - DAG(s) dict_keys(['latest_only']) retrieved from /Users/abhishekpatkar/Documents/Projects/af_file_loader/venv/lib/python3.11/site-packages/airflow/example_dags/example_latest_only.py
[2023-07-22T16:01:29.808-0500] {logging_mixin.py:150} INFO - [2023-07-22T16:01:29.738-0500] {dag.py:2742} INFO - Sync 1 DAGs
[2023-07-22T16:01:29.824-0500] {logging_mixin.py:150} INFO - [2023-07-22T16:01:29.824-0500] {dag.py:3504} INFO - Setting next_dagrun for latest_only to 2023-07-22T17:01:29.824261+00:00, run_after=2023-07-22T21:01:29.824261+00:00
[2023-07-22T16:01:29.848-0500] {processor.py:179} INFO - Processing /Users/abhishekpatkar/Documents/Projects/af_file_loader/venv/lib/python3.11/site-packages/airflow/example_dags/example_latest_only.py took 0.877 seconds
[2023-07-22T16:05:22.352-0500] {processor.py:157} INFO - Started process (PID=20511) to work on /Users/abhishekpatkar/Documents/Projects/af_file_loader/venv/lib/python3.11/site-packages/airflow/example_dags/example_latest_only.py
[2023-07-22T16:05:22.356-0500] {processor.py:826} INFO - Processing file /Users/abhishekpatkar/Documents/Projects/af_file_loader/venv/lib/python3.11/site-packages/airflow/example_dags/example_latest_only.py for tasks to queue
[2023-07-22T16:05:22.357-0500] {logging_mixin.py:150} INFO - [2023-07-22T16:05:22.357-0500] {dagbag.py:541} INFO - Filling up the DagBag from /Users/abhishekpatkar/Documents/Projects/af_file_loader/venv/lib/python3.11/site-packages/airflow/example_dags/example_latest_only.py
[2023-07-22T16:05:22.374-0500] {processor.py:836} INFO - DAG(s) dict_keys(['latest_only']) retrieved from /Users/abhishekpatkar/Documents/Projects/af_file_loader/venv/lib/python3.11/site-packages/airflow/example_dags/example_latest_only.py
[2023-07-22T16:05:23.002-0500] {logging_mixin.py:150} INFO - [2023-07-22T16:05:22.948-0500] {dag.py:2742} INFO - Sync 1 DAGs
[2023-07-22T16:05:23.018-0500] {logging_mixin.py:150} INFO - [2023-07-22T16:05:23.018-0500] {dag.py:3504} INFO - Setting next_dagrun for latest_only to 2023-07-22T17:05:23.018641+00:00, run_after=2023-07-22T21:05:23.018641+00:00
[2023-07-22T16:05:23.036-0500] {processor.py:179} INFO - Processing /Users/abhishekpatkar/Documents/Projects/af_file_loader/venv/lib/python3.11/site-packages/airflow/example_dags/example_latest_only.py took 0.686 seconds
[2023-07-22T16:09:03.954-0500] {processor.py:157} INFO - Started process (PID=20679) to work on /Users/abhishekpatkar/Documents/Projects/af_file_loader/venv/lib/python3.11/site-packages/airflow/example_dags/example_latest_only.py
[2023-07-22T16:09:03.958-0500] {processor.py:826} INFO - Processing file /Users/abhishekpatkar/Documents/Projects/af_file_loader/venv/lib/python3.11/site-packages/airflow/example_dags/example_latest_only.py for tasks to queue
[2023-07-22T16:09:03.959-0500] {logging_mixin.py:150} INFO - [2023-07-22T16:09:03.959-0500] {dagbag.py:541} INFO - Filling up the DagBag from /Users/abhishekpatkar/Documents/Projects/af_file_loader/venv/lib/python3.11/site-packages/airflow/example_dags/example_latest_only.py
[2023-07-22T16:09:03.977-0500] {processor.py:836} INFO - DAG(s) dict_keys(['latest_only']) retrieved from /Users/abhishekpatkar/Documents/Projects/af_file_loader/venv/lib/python3.11/site-packages/airflow/example_dags/example_latest_only.py
[2023-07-22T16:09:04.606-0500] {logging_mixin.py:150} INFO - [2023-07-22T16:09:04.554-0500] {dag.py:2742} INFO - Sync 1 DAGs
[2023-07-22T16:09:04.622-0500] {logging_mixin.py:150} INFO - [2023-07-22T16:09:04.621-0500] {dag.py:3504} INFO - Setting next_dagrun for latest_only to 2023-07-22T17:09:04.621836+00:00, run_after=2023-07-22T21:09:04.621836+00:00
[2023-07-22T16:09:04.640-0500] {processor.py:179} INFO - Processing /Users/abhishekpatkar/Documents/Projects/af_file_loader/venv/lib/python3.11/site-packages/airflow/example_dags/example_latest_only.py took 0.688 seconds
[2023-07-22T16:24:37.827-0500] {processor.py:157} INFO - Started process (PID=20885) to work on /Users/abhishekpatkar/Documents/Projects/af_file_loader/venv/lib/python3.11/site-packages/airflow/example_dags/example_latest_only.py
[2023-07-22T16:24:37.831-0500] {processor.py:826} INFO - Processing file /Users/abhishekpatkar/Documents/Projects/af_file_loader/venv/lib/python3.11/site-packages/airflow/example_dags/example_latest_only.py for tasks to queue
[2023-07-22T16:24:37.832-0500] {logging_mixin.py:150} INFO - [2023-07-22T16:24:37.832-0500] {dagbag.py:541} INFO - Filling up the DagBag from /Users/abhishekpatkar/Documents/Projects/af_file_loader/venv/lib/python3.11/site-packages/airflow/example_dags/example_latest_only.py
[2023-07-22T16:24:37.855-0500] {processor.py:836} INFO - DAG(s) dict_keys(['latest_only']) retrieved from /Users/abhishekpatkar/Documents/Projects/af_file_loader/venv/lib/python3.11/site-packages/airflow/example_dags/example_latest_only.py
[2023-07-22T16:24:39.170-0500] {logging_mixin.py:150} INFO - [2023-07-22T16:24:39.081-0500] {dag.py:2742} INFO - Sync 1 DAGs
[2023-07-22T16:24:39.196-0500] {logging_mixin.py:150} INFO - [2023-07-22T16:24:39.195-0500] {dag.py:3504} INFO - Setting next_dagrun for latest_only to 2023-07-22T17:24:39.195301+00:00, run_after=2023-07-22T21:24:39.195301+00:00
[2023-07-22T16:24:39.223-0500] {processor.py:179} INFO - Processing /Users/abhishekpatkar/Documents/Projects/af_file_loader/venv/lib/python3.11/site-packages/airflow/example_dags/example_latest_only.py took 1.397 seconds
[2023-07-22T16:31:21.131-0500] {processor.py:157} INFO - Started process (PID=21136) to work on /Users/abhishekpatkar/Documents/Projects/af_file_loader/venv/lib/python3.11/site-packages/airflow/example_dags/example_latest_only.py
[2023-07-22T16:31:21.140-0500] {processor.py:826} INFO - Processing file /Users/abhishekpatkar/Documents/Projects/af_file_loader/venv/lib/python3.11/site-packages/airflow/example_dags/example_latest_only.py for tasks to queue
[2023-07-22T16:31:21.141-0500] {logging_mixin.py:150} INFO - [2023-07-22T16:31:21.141-0500] {dagbag.py:541} INFO - Filling up the DagBag from /Users/abhishekpatkar/Documents/Projects/af_file_loader/venv/lib/python3.11/site-packages/airflow/example_dags/example_latest_only.py
[2023-07-22T16:31:21.168-0500] {processor.py:836} INFO - DAG(s) dict_keys(['latest_only']) retrieved from /Users/abhishekpatkar/Documents/Projects/af_file_loader/venv/lib/python3.11/site-packages/airflow/example_dags/example_latest_only.py
[2023-07-22T16:31:22.286-0500] {logging_mixin.py:150} INFO - [2023-07-22T16:31:22.121-0500] {dag.py:2742} INFO - Sync 1 DAGs
[2023-07-22T16:31:22.325-0500] {logging_mixin.py:150} INFO - [2023-07-22T16:31:22.324-0500] {dag.py:3504} INFO - Setting next_dagrun for latest_only to 2023-07-22T17:31:22.324051+00:00, run_after=2023-07-22T21:31:22.324051+00:00
[2023-07-22T16:31:22.375-0500] {processor.py:179} INFO - Processing /Users/abhishekpatkar/Documents/Projects/af_file_loader/venv/lib/python3.11/site-packages/airflow/example_dags/example_latest_only.py took 1.245 seconds
[2023-07-22T16:34:42.666-0500] {processor.py:157} INFO - Started process (PID=21243) to work on /Users/abhishekpatkar/Documents/Projects/af_file_loader/venv/lib/python3.11/site-packages/airflow/example_dags/example_latest_only.py
[2023-07-22T16:34:42.674-0500] {processor.py:826} INFO - Processing file /Users/abhishekpatkar/Documents/Projects/af_file_loader/venv/lib/python3.11/site-packages/airflow/example_dags/example_latest_only.py for tasks to queue
[2023-07-22T16:34:42.675-0500] {logging_mixin.py:150} INFO - [2023-07-22T16:34:42.675-0500] {dagbag.py:541} INFO - Filling up the DagBag from /Users/abhishekpatkar/Documents/Projects/af_file_loader/venv/lib/python3.11/site-packages/airflow/example_dags/example_latest_only.py
[2023-07-22T16:34:42.710-0500] {processor.py:836} INFO - DAG(s) dict_keys(['latest_only']) retrieved from /Users/abhishekpatkar/Documents/Projects/af_file_loader/venv/lib/python3.11/site-packages/airflow/example_dags/example_latest_only.py
[2023-07-22T16:34:44.455-0500] {logging_mixin.py:150} INFO - [2023-07-22T16:34:44.280-0500] {dag.py:2742} INFO - Sync 1 DAGs
[2023-07-22T16:34:44.499-0500] {logging_mixin.py:150} INFO - [2023-07-22T16:34:44.498-0500] {dag.py:3504} INFO - Setting next_dagrun for latest_only to 2023-07-22T17:34:44.498585+00:00, run_after=2023-07-22T21:34:44.498585+00:00
[2023-07-22T16:34:44.522-0500] {processor.py:179} INFO - Processing /Users/abhishekpatkar/Documents/Projects/af_file_loader/venv/lib/python3.11/site-packages/airflow/example_dags/example_latest_only.py took 1.856 seconds
[2023-07-22T16:38:58.487-0500] {processor.py:157} INFO - Started process (PID=21378) to work on /Users/abhishekpatkar/Documents/Projects/af_file_loader/venv/lib/python3.11/site-packages/airflow/example_dags/example_latest_only.py
[2023-07-22T16:38:58.493-0500] {processor.py:826} INFO - Processing file /Users/abhishekpatkar/Documents/Projects/af_file_loader/venv/lib/python3.11/site-packages/airflow/example_dags/example_latest_only.py for tasks to queue
[2023-07-22T16:38:58.494-0500] {logging_mixin.py:150} INFO - [2023-07-22T16:38:58.494-0500] {dagbag.py:541} INFO - Filling up the DagBag from /Users/abhishekpatkar/Documents/Projects/af_file_loader/venv/lib/python3.11/site-packages/airflow/example_dags/example_latest_only.py
[2023-07-22T16:38:58.517-0500] {processor.py:836} INFO - DAG(s) dict_keys(['latest_only']) retrieved from /Users/abhishekpatkar/Documents/Projects/af_file_loader/venv/lib/python3.11/site-packages/airflow/example_dags/example_latest_only.py
[2023-07-22T16:38:59.305-0500] {logging_mixin.py:150} INFO - [2023-07-22T16:38:59.237-0500] {dag.py:2742} INFO - Sync 1 DAGs
[2023-07-22T16:38:59.324-0500] {logging_mixin.py:150} INFO - [2023-07-22T16:38:59.324-0500] {dag.py:3504} INFO - Setting next_dagrun for latest_only to 2023-07-22T17:38:59.323861+00:00, run_after=2023-07-22T21:38:59.323861+00:00
[2023-07-22T16:38:59.348-0500] {processor.py:179} INFO - Processing /Users/abhishekpatkar/Documents/Projects/af_file_loader/venv/lib/python3.11/site-packages/airflow/example_dags/example_latest_only.py took 0.861 seconds
[2023-07-22T16:43:27.102-0500] {processor.py:157} INFO - Started process (PID=21566) to work on /Users/abhishekpatkar/Documents/Projects/af_file_loader/venv/lib/python3.11/site-packages/airflow/example_dags/example_latest_only.py
[2023-07-22T16:43:27.113-0500] {processor.py:826} INFO - Processing file /Users/abhishekpatkar/Documents/Projects/af_file_loader/venv/lib/python3.11/site-packages/airflow/example_dags/example_latest_only.py for tasks to queue
[2023-07-22T16:43:27.115-0500] {logging_mixin.py:150} INFO - [2023-07-22T16:43:27.114-0500] {dagbag.py:541} INFO - Filling up the DagBag from /Users/abhishekpatkar/Documents/Projects/af_file_loader/venv/lib/python3.11/site-packages/airflow/example_dags/example_latest_only.py
[2023-07-22T16:43:27.175-0500] {processor.py:836} INFO - DAG(s) dict_keys(['latest_only']) retrieved from /Users/abhishekpatkar/Documents/Projects/af_file_loader/venv/lib/python3.11/site-packages/airflow/example_dags/example_latest_only.py
[2023-07-22T16:43:28.522-0500] {logging_mixin.py:150} INFO - [2023-07-22T16:43:28.418-0500] {dag.py:2742} INFO - Sync 1 DAGs
[2023-07-22T16:43:28.559-0500] {logging_mixin.py:150} INFO - [2023-07-22T16:43:28.559-0500] {dag.py:3504} INFO - Setting next_dagrun for latest_only to 2023-07-22T17:43:28.559061+00:00, run_after=2023-07-22T21:43:28.559061+00:00
[2023-07-22T16:43:28.591-0500] {processor.py:179} INFO - Processing /Users/abhishekpatkar/Documents/Projects/af_file_loader/venv/lib/python3.11/site-packages/airflow/example_dags/example_latest_only.py took 1.492 seconds
[2023-07-22T16:47:16.822-0500] {processor.py:157} INFO - Started process (PID=21681) to work on /Users/abhishekpatkar/Documents/Projects/af_file_loader/venv/lib/python3.11/site-packages/airflow/example_dags/example_latest_only.py
[2023-07-22T16:47:16.826-0500] {processor.py:826} INFO - Processing file /Users/abhishekpatkar/Documents/Projects/af_file_loader/venv/lib/python3.11/site-packages/airflow/example_dags/example_latest_only.py for tasks to queue
[2023-07-22T16:47:16.826-0500] {logging_mixin.py:150} INFO - [2023-07-22T16:47:16.826-0500] {dagbag.py:541} INFO - Filling up the DagBag from /Users/abhishekpatkar/Documents/Projects/af_file_loader/venv/lib/python3.11/site-packages/airflow/example_dags/example_latest_only.py
[2023-07-22T16:47:16.854-0500] {processor.py:836} INFO - DAG(s) dict_keys(['latest_only']) retrieved from /Users/abhishekpatkar/Documents/Projects/af_file_loader/venv/lib/python3.11/site-packages/airflow/example_dags/example_latest_only.py
[2023-07-22T16:47:18.306-0500] {logging_mixin.py:150} INFO - [2023-07-22T16:47:18.199-0500] {dag.py:2742} INFO - Sync 1 DAGs
[2023-07-22T16:47:18.344-0500] {logging_mixin.py:150} INFO - [2023-07-22T16:47:18.344-0500] {dag.py:3504} INFO - Setting next_dagrun for latest_only to 2023-07-22T17:47:18.344438+00:00, run_after=2023-07-22T21:47:18.344438+00:00
[2023-07-22T16:47:18.410-0500] {processor.py:179} INFO - Processing /Users/abhishekpatkar/Documents/Projects/af_file_loader/venv/lib/python3.11/site-packages/airflow/example_dags/example_latest_only.py took 1.590 seconds
[2023-07-22T16:51:03.119-0500] {processor.py:157} INFO - Started process (PID=21794) to work on /Users/abhishekpatkar/Documents/Projects/af_file_loader/venv/lib/python3.11/site-packages/airflow/example_dags/example_latest_only.py
[2023-07-22T16:51:03.127-0500] {processor.py:826} INFO - Processing file /Users/abhishekpatkar/Documents/Projects/af_file_loader/venv/lib/python3.11/site-packages/airflow/example_dags/example_latest_only.py for tasks to queue
[2023-07-22T16:51:03.132-0500] {logging_mixin.py:150} INFO - [2023-07-22T16:51:03.129-0500] {dagbag.py:541} INFO - Filling up the DagBag from /Users/abhishekpatkar/Documents/Projects/af_file_loader/venv/lib/python3.11/site-packages/airflow/example_dags/example_latest_only.py
[2023-07-22T16:51:03.191-0500] {processor.py:836} INFO - DAG(s) dict_keys(['latest_only']) retrieved from /Users/abhishekpatkar/Documents/Projects/af_file_loader/venv/lib/python3.11/site-packages/airflow/example_dags/example_latest_only.py
[2023-07-22T16:51:04.673-0500] {logging_mixin.py:150} INFO - [2023-07-22T16:51:04.584-0500] {dag.py:2742} INFO - Sync 1 DAGs
[2023-07-22T16:51:04.702-0500] {logging_mixin.py:150} INFO - [2023-07-22T16:51:04.702-0500] {dag.py:3504} INFO - Setting next_dagrun for latest_only to 2023-07-22T17:51:04.702069+00:00, run_after=2023-07-22T21:51:04.702069+00:00
[2023-07-22T16:51:04.736-0500] {processor.py:179} INFO - Processing /Users/abhishekpatkar/Documents/Projects/af_file_loader/venv/lib/python3.11/site-packages/airflow/example_dags/example_latest_only.py took 1.618 seconds
[2023-07-22T16:54:43.627-0500] {processor.py:157} INFO - Started process (PID=21912) to work on /Users/abhishekpatkar/Documents/Projects/af_file_loader/venv/lib/python3.11/site-packages/airflow/example_dags/example_latest_only.py
[2023-07-22T16:54:43.638-0500] {processor.py:826} INFO - Processing file /Users/abhishekpatkar/Documents/Projects/af_file_loader/venv/lib/python3.11/site-packages/airflow/example_dags/example_latest_only.py for tasks to queue
[2023-07-22T16:54:43.638-0500] {logging_mixin.py:150} INFO - [2023-07-22T16:54:43.638-0500] {dagbag.py:541} INFO - Filling up the DagBag from /Users/abhishekpatkar/Documents/Projects/af_file_loader/venv/lib/python3.11/site-packages/airflow/example_dags/example_latest_only.py
[2023-07-22T16:54:43.684-0500] {processor.py:836} INFO - DAG(s) dict_keys(['latest_only']) retrieved from /Users/abhishekpatkar/Documents/Projects/af_file_loader/venv/lib/python3.11/site-packages/airflow/example_dags/example_latest_only.py
[2023-07-22T16:54:45.240-0500] {logging_mixin.py:150} INFO - [2023-07-22T16:54:45.137-0500] {dag.py:2742} INFO - Sync 1 DAGs
[2023-07-22T16:54:45.275-0500] {logging_mixin.py:150} INFO - [2023-07-22T16:54:45.275-0500] {dag.py:3504} INFO - Setting next_dagrun for latest_only to 2023-07-22T17:54:45.275610+00:00, run_after=2023-07-22T21:54:45.275610+00:00
[2023-07-22T16:54:45.312-0500] {processor.py:179} INFO - Processing /Users/abhishekpatkar/Documents/Projects/af_file_loader/venv/lib/python3.11/site-packages/airflow/example_dags/example_latest_only.py took 1.686 seconds
[2023-07-22T16:57:49.313-0500] {processor.py:157} INFO - Started process (PID=22018) to work on /Users/abhishekpatkar/Documents/Projects/af_file_loader/venv/lib/python3.11/site-packages/airflow/example_dags/example_latest_only.py
[2023-07-22T16:57:49.323-0500] {processor.py:826} INFO - Processing file /Users/abhishekpatkar/Documents/Projects/af_file_loader/venv/lib/python3.11/site-packages/airflow/example_dags/example_latest_only.py for tasks to queue
[2023-07-22T16:57:49.324-0500] {logging_mixin.py:150} INFO - [2023-07-22T16:57:49.324-0500] {dagbag.py:541} INFO - Filling up the DagBag from /Users/abhishekpatkar/Documents/Projects/af_file_loader/venv/lib/python3.11/site-packages/airflow/example_dags/example_latest_only.py
[2023-07-22T16:57:49.358-0500] {processor.py:836} INFO - DAG(s) dict_keys(['latest_only']) retrieved from /Users/abhishekpatkar/Documents/Projects/af_file_loader/venv/lib/python3.11/site-packages/airflow/example_dags/example_latest_only.py
[2023-07-22T16:57:50.492-0500] {logging_mixin.py:150} INFO - [2023-07-22T16:57:50.401-0500] {dag.py:2742} INFO - Sync 1 DAGs
[2023-07-22T16:57:50.522-0500] {logging_mixin.py:150} INFO - [2023-07-22T16:57:50.522-0500] {dag.py:3504} INFO - Setting next_dagrun for latest_only to 2023-07-22T17:57:50.522352+00:00, run_after=2023-07-22T21:57:50.522352+00:00
[2023-07-22T16:57:50.563-0500] {processor.py:179} INFO - Processing /Users/abhishekpatkar/Documents/Projects/af_file_loader/venv/lib/python3.11/site-packages/airflow/example_dags/example_latest_only.py took 1.250 seconds
[2023-07-22T17:01:56.042-0500] {processor.py:157} INFO - Started process (PID=22169) to work on /Users/abhishekpatkar/Documents/Projects/af_file_loader/venv/lib/python3.11/site-packages/airflow/example_dags/example_latest_only.py
[2023-07-22T17:01:56.061-0500] {processor.py:826} INFO - Processing file /Users/abhishekpatkar/Documents/Projects/af_file_loader/venv/lib/python3.11/site-packages/airflow/example_dags/example_latest_only.py for tasks to queue
[2023-07-22T17:01:56.062-0500] {logging_mixin.py:150} INFO - [2023-07-22T17:01:56.061-0500] {dagbag.py:541} INFO - Filling up the DagBag from /Users/abhishekpatkar/Documents/Projects/af_file_loader/venv/lib/python3.11/site-packages/airflow/example_dags/example_latest_only.py
[2023-07-22T17:01:56.209-0500] {processor.py:836} INFO - DAG(s) dict_keys(['latest_only']) retrieved from /Users/abhishekpatkar/Documents/Projects/af_file_loader/venv/lib/python3.11/site-packages/airflow/example_dags/example_latest_only.py
[2023-07-22T17:01:58.632-0500] {logging_mixin.py:150} INFO - [2023-07-22T17:01:58.174-0500] {dag.py:2742} INFO - Sync 1 DAGs
[2023-07-22T17:01:58.849-0500] {logging_mixin.py:150} INFO - [2023-07-22T17:01:58.848-0500] {dag.py:3504} INFO - Setting next_dagrun for latest_only to 2023-07-22T18:01:58.848531+00:00, run_after=2023-07-22T22:01:58.848531+00:00
[2023-07-22T17:01:58.895-0500] {processor.py:179} INFO - Processing /Users/abhishekpatkar/Documents/Projects/af_file_loader/venv/lib/python3.11/site-packages/airflow/example_dags/example_latest_only.py took 2.854 seconds
[2023-07-22T17:04:30.325-0500] {processor.py:157} INFO - Started process (PID=22284) to work on /Users/abhishekpatkar/Documents/Projects/af_file_loader/venv/lib/python3.11/site-packages/airflow/example_dags/example_latest_only.py
[2023-07-22T17:04:30.330-0500] {processor.py:826} INFO - Processing file /Users/abhishekpatkar/Documents/Projects/af_file_loader/venv/lib/python3.11/site-packages/airflow/example_dags/example_latest_only.py for tasks to queue
[2023-07-22T17:04:30.331-0500] {logging_mixin.py:150} INFO - [2023-07-22T17:04:30.330-0500] {dagbag.py:541} INFO - Filling up the DagBag from /Users/abhishekpatkar/Documents/Projects/af_file_loader/venv/lib/python3.11/site-packages/airflow/example_dags/example_latest_only.py
[2023-07-22T17:04:30.348-0500] {processor.py:836} INFO - DAG(s) dict_keys(['latest_only']) retrieved from /Users/abhishekpatkar/Documents/Projects/af_file_loader/venv/lib/python3.11/site-packages/airflow/example_dags/example_latest_only.py
[2023-07-22T17:04:31.115-0500] {logging_mixin.py:150} INFO - [2023-07-22T17:04:31.055-0500] {dag.py:2742} INFO - Sync 1 DAGs
[2023-07-22T17:04:31.131-0500] {logging_mixin.py:150} INFO - [2023-07-22T17:04:31.131-0500] {dag.py:3504} INFO - Setting next_dagrun for latest_only to 2023-07-22T18:04:31.131444+00:00, run_after=2023-07-22T22:04:31.131444+00:00
[2023-07-22T17:04:31.152-0500] {processor.py:179} INFO - Processing /Users/abhishekpatkar/Documents/Projects/af_file_loader/venv/lib/python3.11/site-packages/airflow/example_dags/example_latest_only.py took 0.828 seconds
[2023-07-22T17:08:26.509-0500] {processor.py:157} INFO - Started process (PID=22442) to work on /Users/abhishekpatkar/Documents/Projects/af_file_loader/venv/lib/python3.11/site-packages/airflow/example_dags/example_latest_only.py
[2023-07-22T17:08:26.514-0500] {processor.py:826} INFO - Processing file /Users/abhishekpatkar/Documents/Projects/af_file_loader/venv/lib/python3.11/site-packages/airflow/example_dags/example_latest_only.py for tasks to queue
[2023-07-22T17:08:26.515-0500] {logging_mixin.py:150} INFO - [2023-07-22T17:08:26.515-0500] {dagbag.py:541} INFO - Filling up the DagBag from /Users/abhishekpatkar/Documents/Projects/af_file_loader/venv/lib/python3.11/site-packages/airflow/example_dags/example_latest_only.py
[2023-07-22T17:08:26.533-0500] {processor.py:836} INFO - DAG(s) dict_keys(['latest_only']) retrieved from /Users/abhishekpatkar/Documents/Projects/af_file_loader/venv/lib/python3.11/site-packages/airflow/example_dags/example_latest_only.py
[2023-07-22T17:08:27.254-0500] {logging_mixin.py:150} INFO - [2023-07-22T17:08:27.193-0500] {dag.py:2742} INFO - Sync 1 DAGs
[2023-07-22T17:08:27.273-0500] {logging_mixin.py:150} INFO - [2023-07-22T17:08:27.273-0500] {dag.py:3504} INFO - Setting next_dagrun for latest_only to 2023-07-22T18:08:27.273574+00:00, run_after=2023-07-22T22:08:27.273574+00:00
[2023-07-22T17:08:27.293-0500] {processor.py:179} INFO - Processing /Users/abhishekpatkar/Documents/Projects/af_file_loader/venv/lib/python3.11/site-packages/airflow/example_dags/example_latest_only.py took 0.785 seconds
[2023-07-22T17:12:25.745-0500] {processor.py:157} INFO - Started process (PID=22597) to work on /Users/abhishekpatkar/Documents/Projects/af_file_loader/venv/lib/python3.11/site-packages/airflow/example_dags/example_latest_only.py
[2023-07-22T17:12:25.751-0500] {processor.py:826} INFO - Processing file /Users/abhishekpatkar/Documents/Projects/af_file_loader/venv/lib/python3.11/site-packages/airflow/example_dags/example_latest_only.py for tasks to queue
[2023-07-22T17:12:25.752-0500] {logging_mixin.py:150} INFO - [2023-07-22T17:12:25.752-0500] {dagbag.py:541} INFO - Filling up the DagBag from /Users/abhishekpatkar/Documents/Projects/af_file_loader/venv/lib/python3.11/site-packages/airflow/example_dags/example_latest_only.py
[2023-07-22T17:12:25.772-0500] {processor.py:836} INFO - DAG(s) dict_keys(['latest_only']) retrieved from /Users/abhishekpatkar/Documents/Projects/af_file_loader/venv/lib/python3.11/site-packages/airflow/example_dags/example_latest_only.py
[2023-07-22T17:12:26.515-0500] {logging_mixin.py:150} INFO - [2023-07-22T17:12:26.455-0500] {dag.py:2742} INFO - Sync 1 DAGs
[2023-07-22T17:12:26.534-0500] {logging_mixin.py:150} INFO - [2023-07-22T17:12:26.534-0500] {dag.py:3504} INFO - Setting next_dagrun for latest_only to 2023-07-22T18:12:26.534112+00:00, run_after=2023-07-22T22:12:26.534112+00:00
[2023-07-22T17:12:26.560-0500] {processor.py:179} INFO - Processing /Users/abhishekpatkar/Documents/Projects/af_file_loader/venv/lib/python3.11/site-packages/airflow/example_dags/example_latest_only.py took 0.817 seconds
[2023-07-22T17:16:26.117-0500] {processor.py:157} INFO - Started process (PID=22747) to work on /Users/abhishekpatkar/Documents/Projects/af_file_loader/venv/lib/python3.11/site-packages/airflow/example_dags/example_latest_only.py
[2023-07-22T17:16:26.122-0500] {processor.py:826} INFO - Processing file /Users/abhishekpatkar/Documents/Projects/af_file_loader/venv/lib/python3.11/site-packages/airflow/example_dags/example_latest_only.py for tasks to queue
[2023-07-22T17:16:26.122-0500] {logging_mixin.py:150} INFO - [2023-07-22T17:16:26.122-0500] {dagbag.py:541} INFO - Filling up the DagBag from /Users/abhishekpatkar/Documents/Projects/af_file_loader/venv/lib/python3.11/site-packages/airflow/example_dags/example_latest_only.py
[2023-07-22T17:16:26.143-0500] {processor.py:836} INFO - DAG(s) dict_keys(['latest_only']) retrieved from /Users/abhishekpatkar/Documents/Projects/af_file_loader/venv/lib/python3.11/site-packages/airflow/example_dags/example_latest_only.py
[2023-07-22T17:16:26.898-0500] {logging_mixin.py:150} INFO - [2023-07-22T17:16:26.841-0500] {dag.py:2742} INFO - Sync 1 DAGs
[2023-07-22T17:16:26.914-0500] {logging_mixin.py:150} INFO - [2023-07-22T17:16:26.914-0500] {dag.py:3504} INFO - Setting next_dagrun for latest_only to 2023-07-22T18:16:26.914621+00:00, run_after=2023-07-22T22:16:26.914621+00:00
[2023-07-22T17:16:26.936-0500] {processor.py:179} INFO - Processing /Users/abhishekpatkar/Documents/Projects/af_file_loader/venv/lib/python3.11/site-packages/airflow/example_dags/example_latest_only.py took 0.820 seconds
[2023-07-22T17:19:19.136-0500] {processor.py:157} INFO - Started process (PID=22901) to work on /Users/abhishekpatkar/Documents/Projects/af_file_loader/venv/lib/python3.11/site-packages/airflow/example_dags/example_latest_only.py
[2023-07-22T17:19:19.140-0500] {processor.py:826} INFO - Processing file /Users/abhishekpatkar/Documents/Projects/af_file_loader/venv/lib/python3.11/site-packages/airflow/example_dags/example_latest_only.py for tasks to queue
[2023-07-22T17:19:19.141-0500] {logging_mixin.py:150} INFO - [2023-07-22T17:19:19.141-0500] {dagbag.py:541} INFO - Filling up the DagBag from /Users/abhishekpatkar/Documents/Projects/af_file_loader/venv/lib/python3.11/site-packages/airflow/example_dags/example_latest_only.py
[2023-07-22T17:19:19.162-0500] {processor.py:836} INFO - DAG(s) dict_keys(['latest_only']) retrieved from /Users/abhishekpatkar/Documents/Projects/af_file_loader/venv/lib/python3.11/site-packages/airflow/example_dags/example_latest_only.py
[2023-07-22T17:19:19.878-0500] {logging_mixin.py:150} INFO - [2023-07-22T17:19:19.815-0500] {dag.py:2742} INFO - Sync 1 DAGs
[2023-07-22T17:19:19.899-0500] {logging_mixin.py:150} INFO - [2023-07-22T17:19:19.899-0500] {dag.py:3504} INFO - Setting next_dagrun for latest_only to 2023-07-22T18:19:19.899458+00:00, run_after=2023-07-22T22:19:19.899458+00:00
[2023-07-22T17:19:19.920-0500] {processor.py:179} INFO - Processing /Users/abhishekpatkar/Documents/Projects/af_file_loader/venv/lib/python3.11/site-packages/airflow/example_dags/example_latest_only.py took 0.785 seconds
[2023-07-22T17:24:12.582-0500] {processor.py:157} INFO - Started process (PID=23140) to work on /Users/abhishekpatkar/Documents/Projects/af_file_loader/venv/lib/python3.11/site-packages/airflow/example_dags/example_latest_only.py
[2023-07-22T17:24:12.587-0500] {processor.py:826} INFO - Processing file /Users/abhishekpatkar/Documents/Projects/af_file_loader/venv/lib/python3.11/site-packages/airflow/example_dags/example_latest_only.py for tasks to queue
[2023-07-22T17:24:12.588-0500] {logging_mixin.py:150} INFO - [2023-07-22T17:24:12.588-0500] {dagbag.py:541} INFO - Filling up the DagBag from /Users/abhishekpatkar/Documents/Projects/af_file_loader/venv/lib/python3.11/site-packages/airflow/example_dags/example_latest_only.py
[2023-07-22T17:24:12.610-0500] {processor.py:836} INFO - DAG(s) dict_keys(['latest_only']) retrieved from /Users/abhishekpatkar/Documents/Projects/af_file_loader/venv/lib/python3.11/site-packages/airflow/example_dags/example_latest_only.py
[2023-07-22T17:24:13.647-0500] {logging_mixin.py:150} INFO - [2023-07-22T17:24:13.547-0500] {dag.py:2742} INFO - Sync 1 DAGs
[2023-07-22T17:24:13.676-0500] {logging_mixin.py:150} INFO - [2023-07-22T17:24:13.676-0500] {dag.py:3504} INFO - Setting next_dagrun for latest_only to 2023-07-22T18:24:13.676371+00:00, run_after=2023-07-22T22:24:13.676371+00:00
[2023-07-22T17:24:13.708-0500] {processor.py:179} INFO - Processing /Users/abhishekpatkar/Documents/Projects/af_file_loader/venv/lib/python3.11/site-packages/airflow/example_dags/example_latest_only.py took 1.127 seconds
[2023-07-22T17:29:20.656-0500] {processor.py:157} INFO - Started process (PID=23298) to work on /Users/abhishekpatkar/Documents/Projects/af_file_loader/venv/lib/python3.11/site-packages/airflow/example_dags/example_latest_only.py
[2023-07-22T17:29:20.662-0500] {processor.py:826} INFO - Processing file /Users/abhishekpatkar/Documents/Projects/af_file_loader/venv/lib/python3.11/site-packages/airflow/example_dags/example_latest_only.py for tasks to queue
[2023-07-22T17:29:20.663-0500] {logging_mixin.py:150} INFO - [2023-07-22T17:29:20.662-0500] {dagbag.py:541} INFO - Filling up the DagBag from /Users/abhishekpatkar/Documents/Projects/af_file_loader/venv/lib/python3.11/site-packages/airflow/example_dags/example_latest_only.py
[2023-07-22T17:29:20.683-0500] {processor.py:836} INFO - DAG(s) dict_keys(['latest_only']) retrieved from /Users/abhishekpatkar/Documents/Projects/af_file_loader/venv/lib/python3.11/site-packages/airflow/example_dags/example_latest_only.py
[2023-07-22T17:29:21.533-0500] {logging_mixin.py:150} INFO - [2023-07-22T17:29:21.462-0500] {dag.py:2742} INFO - Sync 1 DAGs
[2023-07-22T17:29:21.557-0500] {logging_mixin.py:150} INFO - [2023-07-22T17:29:21.556-0500] {dag.py:3504} INFO - Setting next_dagrun for latest_only to 2023-07-22T18:29:21.556842+00:00, run_after=2023-07-22T22:29:21.556842+00:00
[2023-07-22T17:29:21.591-0500] {processor.py:179} INFO - Processing /Users/abhishekpatkar/Documents/Projects/af_file_loader/venv/lib/python3.11/site-packages/airflow/example_dags/example_latest_only.py took 0.936 seconds
[2023-07-22T17:31:59.536-0500] {processor.py:157} INFO - Started process (PID=23423) to work on /Users/abhishekpatkar/Documents/Projects/af_file_loader/venv/lib/python3.11/site-packages/airflow/example_dags/example_latest_only.py
[2023-07-22T17:31:59.540-0500] {processor.py:826} INFO - Processing file /Users/abhishekpatkar/Documents/Projects/af_file_loader/venv/lib/python3.11/site-packages/airflow/example_dags/example_latest_only.py for tasks to queue
[2023-07-22T17:31:59.541-0500] {logging_mixin.py:150} INFO - [2023-07-22T17:31:59.541-0500] {dagbag.py:541} INFO - Filling up the DagBag from /Users/abhishekpatkar/Documents/Projects/af_file_loader/venv/lib/python3.11/site-packages/airflow/example_dags/example_latest_only.py
[2023-07-22T17:31:59.562-0500] {processor.py:836} INFO - DAG(s) dict_keys(['latest_only']) retrieved from /Users/abhishekpatkar/Documents/Projects/af_file_loader/venv/lib/python3.11/site-packages/airflow/example_dags/example_latest_only.py
[2023-07-22T17:32:00.234-0500] {logging_mixin.py:150} INFO - [2023-07-22T17:32:00.181-0500] {dag.py:2742} INFO - Sync 1 DAGs
[2023-07-22T17:32:00.249-0500] {logging_mixin.py:150} INFO - [2023-07-22T17:32:00.249-0500] {dag.py:3504} INFO - Setting next_dagrun for latest_only to 2023-07-22T18:32:00.249605+00:00, run_after=2023-07-22T22:32:00.249605+00:00
[2023-07-22T17:32:00.268-0500] {processor.py:179} INFO - Processing /Users/abhishekpatkar/Documents/Projects/af_file_loader/venv/lib/python3.11/site-packages/airflow/example_dags/example_latest_only.py took 0.734 seconds
[2023-07-22T17:35:56.565-0500] {processor.py:157} INFO - Started process (PID=23579) to work on /Users/abhishekpatkar/Documents/Projects/af_file_loader/venv/lib/python3.11/site-packages/airflow/example_dags/example_latest_only.py
[2023-07-22T17:35:56.572-0500] {processor.py:826} INFO - Processing file /Users/abhishekpatkar/Documents/Projects/af_file_loader/venv/lib/python3.11/site-packages/airflow/example_dags/example_latest_only.py for tasks to queue
[2023-07-22T17:35:56.577-0500] {logging_mixin.py:150} INFO - [2023-07-22T17:35:56.575-0500] {dagbag.py:541} INFO - Filling up the DagBag from /Users/abhishekpatkar/Documents/Projects/af_file_loader/venv/lib/python3.11/site-packages/airflow/example_dags/example_latest_only.py
[2023-07-22T17:35:56.664-0500] {processor.py:836} INFO - DAG(s) dict_keys(['latest_only']) retrieved from /Users/abhishekpatkar/Documents/Projects/af_file_loader/venv/lib/python3.11/site-packages/airflow/example_dags/example_latest_only.py
[2023-07-22T17:35:58.849-0500] {logging_mixin.py:150} INFO - [2023-07-22T17:35:58.700-0500] {dag.py:2742} INFO - Sync 1 DAGs
[2023-07-22T17:35:58.881-0500] {logging_mixin.py:150} INFO - [2023-07-22T17:35:58.880-0500] {dag.py:3504} INFO - Setting next_dagrun for latest_only to 2023-07-22T18:35:58.879049+00:00, run_after=2023-07-22T22:35:58.879049+00:00
[2023-07-22T17:35:58.936-0500] {processor.py:179} INFO - Processing /Users/abhishekpatkar/Documents/Projects/af_file_loader/venv/lib/python3.11/site-packages/airflow/example_dags/example_latest_only.py took 2.378 seconds
[2023-07-22T17:39:30.723-0500] {processor.py:157} INFO - Started process (PID=23719) to work on /Users/abhishekpatkar/Documents/Projects/af_file_loader/venv/lib/python3.11/site-packages/airflow/example_dags/example_latest_only.py
[2023-07-22T17:39:30.728-0500] {processor.py:826} INFO - Processing file /Users/abhishekpatkar/Documents/Projects/af_file_loader/venv/lib/python3.11/site-packages/airflow/example_dags/example_latest_only.py for tasks to queue
[2023-07-22T17:39:30.729-0500] {logging_mixin.py:150} INFO - [2023-07-22T17:39:30.729-0500] {dagbag.py:541} INFO - Filling up the DagBag from /Users/abhishekpatkar/Documents/Projects/af_file_loader/venv/lib/python3.11/site-packages/airflow/example_dags/example_latest_only.py
[2023-07-22T17:39:30.922-0500] {processor.py:836} INFO - DAG(s) dict_keys(['latest_only']) retrieved from /Users/abhishekpatkar/Documents/Projects/af_file_loader/venv/lib/python3.11/site-packages/airflow/example_dags/example_latest_only.py
[2023-07-22T17:39:33.677-0500] {logging_mixin.py:150} INFO - [2023-07-22T17:39:33.515-0500] {dag.py:2742} INFO - Sync 1 DAGs
[2023-07-22T17:39:33.733-0500] {logging_mixin.py:150} INFO - [2023-07-22T17:39:33.732-0500] {dag.py:3504} INFO - Setting next_dagrun for latest_only to 2023-07-22T18:39:33.732449+00:00, run_after=2023-07-22T22:39:33.732449+00:00
[2023-07-22T17:39:33.771-0500] {processor.py:179} INFO - Processing /Users/abhishekpatkar/Documents/Projects/af_file_loader/venv/lib/python3.11/site-packages/airflow/example_dags/example_latest_only.py took 3.050 seconds
[2023-07-22T17:48:05.448-0500] {processor.py:157} INFO - Started process (PID=24065) to work on /Users/abhishekpatkar/Documents/Projects/af_file_loader/venv/lib/python3.11/site-packages/airflow/example_dags/example_latest_only.py
[2023-07-22T17:48:05.460-0500] {processor.py:826} INFO - Processing file /Users/abhishekpatkar/Documents/Projects/af_file_loader/venv/lib/python3.11/site-packages/airflow/example_dags/example_latest_only.py for tasks to queue
[2023-07-22T17:48:05.462-0500] {logging_mixin.py:150} INFO - [2023-07-22T17:48:05.461-0500] {dagbag.py:541} INFO - Filling up the DagBag from /Users/abhishekpatkar/Documents/Projects/af_file_loader/venv/lib/python3.11/site-packages/airflow/example_dags/example_latest_only.py
[2023-07-22T17:48:05.689-0500] {processor.py:836} INFO - DAG(s) dict_keys(['latest_only']) retrieved from /Users/abhishekpatkar/Documents/Projects/af_file_loader/venv/lib/python3.11/site-packages/airflow/example_dags/example_latest_only.py
[2023-07-22T17:48:09.963-0500] {logging_mixin.py:150} INFO - [2023-07-22T17:48:09.963-0500] {dag.py:2742} INFO - Sync 1 DAGs
[2023-07-22T17:48:10.007-0500] {logging_mixin.py:150} INFO - [2023-07-22T17:48:10.006-0500] {dag.py:3504} INFO - Setting next_dagrun for latest_only to 2023-07-22T18:48:10.006593+00:00, run_after=2023-07-22T22:48:10.006593+00:00
[2023-07-22T17:48:10.153-0500] {processor.py:179} INFO - Processing /Users/abhishekpatkar/Documents/Projects/af_file_loader/venv/lib/python3.11/site-packages/airflow/example_dags/example_latest_only.py took 4.707 seconds
[2023-07-22T17:53:30.087-0500] {processor.py:157} INFO - Started process (PID=24352) to work on /Users/abhishekpatkar/Documents/Projects/af_file_loader/venv/lib/python3.11/site-packages/airflow/example_dags/example_latest_only.py
[2023-07-22T17:53:30.094-0500] {processor.py:826} INFO - Processing file /Users/abhishekpatkar/Documents/Projects/af_file_loader/venv/lib/python3.11/site-packages/airflow/example_dags/example_latest_only.py for tasks to queue
[2023-07-22T17:53:30.095-0500] {logging_mixin.py:150} INFO - [2023-07-22T17:53:30.095-0500] {dagbag.py:541} INFO - Filling up the DagBag from /Users/abhishekpatkar/Documents/Projects/af_file_loader/venv/lib/python3.11/site-packages/airflow/example_dags/example_latest_only.py
[2023-07-22T17:53:30.157-0500] {processor.py:836} INFO - DAG(s) dict_keys(['latest_only']) retrieved from /Users/abhishekpatkar/Documents/Projects/af_file_loader/venv/lib/python3.11/site-packages/airflow/example_dags/example_latest_only.py
[2023-07-22T17:53:31.503-0500] {logging_mixin.py:150} INFO - [2023-07-22T17:53:31.502-0500] {dag.py:2742} INFO - Sync 1 DAGs
[2023-07-22T17:53:31.519-0500] {logging_mixin.py:150} INFO - [2023-07-22T17:53:31.519-0500] {dag.py:3504} INFO - Setting next_dagrun for latest_only to 2023-07-22T18:53:31.519350+00:00, run_after=2023-07-22T22:53:31.519350+00:00
[2023-07-22T17:53:31.538-0500] {processor.py:179} INFO - Processing /Users/abhishekpatkar/Documents/Projects/af_file_loader/venv/lib/python3.11/site-packages/airflow/example_dags/example_latest_only.py took 1.452 seconds
[2023-07-22T17:59:13.202-0500] {processor.py:157} INFO - Started process (PID=24633) to work on /Users/abhishekpatkar/Documents/Projects/af_file_loader/venv/lib/python3.11/site-packages/airflow/example_dags/example_latest_only.py
[2023-07-22T17:59:13.211-0500] {processor.py:826} INFO - Processing file /Users/abhishekpatkar/Documents/Projects/af_file_loader/venv/lib/python3.11/site-packages/airflow/example_dags/example_latest_only.py for tasks to queue
[2023-07-22T17:59:13.214-0500] {logging_mixin.py:150} INFO - [2023-07-22T17:59:13.213-0500] {dagbag.py:541} INFO - Filling up the DagBag from /Users/abhishekpatkar/Documents/Projects/af_file_loader/venv/lib/python3.11/site-packages/airflow/example_dags/example_latest_only.py
[2023-07-22T17:59:13.347-0500] {processor.py:836} INFO - DAG(s) dict_keys(['latest_only']) retrieved from /Users/abhishekpatkar/Documents/Projects/af_file_loader/venv/lib/python3.11/site-packages/airflow/example_dags/example_latest_only.py
[2023-07-22T17:59:14.776-0500] {logging_mixin.py:150} INFO - [2023-07-22T17:59:14.776-0500] {dag.py:2742} INFO - Sync 1 DAGs
[2023-07-22T17:59:14.807-0500] {logging_mixin.py:150} INFO - [2023-07-22T17:59:14.807-0500] {dag.py:3504} INFO - Setting next_dagrun for latest_only to 2023-07-22T18:59:14.806818+00:00, run_after=2023-07-22T22:59:14.806818+00:00
[2023-07-22T17:59:14.842-0500] {processor.py:179} INFO - Processing /Users/abhishekpatkar/Documents/Projects/af_file_loader/venv/lib/python3.11/site-packages/airflow/example_dags/example_latest_only.py took 1.641 seconds
[2023-07-22T18:03:22.740-0500] {processor.py:157} INFO - Started process (PID=24794) to work on /Users/abhishekpatkar/Documents/Projects/af_file_loader/venv/lib/python3.11/site-packages/airflow/example_dags/example_latest_only.py
[2023-07-22T18:03:22.747-0500] {processor.py:826} INFO - Processing file /Users/abhishekpatkar/Documents/Projects/af_file_loader/venv/lib/python3.11/site-packages/airflow/example_dags/example_latest_only.py for tasks to queue
[2023-07-22T18:03:22.748-0500] {logging_mixin.py:150} INFO - [2023-07-22T18:03:22.747-0500] {dagbag.py:541} INFO - Filling up the DagBag from /Users/abhishekpatkar/Documents/Projects/af_file_loader/venv/lib/python3.11/site-packages/airflow/example_dags/example_latest_only.py
[2023-07-22T18:03:22.819-0500] {processor.py:836} INFO - DAG(s) dict_keys(['latest_only']) retrieved from /Users/abhishekpatkar/Documents/Projects/af_file_loader/venv/lib/python3.11/site-packages/airflow/example_dags/example_latest_only.py
[2023-07-22T18:03:24.249-0500] {logging_mixin.py:150} INFO - [2023-07-22T18:03:24.248-0500] {dag.py:2742} INFO - Sync 1 DAGs
[2023-07-22T18:03:24.277-0500] {logging_mixin.py:150} INFO - [2023-07-22T18:03:24.277-0500] {dag.py:3504} INFO - Setting next_dagrun for latest_only to 2023-07-22T19:03:24.277344+00:00, run_after=2023-07-22T23:03:24.277344+00:00
[2023-07-22T18:03:24.303-0500] {processor.py:179} INFO - Processing /Users/abhishekpatkar/Documents/Projects/af_file_loader/venv/lib/python3.11/site-packages/airflow/example_dags/example_latest_only.py took 1.565 seconds
[2023-07-22T18:06:35.380-0500] {processor.py:157} INFO - Started process (PID=24899) to work on /Users/abhishekpatkar/Documents/Projects/af_file_loader/venv/lib/python3.11/site-packages/airflow/example_dags/example_latest_only.py
[2023-07-22T18:06:35.384-0500] {processor.py:826} INFO - Processing file /Users/abhishekpatkar/Documents/Projects/af_file_loader/venv/lib/python3.11/site-packages/airflow/example_dags/example_latest_only.py for tasks to queue
[2023-07-22T18:06:35.385-0500] {logging_mixin.py:150} INFO - [2023-07-22T18:06:35.385-0500] {dagbag.py:541} INFO - Filling up the DagBag from /Users/abhishekpatkar/Documents/Projects/af_file_loader/venv/lib/python3.11/site-packages/airflow/example_dags/example_latest_only.py
[2023-07-22T18:06:35.450-0500] {processor.py:836} INFO - DAG(s) dict_keys(['latest_only']) retrieved from /Users/abhishekpatkar/Documents/Projects/af_file_loader/venv/lib/python3.11/site-packages/airflow/example_dags/example_latest_only.py
[2023-07-22T18:06:37.331-0500] {logging_mixin.py:150} INFO - [2023-07-22T18:06:37.330-0500] {dag.py:2742} INFO - Sync 1 DAGs
[2023-07-22T18:06:37.354-0500] {logging_mixin.py:150} INFO - [2023-07-22T18:06:37.354-0500] {dag.py:3504} INFO - Setting next_dagrun for latest_only to 2023-07-22T19:06:37.353775+00:00, run_after=2023-07-22T23:06:37.353775+00:00
[2023-07-22T18:06:37.388-0500] {processor.py:179} INFO - Processing /Users/abhishekpatkar/Documents/Projects/af_file_loader/venv/lib/python3.11/site-packages/airflow/example_dags/example_latest_only.py took 2.010 seconds
