[2023-07-22T14:51:01.981-0500] {processor.py:157} INFO - Started process (PID=16591) to work on /Users/abhishekpatkar/Documents/Projects/af_file_loader/venv/lib/python3.11/site-packages/airflow/example_dags/example_short_circuit_operator.py
[2023-07-22T14:51:01.989-0500] {processor.py:826} INFO - Processing file /Users/abhishekpatkar/Documents/Projects/af_file_loader/venv/lib/python3.11/site-packages/airflow/example_dags/example_short_circuit_operator.py for tasks to queue
[2023-07-22T14:51:01.990-0500] {logging_mixin.py:150} INFO - [2023-07-22T14:51:01.990-0500] {dagbag.py:541} INFO - Filling up the DagBag from /Users/abhishekpatkar/Documents/Projects/af_file_loader/venv/lib/python3.11/site-packages/airflow/example_dags/example_short_circuit_operator.py
[2023-07-22T14:51:02.141-0500] {processor.py:836} INFO - DAG(s) dict_keys(['example_short_circuit_operator']) retrieved from /Users/abhishekpatkar/Documents/Projects/af_file_loader/venv/lib/python3.11/site-packages/airflow/example_dags/example_short_circuit_operator.py
[2023-07-22T14:51:03.118-0500] {logging_mixin.py:150} INFO - [2023-07-22T14:51:03.118-0500] {manager.py:504} INFO - Created Permission View: can edit on DAG:example_short_circuit_operator
[2023-07-22T14:51:03.128-0500] {logging_mixin.py:150} INFO - [2023-07-22T14:51:03.128-0500] {manager.py:504} INFO - Created Permission View: can delete on DAG:example_short_circuit_operator
[2023-07-22T14:51:03.135-0500] {logging_mixin.py:150} INFO - [2023-07-22T14:51:03.135-0500] {manager.py:504} INFO - Created Permission View: can read on DAG:example_short_circuit_operator
[2023-07-22T14:51:03.149-0500] {logging_mixin.py:150} INFO - [2023-07-22T14:51:03.149-0500] {dag.py:2742} INFO - Sync 1 DAGs
[2023-07-22T14:51:03.161-0500] {logging_mixin.py:150} INFO - [2023-07-22T14:51:03.161-0500] {dag.py:2763} INFO - Creating ORM DAG for example_short_circuit_operator
[2023-07-22T14:51:03.183-0500] {logging_mixin.py:150} INFO - [2023-07-22T14:51:03.183-0500] {dag.py:3504} INFO - Setting next_dagrun for example_short_circuit_operator to 2023-07-21T19:51:03.182933+00:00, run_after=2023-07-22T19:51:03.182933+00:00
[2023-07-22T14:51:03.207-0500] {processor.py:179} INFO - Processing /Users/abhishekpatkar/Documents/Projects/af_file_loader/venv/lib/python3.11/site-packages/airflow/example_dags/example_short_circuit_operator.py took 1.228 seconds
[2023-07-22T14:54:30.405-0500] {processor.py:157} INFO - Started process (PID=16818) to work on /Users/abhishekpatkar/Documents/Projects/af_file_loader/venv/lib/python3.11/site-packages/airflow/example_dags/example_short_circuit_operator.py
[2023-07-22T14:54:30.411-0500] {processor.py:826} INFO - Processing file /Users/abhishekpatkar/Documents/Projects/af_file_loader/venv/lib/python3.11/site-packages/airflow/example_dags/example_short_circuit_operator.py for tasks to queue
[2023-07-22T14:54:30.411-0500] {logging_mixin.py:150} INFO - [2023-07-22T14:54:30.411-0500] {dagbag.py:541} INFO - Filling up the DagBag from /Users/abhishekpatkar/Documents/Projects/af_file_loader/venv/lib/python3.11/site-packages/airflow/example_dags/example_short_circuit_operator.py
[2023-07-22T14:54:30.485-0500] {processor.py:836} INFO - DAG(s) dict_keys(['example_short_circuit_operator']) retrieved from /Users/abhishekpatkar/Documents/Projects/af_file_loader/venv/lib/python3.11/site-packages/airflow/example_dags/example_short_circuit_operator.py
[2023-07-22T14:54:32.514-0500] {logging_mixin.py:150} INFO - [2023-07-22T14:54:32.513-0500] {dag.py:2742} INFO - Sync 1 DAGs
[2023-07-22T14:54:32.641-0500] {logging_mixin.py:150} INFO - [2023-07-22T14:54:32.641-0500] {dag.py:3504} INFO - Setting next_dagrun for example_short_circuit_operator to 2023-07-21T19:54:32.641269+00:00, run_after=2023-07-22T19:54:32.641269+00:00
[2023-07-22T14:54:32.730-0500] {processor.py:179} INFO - Processing /Users/abhishekpatkar/Documents/Projects/af_file_loader/venv/lib/python3.11/site-packages/airflow/example_dags/example_short_circuit_operator.py took 2.326 seconds
[2023-07-22T14:57:08.755-0500] {processor.py:157} INFO - Started process (PID=16971) to work on /Users/abhishekpatkar/Documents/Projects/af_file_loader/venv/lib/python3.11/site-packages/airflow/example_dags/example_short_circuit_operator.py
[2023-07-22T14:57:08.759-0500] {processor.py:826} INFO - Processing file /Users/abhishekpatkar/Documents/Projects/af_file_loader/venv/lib/python3.11/site-packages/airflow/example_dags/example_short_circuit_operator.py for tasks to queue
[2023-07-22T14:57:08.760-0500] {logging_mixin.py:150} INFO - [2023-07-22T14:57:08.760-0500] {dagbag.py:541} INFO - Filling up the DagBag from /Users/abhishekpatkar/Documents/Projects/af_file_loader/venv/lib/python3.11/site-packages/airflow/example_dags/example_short_circuit_operator.py
[2023-07-22T14:57:08.850-0500] {processor.py:836} INFO - DAG(s) dict_keys(['example_short_circuit_operator']) retrieved from /Users/abhishekpatkar/Documents/Projects/af_file_loader/venv/lib/python3.11/site-packages/airflow/example_dags/example_short_circuit_operator.py
[2023-07-22T14:57:10.068-0500] {logging_mixin.py:150} INFO - [2023-07-22T14:57:10.068-0500] {dag.py:2742} INFO - Sync 1 DAGs
[2023-07-22T14:57:10.091-0500] {logging_mixin.py:150} INFO - [2023-07-22T14:57:10.091-0500] {dag.py:3504} INFO - Setting next_dagrun for example_short_circuit_operator to 2023-07-21T19:57:10.091434+00:00, run_after=2023-07-22T19:57:10.091434+00:00
[2023-07-22T14:57:10.116-0500] {processor.py:179} INFO - Processing /Users/abhishekpatkar/Documents/Projects/af_file_loader/venv/lib/python3.11/site-packages/airflow/example_dags/example_short_circuit_operator.py took 1.361 seconds
[2023-07-22T14:59:32.949-0500] {processor.py:157} INFO - Started process (PID=17060) to work on /Users/abhishekpatkar/Documents/Projects/af_file_loader/venv/lib/python3.11/site-packages/airflow/example_dags/example_short_circuit_operator.py
[2023-07-22T14:59:32.954-0500] {processor.py:826} INFO - Processing file /Users/abhishekpatkar/Documents/Projects/af_file_loader/venv/lib/python3.11/site-packages/airflow/example_dags/example_short_circuit_operator.py for tasks to queue
[2023-07-22T14:59:32.955-0500] {logging_mixin.py:150} INFO - [2023-07-22T14:59:32.954-0500] {dagbag.py:541} INFO - Filling up the DagBag from /Users/abhishekpatkar/Documents/Projects/af_file_loader/venv/lib/python3.11/site-packages/airflow/example_dags/example_short_circuit_operator.py
[2023-07-22T14:59:33.041-0500] {processor.py:836} INFO - DAG(s) dict_keys(['example_short_circuit_operator']) retrieved from /Users/abhishekpatkar/Documents/Projects/af_file_loader/venv/lib/python3.11/site-packages/airflow/example_dags/example_short_circuit_operator.py
[2023-07-22T14:59:33.854-0500] {logging_mixin.py:150} INFO - [2023-07-22T14:59:33.853-0500] {dag.py:2742} INFO - Sync 1 DAGs
[2023-07-22T14:59:33.882-0500] {logging_mixin.py:150} INFO - [2023-07-22T14:59:33.882-0500] {dag.py:3504} INFO - Setting next_dagrun for example_short_circuit_operator to 2023-07-21T19:59:33.882081+00:00, run_after=2023-07-22T19:59:33.882081+00:00
[2023-07-22T14:59:33.912-0500] {processor.py:179} INFO - Processing /Users/abhishekpatkar/Documents/Projects/af_file_loader/venv/lib/python3.11/site-packages/airflow/example_dags/example_short_circuit_operator.py took 0.963 seconds
[2023-07-22T15:01:58.079-0500] {processor.py:157} INFO - Started process (PID=17192) to work on /Users/abhishekpatkar/Documents/Projects/af_file_loader/venv/lib/python3.11/site-packages/airflow/example_dags/example_short_circuit_operator.py
[2023-07-22T15:01:58.084-0500] {processor.py:826} INFO - Processing file /Users/abhishekpatkar/Documents/Projects/af_file_loader/venv/lib/python3.11/site-packages/airflow/example_dags/example_short_circuit_operator.py for tasks to queue
[2023-07-22T15:01:58.085-0500] {logging_mixin.py:150} INFO - [2023-07-22T15:01:58.085-0500] {dagbag.py:541} INFO - Filling up the DagBag from /Users/abhishekpatkar/Documents/Projects/af_file_loader/venv/lib/python3.11/site-packages/airflow/example_dags/example_short_circuit_operator.py
[2023-07-22T15:01:58.180-0500] {processor.py:836} INFO - DAG(s) dict_keys(['example_short_circuit_operator']) retrieved from /Users/abhishekpatkar/Documents/Projects/af_file_loader/venv/lib/python3.11/site-packages/airflow/example_dags/example_short_circuit_operator.py
[2023-07-22T15:01:58.932-0500] {logging_mixin.py:150} INFO - [2023-07-22T15:01:58.932-0500] {dag.py:2742} INFO - Sync 1 DAGs
[2023-07-22T15:01:58.951-0500] {logging_mixin.py:150} INFO - [2023-07-22T15:01:58.951-0500] {dag.py:3504} INFO - Setting next_dagrun for example_short_circuit_operator to 2023-07-21T20:01:58.951279+00:00, run_after=2023-07-22T20:01:58.951279+00:00
[2023-07-22T15:01:58.978-0500] {processor.py:179} INFO - Processing /Users/abhishekpatkar/Documents/Projects/af_file_loader/venv/lib/python3.11/site-packages/airflow/example_dags/example_short_circuit_operator.py took 0.900 seconds
[2023-07-22T15:04:38.652-0500] {processor.py:157} INFO - Started process (PID=17481) to work on /Users/abhishekpatkar/Documents/Projects/af_file_loader/venv/lib/python3.11/site-packages/airflow/example_dags/example_short_circuit_operator.py
[2023-07-22T15:04:38.664-0500] {processor.py:826} INFO - Processing file /Users/abhishekpatkar/Documents/Projects/af_file_loader/venv/lib/python3.11/site-packages/airflow/example_dags/example_short_circuit_operator.py for tasks to queue
[2023-07-22T15:04:38.665-0500] {logging_mixin.py:150} INFO - [2023-07-22T15:04:38.665-0500] {dagbag.py:541} INFO - Filling up the DagBag from /Users/abhishekpatkar/Documents/Projects/af_file_loader/venv/lib/python3.11/site-packages/airflow/example_dags/example_short_circuit_operator.py
[2023-07-22T15:04:38.824-0500] {processor.py:836} INFO - DAG(s) dict_keys(['example_short_circuit_operator']) retrieved from /Users/abhishekpatkar/Documents/Projects/af_file_loader/venv/lib/python3.11/site-packages/airflow/example_dags/example_short_circuit_operator.py
[2023-07-22T15:04:40.174-0500] {logging_mixin.py:150} INFO - [2023-07-22T15:04:40.174-0500] {dag.py:2742} INFO - Sync 1 DAGs
[2023-07-22T15:04:40.201-0500] {logging_mixin.py:150} INFO - [2023-07-22T15:04:40.201-0500] {dag.py:3504} INFO - Setting next_dagrun for example_short_circuit_operator to 2023-07-21T20:04:40.201639+00:00, run_after=2023-07-22T20:04:40.201639+00:00
[2023-07-22T15:04:40.232-0500] {processor.py:179} INFO - Processing /Users/abhishekpatkar/Documents/Projects/af_file_loader/venv/lib/python3.11/site-packages/airflow/example_dags/example_short_circuit_operator.py took 1.585 seconds
[2023-07-22T15:10:12.099-0500] {processor.py:157} INFO - Started process (PID=17789) to work on /Users/abhishekpatkar/Documents/Projects/af_file_loader/venv/lib/python3.11/site-packages/airflow/example_dags/example_short_circuit_operator.py
[2023-07-22T15:10:12.135-0500] {processor.py:826} INFO - Processing file /Users/abhishekpatkar/Documents/Projects/af_file_loader/venv/lib/python3.11/site-packages/airflow/example_dags/example_short_circuit_operator.py for tasks to queue
[2023-07-22T15:10:12.137-0500] {logging_mixin.py:150} INFO - [2023-07-22T15:10:12.137-0500] {dagbag.py:541} INFO - Filling up the DagBag from /Users/abhishekpatkar/Documents/Projects/af_file_loader/venv/lib/python3.11/site-packages/airflow/example_dags/example_short_circuit_operator.py
[2023-07-22T15:10:12.524-0500] {processor.py:836} INFO - DAG(s) dict_keys(['example_short_circuit_operator']) retrieved from /Users/abhishekpatkar/Documents/Projects/af_file_loader/venv/lib/python3.11/site-packages/airflow/example_dags/example_short_circuit_operator.py
[2023-07-22T15:10:14.362-0500] {logging_mixin.py:150} INFO - [2023-07-22T15:10:14.361-0500] {dag.py:2742} INFO - Sync 1 DAGs
[2023-07-22T15:10:14.385-0500] {logging_mixin.py:150} INFO - [2023-07-22T15:10:14.384-0500] {dag.py:3504} INFO - Setting next_dagrun for example_short_circuit_operator to 2023-07-21T20:10:14.384608+00:00, run_after=2023-07-22T20:10:14.384608+00:00
[2023-07-22T15:10:14.407-0500] {processor.py:179} INFO - Processing /Users/abhishekpatkar/Documents/Projects/af_file_loader/venv/lib/python3.11/site-packages/airflow/example_dags/example_short_circuit_operator.py took 2.309 seconds
[2023-07-22T15:13:08.637-0500] {processor.py:157} INFO - Started process (PID=17889) to work on /Users/abhishekpatkar/Documents/Projects/af_file_loader/venv/lib/python3.11/site-packages/airflow/example_dags/example_short_circuit_operator.py
[2023-07-22T15:13:08.643-0500] {processor.py:826} INFO - Processing file /Users/abhishekpatkar/Documents/Projects/af_file_loader/venv/lib/python3.11/site-packages/airflow/example_dags/example_short_circuit_operator.py for tasks to queue
[2023-07-22T15:13:08.644-0500] {logging_mixin.py:150} INFO - [2023-07-22T15:13:08.644-0500] {dagbag.py:541} INFO - Filling up the DagBag from /Users/abhishekpatkar/Documents/Projects/af_file_loader/venv/lib/python3.11/site-packages/airflow/example_dags/example_short_circuit_operator.py
[2023-07-22T15:13:08.743-0500] {processor.py:836} INFO - DAG(s) dict_keys(['example_short_circuit_operator']) retrieved from /Users/abhishekpatkar/Documents/Projects/af_file_loader/venv/lib/python3.11/site-packages/airflow/example_dags/example_short_circuit_operator.py
[2023-07-22T15:13:09.628-0500] {logging_mixin.py:150} INFO - [2023-07-22T15:13:09.628-0500] {dag.py:2742} INFO - Sync 1 DAGs
[2023-07-22T15:13:09.649-0500] {logging_mixin.py:150} INFO - [2023-07-22T15:13:09.649-0500] {dag.py:3504} INFO - Setting next_dagrun for example_short_circuit_operator to 2023-07-21T20:13:09.649170+00:00, run_after=2023-07-22T20:13:09.649170+00:00
[2023-07-22T15:13:09.669-0500] {processor.py:179} INFO - Processing /Users/abhishekpatkar/Documents/Projects/af_file_loader/venv/lib/python3.11/site-packages/airflow/example_dags/example_short_circuit_operator.py took 1.034 seconds
[2023-07-22T15:15:52.988-0500] {processor.py:157} INFO - Started process (PID=17980) to work on /Users/abhishekpatkar/Documents/Projects/af_file_loader/venv/lib/python3.11/site-packages/airflow/example_dags/example_short_circuit_operator.py
[2023-07-22T15:15:52.998-0500] {processor.py:826} INFO - Processing file /Users/abhishekpatkar/Documents/Projects/af_file_loader/venv/lib/python3.11/site-packages/airflow/example_dags/example_short_circuit_operator.py for tasks to queue
[2023-07-22T15:15:52.999-0500] {logging_mixin.py:150} INFO - [2023-07-22T15:15:52.999-0500] {dagbag.py:541} INFO - Filling up the DagBag from /Users/abhishekpatkar/Documents/Projects/af_file_loader/venv/lib/python3.11/site-packages/airflow/example_dags/example_short_circuit_operator.py
[2023-07-22T15:15:53.121-0500] {processor.py:836} INFO - DAG(s) dict_keys(['example_short_circuit_operator']) retrieved from /Users/abhishekpatkar/Documents/Projects/af_file_loader/venv/lib/python3.11/site-packages/airflow/example_dags/example_short_circuit_operator.py
[2023-07-22T15:15:54.333-0500] {logging_mixin.py:150} INFO - [2023-07-22T15:15:54.332-0500] {dag.py:2742} INFO - Sync 1 DAGs
[2023-07-22T15:15:54.380-0500] {logging_mixin.py:150} INFO - [2023-07-22T15:15:54.380-0500] {dag.py:3504} INFO - Setting next_dagrun for example_short_circuit_operator to 2023-07-21T20:15:54.380085+00:00, run_after=2023-07-22T20:15:54.380085+00:00
[2023-07-22T15:15:54.431-0500] {processor.py:179} INFO - Processing /Users/abhishekpatkar/Documents/Projects/af_file_loader/venv/lib/python3.11/site-packages/airflow/example_dags/example_short_circuit_operator.py took 1.448 seconds
[2023-07-22T15:18:51.052-0500] {processor.py:157} INFO - Started process (PID=18089) to work on /Users/abhishekpatkar/Documents/Projects/af_file_loader/venv/lib/python3.11/site-packages/airflow/example_dags/example_short_circuit_operator.py
[2023-07-22T15:18:51.057-0500] {processor.py:826} INFO - Processing file /Users/abhishekpatkar/Documents/Projects/af_file_loader/venv/lib/python3.11/site-packages/airflow/example_dags/example_short_circuit_operator.py for tasks to queue
[2023-07-22T15:18:51.059-0500] {logging_mixin.py:150} INFO - [2023-07-22T15:18:51.058-0500] {dagbag.py:541} INFO - Filling up the DagBag from /Users/abhishekpatkar/Documents/Projects/af_file_loader/venv/lib/python3.11/site-packages/airflow/example_dags/example_short_circuit_operator.py
[2023-07-22T15:18:51.169-0500] {processor.py:836} INFO - DAG(s) dict_keys(['example_short_circuit_operator']) retrieved from /Users/abhishekpatkar/Documents/Projects/af_file_loader/venv/lib/python3.11/site-packages/airflow/example_dags/example_short_circuit_operator.py
[2023-07-22T15:18:52.774-0500] {logging_mixin.py:150} INFO - [2023-07-22T15:18:52.774-0500] {dag.py:2742} INFO - Sync 1 DAGs
[2023-07-22T15:18:52.916-0500] {logging_mixin.py:150} INFO - [2023-07-22T15:18:52.915-0500] {dag.py:3504} INFO - Setting next_dagrun for example_short_circuit_operator to 2023-07-21T20:18:52.915641+00:00, run_after=2023-07-22T20:18:52.915641+00:00
[2023-07-22T15:18:52.993-0500] {processor.py:179} INFO - Processing /Users/abhishekpatkar/Documents/Projects/af_file_loader/venv/lib/python3.11/site-packages/airflow/example_dags/example_short_circuit_operator.py took 1.943 seconds
[2023-07-22T15:21:32.941-0500] {processor.py:157} INFO - Started process (PID=18185) to work on /Users/abhishekpatkar/Documents/Projects/af_file_loader/venv/lib/python3.11/site-packages/airflow/example_dags/example_short_circuit_operator.py
[2023-07-22T15:21:32.946-0500] {processor.py:826} INFO - Processing file /Users/abhishekpatkar/Documents/Projects/af_file_loader/venv/lib/python3.11/site-packages/airflow/example_dags/example_short_circuit_operator.py for tasks to queue
[2023-07-22T15:21:32.947-0500] {logging_mixin.py:150} INFO - [2023-07-22T15:21:32.947-0500] {dagbag.py:541} INFO - Filling up the DagBag from /Users/abhishekpatkar/Documents/Projects/af_file_loader/venv/lib/python3.11/site-packages/airflow/example_dags/example_short_circuit_operator.py
[2023-07-22T15:21:33.149-0500] {processor.py:836} INFO - DAG(s) dict_keys(['example_short_circuit_operator']) retrieved from /Users/abhishekpatkar/Documents/Projects/af_file_loader/venv/lib/python3.11/site-packages/airflow/example_dags/example_short_circuit_operator.py
[2023-07-22T15:21:34.484-0500] {logging_mixin.py:150} INFO - [2023-07-22T15:21:34.483-0500] {dag.py:2742} INFO - Sync 1 DAGs
[2023-07-22T15:21:34.592-0500] {logging_mixin.py:150} INFO - [2023-07-22T15:21:34.591-0500] {dag.py:3504} INFO - Setting next_dagrun for example_short_circuit_operator to 2023-07-21T20:21:34.590498+00:00, run_after=2023-07-22T20:21:34.590498+00:00
[2023-07-22T15:21:34.665-0500] {processor.py:179} INFO - Processing /Users/abhishekpatkar/Documents/Projects/af_file_loader/venv/lib/python3.11/site-packages/airflow/example_dags/example_short_circuit_operator.py took 1.727 seconds
[2023-07-22T15:23:51.758-0500] {processor.py:157} INFO - Started process (PID=18275) to work on /Users/abhishekpatkar/Documents/Projects/af_file_loader/venv/lib/python3.11/site-packages/airflow/example_dags/example_short_circuit_operator.py
[2023-07-22T15:23:51.763-0500] {processor.py:826} INFO - Processing file /Users/abhishekpatkar/Documents/Projects/af_file_loader/venv/lib/python3.11/site-packages/airflow/example_dags/example_short_circuit_operator.py for tasks to queue
[2023-07-22T15:23:51.763-0500] {logging_mixin.py:150} INFO - [2023-07-22T15:23:51.763-0500] {dagbag.py:541} INFO - Filling up the DagBag from /Users/abhishekpatkar/Documents/Projects/af_file_loader/venv/lib/python3.11/site-packages/airflow/example_dags/example_short_circuit_operator.py
[2023-07-22T15:23:51.857-0500] {processor.py:836} INFO - DAG(s) dict_keys(['example_short_circuit_operator']) retrieved from /Users/abhishekpatkar/Documents/Projects/af_file_loader/venv/lib/python3.11/site-packages/airflow/example_dags/example_short_circuit_operator.py
[2023-07-22T15:23:52.754-0500] {logging_mixin.py:150} INFO - [2023-07-22T15:23:52.754-0500] {dag.py:2742} INFO - Sync 1 DAGs
[2023-07-22T15:23:52.772-0500] {logging_mixin.py:150} INFO - [2023-07-22T15:23:52.772-0500] {dag.py:3504} INFO - Setting next_dagrun for example_short_circuit_operator to 2023-07-21T20:23:52.771805+00:00, run_after=2023-07-22T20:23:52.771805+00:00
[2023-07-22T15:23:52.793-0500] {processor.py:179} INFO - Processing /Users/abhishekpatkar/Documents/Projects/af_file_loader/venv/lib/python3.11/site-packages/airflow/example_dags/example_short_circuit_operator.py took 1.036 seconds
[2023-07-22T15:26:11.907-0500] {processor.py:157} INFO - Started process (PID=18411) to work on /Users/abhishekpatkar/Documents/Projects/af_file_loader/venv/lib/python3.11/site-packages/airflow/example_dags/example_short_circuit_operator.py
[2023-07-22T15:26:11.913-0500] {processor.py:826} INFO - Processing file /Users/abhishekpatkar/Documents/Projects/af_file_loader/venv/lib/python3.11/site-packages/airflow/example_dags/example_short_circuit_operator.py for tasks to queue
[2023-07-22T15:26:11.914-0500] {logging_mixin.py:150} INFO - [2023-07-22T15:26:11.914-0500] {dagbag.py:541} INFO - Filling up the DagBag from /Users/abhishekpatkar/Documents/Projects/af_file_loader/venv/lib/python3.11/site-packages/airflow/example_dags/example_short_circuit_operator.py
[2023-07-22T15:26:12.205-0500] {processor.py:836} INFO - DAG(s) dict_keys(['example_short_circuit_operator']) retrieved from /Users/abhishekpatkar/Documents/Projects/af_file_loader/venv/lib/python3.11/site-packages/airflow/example_dags/example_short_circuit_operator.py
[2023-07-22T15:26:16.920-0500] {logging_mixin.py:150} INFO - [2023-07-22T15:26:16.920-0500] {dag.py:2742} INFO - Sync 1 DAGs
[2023-07-22T15:26:17.033-0500] {logging_mixin.py:150} INFO - [2023-07-22T15:26:17.033-0500] {dag.py:3504} INFO - Setting next_dagrun for example_short_circuit_operator to 2023-07-21T20:26:17.033012+00:00, run_after=2023-07-22T20:26:17.033012+00:00
[2023-07-22T15:26:17.197-0500] {processor.py:179} INFO - Processing /Users/abhishekpatkar/Documents/Projects/af_file_loader/venv/lib/python3.11/site-packages/airflow/example_dags/example_short_circuit_operator.py took 5.292 seconds
[2023-07-22T15:29:55.172-0500] {processor.py:157} INFO - Started process (PID=18695) to work on /Users/abhishekpatkar/Documents/Projects/af_file_loader/venv/lib/python3.11/site-packages/airflow/example_dags/example_short_circuit_operator.py
[2023-07-22T15:29:55.181-0500] {processor.py:826} INFO - Processing file /Users/abhishekpatkar/Documents/Projects/af_file_loader/venv/lib/python3.11/site-packages/airflow/example_dags/example_short_circuit_operator.py for tasks to queue
[2023-07-22T15:29:55.181-0500] {logging_mixin.py:150} INFO - [2023-07-22T15:29:55.181-0500] {dagbag.py:541} INFO - Filling up the DagBag from /Users/abhishekpatkar/Documents/Projects/af_file_loader/venv/lib/python3.11/site-packages/airflow/example_dags/example_short_circuit_operator.py
[2023-07-22T15:29:55.254-0500] {processor.py:836} INFO - DAG(s) dict_keys(['example_short_circuit_operator']) retrieved from /Users/abhishekpatkar/Documents/Projects/af_file_loader/venv/lib/python3.11/site-packages/airflow/example_dags/example_short_circuit_operator.py
[2023-07-22T15:29:56.071-0500] {logging_mixin.py:150} INFO - [2023-07-22T15:29:56.070-0500] {dag.py:2742} INFO - Sync 1 DAGs
[2023-07-22T15:29:56.104-0500] {logging_mixin.py:150} INFO - [2023-07-22T15:29:56.104-0500] {dag.py:3504} INFO - Setting next_dagrun for example_short_circuit_operator to 2023-07-21T20:29:56.104273+00:00, run_after=2023-07-22T20:29:56.104273+00:00
[2023-07-22T15:29:56.129-0500] {processor.py:179} INFO - Processing /Users/abhishekpatkar/Documents/Projects/af_file_loader/venv/lib/python3.11/site-packages/airflow/example_dags/example_short_circuit_operator.py took 0.959 seconds
[2023-07-22T15:32:26.350-0500] {processor.py:157} INFO - Started process (PID=18835) to work on /Users/abhishekpatkar/Documents/Projects/af_file_loader/venv/lib/python3.11/site-packages/airflow/example_dags/example_short_circuit_operator.py
[2023-07-22T15:32:26.356-0500] {processor.py:826} INFO - Processing file /Users/abhishekpatkar/Documents/Projects/af_file_loader/venv/lib/python3.11/site-packages/airflow/example_dags/example_short_circuit_operator.py for tasks to queue
[2023-07-22T15:32:26.356-0500] {logging_mixin.py:150} INFO - [2023-07-22T15:32:26.356-0500] {dagbag.py:541} INFO - Filling up the DagBag from /Users/abhishekpatkar/Documents/Projects/af_file_loader/venv/lib/python3.11/site-packages/airflow/example_dags/example_short_circuit_operator.py
[2023-07-22T15:32:26.424-0500] {processor.py:836} INFO - DAG(s) dict_keys(['example_short_circuit_operator']) retrieved from /Users/abhishekpatkar/Documents/Projects/af_file_loader/venv/lib/python3.11/site-packages/airflow/example_dags/example_short_circuit_operator.py
[2023-07-22T15:32:27.083-0500] {logging_mixin.py:150} INFO - [2023-07-22T15:32:27.082-0500] {dag.py:2742} INFO - Sync 1 DAGs
[2023-07-22T15:32:27.099-0500] {logging_mixin.py:150} INFO - [2023-07-22T15:32:27.098-0500] {dag.py:3504} INFO - Setting next_dagrun for example_short_circuit_operator to 2023-07-21T20:32:27.098853+00:00, run_after=2023-07-22T20:32:27.098853+00:00
[2023-07-22T15:32:27.119-0500] {processor.py:179} INFO - Processing /Users/abhishekpatkar/Documents/Projects/af_file_loader/venv/lib/python3.11/site-packages/airflow/example_dags/example_short_circuit_operator.py took 0.769 seconds
[2023-07-22T15:34:22.239-0500] {processor.py:157} INFO - Started process (PID=18912) to work on /Users/abhishekpatkar/Documents/Projects/af_file_loader/venv/lib/python3.11/site-packages/airflow/example_dags/example_short_circuit_operator.py
[2023-07-22T15:34:22.244-0500] {processor.py:826} INFO - Processing file /Users/abhishekpatkar/Documents/Projects/af_file_loader/venv/lib/python3.11/site-packages/airflow/example_dags/example_short_circuit_operator.py for tasks to queue
[2023-07-22T15:34:22.245-0500] {logging_mixin.py:150} INFO - [2023-07-22T15:34:22.244-0500] {dagbag.py:541} INFO - Filling up the DagBag from /Users/abhishekpatkar/Documents/Projects/af_file_loader/venv/lib/python3.11/site-packages/airflow/example_dags/example_short_circuit_operator.py
[2023-07-22T15:34:22.315-0500] {processor.py:836} INFO - DAG(s) dict_keys(['example_short_circuit_operator']) retrieved from /Users/abhishekpatkar/Documents/Projects/af_file_loader/venv/lib/python3.11/site-packages/airflow/example_dags/example_short_circuit_operator.py
[2023-07-22T15:34:22.929-0500] {logging_mixin.py:150} INFO - [2023-07-22T15:34:22.928-0500] {dag.py:2742} INFO - Sync 1 DAGs
[2023-07-22T15:34:22.945-0500] {logging_mixin.py:150} INFO - [2023-07-22T15:34:22.944-0500] {dag.py:3504} INFO - Setting next_dagrun for example_short_circuit_operator to 2023-07-21T20:34:22.944730+00:00, run_after=2023-07-22T20:34:22.944730+00:00
[2023-07-22T15:34:22.965-0500] {processor.py:179} INFO - Processing /Users/abhishekpatkar/Documents/Projects/af_file_loader/venv/lib/python3.11/site-packages/airflow/example_dags/example_short_circuit_operator.py took 0.727 seconds
[2023-07-22T15:36:14.613-0500] {processor.py:157} INFO - Started process (PID=19070) to work on /Users/abhishekpatkar/Documents/Projects/af_file_loader/venv/lib/python3.11/site-packages/airflow/example_dags/example_short_circuit_operator.py
[2023-07-22T15:36:14.617-0500] {processor.py:826} INFO - Processing file /Users/abhishekpatkar/Documents/Projects/af_file_loader/venv/lib/python3.11/site-packages/airflow/example_dags/example_short_circuit_operator.py for tasks to queue
[2023-07-22T15:36:14.618-0500] {logging_mixin.py:150} INFO - [2023-07-22T15:36:14.618-0500] {dagbag.py:541} INFO - Filling up the DagBag from /Users/abhishekpatkar/Documents/Projects/af_file_loader/venv/lib/python3.11/site-packages/airflow/example_dags/example_short_circuit_operator.py
[2023-07-22T15:36:14.684-0500] {processor.py:836} INFO - DAG(s) dict_keys(['example_short_circuit_operator']) retrieved from /Users/abhishekpatkar/Documents/Projects/af_file_loader/venv/lib/python3.11/site-packages/airflow/example_dags/example_short_circuit_operator.py
[2023-07-22T15:36:15.300-0500] {logging_mixin.py:150} INFO - [2023-07-22T15:36:15.300-0500] {dag.py:2742} INFO - Sync 1 DAGs
[2023-07-22T15:36:15.316-0500] {logging_mixin.py:150} INFO - [2023-07-22T15:36:15.315-0500] {dag.py:3504} INFO - Setting next_dagrun for example_short_circuit_operator to 2023-07-21T20:36:15.315827+00:00, run_after=2023-07-22T20:36:15.315827+00:00
[2023-07-22T15:36:15.337-0500] {processor.py:179} INFO - Processing /Users/abhishekpatkar/Documents/Projects/af_file_loader/venv/lib/python3.11/site-packages/airflow/example_dags/example_short_circuit_operator.py took 0.725 seconds
[2023-07-22T15:47:52.897-0500] {processor.py:157} INFO - Started process (PID=19377) to work on /Users/abhishekpatkar/Documents/Projects/af_file_loader/venv/lib/python3.11/site-packages/airflow/example_dags/example_short_circuit_operator.py
[2023-07-22T15:47:52.901-0500] {processor.py:826} INFO - Processing file /Users/abhishekpatkar/Documents/Projects/af_file_loader/venv/lib/python3.11/site-packages/airflow/example_dags/example_short_circuit_operator.py for tasks to queue
[2023-07-22T15:47:52.902-0500] {logging_mixin.py:150} INFO - [2023-07-22T15:47:52.902-0500] {dagbag.py:541} INFO - Filling up the DagBag from /Users/abhishekpatkar/Documents/Projects/af_file_loader/venv/lib/python3.11/site-packages/airflow/example_dags/example_short_circuit_operator.py
[2023-07-22T15:47:52.978-0500] {processor.py:836} INFO - DAG(s) dict_keys(['example_short_circuit_operator']) retrieved from /Users/abhishekpatkar/Documents/Projects/af_file_loader/venv/lib/python3.11/site-packages/airflow/example_dags/example_short_circuit_operator.py
[2023-07-22T15:47:53.688-0500] {logging_mixin.py:150} INFO - [2023-07-22T15:47:53.687-0500] {dag.py:2742} INFO - Sync 1 DAGs
[2023-07-22T15:47:53.706-0500] {logging_mixin.py:150} INFO - [2023-07-22T15:47:53.705-0500] {dag.py:3504} INFO - Setting next_dagrun for example_short_circuit_operator to 2023-07-21T20:47:53.705585+00:00, run_after=2023-07-22T20:47:53.705585+00:00
[2023-07-22T15:47:53.730-0500] {processor.py:179} INFO - Processing /Users/abhishekpatkar/Documents/Projects/af_file_loader/venv/lib/python3.11/site-packages/airflow/example_dags/example_short_circuit_operator.py took 0.833 seconds
[2023-07-22T15:50:15.951-0500] {processor.py:157} INFO - Started process (PID=19557) to work on /Users/abhishekpatkar/Documents/Projects/af_file_loader/venv/lib/python3.11/site-packages/airflow/example_dags/example_short_circuit_operator.py
[2023-07-22T15:50:15.956-0500] {processor.py:826} INFO - Processing file /Users/abhishekpatkar/Documents/Projects/af_file_loader/venv/lib/python3.11/site-packages/airflow/example_dags/example_short_circuit_operator.py for tasks to queue
[2023-07-22T15:50:15.957-0500] {logging_mixin.py:150} INFO - [2023-07-22T15:50:15.957-0500] {dagbag.py:541} INFO - Filling up the DagBag from /Users/abhishekpatkar/Documents/Projects/af_file_loader/venv/lib/python3.11/site-packages/airflow/example_dags/example_short_circuit_operator.py
[2023-07-22T15:50:16.040-0500] {processor.py:836} INFO - DAG(s) dict_keys(['example_short_circuit_operator']) retrieved from /Users/abhishekpatkar/Documents/Projects/af_file_loader/venv/lib/python3.11/site-packages/airflow/example_dags/example_short_circuit_operator.py
[2023-07-22T15:50:16.854-0500] {logging_mixin.py:150} INFO - [2023-07-22T15:50:16.854-0500] {dag.py:2742} INFO - Sync 1 DAGs
[2023-07-22T15:50:16.871-0500] {logging_mixin.py:150} INFO - [2023-07-22T15:50:16.871-0500] {dag.py:3504} INFO - Setting next_dagrun for example_short_circuit_operator to 2023-07-21T20:50:16.871378+00:00, run_after=2023-07-22T20:50:16.871378+00:00
[2023-07-22T15:50:16.897-0500] {processor.py:179} INFO - Processing /Users/abhishekpatkar/Documents/Projects/af_file_loader/venv/lib/python3.11/site-packages/airflow/example_dags/example_short_circuit_operator.py took 0.947 seconds
[2023-07-22T15:52:54.019-0500] {processor.py:157} INFO - Started process (PID=19828) to work on /Users/abhishekpatkar/Documents/Projects/af_file_loader/venv/lib/python3.11/site-packages/airflow/example_dags/example_short_circuit_operator.py
[2023-07-22T15:52:54.023-0500] {processor.py:826} INFO - Processing file /Users/abhishekpatkar/Documents/Projects/af_file_loader/venv/lib/python3.11/site-packages/airflow/example_dags/example_short_circuit_operator.py for tasks to queue
[2023-07-22T15:52:54.023-0500] {logging_mixin.py:150} INFO - [2023-07-22T15:52:54.023-0500] {dagbag.py:541} INFO - Filling up the DagBag from /Users/abhishekpatkar/Documents/Projects/af_file_loader/venv/lib/python3.11/site-packages/airflow/example_dags/example_short_circuit_operator.py
[2023-07-22T15:52:54.112-0500] {processor.py:836} INFO - DAG(s) dict_keys(['example_short_circuit_operator']) retrieved from /Users/abhishekpatkar/Documents/Projects/af_file_loader/venv/lib/python3.11/site-packages/airflow/example_dags/example_short_circuit_operator.py
[2023-07-22T15:52:54.974-0500] {logging_mixin.py:150} INFO - [2023-07-22T15:52:54.973-0500] {dag.py:2742} INFO - Sync 1 DAGs
[2023-07-22T15:52:54.999-0500] {logging_mixin.py:150} INFO - [2023-07-22T15:52:54.999-0500] {dag.py:3504} INFO - Setting next_dagrun for example_short_circuit_operator to 2023-07-21T20:52:54.999122+00:00, run_after=2023-07-22T20:52:54.999122+00:00
[2023-07-22T15:52:55.023-0500] {processor.py:179} INFO - Processing /Users/abhishekpatkar/Documents/Projects/af_file_loader/venv/lib/python3.11/site-packages/airflow/example_dags/example_short_circuit_operator.py took 1.005 seconds
[2023-07-22T15:55:33.009-0500] {processor.py:157} INFO - Started process (PID=19991) to work on /Users/abhishekpatkar/Documents/Projects/af_file_loader/venv/lib/python3.11/site-packages/airflow/example_dags/example_short_circuit_operator.py
[2023-07-22T15:55:33.039-0500] {processor.py:826} INFO - Processing file /Users/abhishekpatkar/Documents/Projects/af_file_loader/venv/lib/python3.11/site-packages/airflow/example_dags/example_short_circuit_operator.py for tasks to queue
[2023-07-22T15:55:33.040-0500] {logging_mixin.py:150} INFO - [2023-07-22T15:55:33.040-0500] {dagbag.py:541} INFO - Filling up the DagBag from /Users/abhishekpatkar/Documents/Projects/af_file_loader/venv/lib/python3.11/site-packages/airflow/example_dags/example_short_circuit_operator.py
[2023-07-22T15:55:33.145-0500] {processor.py:836} INFO - DAG(s) dict_keys(['example_short_circuit_operator']) retrieved from /Users/abhishekpatkar/Documents/Projects/af_file_loader/venv/lib/python3.11/site-packages/airflow/example_dags/example_short_circuit_operator.py
[2023-07-22T15:55:34.112-0500] {logging_mixin.py:150} INFO - [2023-07-22T15:55:34.111-0500] {dag.py:2742} INFO - Sync 1 DAGs
[2023-07-22T15:55:34.140-0500] {logging_mixin.py:150} INFO - [2023-07-22T15:55:34.140-0500] {dag.py:3504} INFO - Setting next_dagrun for example_short_circuit_operator to 2023-07-21T20:55:34.140245+00:00, run_after=2023-07-22T20:55:34.140245+00:00
[2023-07-22T15:55:34.162-0500] {processor.py:179} INFO - Processing /Users/abhishekpatkar/Documents/Projects/af_file_loader/venv/lib/python3.11/site-packages/airflow/example_dags/example_short_circuit_operator.py took 1.155 seconds
[2023-07-22T15:58:12.476-0500] {processor.py:157} INFO - Started process (PID=20234) to work on /Users/abhishekpatkar/Documents/Projects/af_file_loader/venv/lib/python3.11/site-packages/airflow/example_dags/example_short_circuit_operator.py
[2023-07-22T15:58:12.480-0500] {processor.py:826} INFO - Processing file /Users/abhishekpatkar/Documents/Projects/af_file_loader/venv/lib/python3.11/site-packages/airflow/example_dags/example_short_circuit_operator.py for tasks to queue
[2023-07-22T15:58:12.481-0500] {logging_mixin.py:150} INFO - [2023-07-22T15:58:12.481-0500] {dagbag.py:541} INFO - Filling up the DagBag from /Users/abhishekpatkar/Documents/Projects/af_file_loader/venv/lib/python3.11/site-packages/airflow/example_dags/example_short_circuit_operator.py
[2023-07-22T15:58:12.565-0500] {processor.py:836} INFO - DAG(s) dict_keys(['example_short_circuit_operator']) retrieved from /Users/abhishekpatkar/Documents/Projects/af_file_loader/venv/lib/python3.11/site-packages/airflow/example_dags/example_short_circuit_operator.py
[2023-07-22T15:58:13.393-0500] {logging_mixin.py:150} INFO - [2023-07-22T15:58:13.392-0500] {dag.py:2742} INFO - Sync 1 DAGs
[2023-07-22T15:58:13.422-0500] {logging_mixin.py:150} INFO - [2023-07-22T15:58:13.422-0500] {dag.py:3504} INFO - Setting next_dagrun for example_short_circuit_operator to 2023-07-21T20:58:13.421487+00:00, run_after=2023-07-22T20:58:13.421487+00:00
[2023-07-22T15:58:13.453-0500] {processor.py:179} INFO - Processing /Users/abhishekpatkar/Documents/Projects/af_file_loader/venv/lib/python3.11/site-packages/airflow/example_dags/example_short_circuit_operator.py took 0.978 seconds
[2023-07-22T16:00:38.999-0500] {processor.py:157} INFO - Started process (PID=20320) to work on /Users/abhishekpatkar/Documents/Projects/af_file_loader/venv/lib/python3.11/site-packages/airflow/example_dags/example_short_circuit_operator.py
[2023-07-22T16:00:39.013-0500] {processor.py:826} INFO - Processing file /Users/abhishekpatkar/Documents/Projects/af_file_loader/venv/lib/python3.11/site-packages/airflow/example_dags/example_short_circuit_operator.py for tasks to queue
[2023-07-22T16:00:39.017-0500] {logging_mixin.py:150} INFO - [2023-07-22T16:00:39.017-0500] {dagbag.py:541} INFO - Filling up the DagBag from /Users/abhishekpatkar/Documents/Projects/af_file_loader/venv/lib/python3.11/site-packages/airflow/example_dags/example_short_circuit_operator.py
[2023-07-22T16:00:39.102-0500] {processor.py:836} INFO - DAG(s) dict_keys(['example_short_circuit_operator']) retrieved from /Users/abhishekpatkar/Documents/Projects/af_file_loader/venv/lib/python3.11/site-packages/airflow/example_dags/example_short_circuit_operator.py
[2023-07-22T16:00:39.937-0500] {logging_mixin.py:150} INFO - [2023-07-22T16:00:39.937-0500] {dag.py:2742} INFO - Sync 1 DAGs
[2023-07-22T16:00:39.955-0500] {logging_mixin.py:150} INFO - [2023-07-22T16:00:39.955-0500] {dag.py:3504} INFO - Setting next_dagrun for example_short_circuit_operator to 2023-07-21T21:00:39.955308+00:00, run_after=2023-07-22T21:00:39.955308+00:00
[2023-07-22T16:00:39.980-0500] {processor.py:179} INFO - Processing /Users/abhishekpatkar/Documents/Projects/af_file_loader/venv/lib/python3.11/site-packages/airflow/example_dags/example_short_circuit_operator.py took 0.982 seconds
[2023-07-22T16:02:57.212-0500] {processor.py:157} INFO - Started process (PID=20404) to work on /Users/abhishekpatkar/Documents/Projects/af_file_loader/venv/lib/python3.11/site-packages/airflow/example_dags/example_short_circuit_operator.py
[2023-07-22T16:02:57.217-0500] {processor.py:826} INFO - Processing file /Users/abhishekpatkar/Documents/Projects/af_file_loader/venv/lib/python3.11/site-packages/airflow/example_dags/example_short_circuit_operator.py for tasks to queue
[2023-07-22T16:02:57.217-0500] {logging_mixin.py:150} INFO - [2023-07-22T16:02:57.217-0500] {dagbag.py:541} INFO - Filling up the DagBag from /Users/abhishekpatkar/Documents/Projects/af_file_loader/venv/lib/python3.11/site-packages/airflow/example_dags/example_short_circuit_operator.py
[2023-07-22T16:02:57.291-0500] {processor.py:836} INFO - DAG(s) dict_keys(['example_short_circuit_operator']) retrieved from /Users/abhishekpatkar/Documents/Projects/af_file_loader/venv/lib/python3.11/site-packages/airflow/example_dags/example_short_circuit_operator.py
[2023-07-22T16:02:57.885-0500] {logging_mixin.py:150} INFO - [2023-07-22T16:02:57.884-0500] {dag.py:2742} INFO - Sync 1 DAGs
[2023-07-22T16:02:57.900-0500] {logging_mixin.py:150} INFO - [2023-07-22T16:02:57.899-0500] {dag.py:3504} INFO - Setting next_dagrun for example_short_circuit_operator to 2023-07-21T21:02:57.899827+00:00, run_after=2023-07-22T21:02:57.899827+00:00
[2023-07-22T16:02:57.919-0500] {processor.py:179} INFO - Processing /Users/abhishekpatkar/Documents/Projects/af_file_loader/venv/lib/python3.11/site-packages/airflow/example_dags/example_short_circuit_operator.py took 0.708 seconds
[2023-07-22T16:04:50.418-0500] {processor.py:157} INFO - Started process (PID=20486) to work on /Users/abhishekpatkar/Documents/Projects/af_file_loader/venv/lib/python3.11/site-packages/airflow/example_dags/example_short_circuit_operator.py
[2023-07-22T16:04:50.422-0500] {processor.py:826} INFO - Processing file /Users/abhishekpatkar/Documents/Projects/af_file_loader/venv/lib/python3.11/site-packages/airflow/example_dags/example_short_circuit_operator.py for tasks to queue
[2023-07-22T16:04:50.422-0500] {logging_mixin.py:150} INFO - [2023-07-22T16:04:50.422-0500] {dagbag.py:541} INFO - Filling up the DagBag from /Users/abhishekpatkar/Documents/Projects/af_file_loader/venv/lib/python3.11/site-packages/airflow/example_dags/example_short_circuit_operator.py
[2023-07-22T16:04:50.487-0500] {processor.py:836} INFO - DAG(s) dict_keys(['example_short_circuit_operator']) retrieved from /Users/abhishekpatkar/Documents/Projects/af_file_loader/venv/lib/python3.11/site-packages/airflow/example_dags/example_short_circuit_operator.py
[2023-07-22T16:04:51.106-0500] {logging_mixin.py:150} INFO - [2023-07-22T16:04:51.106-0500] {dag.py:2742} INFO - Sync 1 DAGs
[2023-07-22T16:04:51.123-0500] {logging_mixin.py:150} INFO - [2023-07-22T16:04:51.122-0500] {dag.py:3504} INFO - Setting next_dagrun for example_short_circuit_operator to 2023-07-21T21:04:51.122713+00:00, run_after=2023-07-22T21:04:51.122713+00:00
[2023-07-22T16:04:51.144-0500] {processor.py:179} INFO - Processing /Users/abhishekpatkar/Documents/Projects/af_file_loader/venv/lib/python3.11/site-packages/airflow/example_dags/example_short_circuit_operator.py took 0.727 seconds
[2023-07-22T16:06:36.071-0500] {processor.py:157} INFO - Started process (PID=20570) to work on /Users/abhishekpatkar/Documents/Projects/af_file_loader/venv/lib/python3.11/site-packages/airflow/example_dags/example_short_circuit_operator.py
[2023-07-22T16:06:36.074-0500] {processor.py:826} INFO - Processing file /Users/abhishekpatkar/Documents/Projects/af_file_loader/venv/lib/python3.11/site-packages/airflow/example_dags/example_short_circuit_operator.py for tasks to queue
[2023-07-22T16:06:36.075-0500] {logging_mixin.py:150} INFO - [2023-07-22T16:06:36.075-0500] {dagbag.py:541} INFO - Filling up the DagBag from /Users/abhishekpatkar/Documents/Projects/af_file_loader/venv/lib/python3.11/site-packages/airflow/example_dags/example_short_circuit_operator.py
[2023-07-22T16:06:36.140-0500] {processor.py:836} INFO - DAG(s) dict_keys(['example_short_circuit_operator']) retrieved from /Users/abhishekpatkar/Documents/Projects/af_file_loader/venv/lib/python3.11/site-packages/airflow/example_dags/example_short_circuit_operator.py
[2023-07-22T16:06:36.753-0500] {logging_mixin.py:150} INFO - [2023-07-22T16:06:36.752-0500] {dag.py:2742} INFO - Sync 1 DAGs
[2023-07-22T16:06:36.768-0500] {logging_mixin.py:150} INFO - [2023-07-22T16:06:36.768-0500] {dag.py:3504} INFO - Setting next_dagrun for example_short_circuit_operator to 2023-07-21T21:06:36.768550+00:00, run_after=2023-07-22T21:06:36.768550+00:00
[2023-07-22T16:06:36.788-0500] {processor.py:179} INFO - Processing /Users/abhishekpatkar/Documents/Projects/af_file_loader/venv/lib/python3.11/site-packages/airflow/example_dags/example_short_circuit_operator.py took 0.718 seconds
[2023-07-22T16:08:27.014-0500] {processor.py:157} INFO - Started process (PID=20654) to work on /Users/abhishekpatkar/Documents/Projects/af_file_loader/venv/lib/python3.11/site-packages/airflow/example_dags/example_short_circuit_operator.py
[2023-07-22T16:08:27.018-0500] {processor.py:826} INFO - Processing file /Users/abhishekpatkar/Documents/Projects/af_file_loader/venv/lib/python3.11/site-packages/airflow/example_dags/example_short_circuit_operator.py for tasks to queue
[2023-07-22T16:08:27.019-0500] {logging_mixin.py:150} INFO - [2023-07-22T16:08:27.019-0500] {dagbag.py:541} INFO - Filling up the DagBag from /Users/abhishekpatkar/Documents/Projects/af_file_loader/venv/lib/python3.11/site-packages/airflow/example_dags/example_short_circuit_operator.py
[2023-07-22T16:08:27.085-0500] {processor.py:836} INFO - DAG(s) dict_keys(['example_short_circuit_operator']) retrieved from /Users/abhishekpatkar/Documents/Projects/af_file_loader/venv/lib/python3.11/site-packages/airflow/example_dags/example_short_circuit_operator.py
[2023-07-22T16:08:27.680-0500] {logging_mixin.py:150} INFO - [2023-07-22T16:08:27.679-0500] {dag.py:2742} INFO - Sync 1 DAGs
[2023-07-22T16:08:27.695-0500] {logging_mixin.py:150} INFO - [2023-07-22T16:08:27.695-0500] {dag.py:3504} INFO - Setting next_dagrun for example_short_circuit_operator to 2023-07-21T21:08:27.695515+00:00, run_after=2023-07-22T21:08:27.695515+00:00
[2023-07-22T16:08:27.717-0500] {processor.py:179} INFO - Processing /Users/abhishekpatkar/Documents/Projects/af_file_loader/venv/lib/python3.11/site-packages/airflow/example_dags/example_short_circuit_operator.py took 0.704 seconds
[2023-07-22T16:10:19.024-0500] {processor.py:157} INFO - Started process (PID=20726) to work on /Users/abhishekpatkar/Documents/Projects/af_file_loader/venv/lib/python3.11/site-packages/airflow/example_dags/example_short_circuit_operator.py
[2023-07-22T16:10:19.027-0500] {processor.py:826} INFO - Processing file /Users/abhishekpatkar/Documents/Projects/af_file_loader/venv/lib/python3.11/site-packages/airflow/example_dags/example_short_circuit_operator.py for tasks to queue
[2023-07-22T16:10:19.028-0500] {logging_mixin.py:150} INFO - [2023-07-22T16:10:19.028-0500] {dagbag.py:541} INFO - Filling up the DagBag from /Users/abhishekpatkar/Documents/Projects/af_file_loader/venv/lib/python3.11/site-packages/airflow/example_dags/example_short_circuit_operator.py
[2023-07-22T16:10:19.093-0500] {processor.py:836} INFO - DAG(s) dict_keys(['example_short_circuit_operator']) retrieved from /Users/abhishekpatkar/Documents/Projects/af_file_loader/venv/lib/python3.11/site-packages/airflow/example_dags/example_short_circuit_operator.py
[2023-07-22T16:10:19.685-0500] {logging_mixin.py:150} INFO - [2023-07-22T16:10:19.685-0500] {dag.py:2742} INFO - Sync 1 DAGs
[2023-07-22T16:10:19.701-0500] {logging_mixin.py:150} INFO - [2023-07-22T16:10:19.700-0500] {dag.py:3504} INFO - Setting next_dagrun for example_short_circuit_operator to 2023-07-21T21:10:19.700781+00:00, run_after=2023-07-22T21:10:19.700781+00:00
[2023-07-22T16:10:19.720-0500] {processor.py:179} INFO - Processing /Users/abhishekpatkar/Documents/Projects/af_file_loader/venv/lib/python3.11/site-packages/airflow/example_dags/example_short_circuit_operator.py took 0.697 seconds
[2023-07-22T16:24:06.296-0500] {processor.py:157} INFO - Started process (PID=20866) to work on /Users/abhishekpatkar/Documents/Projects/af_file_loader/venv/lib/python3.11/site-packages/airflow/example_dags/example_short_circuit_operator.py
[2023-07-22T16:24:06.301-0500] {processor.py:826} INFO - Processing file /Users/abhishekpatkar/Documents/Projects/af_file_loader/venv/lib/python3.11/site-packages/airflow/example_dags/example_short_circuit_operator.py for tasks to queue
[2023-07-22T16:24:06.301-0500] {logging_mixin.py:150} INFO - [2023-07-22T16:24:06.301-0500] {dagbag.py:541} INFO - Filling up the DagBag from /Users/abhishekpatkar/Documents/Projects/af_file_loader/venv/lib/python3.11/site-packages/airflow/example_dags/example_short_circuit_operator.py
[2023-07-22T16:24:06.374-0500] {processor.py:836} INFO - DAG(s) dict_keys(['example_short_circuit_operator']) retrieved from /Users/abhishekpatkar/Documents/Projects/af_file_loader/venv/lib/python3.11/site-packages/airflow/example_dags/example_short_circuit_operator.py
[2023-07-22T16:24:07.076-0500] {logging_mixin.py:150} INFO - [2023-07-22T16:24:07.076-0500] {dag.py:2742} INFO - Sync 1 DAGs
[2023-07-22T16:24:07.093-0500] {logging_mixin.py:150} INFO - [2023-07-22T16:24:07.093-0500] {dag.py:3504} INFO - Setting next_dagrun for example_short_circuit_operator to 2023-07-21T21:24:07.093511+00:00, run_after=2023-07-22T21:24:07.093511+00:00
[2023-07-22T16:24:07.124-0500] {processor.py:179} INFO - Processing /Users/abhishekpatkar/Documents/Projects/af_file_loader/venv/lib/python3.11/site-packages/airflow/example_dags/example_short_circuit_operator.py took 0.829 seconds
[2023-07-22T16:26:59.598-0500] {processor.py:157} INFO - Started process (PID=20998) to work on /Users/abhishekpatkar/Documents/Projects/af_file_loader/venv/lib/python3.11/site-packages/airflow/example_dags/example_short_circuit_operator.py
[2023-07-22T16:26:59.606-0500] {processor.py:826} INFO - Processing file /Users/abhishekpatkar/Documents/Projects/af_file_loader/venv/lib/python3.11/site-packages/airflow/example_dags/example_short_circuit_operator.py for tasks to queue
[2023-07-22T16:26:59.607-0500] {logging_mixin.py:150} INFO - [2023-07-22T16:26:59.606-0500] {dagbag.py:541} INFO - Filling up the DagBag from /Users/abhishekpatkar/Documents/Projects/af_file_loader/venv/lib/python3.11/site-packages/airflow/example_dags/example_short_circuit_operator.py
[2023-07-22T16:26:59.713-0500] {processor.py:836} INFO - DAG(s) dict_keys(['example_short_circuit_operator']) retrieved from /Users/abhishekpatkar/Documents/Projects/af_file_loader/venv/lib/python3.11/site-packages/airflow/example_dags/example_short_circuit_operator.py
[2023-07-22T16:27:01.461-0500] {logging_mixin.py:150} INFO - [2023-07-22T16:27:01.461-0500] {dag.py:2742} INFO - Sync 1 DAGs
[2023-07-22T16:27:01.578-0500] {logging_mixin.py:150} INFO - [2023-07-22T16:27:01.578-0500] {dag.py:3504} INFO - Setting next_dagrun for example_short_circuit_operator to 2023-07-21T21:27:01.577828+00:00, run_after=2023-07-22T21:27:01.577828+00:00
[2023-07-22T16:27:01.759-0500] {processor.py:179} INFO - Processing /Users/abhishekpatkar/Documents/Projects/af_file_loader/venv/lib/python3.11/site-packages/airflow/example_dags/example_short_circuit_operator.py took 2.163 seconds
[2023-07-22T16:30:19.813-0500] {processor.py:157} INFO - Started process (PID=21103) to work on /Users/abhishekpatkar/Documents/Projects/af_file_loader/venv/lib/python3.11/site-packages/airflow/example_dags/example_short_circuit_operator.py
[2023-07-22T16:30:19.825-0500] {processor.py:826} INFO - Processing file /Users/abhishekpatkar/Documents/Projects/af_file_loader/venv/lib/python3.11/site-packages/airflow/example_dags/example_short_circuit_operator.py for tasks to queue
[2023-07-22T16:30:19.826-0500] {logging_mixin.py:150} INFO - [2023-07-22T16:30:19.826-0500] {dagbag.py:541} INFO - Filling up the DagBag from /Users/abhishekpatkar/Documents/Projects/af_file_loader/venv/lib/python3.11/site-packages/airflow/example_dags/example_short_circuit_operator.py
[2023-07-22T16:30:19.965-0500] {processor.py:836} INFO - DAG(s) dict_keys(['example_short_circuit_operator']) retrieved from /Users/abhishekpatkar/Documents/Projects/af_file_loader/venv/lib/python3.11/site-packages/airflow/example_dags/example_short_circuit_operator.py
[2023-07-22T16:30:21.570-0500] {logging_mixin.py:150} INFO - [2023-07-22T16:30:21.569-0500] {dag.py:2742} INFO - Sync 1 DAGs
[2023-07-22T16:30:21.601-0500] {logging_mixin.py:150} INFO - [2023-07-22T16:30:21.601-0500] {dag.py:3504} INFO - Setting next_dagrun for example_short_circuit_operator to 2023-07-21T21:30:21.601579+00:00, run_after=2023-07-22T21:30:21.601579+00:00
[2023-07-22T16:30:21.635-0500] {processor.py:179} INFO - Processing /Users/abhishekpatkar/Documents/Projects/af_file_loader/venv/lib/python3.11/site-packages/airflow/example_dags/example_short_circuit_operator.py took 1.822 seconds
[2023-07-22T16:33:37.857-0500] {processor.py:157} INFO - Started process (PID=21209) to work on /Users/abhishekpatkar/Documents/Projects/af_file_loader/venv/lib/python3.11/site-packages/airflow/example_dags/example_short_circuit_operator.py
[2023-07-22T16:33:37.862-0500] {processor.py:826} INFO - Processing file /Users/abhishekpatkar/Documents/Projects/af_file_loader/venv/lib/python3.11/site-packages/airflow/example_dags/example_short_circuit_operator.py for tasks to queue
[2023-07-22T16:33:37.863-0500] {logging_mixin.py:150} INFO - [2023-07-22T16:33:37.863-0500] {dagbag.py:541} INFO - Filling up the DagBag from /Users/abhishekpatkar/Documents/Projects/af_file_loader/venv/lib/python3.11/site-packages/airflow/example_dags/example_short_circuit_operator.py
[2023-07-22T16:33:38.127-0500] {processor.py:836} INFO - DAG(s) dict_keys(['example_short_circuit_operator']) retrieved from /Users/abhishekpatkar/Documents/Projects/af_file_loader/venv/lib/python3.11/site-packages/airflow/example_dags/example_short_circuit_operator.py
[2023-07-22T16:33:39.590-0500] {logging_mixin.py:150} INFO - [2023-07-22T16:33:39.590-0500] {dag.py:2742} INFO - Sync 1 DAGs
[2023-07-22T16:33:39.623-0500] {logging_mixin.py:150} INFO - [2023-07-22T16:33:39.623-0500] {dag.py:3504} INFO - Setting next_dagrun for example_short_circuit_operator to 2023-07-21T21:33:39.623079+00:00, run_after=2023-07-22T21:33:39.623079+00:00
[2023-07-22T16:33:39.808-0500] {processor.py:179} INFO - Processing /Users/abhishekpatkar/Documents/Projects/af_file_loader/venv/lib/python3.11/site-packages/airflow/example_dags/example_short_circuit_operator.py took 1.953 seconds
[2023-07-22T16:37:42.173-0500] {processor.py:157} INFO - Started process (PID=21334) to work on /Users/abhishekpatkar/Documents/Projects/af_file_loader/venv/lib/python3.11/site-packages/airflow/example_dags/example_short_circuit_operator.py
[2023-07-22T16:37:42.178-0500] {processor.py:826} INFO - Processing file /Users/abhishekpatkar/Documents/Projects/af_file_loader/venv/lib/python3.11/site-packages/airflow/example_dags/example_short_circuit_operator.py for tasks to queue
[2023-07-22T16:37:42.178-0500] {logging_mixin.py:150} INFO - [2023-07-22T16:37:42.178-0500] {dagbag.py:541} INFO - Filling up the DagBag from /Users/abhishekpatkar/Documents/Projects/af_file_loader/venv/lib/python3.11/site-packages/airflow/example_dags/example_short_circuit_operator.py
[2023-07-22T16:37:42.292-0500] {processor.py:836} INFO - DAG(s) dict_keys(['example_short_circuit_operator']) retrieved from /Users/abhishekpatkar/Documents/Projects/af_file_loader/venv/lib/python3.11/site-packages/airflow/example_dags/example_short_circuit_operator.py
[2023-07-22T16:37:43.042-0500] {logging_mixin.py:150} INFO - [2023-07-22T16:37:43.042-0500] {dag.py:2742} INFO - Sync 1 DAGs
[2023-07-22T16:37:43.069-0500] {logging_mixin.py:150} INFO - [2023-07-22T16:37:43.069-0500] {dag.py:3504} INFO - Setting next_dagrun for example_short_circuit_operator to 2023-07-21T21:37:43.069262+00:00, run_after=2023-07-22T21:37:43.069262+00:00
[2023-07-22T16:37:43.101-0500] {processor.py:179} INFO - Processing /Users/abhishekpatkar/Documents/Projects/af_file_loader/venv/lib/python3.11/site-packages/airflow/example_dags/example_short_circuit_operator.py took 0.928 seconds
[2023-07-22T16:42:16.503-0500] {processor.py:157} INFO - Started process (PID=21532) to work on /Users/abhishekpatkar/Documents/Projects/af_file_loader/venv/lib/python3.11/site-packages/airflow/example_dags/example_short_circuit_operator.py
[2023-07-22T16:42:16.514-0500] {processor.py:826} INFO - Processing file /Users/abhishekpatkar/Documents/Projects/af_file_loader/venv/lib/python3.11/site-packages/airflow/example_dags/example_short_circuit_operator.py for tasks to queue
[2023-07-22T16:42:16.517-0500] {logging_mixin.py:150} INFO - [2023-07-22T16:42:16.517-0500] {dagbag.py:541} INFO - Filling up the DagBag from /Users/abhishekpatkar/Documents/Projects/af_file_loader/venv/lib/python3.11/site-packages/airflow/example_dags/example_short_circuit_operator.py
[2023-07-22T16:42:16.670-0500] {processor.py:836} INFO - DAG(s) dict_keys(['example_short_circuit_operator']) retrieved from /Users/abhishekpatkar/Documents/Projects/af_file_loader/venv/lib/python3.11/site-packages/airflow/example_dags/example_short_circuit_operator.py
[2023-07-22T16:42:18.391-0500] {logging_mixin.py:150} INFO - [2023-07-22T16:42:18.391-0500] {dag.py:2742} INFO - Sync 1 DAGs
[2023-07-22T16:42:18.421-0500] {logging_mixin.py:150} INFO - [2023-07-22T16:42:18.420-0500] {dag.py:3504} INFO - Setting next_dagrun for example_short_circuit_operator to 2023-07-21T21:42:18.419882+00:00, run_after=2023-07-22T21:42:18.419882+00:00
[2023-07-22T16:42:18.460-0500] {processor.py:179} INFO - Processing /Users/abhishekpatkar/Documents/Projects/af_file_loader/venv/lib/python3.11/site-packages/airflow/example_dags/example_short_circuit_operator.py took 1.957 seconds
[2023-07-22T16:46:08.921-0500] {processor.py:157} INFO - Started process (PID=21645) to work on /Users/abhishekpatkar/Documents/Projects/af_file_loader/venv/lib/python3.11/site-packages/airflow/example_dags/example_short_circuit_operator.py
[2023-07-22T16:46:08.939-0500] {processor.py:826} INFO - Processing file /Users/abhishekpatkar/Documents/Projects/af_file_loader/venv/lib/python3.11/site-packages/airflow/example_dags/example_short_circuit_operator.py for tasks to queue
[2023-07-22T16:46:08.950-0500] {logging_mixin.py:150} INFO - [2023-07-22T16:46:08.950-0500] {dagbag.py:541} INFO - Filling up the DagBag from /Users/abhishekpatkar/Documents/Projects/af_file_loader/venv/lib/python3.11/site-packages/airflow/example_dags/example_short_circuit_operator.py
[2023-07-22T16:46:09.091-0500] {processor.py:836} INFO - DAG(s) dict_keys(['example_short_circuit_operator']) retrieved from /Users/abhishekpatkar/Documents/Projects/af_file_loader/venv/lib/python3.11/site-packages/airflow/example_dags/example_short_circuit_operator.py
[2023-07-22T16:46:10.525-0500] {logging_mixin.py:150} INFO - [2023-07-22T16:46:10.524-0500] {dag.py:2742} INFO - Sync 1 DAGs
[2023-07-22T16:46:10.569-0500] {logging_mixin.py:150} INFO - [2023-07-22T16:46:10.569-0500] {dag.py:3504} INFO - Setting next_dagrun for example_short_circuit_operator to 2023-07-21T21:46:10.569306+00:00, run_after=2023-07-22T21:46:10.569306+00:00
[2023-07-22T16:46:10.647-0500] {processor.py:179} INFO - Processing /Users/abhishekpatkar/Documents/Projects/af_file_loader/venv/lib/python3.11/site-packages/airflow/example_dags/example_short_circuit_operator.py took 1.728 seconds
[2023-07-22T16:49:47.379-0500] {processor.py:157} INFO - Started process (PID=21758) to work on /Users/abhishekpatkar/Documents/Projects/af_file_loader/venv/lib/python3.11/site-packages/airflow/example_dags/example_short_circuit_operator.py
[2023-07-22T16:49:47.384-0500] {processor.py:826} INFO - Processing file /Users/abhishekpatkar/Documents/Projects/af_file_loader/venv/lib/python3.11/site-packages/airflow/example_dags/example_short_circuit_operator.py for tasks to queue
[2023-07-22T16:49:47.385-0500] {logging_mixin.py:150} INFO - [2023-07-22T16:49:47.384-0500] {dagbag.py:541} INFO - Filling up the DagBag from /Users/abhishekpatkar/Documents/Projects/af_file_loader/venv/lib/python3.11/site-packages/airflow/example_dags/example_short_circuit_operator.py
[2023-07-22T16:49:47.499-0500] {processor.py:836} INFO - DAG(s) dict_keys(['example_short_circuit_operator']) retrieved from /Users/abhishekpatkar/Documents/Projects/af_file_loader/venv/lib/python3.11/site-packages/airflow/example_dags/example_short_circuit_operator.py
[2023-07-22T16:49:48.884-0500] {logging_mixin.py:150} INFO - [2023-07-22T16:49:48.884-0500] {dag.py:2742} INFO - Sync 1 DAGs
[2023-07-22T16:49:48.919-0500] {logging_mixin.py:150} INFO - [2023-07-22T16:49:48.919-0500] {dag.py:3504} INFO - Setting next_dagrun for example_short_circuit_operator to 2023-07-21T21:49:48.918996+00:00, run_after=2023-07-22T21:49:48.918996+00:00
[2023-07-22T16:49:48.967-0500] {processor.py:179} INFO - Processing /Users/abhishekpatkar/Documents/Projects/af_file_loader/venv/lib/python3.11/site-packages/airflow/example_dags/example_short_circuit_operator.py took 1.589 seconds
[2023-07-22T16:53:45.433-0500] {processor.py:157} INFO - Started process (PID=21874) to work on /Users/abhishekpatkar/Documents/Projects/af_file_loader/venv/lib/python3.11/site-packages/airflow/example_dags/example_short_circuit_operator.py
[2023-07-22T16:53:45.439-0500] {processor.py:826} INFO - Processing file /Users/abhishekpatkar/Documents/Projects/af_file_loader/venv/lib/python3.11/site-packages/airflow/example_dags/example_short_circuit_operator.py for tasks to queue
[2023-07-22T16:53:45.441-0500] {logging_mixin.py:150} INFO - [2023-07-22T16:53:45.440-0500] {dagbag.py:541} INFO - Filling up the DagBag from /Users/abhishekpatkar/Documents/Projects/af_file_loader/venv/lib/python3.11/site-packages/airflow/example_dags/example_short_circuit_operator.py
[2023-07-22T16:53:45.548-0500] {processor.py:836} INFO - DAG(s) dict_keys(['example_short_circuit_operator']) retrieved from /Users/abhishekpatkar/Documents/Projects/af_file_loader/venv/lib/python3.11/site-packages/airflow/example_dags/example_short_circuit_operator.py
[2023-07-22T16:53:46.761-0500] {logging_mixin.py:150} INFO - [2023-07-22T16:53:46.760-0500] {dag.py:2742} INFO - Sync 1 DAGs
[2023-07-22T16:53:46.789-0500] {logging_mixin.py:150} INFO - [2023-07-22T16:53:46.788-0500] {dag.py:3504} INFO - Setting next_dagrun for example_short_circuit_operator to 2023-07-21T21:53:46.788762+00:00, run_after=2023-07-22T21:53:46.788762+00:00
[2023-07-22T16:53:46.845-0500] {processor.py:179} INFO - Processing /Users/abhishekpatkar/Documents/Projects/af_file_loader/venv/lib/python3.11/site-packages/airflow/example_dags/example_short_circuit_operator.py took 1.407 seconds
[2023-07-22T16:56:51.547-0500] {processor.py:157} INFO - Started process (PID=21987) to work on /Users/abhishekpatkar/Documents/Projects/af_file_loader/venv/lib/python3.11/site-packages/airflow/example_dags/example_short_circuit_operator.py
[2023-07-22T16:56:51.559-0500] {processor.py:826} INFO - Processing file /Users/abhishekpatkar/Documents/Projects/af_file_loader/venv/lib/python3.11/site-packages/airflow/example_dags/example_short_circuit_operator.py for tasks to queue
[2023-07-22T16:56:51.559-0500] {logging_mixin.py:150} INFO - [2023-07-22T16:56:51.559-0500] {dagbag.py:541} INFO - Filling up the DagBag from /Users/abhishekpatkar/Documents/Projects/af_file_loader/venv/lib/python3.11/site-packages/airflow/example_dags/example_short_circuit_operator.py
[2023-07-22T16:56:51.694-0500] {processor.py:836} INFO - DAG(s) dict_keys(['example_short_circuit_operator']) retrieved from /Users/abhishekpatkar/Documents/Projects/af_file_loader/venv/lib/python3.11/site-packages/airflow/example_dags/example_short_circuit_operator.py
[2023-07-22T16:56:52.861-0500] {logging_mixin.py:150} INFO - [2023-07-22T16:56:52.859-0500] {dag.py:2742} INFO - Sync 1 DAGs
[2023-07-22T16:56:52.885-0500] {logging_mixin.py:150} INFO - [2023-07-22T16:56:52.885-0500] {dag.py:3504} INFO - Setting next_dagrun for example_short_circuit_operator to 2023-07-21T21:56:52.885586+00:00, run_after=2023-07-22T21:56:52.885586+00:00
[2023-07-22T16:56:52.917-0500] {processor.py:179} INFO - Processing /Users/abhishekpatkar/Documents/Projects/af_file_loader/venv/lib/python3.11/site-packages/airflow/example_dags/example_short_circuit_operator.py took 1.370 seconds
[2023-07-22T16:59:48.634-0500] {processor.py:157} INFO - Started process (PID=22084) to work on /Users/abhishekpatkar/Documents/Projects/af_file_loader/venv/lib/python3.11/site-packages/airflow/example_dags/example_short_circuit_operator.py
[2023-07-22T16:59:48.643-0500] {processor.py:826} INFO - Processing file /Users/abhishekpatkar/Documents/Projects/af_file_loader/venv/lib/python3.11/site-packages/airflow/example_dags/example_short_circuit_operator.py for tasks to queue
[2023-07-22T16:59:48.645-0500] {logging_mixin.py:150} INFO - [2023-07-22T16:59:48.644-0500] {dagbag.py:541} INFO - Filling up the DagBag from /Users/abhishekpatkar/Documents/Projects/af_file_loader/venv/lib/python3.11/site-packages/airflow/example_dags/example_short_circuit_operator.py
[2023-07-22T16:59:48.749-0500] {processor.py:836} INFO - DAG(s) dict_keys(['example_short_circuit_operator']) retrieved from /Users/abhishekpatkar/Documents/Projects/af_file_loader/venv/lib/python3.11/site-packages/airflow/example_dags/example_short_circuit_operator.py
[2023-07-22T16:59:49.771-0500] {logging_mixin.py:150} INFO - [2023-07-22T16:59:49.770-0500] {dag.py:2742} INFO - Sync 1 DAGs
[2023-07-22T16:59:49.801-0500] {logging_mixin.py:150} INFO - [2023-07-22T16:59:49.800-0500] {dag.py:3504} INFO - Setting next_dagrun for example_short_circuit_operator to 2023-07-21T21:59:49.800779+00:00, run_after=2023-07-22T21:59:49.800779+00:00
[2023-07-22T16:59:49.854-0500] {processor.py:179} INFO - Processing /Users/abhishekpatkar/Documents/Projects/af_file_loader/venv/lib/python3.11/site-packages/airflow/example_dags/example_short_circuit_operator.py took 1.221 seconds
[2023-07-22T17:03:47.994-0500] {processor.py:157} INFO - Started process (PID=22259) to work on /Users/abhishekpatkar/Documents/Projects/af_file_loader/venv/lib/python3.11/site-packages/airflow/example_dags/example_short_circuit_operator.py
[2023-07-22T17:03:47.999-0500] {processor.py:826} INFO - Processing file /Users/abhishekpatkar/Documents/Projects/af_file_loader/venv/lib/python3.11/site-packages/airflow/example_dags/example_short_circuit_operator.py for tasks to queue
[2023-07-22T17:03:48.000-0500] {logging_mixin.py:150} INFO - [2023-07-22T17:03:48.000-0500] {dagbag.py:541} INFO - Filling up the DagBag from /Users/abhishekpatkar/Documents/Projects/af_file_loader/venv/lib/python3.11/site-packages/airflow/example_dags/example_short_circuit_operator.py
[2023-07-22T17:03:48.080-0500] {processor.py:836} INFO - DAG(s) dict_keys(['example_short_circuit_operator']) retrieved from /Users/abhishekpatkar/Documents/Projects/af_file_loader/venv/lib/python3.11/site-packages/airflow/example_dags/example_short_circuit_operator.py
[2023-07-22T17:03:48.836-0500] {logging_mixin.py:150} INFO - [2023-07-22T17:03:48.836-0500] {dag.py:2742} INFO - Sync 1 DAGs
[2023-07-22T17:03:48.853-0500] {logging_mixin.py:150} INFO - [2023-07-22T17:03:48.853-0500] {dag.py:3504} INFO - Setting next_dagrun for example_short_circuit_operator to 2023-07-21T22:03:48.853436+00:00, run_after=2023-07-22T22:03:48.853436+00:00
[2023-07-22T17:03:48.875-0500] {processor.py:179} INFO - Processing /Users/abhishekpatkar/Documents/Projects/af_file_loader/venv/lib/python3.11/site-packages/airflow/example_dags/example_short_circuit_operator.py took 0.883 seconds
[2023-07-22T17:05:57.644-0500] {processor.py:157} INFO - Started process (PID=22340) to work on /Users/abhishekpatkar/Documents/Projects/af_file_loader/venv/lib/python3.11/site-packages/airflow/example_dags/example_short_circuit_operator.py
[2023-07-22T17:05:57.648-0500] {processor.py:826} INFO - Processing file /Users/abhishekpatkar/Documents/Projects/af_file_loader/venv/lib/python3.11/site-packages/airflow/example_dags/example_short_circuit_operator.py for tasks to queue
[2023-07-22T17:05:57.648-0500] {logging_mixin.py:150} INFO - [2023-07-22T17:05:57.648-0500] {dagbag.py:541} INFO - Filling up the DagBag from /Users/abhishekpatkar/Documents/Projects/af_file_loader/venv/lib/python3.11/site-packages/airflow/example_dags/example_short_circuit_operator.py
[2023-07-22T17:05:57.729-0500] {processor.py:836} INFO - DAG(s) dict_keys(['example_short_circuit_operator']) retrieved from /Users/abhishekpatkar/Documents/Projects/af_file_loader/venv/lib/python3.11/site-packages/airflow/example_dags/example_short_circuit_operator.py
[2023-07-22T17:05:58.422-0500] {logging_mixin.py:150} INFO - [2023-07-22T17:05:58.422-0500] {dag.py:2742} INFO - Sync 1 DAGs
[2023-07-22T17:05:58.439-0500] {logging_mixin.py:150} INFO - [2023-07-22T17:05:58.439-0500] {dag.py:3504} INFO - Setting next_dagrun for example_short_circuit_operator to 2023-07-21T22:05:58.439570+00:00, run_after=2023-07-22T22:05:58.439570+00:00
[2023-07-22T17:05:58.465-0500] {processor.py:179} INFO - Processing /Users/abhishekpatkar/Documents/Projects/af_file_loader/venv/lib/python3.11/site-packages/airflow/example_dags/example_short_circuit_operator.py took 0.822 seconds
[2023-07-22T17:07:57.298-0500] {processor.py:157} INFO - Started process (PID=22424) to work on /Users/abhishekpatkar/Documents/Projects/af_file_loader/venv/lib/python3.11/site-packages/airflow/example_dags/example_short_circuit_operator.py
[2023-07-22T17:07:57.302-0500] {processor.py:826} INFO - Processing file /Users/abhishekpatkar/Documents/Projects/af_file_loader/venv/lib/python3.11/site-packages/airflow/example_dags/example_short_circuit_operator.py for tasks to queue
[2023-07-22T17:07:57.303-0500] {logging_mixin.py:150} INFO - [2023-07-22T17:07:57.303-0500] {dagbag.py:541} INFO - Filling up the DagBag from /Users/abhishekpatkar/Documents/Projects/af_file_loader/venv/lib/python3.11/site-packages/airflow/example_dags/example_short_circuit_operator.py
[2023-07-22T17:07:57.378-0500] {processor.py:836} INFO - DAG(s) dict_keys(['example_short_circuit_operator']) retrieved from /Users/abhishekpatkar/Documents/Projects/af_file_loader/venv/lib/python3.11/site-packages/airflow/example_dags/example_short_circuit_operator.py
[2023-07-22T17:07:58.091-0500] {logging_mixin.py:150} INFO - [2023-07-22T17:07:58.091-0500] {dag.py:2742} INFO - Sync 1 DAGs
[2023-07-22T17:07:58.110-0500] {logging_mixin.py:150} INFO - [2023-07-22T17:07:58.110-0500] {dag.py:3504} INFO - Setting next_dagrun for example_short_circuit_operator to 2023-07-21T22:07:58.110455+00:00, run_after=2023-07-22T22:07:58.110455+00:00
[2023-07-22T17:07:58.132-0500] {processor.py:179} INFO - Processing /Users/abhishekpatkar/Documents/Projects/af_file_loader/venv/lib/python3.11/site-packages/airflow/example_dags/example_short_circuit_operator.py took 0.835 seconds
[2023-07-22T17:09:55.454-0500] {processor.py:157} INFO - Started process (PID=22503) to work on /Users/abhishekpatkar/Documents/Projects/af_file_loader/venv/lib/python3.11/site-packages/airflow/example_dags/example_short_circuit_operator.py
[2023-07-22T17:09:55.459-0500] {processor.py:826} INFO - Processing file /Users/abhishekpatkar/Documents/Projects/af_file_loader/venv/lib/python3.11/site-packages/airflow/example_dags/example_short_circuit_operator.py for tasks to queue
[2023-07-22T17:09:55.460-0500] {logging_mixin.py:150} INFO - [2023-07-22T17:09:55.459-0500] {dagbag.py:541} INFO - Filling up the DagBag from /Users/abhishekpatkar/Documents/Projects/af_file_loader/venv/lib/python3.11/site-packages/airflow/example_dags/example_short_circuit_operator.py
[2023-07-22T17:09:55.548-0500] {processor.py:836} INFO - DAG(s) dict_keys(['example_short_circuit_operator']) retrieved from /Users/abhishekpatkar/Documents/Projects/af_file_loader/venv/lib/python3.11/site-packages/airflow/example_dags/example_short_circuit_operator.py
[2023-07-22T17:09:56.262-0500] {logging_mixin.py:150} INFO - [2023-07-22T17:09:56.261-0500] {dag.py:2742} INFO - Sync 1 DAGs
[2023-07-22T17:09:56.279-0500] {logging_mixin.py:150} INFO - [2023-07-22T17:09:56.279-0500] {dag.py:3504} INFO - Setting next_dagrun for example_short_circuit_operator to 2023-07-21T22:09:56.279390+00:00, run_after=2023-07-22T22:09:56.279390+00:00
[2023-07-22T17:09:56.305-0500] {processor.py:179} INFO - Processing /Users/abhishekpatkar/Documents/Projects/af_file_loader/venv/lib/python3.11/site-packages/airflow/example_dags/example_short_circuit_operator.py took 0.851 seconds
[2023-07-22T17:11:56.478-0500] {processor.py:157} INFO - Started process (PID=22581) to work on /Users/abhishekpatkar/Documents/Projects/af_file_loader/venv/lib/python3.11/site-packages/airflow/example_dags/example_short_circuit_operator.py
[2023-07-22T17:11:56.487-0500] {processor.py:826} INFO - Processing file /Users/abhishekpatkar/Documents/Projects/af_file_loader/venv/lib/python3.11/site-packages/airflow/example_dags/example_short_circuit_operator.py for tasks to queue
[2023-07-22T17:11:56.488-0500] {logging_mixin.py:150} INFO - [2023-07-22T17:11:56.488-0500] {dagbag.py:541} INFO - Filling up the DagBag from /Users/abhishekpatkar/Documents/Projects/af_file_loader/venv/lib/python3.11/site-packages/airflow/example_dags/example_short_circuit_operator.py
[2023-07-22T17:11:56.568-0500] {processor.py:836} INFO - DAG(s) dict_keys(['example_short_circuit_operator']) retrieved from /Users/abhishekpatkar/Documents/Projects/af_file_loader/venv/lib/python3.11/site-packages/airflow/example_dags/example_short_circuit_operator.py
[2023-07-22T17:11:57.271-0500] {logging_mixin.py:150} INFO - [2023-07-22T17:11:57.270-0500] {dag.py:2742} INFO - Sync 1 DAGs
[2023-07-22T17:11:57.291-0500] {logging_mixin.py:150} INFO - [2023-07-22T17:11:57.290-0500] {dag.py:3504} INFO - Setting next_dagrun for example_short_circuit_operator to 2023-07-21T22:11:57.290480+00:00, run_after=2023-07-22T22:11:57.290480+00:00
[2023-07-22T17:11:57.313-0500] {processor.py:179} INFO - Processing /Users/abhishekpatkar/Documents/Projects/af_file_loader/venv/lib/python3.11/site-packages/airflow/example_dags/example_short_circuit_operator.py took 0.836 seconds
[2023-07-22T17:13:55.481-0500] {processor.py:157} INFO - Started process (PID=22652) to work on /Users/abhishekpatkar/Documents/Projects/af_file_loader/venv/lib/python3.11/site-packages/airflow/example_dags/example_short_circuit_operator.py
[2023-07-22T17:13:55.486-0500] {processor.py:826} INFO - Processing file /Users/abhishekpatkar/Documents/Projects/af_file_loader/venv/lib/python3.11/site-packages/airflow/example_dags/example_short_circuit_operator.py for tasks to queue
[2023-07-22T17:13:55.487-0500] {logging_mixin.py:150} INFO - [2023-07-22T17:13:55.487-0500] {dagbag.py:541} INFO - Filling up the DagBag from /Users/abhishekpatkar/Documents/Projects/af_file_loader/venv/lib/python3.11/site-packages/airflow/example_dags/example_short_circuit_operator.py
[2023-07-22T17:13:55.562-0500] {processor.py:836} INFO - DAG(s) dict_keys(['example_short_circuit_operator']) retrieved from /Users/abhishekpatkar/Documents/Projects/af_file_loader/venv/lib/python3.11/site-packages/airflow/example_dags/example_short_circuit_operator.py
[2023-07-22T17:13:56.253-0500] {logging_mixin.py:150} INFO - [2023-07-22T17:13:56.253-0500] {dag.py:2742} INFO - Sync 1 DAGs
[2023-07-22T17:13:56.273-0500] {logging_mixin.py:150} INFO - [2023-07-22T17:13:56.272-0500] {dag.py:3504} INFO - Setting next_dagrun for example_short_circuit_operator to 2023-07-21T22:13:56.272819+00:00, run_after=2023-07-22T22:13:56.272819+00:00
[2023-07-22T17:13:56.297-0500] {processor.py:179} INFO - Processing /Users/abhishekpatkar/Documents/Projects/af_file_loader/venv/lib/python3.11/site-packages/airflow/example_dags/example_short_circuit_operator.py took 0.817 seconds
[2023-07-22T17:15:56.715-0500] {processor.py:157} INFO - Started process (PID=22731) to work on /Users/abhishekpatkar/Documents/Projects/af_file_loader/venv/lib/python3.11/site-packages/airflow/example_dags/example_short_circuit_operator.py
[2023-07-22T17:15:56.720-0500] {processor.py:826} INFO - Processing file /Users/abhishekpatkar/Documents/Projects/af_file_loader/venv/lib/python3.11/site-packages/airflow/example_dags/example_short_circuit_operator.py for tasks to queue
[2023-07-22T17:15:56.721-0500] {logging_mixin.py:150} INFO - [2023-07-22T17:15:56.721-0500] {dagbag.py:541} INFO - Filling up the DagBag from /Users/abhishekpatkar/Documents/Projects/af_file_loader/venv/lib/python3.11/site-packages/airflow/example_dags/example_short_circuit_operator.py
[2023-07-22T17:15:56.800-0500] {processor.py:836} INFO - DAG(s) dict_keys(['example_short_circuit_operator']) retrieved from /Users/abhishekpatkar/Documents/Projects/af_file_loader/venv/lib/python3.11/site-packages/airflow/example_dags/example_short_circuit_operator.py
[2023-07-22T17:15:57.573-0500] {logging_mixin.py:150} INFO - [2023-07-22T17:15:57.572-0500] {dag.py:2742} INFO - Sync 1 DAGs
[2023-07-22T17:15:57.589-0500] {logging_mixin.py:150} INFO - [2023-07-22T17:15:57.588-0500] {dag.py:3504} INFO - Setting next_dagrun for example_short_circuit_operator to 2023-07-21T22:15:57.588760+00:00, run_after=2023-07-22T22:15:57.588760+00:00
[2023-07-22T17:15:57.611-0500] {processor.py:179} INFO - Processing /Users/abhishekpatkar/Documents/Projects/af_file_loader/venv/lib/python3.11/site-packages/airflow/example_dags/example_short_circuit_operator.py took 0.896 seconds
[2023-07-22T17:18:21.797-0500] {processor.py:157} INFO - Started process (PID=22857) to work on /Users/abhishekpatkar/Documents/Projects/af_file_loader/venv/lib/python3.11/site-packages/airflow/example_dags/example_short_circuit_operator.py
[2023-07-22T17:18:21.802-0500] {processor.py:826} INFO - Processing file /Users/abhishekpatkar/Documents/Projects/af_file_loader/venv/lib/python3.11/site-packages/airflow/example_dags/example_short_circuit_operator.py for tasks to queue
[2023-07-22T17:18:21.802-0500] {logging_mixin.py:150} INFO - [2023-07-22T17:18:21.802-0500] {dagbag.py:541} INFO - Filling up the DagBag from /Users/abhishekpatkar/Documents/Projects/af_file_loader/venv/lib/python3.11/site-packages/airflow/example_dags/example_short_circuit_operator.py
[2023-07-22T17:18:21.902-0500] {processor.py:836} INFO - DAG(s) dict_keys(['example_short_circuit_operator']) retrieved from /Users/abhishekpatkar/Documents/Projects/af_file_loader/venv/lib/python3.11/site-packages/airflow/example_dags/example_short_circuit_operator.py
[2023-07-22T17:18:22.771-0500] {logging_mixin.py:150} INFO - [2023-07-22T17:18:22.770-0500] {dag.py:2742} INFO - Sync 1 DAGs
[2023-07-22T17:18:22.813-0500] {logging_mixin.py:150} INFO - [2023-07-22T17:18:22.813-0500] {dag.py:3504} INFO - Setting next_dagrun for example_short_circuit_operator to 2023-07-21T22:18:22.813638+00:00, run_after=2023-07-22T22:18:22.813638+00:00
[2023-07-22T17:18:22.849-0500] {processor.py:179} INFO - Processing /Users/abhishekpatkar/Documents/Projects/af_file_loader/venv/lib/python3.11/site-packages/airflow/example_dags/example_short_circuit_operator.py took 1.053 seconds
[2023-07-22T17:20:47.088-0500] {processor.py:157} INFO - Started process (PID=22969) to work on /Users/abhishekpatkar/Documents/Projects/af_file_loader/venv/lib/python3.11/site-packages/airflow/example_dags/example_short_circuit_operator.py
[2023-07-22T17:20:47.093-0500] {processor.py:826} INFO - Processing file /Users/abhishekpatkar/Documents/Projects/af_file_loader/venv/lib/python3.11/site-packages/airflow/example_dags/example_short_circuit_operator.py for tasks to queue
[2023-07-22T17:20:47.093-0500] {logging_mixin.py:150} INFO - [2023-07-22T17:20:47.093-0500] {dagbag.py:541} INFO - Filling up the DagBag from /Users/abhishekpatkar/Documents/Projects/af_file_loader/venv/lib/python3.11/site-packages/airflow/example_dags/example_short_circuit_operator.py
[2023-07-22T17:20:47.168-0500] {processor.py:836} INFO - DAG(s) dict_keys(['example_short_circuit_operator']) retrieved from /Users/abhishekpatkar/Documents/Projects/af_file_loader/venv/lib/python3.11/site-packages/airflow/example_dags/example_short_circuit_operator.py
[2023-07-22T17:20:47.896-0500] {logging_mixin.py:150} INFO - [2023-07-22T17:20:47.896-0500] {dag.py:2742} INFO - Sync 1 DAGs
[2023-07-22T17:20:47.920-0500] {logging_mixin.py:150} INFO - [2023-07-22T17:20:47.919-0500] {dag.py:3504} INFO - Setting next_dagrun for example_short_circuit_operator to 2023-07-21T22:20:47.919752+00:00, run_after=2023-07-22T22:20:47.919752+00:00
[2023-07-22T17:20:47.946-0500] {processor.py:179} INFO - Processing /Users/abhishekpatkar/Documents/Projects/af_file_loader/venv/lib/python3.11/site-packages/airflow/example_dags/example_short_circuit_operator.py took 0.859 seconds
[2023-07-22T17:22:46.105-0500] {processor.py:157} INFO - Started process (PID=23042) to work on /Users/abhishekpatkar/Documents/Projects/af_file_loader/venv/lib/python3.11/site-packages/airflow/example_dags/example_short_circuit_operator.py
[2023-07-22T17:22:46.109-0500] {processor.py:826} INFO - Processing file /Users/abhishekpatkar/Documents/Projects/af_file_loader/venv/lib/python3.11/site-packages/airflow/example_dags/example_short_circuit_operator.py for tasks to queue
[2023-07-22T17:22:46.110-0500] {logging_mixin.py:150} INFO - [2023-07-22T17:22:46.110-0500] {dagbag.py:541} INFO - Filling up the DagBag from /Users/abhishekpatkar/Documents/Projects/af_file_loader/venv/lib/python3.11/site-packages/airflow/example_dags/example_short_circuit_operator.py
[2023-07-22T17:22:46.188-0500] {processor.py:836} INFO - DAG(s) dict_keys(['example_short_circuit_operator']) retrieved from /Users/abhishekpatkar/Documents/Projects/af_file_loader/venv/lib/python3.11/site-packages/airflow/example_dags/example_short_circuit_operator.py
[2023-07-22T17:22:46.873-0500] {logging_mixin.py:150} INFO - [2023-07-22T17:22:46.872-0500] {dag.py:2742} INFO - Sync 1 DAGs
[2023-07-22T17:22:46.889-0500] {logging_mixin.py:150} INFO - [2023-07-22T17:22:46.889-0500] {dag.py:3504} INFO - Setting next_dagrun for example_short_circuit_operator to 2023-07-21T22:22:46.889404+00:00, run_after=2023-07-22T22:22:46.889404+00:00
[2023-07-22T17:22:46.911-0500] {processor.py:179} INFO - Processing /Users/abhishekpatkar/Documents/Projects/af_file_loader/venv/lib/python3.11/site-packages/airflow/example_dags/example_short_circuit_operator.py took 0.807 seconds
[2023-07-22T17:28:21.654-0500] {processor.py:157} INFO - Started process (PID=23253) to work on /Users/abhishekpatkar/Documents/Projects/af_file_loader/venv/lib/python3.11/site-packages/airflow/example_dags/example_short_circuit_operator.py
[2023-07-22T17:28:21.659-0500] {processor.py:826} INFO - Processing file /Users/abhishekpatkar/Documents/Projects/af_file_loader/venv/lib/python3.11/site-packages/airflow/example_dags/example_short_circuit_operator.py for tasks to queue
[2023-07-22T17:28:21.666-0500] {logging_mixin.py:150} INFO - [2023-07-22T17:28:21.660-0500] {dagbag.py:541} INFO - Filling up the DagBag from /Users/abhishekpatkar/Documents/Projects/af_file_loader/venv/lib/python3.11/site-packages/airflow/example_dags/example_short_circuit_operator.py
[2023-07-22T17:28:21.964-0500] {processor.py:836} INFO - DAG(s) dict_keys(['example_short_circuit_operator']) retrieved from /Users/abhishekpatkar/Documents/Projects/af_file_loader/venv/lib/python3.11/site-packages/airflow/example_dags/example_short_circuit_operator.py
[2023-07-22T17:28:25.402-0500] {logging_mixin.py:150} INFO - [2023-07-22T17:28:25.401-0500] {dag.py:2742} INFO - Sync 1 DAGs
[2023-07-22T17:28:25.446-0500] {logging_mixin.py:150} INFO - [2023-07-22T17:28:25.446-0500] {dag.py:3504} INFO - Setting next_dagrun for example_short_circuit_operator to 2023-07-21T22:28:25.445650+00:00, run_after=2023-07-22T22:28:25.445650+00:00
[2023-07-22T17:28:25.662-0500] {processor.py:179} INFO - Processing /Users/abhishekpatkar/Documents/Projects/af_file_loader/venv/lib/python3.11/site-packages/airflow/example_dags/example_short_circuit_operator.py took 4.011 seconds
[2023-07-22T17:31:13.259-0500] {processor.py:157} INFO - Started process (PID=23389) to work on /Users/abhishekpatkar/Documents/Projects/af_file_loader/venv/lib/python3.11/site-packages/airflow/example_dags/example_short_circuit_operator.py
[2023-07-22T17:31:13.264-0500] {processor.py:826} INFO - Processing file /Users/abhishekpatkar/Documents/Projects/af_file_loader/venv/lib/python3.11/site-packages/airflow/example_dags/example_short_circuit_operator.py for tasks to queue
[2023-07-22T17:31:13.265-0500] {logging_mixin.py:150} INFO - [2023-07-22T17:31:13.265-0500] {dagbag.py:541} INFO - Filling up the DagBag from /Users/abhishekpatkar/Documents/Projects/af_file_loader/venv/lib/python3.11/site-packages/airflow/example_dags/example_short_circuit_operator.py
[2023-07-22T17:31:13.342-0500] {processor.py:836} INFO - DAG(s) dict_keys(['example_short_circuit_operator']) retrieved from /Users/abhishekpatkar/Documents/Projects/af_file_loader/venv/lib/python3.11/site-packages/airflow/example_dags/example_short_circuit_operator.py
[2023-07-22T17:31:14.241-0500] {logging_mixin.py:150} INFO - [2023-07-22T17:31:14.240-0500] {dag.py:2742} INFO - Sync 1 DAGs
[2023-07-22T17:31:14.260-0500] {logging_mixin.py:150} INFO - [2023-07-22T17:31:14.260-0500] {dag.py:3504} INFO - Setting next_dagrun for example_short_circuit_operator to 2023-07-21T22:31:14.260058+00:00, run_after=2023-07-22T22:31:14.260058+00:00
[2023-07-22T17:31:14.298-0500] {processor.py:179} INFO - Processing /Users/abhishekpatkar/Documents/Projects/af_file_loader/venv/lib/python3.11/site-packages/airflow/example_dags/example_short_circuit_operator.py took 1.039 seconds
[2023-07-22T17:33:19.547-0500] {processor.py:157} INFO - Started process (PID=23473) to work on /Users/abhishekpatkar/Documents/Projects/af_file_loader/venv/lib/python3.11/site-packages/airflow/example_dags/example_short_circuit_operator.py
[2023-07-22T17:33:19.552-0500] {processor.py:826} INFO - Processing file /Users/abhishekpatkar/Documents/Projects/af_file_loader/venv/lib/python3.11/site-packages/airflow/example_dags/example_short_circuit_operator.py for tasks to queue
[2023-07-22T17:33:19.552-0500] {logging_mixin.py:150} INFO - [2023-07-22T17:33:19.552-0500] {dagbag.py:541} INFO - Filling up the DagBag from /Users/abhishekpatkar/Documents/Projects/af_file_loader/venv/lib/python3.11/site-packages/airflow/example_dags/example_short_circuit_operator.py
[2023-07-22T17:33:19.638-0500] {processor.py:836} INFO - DAG(s) dict_keys(['example_short_circuit_operator']) retrieved from /Users/abhishekpatkar/Documents/Projects/af_file_loader/venv/lib/python3.11/site-packages/airflow/example_dags/example_short_circuit_operator.py
[2023-07-22T17:33:20.341-0500] {logging_mixin.py:150} INFO - [2023-07-22T17:33:20.340-0500] {dag.py:2742} INFO - Sync 1 DAGs
[2023-07-22T17:33:20.358-0500] {logging_mixin.py:150} INFO - [2023-07-22T17:33:20.358-0500] {dag.py:3504} INFO - Setting next_dagrun for example_short_circuit_operator to 2023-07-21T22:33:20.358617+00:00, run_after=2023-07-22T22:33:20.358617+00:00
[2023-07-22T17:33:20.379-0500] {processor.py:179} INFO - Processing /Users/abhishekpatkar/Documents/Projects/af_file_loader/venv/lib/python3.11/site-packages/airflow/example_dags/example_short_circuit_operator.py took 0.834 seconds
[2023-07-22T17:35:17.537-0500] {processor.py:157} INFO - Started process (PID=23545) to work on /Users/abhishekpatkar/Documents/Projects/af_file_loader/venv/lib/python3.11/site-packages/airflow/example_dags/example_short_circuit_operator.py
[2023-07-22T17:35:17.541-0500] {processor.py:826} INFO - Processing file /Users/abhishekpatkar/Documents/Projects/af_file_loader/venv/lib/python3.11/site-packages/airflow/example_dags/example_short_circuit_operator.py for tasks to queue
[2023-07-22T17:35:17.542-0500] {logging_mixin.py:150} INFO - [2023-07-22T17:35:17.542-0500] {dagbag.py:541} INFO - Filling up the DagBag from /Users/abhishekpatkar/Documents/Projects/af_file_loader/venv/lib/python3.11/site-packages/airflow/example_dags/example_short_circuit_operator.py
[2023-07-22T17:35:17.609-0500] {processor.py:836} INFO - DAG(s) dict_keys(['example_short_circuit_operator']) retrieved from /Users/abhishekpatkar/Documents/Projects/af_file_loader/venv/lib/python3.11/site-packages/airflow/example_dags/example_short_circuit_operator.py
[2023-07-22T17:35:18.281-0500] {logging_mixin.py:150} INFO - [2023-07-22T17:35:18.281-0500] {dag.py:2742} INFO - Sync 1 DAGs
[2023-07-22T17:35:18.297-0500] {logging_mixin.py:150} INFO - [2023-07-22T17:35:18.296-0500] {dag.py:3504} INFO - Setting next_dagrun for example_short_circuit_operator to 2023-07-21T22:35:18.296725+00:00, run_after=2023-07-22T22:35:18.296725+00:00
[2023-07-22T17:35:18.318-0500] {processor.py:179} INFO - Processing /Users/abhishekpatkar/Documents/Projects/af_file_loader/venv/lib/python3.11/site-packages/airflow/example_dags/example_short_circuit_operator.py took 0.782 seconds
[2023-07-22T17:38:10.781-0500] {processor.py:157} INFO - Started process (PID=23672) to work on /Users/abhishekpatkar/Documents/Projects/af_file_loader/venv/lib/python3.11/site-packages/airflow/example_dags/example_short_circuit_operator.py
[2023-07-22T17:38:10.786-0500] {processor.py:826} INFO - Processing file /Users/abhishekpatkar/Documents/Projects/af_file_loader/venv/lib/python3.11/site-packages/airflow/example_dags/example_short_circuit_operator.py for tasks to queue
[2023-07-22T17:38:10.787-0500] {logging_mixin.py:150} INFO - [2023-07-22T17:38:10.787-0500] {dagbag.py:541} INFO - Filling up the DagBag from /Users/abhishekpatkar/Documents/Projects/af_file_loader/venv/lib/python3.11/site-packages/airflow/example_dags/example_short_circuit_operator.py
[2023-07-22T17:38:10.854-0500] {processor.py:836} INFO - DAG(s) dict_keys(['example_short_circuit_operator']) retrieved from /Users/abhishekpatkar/Documents/Projects/af_file_loader/venv/lib/python3.11/site-packages/airflow/example_dags/example_short_circuit_operator.py
[2023-07-22T17:38:11.470-0500] {logging_mixin.py:150} INFO - [2023-07-22T17:38:11.470-0500] {dag.py:2742} INFO - Sync 1 DAGs
[2023-07-22T17:38:11.485-0500] {logging_mixin.py:150} INFO - [2023-07-22T17:38:11.485-0500] {dag.py:3504} INFO - Setting next_dagrun for example_short_circuit_operator to 2023-07-21T22:38:11.485352+00:00, run_after=2023-07-22T22:38:11.485352+00:00
[2023-07-22T17:38:11.506-0500] {processor.py:179} INFO - Processing /Users/abhishekpatkar/Documents/Projects/af_file_loader/venv/lib/python3.11/site-packages/airflow/example_dags/example_short_circuit_operator.py took 0.726 seconds
[2023-07-22T17:45:28.845-0500] {processor.py:157} INFO - Started process (PID=23936) to work on /Users/abhishekpatkar/Documents/Projects/af_file_loader/venv/lib/python3.11/site-packages/airflow/example_dags/example_short_circuit_operator.py
[2023-07-22T17:45:28.854-0500] {processor.py:826} INFO - Processing file /Users/abhishekpatkar/Documents/Projects/af_file_loader/venv/lib/python3.11/site-packages/airflow/example_dags/example_short_circuit_operator.py for tasks to queue
[2023-07-22T17:45:28.855-0500] {logging_mixin.py:150} INFO - [2023-07-22T17:45:28.855-0500] {dagbag.py:541} INFO - Filling up the DagBag from /Users/abhishekpatkar/Documents/Projects/af_file_loader/venv/lib/python3.11/site-packages/airflow/example_dags/example_short_circuit_operator.py
[2023-07-22T17:45:29.338-0500] {processor.py:836} INFO - DAG(s) dict_keys(['example_short_circuit_operator']) retrieved from /Users/abhishekpatkar/Documents/Projects/af_file_loader/venv/lib/python3.11/site-packages/airflow/example_dags/example_short_circuit_operator.py
[2023-07-22T17:45:36.135-0500] {logging_mixin.py:150} INFO - [2023-07-22T17:45:36.134-0500] {dag.py:2742} INFO - Sync 1 DAGs
[2023-07-22T17:45:36.233-0500] {logging_mixin.py:150} INFO - [2023-07-22T17:45:36.233-0500] {dag.py:3504} INFO - Setting next_dagrun for example_short_circuit_operator to 2023-07-21T22:45:36.232800+00:00, run_after=2023-07-22T22:45:36.232800+00:00
[2023-07-22T17:45:36.320-0500] {processor.py:179} INFO - Processing /Users/abhishekpatkar/Documents/Projects/af_file_loader/venv/lib/python3.11/site-packages/airflow/example_dags/example_short_circuit_operator.py took 7.477 seconds
[2023-07-22T17:52:14.464-0500] {processor.py:157} INFO - Started process (PID=24294) to work on /Users/abhishekpatkar/Documents/Projects/af_file_loader/venv/lib/python3.11/site-packages/airflow/example_dags/example_short_circuit_operator.py
[2023-07-22T17:52:14.468-0500] {processor.py:826} INFO - Processing file /Users/abhishekpatkar/Documents/Projects/af_file_loader/venv/lib/python3.11/site-packages/airflow/example_dags/example_short_circuit_operator.py for tasks to queue
[2023-07-22T17:52:14.469-0500] {logging_mixin.py:150} INFO - [2023-07-22T17:52:14.469-0500] {dagbag.py:541} INFO - Filling up the DagBag from /Users/abhishekpatkar/Documents/Projects/af_file_loader/venv/lib/python3.11/site-packages/airflow/example_dags/example_short_circuit_operator.py
[2023-07-22T17:52:14.598-0500] {processor.py:836} INFO - DAG(s) dict_keys(['example_short_circuit_operator']) retrieved from /Users/abhishekpatkar/Documents/Projects/af_file_loader/venv/lib/python3.11/site-packages/airflow/example_dags/example_short_circuit_operator.py
[2023-07-22T17:52:16.292-0500] {logging_mixin.py:150} INFO - [2023-07-22T17:52:16.291-0500] {dag.py:2742} INFO - Sync 1 DAGs
[2023-07-22T17:52:16.321-0500] {logging_mixin.py:150} INFO - [2023-07-22T17:52:16.321-0500] {dag.py:3504} INFO - Setting next_dagrun for example_short_circuit_operator to 2023-07-21T22:52:16.320912+00:00, run_after=2023-07-22T22:52:16.320912+00:00
[2023-07-22T17:52:16.350-0500] {processor.py:179} INFO - Processing /Users/abhishekpatkar/Documents/Projects/af_file_loader/venv/lib/python3.11/site-packages/airflow/example_dags/example_short_circuit_operator.py took 1.886 seconds
[2023-07-22T17:57:28.972-0500] {processor.py:157} INFO - Started process (PID=24555) to work on /Users/abhishekpatkar/Documents/Projects/af_file_loader/venv/lib/python3.11/site-packages/airflow/example_dags/example_short_circuit_operator.py
[2023-07-22T17:57:28.977-0500] {processor.py:826} INFO - Processing file /Users/abhishekpatkar/Documents/Projects/af_file_loader/venv/lib/python3.11/site-packages/airflow/example_dags/example_short_circuit_operator.py for tasks to queue
[2023-07-22T17:57:28.978-0500] {logging_mixin.py:150} INFO - [2023-07-22T17:57:28.978-0500] {dagbag.py:541} INFO - Filling up the DagBag from /Users/abhishekpatkar/Documents/Projects/af_file_loader/venv/lib/python3.11/site-packages/airflow/example_dags/example_short_circuit_operator.py
[2023-07-22T17:57:29.082-0500] {processor.py:836} INFO - DAG(s) dict_keys(['example_short_circuit_operator']) retrieved from /Users/abhishekpatkar/Documents/Projects/af_file_loader/venv/lib/python3.11/site-packages/airflow/example_dags/example_short_circuit_operator.py
[2023-07-22T17:57:30.768-0500] {logging_mixin.py:150} INFO - [2023-07-22T17:57:30.767-0500] {dag.py:2742} INFO - Sync 1 DAGs
[2023-07-22T17:57:30.807-0500] {logging_mixin.py:150} INFO - [2023-07-22T17:57:30.806-0500] {dag.py:3504} INFO - Setting next_dagrun for example_short_circuit_operator to 2023-07-21T22:57:30.806742+00:00, run_after=2023-07-22T22:57:30.806742+00:00
[2023-07-22T17:57:30.846-0500] {processor.py:179} INFO - Processing /Users/abhishekpatkar/Documents/Projects/af_file_loader/venv/lib/python3.11/site-packages/airflow/example_dags/example_short_circuit_operator.py took 1.875 seconds
[2023-07-22T18:01:53.701-0500] {processor.py:157} INFO - Started process (PID=24729) to work on /Users/abhishekpatkar/Documents/Projects/af_file_loader/venv/lib/python3.11/site-packages/airflow/example_dags/example_short_circuit_operator.py
[2023-07-22T18:01:53.733-0500] {processor.py:826} INFO - Processing file /Users/abhishekpatkar/Documents/Projects/af_file_loader/venv/lib/python3.11/site-packages/airflow/example_dags/example_short_circuit_operator.py for tasks to queue
[2023-07-22T18:01:53.734-0500] {logging_mixin.py:150} INFO - [2023-07-22T18:01:53.734-0500] {dagbag.py:541} INFO - Filling up the DagBag from /Users/abhishekpatkar/Documents/Projects/af_file_loader/venv/lib/python3.11/site-packages/airflow/example_dags/example_short_circuit_operator.py
[2023-07-22T18:01:54.070-0500] {processor.py:836} INFO - DAG(s) dict_keys(['example_short_circuit_operator']) retrieved from /Users/abhishekpatkar/Documents/Projects/af_file_loader/venv/lib/python3.11/site-packages/airflow/example_dags/example_short_circuit_operator.py
[2023-07-22T18:01:58.136-0500] {logging_mixin.py:150} INFO - [2023-07-22T18:01:58.134-0500] {dag.py:2742} INFO - Sync 1 DAGs
[2023-07-22T18:01:58.193-0500] {logging_mixin.py:150} INFO - [2023-07-22T18:01:58.192-0500] {dag.py:3504} INFO - Setting next_dagrun for example_short_circuit_operator to 2023-07-21T23:01:58.191765+00:00, run_after=2023-07-22T23:01:58.191765+00:00
[2023-07-22T18:01:58.244-0500] {processor.py:179} INFO - Processing /Users/abhishekpatkar/Documents/Projects/af_file_loader/venv/lib/python3.11/site-packages/airflow/example_dags/example_short_circuit_operator.py took 4.551 seconds
[2023-07-22T18:05:33.176-0500] {processor.py:157} INFO - Started process (PID=24862) to work on /Users/abhishekpatkar/Documents/Projects/af_file_loader/venv/lib/python3.11/site-packages/airflow/example_dags/example_short_circuit_operator.py
[2023-07-22T18:05:33.182-0500] {processor.py:826} INFO - Processing file /Users/abhishekpatkar/Documents/Projects/af_file_loader/venv/lib/python3.11/site-packages/airflow/example_dags/example_short_circuit_operator.py for tasks to queue
[2023-07-22T18:05:33.183-0500] {logging_mixin.py:150} INFO - [2023-07-22T18:05:33.182-0500] {dagbag.py:541} INFO - Filling up the DagBag from /Users/abhishekpatkar/Documents/Projects/af_file_loader/venv/lib/python3.11/site-packages/airflow/example_dags/example_short_circuit_operator.py
[2023-07-22T18:05:33.264-0500] {processor.py:836} INFO - DAG(s) dict_keys(['example_short_circuit_operator']) retrieved from /Users/abhishekpatkar/Documents/Projects/af_file_loader/venv/lib/python3.11/site-packages/airflow/example_dags/example_short_circuit_operator.py
[2023-07-22T18:05:34.600-0500] {logging_mixin.py:150} INFO - [2023-07-22T18:05:34.599-0500] {dag.py:2742} INFO - Sync 1 DAGs
[2023-07-22T18:05:34.643-0500] {logging_mixin.py:150} INFO - [2023-07-22T18:05:34.642-0500] {dag.py:3504} INFO - Setting next_dagrun for example_short_circuit_operator to 2023-07-21T23:05:34.642751+00:00, run_after=2023-07-22T23:05:34.642751+00:00
[2023-07-22T18:05:34.672-0500] {processor.py:179} INFO - Processing /Users/abhishekpatkar/Documents/Projects/af_file_loader/venv/lib/python3.11/site-packages/airflow/example_dags/example_short_circuit_operator.py took 1.497 seconds
