[2023-07-22T14:52:06.176-0500] {processor.py:157} INFO - Started process (PID=16646) to work on /Users/abhishekpatkar/Documents/Projects/af_file_loader/venv/lib/python3.11/site-packages/airflow/example_dags/example_kubernetes_executor.py
[2023-07-22T14:52:06.179-0500] {processor.py:826} INFO - Processing file /Users/abhishekpatkar/Documents/Projects/af_file_loader/venv/lib/python3.11/site-packages/airflow/example_dags/example_kubernetes_executor.py for tasks to queue
[2023-07-22T14:52:06.180-0500] {logging_mixin.py:150} INFO - [2023-07-22T14:52:06.180-0500] {dagbag.py:541} INFO - Filling up the DagBag from /Users/abhishekpatkar/Documents/Projects/af_file_loader/venv/lib/python3.11/site-packages/airflow/example_dags/example_kubernetes_executor.py
[2023-07-22T14:52:06.308-0500] {logging_mixin.py:150} INFO - [2023-07-22T14:52:06.308-0500] {example_kubernetes_executor.py:41} WARNING - The example_kubernetes_executor example DAG requires the kubernetes provider. Please install it with: pip install apache-airflow[cncf.kubernetes]
[2023-07-22T14:52:06.309-0500] {processor.py:838} WARNING - No viable dags retrieved from /Users/abhishekpatkar/Documents/Projects/af_file_loader/venv/lib/python3.11/site-packages/airflow/example_dags/example_kubernetes_executor.py
[2023-07-22T14:52:07.238-0500] {processor.py:179} INFO - Processing /Users/abhishekpatkar/Documents/Projects/af_file_loader/venv/lib/python3.11/site-packages/airflow/example_dags/example_kubernetes_executor.py took 1.063 seconds
[2023-07-22T14:55:28.857-0500] {processor.py:157} INFO - Started process (PID=16911) to work on /Users/abhishekpatkar/Documents/Projects/af_file_loader/venv/lib/python3.11/site-packages/airflow/example_dags/example_kubernetes_executor.py
[2023-07-22T14:55:28.864-0500] {processor.py:826} INFO - Processing file /Users/abhishekpatkar/Documents/Projects/af_file_loader/venv/lib/python3.11/site-packages/airflow/example_dags/example_kubernetes_executor.py for tasks to queue
[2023-07-22T14:55:28.864-0500] {logging_mixin.py:150} INFO - [2023-07-22T14:55:28.864-0500] {dagbag.py:541} INFO - Filling up the DagBag from /Users/abhishekpatkar/Documents/Projects/af_file_loader/venv/lib/python3.11/site-packages/airflow/example_dags/example_kubernetes_executor.py
[2023-07-22T14:55:28.995-0500] {logging_mixin.py:150} INFO - [2023-07-22T14:55:28.995-0500] {example_kubernetes_executor.py:41} WARNING - The example_kubernetes_executor example DAG requires the kubernetes provider. Please install it with: pip install apache-airflow[cncf.kubernetes]
[2023-07-22T14:55:28.995-0500] {processor.py:838} WARNING - No viable dags retrieved from /Users/abhishekpatkar/Documents/Projects/af_file_loader/venv/lib/python3.11/site-packages/airflow/example_dags/example_kubernetes_executor.py
[2023-07-22T14:55:29.894-0500] {processor.py:179} INFO - Processing /Users/abhishekpatkar/Documents/Projects/af_file_loader/venv/lib/python3.11/site-packages/airflow/example_dags/example_kubernetes_executor.py took 1.039 seconds
[2023-07-22T15:00:20.288-0500] {processor.py:157} INFO - Started process (PID=17088) to work on /Users/abhishekpatkar/Documents/Projects/af_file_loader/venv/lib/python3.11/site-packages/airflow/example_dags/example_kubernetes_executor.py
[2023-07-22T15:00:20.295-0500] {processor.py:826} INFO - Processing file /Users/abhishekpatkar/Documents/Projects/af_file_loader/venv/lib/python3.11/site-packages/airflow/example_dags/example_kubernetes_executor.py for tasks to queue
[2023-07-22T15:00:20.295-0500] {logging_mixin.py:150} INFO - [2023-07-22T15:00:20.295-0500] {dagbag.py:541} INFO - Filling up the DagBag from /Users/abhishekpatkar/Documents/Projects/af_file_loader/venv/lib/python3.11/site-packages/airflow/example_dags/example_kubernetes_executor.py
[2023-07-22T15:00:20.403-0500] {logging_mixin.py:150} INFO - [2023-07-22T15:00:20.403-0500] {example_kubernetes_executor.py:41} WARNING - The example_kubernetes_executor example DAG requires the kubernetes provider. Please install it with: pip install apache-airflow[cncf.kubernetes]
[2023-07-22T15:00:20.403-0500] {processor.py:838} WARNING - No viable dags retrieved from /Users/abhishekpatkar/Documents/Projects/af_file_loader/venv/lib/python3.11/site-packages/airflow/example_dags/example_kubernetes_executor.py
[2023-07-22T15:00:21.120-0500] {processor.py:179} INFO - Processing /Users/abhishekpatkar/Documents/Projects/af_file_loader/venv/lib/python3.11/site-packages/airflow/example_dags/example_kubernetes_executor.py took 0.833 seconds
[2023-07-22T15:05:29.942-0500] {processor.py:157} INFO - Started process (PID=17600) to work on /Users/abhishekpatkar/Documents/Projects/af_file_loader/venv/lib/python3.11/site-packages/airflow/example_dags/example_kubernetes_executor.py
[2023-07-22T15:05:29.947-0500] {processor.py:826} INFO - Processing file /Users/abhishekpatkar/Documents/Projects/af_file_loader/venv/lib/python3.11/site-packages/airflow/example_dags/example_kubernetes_executor.py for tasks to queue
[2023-07-22T15:05:29.948-0500] {logging_mixin.py:150} INFO - [2023-07-22T15:05:29.948-0500] {dagbag.py:541} INFO - Filling up the DagBag from /Users/abhishekpatkar/Documents/Projects/af_file_loader/venv/lib/python3.11/site-packages/airflow/example_dags/example_kubernetes_executor.py
[2023-07-22T15:05:30.052-0500] {logging_mixin.py:150} INFO - [2023-07-22T15:05:30.051-0500] {example_kubernetes_executor.py:41} WARNING - The example_kubernetes_executor example DAG requires the kubernetes provider. Please install it with: pip install apache-airflow[cncf.kubernetes]
[2023-07-22T15:05:30.052-0500] {processor.py:838} WARNING - No viable dags retrieved from /Users/abhishekpatkar/Documents/Projects/af_file_loader/venv/lib/python3.11/site-packages/airflow/example_dags/example_kubernetes_executor.py
[2023-07-22T15:05:30.910-0500] {processor.py:179} INFO - Processing /Users/abhishekpatkar/Documents/Projects/af_file_loader/venv/lib/python3.11/site-packages/airflow/example_dags/example_kubernetes_executor.py took 0.969 seconds
[2023-07-22T15:11:11.499-0500] {processor.py:157} INFO - Started process (PID=17823) to work on /Users/abhishekpatkar/Documents/Projects/af_file_loader/venv/lib/python3.11/site-packages/airflow/example_dags/example_kubernetes_executor.py
[2023-07-22T15:11:11.504-0500] {processor.py:826} INFO - Processing file /Users/abhishekpatkar/Documents/Projects/af_file_loader/venv/lib/python3.11/site-packages/airflow/example_dags/example_kubernetes_executor.py for tasks to queue
[2023-07-22T15:11:11.504-0500] {logging_mixin.py:150} INFO - [2023-07-22T15:11:11.504-0500] {dagbag.py:541} INFO - Filling up the DagBag from /Users/abhishekpatkar/Documents/Projects/af_file_loader/venv/lib/python3.11/site-packages/airflow/example_dags/example_kubernetes_executor.py
[2023-07-22T15:11:11.644-0500] {logging_mixin.py:150} INFO - [2023-07-22T15:11:11.644-0500] {example_kubernetes_executor.py:41} WARNING - The example_kubernetes_executor example DAG requires the kubernetes provider. Please install it with: pip install apache-airflow[cncf.kubernetes]
[2023-07-22T15:11:11.644-0500] {processor.py:838} WARNING - No viable dags retrieved from /Users/abhishekpatkar/Documents/Projects/af_file_loader/venv/lib/python3.11/site-packages/airflow/example_dags/example_kubernetes_executor.py
[2023-07-22T15:11:12.714-0500] {processor.py:179} INFO - Processing /Users/abhishekpatkar/Documents/Projects/af_file_loader/venv/lib/python3.11/site-packages/airflow/example_dags/example_kubernetes_executor.py took 1.216 seconds
[2023-07-22T15:14:00.195-0500] {processor.py:157} INFO - Started process (PID=17921) to work on /Users/abhishekpatkar/Documents/Projects/af_file_loader/venv/lib/python3.11/site-packages/airflow/example_dags/example_kubernetes_executor.py
[2023-07-22T15:14:00.201-0500] {processor.py:826} INFO - Processing file /Users/abhishekpatkar/Documents/Projects/af_file_loader/venv/lib/python3.11/site-packages/airflow/example_dags/example_kubernetes_executor.py for tasks to queue
[2023-07-22T15:14:00.203-0500] {logging_mixin.py:150} INFO - [2023-07-22T15:14:00.203-0500] {dagbag.py:541} INFO - Filling up the DagBag from /Users/abhishekpatkar/Documents/Projects/af_file_loader/venv/lib/python3.11/site-packages/airflow/example_dags/example_kubernetes_executor.py
[2023-07-22T15:14:00.320-0500] {logging_mixin.py:150} INFO - [2023-07-22T15:14:00.320-0500] {example_kubernetes_executor.py:41} WARNING - The example_kubernetes_executor example DAG requires the kubernetes provider. Please install it with: pip install apache-airflow[cncf.kubernetes]
[2023-07-22T15:14:00.321-0500] {processor.py:838} WARNING - No viable dags retrieved from /Users/abhishekpatkar/Documents/Projects/af_file_loader/venv/lib/python3.11/site-packages/airflow/example_dags/example_kubernetes_executor.py
[2023-07-22T15:14:01.389-0500] {processor.py:179} INFO - Processing /Users/abhishekpatkar/Documents/Projects/af_file_loader/venv/lib/python3.11/site-packages/airflow/example_dags/example_kubernetes_executor.py took 1.195 seconds
[2023-07-22T15:19:50.495-0500] {processor.py:157} INFO - Started process (PID=18126) to work on /Users/abhishekpatkar/Documents/Projects/af_file_loader/venv/lib/python3.11/site-packages/airflow/example_dags/example_kubernetes_executor.py
[2023-07-22T15:19:50.500-0500] {processor.py:826} INFO - Processing file /Users/abhishekpatkar/Documents/Projects/af_file_loader/venv/lib/python3.11/site-packages/airflow/example_dags/example_kubernetes_executor.py for tasks to queue
[2023-07-22T15:19:50.500-0500] {logging_mixin.py:150} INFO - [2023-07-22T15:19:50.500-0500] {dagbag.py:541} INFO - Filling up the DagBag from /Users/abhishekpatkar/Documents/Projects/af_file_loader/venv/lib/python3.11/site-packages/airflow/example_dags/example_kubernetes_executor.py
[2023-07-22T15:19:50.604-0500] {logging_mixin.py:150} INFO - [2023-07-22T15:19:50.604-0500] {example_kubernetes_executor.py:41} WARNING - The example_kubernetes_executor example DAG requires the kubernetes provider. Please install it with: pip install apache-airflow[cncf.kubernetes]
[2023-07-22T15:19:50.604-0500] {processor.py:838} WARNING - No viable dags retrieved from /Users/abhishekpatkar/Documents/Projects/af_file_loader/venv/lib/python3.11/site-packages/airflow/example_dags/example_kubernetes_executor.py
[2023-07-22T15:19:51.441-0500] {processor.py:179} INFO - Processing /Users/abhishekpatkar/Documents/Projects/af_file_loader/venv/lib/python3.11/site-packages/airflow/example_dags/example_kubernetes_executor.py took 0.948 seconds
[2023-07-22T15:24:35.713-0500] {processor.py:157} INFO - Started process (PID=18309) to work on /Users/abhishekpatkar/Documents/Projects/af_file_loader/venv/lib/python3.11/site-packages/airflow/example_dags/example_kubernetes_executor.py
[2023-07-22T15:24:35.716-0500] {processor.py:826} INFO - Processing file /Users/abhishekpatkar/Documents/Projects/af_file_loader/venv/lib/python3.11/site-packages/airflow/example_dags/example_kubernetes_executor.py for tasks to queue
[2023-07-22T15:24:35.717-0500] {logging_mixin.py:150} INFO - [2023-07-22T15:24:35.717-0500] {dagbag.py:541} INFO - Filling up the DagBag from /Users/abhishekpatkar/Documents/Projects/af_file_loader/venv/lib/python3.11/site-packages/airflow/example_dags/example_kubernetes_executor.py
[2023-07-22T15:24:35.809-0500] {logging_mixin.py:150} INFO - [2023-07-22T15:24:35.809-0500] {example_kubernetes_executor.py:41} WARNING - The example_kubernetes_executor example DAG requires the kubernetes provider. Please install it with: pip install apache-airflow[cncf.kubernetes]
[2023-07-22T15:24:35.809-0500] {processor.py:838} WARNING - No viable dags retrieved from /Users/abhishekpatkar/Documents/Projects/af_file_loader/venv/lib/python3.11/site-packages/airflow/example_dags/example_kubernetes_executor.py
[2023-07-22T15:24:36.465-0500] {processor.py:179} INFO - Processing /Users/abhishekpatkar/Documents/Projects/af_file_loader/venv/lib/python3.11/site-packages/airflow/example_dags/example_kubernetes_executor.py took 0.753 seconds
[2023-07-22T15:30:52.686-0500] {processor.py:157} INFO - Started process (PID=18778) to work on /Users/abhishekpatkar/Documents/Projects/af_file_loader/venv/lib/python3.11/site-packages/airflow/example_dags/example_kubernetes_executor.py
[2023-07-22T15:30:52.692-0500] {processor.py:826} INFO - Processing file /Users/abhishekpatkar/Documents/Projects/af_file_loader/venv/lib/python3.11/site-packages/airflow/example_dags/example_kubernetes_executor.py for tasks to queue
[2023-07-22T15:30:52.696-0500] {logging_mixin.py:150} INFO - [2023-07-22T15:30:52.695-0500] {dagbag.py:541} INFO - Filling up the DagBag from /Users/abhishekpatkar/Documents/Projects/af_file_loader/venv/lib/python3.11/site-packages/airflow/example_dags/example_kubernetes_executor.py
[2023-07-22T15:30:52.870-0500] {logging_mixin.py:150} INFO - [2023-07-22T15:30:52.869-0500] {example_kubernetes_executor.py:41} WARNING - The example_kubernetes_executor example DAG requires the kubernetes provider. Please install it with: pip install apache-airflow[cncf.kubernetes]
[2023-07-22T15:30:52.870-0500] {processor.py:838} WARNING - No viable dags retrieved from /Users/abhishekpatkar/Documents/Projects/af_file_loader/venv/lib/python3.11/site-packages/airflow/example_dags/example_kubernetes_executor.py
[2023-07-22T15:30:53.698-0500] {processor.py:179} INFO - Processing /Users/abhishekpatkar/Documents/Projects/af_file_loader/venv/lib/python3.11/site-packages/airflow/example_dags/example_kubernetes_executor.py took 1.012 seconds
[2023-07-22T15:33:08.071-0500] {processor.py:157} INFO - Started process (PID=18862) to work on /Users/abhishekpatkar/Documents/Projects/af_file_loader/venv/lib/python3.11/site-packages/airflow/example_dags/example_kubernetes_executor.py
[2023-07-22T15:33:08.074-0500] {processor.py:826} INFO - Processing file /Users/abhishekpatkar/Documents/Projects/af_file_loader/venv/lib/python3.11/site-packages/airflow/example_dags/example_kubernetes_executor.py for tasks to queue
[2023-07-22T15:33:08.075-0500] {logging_mixin.py:150} INFO - [2023-07-22T15:33:08.075-0500] {dagbag.py:541} INFO - Filling up the DagBag from /Users/abhishekpatkar/Documents/Projects/af_file_loader/venv/lib/python3.11/site-packages/airflow/example_dags/example_kubernetes_executor.py
[2023-07-22T15:33:08.155-0500] {logging_mixin.py:150} INFO - [2023-07-22T15:33:08.155-0500] {example_kubernetes_executor.py:41} WARNING - The example_kubernetes_executor example DAG requires the kubernetes provider. Please install it with: pip install apache-airflow[cncf.kubernetes]
[2023-07-22T15:33:08.155-0500] {processor.py:838} WARNING - No viable dags retrieved from /Users/abhishekpatkar/Documents/Projects/af_file_loader/venv/lib/python3.11/site-packages/airflow/example_dags/example_kubernetes_executor.py
[2023-07-22T15:33:08.784-0500] {processor.py:179} INFO - Processing /Users/abhishekpatkar/Documents/Projects/af_file_loader/venv/lib/python3.11/site-packages/airflow/example_dags/example_kubernetes_executor.py took 0.714 seconds
[2023-07-22T15:36:51.484-0500] {processor.py:157} INFO - Started process (PID=19177) to work on /Users/abhishekpatkar/Documents/Projects/af_file_loader/venv/lib/python3.11/site-packages/airflow/example_dags/example_kubernetes_executor.py
[2023-07-22T15:36:51.489-0500] {processor.py:826} INFO - Processing file /Users/abhishekpatkar/Documents/Projects/af_file_loader/venv/lib/python3.11/site-packages/airflow/example_dags/example_kubernetes_executor.py for tasks to queue
[2023-07-22T15:36:51.489-0500] {logging_mixin.py:150} INFO - [2023-07-22T15:36:51.489-0500] {dagbag.py:541} INFO - Filling up the DagBag from /Users/abhishekpatkar/Documents/Projects/af_file_loader/venv/lib/python3.11/site-packages/airflow/example_dags/example_kubernetes_executor.py
[2023-07-22T15:36:51.566-0500] {logging_mixin.py:150} INFO - [2023-07-22T15:36:51.566-0500] {example_kubernetes_executor.py:41} WARNING - The example_kubernetes_executor example DAG requires the kubernetes provider. Please install it with: pip install apache-airflow[cncf.kubernetes]
[2023-07-22T15:36:51.566-0500] {processor.py:838} WARNING - No viable dags retrieved from /Users/abhishekpatkar/Documents/Projects/af_file_loader/venv/lib/python3.11/site-packages/airflow/example_dags/example_kubernetes_executor.py
[2023-07-22T15:36:52.223-0500] {processor.py:179} INFO - Processing /Users/abhishekpatkar/Documents/Projects/af_file_loader/venv/lib/python3.11/site-packages/airflow/example_dags/example_kubernetes_executor.py took 0.740 seconds
[2023-07-22T15:51:11.769-0500] {processor.py:157} INFO - Started process (PID=19702) to work on /Users/abhishekpatkar/Documents/Projects/af_file_loader/venv/lib/python3.11/site-packages/airflow/example_dags/example_kubernetes_executor.py
[2023-07-22T15:51:11.774-0500] {processor.py:826} INFO - Processing file /Users/abhishekpatkar/Documents/Projects/af_file_loader/venv/lib/python3.11/site-packages/airflow/example_dags/example_kubernetes_executor.py for tasks to queue
[2023-07-22T15:51:11.775-0500] {logging_mixin.py:150} INFO - [2023-07-22T15:51:11.775-0500] {dagbag.py:541} INFO - Filling up the DagBag from /Users/abhishekpatkar/Documents/Projects/af_file_loader/venv/lib/python3.11/site-packages/airflow/example_dags/example_kubernetes_executor.py
[2023-07-22T15:51:11.948-0500] {logging_mixin.py:150} INFO - [2023-07-22T15:51:11.948-0500] {example_kubernetes_executor.py:41} WARNING - The example_kubernetes_executor example DAG requires the kubernetes provider. Please install it with: pip install apache-airflow[cncf.kubernetes]
[2023-07-22T15:51:11.949-0500] {processor.py:838} WARNING - No viable dags retrieved from /Users/abhishekpatkar/Documents/Projects/af_file_loader/venv/lib/python3.11/site-packages/airflow/example_dags/example_kubernetes_executor.py
[2023-07-22T15:51:12.795-0500] {processor.py:179} INFO - Processing /Users/abhishekpatkar/Documents/Projects/af_file_loader/venv/lib/python3.11/site-packages/airflow/example_dags/example_kubernetes_executor.py took 1.027 seconds
[2023-07-22T15:56:30.754-0500] {processor.py:157} INFO - Started process (PID=20110) to work on /Users/abhishekpatkar/Documents/Projects/af_file_loader/venv/lib/python3.11/site-packages/airflow/example_dags/example_kubernetes_executor.py
[2023-07-22T15:56:30.759-0500] {processor.py:826} INFO - Processing file /Users/abhishekpatkar/Documents/Projects/af_file_loader/venv/lib/python3.11/site-packages/airflow/example_dags/example_kubernetes_executor.py for tasks to queue
[2023-07-22T15:56:30.760-0500] {logging_mixin.py:150} INFO - [2023-07-22T15:56:30.759-0500] {dagbag.py:541} INFO - Filling up the DagBag from /Users/abhishekpatkar/Documents/Projects/af_file_loader/venv/lib/python3.11/site-packages/airflow/example_dags/example_kubernetes_executor.py
[2023-07-22T15:56:30.861-0500] {logging_mixin.py:150} INFO - [2023-07-22T15:56:30.861-0500] {example_kubernetes_executor.py:41} WARNING - The example_kubernetes_executor example DAG requires the kubernetes provider. Please install it with: pip install apache-airflow[cncf.kubernetes]
[2023-07-22T15:56:30.861-0500] {processor.py:838} WARNING - No viable dags retrieved from /Users/abhishekpatkar/Documents/Projects/af_file_loader/venv/lib/python3.11/site-packages/airflow/example_dags/example_kubernetes_executor.py
[2023-07-22T15:56:31.739-0500] {processor.py:179} INFO - Processing /Users/abhishekpatkar/Documents/Projects/af_file_loader/venv/lib/python3.11/site-packages/airflow/example_dags/example_kubernetes_executor.py took 0.985 seconds
[2023-07-22T16:01:32.705-0500] {processor.py:157} INFO - Started process (PID=20352) to work on /Users/abhishekpatkar/Documents/Projects/af_file_loader/venv/lib/python3.11/site-packages/airflow/example_dags/example_kubernetes_executor.py
[2023-07-22T16:01:32.712-0500] {processor.py:826} INFO - Processing file /Users/abhishekpatkar/Documents/Projects/af_file_loader/venv/lib/python3.11/site-packages/airflow/example_dags/example_kubernetes_executor.py for tasks to queue
[2023-07-22T16:01:32.712-0500] {logging_mixin.py:150} INFO - [2023-07-22T16:01:32.712-0500] {dagbag.py:541} INFO - Filling up the DagBag from /Users/abhishekpatkar/Documents/Projects/af_file_loader/venv/lib/python3.11/site-packages/airflow/example_dags/example_kubernetes_executor.py
[2023-07-22T16:01:32.808-0500] {logging_mixin.py:150} INFO - [2023-07-22T16:01:32.808-0500] {example_kubernetes_executor.py:41} WARNING - The example_kubernetes_executor example DAG requires the kubernetes provider. Please install it with: pip install apache-airflow[cncf.kubernetes]
[2023-07-22T16:01:32.808-0500] {processor.py:838} WARNING - No viable dags retrieved from /Users/abhishekpatkar/Documents/Projects/af_file_loader/venv/lib/python3.11/site-packages/airflow/example_dags/example_kubernetes_executor.py
[2023-07-22T16:01:33.607-0500] {processor.py:179} INFO - Processing /Users/abhishekpatkar/Documents/Projects/af_file_loader/venv/lib/python3.11/site-packages/airflow/example_dags/example_kubernetes_executor.py took 0.903 seconds
[2023-07-22T16:05:25.305-0500] {processor.py:157} INFO - Started process (PID=20514) to work on /Users/abhishekpatkar/Documents/Projects/af_file_loader/venv/lib/python3.11/site-packages/airflow/example_dags/example_kubernetes_executor.py
[2023-07-22T16:05:25.310-0500] {processor.py:826} INFO - Processing file /Users/abhishekpatkar/Documents/Projects/af_file_loader/venv/lib/python3.11/site-packages/airflow/example_dags/example_kubernetes_executor.py for tasks to queue
[2023-07-22T16:05:25.310-0500] {logging_mixin.py:150} INFO - [2023-07-22T16:05:25.310-0500] {dagbag.py:541} INFO - Filling up the DagBag from /Users/abhishekpatkar/Documents/Projects/af_file_loader/venv/lib/python3.11/site-packages/airflow/example_dags/example_kubernetes_executor.py
[2023-07-22T16:05:25.386-0500] {logging_mixin.py:150} INFO - [2023-07-22T16:05:25.386-0500] {example_kubernetes_executor.py:41} WARNING - The example_kubernetes_executor example DAG requires the kubernetes provider. Please install it with: pip install apache-airflow[cncf.kubernetes]
[2023-07-22T16:05:25.386-0500] {processor.py:838} WARNING - No viable dags retrieved from /Users/abhishekpatkar/Documents/Projects/af_file_loader/venv/lib/python3.11/site-packages/airflow/example_dags/example_kubernetes_executor.py
[2023-07-22T16:05:25.959-0500] {processor.py:179} INFO - Processing /Users/abhishekpatkar/Documents/Projects/af_file_loader/venv/lib/python3.11/site-packages/airflow/example_dags/example_kubernetes_executor.py took 0.655 seconds
[2023-07-22T16:09:06.056-0500] {processor.py:157} INFO - Started process (PID=20680) to work on /Users/abhishekpatkar/Documents/Projects/af_file_loader/venv/lib/python3.11/site-packages/airflow/example_dags/example_kubernetes_executor.py
[2023-07-22T16:09:06.061-0500] {processor.py:826} INFO - Processing file /Users/abhishekpatkar/Documents/Projects/af_file_loader/venv/lib/python3.11/site-packages/airflow/example_dags/example_kubernetes_executor.py for tasks to queue
[2023-07-22T16:09:06.062-0500] {logging_mixin.py:150} INFO - [2023-07-22T16:09:06.061-0500] {dagbag.py:541} INFO - Filling up the DagBag from /Users/abhishekpatkar/Documents/Projects/af_file_loader/venv/lib/python3.11/site-packages/airflow/example_dags/example_kubernetes_executor.py
[2023-07-22T16:09:06.138-0500] {logging_mixin.py:150} INFO - [2023-07-22T16:09:06.138-0500] {example_kubernetes_executor.py:41} WARNING - The example_kubernetes_executor example DAG requires the kubernetes provider. Please install it with: pip install apache-airflow[cncf.kubernetes]
[2023-07-22T16:09:06.139-0500] {processor.py:838} WARNING - No viable dags retrieved from /Users/abhishekpatkar/Documents/Projects/af_file_loader/venv/lib/python3.11/site-packages/airflow/example_dags/example_kubernetes_executor.py
[2023-07-22T16:09:06.780-0500] {processor.py:179} INFO - Processing /Users/abhishekpatkar/Documents/Projects/af_file_loader/venv/lib/python3.11/site-packages/airflow/example_dags/example_kubernetes_executor.py took 0.724 seconds
[2023-07-22T16:24:42.975-0500] {processor.py:157} INFO - Started process (PID=20892) to work on /Users/abhishekpatkar/Documents/Projects/af_file_loader/venv/lib/python3.11/site-packages/airflow/example_dags/example_kubernetes_executor.py
[2023-07-22T16:24:42.980-0500] {processor.py:826} INFO - Processing file /Users/abhishekpatkar/Documents/Projects/af_file_loader/venv/lib/python3.11/site-packages/airflow/example_dags/example_kubernetes_executor.py for tasks to queue
[2023-07-22T16:24:42.981-0500] {logging_mixin.py:150} INFO - [2023-07-22T16:24:42.980-0500] {dagbag.py:541} INFO - Filling up the DagBag from /Users/abhishekpatkar/Documents/Projects/af_file_loader/venv/lib/python3.11/site-packages/airflow/example_dags/example_kubernetes_executor.py
[2023-07-22T16:24:43.067-0500] {logging_mixin.py:150} INFO - [2023-07-22T16:24:43.067-0500] {example_kubernetes_executor.py:41} WARNING - The example_kubernetes_executor example DAG requires the kubernetes provider. Please install it with: pip install apache-airflow[cncf.kubernetes]
[2023-07-22T16:24:43.068-0500] {processor.py:838} WARNING - No viable dags retrieved from /Users/abhishekpatkar/Documents/Projects/af_file_loader/venv/lib/python3.11/site-packages/airflow/example_dags/example_kubernetes_executor.py
[2023-07-22T16:24:43.843-0500] {processor.py:179} INFO - Processing /Users/abhishekpatkar/Documents/Projects/af_file_loader/venv/lib/python3.11/site-packages/airflow/example_dags/example_kubernetes_executor.py took 0.869 seconds
[2023-07-22T16:31:25.090-0500] {processor.py:157} INFO - Started process (PID=21140) to work on /Users/abhishekpatkar/Documents/Projects/af_file_loader/venv/lib/python3.11/site-packages/airflow/example_dags/example_kubernetes_executor.py
[2023-07-22T16:31:25.094-0500] {processor.py:826} INFO - Processing file /Users/abhishekpatkar/Documents/Projects/af_file_loader/venv/lib/python3.11/site-packages/airflow/example_dags/example_kubernetes_executor.py for tasks to queue
[2023-07-22T16:31:25.095-0500] {logging_mixin.py:150} INFO - [2023-07-22T16:31:25.095-0500] {dagbag.py:541} INFO - Filling up the DagBag from /Users/abhishekpatkar/Documents/Projects/af_file_loader/venv/lib/python3.11/site-packages/airflow/example_dags/example_kubernetes_executor.py
[2023-07-22T16:31:25.255-0500] {logging_mixin.py:150} INFO - [2023-07-22T16:31:25.255-0500] {example_kubernetes_executor.py:41} WARNING - The example_kubernetes_executor example DAG requires the kubernetes provider. Please install it with: pip install apache-airflow[cncf.kubernetes]
[2023-07-22T16:31:25.256-0500] {processor.py:838} WARNING - No viable dags retrieved from /Users/abhishekpatkar/Documents/Projects/af_file_loader/venv/lib/python3.11/site-packages/airflow/example_dags/example_kubernetes_executor.py
[2023-07-22T16:31:26.333-0500] {processor.py:179} INFO - Processing /Users/abhishekpatkar/Documents/Projects/af_file_loader/venv/lib/python3.11/site-packages/airflow/example_dags/example_kubernetes_executor.py took 1.243 seconds
[2023-07-22T16:34:48.368-0500] {processor.py:157} INFO - Started process (PID=21246) to work on /Users/abhishekpatkar/Documents/Projects/af_file_loader/venv/lib/python3.11/site-packages/airflow/example_dags/example_kubernetes_executor.py
[2023-07-22T16:34:48.378-0500] {processor.py:826} INFO - Processing file /Users/abhishekpatkar/Documents/Projects/af_file_loader/venv/lib/python3.11/site-packages/airflow/example_dags/example_kubernetes_executor.py for tasks to queue
[2023-07-22T16:34:48.378-0500] {logging_mixin.py:150} INFO - [2023-07-22T16:34:48.378-0500] {dagbag.py:541} INFO - Filling up the DagBag from /Users/abhishekpatkar/Documents/Projects/af_file_loader/venv/lib/python3.11/site-packages/airflow/example_dags/example_kubernetes_executor.py
[2023-07-22T16:34:48.533-0500] {logging_mixin.py:150} INFO - [2023-07-22T16:34:48.533-0500] {example_kubernetes_executor.py:41} WARNING - The example_kubernetes_executor example DAG requires the kubernetes provider. Please install it with: pip install apache-airflow[cncf.kubernetes]
[2023-07-22T16:34:48.534-0500] {processor.py:838} WARNING - No viable dags retrieved from /Users/abhishekpatkar/Documents/Projects/af_file_loader/venv/lib/python3.11/site-packages/airflow/example_dags/example_kubernetes_executor.py
[2023-07-22T16:34:49.516-0500] {processor.py:179} INFO - Processing /Users/abhishekpatkar/Documents/Projects/af_file_loader/venv/lib/python3.11/site-packages/airflow/example_dags/example_kubernetes_executor.py took 1.149 seconds
[2023-07-22T16:39:02.385-0500] {processor.py:157} INFO - Started process (PID=21382) to work on /Users/abhishekpatkar/Documents/Projects/af_file_loader/venv/lib/python3.11/site-packages/airflow/example_dags/example_kubernetes_executor.py
[2023-07-22T16:39:02.390-0500] {processor.py:826} INFO - Processing file /Users/abhishekpatkar/Documents/Projects/af_file_loader/venv/lib/python3.11/site-packages/airflow/example_dags/example_kubernetes_executor.py for tasks to queue
[2023-07-22T16:39:02.391-0500] {logging_mixin.py:150} INFO - [2023-07-22T16:39:02.391-0500] {dagbag.py:541} INFO - Filling up the DagBag from /Users/abhishekpatkar/Documents/Projects/af_file_loader/venv/lib/python3.11/site-packages/airflow/example_dags/example_kubernetes_executor.py
[2023-07-22T16:39:02.509-0500] {logging_mixin.py:150} INFO - [2023-07-22T16:39:02.508-0500] {example_kubernetes_executor.py:41} WARNING - The example_kubernetes_executor example DAG requires the kubernetes provider. Please install it with: pip install apache-airflow[cncf.kubernetes]
[2023-07-22T16:39:02.510-0500] {processor.py:838} WARNING - No viable dags retrieved from /Users/abhishekpatkar/Documents/Projects/af_file_loader/venv/lib/python3.11/site-packages/airflow/example_dags/example_kubernetes_executor.py
[2023-07-22T16:39:03.424-0500] {processor.py:179} INFO - Processing /Users/abhishekpatkar/Documents/Projects/af_file_loader/venv/lib/python3.11/site-packages/airflow/example_dags/example_kubernetes_executor.py took 1.039 seconds
[2023-07-22T16:43:32.725-0500] {processor.py:157} INFO - Started process (PID=21567) to work on /Users/abhishekpatkar/Documents/Projects/af_file_loader/venv/lib/python3.11/site-packages/airflow/example_dags/example_kubernetes_executor.py
[2023-07-22T16:43:32.730-0500] {processor.py:826} INFO - Processing file /Users/abhishekpatkar/Documents/Projects/af_file_loader/venv/lib/python3.11/site-packages/airflow/example_dags/example_kubernetes_executor.py for tasks to queue
[2023-07-22T16:43:32.731-0500] {logging_mixin.py:150} INFO - [2023-07-22T16:43:32.730-0500] {dagbag.py:541} INFO - Filling up the DagBag from /Users/abhishekpatkar/Documents/Projects/af_file_loader/venv/lib/python3.11/site-packages/airflow/example_dags/example_kubernetes_executor.py
[2023-07-22T16:43:32.878-0500] {logging_mixin.py:150} INFO - [2023-07-22T16:43:32.878-0500] {example_kubernetes_executor.py:41} WARNING - The example_kubernetes_executor example DAG requires the kubernetes provider. Please install it with: pip install apache-airflow[cncf.kubernetes]
[2023-07-22T16:43:32.878-0500] {processor.py:838} WARNING - No viable dags retrieved from /Users/abhishekpatkar/Documents/Projects/af_file_loader/venv/lib/python3.11/site-packages/airflow/example_dags/example_kubernetes_executor.py
[2023-07-22T16:43:35.071-0500] {processor.py:179} INFO - Processing /Users/abhishekpatkar/Documents/Projects/af_file_loader/venv/lib/python3.11/site-packages/airflow/example_dags/example_kubernetes_executor.py took 2.347 seconds
[2023-07-22T16:47:22.488-0500] {processor.py:157} INFO - Started process (PID=21682) to work on /Users/abhishekpatkar/Documents/Projects/af_file_loader/venv/lib/python3.11/site-packages/airflow/example_dags/example_kubernetes_executor.py
[2023-07-22T16:47:22.520-0500] {processor.py:826} INFO - Processing file /Users/abhishekpatkar/Documents/Projects/af_file_loader/venv/lib/python3.11/site-packages/airflow/example_dags/example_kubernetes_executor.py for tasks to queue
[2023-07-22T16:47:22.522-0500] {logging_mixin.py:150} INFO - [2023-07-22T16:47:22.521-0500] {dagbag.py:541} INFO - Filling up the DagBag from /Users/abhishekpatkar/Documents/Projects/af_file_loader/venv/lib/python3.11/site-packages/airflow/example_dags/example_kubernetes_executor.py
[2023-07-22T16:47:22.652-0500] {logging_mixin.py:150} INFO - [2023-07-22T16:47:22.651-0500] {example_kubernetes_executor.py:41} WARNING - The example_kubernetes_executor example DAG requires the kubernetes provider. Please install it with: pip install apache-airflow[cncf.kubernetes]
[2023-07-22T16:47:22.652-0500] {processor.py:838} WARNING - No viable dags retrieved from /Users/abhishekpatkar/Documents/Projects/af_file_loader/venv/lib/python3.11/site-packages/airflow/example_dags/example_kubernetes_executor.py
[2023-07-22T16:47:23.872-0500] {processor.py:179} INFO - Processing /Users/abhishekpatkar/Documents/Projects/af_file_loader/venv/lib/python3.11/site-packages/airflow/example_dags/example_kubernetes_executor.py took 1.391 seconds
[2023-07-22T16:51:08.845-0500] {processor.py:157} INFO - Started process (PID=21798) to work on /Users/abhishekpatkar/Documents/Projects/af_file_loader/venv/lib/python3.11/site-packages/airflow/example_dags/example_kubernetes_executor.py
[2023-07-22T16:51:08.849-0500] {processor.py:826} INFO - Processing file /Users/abhishekpatkar/Documents/Projects/af_file_loader/venv/lib/python3.11/site-packages/airflow/example_dags/example_kubernetes_executor.py for tasks to queue
[2023-07-22T16:51:08.850-0500] {logging_mixin.py:150} INFO - [2023-07-22T16:51:08.850-0500] {dagbag.py:541} INFO - Filling up the DagBag from /Users/abhishekpatkar/Documents/Projects/af_file_loader/venv/lib/python3.11/site-packages/airflow/example_dags/example_kubernetes_executor.py
[2023-07-22T16:51:09.096-0500] {logging_mixin.py:150} INFO - [2023-07-22T16:51:09.095-0500] {example_kubernetes_executor.py:41} WARNING - The example_kubernetes_executor example DAG requires the kubernetes provider. Please install it with: pip install apache-airflow[cncf.kubernetes]
[2023-07-22T16:51:09.096-0500] {processor.py:838} WARNING - No viable dags retrieved from /Users/abhishekpatkar/Documents/Projects/af_file_loader/venv/lib/python3.11/site-packages/airflow/example_dags/example_kubernetes_executor.py
[2023-07-22T16:51:10.576-0500] {processor.py:179} INFO - Processing /Users/abhishekpatkar/Documents/Projects/af_file_loader/venv/lib/python3.11/site-packages/airflow/example_dags/example_kubernetes_executor.py took 1.733 seconds
[2023-07-22T16:54:48.805-0500] {processor.py:157} INFO - Started process (PID=21917) to work on /Users/abhishekpatkar/Documents/Projects/af_file_loader/venv/lib/python3.11/site-packages/airflow/example_dags/example_kubernetes_executor.py
[2023-07-22T16:54:48.811-0500] {processor.py:826} INFO - Processing file /Users/abhishekpatkar/Documents/Projects/af_file_loader/venv/lib/python3.11/site-packages/airflow/example_dags/example_kubernetes_executor.py for tasks to queue
[2023-07-22T16:54:48.812-0500] {logging_mixin.py:150} INFO - [2023-07-22T16:54:48.812-0500] {dagbag.py:541} INFO - Filling up the DagBag from /Users/abhishekpatkar/Documents/Projects/af_file_loader/venv/lib/python3.11/site-packages/airflow/example_dags/example_kubernetes_executor.py
[2023-07-22T16:54:48.995-0500] {logging_mixin.py:150} INFO - [2023-07-22T16:54:48.995-0500] {example_kubernetes_executor.py:41} WARNING - The example_kubernetes_executor example DAG requires the kubernetes provider. Please install it with: pip install apache-airflow[cncf.kubernetes]
[2023-07-22T16:54:48.996-0500] {processor.py:838} WARNING - No viable dags retrieved from /Users/abhishekpatkar/Documents/Projects/af_file_loader/venv/lib/python3.11/site-packages/airflow/example_dags/example_kubernetes_executor.py
[2023-07-22T16:54:50.260-0500] {processor.py:179} INFO - Processing /Users/abhishekpatkar/Documents/Projects/af_file_loader/venv/lib/python3.11/site-packages/airflow/example_dags/example_kubernetes_executor.py took 1.460 seconds
[2023-07-22T16:57:53.429-0500] {processor.py:157} INFO - Started process (PID=22019) to work on /Users/abhishekpatkar/Documents/Projects/af_file_loader/venv/lib/python3.11/site-packages/airflow/example_dags/example_kubernetes_executor.py
[2023-07-22T16:57:53.439-0500] {processor.py:826} INFO - Processing file /Users/abhishekpatkar/Documents/Projects/af_file_loader/venv/lib/python3.11/site-packages/airflow/example_dags/example_kubernetes_executor.py for tasks to queue
[2023-07-22T16:57:53.440-0500] {logging_mixin.py:150} INFO - [2023-07-22T16:57:53.440-0500] {dagbag.py:541} INFO - Filling up the DagBag from /Users/abhishekpatkar/Documents/Projects/af_file_loader/venv/lib/python3.11/site-packages/airflow/example_dags/example_kubernetes_executor.py
[2023-07-22T16:57:53.582-0500] {logging_mixin.py:150} INFO - [2023-07-22T16:57:53.581-0500] {example_kubernetes_executor.py:41} WARNING - The example_kubernetes_executor example DAG requires the kubernetes provider. Please install it with: pip install apache-airflow[cncf.kubernetes]
[2023-07-22T16:57:53.582-0500] {processor.py:838} WARNING - No viable dags retrieved from /Users/abhishekpatkar/Documents/Projects/af_file_loader/venv/lib/python3.11/site-packages/airflow/example_dags/example_kubernetes_executor.py
[2023-07-22T16:57:54.741-0500] {processor.py:179} INFO - Processing /Users/abhishekpatkar/Documents/Projects/af_file_loader/venv/lib/python3.11/site-packages/airflow/example_dags/example_kubernetes_executor.py took 1.313 seconds
[2023-07-22T17:04:33.631-0500] {processor.py:157} INFO - Started process (PID=22286) to work on /Users/abhishekpatkar/Documents/Projects/af_file_loader/venv/lib/python3.11/site-packages/airflow/example_dags/example_kubernetes_executor.py
[2023-07-22T17:04:33.638-0500] {processor.py:826} INFO - Processing file /Users/abhishekpatkar/Documents/Projects/af_file_loader/venv/lib/python3.11/site-packages/airflow/example_dags/example_kubernetes_executor.py for tasks to queue
[2023-07-22T17:04:33.638-0500] {logging_mixin.py:150} INFO - [2023-07-22T17:04:33.638-0500] {dagbag.py:541} INFO - Filling up the DagBag from /Users/abhishekpatkar/Documents/Projects/af_file_loader/venv/lib/python3.11/site-packages/airflow/example_dags/example_kubernetes_executor.py
[2023-07-22T17:04:33.730-0500] {logging_mixin.py:150} INFO - [2023-07-22T17:04:33.730-0500] {example_kubernetes_executor.py:41} WARNING - The example_kubernetes_executor example DAG requires the kubernetes provider. Please install it with: pip install apache-airflow[cncf.kubernetes]
[2023-07-22T17:04:33.730-0500] {processor.py:838} WARNING - No viable dags retrieved from /Users/abhishekpatkar/Documents/Projects/af_file_loader/venv/lib/python3.11/site-packages/airflow/example_dags/example_kubernetes_executor.py
[2023-07-22T17:04:34.458-0500] {processor.py:179} INFO - Processing /Users/abhishekpatkar/Documents/Projects/af_file_loader/venv/lib/python3.11/site-packages/airflow/example_dags/example_kubernetes_executor.py took 0.827 seconds
[2023-07-22T17:08:29.727-0500] {processor.py:157} INFO - Started process (PID=22443) to work on /Users/abhishekpatkar/Documents/Projects/af_file_loader/venv/lib/python3.11/site-packages/airflow/example_dags/example_kubernetes_executor.py
[2023-07-22T17:08:29.731-0500] {processor.py:826} INFO - Processing file /Users/abhishekpatkar/Documents/Projects/af_file_loader/venv/lib/python3.11/site-packages/airflow/example_dags/example_kubernetes_executor.py for tasks to queue
[2023-07-22T17:08:29.731-0500] {logging_mixin.py:150} INFO - [2023-07-22T17:08:29.731-0500] {dagbag.py:541} INFO - Filling up the DagBag from /Users/abhishekpatkar/Documents/Projects/af_file_loader/venv/lib/python3.11/site-packages/airflow/example_dags/example_kubernetes_executor.py
[2023-07-22T17:08:29.820-0500] {logging_mixin.py:150} INFO - [2023-07-22T17:08:29.820-0500] {example_kubernetes_executor.py:41} WARNING - The example_kubernetes_executor example DAG requires the kubernetes provider. Please install it with: pip install apache-airflow[cncf.kubernetes]
[2023-07-22T17:08:29.821-0500] {processor.py:838} WARNING - No viable dags retrieved from /Users/abhishekpatkar/Documents/Projects/af_file_loader/venv/lib/python3.11/site-packages/airflow/example_dags/example_kubernetes_executor.py
[2023-07-22T17:08:30.522-0500] {processor.py:179} INFO - Processing /Users/abhishekpatkar/Documents/Projects/af_file_loader/venv/lib/python3.11/site-packages/airflow/example_dags/example_kubernetes_executor.py took 0.795 seconds
[2023-07-22T17:12:29.043-0500] {processor.py:157} INFO - Started process (PID=22600) to work on /Users/abhishekpatkar/Documents/Projects/af_file_loader/venv/lib/python3.11/site-packages/airflow/example_dags/example_kubernetes_executor.py
[2023-07-22T17:12:29.047-0500] {processor.py:826} INFO - Processing file /Users/abhishekpatkar/Documents/Projects/af_file_loader/venv/lib/python3.11/site-packages/airflow/example_dags/example_kubernetes_executor.py for tasks to queue
[2023-07-22T17:12:29.047-0500] {logging_mixin.py:150} INFO - [2023-07-22T17:12:29.047-0500] {dagbag.py:541} INFO - Filling up the DagBag from /Users/abhishekpatkar/Documents/Projects/af_file_loader/venv/lib/python3.11/site-packages/airflow/example_dags/example_kubernetes_executor.py
[2023-07-22T17:12:29.138-0500] {logging_mixin.py:150} INFO - [2023-07-22T17:12:29.137-0500] {example_kubernetes_executor.py:41} WARNING - The example_kubernetes_executor example DAG requires the kubernetes provider. Please install it with: pip install apache-airflow[cncf.kubernetes]
[2023-07-22T17:12:29.138-0500] {processor.py:838} WARNING - No viable dags retrieved from /Users/abhishekpatkar/Documents/Projects/af_file_loader/venv/lib/python3.11/site-packages/airflow/example_dags/example_kubernetes_executor.py
[2023-07-22T17:12:29.863-0500] {processor.py:179} INFO - Processing /Users/abhishekpatkar/Documents/Projects/af_file_loader/venv/lib/python3.11/site-packages/airflow/example_dags/example_kubernetes_executor.py took 0.821 seconds
[2023-07-22T17:16:29.108-0500] {processor.py:157} INFO - Started process (PID=22750) to work on /Users/abhishekpatkar/Documents/Projects/af_file_loader/venv/lib/python3.11/site-packages/airflow/example_dags/example_kubernetes_executor.py
[2023-07-22T17:16:29.113-0500] {processor.py:826} INFO - Processing file /Users/abhishekpatkar/Documents/Projects/af_file_loader/venv/lib/python3.11/site-packages/airflow/example_dags/example_kubernetes_executor.py for tasks to queue
[2023-07-22T17:16:29.114-0500] {logging_mixin.py:150} INFO - [2023-07-22T17:16:29.113-0500] {dagbag.py:541} INFO - Filling up the DagBag from /Users/abhishekpatkar/Documents/Projects/af_file_loader/venv/lib/python3.11/site-packages/airflow/example_dags/example_kubernetes_executor.py
[2023-07-22T17:16:29.200-0500] {logging_mixin.py:150} INFO - [2023-07-22T17:16:29.200-0500] {example_kubernetes_executor.py:41} WARNING - The example_kubernetes_executor example DAG requires the kubernetes provider. Please install it with: pip install apache-airflow[cncf.kubernetes]
[2023-07-22T17:16:29.201-0500] {processor.py:838} WARNING - No viable dags retrieved from /Users/abhishekpatkar/Documents/Projects/af_file_loader/venv/lib/python3.11/site-packages/airflow/example_dags/example_kubernetes_executor.py
[2023-07-22T17:16:29.879-0500] {processor.py:179} INFO - Processing /Users/abhishekpatkar/Documents/Projects/af_file_loader/venv/lib/python3.11/site-packages/airflow/example_dags/example_kubernetes_executor.py took 0.771 seconds
[2023-07-22T17:19:21.559-0500] {processor.py:157} INFO - Started process (PID=22902) to work on /Users/abhishekpatkar/Documents/Projects/af_file_loader/venv/lib/python3.11/site-packages/airflow/example_dags/example_kubernetes_executor.py
[2023-07-22T17:19:21.564-0500] {processor.py:826} INFO - Processing file /Users/abhishekpatkar/Documents/Projects/af_file_loader/venv/lib/python3.11/site-packages/airflow/example_dags/example_kubernetes_executor.py for tasks to queue
[2023-07-22T17:19:21.565-0500] {logging_mixin.py:150} INFO - [2023-07-22T17:19:21.565-0500] {dagbag.py:541} INFO - Filling up the DagBag from /Users/abhishekpatkar/Documents/Projects/af_file_loader/venv/lib/python3.11/site-packages/airflow/example_dags/example_kubernetes_executor.py
[2023-07-22T17:19:21.652-0500] {logging_mixin.py:150} INFO - [2023-07-22T17:19:21.652-0500] {example_kubernetes_executor.py:41} WARNING - The example_kubernetes_executor example DAG requires the kubernetes provider. Please install it with: pip install apache-airflow[cncf.kubernetes]
[2023-07-22T17:19:21.653-0500] {processor.py:838} WARNING - No viable dags retrieved from /Users/abhishekpatkar/Documents/Projects/af_file_loader/venv/lib/python3.11/site-packages/airflow/example_dags/example_kubernetes_executor.py
[2023-07-22T17:19:22.325-0500] {processor.py:179} INFO - Processing /Users/abhishekpatkar/Documents/Projects/af_file_loader/venv/lib/python3.11/site-packages/airflow/example_dags/example_kubernetes_executor.py took 0.766 seconds
[2023-07-22T17:24:18.219-0500] {processor.py:157} INFO - Started process (PID=23142) to work on /Users/abhishekpatkar/Documents/Projects/af_file_loader/venv/lib/python3.11/site-packages/airflow/example_dags/example_kubernetes_executor.py
[2023-07-22T17:24:18.227-0500] {processor.py:826} INFO - Processing file /Users/abhishekpatkar/Documents/Projects/af_file_loader/venv/lib/python3.11/site-packages/airflow/example_dags/example_kubernetes_executor.py for tasks to queue
[2023-07-22T17:24:18.227-0500] {logging_mixin.py:150} INFO - [2023-07-22T17:24:18.227-0500] {dagbag.py:541} INFO - Filling up the DagBag from /Users/abhishekpatkar/Documents/Projects/af_file_loader/venv/lib/python3.11/site-packages/airflow/example_dags/example_kubernetes_executor.py
[2023-07-22T17:24:18.370-0500] {logging_mixin.py:150} INFO - [2023-07-22T17:24:18.369-0500] {example_kubernetes_executor.py:41} WARNING - The example_kubernetes_executor example DAG requires the kubernetes provider. Please install it with: pip install apache-airflow[cncf.kubernetes]
[2023-07-22T17:24:18.370-0500] {processor.py:838} WARNING - No viable dags retrieved from /Users/abhishekpatkar/Documents/Projects/af_file_loader/venv/lib/python3.11/site-packages/airflow/example_dags/example_kubernetes_executor.py
[2023-07-22T17:24:20.065-0500] {processor.py:179} INFO - Processing /Users/abhishekpatkar/Documents/Projects/af_file_loader/venv/lib/python3.11/site-packages/airflow/example_dags/example_kubernetes_executor.py took 1.846 seconds
[2023-07-22T17:29:24.210-0500] {processor.py:157} INFO - Started process (PID=23299) to work on /Users/abhishekpatkar/Documents/Projects/af_file_loader/venv/lib/python3.11/site-packages/airflow/example_dags/example_kubernetes_executor.py
[2023-07-22T17:29:24.215-0500] {processor.py:826} INFO - Processing file /Users/abhishekpatkar/Documents/Projects/af_file_loader/venv/lib/python3.11/site-packages/airflow/example_dags/example_kubernetes_executor.py for tasks to queue
[2023-07-22T17:29:24.216-0500] {logging_mixin.py:150} INFO - [2023-07-22T17:29:24.216-0500] {dagbag.py:541} INFO - Filling up the DagBag from /Users/abhishekpatkar/Documents/Projects/af_file_loader/venv/lib/python3.11/site-packages/airflow/example_dags/example_kubernetes_executor.py
[2023-07-22T17:29:24.309-0500] {logging_mixin.py:150} INFO - [2023-07-22T17:29:24.309-0500] {example_kubernetes_executor.py:41} WARNING - The example_kubernetes_executor example DAG requires the kubernetes provider. Please install it with: pip install apache-airflow[cncf.kubernetes]
[2023-07-22T17:29:24.309-0500] {processor.py:838} WARNING - No viable dags retrieved from /Users/abhishekpatkar/Documents/Projects/af_file_loader/venv/lib/python3.11/site-packages/airflow/example_dags/example_kubernetes_executor.py
[2023-07-22T17:29:25.214-0500] {processor.py:179} INFO - Processing /Users/abhishekpatkar/Documents/Projects/af_file_loader/venv/lib/python3.11/site-packages/airflow/example_dags/example_kubernetes_executor.py took 1.004 seconds
[2023-07-22T17:32:02.584-0500] {processor.py:157} INFO - Started process (PID=23424) to work on /Users/abhishekpatkar/Documents/Projects/af_file_loader/venv/lib/python3.11/site-packages/airflow/example_dags/example_kubernetes_executor.py
[2023-07-22T17:32:02.588-0500] {processor.py:826} INFO - Processing file /Users/abhishekpatkar/Documents/Projects/af_file_loader/venv/lib/python3.11/site-packages/airflow/example_dags/example_kubernetes_executor.py for tasks to queue
[2023-07-22T17:32:02.589-0500] {logging_mixin.py:150} INFO - [2023-07-22T17:32:02.589-0500] {dagbag.py:541} INFO - Filling up the DagBag from /Users/abhishekpatkar/Documents/Projects/af_file_loader/venv/lib/python3.11/site-packages/airflow/example_dags/example_kubernetes_executor.py
[2023-07-22T17:32:02.670-0500] {logging_mixin.py:150} INFO - [2023-07-22T17:32:02.670-0500] {example_kubernetes_executor.py:41} WARNING - The example_kubernetes_executor example DAG requires the kubernetes provider. Please install it with: pip install apache-airflow[cncf.kubernetes]
[2023-07-22T17:32:02.670-0500] {processor.py:838} WARNING - No viable dags retrieved from /Users/abhishekpatkar/Documents/Projects/af_file_loader/venv/lib/python3.11/site-packages/airflow/example_dags/example_kubernetes_executor.py
[2023-07-22T17:32:03.314-0500] {processor.py:179} INFO - Processing /Users/abhishekpatkar/Documents/Projects/af_file_loader/venv/lib/python3.11/site-packages/airflow/example_dags/example_kubernetes_executor.py took 0.731 seconds
[2023-07-22T17:36:04.251-0500] {processor.py:157} INFO - Started process (PID=23583) to work on /Users/abhishekpatkar/Documents/Projects/af_file_loader/venv/lib/python3.11/site-packages/airflow/example_dags/example_kubernetes_executor.py
[2023-07-22T17:36:04.260-0500] {processor.py:826} INFO - Processing file /Users/abhishekpatkar/Documents/Projects/af_file_loader/venv/lib/python3.11/site-packages/airflow/example_dags/example_kubernetes_executor.py for tasks to queue
[2023-07-22T17:36:04.262-0500] {logging_mixin.py:150} INFO - [2023-07-22T17:36:04.262-0500] {dagbag.py:541} INFO - Filling up the DagBag from /Users/abhishekpatkar/Documents/Projects/af_file_loader/venv/lib/python3.11/site-packages/airflow/example_dags/example_kubernetes_executor.py
[2023-07-22T17:36:04.593-0500] {logging_mixin.py:150} INFO - [2023-07-22T17:36:04.592-0500] {example_kubernetes_executor.py:41} WARNING - The example_kubernetes_executor example DAG requires the kubernetes provider. Please install it with: pip install apache-airflow[cncf.kubernetes]
[2023-07-22T17:36:04.593-0500] {processor.py:838} WARNING - No viable dags retrieved from /Users/abhishekpatkar/Documents/Projects/af_file_loader/venv/lib/python3.11/site-packages/airflow/example_dags/example_kubernetes_executor.py
[2023-07-22T17:36:06.391-0500] {processor.py:179} INFO - Processing /Users/abhishekpatkar/Documents/Projects/af_file_loader/venv/lib/python3.11/site-packages/airflow/example_dags/example_kubernetes_executor.py took 2.140 seconds
[2023-07-22T17:39:39.648-0500] {processor.py:157} INFO - Started process (PID=23725) to work on /Users/abhishekpatkar/Documents/Projects/af_file_loader/venv/lib/python3.11/site-packages/airflow/example_dags/example_kubernetes_executor.py
[2023-07-22T17:39:39.680-0500] {processor.py:826} INFO - Processing file /Users/abhishekpatkar/Documents/Projects/af_file_loader/venv/lib/python3.11/site-packages/airflow/example_dags/example_kubernetes_executor.py for tasks to queue
[2023-07-22T17:39:39.681-0500] {logging_mixin.py:150} INFO - [2023-07-22T17:39:39.681-0500] {dagbag.py:541} INFO - Filling up the DagBag from /Users/abhishekpatkar/Documents/Projects/af_file_loader/venv/lib/python3.11/site-packages/airflow/example_dags/example_kubernetes_executor.py
[2023-07-22T17:39:39.994-0500] {logging_mixin.py:150} INFO - [2023-07-22T17:39:39.992-0500] {example_kubernetes_executor.py:41} WARNING - The example_kubernetes_executor example DAG requires the kubernetes provider. Please install it with: pip install apache-airflow[cncf.kubernetes]
[2023-07-22T17:39:39.996-0500] {processor.py:838} WARNING - No viable dags retrieved from /Users/abhishekpatkar/Documents/Projects/af_file_loader/venv/lib/python3.11/site-packages/airflow/example_dags/example_kubernetes_executor.py
[2023-07-22T17:39:42.495-0500] {processor.py:179} INFO - Processing /Users/abhishekpatkar/Documents/Projects/af_file_loader/venv/lib/python3.11/site-packages/airflow/example_dags/example_kubernetes_executor.py took 2.851 seconds
[2023-07-22T17:48:17.250-0500] {processor.py:157} INFO - Started process (PID=24072) to work on /Users/abhishekpatkar/Documents/Projects/af_file_loader/venv/lib/python3.11/site-packages/airflow/example_dags/example_kubernetes_executor.py
[2023-07-22T17:48:17.255-0500] {processor.py:826} INFO - Processing file /Users/abhishekpatkar/Documents/Projects/af_file_loader/venv/lib/python3.11/site-packages/airflow/example_dags/example_kubernetes_executor.py for tasks to queue
[2023-07-22T17:48:17.256-0500] {logging_mixin.py:150} INFO - [2023-07-22T17:48:17.256-0500] {dagbag.py:541} INFO - Filling up the DagBag from /Users/abhishekpatkar/Documents/Projects/af_file_loader/venv/lib/python3.11/site-packages/airflow/example_dags/example_kubernetes_executor.py
[2023-07-22T17:48:17.501-0500] {logging_mixin.py:150} INFO - [2023-07-22T17:48:17.501-0500] {example_kubernetes_executor.py:41} WARNING - The example_kubernetes_executor example DAG requires the kubernetes provider. Please install it with: pip install apache-airflow[cncf.kubernetes]
[2023-07-22T17:48:17.501-0500] {processor.py:838} WARNING - No viable dags retrieved from /Users/abhishekpatkar/Documents/Projects/af_file_loader/venv/lib/python3.11/site-packages/airflow/example_dags/example_kubernetes_executor.py
[2023-07-22T17:48:18.874-0500] {processor.py:179} INFO - Processing /Users/abhishekpatkar/Documents/Projects/af_file_loader/venv/lib/python3.11/site-packages/airflow/example_dags/example_kubernetes_executor.py took 1.625 seconds
[2023-07-22T17:53:35.269-0500] {processor.py:157} INFO - Started process (PID=24357) to work on /Users/abhishekpatkar/Documents/Projects/af_file_loader/venv/lib/python3.11/site-packages/airflow/example_dags/example_kubernetes_executor.py
[2023-07-22T17:53:35.274-0500] {processor.py:826} INFO - Processing file /Users/abhishekpatkar/Documents/Projects/af_file_loader/venv/lib/python3.11/site-packages/airflow/example_dags/example_kubernetes_executor.py for tasks to queue
[2023-07-22T17:53:35.276-0500] {logging_mixin.py:150} INFO - [2023-07-22T17:53:35.275-0500] {dagbag.py:541} INFO - Filling up the DagBag from /Users/abhishekpatkar/Documents/Projects/af_file_loader/venv/lib/python3.11/site-packages/airflow/example_dags/example_kubernetes_executor.py
[2023-07-22T17:53:35.406-0500] {logging_mixin.py:150} INFO - [2023-07-22T17:53:35.406-0500] {example_kubernetes_executor.py:41} WARNING - The example_kubernetes_executor example DAG requires the kubernetes provider. Please install it with: pip install apache-airflow[cncf.kubernetes]
[2023-07-22T17:53:35.406-0500] {processor.py:838} WARNING - No viable dags retrieved from /Users/abhishekpatkar/Documents/Projects/af_file_loader/venv/lib/python3.11/site-packages/airflow/example_dags/example_kubernetes_executor.py
[2023-07-22T17:53:36.897-0500] {processor.py:179} INFO - Processing /Users/abhishekpatkar/Documents/Projects/af_file_loader/venv/lib/python3.11/site-packages/airflow/example_dags/example_kubernetes_executor.py took 1.629 seconds
[2023-07-22T17:59:18.331-0500] {processor.py:157} INFO - Started process (PID=24634) to work on /Users/abhishekpatkar/Documents/Projects/af_file_loader/venv/lib/python3.11/site-packages/airflow/example_dags/example_kubernetes_executor.py
[2023-07-22T17:59:18.336-0500] {processor.py:826} INFO - Processing file /Users/abhishekpatkar/Documents/Projects/af_file_loader/venv/lib/python3.11/site-packages/airflow/example_dags/example_kubernetes_executor.py for tasks to queue
[2023-07-22T17:59:18.337-0500] {logging_mixin.py:150} INFO - [2023-07-22T17:59:18.336-0500] {dagbag.py:541} INFO - Filling up the DagBag from /Users/abhishekpatkar/Documents/Projects/af_file_loader/venv/lib/python3.11/site-packages/airflow/example_dags/example_kubernetes_executor.py
[2023-07-22T17:59:18.430-0500] {logging_mixin.py:150} INFO - [2023-07-22T17:59:18.430-0500] {example_kubernetes_executor.py:41} WARNING - The example_kubernetes_executor example DAG requires the kubernetes provider. Please install it with: pip install apache-airflow[cncf.kubernetes]
[2023-07-22T17:59:18.431-0500] {processor.py:838} WARNING - No viable dags retrieved from /Users/abhishekpatkar/Documents/Projects/af_file_loader/venv/lib/python3.11/site-packages/airflow/example_dags/example_kubernetes_executor.py
[2023-07-22T17:59:20.010-0500] {processor.py:179} INFO - Processing /Users/abhishekpatkar/Documents/Projects/af_file_loader/venv/lib/python3.11/site-packages/airflow/example_dags/example_kubernetes_executor.py took 1.680 seconds
[2023-07-22T18:03:26.521-0500] {processor.py:157} INFO - Started process (PID=24795) to work on /Users/abhishekpatkar/Documents/Projects/af_file_loader/venv/lib/python3.11/site-packages/airflow/example_dags/example_kubernetes_executor.py
[2023-07-22T18:03:26.528-0500] {processor.py:826} INFO - Processing file /Users/abhishekpatkar/Documents/Projects/af_file_loader/venv/lib/python3.11/site-packages/airflow/example_dags/example_kubernetes_executor.py for tasks to queue
[2023-07-22T18:03:26.528-0500] {logging_mixin.py:150} INFO - [2023-07-22T18:03:26.528-0500] {dagbag.py:541} INFO - Filling up the DagBag from /Users/abhishekpatkar/Documents/Projects/af_file_loader/venv/lib/python3.11/site-packages/airflow/example_dags/example_kubernetes_executor.py
[2023-07-22T18:03:26.627-0500] {logging_mixin.py:150} INFO - [2023-07-22T18:03:26.626-0500] {example_kubernetes_executor.py:41} WARNING - The example_kubernetes_executor example DAG requires the kubernetes provider. Please install it with: pip install apache-airflow[cncf.kubernetes]
[2023-07-22T18:03:26.627-0500] {processor.py:838} WARNING - No viable dags retrieved from /Users/abhishekpatkar/Documents/Projects/af_file_loader/venv/lib/python3.11/site-packages/airflow/example_dags/example_kubernetes_executor.py
[2023-07-22T18:03:27.766-0500] {processor.py:179} INFO - Processing /Users/abhishekpatkar/Documents/Projects/af_file_loader/venv/lib/python3.11/site-packages/airflow/example_dags/example_kubernetes_executor.py took 1.247 seconds
[2023-07-22T18:06:40.536-0500] {processor.py:157} INFO - Started process (PID=24900) to work on /Users/abhishekpatkar/Documents/Projects/af_file_loader/venv/lib/python3.11/site-packages/airflow/example_dags/example_kubernetes_executor.py
[2023-07-22T18:06:40.544-0500] {processor.py:826} INFO - Processing file /Users/abhishekpatkar/Documents/Projects/af_file_loader/venv/lib/python3.11/site-packages/airflow/example_dags/example_kubernetes_executor.py for tasks to queue
[2023-07-22T18:06:40.545-0500] {logging_mixin.py:150} INFO - [2023-07-22T18:06:40.545-0500] {dagbag.py:541} INFO - Filling up the DagBag from /Users/abhishekpatkar/Documents/Projects/af_file_loader/venv/lib/python3.11/site-packages/airflow/example_dags/example_kubernetes_executor.py
[2023-07-22T18:06:40.658-0500] {logging_mixin.py:150} INFO - [2023-07-22T18:06:40.657-0500] {example_kubernetes_executor.py:41} WARNING - The example_kubernetes_executor example DAG requires the kubernetes provider. Please install it with: pip install apache-airflow[cncf.kubernetes]
[2023-07-22T18:06:40.658-0500] {processor.py:838} WARNING - No viable dags retrieved from /Users/abhishekpatkar/Documents/Projects/af_file_loader/venv/lib/python3.11/site-packages/airflow/example_dags/example_kubernetes_executor.py
[2023-07-22T18:06:41.478-0500] {processor.py:179} INFO - Processing /Users/abhishekpatkar/Documents/Projects/af_file_loader/venv/lib/python3.11/site-packages/airflow/example_dags/example_kubernetes_executor.py took 0.944 seconds
