[2023-07-22T14:52:33.209-0500] {processor.py:157} INFO - Started process (PID=16683) to work on /Users/abhishekpatkar/Documents/Projects/af_file_loader/venv/lib/python3.11/site-packages/airflow/example_dags/example_complex.py
[2023-07-22T14:52:33.213-0500] {processor.py:826} INFO - Processing file /Users/abhishekpatkar/Documents/Projects/af_file_loader/venv/lib/python3.11/site-packages/airflow/example_dags/example_complex.py for tasks to queue
[2023-07-22T14:52:33.214-0500] {logging_mixin.py:150} INFO - [2023-07-22T14:52:33.214-0500] {dagbag.py:541} INFO - Filling up the DagBag from /Users/abhishekpatkar/Documents/Projects/af_file_loader/venv/lib/python3.11/site-packages/airflow/example_dags/example_complex.py
[2023-07-22T14:52:33.279-0500] {processor.py:836} INFO - DAG(s) dict_keys(['example_complex']) retrieved from /Users/abhishekpatkar/Documents/Projects/af_file_loader/venv/lib/python3.11/site-packages/airflow/example_dags/example_complex.py
[2023-07-22T14:52:34.388-0500] {logging_mixin.py:150} INFO - [2023-07-22T14:52:34.387-0500] {manager.py:504} INFO - Created Permission View: can edit on DAG:example_complex
[2023-07-22T14:52:34.399-0500] {logging_mixin.py:150} INFO - [2023-07-22T14:52:34.399-0500] {manager.py:504} INFO - Created Permission View: can delete on DAG:example_complex
[2023-07-22T14:52:34.408-0500] {logging_mixin.py:150} INFO - [2023-07-22T14:52:34.408-0500] {manager.py:504} INFO - Created Permission View: can read on DAG:example_complex
[2023-07-22T14:52:34.421-0500] {logging_mixin.py:150} INFO - [2023-07-22T14:52:34.421-0500] {dag.py:2742} INFO - Sync 1 DAGs
[2023-07-22T14:52:34.430-0500] {logging_mixin.py:150} INFO - [2023-07-22T14:52:34.430-0500] {dag.py:2763} INFO - Creating ORM DAG for example_complex
[2023-07-22T14:52:34.437-0500] {logging_mixin.py:150} INFO - [2023-07-22T14:52:34.437-0500] {dag.py:3504} INFO - Setting next_dagrun for example_complex to None, run_after=None
[2023-07-22T14:52:34.462-0500] {processor.py:179} INFO - Processing /Users/abhishekpatkar/Documents/Projects/af_file_loader/venv/lib/python3.11/site-packages/airflow/example_dags/example_complex.py took 1.253 seconds
[2023-07-22T14:55:52.990-0500] {processor.py:157} INFO - Started process (PID=16925) to work on /Users/abhishekpatkar/Documents/Projects/af_file_loader/venv/lib/python3.11/site-packages/airflow/example_dags/example_complex.py
[2023-07-22T14:55:52.998-0500] {processor.py:826} INFO - Processing file /Users/abhishekpatkar/Documents/Projects/af_file_loader/venv/lib/python3.11/site-packages/airflow/example_dags/example_complex.py for tasks to queue
[2023-07-22T14:55:52.999-0500] {logging_mixin.py:150} INFO - [2023-07-22T14:55:52.999-0500] {dagbag.py:541} INFO - Filling up the DagBag from /Users/abhishekpatkar/Documents/Projects/af_file_loader/venv/lib/python3.11/site-packages/airflow/example_dags/example_complex.py
[2023-07-22T14:55:53.115-0500] {processor.py:836} INFO - DAG(s) dict_keys(['example_complex']) retrieved from /Users/abhishekpatkar/Documents/Projects/af_file_loader/venv/lib/python3.11/site-packages/airflow/example_dags/example_complex.py
[2023-07-22T14:55:54.141-0500] {logging_mixin.py:150} INFO - [2023-07-22T14:55:54.141-0500] {dag.py:2742} INFO - Sync 1 DAGs
[2023-07-22T14:55:54.159-0500] {logging_mixin.py:150} INFO - [2023-07-22T14:55:54.159-0500] {dag.py:3504} INFO - Setting next_dagrun for example_complex to None, run_after=None
[2023-07-22T14:55:54.178-0500] {processor.py:179} INFO - Processing /Users/abhishekpatkar/Documents/Projects/af_file_loader/venv/lib/python3.11/site-packages/airflow/example_dags/example_complex.py took 1.190 seconds
[2023-07-22T15:00:47.252-0500] {processor.py:157} INFO - Started process (PID=17104) to work on /Users/abhishekpatkar/Documents/Projects/af_file_loader/venv/lib/python3.11/site-packages/airflow/example_dags/example_complex.py
[2023-07-22T15:00:47.259-0500] {processor.py:826} INFO - Processing file /Users/abhishekpatkar/Documents/Projects/af_file_loader/venv/lib/python3.11/site-packages/airflow/example_dags/example_complex.py for tasks to queue
[2023-07-22T15:00:47.260-0500] {logging_mixin.py:150} INFO - [2023-07-22T15:00:47.259-0500] {dagbag.py:541} INFO - Filling up the DagBag from /Users/abhishekpatkar/Documents/Projects/af_file_loader/venv/lib/python3.11/site-packages/airflow/example_dags/example_complex.py
[2023-07-22T15:00:47.349-0500] {processor.py:836} INFO - DAG(s) dict_keys(['example_complex']) retrieved from /Users/abhishekpatkar/Documents/Projects/af_file_loader/venv/lib/python3.11/site-packages/airflow/example_dags/example_complex.py
[2023-07-22T15:00:48.593-0500] {logging_mixin.py:150} INFO - [2023-07-22T15:00:48.592-0500] {dag.py:2742} INFO - Sync 1 DAGs
[2023-07-22T15:00:48.625-0500] {logging_mixin.py:150} INFO - [2023-07-22T15:00:48.625-0500] {dag.py:3504} INFO - Setting next_dagrun for example_complex to None, run_after=None
[2023-07-22T15:00:48.646-0500] {processor.py:179} INFO - Processing /Users/abhishekpatkar/Documents/Projects/af_file_loader/venv/lib/python3.11/site-packages/airflow/example_dags/example_complex.py took 1.395 seconds
[2023-07-22T15:06:23.104-0500] {processor.py:157} INFO - Started process (PID=17625) to work on /Users/abhishekpatkar/Documents/Projects/af_file_loader/venv/lib/python3.11/site-packages/airflow/example_dags/example_complex.py
[2023-07-22T15:06:23.112-0500] {processor.py:826} INFO - Processing file /Users/abhishekpatkar/Documents/Projects/af_file_loader/venv/lib/python3.11/site-packages/airflow/example_dags/example_complex.py for tasks to queue
[2023-07-22T15:06:23.114-0500] {logging_mixin.py:150} INFO - [2023-07-22T15:06:23.113-0500] {dagbag.py:541} INFO - Filling up the DagBag from /Users/abhishekpatkar/Documents/Projects/af_file_loader/venv/lib/python3.11/site-packages/airflow/example_dags/example_complex.py
[2023-07-22T15:06:23.448-0500] {processor.py:836} INFO - DAG(s) dict_keys(['example_complex']) retrieved from /Users/abhishekpatkar/Documents/Projects/af_file_loader/venv/lib/python3.11/site-packages/airflow/example_dags/example_complex.py
[2023-07-22T15:06:26.604-0500] {logging_mixin.py:150} INFO - [2023-07-22T15:06:26.603-0500] {dag.py:2742} INFO - Sync 1 DAGs
[2023-07-22T15:06:26.676-0500] {logging_mixin.py:150} INFO - [2023-07-22T15:06:26.676-0500] {dag.py:3504} INFO - Setting next_dagrun for example_complex to None, run_after=None
[2023-07-22T15:06:26.760-0500] {processor.py:179} INFO - Processing /Users/abhishekpatkar/Documents/Projects/af_file_loader/venv/lib/python3.11/site-packages/airflow/example_dags/example_complex.py took 3.658 seconds
[2023-07-22T15:14:26.242-0500] {processor.py:157} INFO - Started process (PID=17933) to work on /Users/abhishekpatkar/Documents/Projects/af_file_loader/venv/lib/python3.11/site-packages/airflow/example_dags/example_complex.py
[2023-07-22T15:14:26.249-0500] {processor.py:826} INFO - Processing file /Users/abhishekpatkar/Documents/Projects/af_file_loader/venv/lib/python3.11/site-packages/airflow/example_dags/example_complex.py for tasks to queue
[2023-07-22T15:14:26.249-0500] {logging_mixin.py:150} INFO - [2023-07-22T15:14:26.249-0500] {dagbag.py:541} INFO - Filling up the DagBag from /Users/abhishekpatkar/Documents/Projects/af_file_loader/venv/lib/python3.11/site-packages/airflow/example_dags/example_complex.py
[2023-07-22T15:14:26.344-0500] {processor.py:836} INFO - DAG(s) dict_keys(['example_complex']) retrieved from /Users/abhishekpatkar/Documents/Projects/af_file_loader/venv/lib/python3.11/site-packages/airflow/example_dags/example_complex.py
[2023-07-22T15:14:27.773-0500] {logging_mixin.py:150} INFO - [2023-07-22T15:14:27.772-0500] {dag.py:2742} INFO - Sync 1 DAGs
[2023-07-22T15:14:27.803-0500] {logging_mixin.py:150} INFO - [2023-07-22T15:14:27.803-0500] {dag.py:3504} INFO - Setting next_dagrun for example_complex to None, run_after=None
[2023-07-22T15:14:27.824-0500] {processor.py:179} INFO - Processing /Users/abhishekpatkar/Documents/Projects/af_file_loader/venv/lib/python3.11/site-packages/airflow/example_dags/example_complex.py took 1.583 seconds
[2023-07-22T15:20:14.567-0500] {processor.py:157} INFO - Started process (PID=18140) to work on /Users/abhishekpatkar/Documents/Projects/af_file_loader/venv/lib/python3.11/site-packages/airflow/example_dags/example_complex.py
[2023-07-22T15:20:14.570-0500] {processor.py:826} INFO - Processing file /Users/abhishekpatkar/Documents/Projects/af_file_loader/venv/lib/python3.11/site-packages/airflow/example_dags/example_complex.py for tasks to queue
[2023-07-22T15:20:14.571-0500] {logging_mixin.py:150} INFO - [2023-07-22T15:20:14.571-0500] {dagbag.py:541} INFO - Filling up the DagBag from /Users/abhishekpatkar/Documents/Projects/af_file_loader/venv/lib/python3.11/site-packages/airflow/example_dags/example_complex.py
[2023-07-22T15:20:14.635-0500] {processor.py:836} INFO - DAG(s) dict_keys(['example_complex']) retrieved from /Users/abhishekpatkar/Documents/Projects/af_file_loader/venv/lib/python3.11/site-packages/airflow/example_dags/example_complex.py
[2023-07-22T15:20:15.357-0500] {logging_mixin.py:150} INFO - [2023-07-22T15:20:15.357-0500] {dag.py:2742} INFO - Sync 1 DAGs
[2023-07-22T15:20:15.382-0500] {logging_mixin.py:150} INFO - [2023-07-22T15:20:15.382-0500] {dag.py:3504} INFO - Setting next_dagrun for example_complex to None, run_after=None
[2023-07-22T15:20:15.410-0500] {processor.py:179} INFO - Processing /Users/abhishekpatkar/Documents/Projects/af_file_loader/venv/lib/python3.11/site-packages/airflow/example_dags/example_complex.py took 0.844 seconds
[2023-07-22T15:24:56.476-0500] {processor.py:157} INFO - Started process (PID=18322) to work on /Users/abhishekpatkar/Documents/Projects/af_file_loader/venv/lib/python3.11/site-packages/airflow/example_dags/example_complex.py
[2023-07-22T15:24:56.488-0500] {processor.py:826} INFO - Processing file /Users/abhishekpatkar/Documents/Projects/af_file_loader/venv/lib/python3.11/site-packages/airflow/example_dags/example_complex.py for tasks to queue
[2023-07-22T15:24:56.489-0500] {logging_mixin.py:150} INFO - [2023-07-22T15:24:56.488-0500] {dagbag.py:541} INFO - Filling up the DagBag from /Users/abhishekpatkar/Documents/Projects/af_file_loader/venv/lib/python3.11/site-packages/airflow/example_dags/example_complex.py
[2023-07-22T15:24:56.641-0500] {processor.py:836} INFO - DAG(s) dict_keys(['example_complex']) retrieved from /Users/abhishekpatkar/Documents/Projects/af_file_loader/venv/lib/python3.11/site-packages/airflow/example_dags/example_complex.py
[2023-07-22T15:24:57.348-0500] {logging_mixin.py:150} INFO - [2023-07-22T15:24:57.348-0500] {dag.py:2742} INFO - Sync 1 DAGs
[2023-07-22T15:24:57.371-0500] {logging_mixin.py:150} INFO - [2023-07-22T15:24:57.371-0500] {dag.py:3504} INFO - Setting next_dagrun for example_complex to None, run_after=None
[2023-07-22T15:24:57.411-0500] {processor.py:179} INFO - Processing /Users/abhishekpatkar/Documents/Projects/af_file_loader/venv/lib/python3.11/site-packages/airflow/example_dags/example_complex.py took 0.936 seconds
[2023-07-22T15:31:18.933-0500] {processor.py:157} INFO - Started process (PID=18794) to work on /Users/abhishekpatkar/Documents/Projects/af_file_loader/venv/lib/python3.11/site-packages/airflow/example_dags/example_complex.py
[2023-07-22T15:31:18.938-0500] {processor.py:826} INFO - Processing file /Users/abhishekpatkar/Documents/Projects/af_file_loader/venv/lib/python3.11/site-packages/airflow/example_dags/example_complex.py for tasks to queue
[2023-07-22T15:31:18.939-0500] {logging_mixin.py:150} INFO - [2023-07-22T15:31:18.939-0500] {dagbag.py:541} INFO - Filling up the DagBag from /Users/abhishekpatkar/Documents/Projects/af_file_loader/venv/lib/python3.11/site-packages/airflow/example_dags/example_complex.py
[2023-07-22T15:31:18.965-0500] {processor.py:836} INFO - DAG(s) dict_keys(['example_complex']) retrieved from /Users/abhishekpatkar/Documents/Projects/af_file_loader/venv/lib/python3.11/site-packages/airflow/example_dags/example_complex.py
[2023-07-22T15:31:19.598-0500] {logging_mixin.py:150} INFO - [2023-07-22T15:31:19.598-0500] {dag.py:2742} INFO - Sync 1 DAGs
[2023-07-22T15:31:19.613-0500] {logging_mixin.py:150} INFO - [2023-07-22T15:31:19.613-0500] {dag.py:3504} INFO - Setting next_dagrun for example_complex to None, run_after=None
[2023-07-22T15:31:19.635-0500] {processor.py:179} INFO - Processing /Users/abhishekpatkar/Documents/Projects/af_file_loader/venv/lib/python3.11/site-packages/airflow/example_dags/example_complex.py took 0.703 seconds
[2023-07-22T15:35:06.932-0500] {processor.py:157} INFO - Started process (PID=18944) to work on /Users/abhishekpatkar/Documents/Projects/af_file_loader/venv/lib/python3.11/site-packages/airflow/example_dags/example_complex.py
[2023-07-22T15:35:06.936-0500] {processor.py:826} INFO - Processing file /Users/abhishekpatkar/Documents/Projects/af_file_loader/venv/lib/python3.11/site-packages/airflow/example_dags/example_complex.py for tasks to queue
[2023-07-22T15:35:06.936-0500] {logging_mixin.py:150} INFO - [2023-07-22T15:35:06.936-0500] {dagbag.py:541} INFO - Filling up the DagBag from /Users/abhishekpatkar/Documents/Projects/af_file_loader/venv/lib/python3.11/site-packages/airflow/example_dags/example_complex.py
[2023-07-22T15:35:06.962-0500] {processor.py:836} INFO - DAG(s) dict_keys(['example_complex']) retrieved from /Users/abhishekpatkar/Documents/Projects/af_file_loader/venv/lib/python3.11/site-packages/airflow/example_dags/example_complex.py
[2023-07-22T15:35:07.692-0500] {logging_mixin.py:150} INFO - [2023-07-22T15:35:07.691-0500] {dag.py:2742} INFO - Sync 1 DAGs
[2023-07-22T15:35:07.707-0500] {logging_mixin.py:150} INFO - [2023-07-22T15:35:07.707-0500] {dag.py:3504} INFO - Setting next_dagrun for example_complex to None, run_after=None
[2023-07-22T15:35:07.733-0500] {processor.py:179} INFO - Processing /Users/abhishekpatkar/Documents/Projects/af_file_loader/venv/lib/python3.11/site-packages/airflow/example_dags/example_complex.py took 0.802 seconds
[2023-07-22T15:48:51.784-0500] {processor.py:157} INFO - Started process (PID=19458) to work on /Users/abhishekpatkar/Documents/Projects/af_file_loader/venv/lib/python3.11/site-packages/airflow/example_dags/example_complex.py
[2023-07-22T15:48:51.789-0500] {processor.py:826} INFO - Processing file /Users/abhishekpatkar/Documents/Projects/af_file_loader/venv/lib/python3.11/site-packages/airflow/example_dags/example_complex.py for tasks to queue
[2023-07-22T15:48:51.790-0500] {logging_mixin.py:150} INFO - [2023-07-22T15:48:51.789-0500] {dagbag.py:541} INFO - Filling up the DagBag from /Users/abhishekpatkar/Documents/Projects/af_file_loader/venv/lib/python3.11/site-packages/airflow/example_dags/example_complex.py
[2023-07-22T15:48:51.823-0500] {processor.py:836} INFO - DAG(s) dict_keys(['example_complex']) retrieved from /Users/abhishekpatkar/Documents/Projects/af_file_loader/venv/lib/python3.11/site-packages/airflow/example_dags/example_complex.py
[2023-07-22T15:48:52.764-0500] {logging_mixin.py:150} INFO - [2023-07-22T15:48:52.764-0500] {dag.py:2742} INFO - Sync 1 DAGs
[2023-07-22T15:48:52.784-0500] {logging_mixin.py:150} INFO - [2023-07-22T15:48:52.784-0500] {dag.py:3504} INFO - Setting next_dagrun for example_complex to None, run_after=None
[2023-07-22T15:48:52.807-0500] {processor.py:179} INFO - Processing /Users/abhishekpatkar/Documents/Projects/af_file_loader/venv/lib/python3.11/site-packages/airflow/example_dags/example_complex.py took 1.024 seconds
[2023-07-22T15:54:02.981-0500] {processor.py:157} INFO - Started process (PID=19887) to work on /Users/abhishekpatkar/Documents/Projects/af_file_loader/venv/lib/python3.11/site-packages/airflow/example_dags/example_complex.py
[2023-07-22T15:54:02.992-0500] {processor.py:826} INFO - Processing file /Users/abhishekpatkar/Documents/Projects/af_file_loader/venv/lib/python3.11/site-packages/airflow/example_dags/example_complex.py for tasks to queue
[2023-07-22T15:54:02.996-0500] {logging_mixin.py:150} INFO - [2023-07-22T15:54:02.995-0500] {dagbag.py:541} INFO - Filling up the DagBag from /Users/abhishekpatkar/Documents/Projects/af_file_loader/venv/lib/python3.11/site-packages/airflow/example_dags/example_complex.py
[2023-07-22T15:54:03.048-0500] {processor.py:836} INFO - DAG(s) dict_keys(['example_complex']) retrieved from /Users/abhishekpatkar/Documents/Projects/af_file_loader/venv/lib/python3.11/site-packages/airflow/example_dags/example_complex.py
[2023-07-22T15:54:04.163-0500] {logging_mixin.py:150} INFO - [2023-07-22T15:54:04.163-0500] {dag.py:2742} INFO - Sync 1 DAGs
[2023-07-22T15:54:04.189-0500] {logging_mixin.py:150} INFO - [2023-07-22T15:54:04.188-0500] {dag.py:3504} INFO - Setting next_dagrun for example_complex to None, run_after=None
[2023-07-22T15:54:04.225-0500] {processor.py:179} INFO - Processing /Users/abhishekpatkar/Documents/Projects/af_file_loader/venv/lib/python3.11/site-packages/airflow/example_dags/example_complex.py took 1.245 seconds
[2023-07-22T15:59:16.269-0500] {processor.py:157} INFO - Started process (PID=20273) to work on /Users/abhishekpatkar/Documents/Projects/af_file_loader/venv/lib/python3.11/site-packages/airflow/example_dags/example_complex.py
[2023-07-22T15:59:16.277-0500] {processor.py:826} INFO - Processing file /Users/abhishekpatkar/Documents/Projects/af_file_loader/venv/lib/python3.11/site-packages/airflow/example_dags/example_complex.py for tasks to queue
[2023-07-22T15:59:16.278-0500] {logging_mixin.py:150} INFO - [2023-07-22T15:59:16.277-0500] {dagbag.py:541} INFO - Filling up the DagBag from /Users/abhishekpatkar/Documents/Projects/af_file_loader/venv/lib/python3.11/site-packages/airflow/example_dags/example_complex.py
[2023-07-22T15:59:16.308-0500] {processor.py:836} INFO - DAG(s) dict_keys(['example_complex']) retrieved from /Users/abhishekpatkar/Documents/Projects/af_file_loader/venv/lib/python3.11/site-packages/airflow/example_dags/example_complex.py
[2023-07-22T15:59:17.618-0500] {logging_mixin.py:150} INFO - [2023-07-22T15:59:17.618-0500] {dag.py:2742} INFO - Sync 1 DAGs
[2023-07-22T15:59:17.651-0500] {logging_mixin.py:150} INFO - [2023-07-22T15:59:17.650-0500] {dag.py:3504} INFO - Setting next_dagrun for example_complex to None, run_after=None
[2023-07-22T15:59:17.688-0500] {processor.py:179} INFO - Processing /Users/abhishekpatkar/Documents/Projects/af_file_loader/venv/lib/python3.11/site-packages/airflow/example_dags/example_complex.py took 1.420 seconds
[2023-07-22T16:03:46.579-0500] {processor.py:157} INFO - Started process (PID=20437) to work on /Users/abhishekpatkar/Documents/Projects/af_file_loader/venv/lib/python3.11/site-packages/airflow/example_dags/example_complex.py
[2023-07-22T16:03:46.583-0500] {processor.py:826} INFO - Processing file /Users/abhishekpatkar/Documents/Projects/af_file_loader/venv/lib/python3.11/site-packages/airflow/example_dags/example_complex.py for tasks to queue
[2023-07-22T16:03:46.584-0500] {logging_mixin.py:150} INFO - [2023-07-22T16:03:46.584-0500] {dagbag.py:541} INFO - Filling up the DagBag from /Users/abhishekpatkar/Documents/Projects/af_file_loader/venv/lib/python3.11/site-packages/airflow/example_dags/example_complex.py
[2023-07-22T16:03:46.608-0500] {processor.py:836} INFO - DAG(s) dict_keys(['example_complex']) retrieved from /Users/abhishekpatkar/Documents/Projects/af_file_loader/venv/lib/python3.11/site-packages/airflow/example_dags/example_complex.py
[2023-07-22T16:03:47.247-0500] {logging_mixin.py:150} INFO - [2023-07-22T16:03:47.247-0500] {dag.py:2742} INFO - Sync 1 DAGs
[2023-07-22T16:03:47.263-0500] {logging_mixin.py:150} INFO - [2023-07-22T16:03:47.262-0500] {dag.py:3504} INFO - Setting next_dagrun for example_complex to None, run_after=None
[2023-07-22T16:03:47.281-0500] {processor.py:179} INFO - Processing /Users/abhishekpatkar/Documents/Projects/af_file_loader/venv/lib/python3.11/site-packages/airflow/example_dags/example_complex.py took 0.703 seconds
[2023-07-22T16:07:24.054-0500] {processor.py:157} INFO - Started process (PID=20613) to work on /Users/abhishekpatkar/Documents/Projects/af_file_loader/venv/lib/python3.11/site-packages/airflow/example_dags/example_complex.py
[2023-07-22T16:07:24.057-0500] {processor.py:826} INFO - Processing file /Users/abhishekpatkar/Documents/Projects/af_file_loader/venv/lib/python3.11/site-packages/airflow/example_dags/example_complex.py for tasks to queue
[2023-07-22T16:07:24.058-0500] {logging_mixin.py:150} INFO - [2023-07-22T16:07:24.058-0500] {dagbag.py:541} INFO - Filling up the DagBag from /Users/abhishekpatkar/Documents/Projects/af_file_loader/venv/lib/python3.11/site-packages/airflow/example_dags/example_complex.py
[2023-07-22T16:07:24.084-0500] {processor.py:836} INFO - DAG(s) dict_keys(['example_complex']) retrieved from /Users/abhishekpatkar/Documents/Projects/af_file_loader/venv/lib/python3.11/site-packages/airflow/example_dags/example_complex.py
[2023-07-22T16:07:24.756-0500] {logging_mixin.py:150} INFO - [2023-07-22T16:07:24.756-0500] {dag.py:2742} INFO - Sync 1 DAGs
[2023-07-22T16:07:24.771-0500] {logging_mixin.py:150} INFO - [2023-07-22T16:07:24.771-0500] {dag.py:3504} INFO - Setting next_dagrun for example_complex to None, run_after=None
[2023-07-22T16:07:24.790-0500] {processor.py:179} INFO - Processing /Users/abhishekpatkar/Documents/Projects/af_file_loader/venv/lib/python3.11/site-packages/airflow/example_dags/example_complex.py took 0.737 seconds
[2023-07-22T16:11:00.451-0500] {processor.py:157} INFO - Started process (PID=20754) to work on /Users/abhishekpatkar/Documents/Projects/af_file_loader/venv/lib/python3.11/site-packages/airflow/example_dags/example_complex.py
[2023-07-22T16:11:00.455-0500] {processor.py:826} INFO - Processing file /Users/abhishekpatkar/Documents/Projects/af_file_loader/venv/lib/python3.11/site-packages/airflow/example_dags/example_complex.py for tasks to queue
[2023-07-22T16:11:00.456-0500] {logging_mixin.py:150} INFO - [2023-07-22T16:11:00.455-0500] {dagbag.py:541} INFO - Filling up the DagBag from /Users/abhishekpatkar/Documents/Projects/af_file_loader/venv/lib/python3.11/site-packages/airflow/example_dags/example_complex.py
[2023-07-22T16:11:00.481-0500] {processor.py:836} INFO - DAG(s) dict_keys(['example_complex']) retrieved from /Users/abhishekpatkar/Documents/Projects/af_file_loader/venv/lib/python3.11/site-packages/airflow/example_dags/example_complex.py
[2023-07-22T16:11:01.164-0500] {logging_mixin.py:150} INFO - [2023-07-22T16:11:01.163-0500] {dag.py:2742} INFO - Sync 1 DAGs
[2023-07-22T16:11:01.179-0500] {logging_mixin.py:150} INFO - [2023-07-22T16:11:01.179-0500] {dag.py:3504} INFO - Setting next_dagrun for example_complex to None, run_after=None
[2023-07-22T16:11:01.197-0500] {processor.py:179} INFO - Processing /Users/abhishekpatkar/Documents/Projects/af_file_loader/venv/lib/python3.11/site-packages/airflow/example_dags/example_complex.py took 0.747 seconds
[2023-07-22T16:28:36.842-0500] {processor.py:157} INFO - Started process (PID=21049) to work on /Users/abhishekpatkar/Documents/Projects/af_file_loader/venv/lib/python3.11/site-packages/airflow/example_dags/example_complex.py
[2023-07-22T16:28:36.846-0500] {processor.py:826} INFO - Processing file /Users/abhishekpatkar/Documents/Projects/af_file_loader/venv/lib/python3.11/site-packages/airflow/example_dags/example_complex.py for tasks to queue
[2023-07-22T16:28:36.847-0500] {logging_mixin.py:150} INFO - [2023-07-22T16:28:36.846-0500] {dagbag.py:541} INFO - Filling up the DagBag from /Users/abhishekpatkar/Documents/Projects/af_file_loader/venv/lib/python3.11/site-packages/airflow/example_dags/example_complex.py
[2023-07-22T16:28:36.881-0500] {processor.py:836} INFO - DAG(s) dict_keys(['example_complex']) retrieved from /Users/abhishekpatkar/Documents/Projects/af_file_loader/venv/lib/python3.11/site-packages/airflow/example_dags/example_complex.py
[2023-07-22T16:28:37.868-0500] {logging_mixin.py:150} INFO - [2023-07-22T16:28:37.868-0500] {dag.py:2742} INFO - Sync 1 DAGs
[2023-07-22T16:28:37.913-0500] {logging_mixin.py:150} INFO - [2023-07-22T16:28:37.913-0500] {dag.py:3504} INFO - Setting next_dagrun for example_complex to None, run_after=None
[2023-07-22T16:28:37.941-0500] {processor.py:179} INFO - Processing /Users/abhishekpatkar/Documents/Projects/af_file_loader/venv/lib/python3.11/site-packages/airflow/example_dags/example_complex.py took 1.099 seconds
[2023-07-22T16:35:07.169-0500] {processor.py:157} INFO - Started process (PID=21256) to work on /Users/abhishekpatkar/Documents/Projects/af_file_loader/venv/lib/python3.11/site-packages/airflow/example_dags/example_complex.py
[2023-07-22T16:35:07.179-0500] {processor.py:826} INFO - Processing file /Users/abhishekpatkar/Documents/Projects/af_file_loader/venv/lib/python3.11/site-packages/airflow/example_dags/example_complex.py for tasks to queue
[2023-07-22T16:35:07.181-0500] {logging_mixin.py:150} INFO - [2023-07-22T16:35:07.180-0500] {dagbag.py:541} INFO - Filling up the DagBag from /Users/abhishekpatkar/Documents/Projects/af_file_loader/venv/lib/python3.11/site-packages/airflow/example_dags/example_complex.py
[2023-07-22T16:35:07.300-0500] {processor.py:836} INFO - DAG(s) dict_keys(['example_complex']) retrieved from /Users/abhishekpatkar/Documents/Projects/af_file_loader/venv/lib/python3.11/site-packages/airflow/example_dags/example_complex.py
[2023-07-22T16:35:08.830-0500] {logging_mixin.py:150} INFO - [2023-07-22T16:35:08.830-0500] {dag.py:2742} INFO - Sync 1 DAGs
[2023-07-22T16:35:08.857-0500] {logging_mixin.py:150} INFO - [2023-07-22T16:35:08.857-0500] {dag.py:3504} INFO - Setting next_dagrun for example_complex to None, run_after=None
[2023-07-22T16:35:08.886-0500] {processor.py:179} INFO - Processing /Users/abhishekpatkar/Documents/Projects/af_file_loader/venv/lib/python3.11/site-packages/airflow/example_dags/example_complex.py took 1.719 seconds
[2023-07-22T16:44:05.880-0500] {processor.py:157} INFO - Started process (PID=21585) to work on /Users/abhishekpatkar/Documents/Projects/af_file_loader/venv/lib/python3.11/site-packages/airflow/example_dags/example_complex.py
[2023-07-22T16:44:05.888-0500] {processor.py:826} INFO - Processing file /Users/abhishekpatkar/Documents/Projects/af_file_loader/venv/lib/python3.11/site-packages/airflow/example_dags/example_complex.py for tasks to queue
[2023-07-22T16:44:05.889-0500] {logging_mixin.py:150} INFO - [2023-07-22T16:44:05.889-0500] {dagbag.py:541} INFO - Filling up the DagBag from /Users/abhishekpatkar/Documents/Projects/af_file_loader/venv/lib/python3.11/site-packages/airflow/example_dags/example_complex.py
[2023-07-22T16:44:05.930-0500] {processor.py:836} INFO - DAG(s) dict_keys(['example_complex']) retrieved from /Users/abhishekpatkar/Documents/Projects/af_file_loader/venv/lib/python3.11/site-packages/airflow/example_dags/example_complex.py
[2023-07-22T16:44:07.263-0500] {logging_mixin.py:150} INFO - [2023-07-22T16:44:07.262-0500] {dag.py:2742} INFO - Sync 1 DAGs
[2023-07-22T16:44:07.297-0500] {logging_mixin.py:150} INFO - [2023-07-22T16:44:07.297-0500] {dag.py:3504} INFO - Setting next_dagrun for example_complex to None, run_after=None
[2023-07-22T16:44:07.332-0500] {processor.py:179} INFO - Processing /Users/abhishekpatkar/Documents/Projects/af_file_loader/venv/lib/python3.11/site-packages/airflow/example_dags/example_complex.py took 1.454 seconds
[2023-07-22T16:51:26.501-0500] {processor.py:157} INFO - Started process (PID=21807) to work on /Users/abhishekpatkar/Documents/Projects/af_file_loader/venv/lib/python3.11/site-packages/airflow/example_dags/example_complex.py
[2023-07-22T16:51:26.519-0500] {processor.py:826} INFO - Processing file /Users/abhishekpatkar/Documents/Projects/af_file_loader/venv/lib/python3.11/site-packages/airflow/example_dags/example_complex.py for tasks to queue
[2023-07-22T16:51:26.519-0500] {logging_mixin.py:150} INFO - [2023-07-22T16:51:26.519-0500] {dagbag.py:541} INFO - Filling up the DagBag from /Users/abhishekpatkar/Documents/Projects/af_file_loader/venv/lib/python3.11/site-packages/airflow/example_dags/example_complex.py
[2023-07-22T16:51:26.592-0500] {processor.py:836} INFO - DAG(s) dict_keys(['example_complex']) retrieved from /Users/abhishekpatkar/Documents/Projects/af_file_loader/venv/lib/python3.11/site-packages/airflow/example_dags/example_complex.py
[2023-07-22T16:51:28.265-0500] {logging_mixin.py:150} INFO - [2023-07-22T16:51:28.264-0500] {dag.py:2742} INFO - Sync 1 DAGs
[2023-07-22T16:51:28.306-0500] {logging_mixin.py:150} INFO - [2023-07-22T16:51:28.306-0500] {dag.py:3504} INFO - Setting next_dagrun for example_complex to None, run_after=None
[2023-07-22T16:51:28.336-0500] {processor.py:179} INFO - Processing /Users/abhishekpatkar/Documents/Projects/af_file_loader/venv/lib/python3.11/site-packages/airflow/example_dags/example_complex.py took 1.835 seconds
[2023-07-22T16:58:02.222-0500] {processor.py:157} INFO - Started process (PID=22024) to work on /Users/abhishekpatkar/Documents/Projects/af_file_loader/venv/lib/python3.11/site-packages/airflow/example_dags/example_complex.py
[2023-07-22T16:58:02.229-0500] {processor.py:826} INFO - Processing file /Users/abhishekpatkar/Documents/Projects/af_file_loader/venv/lib/python3.11/site-packages/airflow/example_dags/example_complex.py for tasks to queue
[2023-07-22T16:58:02.230-0500] {logging_mixin.py:150} INFO - [2023-07-22T16:58:02.230-0500] {dagbag.py:541} INFO - Filling up the DagBag from /Users/abhishekpatkar/Documents/Projects/af_file_loader/venv/lib/python3.11/site-packages/airflow/example_dags/example_complex.py
[2023-07-22T16:58:02.292-0500] {processor.py:836} INFO - DAG(s) dict_keys(['example_complex']) retrieved from /Users/abhishekpatkar/Documents/Projects/af_file_loader/venv/lib/python3.11/site-packages/airflow/example_dags/example_complex.py
[2023-07-22T16:58:03.510-0500] {logging_mixin.py:150} INFO - [2023-07-22T16:58:03.509-0500] {dag.py:2742} INFO - Sync 1 DAGs
[2023-07-22T16:58:03.532-0500] {logging_mixin.py:150} INFO - [2023-07-22T16:58:03.532-0500] {dag.py:3504} INFO - Setting next_dagrun for example_complex to None, run_after=None
[2023-07-22T16:58:03.556-0500] {processor.py:179} INFO - Processing /Users/abhishekpatkar/Documents/Projects/af_file_loader/venv/lib/python3.11/site-packages/airflow/example_dags/example_complex.py took 1.335 seconds
[2023-07-22T17:04:42.812-0500] {processor.py:157} INFO - Started process (PID=22292) to work on /Users/abhishekpatkar/Documents/Projects/af_file_loader/venv/lib/python3.11/site-packages/airflow/example_dags/example_complex.py
[2023-07-22T17:04:42.817-0500] {processor.py:826} INFO - Processing file /Users/abhishekpatkar/Documents/Projects/af_file_loader/venv/lib/python3.11/site-packages/airflow/example_dags/example_complex.py for tasks to queue
[2023-07-22T17:04:42.818-0500] {logging_mixin.py:150} INFO - [2023-07-22T17:04:42.818-0500] {dagbag.py:541} INFO - Filling up the DagBag from /Users/abhishekpatkar/Documents/Projects/af_file_loader/venv/lib/python3.11/site-packages/airflow/example_dags/example_complex.py
[2023-07-22T17:04:42.844-0500] {processor.py:836} INFO - DAG(s) dict_keys(['example_complex']) retrieved from /Users/abhishekpatkar/Documents/Projects/af_file_loader/venv/lib/python3.11/site-packages/airflow/example_dags/example_complex.py
[2023-07-22T17:04:43.584-0500] {logging_mixin.py:150} INFO - [2023-07-22T17:04:43.584-0500] {dag.py:2742} INFO - Sync 1 DAGs
[2023-07-22T17:04:43.603-0500] {logging_mixin.py:150} INFO - [2023-07-22T17:04:43.603-0500] {dag.py:3504} INFO - Setting next_dagrun for example_complex to None, run_after=None
[2023-07-22T17:04:43.626-0500] {processor.py:179} INFO - Processing /Users/abhishekpatkar/Documents/Projects/af_file_loader/venv/lib/python3.11/site-packages/airflow/example_dags/example_complex.py took 0.815 seconds
[2023-07-22T17:08:38.996-0500] {processor.py:157} INFO - Started process (PID=22449) to work on /Users/abhishekpatkar/Documents/Projects/af_file_loader/venv/lib/python3.11/site-packages/airflow/example_dags/example_complex.py
[2023-07-22T17:08:39.005-0500] {processor.py:826} INFO - Processing file /Users/abhishekpatkar/Documents/Projects/af_file_loader/venv/lib/python3.11/site-packages/airflow/example_dags/example_complex.py for tasks to queue
[2023-07-22T17:08:39.005-0500] {logging_mixin.py:150} INFO - [2023-07-22T17:08:39.005-0500] {dagbag.py:541} INFO - Filling up the DagBag from /Users/abhishekpatkar/Documents/Projects/af_file_loader/venv/lib/python3.11/site-packages/airflow/example_dags/example_complex.py
[2023-07-22T17:08:39.044-0500] {processor.py:836} INFO - DAG(s) dict_keys(['example_complex']) retrieved from /Users/abhishekpatkar/Documents/Projects/af_file_loader/venv/lib/python3.11/site-packages/airflow/example_dags/example_complex.py
[2023-07-22T17:08:39.808-0500] {logging_mixin.py:150} INFO - [2023-07-22T17:08:39.808-0500] {dag.py:2742} INFO - Sync 1 DAGs
[2023-07-22T17:08:39.826-0500] {logging_mixin.py:150} INFO - [2023-07-22T17:08:39.826-0500] {dag.py:3504} INFO - Setting next_dagrun for example_complex to None, run_after=None
[2023-07-22T17:08:39.847-0500] {processor.py:179} INFO - Processing /Users/abhishekpatkar/Documents/Projects/af_file_loader/venv/lib/python3.11/site-packages/airflow/example_dags/example_complex.py took 0.853 seconds
[2023-07-22T17:12:39.575-0500] {processor.py:157} INFO - Started process (PID=22606) to work on /Users/abhishekpatkar/Documents/Projects/af_file_loader/venv/lib/python3.11/site-packages/airflow/example_dags/example_complex.py
[2023-07-22T17:12:39.580-0500] {processor.py:826} INFO - Processing file /Users/abhishekpatkar/Documents/Projects/af_file_loader/venv/lib/python3.11/site-packages/airflow/example_dags/example_complex.py for tasks to queue
[2023-07-22T17:12:39.580-0500] {logging_mixin.py:150} INFO - [2023-07-22T17:12:39.580-0500] {dagbag.py:541} INFO - Filling up the DagBag from /Users/abhishekpatkar/Documents/Projects/af_file_loader/venv/lib/python3.11/site-packages/airflow/example_dags/example_complex.py
[2023-07-22T17:12:39.611-0500] {processor.py:836} INFO - DAG(s) dict_keys(['example_complex']) retrieved from /Users/abhishekpatkar/Documents/Projects/af_file_loader/venv/lib/python3.11/site-packages/airflow/example_dags/example_complex.py
[2023-07-22T17:12:40.383-0500] {logging_mixin.py:150} INFO - [2023-07-22T17:12:40.382-0500] {dag.py:2742} INFO - Sync 1 DAGs
[2023-07-22T17:12:40.400-0500] {logging_mixin.py:150} INFO - [2023-07-22T17:12:40.400-0500] {dag.py:3504} INFO - Setting next_dagrun for example_complex to None, run_after=None
[2023-07-22T17:12:40.419-0500] {processor.py:179} INFO - Processing /Users/abhishekpatkar/Documents/Projects/af_file_loader/venv/lib/python3.11/site-packages/airflow/example_dags/example_complex.py took 0.845 seconds
[2023-07-22T17:16:38.279-0500] {processor.py:157} INFO - Started process (PID=22756) to work on /Users/abhishekpatkar/Documents/Projects/af_file_loader/venv/lib/python3.11/site-packages/airflow/example_dags/example_complex.py
[2023-07-22T17:16:38.284-0500] {processor.py:826} INFO - Processing file /Users/abhishekpatkar/Documents/Projects/af_file_loader/venv/lib/python3.11/site-packages/airflow/example_dags/example_complex.py for tasks to queue
[2023-07-22T17:16:38.285-0500] {logging_mixin.py:150} INFO - [2023-07-22T17:16:38.284-0500] {dagbag.py:541} INFO - Filling up the DagBag from /Users/abhishekpatkar/Documents/Projects/af_file_loader/venv/lib/python3.11/site-packages/airflow/example_dags/example_complex.py
[2023-07-22T17:16:38.315-0500] {processor.py:836} INFO - DAG(s) dict_keys(['example_complex']) retrieved from /Users/abhishekpatkar/Documents/Projects/af_file_loader/venv/lib/python3.11/site-packages/airflow/example_dags/example_complex.py
[2023-07-22T17:16:39.077-0500] {logging_mixin.py:150} INFO - [2023-07-22T17:16:39.076-0500] {dag.py:2742} INFO - Sync 1 DAGs
[2023-07-22T17:16:39.097-0500] {logging_mixin.py:150} INFO - [2023-07-22T17:16:39.097-0500] {dag.py:3504} INFO - Setting next_dagrun for example_complex to None, run_after=None
[2023-07-22T17:16:39.120-0500] {processor.py:179} INFO - Processing /Users/abhishekpatkar/Documents/Projects/af_file_loader/venv/lib/python3.11/site-packages/airflow/example_dags/example_complex.py took 0.842 seconds
[2023-07-22T17:21:32.160-0500] {processor.py:157} INFO - Started process (PID=22996) to work on /Users/abhishekpatkar/Documents/Projects/af_file_loader/venv/lib/python3.11/site-packages/airflow/example_dags/example_complex.py
[2023-07-22T17:21:32.165-0500] {processor.py:826} INFO - Processing file /Users/abhishekpatkar/Documents/Projects/af_file_loader/venv/lib/python3.11/site-packages/airflow/example_dags/example_complex.py for tasks to queue
[2023-07-22T17:21:32.165-0500] {logging_mixin.py:150} INFO - [2023-07-22T17:21:32.165-0500] {dagbag.py:541} INFO - Filling up the DagBag from /Users/abhishekpatkar/Documents/Projects/af_file_loader/venv/lib/python3.11/site-packages/airflow/example_dags/example_complex.py
[2023-07-22T17:21:32.192-0500] {processor.py:836} INFO - DAG(s) dict_keys(['example_complex']) retrieved from /Users/abhishekpatkar/Documents/Projects/af_file_loader/venv/lib/python3.11/site-packages/airflow/example_dags/example_complex.py
[2023-07-22T17:21:32.937-0500] {logging_mixin.py:150} INFO - [2023-07-22T17:21:32.937-0500] {dag.py:2742} INFO - Sync 1 DAGs
[2023-07-22T17:21:32.954-0500] {logging_mixin.py:150} INFO - [2023-07-22T17:21:32.954-0500] {dag.py:3504} INFO - Setting next_dagrun for example_complex to None, run_after=None
[2023-07-22T17:21:32.975-0500] {processor.py:179} INFO - Processing /Users/abhishekpatkar/Documents/Projects/af_file_loader/venv/lib/python3.11/site-packages/airflow/example_dags/example_complex.py took 0.816 seconds
[2023-07-22T17:29:48.765-0500] {processor.py:157} INFO - Started process (PID=23316) to work on /Users/abhishekpatkar/Documents/Projects/af_file_loader/venv/lib/python3.11/site-packages/airflow/example_dags/example_complex.py
[2023-07-22T17:29:48.769-0500] {processor.py:826} INFO - Processing file /Users/abhishekpatkar/Documents/Projects/af_file_loader/venv/lib/python3.11/site-packages/airflow/example_dags/example_complex.py for tasks to queue
[2023-07-22T17:29:48.770-0500] {logging_mixin.py:150} INFO - [2023-07-22T17:29:48.770-0500] {dagbag.py:541} INFO - Filling up the DagBag from /Users/abhishekpatkar/Documents/Projects/af_file_loader/venv/lib/python3.11/site-packages/airflow/example_dags/example_complex.py
[2023-07-22T17:29:48.798-0500] {processor.py:836} INFO - DAG(s) dict_keys(['example_complex']) retrieved from /Users/abhishekpatkar/Documents/Projects/af_file_loader/venv/lib/python3.11/site-packages/airflow/example_dags/example_complex.py
[2023-07-22T17:29:49.489-0500] {logging_mixin.py:150} INFO - [2023-07-22T17:29:49.487-0500] {dag.py:2742} INFO - Sync 1 DAGs
[2023-07-22T17:29:49.523-0500] {logging_mixin.py:150} INFO - [2023-07-22T17:29:49.522-0500] {dag.py:3504} INFO - Setting next_dagrun for example_complex to None, run_after=None
[2023-07-22T17:29:49.542-0500] {processor.py:179} INFO - Processing /Users/abhishekpatkar/Documents/Projects/af_file_loader/venv/lib/python3.11/site-packages/airflow/example_dags/example_complex.py took 0.778 seconds
[2023-07-22T17:33:59.375-0500] {processor.py:157} INFO - Started process (PID=23498) to work on /Users/abhishekpatkar/Documents/Projects/af_file_loader/venv/lib/python3.11/site-packages/airflow/example_dags/example_complex.py
[2023-07-22T17:33:59.380-0500] {processor.py:826} INFO - Processing file /Users/abhishekpatkar/Documents/Projects/af_file_loader/venv/lib/python3.11/site-packages/airflow/example_dags/example_complex.py for tasks to queue
[2023-07-22T17:33:59.380-0500] {logging_mixin.py:150} INFO - [2023-07-22T17:33:59.380-0500] {dagbag.py:541} INFO - Filling up the DagBag from /Users/abhishekpatkar/Documents/Projects/af_file_loader/venv/lib/python3.11/site-packages/airflow/example_dags/example_complex.py
[2023-07-22T17:33:59.406-0500] {processor.py:836} INFO - DAG(s) dict_keys(['example_complex']) retrieved from /Users/abhishekpatkar/Documents/Projects/af_file_loader/venv/lib/python3.11/site-packages/airflow/example_dags/example_complex.py
[2023-07-22T17:34:00.141-0500] {logging_mixin.py:150} INFO - [2023-07-22T17:34:00.141-0500] {dag.py:2742} INFO - Sync 1 DAGs
[2023-07-22T17:34:00.157-0500] {logging_mixin.py:150} INFO - [2023-07-22T17:34:00.157-0500] {dag.py:3504} INFO - Setting next_dagrun for example_complex to None, run_after=None
[2023-07-22T17:34:00.175-0500] {processor.py:179} INFO - Processing /Users/abhishekpatkar/Documents/Projects/af_file_loader/venv/lib/python3.11/site-packages/airflow/example_dags/example_complex.py took 0.801 seconds
[2023-07-22T17:40:23.039-0500] {processor.py:157} INFO - Started process (PID=23746) to work on /Users/abhishekpatkar/Documents/Projects/af_file_loader/venv/lib/python3.11/site-packages/airflow/example_dags/example_complex.py
[2023-07-22T17:40:23.047-0500] {processor.py:826} INFO - Processing file /Users/abhishekpatkar/Documents/Projects/af_file_loader/venv/lib/python3.11/site-packages/airflow/example_dags/example_complex.py for tasks to queue
[2023-07-22T17:40:23.049-0500] {logging_mixin.py:150} INFO - [2023-07-22T17:40:23.048-0500] {dagbag.py:541} INFO - Filling up the DagBag from /Users/abhishekpatkar/Documents/Projects/af_file_loader/venv/lib/python3.11/site-packages/airflow/example_dags/example_complex.py
[2023-07-22T17:40:23.133-0500] {processor.py:836} INFO - DAG(s) dict_keys(['example_complex']) retrieved from /Users/abhishekpatkar/Documents/Projects/af_file_loader/venv/lib/python3.11/site-packages/airflow/example_dags/example_complex.py
[2023-07-22T17:40:25.381-0500] {logging_mixin.py:150} INFO - [2023-07-22T17:40:25.380-0500] {dag.py:2742} INFO - Sync 1 DAGs
[2023-07-22T17:40:25.455-0500] {logging_mixin.py:150} INFO - [2023-07-22T17:40:25.454-0500] {dag.py:3504} INFO - Setting next_dagrun for example_complex to None, run_after=None
[2023-07-22T17:40:25.493-0500] {processor.py:179} INFO - Processing /Users/abhishekpatkar/Documents/Projects/af_file_loader/venv/lib/python3.11/site-packages/airflow/example_dags/example_complex.py took 2.457 seconds
[2023-07-22T17:49:23.367-0500] {processor.py:157} INFO - Started process (PID=24125) to work on /Users/abhishekpatkar/Documents/Projects/af_file_loader/venv/lib/python3.11/site-packages/airflow/example_dags/example_complex.py
[2023-07-22T17:49:23.375-0500] {processor.py:826} INFO - Processing file /Users/abhishekpatkar/Documents/Projects/af_file_loader/venv/lib/python3.11/site-packages/airflow/example_dags/example_complex.py for tasks to queue
[2023-07-22T17:49:23.376-0500] {logging_mixin.py:150} INFO - [2023-07-22T17:49:23.376-0500] {dagbag.py:541} INFO - Filling up the DagBag from /Users/abhishekpatkar/Documents/Projects/af_file_loader/venv/lib/python3.11/site-packages/airflow/example_dags/example_complex.py
[2023-07-22T17:49:23.488-0500] {processor.py:836} INFO - DAG(s) dict_keys(['example_complex']) retrieved from /Users/abhishekpatkar/Documents/Projects/af_file_loader/venv/lib/python3.11/site-packages/airflow/example_dags/example_complex.py
[2023-07-22T17:49:25.013-0500] {logging_mixin.py:150} INFO - [2023-07-22T17:49:25.013-0500] {dag.py:2742} INFO - Sync 1 DAGs
[2023-07-22T17:49:25.042-0500] {logging_mixin.py:150} INFO - [2023-07-22T17:49:25.041-0500] {dag.py:3504} INFO - Setting next_dagrun for example_complex to None, run_after=None
[2023-07-22T17:49:25.073-0500] {processor.py:179} INFO - Processing /Users/abhishekpatkar/Documents/Projects/af_file_loader/venv/lib/python3.11/site-packages/airflow/example_dags/example_complex.py took 1.708 seconds
[2023-07-22T17:54:06.259-0500] {processor.py:157} INFO - Started process (PID=24404) to work on /Users/abhishekpatkar/Documents/Projects/af_file_loader/venv/lib/python3.11/site-packages/airflow/example_dags/example_complex.py
[2023-07-22T17:54:06.263-0500] {processor.py:826} INFO - Processing file /Users/abhishekpatkar/Documents/Projects/af_file_loader/venv/lib/python3.11/site-packages/airflow/example_dags/example_complex.py for tasks to queue
[2023-07-22T17:54:06.264-0500] {logging_mixin.py:150} INFO - [2023-07-22T17:54:06.264-0500] {dagbag.py:541} INFO - Filling up the DagBag from /Users/abhishekpatkar/Documents/Projects/af_file_loader/venv/lib/python3.11/site-packages/airflow/example_dags/example_complex.py
[2023-07-22T17:54:06.371-0500] {processor.py:836} INFO - DAG(s) dict_keys(['example_complex']) retrieved from /Users/abhishekpatkar/Documents/Projects/af_file_loader/venv/lib/python3.11/site-packages/airflow/example_dags/example_complex.py
[2023-07-22T17:54:07.685-0500] {logging_mixin.py:150} INFO - [2023-07-22T17:54:07.685-0500] {dag.py:2742} INFO - Sync 1 DAGs
[2023-07-22T17:54:07.711-0500] {logging_mixin.py:150} INFO - [2023-07-22T17:54:07.711-0500] {dag.py:3504} INFO - Setting next_dagrun for example_complex to None, run_after=None
[2023-07-22T17:54:07.742-0500] {processor.py:179} INFO - Processing /Users/abhishekpatkar/Documents/Projects/af_file_loader/venv/lib/python3.11/site-packages/airflow/example_dags/example_complex.py took 1.485 seconds
[2023-07-22T18:03:50.323-0500] {processor.py:157} INFO - Started process (PID=24806) to work on /Users/abhishekpatkar/Documents/Projects/af_file_loader/venv/lib/python3.11/site-packages/airflow/example_dags/example_complex.py
[2023-07-22T18:03:50.331-0500] {processor.py:826} INFO - Processing file /Users/abhishekpatkar/Documents/Projects/af_file_loader/venv/lib/python3.11/site-packages/airflow/example_dags/example_complex.py for tasks to queue
[2023-07-22T18:03:50.332-0500] {logging_mixin.py:150} INFO - [2023-07-22T18:03:50.332-0500] {dagbag.py:541} INFO - Filling up the DagBag from /Users/abhishekpatkar/Documents/Projects/af_file_loader/venv/lib/python3.11/site-packages/airflow/example_dags/example_complex.py
[2023-07-22T18:03:50.416-0500] {processor.py:836} INFO - DAG(s) dict_keys(['example_complex']) retrieved from /Users/abhishekpatkar/Documents/Projects/af_file_loader/venv/lib/python3.11/site-packages/airflow/example_dags/example_complex.py
[2023-07-22T18:03:51.439-0500] {logging_mixin.py:150} INFO - [2023-07-22T18:03:51.439-0500] {dag.py:2742} INFO - Sync 1 DAGs
[2023-07-22T18:03:51.463-0500] {logging_mixin.py:150} INFO - [2023-07-22T18:03:51.462-0500] {dag.py:3504} INFO - Setting next_dagrun for example_complex to None, run_after=None
[2023-07-22T18:03:51.488-0500] {processor.py:179} INFO - Processing /Users/abhishekpatkar/Documents/Projects/af_file_loader/venv/lib/python3.11/site-packages/airflow/example_dags/example_complex.py took 1.166 seconds
