[2023-07-22T14:50:17.900-0500] {processor.py:157} INFO - Started process (PID=16570) to work on /Users/abhishekpatkar/Documents/Projects/af_file_loader/venv/lib/python3.11/site-packages/airflow/example_dags/example_xcom.py
[2023-07-22T14:50:17.907-0500] {processor.py:826} INFO - Processing file /Users/abhishekpatkar/Documents/Projects/af_file_loader/venv/lib/python3.11/site-packages/airflow/example_dags/example_xcom.py for tasks to queue
[2023-07-22T14:50:17.909-0500] {logging_mixin.py:150} INFO - [2023-07-22T14:50:17.908-0500] {dagbag.py:541} INFO - Filling up the DagBag from /Users/abhishekpatkar/Documents/Projects/af_file_loader/venv/lib/python3.11/site-packages/airflow/example_dags/example_xcom.py
[2023-07-22T14:50:18.069-0500] {processor.py:836} INFO - DAG(s) dict_keys(['example_xcom']) retrieved from /Users/abhishekpatkar/Documents/Projects/af_file_loader/venv/lib/python3.11/site-packages/airflow/example_dags/example_xcom.py
[2023-07-22T14:50:19.231-0500] {logging_mixin.py:150} INFO - [2023-07-22T14:50:19.231-0500] {manager.py:504} INFO - Created Permission View: can edit on DAG:example_xcom
[2023-07-22T14:50:19.249-0500] {logging_mixin.py:150} INFO - [2023-07-22T14:50:19.249-0500] {manager.py:504} INFO - Created Permission View: can delete on DAG:example_xcom
[2023-07-22T14:50:19.261-0500] {logging_mixin.py:150} INFO - [2023-07-22T14:50:19.261-0500] {manager.py:504} INFO - Created Permission View: can read on DAG:example_xcom
[2023-07-22T14:50:19.278-0500] {logging_mixin.py:150} INFO - [2023-07-22T14:50:19.278-0500] {dag.py:2742} INFO - Sync 1 DAGs
[2023-07-22T14:50:19.288-0500] {logging_mixin.py:150} INFO - [2023-07-22T14:50:19.288-0500] {dag.py:2763} INFO - Creating ORM DAG for example_xcom
[2023-07-22T14:50:19.300-0500] {logging_mixin.py:150} INFO - [2023-07-22T14:50:19.300-0500] {dag.py:3504} INFO - Setting next_dagrun for example_xcom to 2021-01-01T00:00:00+00:00, run_after=2021-01-01T00:00:00+00:00
[2023-07-22T14:50:19.320-0500] {processor.py:179} INFO - Processing /Users/abhishekpatkar/Documents/Projects/af_file_loader/venv/lib/python3.11/site-packages/airflow/example_dags/example_xcom.py took 1.422 seconds
[2023-07-22T14:53:46.562-0500] {processor.py:157} INFO - Started process (PID=16746) to work on /Users/abhishekpatkar/Documents/Projects/af_file_loader/venv/lib/python3.11/site-packages/airflow/example_dags/example_xcom.py
[2023-07-22T14:53:46.567-0500] {processor.py:826} INFO - Processing file /Users/abhishekpatkar/Documents/Projects/af_file_loader/venv/lib/python3.11/site-packages/airflow/example_dags/example_xcom.py for tasks to queue
[2023-07-22T14:53:46.568-0500] {logging_mixin.py:150} INFO - [2023-07-22T14:53:46.568-0500] {dagbag.py:541} INFO - Filling up the DagBag from /Users/abhishekpatkar/Documents/Projects/af_file_loader/venv/lib/python3.11/site-packages/airflow/example_dags/example_xcom.py
[2023-07-22T14:53:46.724-0500] {processor.py:836} INFO - DAG(s) dict_keys(['example_xcom']) retrieved from /Users/abhishekpatkar/Documents/Projects/af_file_loader/venv/lib/python3.11/site-packages/airflow/example_dags/example_xcom.py
[2023-07-22T14:53:47.678-0500] {logging_mixin.py:150} INFO - [2023-07-22T14:53:47.677-0500] {dag.py:2742} INFO - Sync 1 DAGs
[2023-07-22T14:53:47.696-0500] {logging_mixin.py:150} INFO - [2023-07-22T14:53:47.696-0500] {dag.py:3504} INFO - Setting next_dagrun for example_xcom to 2021-01-01T00:00:00+00:00, run_after=2021-01-01T00:00:00+00:00
[2023-07-22T14:53:47.728-0500] {processor.py:179} INFO - Processing /Users/abhishekpatkar/Documents/Projects/af_file_loader/venv/lib/python3.11/site-packages/airflow/example_dags/example_xcom.py took 1.168 seconds
[2023-07-22T14:56:33.518-0500] {processor.py:157} INFO - Started process (PID=16949) to work on /Users/abhishekpatkar/Documents/Projects/af_file_loader/venv/lib/python3.11/site-packages/airflow/example_dags/example_xcom.py
[2023-07-22T14:56:33.523-0500] {processor.py:826} INFO - Processing file /Users/abhishekpatkar/Documents/Projects/af_file_loader/venv/lib/python3.11/site-packages/airflow/example_dags/example_xcom.py for tasks to queue
[2023-07-22T14:56:33.525-0500] {logging_mixin.py:150} INFO - [2023-07-22T14:56:33.525-0500] {dagbag.py:541} INFO - Filling up the DagBag from /Users/abhishekpatkar/Documents/Projects/af_file_loader/venv/lib/python3.11/site-packages/airflow/example_dags/example_xcom.py
[2023-07-22T14:56:33.640-0500] {processor.py:836} INFO - DAG(s) dict_keys(['example_xcom']) retrieved from /Users/abhishekpatkar/Documents/Projects/af_file_loader/venv/lib/python3.11/site-packages/airflow/example_dags/example_xcom.py
[2023-07-22T14:56:34.686-0500] {logging_mixin.py:150} INFO - [2023-07-22T14:56:34.685-0500] {dag.py:2742} INFO - Sync 1 DAGs
[2023-07-22T14:56:34.734-0500] {logging_mixin.py:150} INFO - [2023-07-22T14:56:34.734-0500] {dag.py:3504} INFO - Setting next_dagrun for example_xcom to 2021-01-01T00:00:00+00:00, run_after=2021-01-01T00:00:00+00:00
[2023-07-22T14:56:34.785-0500] {processor.py:179} INFO - Processing /Users/abhishekpatkar/Documents/Projects/af_file_loader/venv/lib/python3.11/site-packages/airflow/example_dags/example_xcom.py took 1.267 seconds
[2023-07-22T14:59:03.309-0500] {processor.py:157} INFO - Started process (PID=17042) to work on /Users/abhishekpatkar/Documents/Projects/af_file_loader/venv/lib/python3.11/site-packages/airflow/example_dags/example_xcom.py
[2023-07-22T14:59:03.313-0500] {processor.py:826} INFO - Processing file /Users/abhishekpatkar/Documents/Projects/af_file_loader/venv/lib/python3.11/site-packages/airflow/example_dags/example_xcom.py for tasks to queue
[2023-07-22T14:59:03.314-0500] {logging_mixin.py:150} INFO - [2023-07-22T14:59:03.314-0500] {dagbag.py:541} INFO - Filling up the DagBag from /Users/abhishekpatkar/Documents/Projects/af_file_loader/venv/lib/python3.11/site-packages/airflow/example_dags/example_xcom.py
[2023-07-22T14:59:03.398-0500] {processor.py:836} INFO - DAG(s) dict_keys(['example_xcom']) retrieved from /Users/abhishekpatkar/Documents/Projects/af_file_loader/venv/lib/python3.11/site-packages/airflow/example_dags/example_xcom.py
[2023-07-22T14:59:04.002-0500] {logging_mixin.py:150} INFO - [2023-07-22T14:59:04.001-0500] {dag.py:2742} INFO - Sync 1 DAGs
[2023-07-22T14:59:04.022-0500] {logging_mixin.py:150} INFO - [2023-07-22T14:59:04.021-0500] {dag.py:3504} INFO - Setting next_dagrun for example_xcom to 2021-01-01T00:00:00+00:00, run_after=2021-01-01T00:00:00+00:00
[2023-07-22T14:59:04.043-0500] {processor.py:179} INFO - Processing /Users/abhishekpatkar/Documents/Projects/af_file_loader/venv/lib/python3.11/site-packages/airflow/example_dags/example_xcom.py took 0.735 seconds
[2023-07-22T15:01:24.741-0500] {processor.py:157} INFO - Started process (PID=17123) to work on /Users/abhishekpatkar/Documents/Projects/af_file_loader/venv/lib/python3.11/site-packages/airflow/example_dags/example_xcom.py
[2023-07-22T15:01:24.748-0500] {processor.py:826} INFO - Processing file /Users/abhishekpatkar/Documents/Projects/af_file_loader/venv/lib/python3.11/site-packages/airflow/example_dags/example_xcom.py for tasks to queue
[2023-07-22T15:01:24.749-0500] {logging_mixin.py:150} INFO - [2023-07-22T15:01:24.748-0500] {dagbag.py:541} INFO - Filling up the DagBag from /Users/abhishekpatkar/Documents/Projects/af_file_loader/venv/lib/python3.11/site-packages/airflow/example_dags/example_xcom.py
[2023-07-22T15:01:24.883-0500] {processor.py:836} INFO - DAG(s) dict_keys(['example_xcom']) retrieved from /Users/abhishekpatkar/Documents/Projects/af_file_loader/venv/lib/python3.11/site-packages/airflow/example_dags/example_xcom.py
[2023-07-22T15:01:25.818-0500] {logging_mixin.py:150} INFO - [2023-07-22T15:01:25.818-0500] {dag.py:2742} INFO - Sync 1 DAGs
[2023-07-22T15:01:25.838-0500] {logging_mixin.py:150} INFO - [2023-07-22T15:01:25.838-0500] {dag.py:3504} INFO - Setting next_dagrun for example_xcom to 2021-01-01T00:00:00+00:00, run_after=2021-01-01T00:00:00+00:00
[2023-07-22T15:01:25.859-0500] {processor.py:179} INFO - Processing /Users/abhishekpatkar/Documents/Projects/af_file_loader/venv/lib/python3.11/site-packages/airflow/example_dags/example_xcom.py took 1.120 seconds
[2023-07-22T15:04:00.000-0500] {processor.py:157} INFO - Started process (PID=17426) to work on /Users/abhishekpatkar/Documents/Projects/af_file_loader/venv/lib/python3.11/site-packages/airflow/example_dags/example_xcom.py
[2023-07-22T15:04:00.008-0500] {processor.py:826} INFO - Processing file /Users/abhishekpatkar/Documents/Projects/af_file_loader/venv/lib/python3.11/site-packages/airflow/example_dags/example_xcom.py for tasks to queue
[2023-07-22T15:04:00.009-0500] {logging_mixin.py:150} INFO - [2023-07-22T15:04:00.009-0500] {dagbag.py:541} INFO - Filling up the DagBag from /Users/abhishekpatkar/Documents/Projects/af_file_loader/venv/lib/python3.11/site-packages/airflow/example_dags/example_xcom.py
[2023-07-22T15:04:00.175-0500] {processor.py:836} INFO - DAG(s) dict_keys(['example_xcom']) retrieved from /Users/abhishekpatkar/Documents/Projects/af_file_loader/venv/lib/python3.11/site-packages/airflow/example_dags/example_xcom.py
[2023-07-22T15:04:01.034-0500] {logging_mixin.py:150} INFO - [2023-07-22T15:04:01.034-0500] {dag.py:2742} INFO - Sync 1 DAGs
[2023-07-22T15:04:01.059-0500] {logging_mixin.py:150} INFO - [2023-07-22T15:04:01.059-0500] {dag.py:3504} INFO - Setting next_dagrun for example_xcom to 2021-01-01T00:00:00+00:00, run_after=2021-01-01T00:00:00+00:00
[2023-07-22T15:04:01.083-0500] {processor.py:179} INFO - Processing /Users/abhishekpatkar/Documents/Projects/af_file_loader/venv/lib/python3.11/site-packages/airflow/example_dags/example_xcom.py took 1.085 seconds
[2023-07-22T15:07:59.293-0500] {processor.py:157} INFO - Started process (PID=17687) to work on /Users/abhishekpatkar/Documents/Projects/af_file_loader/venv/lib/python3.11/site-packages/airflow/example_dags/example_xcom.py
[2023-07-22T15:07:59.308-0500] {processor.py:826} INFO - Processing file /Users/abhishekpatkar/Documents/Projects/af_file_loader/venv/lib/python3.11/site-packages/airflow/example_dags/example_xcom.py for tasks to queue
[2023-07-22T15:07:59.309-0500] {logging_mixin.py:150} INFO - [2023-07-22T15:07:59.309-0500] {dagbag.py:541} INFO - Filling up the DagBag from /Users/abhishekpatkar/Documents/Projects/af_file_loader/venv/lib/python3.11/site-packages/airflow/example_dags/example_xcom.py
[2023-07-22T15:07:59.952-0500] {processor.py:836} INFO - DAG(s) dict_keys(['example_xcom']) retrieved from /Users/abhishekpatkar/Documents/Projects/af_file_loader/venv/lib/python3.11/site-packages/airflow/example_dags/example_xcom.py
[2023-07-22T15:08:04.936-0500] {logging_mixin.py:150} INFO - [2023-07-22T15:08:04.936-0500] {dag.py:2742} INFO - Sync 1 DAGs
[2023-07-22T15:08:05.024-0500] {logging_mixin.py:150} INFO - [2023-07-22T15:08:05.024-0500] {dag.py:3504} INFO - Setting next_dagrun for example_xcom to 2021-01-01T00:00:00+00:00, run_after=2021-01-01T00:00:00+00:00
[2023-07-22T15:08:05.077-0500] {processor.py:179} INFO - Processing /Users/abhishekpatkar/Documents/Projects/af_file_loader/venv/lib/python3.11/site-packages/airflow/example_dags/example_xcom.py took 5.785 seconds
[2023-07-22T15:12:32.872-0500] {processor.py:157} INFO - Started process (PID=17868) to work on /Users/abhishekpatkar/Documents/Projects/af_file_loader/venv/lib/python3.11/site-packages/airflow/example_dags/example_xcom.py
[2023-07-22T15:12:32.879-0500] {processor.py:826} INFO - Processing file /Users/abhishekpatkar/Documents/Projects/af_file_loader/venv/lib/python3.11/site-packages/airflow/example_dags/example_xcom.py for tasks to queue
[2023-07-22T15:12:32.880-0500] {logging_mixin.py:150} INFO - [2023-07-22T15:12:32.879-0500] {dagbag.py:541} INFO - Filling up the DagBag from /Users/abhishekpatkar/Documents/Projects/af_file_loader/venv/lib/python3.11/site-packages/airflow/example_dags/example_xcom.py
[2023-07-22T15:12:32.996-0500] {processor.py:836} INFO - DAG(s) dict_keys(['example_xcom']) retrieved from /Users/abhishekpatkar/Documents/Projects/af_file_loader/venv/lib/python3.11/site-packages/airflow/example_dags/example_xcom.py
[2023-07-22T15:12:34.007-0500] {logging_mixin.py:150} INFO - [2023-07-22T15:12:34.007-0500] {dag.py:2742} INFO - Sync 1 DAGs
[2023-07-22T15:12:34.025-0500] {logging_mixin.py:150} INFO - [2023-07-22T15:12:34.025-0500] {dag.py:3504} INFO - Setting next_dagrun for example_xcom to 2021-01-01T00:00:00+00:00, run_after=2021-01-01T00:00:00+00:00
[2023-07-22T15:12:34.048-0500] {processor.py:179} INFO - Processing /Users/abhishekpatkar/Documents/Projects/af_file_loader/venv/lib/python3.11/site-packages/airflow/example_dags/example_xcom.py took 1.177 seconds
[2023-07-22T15:15:16.923-0500] {processor.py:157} INFO - Started process (PID=17959) to work on /Users/abhishekpatkar/Documents/Projects/af_file_loader/venv/lib/python3.11/site-packages/airflow/example_dags/example_xcom.py
[2023-07-22T15:15:16.929-0500] {processor.py:826} INFO - Processing file /Users/abhishekpatkar/Documents/Projects/af_file_loader/venv/lib/python3.11/site-packages/airflow/example_dags/example_xcom.py for tasks to queue
[2023-07-22T15:15:16.936-0500] {logging_mixin.py:150} INFO - [2023-07-22T15:15:16.935-0500] {dagbag.py:541} INFO - Filling up the DagBag from /Users/abhishekpatkar/Documents/Projects/af_file_loader/venv/lib/python3.11/site-packages/airflow/example_dags/example_xcom.py
[2023-07-22T15:15:17.073-0500] {processor.py:836} INFO - DAG(s) dict_keys(['example_xcom']) retrieved from /Users/abhishekpatkar/Documents/Projects/af_file_loader/venv/lib/python3.11/site-packages/airflow/example_dags/example_xcom.py
[2023-07-22T15:15:18.072-0500] {logging_mixin.py:150} INFO - [2023-07-22T15:15:18.072-0500] {dag.py:2742} INFO - Sync 1 DAGs
[2023-07-22T15:15:18.111-0500] {logging_mixin.py:150} INFO - [2023-07-22T15:15:18.111-0500] {dag.py:3504} INFO - Setting next_dagrun for example_xcom to 2021-01-01T00:00:00+00:00, run_after=2021-01-01T00:00:00+00:00
[2023-07-22T15:15:18.152-0500] {processor.py:179} INFO - Processing /Users/abhishekpatkar/Documents/Projects/af_file_loader/venv/lib/python3.11/site-packages/airflow/example_dags/example_xcom.py took 1.230 seconds
[2023-07-22T15:18:06.826-0500] {processor.py:157} INFO - Started process (PID=18060) to work on /Users/abhishekpatkar/Documents/Projects/af_file_loader/venv/lib/python3.11/site-packages/airflow/example_dags/example_xcom.py
[2023-07-22T15:18:06.831-0500] {processor.py:826} INFO - Processing file /Users/abhishekpatkar/Documents/Projects/af_file_loader/venv/lib/python3.11/site-packages/airflow/example_dags/example_xcom.py for tasks to queue
[2023-07-22T15:18:06.831-0500] {logging_mixin.py:150} INFO - [2023-07-22T15:18:06.831-0500] {dagbag.py:541} INFO - Filling up the DagBag from /Users/abhishekpatkar/Documents/Projects/af_file_loader/venv/lib/python3.11/site-packages/airflow/example_dags/example_xcom.py
[2023-07-22T15:18:06.996-0500] {processor.py:836} INFO - DAG(s) dict_keys(['example_xcom']) retrieved from /Users/abhishekpatkar/Documents/Projects/af_file_loader/venv/lib/python3.11/site-packages/airflow/example_dags/example_xcom.py
[2023-07-22T15:18:08.007-0500] {logging_mixin.py:150} INFO - [2023-07-22T15:18:08.006-0500] {dag.py:2742} INFO - Sync 1 DAGs
[2023-07-22T15:18:08.027-0500] {logging_mixin.py:150} INFO - [2023-07-22T15:18:08.026-0500] {dag.py:3504} INFO - Setting next_dagrun for example_xcom to 2021-01-01T00:00:00+00:00, run_after=2021-01-01T00:00:00+00:00
[2023-07-22T15:18:08.070-0500] {processor.py:179} INFO - Processing /Users/abhishekpatkar/Documents/Projects/af_file_loader/venv/lib/python3.11/site-packages/airflow/example_dags/example_xcom.py took 1.245 seconds
[2023-07-22T15:20:55.777-0500] {processor.py:157} INFO - Started process (PID=18163) to work on /Users/abhishekpatkar/Documents/Projects/af_file_loader/venv/lib/python3.11/site-packages/airflow/example_dags/example_xcom.py
[2023-07-22T15:20:55.787-0500] {processor.py:826} INFO - Processing file /Users/abhishekpatkar/Documents/Projects/af_file_loader/venv/lib/python3.11/site-packages/airflow/example_dags/example_xcom.py for tasks to queue
[2023-07-22T15:20:55.788-0500] {logging_mixin.py:150} INFO - [2023-07-22T15:20:55.787-0500] {dagbag.py:541} INFO - Filling up the DagBag from /Users/abhishekpatkar/Documents/Projects/af_file_loader/venv/lib/python3.11/site-packages/airflow/example_dags/example_xcom.py
[2023-07-22T15:20:55.952-0500] {processor.py:836} INFO - DAG(s) dict_keys(['example_xcom']) retrieved from /Users/abhishekpatkar/Documents/Projects/af_file_loader/venv/lib/python3.11/site-packages/airflow/example_dags/example_xcom.py
[2023-07-22T15:20:56.727-0500] {logging_mixin.py:150} INFO - [2023-07-22T15:20:56.726-0500] {dag.py:2742} INFO - Sync 1 DAGs
[2023-07-22T15:20:56.746-0500] {logging_mixin.py:150} INFO - [2023-07-22T15:20:56.746-0500] {dag.py:3504} INFO - Setting next_dagrun for example_xcom to 2021-01-01T00:00:00+00:00, run_after=2021-01-01T00:00:00+00:00
[2023-07-22T15:20:56.771-0500] {processor.py:179} INFO - Processing /Users/abhishekpatkar/Documents/Projects/af_file_loader/venv/lib/python3.11/site-packages/airflow/example_dags/example_xcom.py took 0.998 seconds
[2023-07-22T15:23:23.476-0500] {processor.py:157} INFO - Started process (PID=18257) to work on /Users/abhishekpatkar/Documents/Projects/af_file_loader/venv/lib/python3.11/site-packages/airflow/example_dags/example_xcom.py
[2023-07-22T15:23:23.480-0500] {processor.py:826} INFO - Processing file /Users/abhishekpatkar/Documents/Projects/af_file_loader/venv/lib/python3.11/site-packages/airflow/example_dags/example_xcom.py for tasks to queue
[2023-07-22T15:23:23.480-0500] {logging_mixin.py:150} INFO - [2023-07-22T15:23:23.480-0500] {dagbag.py:541} INFO - Filling up the DagBag from /Users/abhishekpatkar/Documents/Projects/af_file_loader/venv/lib/python3.11/site-packages/airflow/example_dags/example_xcom.py
[2023-07-22T15:23:23.567-0500] {processor.py:836} INFO - DAG(s) dict_keys(['example_xcom']) retrieved from /Users/abhishekpatkar/Documents/Projects/af_file_loader/venv/lib/python3.11/site-packages/airflow/example_dags/example_xcom.py
[2023-07-22T15:23:24.225-0500] {logging_mixin.py:150} INFO - [2023-07-22T15:23:24.225-0500] {dag.py:2742} INFO - Sync 1 DAGs
[2023-07-22T15:23:24.242-0500] {logging_mixin.py:150} INFO - [2023-07-22T15:23:24.242-0500] {dag.py:3504} INFO - Setting next_dagrun for example_xcom to 2021-01-01T00:00:00+00:00, run_after=2021-01-01T00:00:00+00:00
[2023-07-22T15:23:24.262-0500] {processor.py:179} INFO - Processing /Users/abhishekpatkar/Documents/Projects/af_file_loader/venv/lib/python3.11/site-packages/airflow/example_dags/example_xcom.py took 0.788 seconds
[2023-07-22T15:25:34.409-0500] {processor.py:157} INFO - Started process (PID=18346) to work on /Users/abhishekpatkar/Documents/Projects/af_file_loader/venv/lib/python3.11/site-packages/airflow/example_dags/example_xcom.py
[2023-07-22T15:25:34.416-0500] {processor.py:826} INFO - Processing file /Users/abhishekpatkar/Documents/Projects/af_file_loader/venv/lib/python3.11/site-packages/airflow/example_dags/example_xcom.py for tasks to queue
[2023-07-22T15:25:34.417-0500] {logging_mixin.py:150} INFO - [2023-07-22T15:25:34.416-0500] {dagbag.py:541} INFO - Filling up the DagBag from /Users/abhishekpatkar/Documents/Projects/af_file_loader/venv/lib/python3.11/site-packages/airflow/example_dags/example_xcom.py
[2023-07-22T15:25:34.614-0500] {processor.py:836} INFO - DAG(s) dict_keys(['example_xcom']) retrieved from /Users/abhishekpatkar/Documents/Projects/af_file_loader/venv/lib/python3.11/site-packages/airflow/example_dags/example_xcom.py
[2023-07-22T15:25:36.132-0500] {logging_mixin.py:150} INFO - [2023-07-22T15:25:36.130-0500] {dag.py:2742} INFO - Sync 1 DAGs
[2023-07-22T15:25:36.187-0500] {logging_mixin.py:150} INFO - [2023-07-22T15:25:36.186-0500] {dag.py:3504} INFO - Setting next_dagrun for example_xcom to 2021-01-01T00:00:00+00:00, run_after=2021-01-01T00:00:00+00:00
[2023-07-22T15:25:36.232-0500] {processor.py:179} INFO - Processing /Users/abhishekpatkar/Documents/Projects/af_file_loader/venv/lib/python3.11/site-packages/airflow/example_dags/example_xcom.py took 1.824 seconds
[2023-07-22T15:29:14.280-0500] {processor.py:157} INFO - Started process (PID=18657) to work on /Users/abhishekpatkar/Documents/Projects/af_file_loader/venv/lib/python3.11/site-packages/airflow/example_dags/example_xcom.py
[2023-07-22T15:29:14.287-0500] {processor.py:826} INFO - Processing file /Users/abhishekpatkar/Documents/Projects/af_file_loader/venv/lib/python3.11/site-packages/airflow/example_dags/example_xcom.py for tasks to queue
[2023-07-22T15:29:14.288-0500] {logging_mixin.py:150} INFO - [2023-07-22T15:29:14.288-0500] {dagbag.py:541} INFO - Filling up the DagBag from /Users/abhishekpatkar/Documents/Projects/af_file_loader/venv/lib/python3.11/site-packages/airflow/example_dags/example_xcom.py
[2023-07-22T15:29:14.545-0500] {processor.py:836} INFO - DAG(s) dict_keys(['example_xcom']) retrieved from /Users/abhishekpatkar/Documents/Projects/af_file_loader/venv/lib/python3.11/site-packages/airflow/example_dags/example_xcom.py
[2023-07-22T15:29:16.037-0500] {logging_mixin.py:150} INFO - [2023-07-22T15:29:16.037-0500] {dag.py:2742} INFO - Sync 1 DAGs
[2023-07-22T15:29:16.063-0500] {logging_mixin.py:150} INFO - [2023-07-22T15:29:16.063-0500] {dag.py:3504} INFO - Setting next_dagrun for example_xcom to 2021-01-01T00:00:00+00:00, run_after=2021-01-01T00:00:00+00:00
[2023-07-22T15:29:16.097-0500] {processor.py:179} INFO - Processing /Users/abhishekpatkar/Documents/Projects/af_file_loader/venv/lib/python3.11/site-packages/airflow/example_dags/example_xcom.py took 1.818 seconds
[2023-07-22T15:31:57.085-0500] {processor.py:157} INFO - Started process (PID=18817) to work on /Users/abhishekpatkar/Documents/Projects/af_file_loader/venv/lib/python3.11/site-packages/airflow/example_dags/example_xcom.py
[2023-07-22T15:31:57.089-0500] {processor.py:826} INFO - Processing file /Users/abhishekpatkar/Documents/Projects/af_file_loader/venv/lib/python3.11/site-packages/airflow/example_dags/example_xcom.py for tasks to queue
[2023-07-22T15:31:57.090-0500] {logging_mixin.py:150} INFO - [2023-07-22T15:31:57.090-0500] {dagbag.py:541} INFO - Filling up the DagBag from /Users/abhishekpatkar/Documents/Projects/af_file_loader/venv/lib/python3.11/site-packages/airflow/example_dags/example_xcom.py
[2023-07-22T15:31:57.178-0500] {processor.py:836} INFO - DAG(s) dict_keys(['example_xcom']) retrieved from /Users/abhishekpatkar/Documents/Projects/af_file_loader/venv/lib/python3.11/site-packages/airflow/example_dags/example_xcom.py
[2023-07-22T15:31:57.876-0500] {logging_mixin.py:150} INFO - [2023-07-22T15:31:57.876-0500] {dag.py:2742} INFO - Sync 1 DAGs
[2023-07-22T15:31:57.892-0500] {logging_mixin.py:150} INFO - [2023-07-22T15:31:57.892-0500] {dag.py:3504} INFO - Setting next_dagrun for example_xcom to 2021-01-01T00:00:00+00:00, run_after=2021-01-01T00:00:00+00:00
[2023-07-22T15:31:57.913-0500] {processor.py:179} INFO - Processing /Users/abhishekpatkar/Documents/Projects/af_file_loader/venv/lib/python3.11/site-packages/airflow/example_dags/example_xcom.py took 0.829 seconds
[2023-07-22T15:33:54.092-0500] {processor.py:157} INFO - Started process (PID=18892) to work on /Users/abhishekpatkar/Documents/Projects/af_file_loader/venv/lib/python3.11/site-packages/airflow/example_dags/example_xcom.py
[2023-07-22T15:33:54.099-0500] {processor.py:826} INFO - Processing file /Users/abhishekpatkar/Documents/Projects/af_file_loader/venv/lib/python3.11/site-packages/airflow/example_dags/example_xcom.py for tasks to queue
[2023-07-22T15:33:54.100-0500] {logging_mixin.py:150} INFO - [2023-07-22T15:33:54.100-0500] {dagbag.py:541} INFO - Filling up the DagBag from /Users/abhishekpatkar/Documents/Projects/af_file_loader/venv/lib/python3.11/site-packages/airflow/example_dags/example_xcom.py
[2023-07-22T15:33:54.196-0500] {processor.py:836} INFO - DAG(s) dict_keys(['example_xcom']) retrieved from /Users/abhishekpatkar/Documents/Projects/af_file_loader/venv/lib/python3.11/site-packages/airflow/example_dags/example_xcom.py
[2023-07-22T15:33:55.154-0500] {logging_mixin.py:150} INFO - [2023-07-22T15:33:55.153-0500] {dag.py:2742} INFO - Sync 1 DAGs
[2023-07-22T15:33:55.186-0500] {logging_mixin.py:150} INFO - [2023-07-22T15:33:55.185-0500] {dag.py:3504} INFO - Setting next_dagrun for example_xcom to 2021-01-01T00:00:00+00:00, run_after=2021-01-01T00:00:00+00:00
[2023-07-22T15:33:55.204-0500] {processor.py:179} INFO - Processing /Users/abhishekpatkar/Documents/Projects/af_file_loader/venv/lib/python3.11/site-packages/airflow/example_dags/example_xcom.py took 1.114 seconds
[2023-07-22T15:35:45.817-0500] {processor.py:157} INFO - Started process (PID=18994) to work on /Users/abhishekpatkar/Documents/Projects/af_file_loader/venv/lib/python3.11/site-packages/airflow/example_dags/example_xcom.py
[2023-07-22T15:35:45.823-0500] {processor.py:826} INFO - Processing file /Users/abhishekpatkar/Documents/Projects/af_file_loader/venv/lib/python3.11/site-packages/airflow/example_dags/example_xcom.py for tasks to queue
[2023-07-22T15:35:45.824-0500] {logging_mixin.py:150} INFO - [2023-07-22T15:35:45.824-0500] {dagbag.py:541} INFO - Filling up the DagBag from /Users/abhishekpatkar/Documents/Projects/af_file_loader/venv/lib/python3.11/site-packages/airflow/example_dags/example_xcom.py
[2023-07-22T15:35:45.915-0500] {processor.py:836} INFO - DAG(s) dict_keys(['example_xcom']) retrieved from /Users/abhishekpatkar/Documents/Projects/af_file_loader/venv/lib/python3.11/site-packages/airflow/example_dags/example_xcom.py
[2023-07-22T15:35:46.579-0500] {logging_mixin.py:150} INFO - [2023-07-22T15:35:46.579-0500] {dag.py:2742} INFO - Sync 1 DAGs
[2023-07-22T15:35:46.603-0500] {logging_mixin.py:150} INFO - [2023-07-22T15:35:46.602-0500] {dag.py:3504} INFO - Setting next_dagrun for example_xcom to 2021-01-01T00:00:00+00:00, run_after=2021-01-01T00:00:00+00:00
[2023-07-22T15:35:46.632-0500] {processor.py:179} INFO - Processing /Users/abhishekpatkar/Documents/Projects/af_file_loader/venv/lib/python3.11/site-packages/airflow/example_dags/example_xcom.py took 0.818 seconds
[2023-07-22T15:47:15.164-0500] {processor.py:157} INFO - Started process (PID=19312) to work on /Users/abhishekpatkar/Documents/Projects/af_file_loader/venv/lib/python3.11/site-packages/airflow/example_dags/example_xcom.py
[2023-07-22T15:47:15.169-0500] {processor.py:826} INFO - Processing file /Users/abhishekpatkar/Documents/Projects/af_file_loader/venv/lib/python3.11/site-packages/airflow/example_dags/example_xcom.py for tasks to queue
[2023-07-22T15:47:15.171-0500] {logging_mixin.py:150} INFO - [2023-07-22T15:47:15.171-0500] {dagbag.py:541} INFO - Filling up the DagBag from /Users/abhishekpatkar/Documents/Projects/af_file_loader/venv/lib/python3.11/site-packages/airflow/example_dags/example_xcom.py
[2023-07-22T15:47:15.327-0500] {processor.py:836} INFO - DAG(s) dict_keys(['example_xcom']) retrieved from /Users/abhishekpatkar/Documents/Projects/af_file_loader/venv/lib/python3.11/site-packages/airflow/example_dags/example_xcom.py
[2023-07-22T15:47:16.948-0500] {logging_mixin.py:150} INFO - [2023-07-22T15:47:16.947-0500] {dag.py:2742} INFO - Sync 1 DAGs
[2023-07-22T15:47:16.972-0500] {logging_mixin.py:150} INFO - [2023-07-22T15:47:16.972-0500] {dag.py:3504} INFO - Setting next_dagrun for example_xcom to 2021-01-01T00:00:00+00:00, run_after=2021-01-01T00:00:00+00:00
[2023-07-22T15:47:17.008-0500] {processor.py:179} INFO - Processing /Users/abhishekpatkar/Documents/Projects/af_file_loader/venv/lib/python3.11/site-packages/airflow/example_dags/example_xcom.py took 1.845 seconds
[2023-07-22T15:49:39.934-0500] {processor.py:157} INFO - Started process (PID=19508) to work on /Users/abhishekpatkar/Documents/Projects/af_file_loader/venv/lib/python3.11/site-packages/airflow/example_dags/example_xcom.py
[2023-07-22T15:49:39.939-0500] {processor.py:826} INFO - Processing file /Users/abhishekpatkar/Documents/Projects/af_file_loader/venv/lib/python3.11/site-packages/airflow/example_dags/example_xcom.py for tasks to queue
[2023-07-22T15:49:39.940-0500] {logging_mixin.py:150} INFO - [2023-07-22T15:49:39.940-0500] {dagbag.py:541} INFO - Filling up the DagBag from /Users/abhishekpatkar/Documents/Projects/af_file_loader/venv/lib/python3.11/site-packages/airflow/example_dags/example_xcom.py
[2023-07-22T15:49:40.044-0500] {processor.py:836} INFO - DAG(s) dict_keys(['example_xcom']) retrieved from /Users/abhishekpatkar/Documents/Projects/af_file_loader/venv/lib/python3.11/site-packages/airflow/example_dags/example_xcom.py
[2023-07-22T15:49:41.166-0500] {logging_mixin.py:150} INFO - [2023-07-22T15:49:41.166-0500] {dag.py:2742} INFO - Sync 1 DAGs
[2023-07-22T15:49:41.190-0500] {logging_mixin.py:150} INFO - [2023-07-22T15:49:41.190-0500] {dag.py:3504} INFO - Setting next_dagrun for example_xcom to 2021-01-01T00:00:00+00:00, run_after=2021-01-01T00:00:00+00:00
[2023-07-22T15:49:41.219-0500] {processor.py:179} INFO - Processing /Users/abhishekpatkar/Documents/Projects/af_file_loader/venv/lib/python3.11/site-packages/airflow/example_dags/example_xcom.py took 1.286 seconds
[2023-07-22T15:52:15.764-0500] {processor.py:157} INFO - Started process (PID=19790) to work on /Users/abhishekpatkar/Documents/Projects/af_file_loader/venv/lib/python3.11/site-packages/airflow/example_dags/example_xcom.py
[2023-07-22T15:52:15.768-0500] {processor.py:826} INFO - Processing file /Users/abhishekpatkar/Documents/Projects/af_file_loader/venv/lib/python3.11/site-packages/airflow/example_dags/example_xcom.py for tasks to queue
[2023-07-22T15:52:15.769-0500] {logging_mixin.py:150} INFO - [2023-07-22T15:52:15.768-0500] {dagbag.py:541} INFO - Filling up the DagBag from /Users/abhishekpatkar/Documents/Projects/af_file_loader/venv/lib/python3.11/site-packages/airflow/example_dags/example_xcom.py
[2023-07-22T15:52:15.883-0500] {processor.py:836} INFO - DAG(s) dict_keys(['example_xcom']) retrieved from /Users/abhishekpatkar/Documents/Projects/af_file_loader/venv/lib/python3.11/site-packages/airflow/example_dags/example_xcom.py
[2023-07-22T15:52:16.966-0500] {logging_mixin.py:150} INFO - [2023-07-22T15:52:16.965-0500] {dag.py:2742} INFO - Sync 1 DAGs
[2023-07-22T15:52:16.987-0500] {logging_mixin.py:150} INFO - [2023-07-22T15:52:16.986-0500] {dag.py:3504} INFO - Setting next_dagrun for example_xcom to 2021-01-01T00:00:00+00:00, run_after=2021-01-01T00:00:00+00:00
[2023-07-22T15:52:17.021-0500] {processor.py:179} INFO - Processing /Users/abhishekpatkar/Documents/Projects/af_file_loader/venv/lib/python3.11/site-packages/airflow/example_dags/example_xcom.py took 1.258 seconds
[2023-07-22T15:54:56.131-0500] {processor.py:157} INFO - Started process (PID=19955) to work on /Users/abhishekpatkar/Documents/Projects/af_file_loader/venv/lib/python3.11/site-packages/airflow/example_dags/example_xcom.py
[2023-07-22T15:54:56.139-0500] {processor.py:826} INFO - Processing file /Users/abhishekpatkar/Documents/Projects/af_file_loader/venv/lib/python3.11/site-packages/airflow/example_dags/example_xcom.py for tasks to queue
[2023-07-22T15:54:56.140-0500] {logging_mixin.py:150} INFO - [2023-07-22T15:54:56.140-0500] {dagbag.py:541} INFO - Filling up the DagBag from /Users/abhishekpatkar/Documents/Projects/af_file_loader/venv/lib/python3.11/site-packages/airflow/example_dags/example_xcom.py
[2023-07-22T15:54:56.267-0500] {processor.py:836} INFO - DAG(s) dict_keys(['example_xcom']) retrieved from /Users/abhishekpatkar/Documents/Projects/af_file_loader/venv/lib/python3.11/site-packages/airflow/example_dags/example_xcom.py
[2023-07-22T15:54:57.188-0500] {logging_mixin.py:150} INFO - [2023-07-22T15:54:57.188-0500] {dag.py:2742} INFO - Sync 1 DAGs
[2023-07-22T15:54:57.231-0500] {logging_mixin.py:150} INFO - [2023-07-22T15:54:57.231-0500] {dag.py:3504} INFO - Setting next_dagrun for example_xcom to 2021-01-01T00:00:00+00:00, run_after=2021-01-01T00:00:00+00:00
[2023-07-22T15:54:57.267-0500] {processor.py:179} INFO - Processing /Users/abhishekpatkar/Documents/Projects/af_file_loader/venv/lib/python3.11/site-packages/airflow/example_dags/example_xcom.py took 1.137 seconds
[2023-07-22T15:57:35.994-0500] {processor.py:157} INFO - Started process (PID=20201) to work on /Users/abhishekpatkar/Documents/Projects/af_file_loader/venv/lib/python3.11/site-packages/airflow/example_dags/example_xcom.py
[2023-07-22T15:57:35.999-0500] {processor.py:826} INFO - Processing file /Users/abhishekpatkar/Documents/Projects/af_file_loader/venv/lib/python3.11/site-packages/airflow/example_dags/example_xcom.py for tasks to queue
[2023-07-22T15:57:36.000-0500] {logging_mixin.py:150} INFO - [2023-07-22T15:57:36.000-0500] {dagbag.py:541} INFO - Filling up the DagBag from /Users/abhishekpatkar/Documents/Projects/af_file_loader/venv/lib/python3.11/site-packages/airflow/example_dags/example_xcom.py
[2023-07-22T15:57:36.102-0500] {processor.py:836} INFO - DAG(s) dict_keys(['example_xcom']) retrieved from /Users/abhishekpatkar/Documents/Projects/af_file_loader/venv/lib/python3.11/site-packages/airflow/example_dags/example_xcom.py
[2023-07-22T15:57:37.252-0500] {logging_mixin.py:150} INFO - [2023-07-22T15:57:37.252-0500] {dag.py:2742} INFO - Sync 1 DAGs
[2023-07-22T15:57:37.271-0500] {logging_mixin.py:150} INFO - [2023-07-22T15:57:37.270-0500] {dag.py:3504} INFO - Setting next_dagrun for example_xcom to 2021-01-01T00:00:00+00:00, run_after=2021-01-01T00:00:00+00:00
[2023-07-22T15:57:37.306-0500] {processor.py:179} INFO - Processing /Users/abhishekpatkar/Documents/Projects/af_file_loader/venv/lib/python3.11/site-packages/airflow/example_dags/example_xcom.py took 1.313 seconds
[2023-07-22T16:00:04.017-0500] {processor.py:157} INFO - Started process (PID=20301) to work on /Users/abhishekpatkar/Documents/Projects/af_file_loader/venv/lib/python3.11/site-packages/airflow/example_dags/example_xcom.py
[2023-07-22T16:00:04.025-0500] {processor.py:826} INFO - Processing file /Users/abhishekpatkar/Documents/Projects/af_file_loader/venv/lib/python3.11/site-packages/airflow/example_dags/example_xcom.py for tasks to queue
[2023-07-22T16:00:04.027-0500] {logging_mixin.py:150} INFO - [2023-07-22T16:00:04.027-0500] {dagbag.py:541} INFO - Filling up the DagBag from /Users/abhishekpatkar/Documents/Projects/af_file_loader/venv/lib/python3.11/site-packages/airflow/example_dags/example_xcom.py
[2023-07-22T16:00:04.187-0500] {processor.py:836} INFO - DAG(s) dict_keys(['example_xcom']) retrieved from /Users/abhishekpatkar/Documents/Projects/af_file_loader/venv/lib/python3.11/site-packages/airflow/example_dags/example_xcom.py
[2023-07-22T16:00:05.039-0500] {logging_mixin.py:150} INFO - [2023-07-22T16:00:05.038-0500] {dag.py:2742} INFO - Sync 1 DAGs
[2023-07-22T16:00:05.058-0500] {logging_mixin.py:150} INFO - [2023-07-22T16:00:05.058-0500] {dag.py:3504} INFO - Setting next_dagrun for example_xcom to 2021-01-01T00:00:00+00:00, run_after=2021-01-01T00:00:00+00:00
[2023-07-22T16:00:05.083-0500] {processor.py:179} INFO - Processing /Users/abhishekpatkar/Documents/Projects/af_file_loader/venv/lib/python3.11/site-packages/airflow/example_dags/example_xcom.py took 1.068 seconds
[2023-07-22T16:02:31.088-0500] {processor.py:157} INFO - Started process (PID=20386) to work on /Users/abhishekpatkar/Documents/Projects/af_file_loader/venv/lib/python3.11/site-packages/airflow/example_dags/example_xcom.py
[2023-07-22T16:02:31.093-0500] {processor.py:826} INFO - Processing file /Users/abhishekpatkar/Documents/Projects/af_file_loader/venv/lib/python3.11/site-packages/airflow/example_dags/example_xcom.py for tasks to queue
[2023-07-22T16:02:31.094-0500] {logging_mixin.py:150} INFO - [2023-07-22T16:02:31.094-0500] {dagbag.py:541} INFO - Filling up the DagBag from /Users/abhishekpatkar/Documents/Projects/af_file_loader/venv/lib/python3.11/site-packages/airflow/example_dags/example_xcom.py
[2023-07-22T16:02:31.181-0500] {processor.py:836} INFO - DAG(s) dict_keys(['example_xcom']) retrieved from /Users/abhishekpatkar/Documents/Projects/af_file_loader/venv/lib/python3.11/site-packages/airflow/example_dags/example_xcom.py
[2023-07-22T16:02:31.830-0500] {logging_mixin.py:150} INFO - [2023-07-22T16:02:31.830-0500] {dag.py:2742} INFO - Sync 1 DAGs
[2023-07-22T16:02:31.850-0500] {logging_mixin.py:150} INFO - [2023-07-22T16:02:31.850-0500] {dag.py:3504} INFO - Setting next_dagrun for example_xcom to 2021-01-01T00:00:00+00:00, run_after=2021-01-01T00:00:00+00:00
[2023-07-22T16:02:31.868-0500] {processor.py:179} INFO - Processing /Users/abhishekpatkar/Documents/Projects/af_file_loader/venv/lib/python3.11/site-packages/airflow/example_dags/example_xcom.py took 0.781 seconds
[2023-07-22T16:04:22.336-0500] {processor.py:157} INFO - Started process (PID=20461) to work on /Users/abhishekpatkar/Documents/Projects/af_file_loader/venv/lib/python3.11/site-packages/airflow/example_dags/example_xcom.py
[2023-07-22T16:04:22.340-0500] {processor.py:826} INFO - Processing file /Users/abhishekpatkar/Documents/Projects/af_file_loader/venv/lib/python3.11/site-packages/airflow/example_dags/example_xcom.py for tasks to queue
[2023-07-22T16:04:22.340-0500] {logging_mixin.py:150} INFO - [2023-07-22T16:04:22.340-0500] {dagbag.py:541} INFO - Filling up the DagBag from /Users/abhishekpatkar/Documents/Projects/af_file_loader/venv/lib/python3.11/site-packages/airflow/example_dags/example_xcom.py
[2023-07-22T16:04:22.427-0500] {processor.py:836} INFO - DAG(s) dict_keys(['example_xcom']) retrieved from /Users/abhishekpatkar/Documents/Projects/af_file_loader/venv/lib/python3.11/site-packages/airflow/example_dags/example_xcom.py
[2023-07-22T16:04:23.033-0500] {logging_mixin.py:150} INFO - [2023-07-22T16:04:23.033-0500] {dag.py:2742} INFO - Sync 1 DAGs
[2023-07-22T16:04:23.050-0500] {logging_mixin.py:150} INFO - [2023-07-22T16:04:23.050-0500] {dag.py:3504} INFO - Setting next_dagrun for example_xcom to 2021-01-01T00:00:00+00:00, run_after=2021-01-01T00:00:00+00:00
[2023-07-22T16:04:23.070-0500] {processor.py:179} INFO - Processing /Users/abhishekpatkar/Documents/Projects/af_file_loader/venv/lib/python3.11/site-packages/airflow/example_dags/example_xcom.py took 0.735 seconds
[2023-07-22T16:06:10.101-0500] {processor.py:157} INFO - Started process (PID=20542) to work on /Users/abhishekpatkar/Documents/Projects/af_file_loader/venv/lib/python3.11/site-packages/airflow/example_dags/example_xcom.py
[2023-07-22T16:06:10.106-0500] {processor.py:826} INFO - Processing file /Users/abhishekpatkar/Documents/Projects/af_file_loader/venv/lib/python3.11/site-packages/airflow/example_dags/example_xcom.py for tasks to queue
[2023-07-22T16:06:10.106-0500] {logging_mixin.py:150} INFO - [2023-07-22T16:06:10.106-0500] {dagbag.py:541} INFO - Filling up the DagBag from /Users/abhishekpatkar/Documents/Projects/af_file_loader/venv/lib/python3.11/site-packages/airflow/example_dags/example_xcom.py
[2023-07-22T16:06:10.188-0500] {processor.py:836} INFO - DAG(s) dict_keys(['example_xcom']) retrieved from /Users/abhishekpatkar/Documents/Projects/af_file_loader/venv/lib/python3.11/site-packages/airflow/example_dags/example_xcom.py
[2023-07-22T16:06:10.771-0500] {logging_mixin.py:150} INFO - [2023-07-22T16:06:10.771-0500] {dag.py:2742} INFO - Sync 1 DAGs
[2023-07-22T16:06:10.787-0500] {logging_mixin.py:150} INFO - [2023-07-22T16:06:10.787-0500] {dag.py:3504} INFO - Setting next_dagrun for example_xcom to 2021-01-01T00:00:00+00:00, run_after=2021-01-01T00:00:00+00:00
[2023-07-22T16:06:10.806-0500] {processor.py:179} INFO - Processing /Users/abhishekpatkar/Documents/Projects/af_file_loader/venv/lib/python3.11/site-packages/airflow/example_dags/example_xcom.py took 0.706 seconds
[2023-07-22T16:08:00.985-0500] {processor.py:157} INFO - Started process (PID=20636) to work on /Users/abhishekpatkar/Documents/Projects/af_file_loader/venv/lib/python3.11/site-packages/airflow/example_dags/example_xcom.py
[2023-07-22T16:08:00.990-0500] {processor.py:826} INFO - Processing file /Users/abhishekpatkar/Documents/Projects/af_file_loader/venv/lib/python3.11/site-packages/airflow/example_dags/example_xcom.py for tasks to queue
[2023-07-22T16:08:00.990-0500] {logging_mixin.py:150} INFO - [2023-07-22T16:08:00.990-0500] {dagbag.py:541} INFO - Filling up the DagBag from /Users/abhishekpatkar/Documents/Projects/af_file_loader/venv/lib/python3.11/site-packages/airflow/example_dags/example_xcom.py
[2023-07-22T16:08:01.074-0500] {processor.py:836} INFO - DAG(s) dict_keys(['example_xcom']) retrieved from /Users/abhishekpatkar/Documents/Projects/af_file_loader/venv/lib/python3.11/site-packages/airflow/example_dags/example_xcom.py
[2023-07-22T16:08:01.694-0500] {logging_mixin.py:150} INFO - [2023-07-22T16:08:01.694-0500] {dag.py:2742} INFO - Sync 1 DAGs
[2023-07-22T16:08:01.710-0500] {logging_mixin.py:150} INFO - [2023-07-22T16:08:01.710-0500] {dag.py:3504} INFO - Setting next_dagrun for example_xcom to 2021-01-01T00:00:00+00:00, run_after=2021-01-01T00:00:00+00:00
[2023-07-22T16:08:01.729-0500] {processor.py:179} INFO - Processing /Users/abhishekpatkar/Documents/Projects/af_file_loader/venv/lib/python3.11/site-packages/airflow/example_dags/example_xcom.py took 0.745 seconds
[2023-07-22T16:09:53.943-0500] {processor.py:157} INFO - Started process (PID=20711) to work on /Users/abhishekpatkar/Documents/Projects/af_file_loader/venv/lib/python3.11/site-packages/airflow/example_dags/example_xcom.py
[2023-07-22T16:09:53.947-0500] {processor.py:826} INFO - Processing file /Users/abhishekpatkar/Documents/Projects/af_file_loader/venv/lib/python3.11/site-packages/airflow/example_dags/example_xcom.py for tasks to queue
[2023-07-22T16:09:53.948-0500] {logging_mixin.py:150} INFO - [2023-07-22T16:09:53.947-0500] {dagbag.py:541} INFO - Filling up the DagBag from /Users/abhishekpatkar/Documents/Projects/af_file_loader/venv/lib/python3.11/site-packages/airflow/example_dags/example_xcom.py
[2023-07-22T16:09:54.032-0500] {processor.py:836} INFO - DAG(s) dict_keys(['example_xcom']) retrieved from /Users/abhishekpatkar/Documents/Projects/af_file_loader/venv/lib/python3.11/site-packages/airflow/example_dags/example_xcom.py
[2023-07-22T16:09:54.675-0500] {logging_mixin.py:150} INFO - [2023-07-22T16:09:54.675-0500] {dag.py:2742} INFO - Sync 1 DAGs
[2023-07-22T16:09:54.692-0500] {logging_mixin.py:150} INFO - [2023-07-22T16:09:54.692-0500] {dag.py:3504} INFO - Setting next_dagrun for example_xcom to 2021-01-01T00:00:00+00:00, run_after=2021-01-01T00:00:00+00:00
[2023-07-22T16:09:54.712-0500] {processor.py:179} INFO - Processing /Users/abhishekpatkar/Documents/Projects/af_file_loader/venv/lib/python3.11/site-packages/airflow/example_dags/example_xcom.py took 0.769 seconds
[2023-07-22T16:23:24.328-0500] {processor.py:157} INFO - Started process (PID=20819) to work on /Users/abhishekpatkar/Documents/Projects/af_file_loader/venv/lib/python3.11/site-packages/airflow/example_dags/example_xcom.py
[2023-07-22T16:23:24.332-0500] {processor.py:826} INFO - Processing file /Users/abhishekpatkar/Documents/Projects/af_file_loader/venv/lib/python3.11/site-packages/airflow/example_dags/example_xcom.py for tasks to queue
[2023-07-22T16:23:24.332-0500] {logging_mixin.py:150} INFO - [2023-07-22T16:23:24.332-0500] {dagbag.py:541} INFO - Filling up the DagBag from /Users/abhishekpatkar/Documents/Projects/af_file_loader/venv/lib/python3.11/site-packages/airflow/example_dags/example_xcom.py
[2023-07-22T16:23:24.420-0500] {processor.py:836} INFO - DAG(s) dict_keys(['example_xcom']) retrieved from /Users/abhishekpatkar/Documents/Projects/af_file_loader/venv/lib/python3.11/site-packages/airflow/example_dags/example_xcom.py
[2023-07-22T16:23:25.590-0500] {logging_mixin.py:150} INFO - [2023-07-22T16:23:25.589-0500] {dag.py:2742} INFO - Sync 1 DAGs
[2023-07-22T16:23:25.611-0500] {logging_mixin.py:150} INFO - [2023-07-22T16:23:25.610-0500] {dag.py:3504} INFO - Setting next_dagrun for example_xcom to 2021-01-01T00:00:00+00:00, run_after=2021-01-01T00:00:00+00:00
[2023-07-22T16:23:25.637-0500] {processor.py:179} INFO - Processing /Users/abhishekpatkar/Documents/Projects/af_file_loader/venv/lib/python3.11/site-packages/airflow/example_dags/example_xcom.py took 1.310 seconds
[2023-07-22T16:26:13.448-0500] {processor.py:157} INFO - Started process (PID=20964) to work on /Users/abhishekpatkar/Documents/Projects/af_file_loader/venv/lib/python3.11/site-packages/airflow/example_dags/example_xcom.py
[2023-07-22T16:26:13.453-0500] {processor.py:826} INFO - Processing file /Users/abhishekpatkar/Documents/Projects/af_file_loader/venv/lib/python3.11/site-packages/airflow/example_dags/example_xcom.py for tasks to queue
[2023-07-22T16:26:13.454-0500] {logging_mixin.py:150} INFO - [2023-07-22T16:26:13.454-0500] {dagbag.py:541} INFO - Filling up the DagBag from /Users/abhishekpatkar/Documents/Projects/af_file_loader/venv/lib/python3.11/site-packages/airflow/example_dags/example_xcom.py
[2023-07-22T16:26:13.588-0500] {processor.py:836} INFO - DAG(s) dict_keys(['example_xcom']) retrieved from /Users/abhishekpatkar/Documents/Projects/af_file_loader/venv/lib/python3.11/site-packages/airflow/example_dags/example_xcom.py
[2023-07-22T16:26:14.762-0500] {logging_mixin.py:150} INFO - [2023-07-22T16:26:14.761-0500] {dag.py:2742} INFO - Sync 1 DAGs
[2023-07-22T16:26:14.781-0500] {logging_mixin.py:150} INFO - [2023-07-22T16:26:14.780-0500] {dag.py:3504} INFO - Setting next_dagrun for example_xcom to 2021-01-01T00:00:00+00:00, run_after=2021-01-01T00:00:00+00:00
[2023-07-22T16:26:14.811-0500] {processor.py:179} INFO - Processing /Users/abhishekpatkar/Documents/Projects/af_file_loader/venv/lib/python3.11/site-packages/airflow/example_dags/example_xcom.py took 1.364 seconds
[2023-07-22T16:29:38.168-0500] {processor.py:157} INFO - Started process (PID=21081) to work on /Users/abhishekpatkar/Documents/Projects/af_file_loader/venv/lib/python3.11/site-packages/airflow/example_dags/example_xcom.py
[2023-07-22T16:29:38.181-0500] {processor.py:826} INFO - Processing file /Users/abhishekpatkar/Documents/Projects/af_file_loader/venv/lib/python3.11/site-packages/airflow/example_dags/example_xcom.py for tasks to queue
[2023-07-22T16:29:38.182-0500] {logging_mixin.py:150} INFO - [2023-07-22T16:29:38.182-0500] {dagbag.py:541} INFO - Filling up the DagBag from /Users/abhishekpatkar/Documents/Projects/af_file_loader/venv/lib/python3.11/site-packages/airflow/example_dags/example_xcom.py
[2023-07-22T16:29:38.430-0500] {processor.py:836} INFO - DAG(s) dict_keys(['example_xcom']) retrieved from /Users/abhishekpatkar/Documents/Projects/af_file_loader/venv/lib/python3.11/site-packages/airflow/example_dags/example_xcom.py
[2023-07-22T16:29:39.900-0500] {logging_mixin.py:150} INFO - [2023-07-22T16:29:39.900-0500] {dag.py:2742} INFO - Sync 1 DAGs
[2023-07-22T16:29:39.944-0500] {logging_mixin.py:150} INFO - [2023-07-22T16:29:39.944-0500] {dag.py:3504} INFO - Setting next_dagrun for example_xcom to 2021-01-01T00:00:00+00:00, run_after=2021-01-01T00:00:00+00:00
[2023-07-22T16:29:40.007-0500] {processor.py:179} INFO - Processing /Users/abhishekpatkar/Documents/Projects/af_file_loader/venv/lib/python3.11/site-packages/airflow/example_dags/example_xcom.py took 1.841 seconds
[2023-07-22T16:32:49.972-0500] {processor.py:157} INFO - Started process (PID=21184) to work on /Users/abhishekpatkar/Documents/Projects/af_file_loader/venv/lib/python3.11/site-packages/airflow/example_dags/example_xcom.py
[2023-07-22T16:32:49.978-0500] {processor.py:826} INFO - Processing file /Users/abhishekpatkar/Documents/Projects/af_file_loader/venv/lib/python3.11/site-packages/airflow/example_dags/example_xcom.py for tasks to queue
[2023-07-22T16:32:49.979-0500] {logging_mixin.py:150} INFO - [2023-07-22T16:32:49.979-0500] {dagbag.py:541} INFO - Filling up the DagBag from /Users/abhishekpatkar/Documents/Projects/af_file_loader/venv/lib/python3.11/site-packages/airflow/example_dags/example_xcom.py
[2023-07-22T16:32:50.107-0500] {processor.py:836} INFO - DAG(s) dict_keys(['example_xcom']) retrieved from /Users/abhishekpatkar/Documents/Projects/af_file_loader/venv/lib/python3.11/site-packages/airflow/example_dags/example_xcom.py
[2023-07-22T16:32:51.675-0500] {logging_mixin.py:150} INFO - [2023-07-22T16:32:51.673-0500] {dag.py:2742} INFO - Sync 1 DAGs
[2023-07-22T16:32:51.725-0500] {logging_mixin.py:150} INFO - [2023-07-22T16:32:51.725-0500] {dag.py:3504} INFO - Setting next_dagrun for example_xcom to 2021-01-01T00:00:00+00:00, run_after=2021-01-01T00:00:00+00:00
[2023-07-22T16:32:51.838-0500] {processor.py:179} INFO - Processing /Users/abhishekpatkar/Documents/Projects/af_file_loader/venv/lib/python3.11/site-packages/airflow/example_dags/example_xcom.py took 1.867 seconds
[2023-07-22T16:36:16.670-0500] {processor.py:157} INFO - Started process (PID=21293) to work on /Users/abhishekpatkar/Documents/Projects/af_file_loader/venv/lib/python3.11/site-packages/airflow/example_dags/example_xcom.py
[2023-07-22T16:36:16.675-0500] {processor.py:826} INFO - Processing file /Users/abhishekpatkar/Documents/Projects/af_file_loader/venv/lib/python3.11/site-packages/airflow/example_dags/example_xcom.py for tasks to queue
[2023-07-22T16:36:16.676-0500] {logging_mixin.py:150} INFO - [2023-07-22T16:36:16.676-0500] {dagbag.py:541} INFO - Filling up the DagBag from /Users/abhishekpatkar/Documents/Projects/af_file_loader/venv/lib/python3.11/site-packages/airflow/example_dags/example_xcom.py
[2023-07-22T16:36:16.820-0500] {processor.py:836} INFO - DAG(s) dict_keys(['example_xcom']) retrieved from /Users/abhishekpatkar/Documents/Projects/af_file_loader/venv/lib/python3.11/site-packages/airflow/example_dags/example_xcom.py
[2023-07-22T16:36:18.692-0500] {logging_mixin.py:150} INFO - [2023-07-22T16:36:18.691-0500] {dag.py:2742} INFO - Sync 1 DAGs
[2023-07-22T16:36:18.722-0500] {logging_mixin.py:150} INFO - [2023-07-22T16:36:18.721-0500] {dag.py:3504} INFO - Setting next_dagrun for example_xcom to 2021-01-01T00:00:00+00:00, run_after=2021-01-01T00:00:00+00:00
[2023-07-22T16:36:18.775-0500] {processor.py:179} INFO - Processing /Users/abhishekpatkar/Documents/Projects/af_file_loader/venv/lib/python3.11/site-packages/airflow/example_dags/example_xcom.py took 2.105 seconds
[2023-07-22T16:41:26.666-0500] {processor.py:157} INFO - Started process (PID=21501) to work on /Users/abhishekpatkar/Documents/Projects/af_file_loader/venv/lib/python3.11/site-packages/airflow/example_dags/example_xcom.py
[2023-07-22T16:41:26.681-0500] {processor.py:826} INFO - Processing file /Users/abhishekpatkar/Documents/Projects/af_file_loader/venv/lib/python3.11/site-packages/airflow/example_dags/example_xcom.py for tasks to queue
[2023-07-22T16:41:26.682-0500] {logging_mixin.py:150} INFO - [2023-07-22T16:41:26.682-0500] {dagbag.py:541} INFO - Filling up the DagBag from /Users/abhishekpatkar/Documents/Projects/af_file_loader/venv/lib/python3.11/site-packages/airflow/example_dags/example_xcom.py
[2023-07-22T16:41:26.887-0500] {processor.py:836} INFO - DAG(s) dict_keys(['example_xcom']) retrieved from /Users/abhishekpatkar/Documents/Projects/af_file_loader/venv/lib/python3.11/site-packages/airflow/example_dags/example_xcom.py
[2023-07-22T16:41:28.333-0500] {logging_mixin.py:150} INFO - [2023-07-22T16:41:28.332-0500] {dag.py:2742} INFO - Sync 1 DAGs
[2023-07-22T16:41:28.366-0500] {logging_mixin.py:150} INFO - [2023-07-22T16:41:28.365-0500] {dag.py:3504} INFO - Setting next_dagrun for example_xcom to 2021-01-01T00:00:00+00:00, run_after=2021-01-01T00:00:00+00:00
[2023-07-22T16:41:28.401-0500] {processor.py:179} INFO - Processing /Users/abhishekpatkar/Documents/Projects/af_file_loader/venv/lib/python3.11/site-packages/airflow/example_dags/example_xcom.py took 1.738 seconds
[2023-07-22T16:45:21.340-0500] {processor.py:157} INFO - Started process (PID=21621) to work on /Users/abhishekpatkar/Documents/Projects/af_file_loader/venv/lib/python3.11/site-packages/airflow/example_dags/example_xcom.py
[2023-07-22T16:45:21.349-0500] {processor.py:826} INFO - Processing file /Users/abhishekpatkar/Documents/Projects/af_file_loader/venv/lib/python3.11/site-packages/airflow/example_dags/example_xcom.py for tasks to queue
[2023-07-22T16:45:21.351-0500] {logging_mixin.py:150} INFO - [2023-07-22T16:45:21.351-0500] {dagbag.py:541} INFO - Filling up the DagBag from /Users/abhishekpatkar/Documents/Projects/af_file_loader/venv/lib/python3.11/site-packages/airflow/example_dags/example_xcom.py
[2023-07-22T16:45:21.533-0500] {processor.py:836} INFO - DAG(s) dict_keys(['example_xcom']) retrieved from /Users/abhishekpatkar/Documents/Projects/af_file_loader/venv/lib/python3.11/site-packages/airflow/example_dags/example_xcom.py
[2023-07-22T16:45:22.921-0500] {logging_mixin.py:150} INFO - [2023-07-22T16:45:22.921-0500] {dag.py:2742} INFO - Sync 1 DAGs
[2023-07-22T16:45:22.945-0500] {logging_mixin.py:150} INFO - [2023-07-22T16:45:22.944-0500] {dag.py:3504} INFO - Setting next_dagrun for example_xcom to 2021-01-01T00:00:00+00:00, run_after=2021-01-01T00:00:00+00:00
[2023-07-22T16:45:22.973-0500] {processor.py:179} INFO - Processing /Users/abhishekpatkar/Documents/Projects/af_file_loader/venv/lib/python3.11/site-packages/airflow/example_dags/example_xcom.py took 1.636 seconds
[2023-07-22T16:48:58.460-0500] {processor.py:157} INFO - Started process (PID=21732) to work on /Users/abhishekpatkar/Documents/Projects/af_file_loader/venv/lib/python3.11/site-packages/airflow/example_dags/example_xcom.py
[2023-07-22T16:48:58.465-0500] {processor.py:826} INFO - Processing file /Users/abhishekpatkar/Documents/Projects/af_file_loader/venv/lib/python3.11/site-packages/airflow/example_dags/example_xcom.py for tasks to queue
[2023-07-22T16:48:58.466-0500] {logging_mixin.py:150} INFO - [2023-07-22T16:48:58.465-0500] {dagbag.py:541} INFO - Filling up the DagBag from /Users/abhishekpatkar/Documents/Projects/af_file_loader/venv/lib/python3.11/site-packages/airflow/example_dags/example_xcom.py
[2023-07-22T16:48:58.611-0500] {processor.py:836} INFO - DAG(s) dict_keys(['example_xcom']) retrieved from /Users/abhishekpatkar/Documents/Projects/af_file_loader/venv/lib/python3.11/site-packages/airflow/example_dags/example_xcom.py
[2023-07-22T16:49:00.508-0500] {logging_mixin.py:150} INFO - [2023-07-22T16:49:00.508-0500] {dag.py:2742} INFO - Sync 1 DAGs
[2023-07-22T16:49:00.559-0500] {logging_mixin.py:150} INFO - [2023-07-22T16:49:00.559-0500] {dag.py:3504} INFO - Setting next_dagrun for example_xcom to 2021-01-01T00:00:00+00:00, run_after=2021-01-01T00:00:00+00:00
[2023-07-22T16:49:00.611-0500] {processor.py:179} INFO - Processing /Users/abhishekpatkar/Documents/Projects/af_file_loader/venv/lib/python3.11/site-packages/airflow/example_dags/example_xcom.py took 2.152 seconds
[2023-07-22T16:52:54.360-0500] {processor.py:157} INFO - Started process (PID=21847) to work on /Users/abhishekpatkar/Documents/Projects/af_file_loader/venv/lib/python3.11/site-packages/airflow/example_dags/example_xcom.py
[2023-07-22T16:52:54.371-0500] {processor.py:826} INFO - Processing file /Users/abhishekpatkar/Documents/Projects/af_file_loader/venv/lib/python3.11/site-packages/airflow/example_dags/example_xcom.py for tasks to queue
[2023-07-22T16:52:54.371-0500] {logging_mixin.py:150} INFO - [2023-07-22T16:52:54.371-0500] {dagbag.py:541} INFO - Filling up the DagBag from /Users/abhishekpatkar/Documents/Projects/af_file_loader/venv/lib/python3.11/site-packages/airflow/example_dags/example_xcom.py
[2023-07-22T16:52:54.555-0500] {processor.py:836} INFO - DAG(s) dict_keys(['example_xcom']) retrieved from /Users/abhishekpatkar/Documents/Projects/af_file_loader/venv/lib/python3.11/site-packages/airflow/example_dags/example_xcom.py
[2023-07-22T16:52:55.808-0500] {logging_mixin.py:150} INFO - [2023-07-22T16:52:55.807-0500] {dag.py:2742} INFO - Sync 1 DAGs
[2023-07-22T16:52:55.859-0500] {logging_mixin.py:150} INFO - [2023-07-22T16:52:55.859-0500] {dag.py:3504} INFO - Setting next_dagrun for example_xcom to 2021-01-01T00:00:00+00:00, run_after=2021-01-01T00:00:00+00:00
[2023-07-22T16:52:55.939-0500] {processor.py:179} INFO - Processing /Users/abhishekpatkar/Documents/Projects/af_file_loader/venv/lib/python3.11/site-packages/airflow/example_dags/example_xcom.py took 1.581 seconds
[2023-07-22T16:56:11.393-0500] {processor.py:157} INFO - Started process (PID=21965) to work on /Users/abhishekpatkar/Documents/Projects/af_file_loader/venv/lib/python3.11/site-packages/airflow/example_dags/example_xcom.py
[2023-07-22T16:56:11.397-0500] {processor.py:826} INFO - Processing file /Users/abhishekpatkar/Documents/Projects/af_file_loader/venv/lib/python3.11/site-packages/airflow/example_dags/example_xcom.py for tasks to queue
[2023-07-22T16:56:11.398-0500] {logging_mixin.py:150} INFO - [2023-07-22T16:56:11.398-0500] {dagbag.py:541} INFO - Filling up the DagBag from /Users/abhishekpatkar/Documents/Projects/af_file_loader/venv/lib/python3.11/site-packages/airflow/example_dags/example_xcom.py
[2023-07-22T16:56:11.516-0500] {processor.py:836} INFO - DAG(s) dict_keys(['example_xcom']) retrieved from /Users/abhishekpatkar/Documents/Projects/af_file_loader/venv/lib/python3.11/site-packages/airflow/example_dags/example_xcom.py
[2023-07-22T16:56:12.609-0500] {logging_mixin.py:150} INFO - [2023-07-22T16:56:12.608-0500] {dag.py:2742} INFO - Sync 1 DAGs
[2023-07-22T16:56:12.674-0500] {logging_mixin.py:150} INFO - [2023-07-22T16:56:12.674-0500] {dag.py:3504} INFO - Setting next_dagrun for example_xcom to 2021-01-01T00:00:00+00:00, run_after=2021-01-01T00:00:00+00:00
[2023-07-22T16:56:12.711-0500] {processor.py:179} INFO - Processing /Users/abhishekpatkar/Documents/Projects/af_file_loader/venv/lib/python3.11/site-packages/airflow/example_dags/example_xcom.py took 1.319 seconds
[2023-07-22T16:59:08.779-0500] {processor.py:157} INFO - Started process (PID=22062) to work on /Users/abhishekpatkar/Documents/Projects/af_file_loader/venv/lib/python3.11/site-packages/airflow/example_dags/example_xcom.py
[2023-07-22T16:59:08.784-0500] {processor.py:826} INFO - Processing file /Users/abhishekpatkar/Documents/Projects/af_file_loader/venv/lib/python3.11/site-packages/airflow/example_dags/example_xcom.py for tasks to queue
[2023-07-22T16:59:08.785-0500] {logging_mixin.py:150} INFO - [2023-07-22T16:59:08.784-0500] {dagbag.py:541} INFO - Filling up the DagBag from /Users/abhishekpatkar/Documents/Projects/af_file_loader/venv/lib/python3.11/site-packages/airflow/example_dags/example_xcom.py
[2023-07-22T16:59:08.920-0500] {processor.py:836} INFO - DAG(s) dict_keys(['example_xcom']) retrieved from /Users/abhishekpatkar/Documents/Projects/af_file_loader/venv/lib/python3.11/site-packages/airflow/example_dags/example_xcom.py
[2023-07-22T16:59:09.916-0500] {logging_mixin.py:150} INFO - [2023-07-22T16:59:09.916-0500] {dag.py:2742} INFO - Sync 1 DAGs
[2023-07-22T16:59:09.951-0500] {logging_mixin.py:150} INFO - [2023-07-22T16:59:09.950-0500] {dag.py:3504} INFO - Setting next_dagrun for example_xcom to 2021-01-01T00:00:00+00:00, run_after=2021-01-01T00:00:00+00:00
[2023-07-22T16:59:09.992-0500] {processor.py:179} INFO - Processing /Users/abhishekpatkar/Documents/Projects/af_file_loader/venv/lib/python3.11/site-packages/airflow/example_dags/example_xcom.py took 1.214 seconds
[2023-07-22T17:03:14.516-0500] {processor.py:157} INFO - Started process (PID=22237) to work on /Users/abhishekpatkar/Documents/Projects/af_file_loader/venv/lib/python3.11/site-packages/airflow/example_dags/example_xcom.py
[2023-07-22T17:03:14.521-0500] {processor.py:826} INFO - Processing file /Users/abhishekpatkar/Documents/Projects/af_file_loader/venv/lib/python3.11/site-packages/airflow/example_dags/example_xcom.py for tasks to queue
[2023-07-22T17:03:14.521-0500] {logging_mixin.py:150} INFO - [2023-07-22T17:03:14.521-0500] {dagbag.py:541} INFO - Filling up the DagBag from /Users/abhishekpatkar/Documents/Projects/af_file_loader/venv/lib/python3.11/site-packages/airflow/example_dags/example_xcom.py
[2023-07-22T17:03:14.607-0500] {processor.py:836} INFO - DAG(s) dict_keys(['example_xcom']) retrieved from /Users/abhishekpatkar/Documents/Projects/af_file_loader/venv/lib/python3.11/site-packages/airflow/example_dags/example_xcom.py
[2023-07-22T17:03:15.285-0500] {logging_mixin.py:150} INFO - [2023-07-22T17:03:15.285-0500] {dag.py:2742} INFO - Sync 1 DAGs
[2023-07-22T17:03:15.301-0500] {logging_mixin.py:150} INFO - [2023-07-22T17:03:15.301-0500] {dag.py:3504} INFO - Setting next_dagrun for example_xcom to 2021-01-01T00:00:00+00:00, run_after=2021-01-01T00:00:00+00:00
[2023-07-22T17:03:15.323-0500] {processor.py:179} INFO - Processing /Users/abhishekpatkar/Documents/Projects/af_file_loader/venv/lib/python3.11/site-packages/airflow/example_dags/example_xcom.py took 0.808 seconds
[2023-07-22T17:05:29.948-0500] {processor.py:157} INFO - Started process (PID=22322) to work on /Users/abhishekpatkar/Documents/Projects/af_file_loader/venv/lib/python3.11/site-packages/airflow/example_dags/example_xcom.py
[2023-07-22T17:05:29.952-0500] {processor.py:826} INFO - Processing file /Users/abhishekpatkar/Documents/Projects/af_file_loader/venv/lib/python3.11/site-packages/airflow/example_dags/example_xcom.py for tasks to queue
[2023-07-22T17:05:29.953-0500] {logging_mixin.py:150} INFO - [2023-07-22T17:05:29.953-0500] {dagbag.py:541} INFO - Filling up the DagBag from /Users/abhishekpatkar/Documents/Projects/af_file_loader/venv/lib/python3.11/site-packages/airflow/example_dags/example_xcom.py
[2023-07-22T17:05:30.071-0500] {processor.py:836} INFO - DAG(s) dict_keys(['example_xcom']) retrieved from /Users/abhishekpatkar/Documents/Projects/af_file_loader/venv/lib/python3.11/site-packages/airflow/example_dags/example_xcom.py
[2023-07-22T17:05:30.757-0500] {logging_mixin.py:150} INFO - [2023-07-22T17:05:30.756-0500] {dag.py:2742} INFO - Sync 1 DAGs
[2023-07-22T17:05:30.776-0500] {logging_mixin.py:150} INFO - [2023-07-22T17:05:30.776-0500] {dag.py:3504} INFO - Setting next_dagrun for example_xcom to 2021-01-01T00:00:00+00:00, run_after=2021-01-01T00:00:00+00:00
[2023-07-22T17:05:30.802-0500] {processor.py:179} INFO - Processing /Users/abhishekpatkar/Documents/Projects/af_file_loader/venv/lib/python3.11/site-packages/airflow/example_dags/example_xcom.py took 0.855 seconds
[2023-07-22T17:07:25.167-0500] {processor.py:157} INFO - Started process (PID=22399) to work on /Users/abhishekpatkar/Documents/Projects/af_file_loader/venv/lib/python3.11/site-packages/airflow/example_dags/example_xcom.py
[2023-07-22T17:07:25.173-0500] {processor.py:826} INFO - Processing file /Users/abhishekpatkar/Documents/Projects/af_file_loader/venv/lib/python3.11/site-packages/airflow/example_dags/example_xcom.py for tasks to queue
[2023-07-22T17:07:25.173-0500] {logging_mixin.py:150} INFO - [2023-07-22T17:07:25.173-0500] {dagbag.py:541} INFO - Filling up the DagBag from /Users/abhishekpatkar/Documents/Projects/af_file_loader/venv/lib/python3.11/site-packages/airflow/example_dags/example_xcom.py
[2023-07-22T17:07:25.274-0500] {processor.py:836} INFO - DAG(s) dict_keys(['example_xcom']) retrieved from /Users/abhishekpatkar/Documents/Projects/af_file_loader/venv/lib/python3.11/site-packages/airflow/example_dags/example_xcom.py
[2023-07-22T17:07:25.938-0500] {logging_mixin.py:150} INFO - [2023-07-22T17:07:25.938-0500] {dag.py:2742} INFO - Sync 1 DAGs
[2023-07-22T17:07:25.956-0500] {logging_mixin.py:150} INFO - [2023-07-22T17:07:25.955-0500] {dag.py:3504} INFO - Setting next_dagrun for example_xcom to 2021-01-01T00:00:00+00:00, run_after=2021-01-01T00:00:00+00:00
[2023-07-22T17:07:25.979-0500] {processor.py:179} INFO - Processing /Users/abhishekpatkar/Documents/Projects/af_file_loader/venv/lib/python3.11/site-packages/airflow/example_dags/example_xcom.py took 0.813 seconds
[2023-07-22T17:09:27.397-0500] {processor.py:157} INFO - Started process (PID=22487) to work on /Users/abhishekpatkar/Documents/Projects/af_file_loader/venv/lib/python3.11/site-packages/airflow/example_dags/example_xcom.py
[2023-07-22T17:09:27.402-0500] {processor.py:826} INFO - Processing file /Users/abhishekpatkar/Documents/Projects/af_file_loader/venv/lib/python3.11/site-packages/airflow/example_dags/example_xcom.py for tasks to queue
[2023-07-22T17:09:27.402-0500] {logging_mixin.py:150} INFO - [2023-07-22T17:09:27.402-0500] {dagbag.py:541} INFO - Filling up the DagBag from /Users/abhishekpatkar/Documents/Projects/af_file_loader/venv/lib/python3.11/site-packages/airflow/example_dags/example_xcom.py
[2023-07-22T17:09:27.515-0500] {processor.py:836} INFO - DAG(s) dict_keys(['example_xcom']) retrieved from /Users/abhishekpatkar/Documents/Projects/af_file_loader/venv/lib/python3.11/site-packages/airflow/example_dags/example_xcom.py
[2023-07-22T17:09:28.211-0500] {logging_mixin.py:150} INFO - [2023-07-22T17:09:28.210-0500] {dag.py:2742} INFO - Sync 1 DAGs
[2023-07-22T17:09:28.230-0500] {logging_mixin.py:150} INFO - [2023-07-22T17:09:28.230-0500] {dag.py:3504} INFO - Setting next_dagrun for example_xcom to 2021-01-01T00:00:00+00:00, run_after=2021-01-01T00:00:00+00:00
[2023-07-22T17:09:28.257-0500] {processor.py:179} INFO - Processing /Users/abhishekpatkar/Documents/Projects/af_file_loader/venv/lib/python3.11/site-packages/airflow/example_dags/example_xcom.py took 0.861 seconds
[2023-07-22T17:11:28.297-0500] {processor.py:157} INFO - Started process (PID=22562) to work on /Users/abhishekpatkar/Documents/Projects/af_file_loader/venv/lib/python3.11/site-packages/airflow/example_dags/example_xcom.py
[2023-07-22T17:11:28.302-0500] {processor.py:826} INFO - Processing file /Users/abhishekpatkar/Documents/Projects/af_file_loader/venv/lib/python3.11/site-packages/airflow/example_dags/example_xcom.py for tasks to queue
[2023-07-22T17:11:28.302-0500] {logging_mixin.py:150} INFO - [2023-07-22T17:11:28.302-0500] {dagbag.py:541} INFO - Filling up the DagBag from /Users/abhishekpatkar/Documents/Projects/af_file_loader/venv/lib/python3.11/site-packages/airflow/example_dags/example_xcom.py
[2023-07-22T17:11:28.405-0500] {processor.py:836} INFO - DAG(s) dict_keys(['example_xcom']) retrieved from /Users/abhishekpatkar/Documents/Projects/af_file_loader/venv/lib/python3.11/site-packages/airflow/example_dags/example_xcom.py
[2023-07-22T17:11:29.152-0500] {logging_mixin.py:150} INFO - [2023-07-22T17:11:29.151-0500] {dag.py:2742} INFO - Sync 1 DAGs
[2023-07-22T17:11:29.169-0500] {logging_mixin.py:150} INFO - [2023-07-22T17:11:29.168-0500] {dag.py:3504} INFO - Setting next_dagrun for example_xcom to 2021-01-01T00:00:00+00:00, run_after=2021-01-01T00:00:00+00:00
[2023-07-22T17:11:29.191-0500] {processor.py:179} INFO - Processing /Users/abhishekpatkar/Documents/Projects/af_file_loader/venv/lib/python3.11/site-packages/airflow/example_dags/example_xcom.py took 0.895 seconds
[2023-07-22T17:13:27.050-0500] {processor.py:157} INFO - Started process (PID=22636) to work on /Users/abhishekpatkar/Documents/Projects/af_file_loader/venv/lib/python3.11/site-packages/airflow/example_dags/example_xcom.py
[2023-07-22T17:13:27.055-0500] {processor.py:826} INFO - Processing file /Users/abhishekpatkar/Documents/Projects/af_file_loader/venv/lib/python3.11/site-packages/airflow/example_dags/example_xcom.py for tasks to queue
[2023-07-22T17:13:27.056-0500] {logging_mixin.py:150} INFO - [2023-07-22T17:13:27.056-0500] {dagbag.py:541} INFO - Filling up the DagBag from /Users/abhishekpatkar/Documents/Projects/af_file_loader/venv/lib/python3.11/site-packages/airflow/example_dags/example_xcom.py
[2023-07-22T17:13:27.152-0500] {processor.py:836} INFO - DAG(s) dict_keys(['example_xcom']) retrieved from /Users/abhishekpatkar/Documents/Projects/af_file_loader/venv/lib/python3.11/site-packages/airflow/example_dags/example_xcom.py
[2023-07-22T17:13:27.829-0500] {logging_mixin.py:150} INFO - [2023-07-22T17:13:27.829-0500] {dag.py:2742} INFO - Sync 1 DAGs
[2023-07-22T17:13:27.848-0500] {logging_mixin.py:150} INFO - [2023-07-22T17:13:27.848-0500] {dag.py:3504} INFO - Setting next_dagrun for example_xcom to 2021-01-01T00:00:00+00:00, run_after=2021-01-01T00:00:00+00:00
[2023-07-22T17:13:27.871-0500] {processor.py:179} INFO - Processing /Users/abhishekpatkar/Documents/Projects/af_file_loader/venv/lib/python3.11/site-packages/airflow/example_dags/example_xcom.py took 0.822 seconds
[2023-07-22T17:15:25.920-0500] {processor.py:157} INFO - Started process (PID=22711) to work on /Users/abhishekpatkar/Documents/Projects/af_file_loader/venv/lib/python3.11/site-packages/airflow/example_dags/example_xcom.py
[2023-07-22T17:15:25.926-0500] {processor.py:826} INFO - Processing file /Users/abhishekpatkar/Documents/Projects/af_file_loader/venv/lib/python3.11/site-packages/airflow/example_dags/example_xcom.py for tasks to queue
[2023-07-22T17:15:25.927-0500] {logging_mixin.py:150} INFO - [2023-07-22T17:15:25.927-0500] {dagbag.py:541} INFO - Filling up the DagBag from /Users/abhishekpatkar/Documents/Projects/af_file_loader/venv/lib/python3.11/site-packages/airflow/example_dags/example_xcom.py
[2023-07-22T17:15:26.017-0500] {processor.py:836} INFO - DAG(s) dict_keys(['example_xcom']) retrieved from /Users/abhishekpatkar/Documents/Projects/af_file_loader/venv/lib/python3.11/site-packages/airflow/example_dags/example_xcom.py
[2023-07-22T17:15:26.677-0500] {logging_mixin.py:150} INFO - [2023-07-22T17:15:26.676-0500] {dag.py:2742} INFO - Sync 1 DAGs
[2023-07-22T17:15:26.695-0500] {logging_mixin.py:150} INFO - [2023-07-22T17:15:26.695-0500] {dag.py:3504} INFO - Setting next_dagrun for example_xcom to 2021-01-01T00:00:00+00:00, run_after=2021-01-01T00:00:00+00:00
[2023-07-22T17:15:26.718-0500] {processor.py:179} INFO - Processing /Users/abhishekpatkar/Documents/Projects/af_file_loader/venv/lib/python3.11/site-packages/airflow/example_dags/example_xcom.py took 0.799 seconds
[2023-07-22T17:17:42.817-0500] {processor.py:157} INFO - Started process (PID=22810) to work on /Users/abhishekpatkar/Documents/Projects/af_file_loader/venv/lib/python3.11/site-packages/airflow/example_dags/example_xcom.py
[2023-07-22T17:17:42.823-0500] {processor.py:826} INFO - Processing file /Users/abhishekpatkar/Documents/Projects/af_file_loader/venv/lib/python3.11/site-packages/airflow/example_dags/example_xcom.py for tasks to queue
[2023-07-22T17:17:42.823-0500] {logging_mixin.py:150} INFO - [2023-07-22T17:17:42.823-0500] {dagbag.py:541} INFO - Filling up the DagBag from /Users/abhishekpatkar/Documents/Projects/af_file_loader/venv/lib/python3.11/site-packages/airflow/example_dags/example_xcom.py
[2023-07-22T17:17:42.924-0500] {processor.py:836} INFO - DAG(s) dict_keys(['example_xcom']) retrieved from /Users/abhishekpatkar/Documents/Projects/af_file_loader/venv/lib/python3.11/site-packages/airflow/example_dags/example_xcom.py
[2023-07-22T17:17:43.643-0500] {logging_mixin.py:150} INFO - [2023-07-22T17:17:43.643-0500] {dag.py:2742} INFO - Sync 1 DAGs
[2023-07-22T17:17:43.660-0500] {logging_mixin.py:150} INFO - [2023-07-22T17:17:43.660-0500] {dag.py:3504} INFO - Setting next_dagrun for example_xcom to 2021-01-01T00:00:00+00:00, run_after=2021-01-01T00:00:00+00:00
[2023-07-22T17:17:43.682-0500] {processor.py:179} INFO - Processing /Users/abhishekpatkar/Documents/Projects/af_file_loader/venv/lib/python3.11/site-packages/airflow/example_dags/example_xcom.py took 0.866 seconds
[2023-07-22T17:20:16.458-0500] {processor.py:157} INFO - Started process (PID=22942) to work on /Users/abhishekpatkar/Documents/Projects/af_file_loader/venv/lib/python3.11/site-packages/airflow/example_dags/example_xcom.py
[2023-07-22T17:20:16.466-0500] {processor.py:826} INFO - Processing file /Users/abhishekpatkar/Documents/Projects/af_file_loader/venv/lib/python3.11/site-packages/airflow/example_dags/example_xcom.py for tasks to queue
[2023-07-22T17:20:16.476-0500] {logging_mixin.py:150} INFO - [2023-07-22T17:20:16.476-0500] {dagbag.py:541} INFO - Filling up the DagBag from /Users/abhishekpatkar/Documents/Projects/af_file_loader/venv/lib/python3.11/site-packages/airflow/example_dags/example_xcom.py
[2023-07-22T17:20:16.590-0500] {processor.py:836} INFO - DAG(s) dict_keys(['example_xcom']) retrieved from /Users/abhishekpatkar/Documents/Projects/af_file_loader/venv/lib/python3.11/site-packages/airflow/example_dags/example_xcom.py
[2023-07-22T17:20:17.389-0500] {logging_mixin.py:150} INFO - [2023-07-22T17:20:17.388-0500] {dag.py:2742} INFO - Sync 1 DAGs
[2023-07-22T17:20:17.413-0500] {logging_mixin.py:150} INFO - [2023-07-22T17:20:17.412-0500] {dag.py:3504} INFO - Setting next_dagrun for example_xcom to 2021-01-01T00:00:00+00:00, run_after=2021-01-01T00:00:00+00:00
[2023-07-22T17:20:17.464-0500] {processor.py:179} INFO - Processing /Users/abhishekpatkar/Documents/Projects/af_file_loader/venv/lib/python3.11/site-packages/airflow/example_dags/example_xcom.py took 1.007 seconds
[2023-07-22T17:22:18.013-0500] {processor.py:157} INFO - Started process (PID=23026) to work on /Users/abhishekpatkar/Documents/Projects/af_file_loader/venv/lib/python3.11/site-packages/airflow/example_dags/example_xcom.py
[2023-07-22T17:22:18.017-0500] {processor.py:826} INFO - Processing file /Users/abhishekpatkar/Documents/Projects/af_file_loader/venv/lib/python3.11/site-packages/airflow/example_dags/example_xcom.py for tasks to queue
[2023-07-22T17:22:18.018-0500] {logging_mixin.py:150} INFO - [2023-07-22T17:22:18.018-0500] {dagbag.py:541} INFO - Filling up the DagBag from /Users/abhishekpatkar/Documents/Projects/af_file_loader/venv/lib/python3.11/site-packages/airflow/example_dags/example_xcom.py
[2023-07-22T17:22:18.115-0500] {processor.py:836} INFO - DAG(s) dict_keys(['example_xcom']) retrieved from /Users/abhishekpatkar/Documents/Projects/af_file_loader/venv/lib/python3.11/site-packages/airflow/example_dags/example_xcom.py
[2023-07-22T17:22:18.801-0500] {logging_mixin.py:150} INFO - [2023-07-22T17:22:18.801-0500] {dag.py:2742} INFO - Sync 1 DAGs
[2023-07-22T17:22:18.817-0500] {logging_mixin.py:150} INFO - [2023-07-22T17:22:18.817-0500] {dag.py:3504} INFO - Setting next_dagrun for example_xcom to 2021-01-01T00:00:00+00:00, run_after=2021-01-01T00:00:00+00:00
[2023-07-22T17:22:18.839-0500] {processor.py:179} INFO - Processing /Users/abhishekpatkar/Documents/Projects/af_file_loader/venv/lib/python3.11/site-packages/airflow/example_dags/example_xcom.py took 0.827 seconds
[2023-07-22T17:26:44.413-0500] {processor.py:157} INFO - Started process (PID=23208) to work on /Users/abhishekpatkar/Documents/Projects/af_file_loader/venv/lib/python3.11/site-packages/airflow/example_dags/example_xcom.py
[2023-07-22T17:26:44.430-0500] {processor.py:826} INFO - Processing file /Users/abhishekpatkar/Documents/Projects/af_file_loader/venv/lib/python3.11/site-packages/airflow/example_dags/example_xcom.py for tasks to queue
[2023-07-22T17:26:44.431-0500] {logging_mixin.py:150} INFO - [2023-07-22T17:26:44.431-0500] {dagbag.py:541} INFO - Filling up the DagBag from /Users/abhishekpatkar/Documents/Projects/af_file_loader/venv/lib/python3.11/site-packages/airflow/example_dags/example_xcom.py
[2023-07-22T17:26:44.834-0500] {processor.py:836} INFO - DAG(s) dict_keys(['example_xcom']) retrieved from /Users/abhishekpatkar/Documents/Projects/af_file_loader/venv/lib/python3.11/site-packages/airflow/example_dags/example_xcom.py
[2023-07-22T17:26:47.001-0500] {logging_mixin.py:150} INFO - [2023-07-22T17:26:46.995-0500] {dag.py:2742} INFO - Sync 1 DAGs
[2023-07-22T17:26:47.080-0500] {logging_mixin.py:150} INFO - [2023-07-22T17:26:47.080-0500] {dag.py:3504} INFO - Setting next_dagrun for example_xcom to 2021-01-01T00:00:00+00:00, run_after=2021-01-01T00:00:00+00:00
[2023-07-22T17:26:47.161-0500] {processor.py:179} INFO - Processing /Users/abhishekpatkar/Documents/Projects/af_file_loader/venv/lib/python3.11/site-packages/airflow/example_dags/example_xcom.py took 2.748 seconds
[2023-07-22T17:30:40.455-0500] {processor.py:157} INFO - Started process (PID=23371) to work on /Users/abhishekpatkar/Documents/Projects/af_file_loader/venv/lib/python3.11/site-packages/airflow/example_dags/example_xcom.py
[2023-07-22T17:30:40.460-0500] {processor.py:826} INFO - Processing file /Users/abhishekpatkar/Documents/Projects/af_file_loader/venv/lib/python3.11/site-packages/airflow/example_dags/example_xcom.py for tasks to queue
[2023-07-22T17:30:40.460-0500] {logging_mixin.py:150} INFO - [2023-07-22T17:30:40.460-0500] {dagbag.py:541} INFO - Filling up the DagBag from /Users/abhishekpatkar/Documents/Projects/af_file_loader/venv/lib/python3.11/site-packages/airflow/example_dags/example_xcom.py
[2023-07-22T17:30:40.547-0500] {processor.py:836} INFO - DAG(s) dict_keys(['example_xcom']) retrieved from /Users/abhishekpatkar/Documents/Projects/af_file_loader/venv/lib/python3.11/site-packages/airflow/example_dags/example_xcom.py
[2023-07-22T17:30:41.264-0500] {logging_mixin.py:150} INFO - [2023-07-22T17:30:41.264-0500] {dag.py:2742} INFO - Sync 1 DAGs
[2023-07-22T17:30:41.284-0500] {logging_mixin.py:150} INFO - [2023-07-22T17:30:41.284-0500] {dag.py:3504} INFO - Setting next_dagrun for example_xcom to 2021-01-01T00:00:00+00:00, run_after=2021-01-01T00:00:00+00:00
[2023-07-22T17:30:41.317-0500] {processor.py:179} INFO - Processing /Users/abhishekpatkar/Documents/Projects/af_file_loader/venv/lib/python3.11/site-packages/airflow/example_dags/example_xcom.py took 0.863 seconds
[2023-07-22T17:32:50.050-0500] {processor.py:157} INFO - Started process (PID=23455) to work on /Users/abhishekpatkar/Documents/Projects/af_file_loader/venv/lib/python3.11/site-packages/airflow/example_dags/example_xcom.py
[2023-07-22T17:32:50.055-0500] {processor.py:826} INFO - Processing file /Users/abhishekpatkar/Documents/Projects/af_file_loader/venv/lib/python3.11/site-packages/airflow/example_dags/example_xcom.py for tasks to queue
[2023-07-22T17:32:50.056-0500] {logging_mixin.py:150} INFO - [2023-07-22T17:32:50.056-0500] {dagbag.py:541} INFO - Filling up the DagBag from /Users/abhishekpatkar/Documents/Projects/af_file_loader/venv/lib/python3.11/site-packages/airflow/example_dags/example_xcom.py
[2023-07-22T17:32:50.139-0500] {processor.py:836} INFO - DAG(s) dict_keys(['example_xcom']) retrieved from /Users/abhishekpatkar/Documents/Projects/af_file_loader/venv/lib/python3.11/site-packages/airflow/example_dags/example_xcom.py
[2023-07-22T17:32:50.741-0500] {logging_mixin.py:150} INFO - [2023-07-22T17:32:50.740-0500] {dag.py:2742} INFO - Sync 1 DAGs
[2023-07-22T17:32:50.756-0500] {logging_mixin.py:150} INFO - [2023-07-22T17:32:50.756-0500] {dag.py:3504} INFO - Setting next_dagrun for example_xcom to 2021-01-01T00:00:00+00:00, run_after=2021-01-01T00:00:00+00:00
[2023-07-22T17:32:50.776-0500] {processor.py:179} INFO - Processing /Users/abhishekpatkar/Documents/Projects/af_file_loader/venv/lib/python3.11/site-packages/airflow/example_dags/example_xcom.py took 0.726 seconds
[2023-07-22T17:34:45.285-0500] {processor.py:157} INFO - Started process (PID=23526) to work on /Users/abhishekpatkar/Documents/Projects/af_file_loader/venv/lib/python3.11/site-packages/airflow/example_dags/example_xcom.py
[2023-07-22T17:34:45.290-0500] {processor.py:826} INFO - Processing file /Users/abhishekpatkar/Documents/Projects/af_file_loader/venv/lib/python3.11/site-packages/airflow/example_dags/example_xcom.py for tasks to queue
[2023-07-22T17:34:45.291-0500] {logging_mixin.py:150} INFO - [2023-07-22T17:34:45.290-0500] {dagbag.py:541} INFO - Filling up the DagBag from /Users/abhishekpatkar/Documents/Projects/af_file_loader/venv/lib/python3.11/site-packages/airflow/example_dags/example_xcom.py
[2023-07-22T17:34:45.409-0500] {processor.py:836} INFO - DAG(s) dict_keys(['example_xcom']) retrieved from /Users/abhishekpatkar/Documents/Projects/af_file_loader/venv/lib/python3.11/site-packages/airflow/example_dags/example_xcom.py
[2023-07-22T17:34:46.238-0500] {logging_mixin.py:150} INFO - [2023-07-22T17:34:46.238-0500] {dag.py:2742} INFO - Sync 1 DAGs
[2023-07-22T17:34:46.255-0500] {logging_mixin.py:150} INFO - [2023-07-22T17:34:46.255-0500] {dag.py:3504} INFO - Setting next_dagrun for example_xcom to 2021-01-01T00:00:00+00:00, run_after=2021-01-01T00:00:00+00:00
[2023-07-22T17:34:46.279-0500] {processor.py:179} INFO - Processing /Users/abhishekpatkar/Documents/Projects/af_file_loader/venv/lib/python3.11/site-packages/airflow/example_dags/example_xcom.py took 0.995 seconds
[2023-07-22T17:37:40.506-0500] {processor.py:157} INFO - Started process (PID=23651) to work on /Users/abhishekpatkar/Documents/Projects/af_file_loader/venv/lib/python3.11/site-packages/airflow/example_dags/example_xcom.py
[2023-07-22T17:37:40.512-0500] {processor.py:826} INFO - Processing file /Users/abhishekpatkar/Documents/Projects/af_file_loader/venv/lib/python3.11/site-packages/airflow/example_dags/example_xcom.py for tasks to queue
[2023-07-22T17:37:40.512-0500] {logging_mixin.py:150} INFO - [2023-07-22T17:37:40.512-0500] {dagbag.py:541} INFO - Filling up the DagBag from /Users/abhishekpatkar/Documents/Projects/af_file_loader/venv/lib/python3.11/site-packages/airflow/example_dags/example_xcom.py
[2023-07-22T17:37:40.598-0500] {processor.py:836} INFO - DAG(s) dict_keys(['example_xcom']) retrieved from /Users/abhishekpatkar/Documents/Projects/af_file_loader/venv/lib/python3.11/site-packages/airflow/example_dags/example_xcom.py
[2023-07-22T17:37:41.382-0500] {logging_mixin.py:150} INFO - [2023-07-22T17:37:41.382-0500] {dag.py:2742} INFO - Sync 1 DAGs
[2023-07-22T17:37:41.400-0500] {logging_mixin.py:150} INFO - [2023-07-22T17:37:41.400-0500] {dag.py:3504} INFO - Setting next_dagrun for example_xcom to 2021-01-01T00:00:00+00:00, run_after=2021-01-01T00:00:00+00:00
[2023-07-22T17:37:41.424-0500] {processor.py:179} INFO - Processing /Users/abhishekpatkar/Documents/Projects/af_file_loader/venv/lib/python3.11/site-packages/airflow/example_dags/example_xcom.py took 0.920 seconds
[2023-07-22T17:43:12.415-0500] {processor.py:157} INFO - Started process (PID=23864) to work on /Users/abhishekpatkar/Documents/Projects/af_file_loader/venv/lib/python3.11/site-packages/airflow/example_dags/example_xcom.py
[2023-07-22T17:43:12.421-0500] {processor.py:826} INFO - Processing file /Users/abhishekpatkar/Documents/Projects/af_file_loader/venv/lib/python3.11/site-packages/airflow/example_dags/example_xcom.py for tasks to queue
[2023-07-22T17:43:12.422-0500] {logging_mixin.py:150} INFO - [2023-07-22T17:43:12.421-0500] {dagbag.py:541} INFO - Filling up the DagBag from /Users/abhishekpatkar/Documents/Projects/af_file_loader/venv/lib/python3.11/site-packages/airflow/example_dags/example_xcom.py
[2023-07-22T17:43:12.660-0500] {processor.py:836} INFO - DAG(s) dict_keys(['example_xcom']) retrieved from /Users/abhishekpatkar/Documents/Projects/af_file_loader/venv/lib/python3.11/site-packages/airflow/example_dags/example_xcom.py
[2023-07-22T17:43:14.483-0500] {logging_mixin.py:150} INFO - [2023-07-22T17:43:14.482-0500] {dag.py:2742} INFO - Sync 1 DAGs
[2023-07-22T17:43:14.517-0500] {logging_mixin.py:150} INFO - [2023-07-22T17:43:14.516-0500] {dag.py:3504} INFO - Setting next_dagrun for example_xcom to 2021-01-01T00:00:00+00:00, run_after=2021-01-01T00:00:00+00:00
[2023-07-22T17:43:14.553-0500] {processor.py:179} INFO - Processing /Users/abhishekpatkar/Documents/Projects/af_file_loader/venv/lib/python3.11/site-packages/airflow/example_dags/example_xcom.py took 2.139 seconds
[2023-07-22T17:51:19.589-0500] {processor.py:157} INFO - Started process (PID=24244) to work on /Users/abhishekpatkar/Documents/Projects/af_file_loader/venv/lib/python3.11/site-packages/airflow/example_dags/example_xcom.py
[2023-07-22T17:51:19.604-0500] {processor.py:826} INFO - Processing file /Users/abhishekpatkar/Documents/Projects/af_file_loader/venv/lib/python3.11/site-packages/airflow/example_dags/example_xcom.py for tasks to queue
[2023-07-22T17:51:19.605-0500] {logging_mixin.py:150} INFO - [2023-07-22T17:51:19.604-0500] {dagbag.py:541} INFO - Filling up the DagBag from /Users/abhishekpatkar/Documents/Projects/af_file_loader/venv/lib/python3.11/site-packages/airflow/example_dags/example_xcom.py
[2023-07-22T17:51:19.701-0500] {processor.py:836} INFO - DAG(s) dict_keys(['example_xcom']) retrieved from /Users/abhishekpatkar/Documents/Projects/af_file_loader/venv/lib/python3.11/site-packages/airflow/example_dags/example_xcom.py
[2023-07-22T17:51:21.457-0500] {logging_mixin.py:150} INFO - [2023-07-22T17:51:21.457-0500] {dag.py:2742} INFO - Sync 1 DAGs
[2023-07-22T17:51:21.494-0500] {logging_mixin.py:150} INFO - [2023-07-22T17:51:21.494-0500] {dag.py:3504} INFO - Setting next_dagrun for example_xcom to 2021-01-01T00:00:00+00:00, run_after=2021-01-01T00:00:00+00:00
[2023-07-22T17:51:21.526-0500] {processor.py:179} INFO - Processing /Users/abhishekpatkar/Documents/Projects/af_file_loader/venv/lib/python3.11/site-packages/airflow/example_dags/example_xcom.py took 1.937 seconds
[2023-07-22T17:56:31.807-0500] {processor.py:157} INFO - Started process (PID=24501) to work on /Users/abhishekpatkar/Documents/Projects/af_file_loader/venv/lib/python3.11/site-packages/airflow/example_dags/example_xcom.py
[2023-07-22T17:56:31.829-0500] {processor.py:826} INFO - Processing file /Users/abhishekpatkar/Documents/Projects/af_file_loader/venv/lib/python3.11/site-packages/airflow/example_dags/example_xcom.py for tasks to queue
[2023-07-22T17:56:31.832-0500] {logging_mixin.py:150} INFO - [2023-07-22T17:56:31.831-0500] {dagbag.py:541} INFO - Filling up the DagBag from /Users/abhishekpatkar/Documents/Projects/af_file_loader/venv/lib/python3.11/site-packages/airflow/example_dags/example_xcom.py
[2023-07-22T17:56:32.851-0500] {processor.py:836} INFO - DAG(s) dict_keys(['example_xcom']) retrieved from /Users/abhishekpatkar/Documents/Projects/af_file_loader/venv/lib/python3.11/site-packages/airflow/example_dags/example_xcom.py
[2023-07-22T17:56:36.583-0500] {logging_mixin.py:150} INFO - [2023-07-22T17:56:36.582-0500] {dag.py:2742} INFO - Sync 1 DAGs
[2023-07-22T17:56:36.650-0500] {logging_mixin.py:150} INFO - [2023-07-22T17:56:36.650-0500] {dag.py:3504} INFO - Setting next_dagrun for example_xcom to 2021-01-01T00:00:00+00:00, run_after=2021-01-01T00:00:00+00:00
[2023-07-22T17:56:36.672-0500] {processor.py:179} INFO - Processing /Users/abhishekpatkar/Documents/Projects/af_file_loader/venv/lib/python3.11/site-packages/airflow/example_dags/example_xcom.py took 4.867 seconds
[2023-07-22T18:00:51.330-0500] {processor.py:157} INFO - Started process (PID=24698) to work on /Users/abhishekpatkar/Documents/Projects/af_file_loader/venv/lib/python3.11/site-packages/airflow/example_dags/example_xcom.py
[2023-07-22T18:00:51.340-0500] {processor.py:826} INFO - Processing file /Users/abhishekpatkar/Documents/Projects/af_file_loader/venv/lib/python3.11/site-packages/airflow/example_dags/example_xcom.py for tasks to queue
[2023-07-22T18:00:51.341-0500] {logging_mixin.py:150} INFO - [2023-07-22T18:00:51.340-0500] {dagbag.py:541} INFO - Filling up the DagBag from /Users/abhishekpatkar/Documents/Projects/af_file_loader/venv/lib/python3.11/site-packages/airflow/example_dags/example_xcom.py
[2023-07-22T18:00:51.499-0500] {processor.py:836} INFO - DAG(s) dict_keys(['example_xcom']) retrieved from /Users/abhishekpatkar/Documents/Projects/af_file_loader/venv/lib/python3.11/site-packages/airflow/example_dags/example_xcom.py
[2023-07-22T18:00:52.964-0500] {logging_mixin.py:150} INFO - [2023-07-22T18:00:52.964-0500] {dag.py:2742} INFO - Sync 1 DAGs
[2023-07-22T18:00:52.995-0500] {logging_mixin.py:150} INFO - [2023-07-22T18:00:52.995-0500] {dag.py:3504} INFO - Setting next_dagrun for example_xcom to 2021-01-01T00:00:00+00:00, run_after=2021-01-01T00:00:00+00:00
[2023-07-22T18:00:53.030-0500] {processor.py:179} INFO - Processing /Users/abhishekpatkar/Documents/Projects/af_file_loader/venv/lib/python3.11/site-packages/airflow/example_dags/example_xcom.py took 1.701 seconds
[2023-07-22T18:04:54.270-0500] {processor.py:157} INFO - Started process (PID=24841) to work on /Users/abhishekpatkar/Documents/Projects/af_file_loader/venv/lib/python3.11/site-packages/airflow/example_dags/example_xcom.py
[2023-07-22T18:04:54.275-0500] {processor.py:826} INFO - Processing file /Users/abhishekpatkar/Documents/Projects/af_file_loader/venv/lib/python3.11/site-packages/airflow/example_dags/example_xcom.py for tasks to queue
[2023-07-22T18:04:54.275-0500] {logging_mixin.py:150} INFO - [2023-07-22T18:04:54.275-0500] {dagbag.py:541} INFO - Filling up the DagBag from /Users/abhishekpatkar/Documents/Projects/af_file_loader/venv/lib/python3.11/site-packages/airflow/example_dags/example_xcom.py
[2023-07-22T18:04:54.362-0500] {processor.py:836} INFO - DAG(s) dict_keys(['example_xcom']) retrieved from /Users/abhishekpatkar/Documents/Projects/af_file_loader/venv/lib/python3.11/site-packages/airflow/example_dags/example_xcom.py
[2023-07-22T18:04:55.807-0500] {logging_mixin.py:150} INFO - [2023-07-22T18:04:55.806-0500] {dag.py:2742} INFO - Sync 1 DAGs
[2023-07-22T18:04:55.973-0500] {logging_mixin.py:150} INFO - [2023-07-22T18:04:55.973-0500] {dag.py:3504} INFO - Setting next_dagrun for example_xcom to 2021-01-01T00:00:00+00:00, run_after=2021-01-01T00:00:00+00:00
[2023-07-22T18:04:56.034-0500] {processor.py:179} INFO - Processing /Users/abhishekpatkar/Documents/Projects/af_file_loader/venv/lib/python3.11/site-packages/airflow/example_dags/example_xcom.py took 1.765 seconds
[2023-07-22T18:07:52.466-0500] {processor.py:157} INFO - Started process (PID=24939) to work on /Users/abhishekpatkar/Documents/Projects/af_file_loader/venv/lib/python3.11/site-packages/airflow/example_dags/example_xcom.py
[2023-07-22T18:07:52.470-0500] {processor.py:826} INFO - Processing file /Users/abhishekpatkar/Documents/Projects/af_file_loader/venv/lib/python3.11/site-packages/airflow/example_dags/example_xcom.py for tasks to queue
[2023-07-22T18:07:52.471-0500] {logging_mixin.py:150} INFO - [2023-07-22T18:07:52.471-0500] {dagbag.py:541} INFO - Filling up the DagBag from /Users/abhishekpatkar/Documents/Projects/af_file_loader/venv/lib/python3.11/site-packages/airflow/example_dags/example_xcom.py
[2023-07-22T18:07:52.597-0500] {processor.py:836} INFO - DAG(s) dict_keys(['example_xcom']) retrieved from /Users/abhishekpatkar/Documents/Projects/af_file_loader/venv/lib/python3.11/site-packages/airflow/example_dags/example_xcom.py
[2023-07-22T18:07:54.120-0500] {logging_mixin.py:150} INFO - [2023-07-22T18:07:54.120-0500] {dag.py:2742} INFO - Sync 1 DAGs
[2023-07-22T18:07:54.141-0500] {logging_mixin.py:150} INFO - [2023-07-22T18:07:54.140-0500] {dag.py:3504} INFO - Setting next_dagrun for example_xcom to 2021-01-01T00:00:00+00:00, run_after=2021-01-01T00:00:00+00:00
[2023-07-22T18:07:54.160-0500] {processor.py:179} INFO - Processing /Users/abhishekpatkar/Documents/Projects/af_file_loader/venv/lib/python3.11/site-packages/airflow/example_dags/example_xcom.py took 1.695 seconds
