[2023-07-22T14:52:09.774-0500] {processor.py:157} INFO - Started process (PID=16647) to work on /Users/abhishekpatkar/Documents/Projects/af_file_loader/venv/lib/python3.11/site-packages/airflow/example_dags/example_external_task_marker_dag.py
[2023-07-22T14:52:09.778-0500] {processor.py:826} INFO - Processing file /Users/abhishekpatkar/Documents/Projects/af_file_loader/venv/lib/python3.11/site-packages/airflow/example_dags/example_external_task_marker_dag.py for tasks to queue
[2023-07-22T14:52:09.779-0500] {logging_mixin.py:150} INFO - [2023-07-22T14:52:09.779-0500] {dagbag.py:541} INFO - Filling up the DagBag from /Users/abhishekpatkar/Documents/Projects/af_file_loader/venv/lib/python3.11/site-packages/airflow/example_dags/example_external_task_marker_dag.py
[2023-07-22T14:52:09.806-0500] {processor.py:836} INFO - DAG(s) dict_keys(['example_external_task_marker_parent', 'example_external_task_marker_child']) retrieved from /Users/abhishekpatkar/Documents/Projects/af_file_loader/venv/lib/python3.11/site-packages/airflow/example_dags/example_external_task_marker_dag.py
[2023-07-22T14:52:10.793-0500] {logging_mixin.py:150} INFO - [2023-07-22T14:52:10.793-0500] {manager.py:504} INFO - Created Permission View: can edit on DAG:example_external_task_marker_parent
[2023-07-22T14:52:10.808-0500] {logging_mixin.py:150} INFO - [2023-07-22T14:52:10.808-0500] {manager.py:504} INFO - Created Permission View: can read on DAG:example_external_task_marker_parent
[2023-07-22T14:52:10.814-0500] {logging_mixin.py:150} INFO - [2023-07-22T14:52:10.814-0500] {manager.py:504} INFO - Created Permission View: can delete on DAG:example_external_task_marker_parent
[2023-07-22T14:52:10.849-0500] {logging_mixin.py:150} INFO - [2023-07-22T14:52:10.849-0500] {manager.py:504} INFO - Created Permission View: can edit on DAG:example_external_task_marker_child
[2023-07-22T14:52:10.860-0500] {logging_mixin.py:150} INFO - [2023-07-22T14:52:10.860-0500] {manager.py:504} INFO - Created Permission View: can read on DAG:example_external_task_marker_child
[2023-07-22T14:52:10.872-0500] {logging_mixin.py:150} INFO - [2023-07-22T14:52:10.872-0500] {manager.py:504} INFO - Created Permission View: can delete on DAG:example_external_task_marker_child
[2023-07-22T14:52:10.879-0500] {logging_mixin.py:150} INFO - [2023-07-22T14:52:10.879-0500] {dag.py:2742} INFO - Sync 2 DAGs
[2023-07-22T14:52:10.890-0500] {logging_mixin.py:150} INFO - [2023-07-22T14:52:10.890-0500] {dag.py:2763} INFO - Creating ORM DAG for example_external_task_marker_child
[2023-07-22T14:52:10.891-0500] {logging_mixin.py:150} INFO - [2023-07-22T14:52:10.891-0500] {dag.py:2763} INFO - Creating ORM DAG for example_external_task_marker_parent
[2023-07-22T14:52:10.899-0500] {logging_mixin.py:150} INFO - [2023-07-22T14:52:10.899-0500] {dag.py:3504} INFO - Setting next_dagrun for example_external_task_marker_child to None, run_after=None
[2023-07-22T14:52:10.900-0500] {logging_mixin.py:150} INFO - [2023-07-22T14:52:10.900-0500] {dag.py:3504} INFO - Setting next_dagrun for example_external_task_marker_parent to None, run_after=None
[2023-07-22T14:52:10.926-0500] {processor.py:179} INFO - Processing /Users/abhishekpatkar/Documents/Projects/af_file_loader/venv/lib/python3.11/site-packages/airflow/example_dags/example_external_task_marker_dag.py took 1.153 seconds
[2023-07-22T14:55:33.535-0500] {processor.py:157} INFO - Started process (PID=16912) to work on /Users/abhishekpatkar/Documents/Projects/af_file_loader/venv/lib/python3.11/site-packages/airflow/example_dags/example_external_task_marker_dag.py
[2023-07-22T14:55:33.539-0500] {processor.py:826} INFO - Processing file /Users/abhishekpatkar/Documents/Projects/af_file_loader/venv/lib/python3.11/site-packages/airflow/example_dags/example_external_task_marker_dag.py for tasks to queue
[2023-07-22T14:55:33.539-0500] {logging_mixin.py:150} INFO - [2023-07-22T14:55:33.539-0500] {dagbag.py:541} INFO - Filling up the DagBag from /Users/abhishekpatkar/Documents/Projects/af_file_loader/venv/lib/python3.11/site-packages/airflow/example_dags/example_external_task_marker_dag.py
[2023-07-22T14:55:33.565-0500] {processor.py:836} INFO - DAG(s) dict_keys(['example_external_task_marker_child', 'example_external_task_marker_parent']) retrieved from /Users/abhishekpatkar/Documents/Projects/af_file_loader/venv/lib/python3.11/site-packages/airflow/example_dags/example_external_task_marker_dag.py
[2023-07-22T14:55:34.248-0500] {logging_mixin.py:150} INFO - [2023-07-22T14:55:34.248-0500] {dag.py:2742} INFO - Sync 2 DAGs
[2023-07-22T14:55:34.272-0500] {logging_mixin.py:150} INFO - [2023-07-22T14:55:34.272-0500] {dag.py:3504} INFO - Setting next_dagrun for example_external_task_marker_child to None, run_after=None
[2023-07-22T14:55:34.276-0500] {logging_mixin.py:150} INFO - [2023-07-22T14:55:34.275-0500] {dag.py:3504} INFO - Setting next_dagrun for example_external_task_marker_parent to None, run_after=None
[2023-07-22T14:55:34.296-0500] {processor.py:179} INFO - Processing /Users/abhishekpatkar/Documents/Projects/af_file_loader/venv/lib/python3.11/site-packages/airflow/example_dags/example_external_task_marker_dag.py took 0.762 seconds
[2023-07-22T15:00:24.343-0500] {processor.py:157} INFO - Started process (PID=17090) to work on /Users/abhishekpatkar/Documents/Projects/af_file_loader/venv/lib/python3.11/site-packages/airflow/example_dags/example_external_task_marker_dag.py
[2023-07-22T15:00:24.348-0500] {processor.py:826} INFO - Processing file /Users/abhishekpatkar/Documents/Projects/af_file_loader/venv/lib/python3.11/site-packages/airflow/example_dags/example_external_task_marker_dag.py for tasks to queue
[2023-07-22T15:00:24.349-0500] {logging_mixin.py:150} INFO - [2023-07-22T15:00:24.349-0500] {dagbag.py:541} INFO - Filling up the DagBag from /Users/abhishekpatkar/Documents/Projects/af_file_loader/venv/lib/python3.11/site-packages/airflow/example_dags/example_external_task_marker_dag.py
[2023-07-22T15:00:24.382-0500] {processor.py:836} INFO - DAG(s) dict_keys(['example_external_task_marker_child', 'example_external_task_marker_parent']) retrieved from /Users/abhishekpatkar/Documents/Projects/af_file_loader/venv/lib/python3.11/site-packages/airflow/example_dags/example_external_task_marker_dag.py
[2023-07-22T15:00:27.281-0500] {logging_mixin.py:150} INFO - [2023-07-22T15:00:27.280-0500] {dag.py:2742} INFO - Sync 2 DAGs
[2023-07-22T15:00:27.325-0500] {logging_mixin.py:150} INFO - [2023-07-22T15:00:27.325-0500] {dag.py:3504} INFO - Setting next_dagrun for example_external_task_marker_child to None, run_after=None
[2023-07-22T15:00:27.336-0500] {logging_mixin.py:150} INFO - [2023-07-22T15:00:27.335-0500] {dag.py:3504} INFO - Setting next_dagrun for example_external_task_marker_parent to None, run_after=None
[2023-07-22T15:00:27.386-0500] {processor.py:179} INFO - Processing /Users/abhishekpatkar/Documents/Projects/af_file_loader/venv/lib/python3.11/site-packages/airflow/example_dags/example_external_task_marker_dag.py took 3.045 seconds
[2023-07-22T15:05:34.688-0500] {processor.py:157} INFO - Started process (PID=17602) to work on /Users/abhishekpatkar/Documents/Projects/af_file_loader/venv/lib/python3.11/site-packages/airflow/example_dags/example_external_task_marker_dag.py
[2023-07-22T15:05:34.695-0500] {processor.py:826} INFO - Processing file /Users/abhishekpatkar/Documents/Projects/af_file_loader/venv/lib/python3.11/site-packages/airflow/example_dags/example_external_task_marker_dag.py for tasks to queue
[2023-07-22T15:05:34.696-0500] {logging_mixin.py:150} INFO - [2023-07-22T15:05:34.696-0500] {dagbag.py:541} INFO - Filling up the DagBag from /Users/abhishekpatkar/Documents/Projects/af_file_loader/venv/lib/python3.11/site-packages/airflow/example_dags/example_external_task_marker_dag.py
[2023-07-22T15:05:34.781-0500] {processor.py:836} INFO - DAG(s) dict_keys(['example_external_task_marker_child', 'example_external_task_marker_parent']) retrieved from /Users/abhishekpatkar/Documents/Projects/af_file_loader/venv/lib/python3.11/site-packages/airflow/example_dags/example_external_task_marker_dag.py
[2023-07-22T15:05:37.112-0500] {logging_mixin.py:150} INFO - [2023-07-22T15:05:37.111-0500] {dag.py:2742} INFO - Sync 2 DAGs
[2023-07-22T15:05:37.195-0500] {logging_mixin.py:150} INFO - [2023-07-22T15:05:37.195-0500] {dag.py:3504} INFO - Setting next_dagrun for example_external_task_marker_child to None, run_after=None
[2023-07-22T15:05:37.200-0500] {logging_mixin.py:150} INFO - [2023-07-22T15:05:37.200-0500] {dag.py:3504} INFO - Setting next_dagrun for example_external_task_marker_parent to None, run_after=None
[2023-07-22T15:05:37.301-0500] {processor.py:179} INFO - Processing /Users/abhishekpatkar/Documents/Projects/af_file_loader/venv/lib/python3.11/site-packages/airflow/example_dags/example_external_task_marker_dag.py took 2.615 seconds
[2023-07-22T15:11:15.924-0500] {processor.py:157} INFO - Started process (PID=17824) to work on /Users/abhishekpatkar/Documents/Projects/af_file_loader/venv/lib/python3.11/site-packages/airflow/example_dags/example_external_task_marker_dag.py
[2023-07-22T15:11:15.934-0500] {processor.py:826} INFO - Processing file /Users/abhishekpatkar/Documents/Projects/af_file_loader/venv/lib/python3.11/site-packages/airflow/example_dags/example_external_task_marker_dag.py for tasks to queue
[2023-07-22T15:11:15.937-0500] {logging_mixin.py:150} INFO - [2023-07-22T15:11:15.937-0500] {dagbag.py:541} INFO - Filling up the DagBag from /Users/abhishekpatkar/Documents/Projects/af_file_loader/venv/lib/python3.11/site-packages/airflow/example_dags/example_external_task_marker_dag.py
[2023-07-22T15:11:15.977-0500] {processor.py:836} INFO - DAG(s) dict_keys(['example_external_task_marker_child', 'example_external_task_marker_parent']) retrieved from /Users/abhishekpatkar/Documents/Projects/af_file_loader/venv/lib/python3.11/site-packages/airflow/example_dags/example_external_task_marker_dag.py
[2023-07-22T15:11:16.962-0500] {logging_mixin.py:150} INFO - [2023-07-22T15:11:16.962-0500] {dag.py:2742} INFO - Sync 2 DAGs
[2023-07-22T15:11:16.985-0500] {logging_mixin.py:150} INFO - [2023-07-22T15:11:16.985-0500] {dag.py:3504} INFO - Setting next_dagrun for example_external_task_marker_child to None, run_after=None
[2023-07-22T15:11:16.989-0500] {logging_mixin.py:150} INFO - [2023-07-22T15:11:16.989-0500] {dag.py:3504} INFO - Setting next_dagrun for example_external_task_marker_parent to None, run_after=None
[2023-07-22T15:11:17.009-0500] {processor.py:179} INFO - Processing /Users/abhishekpatkar/Documents/Projects/af_file_loader/venv/lib/python3.11/site-packages/airflow/example_dags/example_external_task_marker_dag.py took 1.086 seconds
[2023-07-22T15:14:04.379-0500] {processor.py:157} INFO - Started process (PID=17922) to work on /Users/abhishekpatkar/Documents/Projects/af_file_loader/venv/lib/python3.11/site-packages/airflow/example_dags/example_external_task_marker_dag.py
[2023-07-22T15:14:04.387-0500] {processor.py:826} INFO - Processing file /Users/abhishekpatkar/Documents/Projects/af_file_loader/venv/lib/python3.11/site-packages/airflow/example_dags/example_external_task_marker_dag.py for tasks to queue
[2023-07-22T15:14:04.389-0500] {logging_mixin.py:150} INFO - [2023-07-22T15:14:04.389-0500] {dagbag.py:541} INFO - Filling up the DagBag from /Users/abhishekpatkar/Documents/Projects/af_file_loader/venv/lib/python3.11/site-packages/airflow/example_dags/example_external_task_marker_dag.py
[2023-07-22T15:14:04.437-0500] {processor.py:836} INFO - DAG(s) dict_keys(['example_external_task_marker_child', 'example_external_task_marker_parent']) retrieved from /Users/abhishekpatkar/Documents/Projects/af_file_loader/venv/lib/python3.11/site-packages/airflow/example_dags/example_external_task_marker_dag.py
[2023-07-22T15:14:05.357-0500] {logging_mixin.py:150} INFO - [2023-07-22T15:14:05.357-0500] {dag.py:2742} INFO - Sync 2 DAGs
[2023-07-22T15:14:05.373-0500] {logging_mixin.py:150} INFO - [2023-07-22T15:14:05.373-0500] {dag.py:3504} INFO - Setting next_dagrun for example_external_task_marker_child to None, run_after=None
[2023-07-22T15:14:05.376-0500] {logging_mixin.py:150} INFO - [2023-07-22T15:14:05.376-0500] {dag.py:3504} INFO - Setting next_dagrun for example_external_task_marker_parent to None, run_after=None
[2023-07-22T15:14:05.398-0500] {processor.py:179} INFO - Processing /Users/abhishekpatkar/Documents/Projects/af_file_loader/venv/lib/python3.11/site-packages/airflow/example_dags/example_external_task_marker_dag.py took 1.021 seconds
[2023-07-22T15:19:53.997-0500] {processor.py:157} INFO - Started process (PID=18129) to work on /Users/abhishekpatkar/Documents/Projects/af_file_loader/venv/lib/python3.11/site-packages/airflow/example_dags/example_external_task_marker_dag.py
[2023-07-22T15:19:54.001-0500] {processor.py:826} INFO - Processing file /Users/abhishekpatkar/Documents/Projects/af_file_loader/venv/lib/python3.11/site-packages/airflow/example_dags/example_external_task_marker_dag.py for tasks to queue
[2023-07-22T15:19:54.002-0500] {logging_mixin.py:150} INFO - [2023-07-22T15:19:54.002-0500] {dagbag.py:541} INFO - Filling up the DagBag from /Users/abhishekpatkar/Documents/Projects/af_file_loader/venv/lib/python3.11/site-packages/airflow/example_dags/example_external_task_marker_dag.py
[2023-07-22T15:19:54.041-0500] {processor.py:836} INFO - DAG(s) dict_keys(['example_external_task_marker_child', 'example_external_task_marker_parent']) retrieved from /Users/abhishekpatkar/Documents/Projects/af_file_loader/venv/lib/python3.11/site-packages/airflow/example_dags/example_external_task_marker_dag.py
[2023-07-22T15:19:55.177-0500] {logging_mixin.py:150} INFO - [2023-07-22T15:19:55.177-0500] {dag.py:2742} INFO - Sync 2 DAGs
[2023-07-22T15:19:55.210-0500] {logging_mixin.py:150} INFO - [2023-07-22T15:19:55.209-0500] {dag.py:3504} INFO - Setting next_dagrun for example_external_task_marker_child to None, run_after=None
[2023-07-22T15:19:55.214-0500] {logging_mixin.py:150} INFO - [2023-07-22T15:19:55.214-0500] {dag.py:3504} INFO - Setting next_dagrun for example_external_task_marker_parent to None, run_after=None
[2023-07-22T15:19:55.240-0500] {processor.py:179} INFO - Processing /Users/abhishekpatkar/Documents/Projects/af_file_loader/venv/lib/python3.11/site-packages/airflow/example_dags/example_external_task_marker_dag.py took 1.244 seconds
[2023-07-22T15:24:39.159-0500] {processor.py:157} INFO - Started process (PID=18313) to work on /Users/abhishekpatkar/Documents/Projects/af_file_loader/venv/lib/python3.11/site-packages/airflow/example_dags/example_external_task_marker_dag.py
[2023-07-22T15:24:39.166-0500] {processor.py:826} INFO - Processing file /Users/abhishekpatkar/Documents/Projects/af_file_loader/venv/lib/python3.11/site-packages/airflow/example_dags/example_external_task_marker_dag.py for tasks to queue
[2023-07-22T15:24:39.167-0500] {logging_mixin.py:150} INFO - [2023-07-22T15:24:39.167-0500] {dagbag.py:541} INFO - Filling up the DagBag from /Users/abhishekpatkar/Documents/Projects/af_file_loader/venv/lib/python3.11/site-packages/airflow/example_dags/example_external_task_marker_dag.py
[2023-07-22T15:24:39.200-0500] {processor.py:836} INFO - DAG(s) dict_keys(['example_external_task_marker_child', 'example_external_task_marker_parent']) retrieved from /Users/abhishekpatkar/Documents/Projects/af_file_loader/venv/lib/python3.11/site-packages/airflow/example_dags/example_external_task_marker_dag.py
[2023-07-22T15:24:40.327-0500] {logging_mixin.py:150} INFO - [2023-07-22T15:24:40.327-0500] {dag.py:2742} INFO - Sync 2 DAGs
[2023-07-22T15:24:40.350-0500] {logging_mixin.py:150} INFO - [2023-07-22T15:24:40.350-0500] {dag.py:3504} INFO - Setting next_dagrun for example_external_task_marker_child to None, run_after=None
[2023-07-22T15:24:40.354-0500] {logging_mixin.py:150} INFO - [2023-07-22T15:24:40.353-0500] {dag.py:3504} INFO - Setting next_dagrun for example_external_task_marker_parent to None, run_after=None
[2023-07-22T15:24:40.373-0500] {processor.py:179} INFO - Processing /Users/abhishekpatkar/Documents/Projects/af_file_loader/venv/lib/python3.11/site-packages/airflow/example_dags/example_external_task_marker_dag.py took 1.215 seconds
[2023-07-22T15:30:57.248-0500] {processor.py:157} INFO - Started process (PID=18779) to work on /Users/abhishekpatkar/Documents/Projects/af_file_loader/venv/lib/python3.11/site-packages/airflow/example_dags/example_external_task_marker_dag.py
[2023-07-22T15:30:57.253-0500] {processor.py:826} INFO - Processing file /Users/abhishekpatkar/Documents/Projects/af_file_loader/venv/lib/python3.11/site-packages/airflow/example_dags/example_external_task_marker_dag.py for tasks to queue
[2023-07-22T15:30:57.253-0500] {logging_mixin.py:150} INFO - [2023-07-22T15:30:57.253-0500] {dagbag.py:541} INFO - Filling up the DagBag from /Users/abhishekpatkar/Documents/Projects/af_file_loader/venv/lib/python3.11/site-packages/airflow/example_dags/example_external_task_marker_dag.py
[2023-07-22T15:30:57.283-0500] {processor.py:836} INFO - DAG(s) dict_keys(['example_external_task_marker_parent', 'example_external_task_marker_child']) retrieved from /Users/abhishekpatkar/Documents/Projects/af_file_loader/venv/lib/python3.11/site-packages/airflow/example_dags/example_external_task_marker_dag.py
[2023-07-22T15:30:58.399-0500] {logging_mixin.py:150} INFO - [2023-07-22T15:30:58.399-0500] {dag.py:2742} INFO - Sync 2 DAGs
[2023-07-22T15:30:58.428-0500] {logging_mixin.py:150} INFO - [2023-07-22T15:30:58.428-0500] {dag.py:3504} INFO - Setting next_dagrun for example_external_task_marker_child to None, run_after=None
[2023-07-22T15:30:58.432-0500] {logging_mixin.py:150} INFO - [2023-07-22T15:30:58.431-0500] {dag.py:3504} INFO - Setting next_dagrun for example_external_task_marker_parent to None, run_after=None
[2023-07-22T15:30:58.463-0500] {processor.py:179} INFO - Processing /Users/abhishekpatkar/Documents/Projects/af_file_loader/venv/lib/python3.11/site-packages/airflow/example_dags/example_external_task_marker_dag.py took 1.216 seconds
[2023-07-22T15:34:51.920-0500] {processor.py:157} INFO - Started process (PID=18932) to work on /Users/abhishekpatkar/Documents/Projects/af_file_loader/venv/lib/python3.11/site-packages/airflow/example_dags/example_external_task_marker_dag.py
[2023-07-22T15:34:51.925-0500] {processor.py:826} INFO - Processing file /Users/abhishekpatkar/Documents/Projects/af_file_loader/venv/lib/python3.11/site-packages/airflow/example_dags/example_external_task_marker_dag.py for tasks to queue
[2023-07-22T15:34:51.925-0500] {logging_mixin.py:150} INFO - [2023-07-22T15:34:51.925-0500] {dagbag.py:541} INFO - Filling up the DagBag from /Users/abhishekpatkar/Documents/Projects/af_file_loader/venv/lib/python3.11/site-packages/airflow/example_dags/example_external_task_marker_dag.py
[2023-07-22T15:34:51.948-0500] {processor.py:836} INFO - DAG(s) dict_keys(['example_external_task_marker_child', 'example_external_task_marker_parent']) retrieved from /Users/abhishekpatkar/Documents/Projects/af_file_loader/venv/lib/python3.11/site-packages/airflow/example_dags/example_external_task_marker_dag.py
[2023-07-22T15:34:52.621-0500] {logging_mixin.py:150} INFO - [2023-07-22T15:34:52.620-0500] {dag.py:2742} INFO - Sync 2 DAGs
[2023-07-22T15:34:52.641-0500] {logging_mixin.py:150} INFO - [2023-07-22T15:34:52.641-0500] {dag.py:3504} INFO - Setting next_dagrun for example_external_task_marker_child to None, run_after=None
[2023-07-22T15:34:52.644-0500] {logging_mixin.py:150} INFO - [2023-07-22T15:34:52.643-0500] {dag.py:3504} INFO - Setting next_dagrun for example_external_task_marker_parent to None, run_after=None
[2023-07-22T15:34:52.661-0500] {processor.py:179} INFO - Processing /Users/abhishekpatkar/Documents/Projects/af_file_loader/venv/lib/python3.11/site-packages/airflow/example_dags/example_external_task_marker_dag.py took 0.741 seconds
[2023-07-22T15:48:33.603-0500] {processor.py:157} INFO - Started process (PID=19437) to work on /Users/abhishekpatkar/Documents/Projects/af_file_loader/venv/lib/python3.11/site-packages/airflow/example_dags/example_external_task_marker_dag.py
[2023-07-22T15:48:33.608-0500] {processor.py:826} INFO - Processing file /Users/abhishekpatkar/Documents/Projects/af_file_loader/venv/lib/python3.11/site-packages/airflow/example_dags/example_external_task_marker_dag.py for tasks to queue
[2023-07-22T15:48:33.608-0500] {logging_mixin.py:150} INFO - [2023-07-22T15:48:33.608-0500] {dagbag.py:541} INFO - Filling up the DagBag from /Users/abhishekpatkar/Documents/Projects/af_file_loader/venv/lib/python3.11/site-packages/airflow/example_dags/example_external_task_marker_dag.py
[2023-07-22T15:48:33.632-0500] {processor.py:836} INFO - DAG(s) dict_keys(['example_external_task_marker_child', 'example_external_task_marker_parent']) retrieved from /Users/abhishekpatkar/Documents/Projects/af_file_loader/venv/lib/python3.11/site-packages/airflow/example_dags/example_external_task_marker_dag.py
[2023-07-22T15:48:34.387-0500] {logging_mixin.py:150} INFO - [2023-07-22T15:48:34.386-0500] {dag.py:2742} INFO - Sync 2 DAGs
[2023-07-22T15:48:34.404-0500] {logging_mixin.py:150} INFO - [2023-07-22T15:48:34.404-0500] {dag.py:3504} INFO - Setting next_dagrun for example_external_task_marker_child to None, run_after=None
[2023-07-22T15:48:34.408-0500] {logging_mixin.py:150} INFO - [2023-07-22T15:48:34.407-0500] {dag.py:3504} INFO - Setting next_dagrun for example_external_task_marker_parent to None, run_after=None
[2023-07-22T15:48:34.428-0500] {processor.py:179} INFO - Processing /Users/abhishekpatkar/Documents/Projects/af_file_loader/venv/lib/python3.11/site-packages/airflow/example_dags/example_external_task_marker_dag.py took 0.827 seconds
[2023-07-22T15:53:42.608-0500] {processor.py:157} INFO - Started process (PID=19865) to work on /Users/abhishekpatkar/Documents/Projects/af_file_loader/venv/lib/python3.11/site-packages/airflow/example_dags/example_external_task_marker_dag.py
[2023-07-22T15:53:42.613-0500] {processor.py:826} INFO - Processing file /Users/abhishekpatkar/Documents/Projects/af_file_loader/venv/lib/python3.11/site-packages/airflow/example_dags/example_external_task_marker_dag.py for tasks to queue
[2023-07-22T15:53:42.613-0500] {logging_mixin.py:150} INFO - [2023-07-22T15:53:42.613-0500] {dagbag.py:541} INFO - Filling up the DagBag from /Users/abhishekpatkar/Documents/Projects/af_file_loader/venv/lib/python3.11/site-packages/airflow/example_dags/example_external_task_marker_dag.py
[2023-07-22T15:53:42.650-0500] {processor.py:836} INFO - DAG(s) dict_keys(['example_external_task_marker_parent', 'example_external_task_marker_child']) retrieved from /Users/abhishekpatkar/Documents/Projects/af_file_loader/venv/lib/python3.11/site-packages/airflow/example_dags/example_external_task_marker_dag.py
[2023-07-22T15:53:43.615-0500] {logging_mixin.py:150} INFO - [2023-07-22T15:53:43.614-0500] {dag.py:2742} INFO - Sync 2 DAGs
[2023-07-22T15:53:43.637-0500] {logging_mixin.py:150} INFO - [2023-07-22T15:53:43.637-0500] {dag.py:3504} INFO - Setting next_dagrun for example_external_task_marker_child to None, run_after=None
[2023-07-22T15:53:43.643-0500] {logging_mixin.py:150} INFO - [2023-07-22T15:53:43.642-0500] {dag.py:3504} INFO - Setting next_dagrun for example_external_task_marker_parent to None, run_after=None
[2023-07-22T15:53:43.665-0500] {processor.py:179} INFO - Processing /Users/abhishekpatkar/Documents/Projects/af_file_loader/venv/lib/python3.11/site-packages/airflow/example_dags/example_external_task_marker_dag.py took 1.058 seconds
[2023-07-22T15:58:57.011-0500] {processor.py:157} INFO - Started process (PID=20261) to work on /Users/abhishekpatkar/Documents/Projects/af_file_loader/venv/lib/python3.11/site-packages/airflow/example_dags/example_external_task_marker_dag.py
[2023-07-22T15:58:57.016-0500] {processor.py:826} INFO - Processing file /Users/abhishekpatkar/Documents/Projects/af_file_loader/venv/lib/python3.11/site-packages/airflow/example_dags/example_external_task_marker_dag.py for tasks to queue
[2023-07-22T15:58:57.017-0500] {logging_mixin.py:150} INFO - [2023-07-22T15:58:57.016-0500] {dagbag.py:541} INFO - Filling up the DagBag from /Users/abhishekpatkar/Documents/Projects/af_file_loader/venv/lib/python3.11/site-packages/airflow/example_dags/example_external_task_marker_dag.py
[2023-07-22T15:58:57.044-0500] {processor.py:836} INFO - DAG(s) dict_keys(['example_external_task_marker_parent', 'example_external_task_marker_child']) retrieved from /Users/abhishekpatkar/Documents/Projects/af_file_loader/venv/lib/python3.11/site-packages/airflow/example_dags/example_external_task_marker_dag.py
[2023-07-22T15:58:58.114-0500] {logging_mixin.py:150} INFO - [2023-07-22T15:58:58.114-0500] {dag.py:2742} INFO - Sync 2 DAGs
[2023-07-22T15:58:58.136-0500] {logging_mixin.py:150} INFO - [2023-07-22T15:58:58.136-0500] {dag.py:3504} INFO - Setting next_dagrun for example_external_task_marker_child to None, run_after=None
[2023-07-22T15:58:58.140-0500] {logging_mixin.py:150} INFO - [2023-07-22T15:58:58.140-0500] {dag.py:3504} INFO - Setting next_dagrun for example_external_task_marker_parent to None, run_after=None
[2023-07-22T15:58:58.167-0500] {processor.py:179} INFO - Processing /Users/abhishekpatkar/Documents/Projects/af_file_loader/venv/lib/python3.11/site-packages/airflow/example_dags/example_external_task_marker_dag.py took 1.156 seconds
[2023-07-22T16:03:32.338-0500] {processor.py:157} INFO - Started process (PID=20426) to work on /Users/abhishekpatkar/Documents/Projects/af_file_loader/venv/lib/python3.11/site-packages/airflow/example_dags/example_external_task_marker_dag.py
[2023-07-22T16:03:32.343-0500] {processor.py:826} INFO - Processing file /Users/abhishekpatkar/Documents/Projects/af_file_loader/venv/lib/python3.11/site-packages/airflow/example_dags/example_external_task_marker_dag.py for tasks to queue
[2023-07-22T16:03:32.343-0500] {logging_mixin.py:150} INFO - [2023-07-22T16:03:32.343-0500] {dagbag.py:541} INFO - Filling up the DagBag from /Users/abhishekpatkar/Documents/Projects/af_file_loader/venv/lib/python3.11/site-packages/airflow/example_dags/example_external_task_marker_dag.py
[2023-07-22T16:03:32.364-0500] {processor.py:836} INFO - DAG(s) dict_keys(['example_external_task_marker_parent', 'example_external_task_marker_child']) retrieved from /Users/abhishekpatkar/Documents/Projects/af_file_loader/venv/lib/python3.11/site-packages/airflow/example_dags/example_external_task_marker_dag.py
[2023-07-22T16:03:33.020-0500] {logging_mixin.py:150} INFO - [2023-07-22T16:03:33.020-0500] {dag.py:2742} INFO - Sync 2 DAGs
[2023-07-22T16:03:33.036-0500] {logging_mixin.py:150} INFO - [2023-07-22T16:03:33.036-0500] {dag.py:3504} INFO - Setting next_dagrun for example_external_task_marker_child to None, run_after=None
[2023-07-22T16:03:33.038-0500] {logging_mixin.py:150} INFO - [2023-07-22T16:03:33.038-0500] {dag.py:3504} INFO - Setting next_dagrun for example_external_task_marker_parent to None, run_after=None
[2023-07-22T16:03:33.054-0500] {processor.py:179} INFO - Processing /Users/abhishekpatkar/Documents/Projects/af_file_loader/venv/lib/python3.11/site-packages/airflow/example_dags/example_external_task_marker_dag.py took 0.717 seconds
[2023-07-22T16:07:05.474-0500] {processor.py:157} INFO - Started process (PID=20591) to work on /Users/abhishekpatkar/Documents/Projects/af_file_loader/venv/lib/python3.11/site-packages/airflow/example_dags/example_external_task_marker_dag.py
[2023-07-22T16:07:05.479-0500] {processor.py:826} INFO - Processing file /Users/abhishekpatkar/Documents/Projects/af_file_loader/venv/lib/python3.11/site-packages/airflow/example_dags/example_external_task_marker_dag.py for tasks to queue
[2023-07-22T16:07:05.479-0500] {logging_mixin.py:150} INFO - [2023-07-22T16:07:05.479-0500] {dagbag.py:541} INFO - Filling up the DagBag from /Users/abhishekpatkar/Documents/Projects/af_file_loader/venv/lib/python3.11/site-packages/airflow/example_dags/example_external_task_marker_dag.py
[2023-07-22T16:07:05.499-0500] {processor.py:836} INFO - DAG(s) dict_keys(['example_external_task_marker_parent', 'example_external_task_marker_child']) retrieved from /Users/abhishekpatkar/Documents/Projects/af_file_loader/venv/lib/python3.11/site-packages/airflow/example_dags/example_external_task_marker_dag.py
[2023-07-22T16:07:06.140-0500] {logging_mixin.py:150} INFO - [2023-07-22T16:07:06.140-0500] {dag.py:2742} INFO - Sync 2 DAGs
[2023-07-22T16:07:06.156-0500] {logging_mixin.py:150} INFO - [2023-07-22T16:07:06.156-0500] {dag.py:3504} INFO - Setting next_dagrun for example_external_task_marker_child to None, run_after=None
[2023-07-22T16:07:06.159-0500] {logging_mixin.py:150} INFO - [2023-07-22T16:07:06.158-0500] {dag.py:3504} INFO - Setting next_dagrun for example_external_task_marker_parent to None, run_after=None
[2023-07-22T16:07:06.175-0500] {processor.py:179} INFO - Processing /Users/abhishekpatkar/Documents/Projects/af_file_loader/venv/lib/python3.11/site-packages/airflow/example_dags/example_external_task_marker_dag.py took 0.702 seconds
[2023-07-22T16:10:47.145-0500] {processor.py:157} INFO - Started process (PID=20746) to work on /Users/abhishekpatkar/Documents/Projects/af_file_loader/venv/lib/python3.11/site-packages/airflow/example_dags/example_external_task_marker_dag.py
[2023-07-22T16:10:47.149-0500] {processor.py:826} INFO - Processing file /Users/abhishekpatkar/Documents/Projects/af_file_loader/venv/lib/python3.11/site-packages/airflow/example_dags/example_external_task_marker_dag.py for tasks to queue
[2023-07-22T16:10:47.149-0500] {logging_mixin.py:150} INFO - [2023-07-22T16:10:47.149-0500] {dagbag.py:541} INFO - Filling up the DagBag from /Users/abhishekpatkar/Documents/Projects/af_file_loader/venv/lib/python3.11/site-packages/airflow/example_dags/example_external_task_marker_dag.py
[2023-07-22T16:10:47.170-0500] {processor.py:836} INFO - DAG(s) dict_keys(['example_external_task_marker_child', 'example_external_task_marker_parent']) retrieved from /Users/abhishekpatkar/Documents/Projects/af_file_loader/venv/lib/python3.11/site-packages/airflow/example_dags/example_external_task_marker_dag.py
[2023-07-22T16:10:47.814-0500] {logging_mixin.py:150} INFO - [2023-07-22T16:10:47.814-0500] {dag.py:2742} INFO - Sync 2 DAGs
[2023-07-22T16:10:47.830-0500] {logging_mixin.py:150} INFO - [2023-07-22T16:10:47.830-0500] {dag.py:3504} INFO - Setting next_dagrun for example_external_task_marker_child to None, run_after=None
[2023-07-22T16:10:47.833-0500] {logging_mixin.py:150} INFO - [2023-07-22T16:10:47.833-0500] {dag.py:3504} INFO - Setting next_dagrun for example_external_task_marker_parent to None, run_after=None
[2023-07-22T16:10:47.850-0500] {processor.py:179} INFO - Processing /Users/abhishekpatkar/Documents/Projects/af_file_loader/venv/lib/python3.11/site-packages/airflow/example_dags/example_external_task_marker_dag.py took 0.705 seconds
[2023-07-22T16:28:08.434-0500] {processor.py:157} INFO - Started process (PID=21034) to work on /Users/abhishekpatkar/Documents/Projects/af_file_loader/venv/lib/python3.11/site-packages/airflow/example_dags/example_external_task_marker_dag.py
[2023-07-22T16:28:08.444-0500] {processor.py:826} INFO - Processing file /Users/abhishekpatkar/Documents/Projects/af_file_loader/venv/lib/python3.11/site-packages/airflow/example_dags/example_external_task_marker_dag.py for tasks to queue
[2023-07-22T16:28:08.445-0500] {logging_mixin.py:150} INFO - [2023-07-22T16:28:08.444-0500] {dagbag.py:541} INFO - Filling up the DagBag from /Users/abhishekpatkar/Documents/Projects/af_file_loader/venv/lib/python3.11/site-packages/airflow/example_dags/example_external_task_marker_dag.py
[2023-07-22T16:28:08.493-0500] {processor.py:836} INFO - DAG(s) dict_keys(['example_external_task_marker_child', 'example_external_task_marker_parent']) retrieved from /Users/abhishekpatkar/Documents/Projects/af_file_loader/venv/lib/python3.11/site-packages/airflow/example_dags/example_external_task_marker_dag.py
[2023-07-22T16:28:09.612-0500] {logging_mixin.py:150} INFO - [2023-07-22T16:28:09.612-0500] {dag.py:2742} INFO - Sync 2 DAGs
[2023-07-22T16:28:09.646-0500] {logging_mixin.py:150} INFO - [2023-07-22T16:28:09.646-0500] {dag.py:3504} INFO - Setting next_dagrun for example_external_task_marker_child to None, run_after=None
[2023-07-22T16:28:09.659-0500] {logging_mixin.py:150} INFO - [2023-07-22T16:28:09.659-0500] {dag.py:3504} INFO - Setting next_dagrun for example_external_task_marker_parent to None, run_after=None
[2023-07-22T16:28:09.695-0500] {processor.py:179} INFO - Processing /Users/abhishekpatkar/Documents/Projects/af_file_loader/venv/lib/python3.11/site-packages/airflow/example_dags/example_external_task_marker_dag.py took 1.262 seconds
[2023-07-22T16:31:29.728-0500] {processor.py:157} INFO - Started process (PID=21141) to work on /Users/abhishekpatkar/Documents/Projects/af_file_loader/venv/lib/python3.11/site-packages/airflow/example_dags/example_external_task_marker_dag.py
[2023-07-22T16:31:29.732-0500] {processor.py:826} INFO - Processing file /Users/abhishekpatkar/Documents/Projects/af_file_loader/venv/lib/python3.11/site-packages/airflow/example_dags/example_external_task_marker_dag.py for tasks to queue
[2023-07-22T16:31:29.733-0500] {logging_mixin.py:150} INFO - [2023-07-22T16:31:29.733-0500] {dagbag.py:541} INFO - Filling up the DagBag from /Users/abhishekpatkar/Documents/Projects/af_file_loader/venv/lib/python3.11/site-packages/airflow/example_dags/example_external_task_marker_dag.py
[2023-07-22T16:31:29.762-0500] {processor.py:836} INFO - DAG(s) dict_keys(['example_external_task_marker_parent', 'example_external_task_marker_child']) retrieved from /Users/abhishekpatkar/Documents/Projects/af_file_loader/venv/lib/python3.11/site-packages/airflow/example_dags/example_external_task_marker_dag.py
[2023-07-22T16:31:31.333-0500] {logging_mixin.py:150} INFO - [2023-07-22T16:31:31.332-0500] {dag.py:2742} INFO - Sync 2 DAGs
[2023-07-22T16:31:31.426-0500] {logging_mixin.py:150} INFO - [2023-07-22T16:31:31.426-0500] {dag.py:3504} INFO - Setting next_dagrun for example_external_task_marker_child to None, run_after=None
[2023-07-22T16:31:31.430-0500] {logging_mixin.py:150} INFO - [2023-07-22T16:31:31.430-0500] {dag.py:3504} INFO - Setting next_dagrun for example_external_task_marker_parent to None, run_after=None
[2023-07-22T16:31:31.500-0500] {processor.py:179} INFO - Processing /Users/abhishekpatkar/Documents/Projects/af_file_loader/venv/lib/python3.11/site-packages/airflow/example_dags/example_external_task_marker_dag.py took 1.773 seconds
[2023-07-22T16:39:06.140-0500] {processor.py:157} INFO - Started process (PID=21385) to work on /Users/abhishekpatkar/Documents/Projects/af_file_loader/venv/lib/python3.11/site-packages/airflow/example_dags/example_external_task_marker_dag.py
[2023-07-22T16:39:06.144-0500] {processor.py:826} INFO - Processing file /Users/abhishekpatkar/Documents/Projects/af_file_loader/venv/lib/python3.11/site-packages/airflow/example_dags/example_external_task_marker_dag.py for tasks to queue
[2023-07-22T16:39:06.145-0500] {logging_mixin.py:150} INFO - [2023-07-22T16:39:06.145-0500] {dagbag.py:541} INFO - Filling up the DagBag from /Users/abhishekpatkar/Documents/Projects/af_file_loader/venv/lib/python3.11/site-packages/airflow/example_dags/example_external_task_marker_dag.py
[2023-07-22T16:39:06.175-0500] {processor.py:836} INFO - DAG(s) dict_keys(['example_external_task_marker_child', 'example_external_task_marker_parent']) retrieved from /Users/abhishekpatkar/Documents/Projects/af_file_loader/venv/lib/python3.11/site-packages/airflow/example_dags/example_external_task_marker_dag.py
[2023-07-22T16:39:07.140-0500] {logging_mixin.py:150} INFO - [2023-07-22T16:39:07.140-0500] {dag.py:2742} INFO - Sync 2 DAGs
[2023-07-22T16:39:07.160-0500] {logging_mixin.py:150} INFO - [2023-07-22T16:39:07.160-0500] {dag.py:3504} INFO - Setting next_dagrun for example_external_task_marker_child to None, run_after=None
[2023-07-22T16:39:07.163-0500] {logging_mixin.py:150} INFO - [2023-07-22T16:39:07.163-0500] {dag.py:3504} INFO - Setting next_dagrun for example_external_task_marker_parent to None, run_after=None
[2023-07-22T16:39:07.186-0500] {processor.py:179} INFO - Processing /Users/abhishekpatkar/Documents/Projects/af_file_loader/venv/lib/python3.11/site-packages/airflow/example_dags/example_external_task_marker_dag.py took 1.047 seconds
[2023-07-22T16:43:38.799-0500] {processor.py:157} INFO - Started process (PID=21571) to work on /Users/abhishekpatkar/Documents/Projects/af_file_loader/venv/lib/python3.11/site-packages/airflow/example_dags/example_external_task_marker_dag.py
[2023-07-22T16:43:38.810-0500] {processor.py:826} INFO - Processing file /Users/abhishekpatkar/Documents/Projects/af_file_loader/venv/lib/python3.11/site-packages/airflow/example_dags/example_external_task_marker_dag.py for tasks to queue
[2023-07-22T16:43:38.812-0500] {logging_mixin.py:150} INFO - [2023-07-22T16:43:38.811-0500] {dagbag.py:541} INFO - Filling up the DagBag from /Users/abhishekpatkar/Documents/Projects/af_file_loader/venv/lib/python3.11/site-packages/airflow/example_dags/example_external_task_marker_dag.py
[2023-07-22T16:43:38.926-0500] {processor.py:836} INFO - DAG(s) dict_keys(['example_external_task_marker_parent', 'example_external_task_marker_child']) retrieved from /Users/abhishekpatkar/Documents/Projects/af_file_loader/venv/lib/python3.11/site-packages/airflow/example_dags/example_external_task_marker_dag.py
[2023-07-22T16:43:40.268-0500] {logging_mixin.py:150} INFO - [2023-07-22T16:43:40.268-0500] {dag.py:2742} INFO - Sync 2 DAGs
[2023-07-22T16:43:40.307-0500] {logging_mixin.py:150} INFO - [2023-07-22T16:43:40.306-0500] {dag.py:3504} INFO - Setting next_dagrun for example_external_task_marker_child to None, run_after=None
[2023-07-22T16:43:40.311-0500] {logging_mixin.py:150} INFO - [2023-07-22T16:43:40.311-0500] {dag.py:3504} INFO - Setting next_dagrun for example_external_task_marker_parent to None, run_after=None
[2023-07-22T16:43:40.376-0500] {processor.py:179} INFO - Processing /Users/abhishekpatkar/Documents/Projects/af_file_loader/venv/lib/python3.11/site-packages/airflow/example_dags/example_external_task_marker_dag.py took 1.578 seconds
[2023-07-22T16:47:27.359-0500] {processor.py:157} INFO - Started process (PID=21686) to work on /Users/abhishekpatkar/Documents/Projects/af_file_loader/venv/lib/python3.11/site-packages/airflow/example_dags/example_external_task_marker_dag.py
[2023-07-22T16:47:27.363-0500] {processor.py:826} INFO - Processing file /Users/abhishekpatkar/Documents/Projects/af_file_loader/venv/lib/python3.11/site-packages/airflow/example_dags/example_external_task_marker_dag.py for tasks to queue
[2023-07-22T16:47:27.367-0500] {logging_mixin.py:150} INFO - [2023-07-22T16:47:27.367-0500] {dagbag.py:541} INFO - Filling up the DagBag from /Users/abhishekpatkar/Documents/Projects/af_file_loader/venv/lib/python3.11/site-packages/airflow/example_dags/example_external_task_marker_dag.py
[2023-07-22T16:47:27.412-0500] {processor.py:836} INFO - DAG(s) dict_keys(['example_external_task_marker_parent', 'example_external_task_marker_child']) retrieved from /Users/abhishekpatkar/Documents/Projects/af_file_loader/venv/lib/python3.11/site-packages/airflow/example_dags/example_external_task_marker_dag.py
[2023-07-22T16:47:28.893-0500] {logging_mixin.py:150} INFO - [2023-07-22T16:47:28.893-0500] {dag.py:2742} INFO - Sync 2 DAGs
[2023-07-22T16:47:28.919-0500] {logging_mixin.py:150} INFO - [2023-07-22T16:47:28.918-0500] {dag.py:3504} INFO - Setting next_dagrun for example_external_task_marker_child to None, run_after=None
[2023-07-22T16:47:28.926-0500] {logging_mixin.py:150} INFO - [2023-07-22T16:47:28.925-0500] {dag.py:3504} INFO - Setting next_dagrun for example_external_task_marker_parent to None, run_after=None
[2023-07-22T16:47:28.959-0500] {processor.py:179} INFO - Processing /Users/abhishekpatkar/Documents/Projects/af_file_loader/venv/lib/python3.11/site-packages/airflow/example_dags/example_external_task_marker_dag.py took 1.601 seconds
[2023-07-22T16:51:14.709-0500] {processor.py:157} INFO - Started process (PID=21800) to work on /Users/abhishekpatkar/Documents/Projects/af_file_loader/venv/lib/python3.11/site-packages/airflow/example_dags/example_external_task_marker_dag.py
[2023-07-22T16:51:14.713-0500] {processor.py:826} INFO - Processing file /Users/abhishekpatkar/Documents/Projects/af_file_loader/venv/lib/python3.11/site-packages/airflow/example_dags/example_external_task_marker_dag.py for tasks to queue
[2023-07-22T16:51:14.713-0500] {logging_mixin.py:150} INFO - [2023-07-22T16:51:14.713-0500] {dagbag.py:541} INFO - Filling up the DagBag from /Users/abhishekpatkar/Documents/Projects/af_file_loader/venv/lib/python3.11/site-packages/airflow/example_dags/example_external_task_marker_dag.py
[2023-07-22T16:51:14.792-0500] {processor.py:836} INFO - DAG(s) dict_keys(['example_external_task_marker_parent', 'example_external_task_marker_child']) retrieved from /Users/abhishekpatkar/Documents/Projects/af_file_loader/venv/lib/python3.11/site-packages/airflow/example_dags/example_external_task_marker_dag.py
[2023-07-22T16:51:16.528-0500] {logging_mixin.py:150} INFO - [2023-07-22T16:51:16.527-0500] {dag.py:2742} INFO - Sync 2 DAGs
[2023-07-22T16:51:16.561-0500] {logging_mixin.py:150} INFO - [2023-07-22T16:51:16.560-0500] {dag.py:3504} INFO - Setting next_dagrun for example_external_task_marker_child to None, run_after=None
[2023-07-22T16:51:16.567-0500] {logging_mixin.py:150} INFO - [2023-07-22T16:51:16.567-0500] {dag.py:3504} INFO - Setting next_dagrun for example_external_task_marker_parent to None, run_after=None
[2023-07-22T16:51:16.620-0500] {processor.py:179} INFO - Processing /Users/abhishekpatkar/Documents/Projects/af_file_loader/venv/lib/python3.11/site-packages/airflow/example_dags/example_external_task_marker_dag.py took 1.912 seconds
[2023-07-22T16:54:53.219-0500] {processor.py:157} INFO - Started process (PID=21919) to work on /Users/abhishekpatkar/Documents/Projects/af_file_loader/venv/lib/python3.11/site-packages/airflow/example_dags/example_external_task_marker_dag.py
[2023-07-22T16:54:53.229-0500] {processor.py:826} INFO - Processing file /Users/abhishekpatkar/Documents/Projects/af_file_loader/venv/lib/python3.11/site-packages/airflow/example_dags/example_external_task_marker_dag.py for tasks to queue
[2023-07-22T16:54:53.230-0500] {logging_mixin.py:150} INFO - [2023-07-22T16:54:53.230-0500] {dagbag.py:541} INFO - Filling up the DagBag from /Users/abhishekpatkar/Documents/Projects/af_file_loader/venv/lib/python3.11/site-packages/airflow/example_dags/example_external_task_marker_dag.py
[2023-07-22T16:54:53.268-0500] {processor.py:836} INFO - DAG(s) dict_keys(['example_external_task_marker_parent', 'example_external_task_marker_child']) retrieved from /Users/abhishekpatkar/Documents/Projects/af_file_loader/venv/lib/python3.11/site-packages/airflow/example_dags/example_external_task_marker_dag.py
[2023-07-22T16:54:54.305-0500] {logging_mixin.py:150} INFO - [2023-07-22T16:54:54.305-0500] {dag.py:2742} INFO - Sync 2 DAGs
[2023-07-22T16:54:54.337-0500] {logging_mixin.py:150} INFO - [2023-07-22T16:54:54.336-0500] {dag.py:3504} INFO - Setting next_dagrun for example_external_task_marker_child to None, run_after=None
[2023-07-22T16:54:54.346-0500] {logging_mixin.py:150} INFO - [2023-07-22T16:54:54.346-0500] {dag.py:3504} INFO - Setting next_dagrun for example_external_task_marker_parent to None, run_after=None
[2023-07-22T16:54:54.383-0500] {processor.py:179} INFO - Processing /Users/abhishekpatkar/Documents/Projects/af_file_loader/venv/lib/python3.11/site-packages/airflow/example_dags/example_external_task_marker_dag.py took 1.164 seconds
[2023-07-22T16:57:57.981-0500] {processor.py:157} INFO - Started process (PID=22023) to work on /Users/abhishekpatkar/Documents/Projects/af_file_loader/venv/lib/python3.11/site-packages/airflow/example_dags/example_external_task_marker_dag.py
[2023-07-22T16:57:57.991-0500] {processor.py:826} INFO - Processing file /Users/abhishekpatkar/Documents/Projects/af_file_loader/venv/lib/python3.11/site-packages/airflow/example_dags/example_external_task_marker_dag.py for tasks to queue
[2023-07-22T16:57:57.992-0500] {logging_mixin.py:150} INFO - [2023-07-22T16:57:57.992-0500] {dagbag.py:541} INFO - Filling up the DagBag from /Users/abhishekpatkar/Documents/Projects/af_file_loader/venv/lib/python3.11/site-packages/airflow/example_dags/example_external_task_marker_dag.py
[2023-07-22T16:57:58.030-0500] {processor.py:836} INFO - DAG(s) dict_keys(['example_external_task_marker_parent', 'example_external_task_marker_child']) retrieved from /Users/abhishekpatkar/Documents/Projects/af_file_loader/venv/lib/python3.11/site-packages/airflow/example_dags/example_external_task_marker_dag.py
[2023-07-22T16:57:59.415-0500] {logging_mixin.py:150} INFO - [2023-07-22T16:57:59.415-0500] {dag.py:2742} INFO - Sync 2 DAGs
[2023-07-22T16:57:59.443-0500] {logging_mixin.py:150} INFO - [2023-07-22T16:57:59.443-0500] {dag.py:3504} INFO - Setting next_dagrun for example_external_task_marker_child to None, run_after=None
[2023-07-22T16:57:59.446-0500] {logging_mixin.py:150} INFO - [2023-07-22T16:57:59.445-0500] {dag.py:3504} INFO - Setting next_dagrun for example_external_task_marker_parent to None, run_after=None
[2023-07-22T16:57:59.473-0500] {processor.py:179} INFO - Processing /Users/abhishekpatkar/Documents/Projects/af_file_loader/venv/lib/python3.11/site-packages/airflow/example_dags/example_external_task_marker_dag.py took 1.493 seconds
[2023-07-22T17:04:36.148-0500] {processor.py:157} INFO - Started process (PID=22290) to work on /Users/abhishekpatkar/Documents/Projects/af_file_loader/venv/lib/python3.11/site-packages/airflow/example_dags/example_external_task_marker_dag.py
[2023-07-22T17:04:36.153-0500] {processor.py:826} INFO - Processing file /Users/abhishekpatkar/Documents/Projects/af_file_loader/venv/lib/python3.11/site-packages/airflow/example_dags/example_external_task_marker_dag.py for tasks to queue
[2023-07-22T17:04:36.154-0500] {logging_mixin.py:150} INFO - [2023-07-22T17:04:36.153-0500] {dagbag.py:541} INFO - Filling up the DagBag from /Users/abhishekpatkar/Documents/Projects/af_file_loader/venv/lib/python3.11/site-packages/airflow/example_dags/example_external_task_marker_dag.py
[2023-07-22T17:04:36.180-0500] {processor.py:836} INFO - DAG(s) dict_keys(['example_external_task_marker_parent', 'example_external_task_marker_child']) retrieved from /Users/abhishekpatkar/Documents/Projects/af_file_loader/venv/lib/python3.11/site-packages/airflow/example_dags/example_external_task_marker_dag.py
[2023-07-22T17:04:36.943-0500] {logging_mixin.py:150} INFO - [2023-07-22T17:04:36.943-0500] {dag.py:2742} INFO - Sync 2 DAGs
[2023-07-22T17:04:36.961-0500] {logging_mixin.py:150} INFO - [2023-07-22T17:04:36.960-0500] {dag.py:3504} INFO - Setting next_dagrun for example_external_task_marker_child to None, run_after=None
[2023-07-22T17:04:36.964-0500] {logging_mixin.py:150} INFO - [2023-07-22T17:04:36.963-0500] {dag.py:3504} INFO - Setting next_dagrun for example_external_task_marker_parent to None, run_after=None
[2023-07-22T17:04:36.984-0500] {processor.py:179} INFO - Processing /Users/abhishekpatkar/Documents/Projects/af_file_loader/venv/lib/python3.11/site-packages/airflow/example_dags/example_external_task_marker_dag.py took 0.837 seconds
[2023-07-22T17:08:33.025-0500] {processor.py:157} INFO - Started process (PID=22444) to work on /Users/abhishekpatkar/Documents/Projects/af_file_loader/venv/lib/python3.11/site-packages/airflow/example_dags/example_external_task_marker_dag.py
[2023-07-22T17:08:33.030-0500] {processor.py:826} INFO - Processing file /Users/abhishekpatkar/Documents/Projects/af_file_loader/venv/lib/python3.11/site-packages/airflow/example_dags/example_external_task_marker_dag.py for tasks to queue
[2023-07-22T17:08:33.030-0500] {logging_mixin.py:150} INFO - [2023-07-22T17:08:33.030-0500] {dagbag.py:541} INFO - Filling up the DagBag from /Users/abhishekpatkar/Documents/Projects/af_file_loader/venv/lib/python3.11/site-packages/airflow/example_dags/example_external_task_marker_dag.py
[2023-07-22T17:08:33.055-0500] {processor.py:836} INFO - DAG(s) dict_keys(['example_external_task_marker_parent', 'example_external_task_marker_child']) retrieved from /Users/abhishekpatkar/Documents/Projects/af_file_loader/venv/lib/python3.11/site-packages/airflow/example_dags/example_external_task_marker_dag.py
[2023-07-22T17:08:33.790-0500] {logging_mixin.py:150} INFO - [2023-07-22T17:08:33.790-0500] {dag.py:2742} INFO - Sync 2 DAGs
[2023-07-22T17:08:33.809-0500] {logging_mixin.py:150} INFO - [2023-07-22T17:08:33.809-0500] {dag.py:3504} INFO - Setting next_dagrun for example_external_task_marker_child to None, run_after=None
[2023-07-22T17:08:33.812-0500] {logging_mixin.py:150} INFO - [2023-07-22T17:08:33.812-0500] {dag.py:3504} INFO - Setting next_dagrun for example_external_task_marker_parent to None, run_after=None
[2023-07-22T17:08:33.832-0500] {processor.py:179} INFO - Processing /Users/abhishekpatkar/Documents/Projects/af_file_loader/venv/lib/python3.11/site-packages/airflow/example_dags/example_external_task_marker_dag.py took 0.808 seconds
[2023-07-22T17:12:32.311-0500] {processor.py:157} INFO - Started process (PID=22601) to work on /Users/abhishekpatkar/Documents/Projects/af_file_loader/venv/lib/python3.11/site-packages/airflow/example_dags/example_external_task_marker_dag.py
[2023-07-22T17:12:32.316-0500] {processor.py:826} INFO - Processing file /Users/abhishekpatkar/Documents/Projects/af_file_loader/venv/lib/python3.11/site-packages/airflow/example_dags/example_external_task_marker_dag.py for tasks to queue
[2023-07-22T17:12:32.316-0500] {logging_mixin.py:150} INFO - [2023-07-22T17:12:32.316-0500] {dagbag.py:541} INFO - Filling up the DagBag from /Users/abhishekpatkar/Documents/Projects/af_file_loader/venv/lib/python3.11/site-packages/airflow/example_dags/example_external_task_marker_dag.py
[2023-07-22T17:12:32.346-0500] {processor.py:836} INFO - DAG(s) dict_keys(['example_external_task_marker_child', 'example_external_task_marker_parent']) retrieved from /Users/abhishekpatkar/Documents/Projects/af_file_loader/venv/lib/python3.11/site-packages/airflow/example_dags/example_external_task_marker_dag.py
[2023-07-22T17:12:33.342-0500] {logging_mixin.py:150} INFO - [2023-07-22T17:12:33.342-0500] {dag.py:2742} INFO - Sync 2 DAGs
[2023-07-22T17:12:33.379-0500] {logging_mixin.py:150} INFO - [2023-07-22T17:12:33.379-0500] {dag.py:3504} INFO - Setting next_dagrun for example_external_task_marker_child to None, run_after=None
[2023-07-22T17:12:33.382-0500] {logging_mixin.py:150} INFO - [2023-07-22T17:12:33.382-0500] {dag.py:3504} INFO - Setting next_dagrun for example_external_task_marker_parent to None, run_after=None
[2023-07-22T17:12:33.678-0500] {processor.py:179} INFO - Processing /Users/abhishekpatkar/Documents/Projects/af_file_loader/venv/lib/python3.11/site-packages/airflow/example_dags/example_external_task_marker_dag.py took 1.368 seconds
[2023-07-22T17:16:31.722-0500] {processor.py:157} INFO - Started process (PID=22751) to work on /Users/abhishekpatkar/Documents/Projects/af_file_loader/venv/lib/python3.11/site-packages/airflow/example_dags/example_external_task_marker_dag.py
[2023-07-22T17:16:31.727-0500] {processor.py:826} INFO - Processing file /Users/abhishekpatkar/Documents/Projects/af_file_loader/venv/lib/python3.11/site-packages/airflow/example_dags/example_external_task_marker_dag.py for tasks to queue
[2023-07-22T17:16:31.729-0500] {logging_mixin.py:150} INFO - [2023-07-22T17:16:31.728-0500] {dagbag.py:541} INFO - Filling up the DagBag from /Users/abhishekpatkar/Documents/Projects/af_file_loader/venv/lib/python3.11/site-packages/airflow/example_dags/example_external_task_marker_dag.py
[2023-07-22T17:16:31.753-0500] {processor.py:836} INFO - DAG(s) dict_keys(['example_external_task_marker_parent', 'example_external_task_marker_child']) retrieved from /Users/abhishekpatkar/Documents/Projects/af_file_loader/venv/lib/python3.11/site-packages/airflow/example_dags/example_external_task_marker_dag.py
[2023-07-22T17:16:32.517-0500] {logging_mixin.py:150} INFO - [2023-07-22T17:16:32.517-0500] {dag.py:2742} INFO - Sync 2 DAGs
[2023-07-22T17:16:32.536-0500] {logging_mixin.py:150} INFO - [2023-07-22T17:16:32.536-0500] {dag.py:3504} INFO - Setting next_dagrun for example_external_task_marker_child to None, run_after=None
[2023-07-22T17:16:32.538-0500] {logging_mixin.py:150} INFO - [2023-07-22T17:16:32.538-0500] {dag.py:3504} INFO - Setting next_dagrun for example_external_task_marker_parent to None, run_after=None
[2023-07-22T17:16:32.557-0500] {processor.py:179} INFO - Processing /Users/abhishekpatkar/Documents/Projects/af_file_loader/venv/lib/python3.11/site-packages/airflow/example_dags/example_external_task_marker_dag.py took 0.836 seconds
[2023-07-22T17:21:24.158-0500] {processor.py:157} INFO - Started process (PID=22990) to work on /Users/abhishekpatkar/Documents/Projects/af_file_loader/venv/lib/python3.11/site-packages/airflow/example_dags/example_external_task_marker_dag.py
[2023-07-22T17:21:24.162-0500] {processor.py:826} INFO - Processing file /Users/abhishekpatkar/Documents/Projects/af_file_loader/venv/lib/python3.11/site-packages/airflow/example_dags/example_external_task_marker_dag.py for tasks to queue
[2023-07-22T17:21:24.163-0500] {logging_mixin.py:150} INFO - [2023-07-22T17:21:24.163-0500] {dagbag.py:541} INFO - Filling up the DagBag from /Users/abhishekpatkar/Documents/Projects/af_file_loader/venv/lib/python3.11/site-packages/airflow/example_dags/example_external_task_marker_dag.py
[2023-07-22T17:21:24.188-0500] {processor.py:836} INFO - DAG(s) dict_keys(['example_external_task_marker_parent', 'example_external_task_marker_child']) retrieved from /Users/abhishekpatkar/Documents/Projects/af_file_loader/venv/lib/python3.11/site-packages/airflow/example_dags/example_external_task_marker_dag.py
[2023-07-22T17:21:24.949-0500] {logging_mixin.py:150} INFO - [2023-07-22T17:21:24.949-0500] {dag.py:2742} INFO - Sync 2 DAGs
[2023-07-22T17:21:24.972-0500] {logging_mixin.py:150} INFO - [2023-07-22T17:21:24.972-0500] {dag.py:3504} INFO - Setting next_dagrun for example_external_task_marker_child to None, run_after=None
[2023-07-22T17:21:24.975-0500] {logging_mixin.py:150} INFO - [2023-07-22T17:21:24.975-0500] {dag.py:3504} INFO - Setting next_dagrun for example_external_task_marker_parent to None, run_after=None
[2023-07-22T17:21:24.992-0500] {processor.py:179} INFO - Processing /Users/abhishekpatkar/Documents/Projects/af_file_loader/venv/lib/python3.11/site-packages/airflow/example_dags/example_external_task_marker_dag.py took 0.835 seconds
[2023-07-22T17:29:27.636-0500] {processor.py:157} INFO - Started process (PID=23301) to work on /Users/abhishekpatkar/Documents/Projects/af_file_loader/venv/lib/python3.11/site-packages/airflow/example_dags/example_external_task_marker_dag.py
[2023-07-22T17:29:27.641-0500] {processor.py:826} INFO - Processing file /Users/abhishekpatkar/Documents/Projects/af_file_loader/venv/lib/python3.11/site-packages/airflow/example_dags/example_external_task_marker_dag.py for tasks to queue
[2023-07-22T17:29:27.641-0500] {logging_mixin.py:150} INFO - [2023-07-22T17:29:27.641-0500] {dagbag.py:541} INFO - Filling up the DagBag from /Users/abhishekpatkar/Documents/Projects/af_file_loader/venv/lib/python3.11/site-packages/airflow/example_dags/example_external_task_marker_dag.py
[2023-07-22T17:29:27.666-0500] {processor.py:836} INFO - DAG(s) dict_keys(['example_external_task_marker_parent', 'example_external_task_marker_child']) retrieved from /Users/abhishekpatkar/Documents/Projects/af_file_loader/venv/lib/python3.11/site-packages/airflow/example_dags/example_external_task_marker_dag.py
[2023-07-22T17:29:28.432-0500] {logging_mixin.py:150} INFO - [2023-07-22T17:29:28.431-0500] {dag.py:2742} INFO - Sync 2 DAGs
[2023-07-22T17:29:28.451-0500] {logging_mixin.py:150} INFO - [2023-07-22T17:29:28.451-0500] {dag.py:3504} INFO - Setting next_dagrun for example_external_task_marker_child to None, run_after=None
[2023-07-22T17:29:28.454-0500] {logging_mixin.py:150} INFO - [2023-07-22T17:29:28.454-0500] {dag.py:3504} INFO - Setting next_dagrun for example_external_task_marker_parent to None, run_after=None
[2023-07-22T17:29:28.474-0500] {processor.py:179} INFO - Processing /Users/abhishekpatkar/Documents/Projects/af_file_loader/venv/lib/python3.11/site-packages/airflow/example_dags/example_external_task_marker_dag.py took 0.839 seconds
[2023-07-22T17:32:05.544-0500] {processor.py:157} INFO - Started process (PID=23425) to work on /Users/abhishekpatkar/Documents/Projects/af_file_loader/venv/lib/python3.11/site-packages/airflow/example_dags/example_external_task_marker_dag.py
[2023-07-22T17:32:05.548-0500] {processor.py:826} INFO - Processing file /Users/abhishekpatkar/Documents/Projects/af_file_loader/venv/lib/python3.11/site-packages/airflow/example_dags/example_external_task_marker_dag.py for tasks to queue
[2023-07-22T17:32:05.549-0500] {logging_mixin.py:150} INFO - [2023-07-22T17:32:05.548-0500] {dagbag.py:541} INFO - Filling up the DagBag from /Users/abhishekpatkar/Documents/Projects/af_file_loader/venv/lib/python3.11/site-packages/airflow/example_dags/example_external_task_marker_dag.py
[2023-07-22T17:32:05.569-0500] {processor.py:836} INFO - DAG(s) dict_keys(['example_external_task_marker_parent', 'example_external_task_marker_child']) retrieved from /Users/abhishekpatkar/Documents/Projects/af_file_loader/venv/lib/python3.11/site-packages/airflow/example_dags/example_external_task_marker_dag.py
[2023-07-22T17:32:06.218-0500] {logging_mixin.py:150} INFO - [2023-07-22T17:32:06.217-0500] {dag.py:2742} INFO - Sync 2 DAGs
[2023-07-22T17:32:06.233-0500] {logging_mixin.py:150} INFO - [2023-07-22T17:32:06.233-0500] {dag.py:3504} INFO - Setting next_dagrun for example_external_task_marker_child to None, run_after=None
[2023-07-22T17:32:06.236-0500] {logging_mixin.py:150} INFO - [2023-07-22T17:32:06.236-0500] {dag.py:3504} INFO - Setting next_dagrun for example_external_task_marker_parent to None, run_after=None
[2023-07-22T17:32:06.251-0500] {processor.py:179} INFO - Processing /Users/abhishekpatkar/Documents/Projects/af_file_loader/venv/lib/python3.11/site-packages/airflow/example_dags/example_external_task_marker_dag.py took 0.708 seconds
[2023-07-22T17:36:11.471-0500] {processor.py:157} INFO - Started process (PID=23587) to work on /Users/abhishekpatkar/Documents/Projects/af_file_loader/venv/lib/python3.11/site-packages/airflow/example_dags/example_external_task_marker_dag.py
[2023-07-22T17:36:11.477-0500] {processor.py:826} INFO - Processing file /Users/abhishekpatkar/Documents/Projects/af_file_loader/venv/lib/python3.11/site-packages/airflow/example_dags/example_external_task_marker_dag.py for tasks to queue
[2023-07-22T17:36:11.478-0500] {logging_mixin.py:150} INFO - [2023-07-22T17:36:11.477-0500] {dagbag.py:541} INFO - Filling up the DagBag from /Users/abhishekpatkar/Documents/Projects/af_file_loader/venv/lib/python3.11/site-packages/airflow/example_dags/example_external_task_marker_dag.py
[2023-07-22T17:36:11.530-0500] {processor.py:836} INFO - DAG(s) dict_keys(['example_external_task_marker_parent', 'example_external_task_marker_child']) retrieved from /Users/abhishekpatkar/Documents/Projects/af_file_loader/venv/lib/python3.11/site-packages/airflow/example_dags/example_external_task_marker_dag.py
[2023-07-22T17:36:13.912-0500] {logging_mixin.py:150} INFO - [2023-07-22T17:36:13.912-0500] {dag.py:2742} INFO - Sync 2 DAGs
[2023-07-22T17:36:13.972-0500] {logging_mixin.py:150} INFO - [2023-07-22T17:36:13.972-0500] {dag.py:3504} INFO - Setting next_dagrun for example_external_task_marker_child to None, run_after=None
[2023-07-22T17:36:13.978-0500] {logging_mixin.py:150} INFO - [2023-07-22T17:36:13.977-0500] {dag.py:3504} INFO - Setting next_dagrun for example_external_task_marker_parent to None, run_after=None
[2023-07-22T17:36:14.042-0500] {processor.py:179} INFO - Processing /Users/abhishekpatkar/Documents/Projects/af_file_loader/venv/lib/python3.11/site-packages/airflow/example_dags/example_external_task_marker_dag.py took 2.574 seconds
[2023-07-22T17:48:25.478-0500] {processor.py:157} INFO - Started process (PID=24086) to work on /Users/abhishekpatkar/Documents/Projects/af_file_loader/venv/lib/python3.11/site-packages/airflow/example_dags/example_external_task_marker_dag.py
[2023-07-22T17:48:25.485-0500] {processor.py:826} INFO - Processing file /Users/abhishekpatkar/Documents/Projects/af_file_loader/venv/lib/python3.11/site-packages/airflow/example_dags/example_external_task_marker_dag.py for tasks to queue
[2023-07-22T17:48:25.486-0500] {logging_mixin.py:150} INFO - [2023-07-22T17:48:25.486-0500] {dagbag.py:541} INFO - Filling up the DagBag from /Users/abhishekpatkar/Documents/Projects/af_file_loader/venv/lib/python3.11/site-packages/airflow/example_dags/example_external_task_marker_dag.py
[2023-07-22T17:48:25.614-0500] {processor.py:836} INFO - DAG(s) dict_keys(['example_external_task_marker_child', 'example_external_task_marker_parent']) retrieved from /Users/abhishekpatkar/Documents/Projects/af_file_loader/venv/lib/python3.11/site-packages/airflow/example_dags/example_external_task_marker_dag.py
[2023-07-22T17:48:30.405-0500] {logging_mixin.py:150} INFO - [2023-07-22T17:48:30.404-0500] {dag.py:2742} INFO - Sync 2 DAGs
[2023-07-22T17:48:30.614-0500] {logging_mixin.py:150} INFO - [2023-07-22T17:48:30.613-0500] {dag.py:3504} INFO - Setting next_dagrun for example_external_task_marker_child to None, run_after=None
[2023-07-22T17:48:30.635-0500] {logging_mixin.py:150} INFO - [2023-07-22T17:48:30.634-0500] {dag.py:3504} INFO - Setting next_dagrun for example_external_task_marker_parent to None, run_after=None
[2023-07-22T17:48:30.787-0500] {processor.py:179} INFO - Processing /Users/abhishekpatkar/Documents/Projects/af_file_loader/venv/lib/python3.11/site-packages/airflow/example_dags/example_external_task_marker_dag.py took 5.309 seconds
[2023-07-22T17:53:40.473-0500] {processor.py:157} INFO - Started process (PID=24361) to work on /Users/abhishekpatkar/Documents/Projects/af_file_loader/venv/lib/python3.11/site-packages/airflow/example_dags/example_external_task_marker_dag.py
[2023-07-22T17:53:40.479-0500] {processor.py:826} INFO - Processing file /Users/abhishekpatkar/Documents/Projects/af_file_loader/venv/lib/python3.11/site-packages/airflow/example_dags/example_external_task_marker_dag.py for tasks to queue
[2023-07-22T17:53:40.481-0500] {logging_mixin.py:150} INFO - [2023-07-22T17:53:40.480-0500] {dagbag.py:541} INFO - Filling up the DagBag from /Users/abhishekpatkar/Documents/Projects/af_file_loader/venv/lib/python3.11/site-packages/airflow/example_dags/example_external_task_marker_dag.py
[2023-07-22T17:53:40.561-0500] {processor.py:836} INFO - DAG(s) dict_keys(['example_external_task_marker_child', 'example_external_task_marker_parent']) retrieved from /Users/abhishekpatkar/Documents/Projects/af_file_loader/venv/lib/python3.11/site-packages/airflow/example_dags/example_external_task_marker_dag.py
[2023-07-22T17:53:42.346-0500] {logging_mixin.py:150} INFO - [2023-07-22T17:53:42.346-0500] {dag.py:2742} INFO - Sync 2 DAGs
[2023-07-22T17:53:42.367-0500] {logging_mixin.py:150} INFO - [2023-07-22T17:53:42.367-0500] {dag.py:3504} INFO - Setting next_dagrun for example_external_task_marker_child to None, run_after=None
[2023-07-22T17:53:42.371-0500] {logging_mixin.py:150} INFO - [2023-07-22T17:53:42.370-0500] {dag.py:3504} INFO - Setting next_dagrun for example_external_task_marker_parent to None, run_after=None
[2023-07-22T17:53:42.397-0500] {processor.py:179} INFO - Processing /Users/abhishekpatkar/Documents/Projects/af_file_loader/venv/lib/python3.11/site-packages/airflow/example_dags/example_external_task_marker_dag.py took 1.925 seconds
[2023-07-22T17:59:23.710-0500] {processor.py:157} INFO - Started process (PID=24642) to work on /Users/abhishekpatkar/Documents/Projects/af_file_loader/venv/lib/python3.11/site-packages/airflow/example_dags/example_external_task_marker_dag.py
[2023-07-22T17:59:23.725-0500] {processor.py:826} INFO - Processing file /Users/abhishekpatkar/Documents/Projects/af_file_loader/venv/lib/python3.11/site-packages/airflow/example_dags/example_external_task_marker_dag.py for tasks to queue
[2023-07-22T17:59:23.726-0500] {logging_mixin.py:150} INFO - [2023-07-22T17:59:23.725-0500] {dagbag.py:541} INFO - Filling up the DagBag from /Users/abhishekpatkar/Documents/Projects/af_file_loader/venv/lib/python3.11/site-packages/airflow/example_dags/example_external_task_marker_dag.py
[2023-07-22T17:59:23.837-0500] {processor.py:836} INFO - DAG(s) dict_keys(['example_external_task_marker_child', 'example_external_task_marker_parent']) retrieved from /Users/abhishekpatkar/Documents/Projects/af_file_loader/venv/lib/python3.11/site-packages/airflow/example_dags/example_external_task_marker_dag.py
[2023-07-22T17:59:26.359-0500] {logging_mixin.py:150} INFO - [2023-07-22T17:59:26.359-0500] {dag.py:2742} INFO - Sync 2 DAGs
[2023-07-22T17:59:26.408-0500] {logging_mixin.py:150} INFO - [2023-07-22T17:59:26.408-0500] {dag.py:3504} INFO - Setting next_dagrun for example_external_task_marker_child to None, run_after=None
[2023-07-22T17:59:26.415-0500] {logging_mixin.py:150} INFO - [2023-07-22T17:59:26.414-0500] {dag.py:3504} INFO - Setting next_dagrun for example_external_task_marker_parent to None, run_after=None
[2023-07-22T17:59:26.450-0500] {processor.py:179} INFO - Processing /Users/abhishekpatkar/Documents/Projects/af_file_loader/venv/lib/python3.11/site-packages/airflow/example_dags/example_external_task_marker_dag.py took 2.741 seconds
[2023-07-22T18:03:31.288-0500] {processor.py:157} INFO - Started process (PID=24796) to work on /Users/abhishekpatkar/Documents/Projects/af_file_loader/venv/lib/python3.11/site-packages/airflow/example_dags/example_external_task_marker_dag.py
[2023-07-22T18:03:31.294-0500] {processor.py:826} INFO - Processing file /Users/abhishekpatkar/Documents/Projects/af_file_loader/venv/lib/python3.11/site-packages/airflow/example_dags/example_external_task_marker_dag.py for tasks to queue
[2023-07-22T18:03:31.296-0500] {logging_mixin.py:150} INFO - [2023-07-22T18:03:31.295-0500] {dagbag.py:541} INFO - Filling up the DagBag from /Users/abhishekpatkar/Documents/Projects/af_file_loader/venv/lib/python3.11/site-packages/airflow/example_dags/example_external_task_marker_dag.py
[2023-07-22T18:03:31.384-0500] {processor.py:836} INFO - DAG(s) dict_keys(['example_external_task_marker_parent', 'example_external_task_marker_child']) retrieved from /Users/abhishekpatkar/Documents/Projects/af_file_loader/venv/lib/python3.11/site-packages/airflow/example_dags/example_external_task_marker_dag.py
[2023-07-22T18:03:33.242-0500] {logging_mixin.py:150} INFO - [2023-07-22T18:03:33.242-0500] {dag.py:2742} INFO - Sync 2 DAGs
[2023-07-22T18:03:33.289-0500] {logging_mixin.py:150} INFO - [2023-07-22T18:03:33.282-0500] {dag.py:3504} INFO - Setting next_dagrun for example_external_task_marker_child to None, run_after=None
[2023-07-22T18:03:33.296-0500] {logging_mixin.py:150} INFO - [2023-07-22T18:03:33.296-0500] {dag.py:3504} INFO - Setting next_dagrun for example_external_task_marker_parent to None, run_after=None
[2023-07-22T18:03:33.346-0500] {processor.py:179} INFO - Processing /Users/abhishekpatkar/Documents/Projects/af_file_loader/venv/lib/python3.11/site-packages/airflow/example_dags/example_external_task_marker_dag.py took 2.059 seconds
[2023-07-22T18:06:44.458-0500] {processor.py:157} INFO - Started process (PID=24904) to work on /Users/abhishekpatkar/Documents/Projects/af_file_loader/venv/lib/python3.11/site-packages/airflow/example_dags/example_external_task_marker_dag.py
[2023-07-22T18:06:44.464-0500] {processor.py:826} INFO - Processing file /Users/abhishekpatkar/Documents/Projects/af_file_loader/venv/lib/python3.11/site-packages/airflow/example_dags/example_external_task_marker_dag.py for tasks to queue
[2023-07-22T18:06:44.466-0500] {logging_mixin.py:150} INFO - [2023-07-22T18:06:44.465-0500] {dagbag.py:541} INFO - Filling up the DagBag from /Users/abhishekpatkar/Documents/Projects/af_file_loader/venv/lib/python3.11/site-packages/airflow/example_dags/example_external_task_marker_dag.py
[2023-07-22T18:06:44.571-0500] {processor.py:836} INFO - DAG(s) dict_keys(['example_external_task_marker_child', 'example_external_task_marker_parent']) retrieved from /Users/abhishekpatkar/Documents/Projects/af_file_loader/venv/lib/python3.11/site-packages/airflow/example_dags/example_external_task_marker_dag.py
[2023-07-22T18:06:46.206-0500] {logging_mixin.py:150} INFO - [2023-07-22T18:06:46.205-0500] {dag.py:2742} INFO - Sync 2 DAGs
[2023-07-22T18:06:46.233-0500] {logging_mixin.py:150} INFO - [2023-07-22T18:06:46.233-0500] {dag.py:3504} INFO - Setting next_dagrun for example_external_task_marker_child to None, run_after=None
[2023-07-22T18:06:46.238-0500] {logging_mixin.py:150} INFO - [2023-07-22T18:06:46.238-0500] {dag.py:3504} INFO - Setting next_dagrun for example_external_task_marker_parent to None, run_after=None
[2023-07-22T18:06:46.266-0500] {processor.py:179} INFO - Processing /Users/abhishekpatkar/Documents/Projects/af_file_loader/venv/lib/python3.11/site-packages/airflow/example_dags/example_external_task_marker_dag.py took 1.811 seconds
