[2023-07-22T14:51:06.989-0500] {processor.py:157} INFO - Started process (PID=16595) to work on /Users/abhishekpatkar/Documents/Projects/af_file_loader/venv/lib/python3.11/site-packages/airflow/example_dags/example_short_circuit_decorator.py
[2023-07-22T14:51:06.996-0500] {processor.py:826} INFO - Processing file /Users/abhishekpatkar/Documents/Projects/af_file_loader/venv/lib/python3.11/site-packages/airflow/example_dags/example_short_circuit_decorator.py for tasks to queue
[2023-07-22T14:51:06.997-0500] {logging_mixin.py:150} INFO - [2023-07-22T14:51:06.997-0500] {dagbag.py:541} INFO - Filling up the DagBag from /Users/abhishekpatkar/Documents/Projects/af_file_loader/venv/lib/python3.11/site-packages/airflow/example_dags/example_short_circuit_decorator.py
[2023-07-22T14:51:07.221-0500] {processor.py:836} INFO - DAG(s) dict_keys(['example_short_circuit_decorator']) retrieved from /Users/abhishekpatkar/Documents/Projects/af_file_loader/venv/lib/python3.11/site-packages/airflow/example_dags/example_short_circuit_decorator.py
[2023-07-22T14:51:08.842-0500] {logging_mixin.py:150} INFO - [2023-07-22T14:51:08.842-0500] {manager.py:504} INFO - Created Permission View: can read on DAG:example_short_circuit_decorator
[2023-07-22T14:51:08.871-0500] {logging_mixin.py:150} INFO - [2023-07-22T14:51:08.870-0500] {manager.py:504} INFO - Created Permission View: can edit on DAG:example_short_circuit_decorator
[2023-07-22T14:51:08.888-0500] {logging_mixin.py:150} INFO - [2023-07-22T14:51:08.888-0500] {manager.py:504} INFO - Created Permission View: can delete on DAG:example_short_circuit_decorator
[2023-07-22T14:51:08.906-0500] {logging_mixin.py:150} INFO - [2023-07-22T14:51:08.906-0500] {dag.py:2742} INFO - Sync 1 DAGs
[2023-07-22T14:51:08.926-0500] {logging_mixin.py:150} INFO - [2023-07-22T14:51:08.925-0500] {dag.py:2763} INFO - Creating ORM DAG for example_short_circuit_decorator
[2023-07-22T14:51:08.946-0500] {logging_mixin.py:150} INFO - [2023-07-22T14:51:08.945-0500] {dag.py:3504} INFO - Setting next_dagrun for example_short_circuit_decorator to 2023-07-21T19:51:08.945509+00:00, run_after=2023-07-22T19:51:08.945509+00:00
[2023-07-22T14:51:08.985-0500] {processor.py:179} INFO - Processing /Users/abhishekpatkar/Documents/Projects/af_file_loader/venv/lib/python3.11/site-packages/airflow/example_dags/example_short_circuit_decorator.py took 1.998 seconds
[2023-07-22T14:54:36.413-0500] {processor.py:157} INFO - Started process (PID=16822) to work on /Users/abhishekpatkar/Documents/Projects/af_file_loader/venv/lib/python3.11/site-packages/airflow/example_dags/example_short_circuit_decorator.py
[2023-07-22T14:54:36.418-0500] {processor.py:826} INFO - Processing file /Users/abhishekpatkar/Documents/Projects/af_file_loader/venv/lib/python3.11/site-packages/airflow/example_dags/example_short_circuit_decorator.py for tasks to queue
[2023-07-22T14:54:36.419-0500] {logging_mixin.py:150} INFO - [2023-07-22T14:54:36.418-0500] {dagbag.py:541} INFO - Filling up the DagBag from /Users/abhishekpatkar/Documents/Projects/af_file_loader/venv/lib/python3.11/site-packages/airflow/example_dags/example_short_circuit_decorator.py
[2023-07-22T14:54:36.518-0500] {processor.py:836} INFO - DAG(s) dict_keys(['example_short_circuit_decorator']) retrieved from /Users/abhishekpatkar/Documents/Projects/af_file_loader/venv/lib/python3.11/site-packages/airflow/example_dags/example_short_circuit_decorator.py
[2023-07-22T14:54:37.617-0500] {logging_mixin.py:150} INFO - [2023-07-22T14:54:37.617-0500] {dag.py:2742} INFO - Sync 1 DAGs
[2023-07-22T14:54:37.666-0500] {logging_mixin.py:150} INFO - [2023-07-22T14:54:37.666-0500] {dag.py:3504} INFO - Setting next_dagrun for example_short_circuit_decorator to 2023-07-21T19:54:37.666210+00:00, run_after=2023-07-22T19:54:37.666210+00:00
[2023-07-22T14:54:37.720-0500] {processor.py:179} INFO - Processing /Users/abhishekpatkar/Documents/Projects/af_file_loader/venv/lib/python3.11/site-packages/airflow/example_dags/example_short_circuit_decorator.py took 1.308 seconds
[2023-07-22T14:57:13.985-0500] {processor.py:157} INFO - Started process (PID=16972) to work on /Users/abhishekpatkar/Documents/Projects/af_file_loader/venv/lib/python3.11/site-packages/airflow/example_dags/example_short_circuit_decorator.py
[2023-07-22T14:57:13.992-0500] {processor.py:826} INFO - Processing file /Users/abhishekpatkar/Documents/Projects/af_file_loader/venv/lib/python3.11/site-packages/airflow/example_dags/example_short_circuit_decorator.py for tasks to queue
[2023-07-22T14:57:13.993-0500] {logging_mixin.py:150} INFO - [2023-07-22T14:57:13.993-0500] {dagbag.py:541} INFO - Filling up the DagBag from /Users/abhishekpatkar/Documents/Projects/af_file_loader/venv/lib/python3.11/site-packages/airflow/example_dags/example_short_circuit_decorator.py
[2023-07-22T14:57:14.148-0500] {processor.py:836} INFO - DAG(s) dict_keys(['example_short_circuit_decorator']) retrieved from /Users/abhishekpatkar/Documents/Projects/af_file_loader/venv/lib/python3.11/site-packages/airflow/example_dags/example_short_circuit_decorator.py
[2023-07-22T14:57:15.763-0500] {logging_mixin.py:150} INFO - [2023-07-22T14:57:15.762-0500] {dag.py:2742} INFO - Sync 1 DAGs
[2023-07-22T14:57:15.801-0500] {logging_mixin.py:150} INFO - [2023-07-22T14:57:15.801-0500] {dag.py:3504} INFO - Setting next_dagrun for example_short_circuit_decorator to 2023-07-21T19:57:15.801323+00:00, run_after=2023-07-22T19:57:15.801323+00:00
[2023-07-22T14:57:15.848-0500] {processor.py:179} INFO - Processing /Users/abhishekpatkar/Documents/Projects/af_file_loader/venv/lib/python3.11/site-packages/airflow/example_dags/example_short_circuit_decorator.py took 1.866 seconds
[2023-07-22T14:59:35.682-0500] {processor.py:157} INFO - Started process (PID=17061) to work on /Users/abhishekpatkar/Documents/Projects/af_file_loader/venv/lib/python3.11/site-packages/airflow/example_dags/example_short_circuit_decorator.py
[2023-07-22T14:59:35.689-0500] {processor.py:826} INFO - Processing file /Users/abhishekpatkar/Documents/Projects/af_file_loader/venv/lib/python3.11/site-packages/airflow/example_dags/example_short_circuit_decorator.py for tasks to queue
[2023-07-22T14:59:35.690-0500] {logging_mixin.py:150} INFO - [2023-07-22T14:59:35.690-0500] {dagbag.py:541} INFO - Filling up the DagBag from /Users/abhishekpatkar/Documents/Projects/af_file_loader/venv/lib/python3.11/site-packages/airflow/example_dags/example_short_circuit_decorator.py
[2023-07-22T14:59:35.817-0500] {processor.py:836} INFO - DAG(s) dict_keys(['example_short_circuit_decorator']) retrieved from /Users/abhishekpatkar/Documents/Projects/af_file_loader/venv/lib/python3.11/site-packages/airflow/example_dags/example_short_circuit_decorator.py
[2023-07-22T14:59:36.891-0500] {logging_mixin.py:150} INFO - [2023-07-22T14:59:36.890-0500] {dag.py:2742} INFO - Sync 1 DAGs
[2023-07-22T14:59:36.922-0500] {logging_mixin.py:150} INFO - [2023-07-22T14:59:36.921-0500] {dag.py:3504} INFO - Setting next_dagrun for example_short_circuit_decorator to 2023-07-21T19:59:36.921492+00:00, run_after=2023-07-22T19:59:36.921492+00:00
[2023-07-22T14:59:36.957-0500] {processor.py:179} INFO - Processing /Users/abhishekpatkar/Documents/Projects/af_file_loader/venv/lib/python3.11/site-packages/airflow/example_dags/example_short_circuit_decorator.py took 1.277 seconds
[2023-07-22T15:02:01.406-0500] {processor.py:157} INFO - Started process (PID=17195) to work on /Users/abhishekpatkar/Documents/Projects/af_file_loader/venv/lib/python3.11/site-packages/airflow/example_dags/example_short_circuit_decorator.py
[2023-07-22T15:02:01.410-0500] {processor.py:826} INFO - Processing file /Users/abhishekpatkar/Documents/Projects/af_file_loader/venv/lib/python3.11/site-packages/airflow/example_dags/example_short_circuit_decorator.py for tasks to queue
[2023-07-22T15:02:01.410-0500] {logging_mixin.py:150} INFO - [2023-07-22T15:02:01.410-0500] {dagbag.py:541} INFO - Filling up the DagBag from /Users/abhishekpatkar/Documents/Projects/af_file_loader/venv/lib/python3.11/site-packages/airflow/example_dags/example_short_circuit_decorator.py
[2023-07-22T15:02:01.493-0500] {processor.py:836} INFO - DAG(s) dict_keys(['example_short_circuit_decorator']) retrieved from /Users/abhishekpatkar/Documents/Projects/af_file_loader/venv/lib/python3.11/site-packages/airflow/example_dags/example_short_circuit_decorator.py
[2023-07-22T15:02:02.181-0500] {logging_mixin.py:150} INFO - [2023-07-22T15:02:02.181-0500] {dag.py:2742} INFO - Sync 1 DAGs
[2023-07-22T15:02:02.208-0500] {logging_mixin.py:150} INFO - [2023-07-22T15:02:02.208-0500] {dag.py:3504} INFO - Setting next_dagrun for example_short_circuit_decorator to 2023-07-21T20:02:02.208334+00:00, run_after=2023-07-22T20:02:02.208334+00:00
[2023-07-22T15:02:02.245-0500] {processor.py:179} INFO - Processing /Users/abhishekpatkar/Documents/Projects/af_file_loader/venv/lib/python3.11/site-packages/airflow/example_dags/example_short_circuit_decorator.py took 0.840 seconds
[2023-07-22T15:04:42.936-0500] {processor.py:157} INFO - Started process (PID=17487) to work on /Users/abhishekpatkar/Documents/Projects/af_file_loader/venv/lib/python3.11/site-packages/airflow/example_dags/example_short_circuit_decorator.py
[2023-07-22T15:04:42.940-0500] {processor.py:826} INFO - Processing file /Users/abhishekpatkar/Documents/Projects/af_file_loader/venv/lib/python3.11/site-packages/airflow/example_dags/example_short_circuit_decorator.py for tasks to queue
[2023-07-22T15:04:42.941-0500] {logging_mixin.py:150} INFO - [2023-07-22T15:04:42.941-0500] {dagbag.py:541} INFO - Filling up the DagBag from /Users/abhishekpatkar/Documents/Projects/af_file_loader/venv/lib/python3.11/site-packages/airflow/example_dags/example_short_circuit_decorator.py
[2023-07-22T15:04:43.096-0500] {processor.py:836} INFO - DAG(s) dict_keys(['example_short_circuit_decorator']) retrieved from /Users/abhishekpatkar/Documents/Projects/af_file_loader/venv/lib/python3.11/site-packages/airflow/example_dags/example_short_circuit_decorator.py
[2023-07-22T15:04:44.000-0500] {logging_mixin.py:150} INFO - [2023-07-22T15:04:44.000-0500] {dag.py:2742} INFO - Sync 1 DAGs
[2023-07-22T15:04:44.040-0500] {logging_mixin.py:150} INFO - [2023-07-22T15:04:44.040-0500] {dag.py:3504} INFO - Setting next_dagrun for example_short_circuit_decorator to 2023-07-21T20:04:44.039938+00:00, run_after=2023-07-22T20:04:44.039938+00:00
[2023-07-22T15:04:44.089-0500] {processor.py:179} INFO - Processing /Users/abhishekpatkar/Documents/Projects/af_file_loader/venv/lib/python3.11/site-packages/airflow/example_dags/example_short_circuit_decorator.py took 1.154 seconds
[2023-07-22T15:10:17.408-0500] {processor.py:157} INFO - Started process (PID=17794) to work on /Users/abhishekpatkar/Documents/Projects/af_file_loader/venv/lib/python3.11/site-packages/airflow/example_dags/example_short_circuit_decorator.py
[2023-07-22T15:10:17.414-0500] {processor.py:826} INFO - Processing file /Users/abhishekpatkar/Documents/Projects/af_file_loader/venv/lib/python3.11/site-packages/airflow/example_dags/example_short_circuit_decorator.py for tasks to queue
[2023-07-22T15:10:17.415-0500] {logging_mixin.py:150} INFO - [2023-07-22T15:10:17.415-0500] {dagbag.py:541} INFO - Filling up the DagBag from /Users/abhishekpatkar/Documents/Projects/af_file_loader/venv/lib/python3.11/site-packages/airflow/example_dags/example_short_circuit_decorator.py
[2023-07-22T15:10:17.617-0500] {processor.py:836} INFO - DAG(s) dict_keys(['example_short_circuit_decorator']) retrieved from /Users/abhishekpatkar/Documents/Projects/af_file_loader/venv/lib/python3.11/site-packages/airflow/example_dags/example_short_circuit_decorator.py
[2023-07-22T15:10:18.660-0500] {logging_mixin.py:150} INFO - [2023-07-22T15:10:18.659-0500] {dag.py:2742} INFO - Sync 1 DAGs
[2023-07-22T15:10:18.692-0500] {logging_mixin.py:150} INFO - [2023-07-22T15:10:18.692-0500] {dag.py:3504} INFO - Setting next_dagrun for example_short_circuit_decorator to 2023-07-21T20:10:18.691858+00:00, run_after=2023-07-22T20:10:18.691858+00:00
[2023-07-22T15:10:18.739-0500] {processor.py:179} INFO - Processing /Users/abhishekpatkar/Documents/Projects/af_file_loader/venv/lib/python3.11/site-packages/airflow/example_dags/example_short_circuit_decorator.py took 1.332 seconds
[2023-07-22T15:13:12.303-0500] {processor.py:157} INFO - Started process (PID=17890) to work on /Users/abhishekpatkar/Documents/Projects/af_file_loader/venv/lib/python3.11/site-packages/airflow/example_dags/example_short_circuit_decorator.py
[2023-07-22T15:13:12.310-0500] {processor.py:826} INFO - Processing file /Users/abhishekpatkar/Documents/Projects/af_file_loader/venv/lib/python3.11/site-packages/airflow/example_dags/example_short_circuit_decorator.py for tasks to queue
[2023-07-22T15:13:12.311-0500] {logging_mixin.py:150} INFO - [2023-07-22T15:13:12.311-0500] {dagbag.py:541} INFO - Filling up the DagBag from /Users/abhishekpatkar/Documents/Projects/af_file_loader/venv/lib/python3.11/site-packages/airflow/example_dags/example_short_circuit_decorator.py
[2023-07-22T15:13:12.434-0500] {processor.py:836} INFO - DAG(s) dict_keys(['example_short_circuit_decorator']) retrieved from /Users/abhishekpatkar/Documents/Projects/af_file_loader/venv/lib/python3.11/site-packages/airflow/example_dags/example_short_circuit_decorator.py
[2023-07-22T15:13:13.160-0500] {logging_mixin.py:150} INFO - [2023-07-22T15:13:13.160-0500] {dag.py:2742} INFO - Sync 1 DAGs
[2023-07-22T15:13:13.178-0500] {logging_mixin.py:150} INFO - [2023-07-22T15:13:13.177-0500] {dag.py:3504} INFO - Setting next_dagrun for example_short_circuit_decorator to 2023-07-21T20:13:13.177791+00:00, run_after=2023-07-22T20:13:13.177791+00:00
[2023-07-22T15:13:13.197-0500] {processor.py:179} INFO - Processing /Users/abhishekpatkar/Documents/Projects/af_file_loader/venv/lib/python3.11/site-packages/airflow/example_dags/example_short_circuit_decorator.py took 0.895 seconds
[2023-07-22T15:15:56.989-0500] {processor.py:157} INFO - Started process (PID=17981) to work on /Users/abhishekpatkar/Documents/Projects/af_file_loader/venv/lib/python3.11/site-packages/airflow/example_dags/example_short_circuit_decorator.py
[2023-07-22T15:15:57.000-0500] {processor.py:826} INFO - Processing file /Users/abhishekpatkar/Documents/Projects/af_file_loader/venv/lib/python3.11/site-packages/airflow/example_dags/example_short_circuit_decorator.py for tasks to queue
[2023-07-22T15:15:57.003-0500] {logging_mixin.py:150} INFO - [2023-07-22T15:15:57.001-0500] {dagbag.py:541} INFO - Filling up the DagBag from /Users/abhishekpatkar/Documents/Projects/af_file_loader/venv/lib/python3.11/site-packages/airflow/example_dags/example_short_circuit_decorator.py
[2023-07-22T15:15:57.118-0500] {processor.py:836} INFO - DAG(s) dict_keys(['example_short_circuit_decorator']) retrieved from /Users/abhishekpatkar/Documents/Projects/af_file_loader/venv/lib/python3.11/site-packages/airflow/example_dags/example_short_circuit_decorator.py
[2023-07-22T15:15:57.941-0500] {logging_mixin.py:150} INFO - [2023-07-22T15:15:57.941-0500] {dag.py:2742} INFO - Sync 1 DAGs
[2023-07-22T15:15:57.962-0500] {logging_mixin.py:150} INFO - [2023-07-22T15:15:57.962-0500] {dag.py:3504} INFO - Setting next_dagrun for example_short_circuit_decorator to 2023-07-21T20:15:57.962495+00:00, run_after=2023-07-22T20:15:57.962495+00:00
[2023-07-22T15:15:57.989-0500] {processor.py:179} INFO - Processing /Users/abhishekpatkar/Documents/Projects/af_file_loader/venv/lib/python3.11/site-packages/airflow/example_dags/example_short_circuit_decorator.py took 1.007 seconds
[2023-07-22T15:18:57.932-0500] {processor.py:157} INFO - Started process (PID=18090) to work on /Users/abhishekpatkar/Documents/Projects/af_file_loader/venv/lib/python3.11/site-packages/airflow/example_dags/example_short_circuit_decorator.py
[2023-07-22T15:18:57.942-0500] {processor.py:826} INFO - Processing file /Users/abhishekpatkar/Documents/Projects/af_file_loader/venv/lib/python3.11/site-packages/airflow/example_dags/example_short_circuit_decorator.py for tasks to queue
[2023-07-22T15:18:57.945-0500] {logging_mixin.py:150} INFO - [2023-07-22T15:18:57.944-0500] {dagbag.py:541} INFO - Filling up the DagBag from /Users/abhishekpatkar/Documents/Projects/af_file_loader/venv/lib/python3.11/site-packages/airflow/example_dags/example_short_circuit_decorator.py
[2023-07-22T15:18:58.123-0500] {processor.py:836} INFO - DAG(s) dict_keys(['example_short_circuit_decorator']) retrieved from /Users/abhishekpatkar/Documents/Projects/af_file_loader/venv/lib/python3.11/site-packages/airflow/example_dags/example_short_circuit_decorator.py
[2023-07-22T15:18:59.123-0500] {logging_mixin.py:150} INFO - [2023-07-22T15:18:59.123-0500] {dag.py:2742} INFO - Sync 1 DAGs
[2023-07-22T15:18:59.148-0500] {logging_mixin.py:150} INFO - [2023-07-22T15:18:59.148-0500] {dag.py:3504} INFO - Setting next_dagrun for example_short_circuit_decorator to 2023-07-21T20:18:59.148291+00:00, run_after=2023-07-22T20:18:59.148291+00:00
[2023-07-22T15:18:59.179-0500] {processor.py:179} INFO - Processing /Users/abhishekpatkar/Documents/Projects/af_file_loader/venv/lib/python3.11/site-packages/airflow/example_dags/example_short_circuit_decorator.py took 1.249 seconds
[2023-07-22T15:21:38.054-0500] {processor.py:157} INFO - Started process (PID=18186) to work on /Users/abhishekpatkar/Documents/Projects/af_file_loader/venv/lib/python3.11/site-packages/airflow/example_dags/example_short_circuit_decorator.py
[2023-07-22T15:21:38.062-0500] {processor.py:826} INFO - Processing file /Users/abhishekpatkar/Documents/Projects/af_file_loader/venv/lib/python3.11/site-packages/airflow/example_dags/example_short_circuit_decorator.py for tasks to queue
[2023-07-22T15:21:38.063-0500] {logging_mixin.py:150} INFO - [2023-07-22T15:21:38.063-0500] {dagbag.py:541} INFO - Filling up the DagBag from /Users/abhishekpatkar/Documents/Projects/af_file_loader/venv/lib/python3.11/site-packages/airflow/example_dags/example_short_circuit_decorator.py
[2023-07-22T15:21:38.204-0500] {processor.py:836} INFO - DAG(s) dict_keys(['example_short_circuit_decorator']) retrieved from /Users/abhishekpatkar/Documents/Projects/af_file_loader/venv/lib/python3.11/site-packages/airflow/example_dags/example_short_circuit_decorator.py
[2023-07-22T15:21:39.313-0500] {logging_mixin.py:150} INFO - [2023-07-22T15:21:39.312-0500] {dag.py:2742} INFO - Sync 1 DAGs
[2023-07-22T15:21:39.358-0500] {logging_mixin.py:150} INFO - [2023-07-22T15:21:39.356-0500] {dag.py:3504} INFO - Setting next_dagrun for example_short_circuit_decorator to 2023-07-21T20:21:39.356092+00:00, run_after=2023-07-22T20:21:39.356092+00:00
[2023-07-22T15:21:39.407-0500] {processor.py:179} INFO - Processing /Users/abhishekpatkar/Documents/Projects/af_file_loader/venv/lib/python3.11/site-packages/airflow/example_dags/example_short_circuit_decorator.py took 1.360 seconds
[2023-07-22T15:23:55.195-0500] {processor.py:157} INFO - Started process (PID=18276) to work on /Users/abhishekpatkar/Documents/Projects/af_file_loader/venv/lib/python3.11/site-packages/airflow/example_dags/example_short_circuit_decorator.py
[2023-07-22T15:23:55.198-0500] {processor.py:826} INFO - Processing file /Users/abhishekpatkar/Documents/Projects/af_file_loader/venv/lib/python3.11/site-packages/airflow/example_dags/example_short_circuit_decorator.py for tasks to queue
[2023-07-22T15:23:55.203-0500] {logging_mixin.py:150} INFO - [2023-07-22T15:23:55.203-0500] {dagbag.py:541} INFO - Filling up the DagBag from /Users/abhishekpatkar/Documents/Projects/af_file_loader/venv/lib/python3.11/site-packages/airflow/example_dags/example_short_circuit_decorator.py
[2023-07-22T15:23:55.295-0500] {processor.py:836} INFO - DAG(s) dict_keys(['example_short_circuit_decorator']) retrieved from /Users/abhishekpatkar/Documents/Projects/af_file_loader/venv/lib/python3.11/site-packages/airflow/example_dags/example_short_circuit_decorator.py
[2023-07-22T15:23:55.924-0500] {logging_mixin.py:150} INFO - [2023-07-22T15:23:55.924-0500] {dag.py:2742} INFO - Sync 1 DAGs
[2023-07-22T15:23:55.940-0500] {logging_mixin.py:150} INFO - [2023-07-22T15:23:55.940-0500] {dag.py:3504} INFO - Setting next_dagrun for example_short_circuit_decorator to 2023-07-21T20:23:55.939920+00:00, run_after=2023-07-22T20:23:55.939920+00:00
[2023-07-22T15:23:55.959-0500] {processor.py:179} INFO - Processing /Users/abhishekpatkar/Documents/Projects/af_file_loader/venv/lib/python3.11/site-packages/airflow/example_dags/example_short_circuit_decorator.py took 0.765 seconds
[2023-07-22T15:26:24.598-0500] {processor.py:157} INFO - Started process (PID=18426) to work on /Users/abhishekpatkar/Documents/Projects/af_file_loader/venv/lib/python3.11/site-packages/airflow/example_dags/example_short_circuit_decorator.py
[2023-07-22T15:26:24.606-0500] {processor.py:826} INFO - Processing file /Users/abhishekpatkar/Documents/Projects/af_file_loader/venv/lib/python3.11/site-packages/airflow/example_dags/example_short_circuit_decorator.py for tasks to queue
[2023-07-22T15:26:24.607-0500] {logging_mixin.py:150} INFO - [2023-07-22T15:26:24.607-0500] {dagbag.py:541} INFO - Filling up the DagBag from /Users/abhishekpatkar/Documents/Projects/af_file_loader/venv/lib/python3.11/site-packages/airflow/example_dags/example_short_circuit_decorator.py
[2023-07-22T15:26:24.861-0500] {processor.py:836} INFO - DAG(s) dict_keys(['example_short_circuit_decorator']) retrieved from /Users/abhishekpatkar/Documents/Projects/af_file_loader/venv/lib/python3.11/site-packages/airflow/example_dags/example_short_circuit_decorator.py
[2023-07-22T15:26:27.731-0500] {logging_mixin.py:150} INFO - [2023-07-22T15:26:27.731-0500] {dag.py:2742} INFO - Sync 1 DAGs
[2023-07-22T15:26:27.814-0500] {logging_mixin.py:150} INFO - [2023-07-22T15:26:27.813-0500] {dag.py:3504} INFO - Setting next_dagrun for example_short_circuit_decorator to 2023-07-21T20:26:27.813546+00:00, run_after=2023-07-22T20:26:27.813546+00:00
[2023-07-22T15:26:27.860-0500] {processor.py:179} INFO - Processing /Users/abhishekpatkar/Documents/Projects/af_file_loader/venv/lib/python3.11/site-packages/airflow/example_dags/example_short_circuit_decorator.py took 3.263 seconds
[2023-07-22T15:29:58.629-0500] {processor.py:157} INFO - Started process (PID=18699) to work on /Users/abhishekpatkar/Documents/Projects/af_file_loader/venv/lib/python3.11/site-packages/airflow/example_dags/example_short_circuit_decorator.py
[2023-07-22T15:29:58.634-0500] {processor.py:826} INFO - Processing file /Users/abhishekpatkar/Documents/Projects/af_file_loader/venv/lib/python3.11/site-packages/airflow/example_dags/example_short_circuit_decorator.py for tasks to queue
[2023-07-22T15:29:58.635-0500] {logging_mixin.py:150} INFO - [2023-07-22T15:29:58.635-0500] {dagbag.py:541} INFO - Filling up the DagBag from /Users/abhishekpatkar/Documents/Projects/af_file_loader/venv/lib/python3.11/site-packages/airflow/example_dags/example_short_circuit_decorator.py
[2023-07-22T15:29:58.730-0500] {processor.py:836} INFO - DAG(s) dict_keys(['example_short_circuit_decorator']) retrieved from /Users/abhishekpatkar/Documents/Projects/af_file_loader/venv/lib/python3.11/site-packages/airflow/example_dags/example_short_circuit_decorator.py
[2023-07-22T15:29:59.359-0500] {logging_mixin.py:150} INFO - [2023-07-22T15:29:59.358-0500] {dag.py:2742} INFO - Sync 1 DAGs
[2023-07-22T15:29:59.374-0500] {logging_mixin.py:150} INFO - [2023-07-22T15:29:59.374-0500] {dag.py:3504} INFO - Setting next_dagrun for example_short_circuit_decorator to 2023-07-21T20:29:59.374222+00:00, run_after=2023-07-22T20:29:59.374222+00:00
[2023-07-22T15:29:59.395-0500] {processor.py:179} INFO - Processing /Users/abhishekpatkar/Documents/Projects/af_file_loader/venv/lib/python3.11/site-packages/airflow/example_dags/example_short_circuit_decorator.py took 0.766 seconds
[2023-07-22T15:32:29.394-0500] {processor.py:157} INFO - Started process (PID=18839) to work on /Users/abhishekpatkar/Documents/Projects/af_file_loader/venv/lib/python3.11/site-packages/airflow/example_dags/example_short_circuit_decorator.py
[2023-07-22T15:32:29.398-0500] {processor.py:826} INFO - Processing file /Users/abhishekpatkar/Documents/Projects/af_file_loader/venv/lib/python3.11/site-packages/airflow/example_dags/example_short_circuit_decorator.py for tasks to queue
[2023-07-22T15:32:29.399-0500] {logging_mixin.py:150} INFO - [2023-07-22T15:32:29.399-0500] {dagbag.py:541} INFO - Filling up the DagBag from /Users/abhishekpatkar/Documents/Projects/af_file_loader/venv/lib/python3.11/site-packages/airflow/example_dags/example_short_circuit_decorator.py
[2023-07-22T15:32:29.483-0500] {processor.py:836} INFO - DAG(s) dict_keys(['example_short_circuit_decorator']) retrieved from /Users/abhishekpatkar/Documents/Projects/af_file_loader/venv/lib/python3.11/site-packages/airflow/example_dags/example_short_circuit_decorator.py
[2023-07-22T15:32:30.116-0500] {logging_mixin.py:150} INFO - [2023-07-22T15:32:30.115-0500] {dag.py:2742} INFO - Sync 1 DAGs
[2023-07-22T15:32:30.132-0500] {logging_mixin.py:150} INFO - [2023-07-22T15:32:30.132-0500] {dag.py:3504} INFO - Setting next_dagrun for example_short_circuit_decorator to 2023-07-21T20:32:30.132006+00:00, run_after=2023-07-22T20:32:30.132006+00:00
[2023-07-22T15:32:30.152-0500] {processor.py:179} INFO - Processing /Users/abhishekpatkar/Documents/Projects/af_file_loader/venv/lib/python3.11/site-packages/airflow/example_dags/example_short_circuit_decorator.py took 0.758 seconds
[2023-07-22T15:34:25.286-0500] {processor.py:157} INFO - Started process (PID=18913) to work on /Users/abhishekpatkar/Documents/Projects/af_file_loader/venv/lib/python3.11/site-packages/airflow/example_dags/example_short_circuit_decorator.py
[2023-07-22T15:34:25.289-0500] {processor.py:826} INFO - Processing file /Users/abhishekpatkar/Documents/Projects/af_file_loader/venv/lib/python3.11/site-packages/airflow/example_dags/example_short_circuit_decorator.py for tasks to queue
[2023-07-22T15:34:25.290-0500] {logging_mixin.py:150} INFO - [2023-07-22T15:34:25.290-0500] {dagbag.py:541} INFO - Filling up the DagBag from /Users/abhishekpatkar/Documents/Projects/af_file_loader/venv/lib/python3.11/site-packages/airflow/example_dags/example_short_circuit_decorator.py
[2023-07-22T15:34:25.385-0500] {processor.py:836} INFO - DAG(s) dict_keys(['example_short_circuit_decorator']) retrieved from /Users/abhishekpatkar/Documents/Projects/af_file_loader/venv/lib/python3.11/site-packages/airflow/example_dags/example_short_circuit_decorator.py
[2023-07-22T15:34:25.999-0500] {logging_mixin.py:150} INFO - [2023-07-22T15:34:25.998-0500] {dag.py:2742} INFO - Sync 1 DAGs
[2023-07-22T15:34:26.023-0500] {logging_mixin.py:150} INFO - [2023-07-22T15:34:26.022-0500] {dag.py:3504} INFO - Setting next_dagrun for example_short_circuit_decorator to 2023-07-21T20:34:26.022782+00:00, run_after=2023-07-22T20:34:26.022782+00:00
[2023-07-22T15:34:26.043-0500] {processor.py:179} INFO - Processing /Users/abhishekpatkar/Documents/Projects/af_file_loader/venv/lib/python3.11/site-packages/airflow/example_dags/example_short_circuit_decorator.py took 0.758 seconds
[2023-07-22T15:36:17.359-0500] {processor.py:157} INFO - Started process (PID=19071) to work on /Users/abhishekpatkar/Documents/Projects/af_file_loader/venv/lib/python3.11/site-packages/airflow/example_dags/example_short_circuit_decorator.py
[2023-07-22T15:36:17.363-0500] {processor.py:826} INFO - Processing file /Users/abhishekpatkar/Documents/Projects/af_file_loader/venv/lib/python3.11/site-packages/airflow/example_dags/example_short_circuit_decorator.py for tasks to queue
[2023-07-22T15:36:17.363-0500] {logging_mixin.py:150} INFO - [2023-07-22T15:36:17.363-0500] {dagbag.py:541} INFO - Filling up the DagBag from /Users/abhishekpatkar/Documents/Projects/af_file_loader/venv/lib/python3.11/site-packages/airflow/example_dags/example_short_circuit_decorator.py
[2023-07-22T15:36:17.448-0500] {processor.py:836} INFO - DAG(s) dict_keys(['example_short_circuit_decorator']) retrieved from /Users/abhishekpatkar/Documents/Projects/af_file_loader/venv/lib/python3.11/site-packages/airflow/example_dags/example_short_circuit_decorator.py
[2023-07-22T15:36:18.055-0500] {logging_mixin.py:150} INFO - [2023-07-22T15:36:18.055-0500] {dag.py:2742} INFO - Sync 1 DAGs
[2023-07-22T15:36:18.072-0500] {logging_mixin.py:150} INFO - [2023-07-22T15:36:18.071-0500] {dag.py:3504} INFO - Setting next_dagrun for example_short_circuit_decorator to 2023-07-21T20:36:18.071853+00:00, run_after=2023-07-22T20:36:18.071853+00:00
[2023-07-22T15:36:18.090-0500] {processor.py:179} INFO - Processing /Users/abhishekpatkar/Documents/Projects/af_file_loader/venv/lib/python3.11/site-packages/airflow/example_dags/example_short_circuit_decorator.py took 0.732 seconds
[2023-07-22T15:47:56.292-0500] {processor.py:157} INFO - Started process (PID=19384) to work on /Users/abhishekpatkar/Documents/Projects/af_file_loader/venv/lib/python3.11/site-packages/airflow/example_dags/example_short_circuit_decorator.py
[2023-07-22T15:47:56.296-0500] {processor.py:826} INFO - Processing file /Users/abhishekpatkar/Documents/Projects/af_file_loader/venv/lib/python3.11/site-packages/airflow/example_dags/example_short_circuit_decorator.py for tasks to queue
[2023-07-22T15:47:56.297-0500] {logging_mixin.py:150} INFO - [2023-07-22T15:47:56.297-0500] {dagbag.py:541} INFO - Filling up the DagBag from /Users/abhishekpatkar/Documents/Projects/af_file_loader/venv/lib/python3.11/site-packages/airflow/example_dags/example_short_circuit_decorator.py
[2023-07-22T15:47:56.401-0500] {processor.py:836} INFO - DAG(s) dict_keys(['example_short_circuit_decorator']) retrieved from /Users/abhishekpatkar/Documents/Projects/af_file_loader/venv/lib/python3.11/site-packages/airflow/example_dags/example_short_circuit_decorator.py
[2023-07-22T15:47:57.225-0500] {logging_mixin.py:150} INFO - [2023-07-22T15:47:57.224-0500] {dag.py:2742} INFO - Sync 1 DAGs
[2023-07-22T15:47:57.242-0500] {logging_mixin.py:150} INFO - [2023-07-22T15:47:57.242-0500] {dag.py:3504} INFO - Setting next_dagrun for example_short_circuit_decorator to 2023-07-21T20:47:57.242624+00:00, run_after=2023-07-22T20:47:57.242624+00:00
[2023-07-22T15:47:57.273-0500] {processor.py:179} INFO - Processing /Users/abhishekpatkar/Documents/Projects/af_file_loader/venv/lib/python3.11/site-packages/airflow/example_dags/example_short_circuit_decorator.py took 0.983 seconds
[2023-07-22T15:50:19.579-0500] {processor.py:157} INFO - Started process (PID=19566) to work on /Users/abhishekpatkar/Documents/Projects/af_file_loader/venv/lib/python3.11/site-packages/airflow/example_dags/example_short_circuit_decorator.py
[2023-07-22T15:50:19.584-0500] {processor.py:826} INFO - Processing file /Users/abhishekpatkar/Documents/Projects/af_file_loader/venv/lib/python3.11/site-packages/airflow/example_dags/example_short_circuit_decorator.py for tasks to queue
[2023-07-22T15:50:19.586-0500] {logging_mixin.py:150} INFO - [2023-07-22T15:50:19.586-0500] {dagbag.py:541} INFO - Filling up the DagBag from /Users/abhishekpatkar/Documents/Projects/af_file_loader/venv/lib/python3.11/site-packages/airflow/example_dags/example_short_circuit_decorator.py
[2023-07-22T15:50:19.684-0500] {processor.py:836} INFO - DAG(s) dict_keys(['example_short_circuit_decorator']) retrieved from /Users/abhishekpatkar/Documents/Projects/af_file_loader/venv/lib/python3.11/site-packages/airflow/example_dags/example_short_circuit_decorator.py
[2023-07-22T15:50:20.583-0500] {logging_mixin.py:150} INFO - [2023-07-22T15:50:20.582-0500] {dag.py:2742} INFO - Sync 1 DAGs
[2023-07-22T15:50:20.612-0500] {logging_mixin.py:150} INFO - [2023-07-22T15:50:20.612-0500] {dag.py:3504} INFO - Setting next_dagrun for example_short_circuit_decorator to 2023-07-21T20:50:20.612385+00:00, run_after=2023-07-22T20:50:20.612385+00:00
[2023-07-22T15:50:20.658-0500] {processor.py:179} INFO - Processing /Users/abhishekpatkar/Documents/Projects/af_file_loader/venv/lib/python3.11/site-packages/airflow/example_dags/example_short_circuit_decorator.py took 1.080 seconds
[2023-07-22T15:52:57.992-0500] {processor.py:157} INFO - Started process (PID=19829) to work on /Users/abhishekpatkar/Documents/Projects/af_file_loader/venv/lib/python3.11/site-packages/airflow/example_dags/example_short_circuit_decorator.py
[2023-07-22T15:52:58.004-0500] {processor.py:826} INFO - Processing file /Users/abhishekpatkar/Documents/Projects/af_file_loader/venv/lib/python3.11/site-packages/airflow/example_dags/example_short_circuit_decorator.py for tasks to queue
[2023-07-22T15:52:58.005-0500] {logging_mixin.py:150} INFO - [2023-07-22T15:52:58.004-0500] {dagbag.py:541} INFO - Filling up the DagBag from /Users/abhishekpatkar/Documents/Projects/af_file_loader/venv/lib/python3.11/site-packages/airflow/example_dags/example_short_circuit_decorator.py
[2023-07-22T15:52:58.188-0500] {processor.py:836} INFO - DAG(s) dict_keys(['example_short_circuit_decorator']) retrieved from /Users/abhishekpatkar/Documents/Projects/af_file_loader/venv/lib/python3.11/site-packages/airflow/example_dags/example_short_circuit_decorator.py
[2023-07-22T15:52:59.197-0500] {logging_mixin.py:150} INFO - [2023-07-22T15:52:59.196-0500] {dag.py:2742} INFO - Sync 1 DAGs
[2023-07-22T15:52:59.220-0500] {logging_mixin.py:150} INFO - [2023-07-22T15:52:59.220-0500] {dag.py:3504} INFO - Setting next_dagrun for example_short_circuit_decorator to 2023-07-21T20:52:59.220302+00:00, run_after=2023-07-22T20:52:59.220302+00:00
[2023-07-22T15:52:59.260-0500] {processor.py:179} INFO - Processing /Users/abhishekpatkar/Documents/Projects/af_file_loader/venv/lib/python3.11/site-packages/airflow/example_dags/example_short_circuit_decorator.py took 1.271 seconds
[2023-07-22T15:55:37.355-0500] {processor.py:157} INFO - Started process (PID=20007) to work on /Users/abhishekpatkar/Documents/Projects/af_file_loader/venv/lib/python3.11/site-packages/airflow/example_dags/example_short_circuit_decorator.py
[2023-07-22T15:55:37.359-0500] {processor.py:826} INFO - Processing file /Users/abhishekpatkar/Documents/Projects/af_file_loader/venv/lib/python3.11/site-packages/airflow/example_dags/example_short_circuit_decorator.py for tasks to queue
[2023-07-22T15:55:37.360-0500] {logging_mixin.py:150} INFO - [2023-07-22T15:55:37.360-0500] {dagbag.py:541} INFO - Filling up the DagBag from /Users/abhishekpatkar/Documents/Projects/af_file_loader/venv/lib/python3.11/site-packages/airflow/example_dags/example_short_circuit_decorator.py
[2023-07-22T15:55:37.476-0500] {processor.py:836} INFO - DAG(s) dict_keys(['example_short_circuit_decorator']) retrieved from /Users/abhishekpatkar/Documents/Projects/af_file_loader/venv/lib/python3.11/site-packages/airflow/example_dags/example_short_circuit_decorator.py
[2023-07-22T15:55:38.500-0500] {logging_mixin.py:150} INFO - [2023-07-22T15:55:38.499-0500] {dag.py:2742} INFO - Sync 1 DAGs
[2023-07-22T15:55:38.523-0500] {logging_mixin.py:150} INFO - [2023-07-22T15:55:38.522-0500] {dag.py:3504} INFO - Setting next_dagrun for example_short_circuit_decorator to 2023-07-21T20:55:38.522671+00:00, run_after=2023-07-22T20:55:38.522671+00:00
[2023-07-22T15:55:38.549-0500] {processor.py:179} INFO - Processing /Users/abhishekpatkar/Documents/Projects/af_file_loader/venv/lib/python3.11/site-packages/airflow/example_dags/example_short_circuit_decorator.py took 1.196 seconds
[2023-07-22T15:58:16.188-0500] {processor.py:157} INFO - Started process (PID=20237) to work on /Users/abhishekpatkar/Documents/Projects/af_file_loader/venv/lib/python3.11/site-packages/airflow/example_dags/example_short_circuit_decorator.py
[2023-07-22T15:58:16.192-0500] {processor.py:826} INFO - Processing file /Users/abhishekpatkar/Documents/Projects/af_file_loader/venv/lib/python3.11/site-packages/airflow/example_dags/example_short_circuit_decorator.py for tasks to queue
[2023-07-22T15:58:16.192-0500] {logging_mixin.py:150} INFO - [2023-07-22T15:58:16.192-0500] {dagbag.py:541} INFO - Filling up the DagBag from /Users/abhishekpatkar/Documents/Projects/af_file_loader/venv/lib/python3.11/site-packages/airflow/example_dags/example_short_circuit_decorator.py
[2023-07-22T15:58:16.303-0500] {processor.py:836} INFO - DAG(s) dict_keys(['example_short_circuit_decorator']) retrieved from /Users/abhishekpatkar/Documents/Projects/af_file_loader/venv/lib/python3.11/site-packages/airflow/example_dags/example_short_circuit_decorator.py
[2023-07-22T15:58:17.128-0500] {logging_mixin.py:150} INFO - [2023-07-22T15:58:17.127-0500] {dag.py:2742} INFO - Sync 1 DAGs
[2023-07-22T15:58:17.148-0500] {logging_mixin.py:150} INFO - [2023-07-22T15:58:17.148-0500] {dag.py:3504} INFO - Setting next_dagrun for example_short_circuit_decorator to 2023-07-21T20:58:17.147629+00:00, run_after=2023-07-22T20:58:17.147629+00:00
[2023-07-22T15:58:17.172-0500] {processor.py:179} INFO - Processing /Users/abhishekpatkar/Documents/Projects/af_file_loader/venv/lib/python3.11/site-packages/airflow/example_dags/example_short_circuit_decorator.py took 0.985 seconds
[2023-07-22T16:00:42.928-0500] {processor.py:157} INFO - Started process (PID=20322) to work on /Users/abhishekpatkar/Documents/Projects/af_file_loader/venv/lib/python3.11/site-packages/airflow/example_dags/example_short_circuit_decorator.py
[2023-07-22T16:00:42.936-0500] {processor.py:826} INFO - Processing file /Users/abhishekpatkar/Documents/Projects/af_file_loader/venv/lib/python3.11/site-packages/airflow/example_dags/example_short_circuit_decorator.py for tasks to queue
[2023-07-22T16:00:42.937-0500] {logging_mixin.py:150} INFO - [2023-07-22T16:00:42.937-0500] {dagbag.py:541} INFO - Filling up the DagBag from /Users/abhishekpatkar/Documents/Projects/af_file_loader/venv/lib/python3.11/site-packages/airflow/example_dags/example_short_circuit_decorator.py
[2023-07-22T16:00:43.107-0500] {processor.py:836} INFO - DAG(s) dict_keys(['example_short_circuit_decorator']) retrieved from /Users/abhishekpatkar/Documents/Projects/af_file_loader/venv/lib/python3.11/site-packages/airflow/example_dags/example_short_circuit_decorator.py
[2023-07-22T16:00:43.997-0500] {logging_mixin.py:150} INFO - [2023-07-22T16:00:43.997-0500] {dag.py:2742} INFO - Sync 1 DAGs
[2023-07-22T16:00:44.016-0500] {logging_mixin.py:150} INFO - [2023-07-22T16:00:44.016-0500] {dag.py:3504} INFO - Setting next_dagrun for example_short_circuit_decorator to 2023-07-21T21:00:44.016274+00:00, run_after=2023-07-22T21:00:44.016274+00:00
[2023-07-22T16:00:44.054-0500] {processor.py:179} INFO - Processing /Users/abhishekpatkar/Documents/Projects/af_file_loader/venv/lib/python3.11/site-packages/airflow/example_dags/example_short_circuit_decorator.py took 1.130 seconds
[2023-07-22T16:03:00.169-0500] {processor.py:157} INFO - Started process (PID=20405) to work on /Users/abhishekpatkar/Documents/Projects/af_file_loader/venv/lib/python3.11/site-packages/airflow/example_dags/example_short_circuit_decorator.py
[2023-07-22T16:03:00.174-0500] {processor.py:826} INFO - Processing file /Users/abhishekpatkar/Documents/Projects/af_file_loader/venv/lib/python3.11/site-packages/airflow/example_dags/example_short_circuit_decorator.py for tasks to queue
[2023-07-22T16:03:00.174-0500] {logging_mixin.py:150} INFO - [2023-07-22T16:03:00.174-0500] {dagbag.py:541} INFO - Filling up the DagBag from /Users/abhishekpatkar/Documents/Projects/af_file_loader/venv/lib/python3.11/site-packages/airflow/example_dags/example_short_circuit_decorator.py
[2023-07-22T16:03:00.257-0500] {processor.py:836} INFO - DAG(s) dict_keys(['example_short_circuit_decorator']) retrieved from /Users/abhishekpatkar/Documents/Projects/af_file_loader/venv/lib/python3.11/site-packages/airflow/example_dags/example_short_circuit_decorator.py
[2023-07-22T16:03:00.844-0500] {logging_mixin.py:150} INFO - [2023-07-22T16:03:00.843-0500] {dag.py:2742} INFO - Sync 1 DAGs
[2023-07-22T16:03:00.860-0500] {logging_mixin.py:150} INFO - [2023-07-22T16:03:00.859-0500] {dag.py:3504} INFO - Setting next_dagrun for example_short_circuit_decorator to 2023-07-21T21:03:00.859842+00:00, run_after=2023-07-22T21:03:00.859842+00:00
[2023-07-22T16:03:00.880-0500] {processor.py:179} INFO - Processing /Users/abhishekpatkar/Documents/Projects/af_file_loader/venv/lib/python3.11/site-packages/airflow/example_dags/example_short_circuit_decorator.py took 0.712 seconds
[2023-07-22T16:04:53.367-0500] {processor.py:157} INFO - Started process (PID=20490) to work on /Users/abhishekpatkar/Documents/Projects/af_file_loader/venv/lib/python3.11/site-packages/airflow/example_dags/example_short_circuit_decorator.py
[2023-07-22T16:04:53.372-0500] {processor.py:826} INFO - Processing file /Users/abhishekpatkar/Documents/Projects/af_file_loader/venv/lib/python3.11/site-packages/airflow/example_dags/example_short_circuit_decorator.py for tasks to queue
[2023-07-22T16:04:53.372-0500] {logging_mixin.py:150} INFO - [2023-07-22T16:04:53.372-0500] {dagbag.py:541} INFO - Filling up the DagBag from /Users/abhishekpatkar/Documents/Projects/af_file_loader/venv/lib/python3.11/site-packages/airflow/example_dags/example_short_circuit_decorator.py
[2023-07-22T16:04:53.456-0500] {processor.py:836} INFO - DAG(s) dict_keys(['example_short_circuit_decorator']) retrieved from /Users/abhishekpatkar/Documents/Projects/af_file_loader/venv/lib/python3.11/site-packages/airflow/example_dags/example_short_circuit_decorator.py
[2023-07-22T16:04:54.044-0500] {logging_mixin.py:150} INFO - [2023-07-22T16:04:54.043-0500] {dag.py:2742} INFO - Sync 1 DAGs
[2023-07-22T16:04:54.059-0500] {logging_mixin.py:150} INFO - [2023-07-22T16:04:54.059-0500] {dag.py:3504} INFO - Setting next_dagrun for example_short_circuit_decorator to 2023-07-21T21:04:54.059356+00:00, run_after=2023-07-22T21:04:54.059356+00:00
[2023-07-22T16:04:54.079-0500] {processor.py:179} INFO - Processing /Users/abhishekpatkar/Documents/Projects/af_file_loader/venv/lib/python3.11/site-packages/airflow/example_dags/example_short_circuit_decorator.py took 0.713 seconds
[2023-07-22T16:06:39.089-0500] {processor.py:157} INFO - Started process (PID=20572) to work on /Users/abhishekpatkar/Documents/Projects/af_file_loader/venv/lib/python3.11/site-packages/airflow/example_dags/example_short_circuit_decorator.py
[2023-07-22T16:06:39.093-0500] {processor.py:826} INFO - Processing file /Users/abhishekpatkar/Documents/Projects/af_file_loader/venv/lib/python3.11/site-packages/airflow/example_dags/example_short_circuit_decorator.py for tasks to queue
[2023-07-22T16:06:39.094-0500] {logging_mixin.py:150} INFO - [2023-07-22T16:06:39.093-0500] {dagbag.py:541} INFO - Filling up the DagBag from /Users/abhishekpatkar/Documents/Projects/af_file_loader/venv/lib/python3.11/site-packages/airflow/example_dags/example_short_circuit_decorator.py
[2023-07-22T16:06:39.176-0500] {processor.py:836} INFO - DAG(s) dict_keys(['example_short_circuit_decorator']) retrieved from /Users/abhishekpatkar/Documents/Projects/af_file_loader/venv/lib/python3.11/site-packages/airflow/example_dags/example_short_circuit_decorator.py
[2023-07-22T16:06:39.799-0500] {logging_mixin.py:150} INFO - [2023-07-22T16:06:39.799-0500] {dag.py:2742} INFO - Sync 1 DAGs
[2023-07-22T16:06:39.815-0500] {logging_mixin.py:150} INFO - [2023-07-22T16:06:39.815-0500] {dag.py:3504} INFO - Setting next_dagrun for example_short_circuit_decorator to 2023-07-21T21:06:39.815557+00:00, run_after=2023-07-22T21:06:39.815557+00:00
[2023-07-22T16:06:39.835-0500] {processor.py:179} INFO - Processing /Users/abhishekpatkar/Documents/Projects/af_file_loader/venv/lib/python3.11/site-packages/airflow/example_dags/example_short_circuit_decorator.py took 0.746 seconds
[2023-07-22T16:08:29.961-0500] {processor.py:157} INFO - Started process (PID=20655) to work on /Users/abhishekpatkar/Documents/Projects/af_file_loader/venv/lib/python3.11/site-packages/airflow/example_dags/example_short_circuit_decorator.py
[2023-07-22T16:08:29.966-0500] {processor.py:826} INFO - Processing file /Users/abhishekpatkar/Documents/Projects/af_file_loader/venv/lib/python3.11/site-packages/airflow/example_dags/example_short_circuit_decorator.py for tasks to queue
[2023-07-22T16:08:29.967-0500] {logging_mixin.py:150} INFO - [2023-07-22T16:08:29.967-0500] {dagbag.py:541} INFO - Filling up the DagBag from /Users/abhishekpatkar/Documents/Projects/af_file_loader/venv/lib/python3.11/site-packages/airflow/example_dags/example_short_circuit_decorator.py
[2023-07-22T16:08:30.049-0500] {processor.py:836} INFO - DAG(s) dict_keys(['example_short_circuit_decorator']) retrieved from /Users/abhishekpatkar/Documents/Projects/af_file_loader/venv/lib/python3.11/site-packages/airflow/example_dags/example_short_circuit_decorator.py
[2023-07-22T16:08:30.661-0500] {logging_mixin.py:150} INFO - [2023-07-22T16:08:30.661-0500] {dag.py:2742} INFO - Sync 1 DAGs
[2023-07-22T16:08:30.677-0500] {logging_mixin.py:150} INFO - [2023-07-22T16:08:30.676-0500] {dag.py:3504} INFO - Setting next_dagrun for example_short_circuit_decorator to 2023-07-21T21:08:30.676720+00:00, run_after=2023-07-22T21:08:30.676720+00:00
[2023-07-22T16:08:30.697-0500] {processor.py:179} INFO - Processing /Users/abhishekpatkar/Documents/Projects/af_file_loader/venv/lib/python3.11/site-packages/airflow/example_dags/example_short_circuit_decorator.py took 0.736 seconds
[2023-07-22T16:10:21.967-0500] {processor.py:157} INFO - Started process (PID=20727) to work on /Users/abhishekpatkar/Documents/Projects/af_file_loader/venv/lib/python3.11/site-packages/airflow/example_dags/example_short_circuit_decorator.py
[2023-07-22T16:10:21.971-0500] {processor.py:826} INFO - Processing file /Users/abhishekpatkar/Documents/Projects/af_file_loader/venv/lib/python3.11/site-packages/airflow/example_dags/example_short_circuit_decorator.py for tasks to queue
[2023-07-22T16:10:21.972-0500] {logging_mixin.py:150} INFO - [2023-07-22T16:10:21.971-0500] {dagbag.py:541} INFO - Filling up the DagBag from /Users/abhishekpatkar/Documents/Projects/af_file_loader/venv/lib/python3.11/site-packages/airflow/example_dags/example_short_circuit_decorator.py
[2023-07-22T16:10:22.054-0500] {processor.py:836} INFO - DAG(s) dict_keys(['example_short_circuit_decorator']) retrieved from /Users/abhishekpatkar/Documents/Projects/af_file_loader/venv/lib/python3.11/site-packages/airflow/example_dags/example_short_circuit_decorator.py
[2023-07-22T16:10:22.644-0500] {logging_mixin.py:150} INFO - [2023-07-22T16:10:22.644-0500] {dag.py:2742} INFO - Sync 1 DAGs
[2023-07-22T16:10:22.660-0500] {logging_mixin.py:150} INFO - [2023-07-22T16:10:22.659-0500] {dag.py:3504} INFO - Setting next_dagrun for example_short_circuit_decorator to 2023-07-21T21:10:22.659680+00:00, run_after=2023-07-22T21:10:22.659680+00:00
[2023-07-22T16:10:22.679-0500] {processor.py:179} INFO - Processing /Users/abhishekpatkar/Documents/Projects/af_file_loader/venv/lib/python3.11/site-packages/airflow/example_dags/example_short_circuit_decorator.py took 0.713 seconds
[2023-07-22T16:24:09.805-0500] {processor.py:157} INFO - Started process (PID=20867) to work on /Users/abhishekpatkar/Documents/Projects/af_file_loader/venv/lib/python3.11/site-packages/airflow/example_dags/example_short_circuit_decorator.py
[2023-07-22T16:24:09.809-0500] {processor.py:826} INFO - Processing file /Users/abhishekpatkar/Documents/Projects/af_file_loader/venv/lib/python3.11/site-packages/airflow/example_dags/example_short_circuit_decorator.py for tasks to queue
[2023-07-22T16:24:09.810-0500] {logging_mixin.py:150} INFO - [2023-07-22T16:24:09.809-0500] {dagbag.py:541} INFO - Filling up the DagBag from /Users/abhishekpatkar/Documents/Projects/af_file_loader/venv/lib/python3.11/site-packages/airflow/example_dags/example_short_circuit_decorator.py
[2023-07-22T16:24:09.900-0500] {processor.py:836} INFO - DAG(s) dict_keys(['example_short_circuit_decorator']) retrieved from /Users/abhishekpatkar/Documents/Projects/af_file_loader/venv/lib/python3.11/site-packages/airflow/example_dags/example_short_circuit_decorator.py
[2023-07-22T16:24:10.619-0500] {logging_mixin.py:150} INFO - [2023-07-22T16:24:10.618-0500] {dag.py:2742} INFO - Sync 1 DAGs
[2023-07-22T16:24:10.667-0500] {logging_mixin.py:150} INFO - [2023-07-22T16:24:10.666-0500] {dag.py:3504} INFO - Setting next_dagrun for example_short_circuit_decorator to 2023-07-21T21:24:10.666640+00:00, run_after=2023-07-22T21:24:10.666640+00:00
[2023-07-22T16:24:10.721-0500] {processor.py:179} INFO - Processing /Users/abhishekpatkar/Documents/Projects/af_file_loader/venv/lib/python3.11/site-packages/airflow/example_dags/example_short_circuit_decorator.py took 0.917 seconds
[2023-07-22T16:27:06.197-0500] {processor.py:157} INFO - Started process (PID=21002) to work on /Users/abhishekpatkar/Documents/Projects/af_file_loader/venv/lib/python3.11/site-packages/airflow/example_dags/example_short_circuit_decorator.py
[2023-07-22T16:27:06.204-0500] {processor.py:826} INFO - Processing file /Users/abhishekpatkar/Documents/Projects/af_file_loader/venv/lib/python3.11/site-packages/airflow/example_dags/example_short_circuit_decorator.py for tasks to queue
[2023-07-22T16:27:06.205-0500] {logging_mixin.py:150} INFO - [2023-07-22T16:27:06.205-0500] {dagbag.py:541} INFO - Filling up the DagBag from /Users/abhishekpatkar/Documents/Projects/af_file_loader/venv/lib/python3.11/site-packages/airflow/example_dags/example_short_circuit_decorator.py
[2023-07-22T16:27:06.343-0500] {processor.py:836} INFO - DAG(s) dict_keys(['example_short_circuit_decorator']) retrieved from /Users/abhishekpatkar/Documents/Projects/af_file_loader/venv/lib/python3.11/site-packages/airflow/example_dags/example_short_circuit_decorator.py
[2023-07-22T16:27:08.198-0500] {logging_mixin.py:150} INFO - [2023-07-22T16:27:08.198-0500] {dag.py:2742} INFO - Sync 1 DAGs
[2023-07-22T16:27:08.221-0500] {logging_mixin.py:150} INFO - [2023-07-22T16:27:08.221-0500] {dag.py:3504} INFO - Setting next_dagrun for example_short_circuit_decorator to 2023-07-21T21:27:08.221553+00:00, run_after=2023-07-22T21:27:08.221553+00:00
[2023-07-22T16:27:08.261-0500] {processor.py:179} INFO - Processing /Users/abhishekpatkar/Documents/Projects/af_file_loader/venv/lib/python3.11/site-packages/airflow/example_dags/example_short_circuit_decorator.py took 2.064 seconds
[2023-07-22T16:30:24.345-0500] {processor.py:157} INFO - Started process (PID=21107) to work on /Users/abhishekpatkar/Documents/Projects/af_file_loader/venv/lib/python3.11/site-packages/airflow/example_dags/example_short_circuit_decorator.py
[2023-07-22T16:30:24.352-0500] {processor.py:826} INFO - Processing file /Users/abhishekpatkar/Documents/Projects/af_file_loader/venv/lib/python3.11/site-packages/airflow/example_dags/example_short_circuit_decorator.py for tasks to queue
[2023-07-22T16:30:24.354-0500] {logging_mixin.py:150} INFO - [2023-07-22T16:30:24.353-0500] {dagbag.py:541} INFO - Filling up the DagBag from /Users/abhishekpatkar/Documents/Projects/af_file_loader/venv/lib/python3.11/site-packages/airflow/example_dags/example_short_circuit_decorator.py
[2023-07-22T16:30:24.615-0500] {processor.py:836} INFO - DAG(s) dict_keys(['example_short_circuit_decorator']) retrieved from /Users/abhishekpatkar/Documents/Projects/af_file_loader/venv/lib/python3.11/site-packages/airflow/example_dags/example_short_circuit_decorator.py
[2023-07-22T16:30:25.970-0500] {logging_mixin.py:150} INFO - [2023-07-22T16:30:25.970-0500] {dag.py:2742} INFO - Sync 1 DAGs
[2023-07-22T16:30:25.995-0500] {logging_mixin.py:150} INFO - [2023-07-22T16:30:25.995-0500] {dag.py:3504} INFO - Setting next_dagrun for example_short_circuit_decorator to 2023-07-21T21:30:25.995467+00:00, run_after=2023-07-22T21:30:25.995467+00:00
[2023-07-22T16:30:26.030-0500] {processor.py:179} INFO - Processing /Users/abhishekpatkar/Documents/Projects/af_file_loader/venv/lib/python3.11/site-packages/airflow/example_dags/example_short_circuit_decorator.py took 1.687 seconds
[2023-07-22T16:33:43.681-0500] {processor.py:157} INFO - Started process (PID=21213) to work on /Users/abhishekpatkar/Documents/Projects/af_file_loader/venv/lib/python3.11/site-packages/airflow/example_dags/example_short_circuit_decorator.py
[2023-07-22T16:33:43.692-0500] {processor.py:826} INFO - Processing file /Users/abhishekpatkar/Documents/Projects/af_file_loader/venv/lib/python3.11/site-packages/airflow/example_dags/example_short_circuit_decorator.py for tasks to queue
[2023-07-22T16:33:43.693-0500] {logging_mixin.py:150} INFO - [2023-07-22T16:33:43.693-0500] {dagbag.py:541} INFO - Filling up the DagBag from /Users/abhishekpatkar/Documents/Projects/af_file_loader/venv/lib/python3.11/site-packages/airflow/example_dags/example_short_circuit_decorator.py
[2023-07-22T16:33:43.836-0500] {processor.py:836} INFO - DAG(s) dict_keys(['example_short_circuit_decorator']) retrieved from /Users/abhishekpatkar/Documents/Projects/af_file_loader/venv/lib/python3.11/site-packages/airflow/example_dags/example_short_circuit_decorator.py
[2023-07-22T16:33:45.351-0500] {logging_mixin.py:150} INFO - [2023-07-22T16:33:45.350-0500] {dag.py:2742} INFO - Sync 1 DAGs
[2023-07-22T16:33:45.378-0500] {logging_mixin.py:150} INFO - [2023-07-22T16:33:45.378-0500] {dag.py:3504} INFO - Setting next_dagrun for example_short_circuit_decorator to 2023-07-21T21:33:45.378153+00:00, run_after=2023-07-22T21:33:45.378153+00:00
[2023-07-22T16:33:45.414-0500] {processor.py:179} INFO - Processing /Users/abhishekpatkar/Documents/Projects/af_file_loader/venv/lib/python3.11/site-packages/airflow/example_dags/example_short_circuit_decorator.py took 1.734 seconds
[2023-07-22T16:37:45.984-0500] {processor.py:157} INFO - Started process (PID=21337) to work on /Users/abhishekpatkar/Documents/Projects/af_file_loader/venv/lib/python3.11/site-packages/airflow/example_dags/example_short_circuit_decorator.py
[2023-07-22T16:37:45.988-0500] {processor.py:826} INFO - Processing file /Users/abhishekpatkar/Documents/Projects/af_file_loader/venv/lib/python3.11/site-packages/airflow/example_dags/example_short_circuit_decorator.py for tasks to queue
[2023-07-22T16:37:45.988-0500] {logging_mixin.py:150} INFO - [2023-07-22T16:37:45.988-0500] {dagbag.py:541} INFO - Filling up the DagBag from /Users/abhishekpatkar/Documents/Projects/af_file_loader/venv/lib/python3.11/site-packages/airflow/example_dags/example_short_circuit_decorator.py
[2023-07-22T16:37:46.091-0500] {processor.py:836} INFO - DAG(s) dict_keys(['example_short_circuit_decorator']) retrieved from /Users/abhishekpatkar/Documents/Projects/af_file_loader/venv/lib/python3.11/site-packages/airflow/example_dags/example_short_circuit_decorator.py
[2023-07-22T16:37:46.802-0500] {logging_mixin.py:150} INFO - [2023-07-22T16:37:46.801-0500] {dag.py:2742} INFO - Sync 1 DAGs
[2023-07-22T16:37:46.822-0500] {logging_mixin.py:150} INFO - [2023-07-22T16:37:46.822-0500] {dag.py:3504} INFO - Setting next_dagrun for example_short_circuit_decorator to 2023-07-21T21:37:46.821966+00:00, run_after=2023-07-22T21:37:46.821966+00:00
[2023-07-22T16:37:46.848-0500] {processor.py:179} INFO - Processing /Users/abhishekpatkar/Documents/Projects/af_file_loader/venv/lib/python3.11/site-packages/airflow/example_dags/example_short_circuit_decorator.py took 0.865 seconds
[2023-07-22T16:42:22.304-0500] {processor.py:157} INFO - Started process (PID=21533) to work on /Users/abhishekpatkar/Documents/Projects/af_file_loader/venv/lib/python3.11/site-packages/airflow/example_dags/example_short_circuit_decorator.py
[2023-07-22T16:42:22.316-0500] {processor.py:826} INFO - Processing file /Users/abhishekpatkar/Documents/Projects/af_file_loader/venv/lib/python3.11/site-packages/airflow/example_dags/example_short_circuit_decorator.py for tasks to queue
[2023-07-22T16:42:22.318-0500] {logging_mixin.py:150} INFO - [2023-07-22T16:42:22.318-0500] {dagbag.py:541} INFO - Filling up the DagBag from /Users/abhishekpatkar/Documents/Projects/af_file_loader/venv/lib/python3.11/site-packages/airflow/example_dags/example_short_circuit_decorator.py
[2023-07-22T16:42:22.486-0500] {processor.py:836} INFO - DAG(s) dict_keys(['example_short_circuit_decorator']) retrieved from /Users/abhishekpatkar/Documents/Projects/af_file_loader/venv/lib/python3.11/site-packages/airflow/example_dags/example_short_circuit_decorator.py
[2023-07-22T16:42:23.798-0500] {logging_mixin.py:150} INFO - [2023-07-22T16:42:23.798-0500] {dag.py:2742} INFO - Sync 1 DAGs
[2023-07-22T16:42:23.849-0500] {logging_mixin.py:150} INFO - [2023-07-22T16:42:23.843-0500] {dag.py:3504} INFO - Setting next_dagrun for example_short_circuit_decorator to 2023-07-21T21:42:23.842811+00:00, run_after=2023-07-22T21:42:23.842811+00:00
[2023-07-22T16:42:23.960-0500] {processor.py:179} INFO - Processing /Users/abhishekpatkar/Documents/Projects/af_file_loader/venv/lib/python3.11/site-packages/airflow/example_dags/example_short_circuit_decorator.py took 1.656 seconds
[2023-07-22T16:46:15.033-0500] {processor.py:157} INFO - Started process (PID=21650) to work on /Users/abhishekpatkar/Documents/Projects/af_file_loader/venv/lib/python3.11/site-packages/airflow/example_dags/example_short_circuit_decorator.py
[2023-07-22T16:46:15.043-0500] {processor.py:826} INFO - Processing file /Users/abhishekpatkar/Documents/Projects/af_file_loader/venv/lib/python3.11/site-packages/airflow/example_dags/example_short_circuit_decorator.py for tasks to queue
[2023-07-22T16:46:15.044-0500] {logging_mixin.py:150} INFO - [2023-07-22T16:46:15.043-0500] {dagbag.py:541} INFO - Filling up the DagBag from /Users/abhishekpatkar/Documents/Projects/af_file_loader/venv/lib/python3.11/site-packages/airflow/example_dags/example_short_circuit_decorator.py
[2023-07-22T16:46:15.253-0500] {processor.py:836} INFO - DAG(s) dict_keys(['example_short_circuit_decorator']) retrieved from /Users/abhishekpatkar/Documents/Projects/af_file_loader/venv/lib/python3.11/site-packages/airflow/example_dags/example_short_circuit_decorator.py
[2023-07-22T16:46:16.299-0500] {logging_mixin.py:150} INFO - [2023-07-22T16:46:16.298-0500] {dag.py:2742} INFO - Sync 1 DAGs
[2023-07-22T16:46:16.330-0500] {logging_mixin.py:150} INFO - [2023-07-22T16:46:16.330-0500] {dag.py:3504} INFO - Setting next_dagrun for example_short_circuit_decorator to 2023-07-21T21:46:16.329899+00:00, run_after=2023-07-22T21:46:16.329899+00:00
[2023-07-22T16:46:16.380-0500] {processor.py:179} INFO - Processing /Users/abhishekpatkar/Documents/Projects/af_file_loader/venv/lib/python3.11/site-packages/airflow/example_dags/example_short_circuit_decorator.py took 1.348 seconds
[2023-07-22T16:49:52.853-0500] {processor.py:157} INFO - Started process (PID=21759) to work on /Users/abhishekpatkar/Documents/Projects/af_file_loader/venv/lib/python3.11/site-packages/airflow/example_dags/example_short_circuit_decorator.py
[2023-07-22T16:49:52.865-0500] {processor.py:826} INFO - Processing file /Users/abhishekpatkar/Documents/Projects/af_file_loader/venv/lib/python3.11/site-packages/airflow/example_dags/example_short_circuit_decorator.py for tasks to queue
[2023-07-22T16:49:52.865-0500] {logging_mixin.py:150} INFO - [2023-07-22T16:49:52.865-0500] {dagbag.py:541} INFO - Filling up the DagBag from /Users/abhishekpatkar/Documents/Projects/af_file_loader/venv/lib/python3.11/site-packages/airflow/example_dags/example_short_circuit_decorator.py
[2023-07-22T16:49:53.132-0500] {processor.py:836} INFO - DAG(s) dict_keys(['example_short_circuit_decorator']) retrieved from /Users/abhishekpatkar/Documents/Projects/af_file_loader/venv/lib/python3.11/site-packages/airflow/example_dags/example_short_circuit_decorator.py
[2023-07-22T16:49:54.603-0500] {logging_mixin.py:150} INFO - [2023-07-22T16:49:54.603-0500] {dag.py:2742} INFO - Sync 1 DAGs
[2023-07-22T16:49:54.639-0500] {logging_mixin.py:150} INFO - [2023-07-22T16:49:54.638-0500] {dag.py:3504} INFO - Setting next_dagrun for example_short_circuit_decorator to 2023-07-21T21:49:54.637946+00:00, run_after=2023-07-22T21:49:54.637946+00:00
[2023-07-22T16:49:54.681-0500] {processor.py:179} INFO - Processing /Users/abhishekpatkar/Documents/Projects/af_file_loader/venv/lib/python3.11/site-packages/airflow/example_dags/example_short_circuit_decorator.py took 1.829 seconds
[2023-07-22T16:53:50.177-0500] {processor.py:157} INFO - Started process (PID=21875) to work on /Users/abhishekpatkar/Documents/Projects/af_file_loader/venv/lib/python3.11/site-packages/airflow/example_dags/example_short_circuit_decorator.py
[2023-07-22T16:53:50.186-0500] {processor.py:826} INFO - Processing file /Users/abhishekpatkar/Documents/Projects/af_file_loader/venv/lib/python3.11/site-packages/airflow/example_dags/example_short_circuit_decorator.py for tasks to queue
[2023-07-22T16:53:50.187-0500] {logging_mixin.py:150} INFO - [2023-07-22T16:53:50.187-0500] {dagbag.py:541} INFO - Filling up the DagBag from /Users/abhishekpatkar/Documents/Projects/af_file_loader/venv/lib/python3.11/site-packages/airflow/example_dags/example_short_circuit_decorator.py
[2023-07-22T16:53:50.306-0500] {processor.py:836} INFO - DAG(s) dict_keys(['example_short_circuit_decorator']) retrieved from /Users/abhishekpatkar/Documents/Projects/af_file_loader/venv/lib/python3.11/site-packages/airflow/example_dags/example_short_circuit_decorator.py
[2023-07-22T16:53:51.218-0500] {logging_mixin.py:150} INFO - [2023-07-22T16:53:51.218-0500] {dag.py:2742} INFO - Sync 1 DAGs
[2023-07-22T16:53:51.253-0500] {logging_mixin.py:150} INFO - [2023-07-22T16:53:51.253-0500] {dag.py:3504} INFO - Setting next_dagrun for example_short_circuit_decorator to 2023-07-21T21:53:51.252909+00:00, run_after=2023-07-22T21:53:51.252909+00:00
[2023-07-22T16:53:51.289-0500] {processor.py:179} INFO - Processing /Users/abhishekpatkar/Documents/Projects/af_file_loader/venv/lib/python3.11/site-packages/airflow/example_dags/example_short_circuit_decorator.py took 1.113 seconds
[2023-07-22T16:56:55.771-0500] {processor.py:157} INFO - Started process (PID=21991) to work on /Users/abhishekpatkar/Documents/Projects/af_file_loader/venv/lib/python3.11/site-packages/airflow/example_dags/example_short_circuit_decorator.py
[2023-07-22T16:56:55.778-0500] {processor.py:826} INFO - Processing file /Users/abhishekpatkar/Documents/Projects/af_file_loader/venv/lib/python3.11/site-packages/airflow/example_dags/example_short_circuit_decorator.py for tasks to queue
[2023-07-22T16:56:55.779-0500] {logging_mixin.py:150} INFO - [2023-07-22T16:56:55.779-0500] {dagbag.py:541} INFO - Filling up the DagBag from /Users/abhishekpatkar/Documents/Projects/af_file_loader/venv/lib/python3.11/site-packages/airflow/example_dags/example_short_circuit_decorator.py
[2023-07-22T16:56:55.902-0500] {processor.py:836} INFO - DAG(s) dict_keys(['example_short_circuit_decorator']) retrieved from /Users/abhishekpatkar/Documents/Projects/af_file_loader/venv/lib/python3.11/site-packages/airflow/example_dags/example_short_circuit_decorator.py
[2023-07-22T16:56:56.978-0500] {logging_mixin.py:150} INFO - [2023-07-22T16:56:56.978-0500] {dag.py:2742} INFO - Sync 1 DAGs
[2023-07-22T16:56:57.012-0500] {logging_mixin.py:150} INFO - [2023-07-22T16:56:57.012-0500] {dag.py:3504} INFO - Setting next_dagrun for example_short_circuit_decorator to 2023-07-21T21:56:57.012333+00:00, run_after=2023-07-22T21:56:57.012333+00:00
[2023-07-22T16:56:57.064-0500] {processor.py:179} INFO - Processing /Users/abhishekpatkar/Documents/Projects/af_file_loader/venv/lib/python3.11/site-packages/airflow/example_dags/example_short_circuit_decorator.py took 1.293 seconds
[2023-07-22T16:59:56.789-0500] {processor.py:157} INFO - Started process (PID=22085) to work on /Users/abhishekpatkar/Documents/Projects/af_file_loader/venv/lib/python3.11/site-packages/airflow/example_dags/example_short_circuit_decorator.py
[2023-07-22T16:59:56.810-0500] {processor.py:826} INFO - Processing file /Users/abhishekpatkar/Documents/Projects/af_file_loader/venv/lib/python3.11/site-packages/airflow/example_dags/example_short_circuit_decorator.py for tasks to queue
[2023-07-22T16:59:56.813-0500] {logging_mixin.py:150} INFO - [2023-07-22T16:59:56.812-0500] {dagbag.py:541} INFO - Filling up the DagBag from /Users/abhishekpatkar/Documents/Projects/af_file_loader/venv/lib/python3.11/site-packages/airflow/example_dags/example_short_circuit_decorator.py
[2023-07-22T16:59:57.538-0500] {processor.py:836} INFO - DAG(s) dict_keys(['example_short_circuit_decorator']) retrieved from /Users/abhishekpatkar/Documents/Projects/af_file_loader/venv/lib/python3.11/site-packages/airflow/example_dags/example_short_circuit_decorator.py
[2023-07-22T17:00:01.817-0500] {logging_mixin.py:150} INFO - [2023-07-22T17:00:01.815-0500] {dag.py:2742} INFO - Sync 1 DAGs
[2023-07-22T17:00:01.936-0500] {logging_mixin.py:150} INFO - [2023-07-22T17:00:01.935-0500] {dag.py:3504} INFO - Setting next_dagrun for example_short_circuit_decorator to 2023-07-21T22:00:01.932759+00:00, run_after=2023-07-22T22:00:01.932759+00:00
[2023-07-22T17:00:02.136-0500] {processor.py:179} INFO - Processing /Users/abhishekpatkar/Documents/Projects/af_file_loader/venv/lib/python3.11/site-packages/airflow/example_dags/example_short_circuit_decorator.py took 5.348 seconds
[2023-07-22T17:03:51.328-0500] {processor.py:157} INFO - Started process (PID=22260) to work on /Users/abhishekpatkar/Documents/Projects/af_file_loader/venv/lib/python3.11/site-packages/airflow/example_dags/example_short_circuit_decorator.py
[2023-07-22T17:03:51.334-0500] {processor.py:826} INFO - Processing file /Users/abhishekpatkar/Documents/Projects/af_file_loader/venv/lib/python3.11/site-packages/airflow/example_dags/example_short_circuit_decorator.py for tasks to queue
[2023-07-22T17:03:51.335-0500] {logging_mixin.py:150} INFO - [2023-07-22T17:03:51.335-0500] {dagbag.py:541} INFO - Filling up the DagBag from /Users/abhishekpatkar/Documents/Projects/af_file_loader/venv/lib/python3.11/site-packages/airflow/example_dags/example_short_circuit_decorator.py
[2023-07-22T17:03:51.431-0500] {processor.py:836} INFO - DAG(s) dict_keys(['example_short_circuit_decorator']) retrieved from /Users/abhishekpatkar/Documents/Projects/af_file_loader/venv/lib/python3.11/site-packages/airflow/example_dags/example_short_circuit_decorator.py
[2023-07-22T17:03:52.121-0500] {logging_mixin.py:150} INFO - [2023-07-22T17:03:52.121-0500] {dag.py:2742} INFO - Sync 1 DAGs
[2023-07-22T17:03:52.137-0500] {logging_mixin.py:150} INFO - [2023-07-22T17:03:52.137-0500] {dag.py:3504} INFO - Setting next_dagrun for example_short_circuit_decorator to 2023-07-21T22:03:52.137511+00:00, run_after=2023-07-22T22:03:52.137511+00:00
[2023-07-22T17:03:52.158-0500] {processor.py:179} INFO - Processing /Users/abhishekpatkar/Documents/Projects/af_file_loader/venv/lib/python3.11/site-packages/airflow/example_dags/example_short_circuit_decorator.py took 0.831 seconds
[2023-07-22T17:06:00.627-0500] {processor.py:157} INFO - Started process (PID=22341) to work on /Users/abhishekpatkar/Documents/Projects/af_file_loader/venv/lib/python3.11/site-packages/airflow/example_dags/example_short_circuit_decorator.py
[2023-07-22T17:06:00.631-0500] {processor.py:826} INFO - Processing file /Users/abhishekpatkar/Documents/Projects/af_file_loader/venv/lib/python3.11/site-packages/airflow/example_dags/example_short_circuit_decorator.py for tasks to queue
[2023-07-22T17:06:00.631-0500] {logging_mixin.py:150} INFO - [2023-07-22T17:06:00.631-0500] {dagbag.py:541} INFO - Filling up the DagBag from /Users/abhishekpatkar/Documents/Projects/af_file_loader/venv/lib/python3.11/site-packages/airflow/example_dags/example_short_circuit_decorator.py
[2023-07-22T17:06:00.746-0500] {processor.py:836} INFO - DAG(s) dict_keys(['example_short_circuit_decorator']) retrieved from /Users/abhishekpatkar/Documents/Projects/af_file_loader/venv/lib/python3.11/site-packages/airflow/example_dags/example_short_circuit_decorator.py
[2023-07-22T17:06:01.436-0500] {logging_mixin.py:150} INFO - [2023-07-22T17:06:01.436-0500] {dag.py:2742} INFO - Sync 1 DAGs
[2023-07-22T17:06:01.454-0500] {logging_mixin.py:150} INFO - [2023-07-22T17:06:01.454-0500] {dag.py:3504} INFO - Setting next_dagrun for example_short_circuit_decorator to 2023-07-21T22:06:01.454133+00:00, run_after=2023-07-22T22:06:01.454133+00:00
[2023-07-22T17:06:01.478-0500] {processor.py:179} INFO - Processing /Users/abhishekpatkar/Documents/Projects/af_file_loader/venv/lib/python3.11/site-packages/airflow/example_dags/example_short_circuit_decorator.py took 0.852 seconds
[2023-07-22T17:08:00.395-0500] {processor.py:157} INFO - Started process (PID=22425) to work on /Users/abhishekpatkar/Documents/Projects/af_file_loader/venv/lib/python3.11/site-packages/airflow/example_dags/example_short_circuit_decorator.py
[2023-07-22T17:08:00.399-0500] {processor.py:826} INFO - Processing file /Users/abhishekpatkar/Documents/Projects/af_file_loader/venv/lib/python3.11/site-packages/airflow/example_dags/example_short_circuit_decorator.py for tasks to queue
[2023-07-22T17:08:00.400-0500] {logging_mixin.py:150} INFO - [2023-07-22T17:08:00.400-0500] {dagbag.py:541} INFO - Filling up the DagBag from /Users/abhishekpatkar/Documents/Projects/af_file_loader/venv/lib/python3.11/site-packages/airflow/example_dags/example_short_circuit_decorator.py
[2023-07-22T17:08:00.513-0500] {processor.py:836} INFO - DAG(s) dict_keys(['example_short_circuit_decorator']) retrieved from /Users/abhishekpatkar/Documents/Projects/af_file_loader/venv/lib/python3.11/site-packages/airflow/example_dags/example_short_circuit_decorator.py
[2023-07-22T17:08:01.220-0500] {logging_mixin.py:150} INFO - [2023-07-22T17:08:01.220-0500] {dag.py:2742} INFO - Sync 1 DAGs
[2023-07-22T17:08:01.239-0500] {logging_mixin.py:150} INFO - [2023-07-22T17:08:01.237-0500] {dag.py:3504} INFO - Setting next_dagrun for example_short_circuit_decorator to 2023-07-21T22:08:01.237056+00:00, run_after=2023-07-22T22:08:01.237056+00:00
[2023-07-22T17:08:01.262-0500] {processor.py:179} INFO - Processing /Users/abhishekpatkar/Documents/Projects/af_file_loader/venv/lib/python3.11/site-packages/airflow/example_dags/example_short_circuit_decorator.py took 0.868 seconds
[2023-07-22T17:09:58.786-0500] {processor.py:157} INFO - Started process (PID=22506) to work on /Users/abhishekpatkar/Documents/Projects/af_file_loader/venv/lib/python3.11/site-packages/airflow/example_dags/example_short_circuit_decorator.py
[2023-07-22T17:09:58.790-0500] {processor.py:826} INFO - Processing file /Users/abhishekpatkar/Documents/Projects/af_file_loader/venv/lib/python3.11/site-packages/airflow/example_dags/example_short_circuit_decorator.py for tasks to queue
[2023-07-22T17:09:58.791-0500] {logging_mixin.py:150} INFO - [2023-07-22T17:09:58.791-0500] {dagbag.py:541} INFO - Filling up the DagBag from /Users/abhishekpatkar/Documents/Projects/af_file_loader/venv/lib/python3.11/site-packages/airflow/example_dags/example_short_circuit_decorator.py
[2023-07-22T17:09:58.887-0500] {processor.py:836} INFO - DAG(s) dict_keys(['example_short_circuit_decorator']) retrieved from /Users/abhishekpatkar/Documents/Projects/af_file_loader/venv/lib/python3.11/site-packages/airflow/example_dags/example_short_circuit_decorator.py
[2023-07-22T17:09:59.594-0500] {logging_mixin.py:150} INFO - [2023-07-22T17:09:59.593-0500] {dag.py:2742} INFO - Sync 1 DAGs
[2023-07-22T17:09:59.611-0500] {logging_mixin.py:150} INFO - [2023-07-22T17:09:59.611-0500] {dag.py:3504} INFO - Setting next_dagrun for example_short_circuit_decorator to 2023-07-21T22:09:59.611471+00:00, run_after=2023-07-22T22:09:59.611471+00:00
[2023-07-22T17:09:59.637-0500] {processor.py:179} INFO - Processing /Users/abhishekpatkar/Documents/Projects/af_file_loader/venv/lib/python3.11/site-packages/airflow/example_dags/example_short_circuit_decorator.py took 0.852 seconds
[2023-07-22T17:11:59.825-0500] {processor.py:157} INFO - Started process (PID=22582) to work on /Users/abhishekpatkar/Documents/Projects/af_file_loader/venv/lib/python3.11/site-packages/airflow/example_dags/example_short_circuit_decorator.py
[2023-07-22T17:11:59.829-0500] {processor.py:826} INFO - Processing file /Users/abhishekpatkar/Documents/Projects/af_file_loader/venv/lib/python3.11/site-packages/airflow/example_dags/example_short_circuit_decorator.py for tasks to queue
[2023-07-22T17:11:59.830-0500] {logging_mixin.py:150} INFO - [2023-07-22T17:11:59.830-0500] {dagbag.py:541} INFO - Filling up the DagBag from /Users/abhishekpatkar/Documents/Projects/af_file_loader/venv/lib/python3.11/site-packages/airflow/example_dags/example_short_circuit_decorator.py
[2023-07-22T17:11:59.927-0500] {processor.py:836} INFO - DAG(s) dict_keys(['example_short_circuit_decorator']) retrieved from /Users/abhishekpatkar/Documents/Projects/af_file_loader/venv/lib/python3.11/site-packages/airflow/example_dags/example_short_circuit_decorator.py
[2023-07-22T17:12:00.646-0500] {logging_mixin.py:150} INFO - [2023-07-22T17:12:00.646-0500] {dag.py:2742} INFO - Sync 1 DAGs
[2023-07-22T17:12:00.666-0500] {logging_mixin.py:150} INFO - [2023-07-22T17:12:00.666-0500] {dag.py:3504} INFO - Setting next_dagrun for example_short_circuit_decorator to 2023-07-21T22:12:00.666154+00:00, run_after=2023-07-22T22:12:00.666154+00:00
[2023-07-22T17:12:00.689-0500] {processor.py:179} INFO - Processing /Users/abhishekpatkar/Documents/Projects/af_file_loader/venv/lib/python3.11/site-packages/airflow/example_dags/example_short_circuit_decorator.py took 0.868 seconds
[2023-07-22T17:13:58.821-0500] {processor.py:157} INFO - Started process (PID=22655) to work on /Users/abhishekpatkar/Documents/Projects/af_file_loader/venv/lib/python3.11/site-packages/airflow/example_dags/example_short_circuit_decorator.py
[2023-07-22T17:13:58.826-0500] {processor.py:826} INFO - Processing file /Users/abhishekpatkar/Documents/Projects/af_file_loader/venv/lib/python3.11/site-packages/airflow/example_dags/example_short_circuit_decorator.py for tasks to queue
[2023-07-22T17:13:58.828-0500] {logging_mixin.py:150} INFO - [2023-07-22T17:13:58.827-0500] {dagbag.py:541} INFO - Filling up the DagBag from /Users/abhishekpatkar/Documents/Projects/af_file_loader/venv/lib/python3.11/site-packages/airflow/example_dags/example_short_circuit_decorator.py
[2023-07-22T17:13:58.919-0500] {processor.py:836} INFO - DAG(s) dict_keys(['example_short_circuit_decorator']) retrieved from /Users/abhishekpatkar/Documents/Projects/af_file_loader/venv/lib/python3.11/site-packages/airflow/example_dags/example_short_circuit_decorator.py
[2023-07-22T17:13:59.591-0500] {logging_mixin.py:150} INFO - [2023-07-22T17:13:59.590-0500] {dag.py:2742} INFO - Sync 1 DAGs
[2023-07-22T17:13:59.609-0500] {logging_mixin.py:150} INFO - [2023-07-22T17:13:59.609-0500] {dag.py:3504} INFO - Setting next_dagrun for example_short_circuit_decorator to 2023-07-21T22:13:59.608926+00:00, run_after=2023-07-22T22:13:59.608926+00:00
[2023-07-22T17:13:59.632-0500] {processor.py:179} INFO - Processing /Users/abhishekpatkar/Documents/Projects/af_file_loader/venv/lib/python3.11/site-packages/airflow/example_dags/example_short_circuit_decorator.py took 0.811 seconds
[2023-07-22T17:16:00.110-0500] {processor.py:157} INFO - Started process (PID=22732) to work on /Users/abhishekpatkar/Documents/Projects/af_file_loader/venv/lib/python3.11/site-packages/airflow/example_dags/example_short_circuit_decorator.py
[2023-07-22T17:16:00.114-0500] {processor.py:826} INFO - Processing file /Users/abhishekpatkar/Documents/Projects/af_file_loader/venv/lib/python3.11/site-packages/airflow/example_dags/example_short_circuit_decorator.py for tasks to queue
[2023-07-22T17:16:00.115-0500] {logging_mixin.py:150} INFO - [2023-07-22T17:16:00.115-0500] {dagbag.py:541} INFO - Filling up the DagBag from /Users/abhishekpatkar/Documents/Projects/af_file_loader/venv/lib/python3.11/site-packages/airflow/example_dags/example_short_circuit_decorator.py
[2023-07-22T17:16:00.222-0500] {processor.py:836} INFO - DAG(s) dict_keys(['example_short_circuit_decorator']) retrieved from /Users/abhishekpatkar/Documents/Projects/af_file_loader/venv/lib/python3.11/site-packages/airflow/example_dags/example_short_circuit_decorator.py
[2023-07-22T17:16:00.944-0500] {logging_mixin.py:150} INFO - [2023-07-22T17:16:00.944-0500] {dag.py:2742} INFO - Sync 1 DAGs
[2023-07-22T17:16:00.962-0500] {logging_mixin.py:150} INFO - [2023-07-22T17:16:00.961-0500] {dag.py:3504} INFO - Setting next_dagrun for example_short_circuit_decorator to 2023-07-21T22:16:00.961755+00:00, run_after=2023-07-22T22:16:00.961755+00:00
[2023-07-22T17:16:00.982-0500] {processor.py:179} INFO - Processing /Users/abhishekpatkar/Documents/Projects/af_file_loader/venv/lib/python3.11/site-packages/airflow/example_dags/example_short_circuit_decorator.py took 0.872 seconds
[2023-07-22T17:18:25.590-0500] {processor.py:157} INFO - Started process (PID=22860) to work on /Users/abhishekpatkar/Documents/Projects/af_file_loader/venv/lib/python3.11/site-packages/airflow/example_dags/example_short_circuit_decorator.py
[2023-07-22T17:18:25.594-0500] {processor.py:826} INFO - Processing file /Users/abhishekpatkar/Documents/Projects/af_file_loader/venv/lib/python3.11/site-packages/airflow/example_dags/example_short_circuit_decorator.py for tasks to queue
[2023-07-22T17:18:25.595-0500] {logging_mixin.py:150} INFO - [2023-07-22T17:18:25.595-0500] {dagbag.py:541} INFO - Filling up the DagBag from /Users/abhishekpatkar/Documents/Projects/af_file_loader/venv/lib/python3.11/site-packages/airflow/example_dags/example_short_circuit_decorator.py
[2023-07-22T17:18:25.697-0500] {processor.py:836} INFO - DAG(s) dict_keys(['example_short_circuit_decorator']) retrieved from /Users/abhishekpatkar/Documents/Projects/af_file_loader/venv/lib/python3.11/site-packages/airflow/example_dags/example_short_circuit_decorator.py
[2023-07-22T17:18:26.417-0500] {logging_mixin.py:150} INFO - [2023-07-22T17:18:26.416-0500] {dag.py:2742} INFO - Sync 1 DAGs
[2023-07-22T17:18:26.435-0500] {logging_mixin.py:150} INFO - [2023-07-22T17:18:26.434-0500] {dag.py:3504} INFO - Setting next_dagrun for example_short_circuit_decorator to 2023-07-21T22:18:26.434779+00:00, run_after=2023-07-22T22:18:26.434779+00:00
[2023-07-22T17:18:26.458-0500] {processor.py:179} INFO - Processing /Users/abhishekpatkar/Documents/Projects/af_file_loader/venv/lib/python3.11/site-packages/airflow/example_dags/example_short_circuit_decorator.py took 0.869 seconds
[2023-07-22T17:20:50.396-0500] {processor.py:157} INFO - Started process (PID=22970) to work on /Users/abhishekpatkar/Documents/Projects/af_file_loader/venv/lib/python3.11/site-packages/airflow/example_dags/example_short_circuit_decorator.py
[2023-07-22T17:20:50.400-0500] {processor.py:826} INFO - Processing file /Users/abhishekpatkar/Documents/Projects/af_file_loader/venv/lib/python3.11/site-packages/airflow/example_dags/example_short_circuit_decorator.py for tasks to queue
[2023-07-22T17:20:50.401-0500] {logging_mixin.py:150} INFO - [2023-07-22T17:20:50.401-0500] {dagbag.py:541} INFO - Filling up the DagBag from /Users/abhishekpatkar/Documents/Projects/af_file_loader/venv/lib/python3.11/site-packages/airflow/example_dags/example_short_circuit_decorator.py
[2023-07-22T17:20:50.493-0500] {processor.py:836} INFO - DAG(s) dict_keys(['example_short_circuit_decorator']) retrieved from /Users/abhishekpatkar/Documents/Projects/af_file_loader/venv/lib/python3.11/site-packages/airflow/example_dags/example_short_circuit_decorator.py
[2023-07-22T17:20:51.218-0500] {logging_mixin.py:150} INFO - [2023-07-22T17:20:51.217-0500] {dag.py:2742} INFO - Sync 1 DAGs
[2023-07-22T17:20:51.238-0500] {logging_mixin.py:150} INFO - [2023-07-22T17:20:51.235-0500] {dag.py:3504} INFO - Setting next_dagrun for example_short_circuit_decorator to 2023-07-21T22:20:51.235787+00:00, run_after=2023-07-22T22:20:51.235787+00:00
[2023-07-22T17:20:51.260-0500] {processor.py:179} INFO - Processing /Users/abhishekpatkar/Documents/Projects/af_file_loader/venv/lib/python3.11/site-packages/airflow/example_dags/example_short_circuit_decorator.py took 0.865 seconds
[2023-07-22T17:22:52.807-0500] {processor.py:157} INFO - Started process (PID=23045) to work on /Users/abhishekpatkar/Documents/Projects/af_file_loader/venv/lib/python3.11/site-packages/airflow/example_dags/example_short_circuit_decorator.py
[2023-07-22T17:22:52.812-0500] {processor.py:826} INFO - Processing file /Users/abhishekpatkar/Documents/Projects/af_file_loader/venv/lib/python3.11/site-packages/airflow/example_dags/example_short_circuit_decorator.py for tasks to queue
[2023-07-22T17:22:52.812-0500] {logging_mixin.py:150} INFO - [2023-07-22T17:22:52.812-0500] {dagbag.py:541} INFO - Filling up the DagBag from /Users/abhishekpatkar/Documents/Projects/af_file_loader/venv/lib/python3.11/site-packages/airflow/example_dags/example_short_circuit_decorator.py
[2023-07-22T17:22:52.924-0500] {processor.py:836} INFO - DAG(s) dict_keys(['example_short_circuit_decorator']) retrieved from /Users/abhishekpatkar/Documents/Projects/af_file_loader/venv/lib/python3.11/site-packages/airflow/example_dags/example_short_circuit_decorator.py
[2023-07-22T17:22:53.809-0500] {logging_mixin.py:150} INFO - [2023-07-22T17:22:53.809-0500] {dag.py:2742} INFO - Sync 1 DAGs
[2023-07-22T17:22:53.828-0500] {logging_mixin.py:150} INFO - [2023-07-22T17:22:53.828-0500] {dag.py:3504} INFO - Setting next_dagrun for example_short_circuit_decorator to 2023-07-21T22:22:53.828309+00:00, run_after=2023-07-22T22:22:53.828309+00:00
[2023-07-22T17:22:53.852-0500] {processor.py:179} INFO - Processing /Users/abhishekpatkar/Documents/Projects/af_file_loader/venv/lib/python3.11/site-packages/airflow/example_dags/example_short_circuit_decorator.py took 1.046 seconds
[2023-07-22T17:28:34.367-0500] {processor.py:157} INFO - Started process (PID=23265) to work on /Users/abhishekpatkar/Documents/Projects/af_file_loader/venv/lib/python3.11/site-packages/airflow/example_dags/example_short_circuit_decorator.py
[2023-07-22T17:28:34.378-0500] {processor.py:826} INFO - Processing file /Users/abhishekpatkar/Documents/Projects/af_file_loader/venv/lib/python3.11/site-packages/airflow/example_dags/example_short_circuit_decorator.py for tasks to queue
[2023-07-22T17:28:34.381-0500] {logging_mixin.py:150} INFO - [2023-07-22T17:28:34.380-0500] {dagbag.py:541} INFO - Filling up the DagBag from /Users/abhishekpatkar/Documents/Projects/af_file_loader/venv/lib/python3.11/site-packages/airflow/example_dags/example_short_circuit_decorator.py
[2023-07-22T17:28:34.742-0500] {processor.py:836} INFO - DAG(s) dict_keys(['example_short_circuit_decorator']) retrieved from /Users/abhishekpatkar/Documents/Projects/af_file_loader/venv/lib/python3.11/site-packages/airflow/example_dags/example_short_circuit_decorator.py
[2023-07-22T17:28:40.055-0500] {logging_mixin.py:150} INFO - [2023-07-22T17:28:40.054-0500] {dag.py:2742} INFO - Sync 1 DAGs
[2023-07-22T17:28:40.083-0500] {logging_mixin.py:150} INFO - [2023-07-22T17:28:40.083-0500] {dag.py:3504} INFO - Setting next_dagrun for example_short_circuit_decorator to 2023-07-21T22:28:40.083085+00:00, run_after=2023-07-22T22:28:40.083085+00:00
[2023-07-22T17:28:40.119-0500] {processor.py:179} INFO - Processing /Users/abhishekpatkar/Documents/Projects/af_file_loader/venv/lib/python3.11/site-packages/airflow/example_dags/example_short_circuit_decorator.py took 5.755 seconds
[2023-07-22T17:31:16.455-0500] {processor.py:157} INFO - Started process (PID=23390) to work on /Users/abhishekpatkar/Documents/Projects/af_file_loader/venv/lib/python3.11/site-packages/airflow/example_dags/example_short_circuit_decorator.py
[2023-07-22T17:31:16.459-0500] {processor.py:826} INFO - Processing file /Users/abhishekpatkar/Documents/Projects/af_file_loader/venv/lib/python3.11/site-packages/airflow/example_dags/example_short_circuit_decorator.py for tasks to queue
[2023-07-22T17:31:16.460-0500] {logging_mixin.py:150} INFO - [2023-07-22T17:31:16.460-0500] {dagbag.py:541} INFO - Filling up the DagBag from /Users/abhishekpatkar/Documents/Projects/af_file_loader/venv/lib/python3.11/site-packages/airflow/example_dags/example_short_circuit_decorator.py
[2023-07-22T17:31:16.591-0500] {processor.py:836} INFO - DAG(s) dict_keys(['example_short_circuit_decorator']) retrieved from /Users/abhishekpatkar/Documents/Projects/af_file_loader/venv/lib/python3.11/site-packages/airflow/example_dags/example_short_circuit_decorator.py
[2023-07-22T17:31:17.276-0500] {logging_mixin.py:150} INFO - [2023-07-22T17:31:17.275-0500] {dag.py:2742} INFO - Sync 1 DAGs
[2023-07-22T17:31:17.303-0500] {logging_mixin.py:150} INFO - [2023-07-22T17:31:17.303-0500] {dag.py:3504} INFO - Setting next_dagrun for example_short_circuit_decorator to 2023-07-21T22:31:17.303556+00:00, run_after=2023-07-22T22:31:17.303556+00:00
[2023-07-22T17:31:17.323-0500] {processor.py:179} INFO - Processing /Users/abhishekpatkar/Documents/Projects/af_file_loader/venv/lib/python3.11/site-packages/airflow/example_dags/example_short_circuit_decorator.py took 0.870 seconds
[2023-07-22T17:33:22.729-0500] {processor.py:157} INFO - Started process (PID=23474) to work on /Users/abhishekpatkar/Documents/Projects/af_file_loader/venv/lib/python3.11/site-packages/airflow/example_dags/example_short_circuit_decorator.py
[2023-07-22T17:33:22.734-0500] {processor.py:826} INFO - Processing file /Users/abhishekpatkar/Documents/Projects/af_file_loader/venv/lib/python3.11/site-packages/airflow/example_dags/example_short_circuit_decorator.py for tasks to queue
[2023-07-22T17:33:22.734-0500] {logging_mixin.py:150} INFO - [2023-07-22T17:33:22.734-0500] {dagbag.py:541} INFO - Filling up the DagBag from /Users/abhishekpatkar/Documents/Projects/af_file_loader/venv/lib/python3.11/site-packages/airflow/example_dags/example_short_circuit_decorator.py
[2023-07-22T17:33:22.821-0500] {processor.py:836} INFO - DAG(s) dict_keys(['example_short_circuit_decorator']) retrieved from /Users/abhishekpatkar/Documents/Projects/af_file_loader/venv/lib/python3.11/site-packages/airflow/example_dags/example_short_circuit_decorator.py
[2023-07-22T17:33:23.431-0500] {logging_mixin.py:150} INFO - [2023-07-22T17:33:23.430-0500] {dag.py:2742} INFO - Sync 1 DAGs
[2023-07-22T17:33:23.447-0500] {logging_mixin.py:150} INFO - [2023-07-22T17:33:23.447-0500] {dag.py:3504} INFO - Setting next_dagrun for example_short_circuit_decorator to 2023-07-21T22:33:23.447421+00:00, run_after=2023-07-22T22:33:23.447421+00:00
[2023-07-22T17:33:23.468-0500] {processor.py:179} INFO - Processing /Users/abhishekpatkar/Documents/Projects/af_file_loader/venv/lib/python3.11/site-packages/airflow/example_dags/example_short_circuit_decorator.py took 0.740 seconds
[2023-07-22T17:35:20.948-0500] {processor.py:157} INFO - Started process (PID=23548) to work on /Users/abhishekpatkar/Documents/Projects/af_file_loader/venv/lib/python3.11/site-packages/airflow/example_dags/example_short_circuit_decorator.py
[2023-07-22T17:35:20.953-0500] {processor.py:826} INFO - Processing file /Users/abhishekpatkar/Documents/Projects/af_file_loader/venv/lib/python3.11/site-packages/airflow/example_dags/example_short_circuit_decorator.py for tasks to queue
[2023-07-22T17:35:20.954-0500] {logging_mixin.py:150} INFO - [2023-07-22T17:35:20.954-0500] {dagbag.py:541} INFO - Filling up the DagBag from /Users/abhishekpatkar/Documents/Projects/af_file_loader/venv/lib/python3.11/site-packages/airflow/example_dags/example_short_circuit_decorator.py
[2023-07-22T17:35:21.078-0500] {processor.py:836} INFO - DAG(s) dict_keys(['example_short_circuit_decorator']) retrieved from /Users/abhishekpatkar/Documents/Projects/af_file_loader/venv/lib/python3.11/site-packages/airflow/example_dags/example_short_circuit_decorator.py
[2023-07-22T17:35:21.889-0500] {logging_mixin.py:150} INFO - [2023-07-22T17:35:21.889-0500] {dag.py:2742} INFO - Sync 1 DAGs
[2023-07-22T17:35:21.912-0500] {logging_mixin.py:150} INFO - [2023-07-22T17:35:21.912-0500] {dag.py:3504} INFO - Setting next_dagrun for example_short_circuit_decorator to 2023-07-21T22:35:21.911991+00:00, run_after=2023-07-22T22:35:21.911991+00:00
[2023-07-22T17:35:21.931-0500] {processor.py:179} INFO - Processing /Users/abhishekpatkar/Documents/Projects/af_file_loader/venv/lib/python3.11/site-packages/airflow/example_dags/example_short_circuit_decorator.py took 0.984 seconds
[2023-07-22T17:38:14.196-0500] {processor.py:157} INFO - Started process (PID=23673) to work on /Users/abhishekpatkar/Documents/Projects/af_file_loader/venv/lib/python3.11/site-packages/airflow/example_dags/example_short_circuit_decorator.py
[2023-07-22T17:38:14.204-0500] {processor.py:826} INFO - Processing file /Users/abhishekpatkar/Documents/Projects/af_file_loader/venv/lib/python3.11/site-packages/airflow/example_dags/example_short_circuit_decorator.py for tasks to queue
[2023-07-22T17:38:14.204-0500] {logging_mixin.py:150} INFO - [2023-07-22T17:38:14.204-0500] {dagbag.py:541} INFO - Filling up the DagBag from /Users/abhishekpatkar/Documents/Projects/af_file_loader/venv/lib/python3.11/site-packages/airflow/example_dags/example_short_circuit_decorator.py
[2023-07-22T17:38:14.301-0500] {processor.py:836} INFO - DAG(s) dict_keys(['example_short_circuit_decorator']) retrieved from /Users/abhishekpatkar/Documents/Projects/af_file_loader/venv/lib/python3.11/site-packages/airflow/example_dags/example_short_circuit_decorator.py
[2023-07-22T17:38:14.926-0500] {logging_mixin.py:150} INFO - [2023-07-22T17:38:14.926-0500] {dag.py:2742} INFO - Sync 1 DAGs
[2023-07-22T17:38:14.941-0500] {logging_mixin.py:150} INFO - [2023-07-22T17:38:14.941-0500] {dag.py:3504} INFO - Setting next_dagrun for example_short_circuit_decorator to 2023-07-21T22:38:14.941543+00:00, run_after=2023-07-22T22:38:14.941543+00:00
[2023-07-22T17:38:14.962-0500] {processor.py:179} INFO - Processing /Users/abhishekpatkar/Documents/Projects/af_file_loader/venv/lib/python3.11/site-packages/airflow/example_dags/example_short_circuit_decorator.py took 0.767 seconds
[2023-07-22T17:45:49.813-0500] {processor.py:157} INFO - Started process (PID=23943) to work on /Users/abhishekpatkar/Documents/Projects/af_file_loader/venv/lib/python3.11/site-packages/airflow/example_dags/example_short_circuit_decorator.py
[2023-07-22T17:45:49.845-0500] {processor.py:826} INFO - Processing file /Users/abhishekpatkar/Documents/Projects/af_file_loader/venv/lib/python3.11/site-packages/airflow/example_dags/example_short_circuit_decorator.py for tasks to queue
[2023-07-22T17:45:49.865-0500] {logging_mixin.py:150} INFO - [2023-07-22T17:45:49.865-0500] {dagbag.py:541} INFO - Filling up the DagBag from /Users/abhishekpatkar/Documents/Projects/af_file_loader/venv/lib/python3.11/site-packages/airflow/example_dags/example_short_circuit_decorator.py
[2023-07-22T17:45:50.560-0500] {processor.py:836} INFO - DAG(s) dict_keys(['example_short_circuit_decorator']) retrieved from /Users/abhishekpatkar/Documents/Projects/af_file_loader/venv/lib/python3.11/site-packages/airflow/example_dags/example_short_circuit_decorator.py
[2023-07-22T17:45:53.891-0500] {logging_mixin.py:150} INFO - [2023-07-22T17:45:53.890-0500] {dag.py:2742} INFO - Sync 1 DAGs
[2023-07-22T17:45:53.957-0500] {logging_mixin.py:150} INFO - [2023-07-22T17:45:53.957-0500] {dag.py:3504} INFO - Setting next_dagrun for example_short_circuit_decorator to 2023-07-21T22:45:53.957340+00:00, run_after=2023-07-22T22:45:53.957340+00:00
[2023-07-22T17:45:54.011-0500] {processor.py:179} INFO - Processing /Users/abhishekpatkar/Documents/Projects/af_file_loader/venv/lib/python3.11/site-packages/airflow/example_dags/example_short_circuit_decorator.py took 4.200 seconds
[2023-07-22T17:52:21.357-0500] {processor.py:157} INFO - Started process (PID=24295) to work on /Users/abhishekpatkar/Documents/Projects/af_file_loader/venv/lib/python3.11/site-packages/airflow/example_dags/example_short_circuit_decorator.py
[2023-07-22T17:52:21.365-0500] {processor.py:826} INFO - Processing file /Users/abhishekpatkar/Documents/Projects/af_file_loader/venv/lib/python3.11/site-packages/airflow/example_dags/example_short_circuit_decorator.py for tasks to queue
[2023-07-22T17:52:21.369-0500] {logging_mixin.py:150} INFO - [2023-07-22T17:52:21.369-0500] {dagbag.py:541} INFO - Filling up the DagBag from /Users/abhishekpatkar/Documents/Projects/af_file_loader/venv/lib/python3.11/site-packages/airflow/example_dags/example_short_circuit_decorator.py
[2023-07-22T17:52:21.731-0500] {processor.py:836} INFO - DAG(s) dict_keys(['example_short_circuit_decorator']) retrieved from /Users/abhishekpatkar/Documents/Projects/af_file_loader/venv/lib/python3.11/site-packages/airflow/example_dags/example_short_circuit_decorator.py
[2023-07-22T17:52:25.864-0500] {logging_mixin.py:150} INFO - [2023-07-22T17:52:25.863-0500] {dag.py:2742} INFO - Sync 1 DAGs
[2023-07-22T17:52:25.902-0500] {logging_mixin.py:150} INFO - [2023-07-22T17:52:25.901-0500] {dag.py:3504} INFO - Setting next_dagrun for example_short_circuit_decorator to 2023-07-21T22:52:25.901643+00:00, run_after=2023-07-22T22:52:25.901643+00:00
[2023-07-22T17:52:25.935-0500] {processor.py:179} INFO - Processing /Users/abhishekpatkar/Documents/Projects/af_file_loader/venv/lib/python3.11/site-packages/airflow/example_dags/example_short_circuit_decorator.py took 4.580 seconds
[2023-07-22T17:57:44.588-0500] {processor.py:157} INFO - Started process (PID=24559) to work on /Users/abhishekpatkar/Documents/Projects/af_file_loader/venv/lib/python3.11/site-packages/airflow/example_dags/example_short_circuit_decorator.py
[2023-07-22T17:57:44.603-0500] {processor.py:826} INFO - Processing file /Users/abhishekpatkar/Documents/Projects/af_file_loader/venv/lib/python3.11/site-packages/airflow/example_dags/example_short_circuit_decorator.py for tasks to queue
[2023-07-22T17:57:44.605-0500] {logging_mixin.py:150} INFO - [2023-07-22T17:57:44.605-0500] {dagbag.py:541} INFO - Filling up the DagBag from /Users/abhishekpatkar/Documents/Projects/af_file_loader/venv/lib/python3.11/site-packages/airflow/example_dags/example_short_circuit_decorator.py
[2023-07-22T17:57:45.175-0500] {processor.py:836} INFO - DAG(s) dict_keys(['example_short_circuit_decorator']) retrieved from /Users/abhishekpatkar/Documents/Projects/af_file_loader/venv/lib/python3.11/site-packages/airflow/example_dags/example_short_circuit_decorator.py
[2023-07-22T17:57:54.979-0500] {logging_mixin.py:150} INFO - [2023-07-22T17:57:54.977-0500] {dag.py:2742} INFO - Sync 1 DAGs
[2023-07-22T17:57:55.187-0500] {logging_mixin.py:150} INFO - [2023-07-22T17:57:55.187-0500] {dag.py:3504} INFO - Setting next_dagrun for example_short_circuit_decorator to 2023-07-21T22:57:55.187455+00:00, run_after=2023-07-22T22:57:55.187455+00:00
[2023-07-22T17:57:55.465-0500] {processor.py:179} INFO - Processing /Users/abhishekpatkar/Documents/Projects/af_file_loader/venv/lib/python3.11/site-packages/airflow/example_dags/example_short_circuit_decorator.py took 10.877 seconds
[2023-07-22T18:02:05.838-0500] {processor.py:157} INFO - Started process (PID=24736) to work on /Users/abhishekpatkar/Documents/Projects/af_file_loader/venv/lib/python3.11/site-packages/airflow/example_dags/example_short_circuit_decorator.py
[2023-07-22T18:02:05.855-0500] {processor.py:826} INFO - Processing file /Users/abhishekpatkar/Documents/Projects/af_file_loader/venv/lib/python3.11/site-packages/airflow/example_dags/example_short_circuit_decorator.py for tasks to queue
[2023-07-22T18:02:05.856-0500] {logging_mixin.py:150} INFO - [2023-07-22T18:02:05.855-0500] {dagbag.py:541} INFO - Filling up the DagBag from /Users/abhishekpatkar/Documents/Projects/af_file_loader/venv/lib/python3.11/site-packages/airflow/example_dags/example_short_circuit_decorator.py
[2023-07-22T18:02:06.175-0500] {processor.py:836} INFO - DAG(s) dict_keys(['example_short_circuit_decorator']) retrieved from /Users/abhishekpatkar/Documents/Projects/af_file_loader/venv/lib/python3.11/site-packages/airflow/example_dags/example_short_circuit_decorator.py
[2023-07-22T18:02:11.685-0500] {logging_mixin.py:150} INFO - [2023-07-22T18:02:11.682-0500] {dag.py:2742} INFO - Sync 1 DAGs
[2023-07-22T18:02:11.817-0500] {logging_mixin.py:150} INFO - [2023-07-22T18:02:11.812-0500] {dag.py:3504} INFO - Setting next_dagrun for example_short_circuit_decorator to 2023-07-21T23:02:11.812484+00:00, run_after=2023-07-22T23:02:11.812484+00:00
[2023-07-22T18:02:11.942-0500] {processor.py:179} INFO - Processing /Users/abhishekpatkar/Documents/Projects/af_file_loader/venv/lib/python3.11/site-packages/airflow/example_dags/example_short_circuit_decorator.py took 6.105 seconds
[2023-07-22T18:05:37.831-0500] {processor.py:157} INFO - Started process (PID=24863) to work on /Users/abhishekpatkar/Documents/Projects/af_file_loader/venv/lib/python3.11/site-packages/airflow/example_dags/example_short_circuit_decorator.py
[2023-07-22T18:05:37.839-0500] {processor.py:826} INFO - Processing file /Users/abhishekpatkar/Documents/Projects/af_file_loader/venv/lib/python3.11/site-packages/airflow/example_dags/example_short_circuit_decorator.py for tasks to queue
[2023-07-22T18:05:37.840-0500] {logging_mixin.py:150} INFO - [2023-07-22T18:05:37.839-0500] {dagbag.py:541} INFO - Filling up the DagBag from /Users/abhishekpatkar/Documents/Projects/af_file_loader/venv/lib/python3.11/site-packages/airflow/example_dags/example_short_circuit_decorator.py
[2023-07-22T18:05:37.943-0500] {processor.py:836} INFO - DAG(s) dict_keys(['example_short_circuit_decorator']) retrieved from /Users/abhishekpatkar/Documents/Projects/af_file_loader/venv/lib/python3.11/site-packages/airflow/example_dags/example_short_circuit_decorator.py
[2023-07-22T18:05:39.170-0500] {logging_mixin.py:150} INFO - [2023-07-22T18:05:39.170-0500] {dag.py:2742} INFO - Sync 1 DAGs
[2023-07-22T18:05:39.192-0500] {logging_mixin.py:150} INFO - [2023-07-22T18:05:39.192-0500] {dag.py:3504} INFO - Setting next_dagrun for example_short_circuit_decorator to 2023-07-21T23:05:39.192170+00:00, run_after=2023-07-22T23:05:39.192170+00:00
[2023-07-22T18:05:39.227-0500] {processor.py:179} INFO - Processing /Users/abhishekpatkar/Documents/Projects/af_file_loader/venv/lib/python3.11/site-packages/airflow/example_dags/example_short_circuit_decorator.py took 1.398 seconds
