[2023-07-22T14:53:04.131-0500] {processor.py:157} INFO - Started process (PID=16710) to work on /Users/abhishekpatkar/Documents/Projects/af_file_loader/venv/lib/python3.11/site-packages/airflow/example_dags/example_bash_operator.py
[2023-07-22T14:53:04.134-0500] {processor.py:826} INFO - Processing file /Users/abhishekpatkar/Documents/Projects/af_file_loader/venv/lib/python3.11/site-packages/airflow/example_dags/example_bash_operator.py for tasks to queue
[2023-07-22T14:53:04.135-0500] {logging_mixin.py:150} INFO - [2023-07-22T14:53:04.134-0500] {dagbag.py:541} INFO - Filling up the DagBag from /Users/abhishekpatkar/Documents/Projects/af_file_loader/venv/lib/python3.11/site-packages/airflow/example_dags/example_bash_operator.py
[2023-07-22T14:53:04.324-0500] {processor.py:836} INFO - DAG(s) dict_keys(['example_bash_operator']) retrieved from /Users/abhishekpatkar/Documents/Projects/af_file_loader/venv/lib/python3.11/site-packages/airflow/example_dags/example_bash_operator.py
[2023-07-22T14:53:05.348-0500] {logging_mixin.py:150} INFO - [2023-07-22T14:53:05.348-0500] {manager.py:504} INFO - Created Permission View: can read on DAG:example_bash_operator
[2023-07-22T14:53:05.369-0500] {logging_mixin.py:150} INFO - [2023-07-22T14:53:05.369-0500] {manager.py:504} INFO - Created Permission View: can edit on DAG:example_bash_operator
[2023-07-22T14:53:05.375-0500] {logging_mixin.py:150} INFO - [2023-07-22T14:53:05.375-0500] {manager.py:504} INFO - Created Permission View: can delete on DAG:example_bash_operator
[2023-07-22T14:53:05.386-0500] {logging_mixin.py:150} INFO - [2023-07-22T14:53:05.385-0500] {dag.py:2742} INFO - Sync 1 DAGs
[2023-07-22T14:53:05.393-0500] {logging_mixin.py:150} INFO - [2023-07-22T14:53:05.393-0500] {dag.py:2763} INFO - Creating ORM DAG for example_bash_operator
[2023-07-22T14:53:05.404-0500] {logging_mixin.py:150} INFO - [2023-07-22T14:53:05.404-0500] {dag.py:3504} INFO - Setting next_dagrun for example_bash_operator to 2023-07-21T00:00:00+00:00, run_after=2023-07-22T00:00:00+00:00
[2023-07-22T14:53:05.428-0500] {processor.py:179} INFO - Processing /Users/abhishekpatkar/Documents/Projects/af_file_loader/venv/lib/python3.11/site-packages/airflow/example_dags/example_bash_operator.py took 1.299 seconds
[2023-07-22T14:58:25.425-0500] {processor.py:157} INFO - Started process (PID=17015) to work on /Users/abhishekpatkar/Documents/Projects/af_file_loader/venv/lib/python3.11/site-packages/airflow/example_dags/example_bash_operator.py
[2023-07-22T14:58:25.433-0500] {processor.py:826} INFO - Processing file /Users/abhishekpatkar/Documents/Projects/af_file_loader/venv/lib/python3.11/site-packages/airflow/example_dags/example_bash_operator.py for tasks to queue
[2023-07-22T14:58:25.434-0500] {logging_mixin.py:150} INFO - [2023-07-22T14:58:25.433-0500] {dagbag.py:541} INFO - Filling up the DagBag from /Users/abhishekpatkar/Documents/Projects/af_file_loader/venv/lib/python3.11/site-packages/airflow/example_dags/example_bash_operator.py
[2023-07-22T14:58:25.581-0500] {processor.py:836} INFO - DAG(s) dict_keys(['example_bash_operator']) retrieved from /Users/abhishekpatkar/Documents/Projects/af_file_loader/venv/lib/python3.11/site-packages/airflow/example_dags/example_bash_operator.py
[2023-07-22T14:58:26.699-0500] {logging_mixin.py:150} INFO - [2023-07-22T14:58:26.698-0500] {dag.py:2742} INFO - Sync 1 DAGs
[2023-07-22T14:58:26.732-0500] {logging_mixin.py:150} INFO - [2023-07-22T14:58:26.731-0500] {dag.py:3504} INFO - Setting next_dagrun for example_bash_operator to 2023-07-21T00:00:00+00:00, run_after=2023-07-22T00:00:00+00:00
[2023-07-22T14:58:26.766-0500] {processor.py:179} INFO - Processing /Users/abhishekpatkar/Documents/Projects/af_file_loader/venv/lib/python3.11/site-packages/airflow/example_dags/example_bash_operator.py took 1.343 seconds
[2023-07-22T15:03:07.814-0500] {processor.py:157} INFO - Started process (PID=17337) to work on /Users/abhishekpatkar/Documents/Projects/af_file_loader/venv/lib/python3.11/site-packages/airflow/example_dags/example_bash_operator.py
[2023-07-22T15:03:07.820-0500] {processor.py:826} INFO - Processing file /Users/abhishekpatkar/Documents/Projects/af_file_loader/venv/lib/python3.11/site-packages/airflow/example_dags/example_bash_operator.py for tasks to queue
[2023-07-22T15:03:07.821-0500] {logging_mixin.py:150} INFO - [2023-07-22T15:03:07.821-0500] {dagbag.py:541} INFO - Filling up the DagBag from /Users/abhishekpatkar/Documents/Projects/af_file_loader/venv/lib/python3.11/site-packages/airflow/example_dags/example_bash_operator.py
[2023-07-22T15:03:07.974-0500] {processor.py:836} INFO - DAG(s) dict_keys(['example_bash_operator']) retrieved from /Users/abhishekpatkar/Documents/Projects/af_file_loader/venv/lib/python3.11/site-packages/airflow/example_dags/example_bash_operator.py
[2023-07-22T15:03:08.962-0500] {logging_mixin.py:150} INFO - [2023-07-22T15:03:08.962-0500] {dag.py:2742} INFO - Sync 1 DAGs
[2023-07-22T15:03:08.987-0500] {logging_mixin.py:150} INFO - [2023-07-22T15:03:08.987-0500] {dag.py:3504} INFO - Setting next_dagrun for example_bash_operator to 2023-07-21T00:00:00+00:00, run_after=2023-07-22T00:00:00+00:00
[2023-07-22T15:03:09.006-0500] {processor.py:179} INFO - Processing /Users/abhishekpatkar/Documents/Projects/af_file_loader/venv/lib/python3.11/site-packages/airflow/example_dags/example_bash_operator.py took 1.194 seconds
[2023-07-22T15:11:52.550-0500] {processor.py:157} INFO - Started process (PID=17845) to work on /Users/abhishekpatkar/Documents/Projects/af_file_loader/venv/lib/python3.11/site-packages/airflow/example_dags/example_bash_operator.py
[2023-07-22T15:11:52.554-0500] {processor.py:826} INFO - Processing file /Users/abhishekpatkar/Documents/Projects/af_file_loader/venv/lib/python3.11/site-packages/airflow/example_dags/example_bash_operator.py for tasks to queue
[2023-07-22T15:11:52.554-0500] {logging_mixin.py:150} INFO - [2023-07-22T15:11:52.554-0500] {dagbag.py:541} INFO - Filling up the DagBag from /Users/abhishekpatkar/Documents/Projects/af_file_loader/venv/lib/python3.11/site-packages/airflow/example_dags/example_bash_operator.py
[2023-07-22T15:11:52.685-0500] {processor.py:836} INFO - DAG(s) dict_keys(['example_bash_operator']) retrieved from /Users/abhishekpatkar/Documents/Projects/af_file_loader/venv/lib/python3.11/site-packages/airflow/example_dags/example_bash_operator.py
[2023-07-22T15:11:53.447-0500] {logging_mixin.py:150} INFO - [2023-07-22T15:11:53.447-0500] {dag.py:2742} INFO - Sync 1 DAGs
[2023-07-22T15:11:53.464-0500] {logging_mixin.py:150} INFO - [2023-07-22T15:11:53.464-0500] {dag.py:3504} INFO - Setting next_dagrun for example_bash_operator to 2023-07-21T00:00:00+00:00, run_after=2023-07-22T00:00:00+00:00
[2023-07-22T15:11:53.484-0500] {processor.py:179} INFO - Processing /Users/abhishekpatkar/Documents/Projects/af_file_loader/venv/lib/python3.11/site-packages/airflow/example_dags/example_bash_operator.py took 0.935 seconds
[2023-07-22T15:17:22.486-0500] {processor.py:157} INFO - Started process (PID=18036) to work on /Users/abhishekpatkar/Documents/Projects/af_file_loader/venv/lib/python3.11/site-packages/airflow/example_dags/example_bash_operator.py
[2023-07-22T15:17:22.495-0500] {processor.py:826} INFO - Processing file /Users/abhishekpatkar/Documents/Projects/af_file_loader/venv/lib/python3.11/site-packages/airflow/example_dags/example_bash_operator.py for tasks to queue
[2023-07-22T15:17:22.496-0500] {logging_mixin.py:150} INFO - [2023-07-22T15:17:22.495-0500] {dagbag.py:541} INFO - Filling up the DagBag from /Users/abhishekpatkar/Documents/Projects/af_file_loader/venv/lib/python3.11/site-packages/airflow/example_dags/example_bash_operator.py
[2023-07-22T15:17:22.644-0500] {processor.py:836} INFO - DAG(s) dict_keys(['example_bash_operator']) retrieved from /Users/abhishekpatkar/Documents/Projects/af_file_loader/venv/lib/python3.11/site-packages/airflow/example_dags/example_bash_operator.py
[2023-07-22T15:17:23.606-0500] {logging_mixin.py:150} INFO - [2023-07-22T15:17:23.606-0500] {dag.py:2742} INFO - Sync 1 DAGs
[2023-07-22T15:17:23.646-0500] {logging_mixin.py:150} INFO - [2023-07-22T15:17:23.645-0500] {dag.py:3504} INFO - Setting next_dagrun for example_bash_operator to 2023-07-21T00:00:00+00:00, run_after=2023-07-22T00:00:00+00:00
[2023-07-22T15:17:23.687-0500] {processor.py:179} INFO - Processing /Users/abhishekpatkar/Documents/Projects/af_file_loader/venv/lib/python3.11/site-packages/airflow/example_dags/example_bash_operator.py took 1.202 seconds
[2023-07-22T15:22:47.969-0500] {processor.py:157} INFO - Started process (PID=18232) to work on /Users/abhishekpatkar/Documents/Projects/af_file_loader/venv/lib/python3.11/site-packages/airflow/example_dags/example_bash_operator.py
[2023-07-22T15:22:47.972-0500] {processor.py:826} INFO - Processing file /Users/abhishekpatkar/Documents/Projects/af_file_loader/venv/lib/python3.11/site-packages/airflow/example_dags/example_bash_operator.py for tasks to queue
[2023-07-22T15:22:47.973-0500] {logging_mixin.py:150} INFO - [2023-07-22T15:22:47.973-0500] {dagbag.py:541} INFO - Filling up the DagBag from /Users/abhishekpatkar/Documents/Projects/af_file_loader/venv/lib/python3.11/site-packages/airflow/example_dags/example_bash_operator.py
[2023-07-22T15:22:48.096-0500] {processor.py:836} INFO - DAG(s) dict_keys(['example_bash_operator']) retrieved from /Users/abhishekpatkar/Documents/Projects/af_file_loader/venv/lib/python3.11/site-packages/airflow/example_dags/example_bash_operator.py
[2023-07-22T15:22:48.871-0500] {logging_mixin.py:150} INFO - [2023-07-22T15:22:48.870-0500] {dag.py:2742} INFO - Sync 1 DAGs
[2023-07-22T15:22:48.899-0500] {logging_mixin.py:150} INFO - [2023-07-22T15:22:48.899-0500] {dag.py:3504} INFO - Setting next_dagrun for example_bash_operator to 2023-07-21T00:00:00+00:00, run_after=2023-07-22T00:00:00+00:00
[2023-07-22T15:22:48.923-0500] {processor.py:179} INFO - Processing /Users/abhishekpatkar/Documents/Projects/af_file_loader/venv/lib/python3.11/site-packages/airflow/example_dags/example_bash_operator.py took 0.956 seconds
[2023-07-22T15:28:18.527-0500] {processor.py:157} INFO - Started process (PID=18608) to work on /Users/abhishekpatkar/Documents/Projects/af_file_loader/venv/lib/python3.11/site-packages/airflow/example_dags/example_bash_operator.py
[2023-07-22T15:28:18.539-0500] {processor.py:826} INFO - Processing file /Users/abhishekpatkar/Documents/Projects/af_file_loader/venv/lib/python3.11/site-packages/airflow/example_dags/example_bash_operator.py for tasks to queue
[2023-07-22T15:28:18.540-0500] {logging_mixin.py:150} INFO - [2023-07-22T15:28:18.539-0500] {dagbag.py:541} INFO - Filling up the DagBag from /Users/abhishekpatkar/Documents/Projects/af_file_loader/venv/lib/python3.11/site-packages/airflow/example_dags/example_bash_operator.py
[2023-07-22T15:28:18.840-0500] {processor.py:836} INFO - DAG(s) dict_keys(['example_bash_operator']) retrieved from /Users/abhishekpatkar/Documents/Projects/af_file_loader/venv/lib/python3.11/site-packages/airflow/example_dags/example_bash_operator.py
[2023-07-22T15:28:20.176-0500] {logging_mixin.py:150} INFO - [2023-07-22T15:28:20.175-0500] {dag.py:2742} INFO - Sync 1 DAGs
[2023-07-22T15:28:20.213-0500] {logging_mixin.py:150} INFO - [2023-07-22T15:28:20.213-0500] {dag.py:3504} INFO - Setting next_dagrun for example_bash_operator to 2023-07-21T00:00:00+00:00, run_after=2023-07-22T00:00:00+00:00
[2023-07-22T15:28:20.246-0500] {processor.py:179} INFO - Processing /Users/abhishekpatkar/Documents/Projects/af_file_loader/venv/lib/python3.11/site-packages/airflow/example_dags/example_bash_operator.py took 1.720 seconds
[2023-07-22T15:33:21.818-0500] {processor.py:157} INFO - Started process (PID=18872) to work on /Users/abhishekpatkar/Documents/Projects/af_file_loader/venv/lib/python3.11/site-packages/airflow/example_dags/example_bash_operator.py
[2023-07-22T15:33:21.824-0500] {processor.py:826} INFO - Processing file /Users/abhishekpatkar/Documents/Projects/af_file_loader/venv/lib/python3.11/site-packages/airflow/example_dags/example_bash_operator.py for tasks to queue
[2023-07-22T15:33:21.825-0500] {logging_mixin.py:150} INFO - [2023-07-22T15:33:21.825-0500] {dagbag.py:541} INFO - Filling up the DagBag from /Users/abhishekpatkar/Documents/Projects/af_file_loader/venv/lib/python3.11/site-packages/airflow/example_dags/example_bash_operator.py
[2023-07-22T15:33:21.945-0500] {processor.py:836} INFO - DAG(s) dict_keys(['example_bash_operator']) retrieved from /Users/abhishekpatkar/Documents/Projects/af_file_loader/venv/lib/python3.11/site-packages/airflow/example_dags/example_bash_operator.py
[2023-07-22T15:33:22.544-0500] {logging_mixin.py:150} INFO - [2023-07-22T15:33:22.543-0500] {dag.py:2742} INFO - Sync 1 DAGs
[2023-07-22T15:33:22.566-0500] {logging_mixin.py:150} INFO - [2023-07-22T15:33:22.566-0500] {dag.py:3504} INFO - Setting next_dagrun for example_bash_operator to 2023-07-21T00:00:00+00:00, run_after=2023-07-22T00:00:00+00:00
[2023-07-22T15:33:22.585-0500] {processor.py:179} INFO - Processing /Users/abhishekpatkar/Documents/Projects/af_file_loader/venv/lib/python3.11/site-packages/airflow/example_dags/example_bash_operator.py took 0.768 seconds
[2023-07-22T15:37:09.164-0500] {processor.py:157} INFO - Started process (PID=19230) to work on /Users/abhishekpatkar/Documents/Projects/af_file_loader/venv/lib/python3.11/site-packages/airflow/example_dags/example_bash_operator.py
[2023-07-22T15:37:09.185-0500] {processor.py:826} INFO - Processing file /Users/abhishekpatkar/Documents/Projects/af_file_loader/venv/lib/python3.11/site-packages/airflow/example_dags/example_bash_operator.py for tasks to queue
[2023-07-22T15:37:09.195-0500] {logging_mixin.py:150} INFO - [2023-07-22T15:37:09.195-0500] {dagbag.py:541} INFO - Filling up the DagBag from /Users/abhishekpatkar/Documents/Projects/af_file_loader/venv/lib/python3.11/site-packages/airflow/example_dags/example_bash_operator.py
[2023-07-22T15:37:09.321-0500] {processor.py:836} INFO - DAG(s) dict_keys(['example_bash_operator']) retrieved from /Users/abhishekpatkar/Documents/Projects/af_file_loader/venv/lib/python3.11/site-packages/airflow/example_dags/example_bash_operator.py
[2023-07-22T15:37:10.667-0500] {logging_mixin.py:150} INFO - [2023-07-22T15:37:10.667-0500] {dag.py:2742} INFO - Sync 1 DAGs
[2023-07-22T15:37:10.684-0500] {logging_mixin.py:150} INFO - [2023-07-22T15:37:10.683-0500] {dag.py:3504} INFO - Setting next_dagrun for example_bash_operator to 2023-07-21T00:00:00+00:00, run_after=2023-07-22T00:00:00+00:00
[2023-07-22T15:37:10.708-0500] {processor.py:179} INFO - Processing /Users/abhishekpatkar/Documents/Projects/af_file_loader/venv/lib/python3.11/site-packages/airflow/example_dags/example_bash_operator.py took 1.544 seconds
[2023-07-22T15:51:31.757-0500] {processor.py:157} INFO - Started process (PID=19714) to work on /Users/abhishekpatkar/Documents/Projects/af_file_loader/venv/lib/python3.11/site-packages/airflow/example_dags/example_bash_operator.py
[2023-07-22T15:51:31.762-0500] {processor.py:826} INFO - Processing file /Users/abhishekpatkar/Documents/Projects/af_file_loader/venv/lib/python3.11/site-packages/airflow/example_dags/example_bash_operator.py for tasks to queue
[2023-07-22T15:51:31.763-0500] {logging_mixin.py:150} INFO - [2023-07-22T15:51:31.763-0500] {dagbag.py:541} INFO - Filling up the DagBag from /Users/abhishekpatkar/Documents/Projects/af_file_loader/venv/lib/python3.11/site-packages/airflow/example_dags/example_bash_operator.py
[2023-07-22T15:51:31.888-0500] {processor.py:836} INFO - DAG(s) dict_keys(['example_bash_operator']) retrieved from /Users/abhishekpatkar/Documents/Projects/af_file_loader/venv/lib/python3.11/site-packages/airflow/example_dags/example_bash_operator.py
[2023-07-22T15:51:32.629-0500] {logging_mixin.py:150} INFO - [2023-07-22T15:51:32.628-0500] {dag.py:2742} INFO - Sync 1 DAGs
[2023-07-22T15:51:32.649-0500] {logging_mixin.py:150} INFO - [2023-07-22T15:51:32.649-0500] {dag.py:3504} INFO - Setting next_dagrun for example_bash_operator to 2023-07-21T00:00:00+00:00, run_after=2023-07-22T00:00:00+00:00
[2023-07-22T15:51:32.673-0500] {processor.py:179} INFO - Processing /Users/abhishekpatkar/Documents/Projects/af_file_loader/venv/lib/python3.11/site-packages/airflow/example_dags/example_bash_operator.py took 0.917 seconds
[2023-07-22T15:56:50.754-0500] {processor.py:157} INFO - Started process (PID=20136) to work on /Users/abhishekpatkar/Documents/Projects/af_file_loader/venv/lib/python3.11/site-packages/airflow/example_dags/example_bash_operator.py
[2023-07-22T15:56:50.758-0500] {processor.py:826} INFO - Processing file /Users/abhishekpatkar/Documents/Projects/af_file_loader/venv/lib/python3.11/site-packages/airflow/example_dags/example_bash_operator.py for tasks to queue
[2023-07-22T15:56:50.759-0500] {logging_mixin.py:150} INFO - [2023-07-22T15:56:50.759-0500] {dagbag.py:541} INFO - Filling up the DagBag from /Users/abhishekpatkar/Documents/Projects/af_file_loader/venv/lib/python3.11/site-packages/airflow/example_dags/example_bash_operator.py
[2023-07-22T15:56:50.924-0500] {processor.py:836} INFO - DAG(s) dict_keys(['example_bash_operator']) retrieved from /Users/abhishekpatkar/Documents/Projects/af_file_loader/venv/lib/python3.11/site-packages/airflow/example_dags/example_bash_operator.py
[2023-07-22T15:56:51.782-0500] {logging_mixin.py:150} INFO - [2023-07-22T15:56:51.781-0500] {dag.py:2742} INFO - Sync 1 DAGs
[2023-07-22T15:56:51.805-0500] {logging_mixin.py:150} INFO - [2023-07-22T15:56:51.805-0500] {dag.py:3504} INFO - Setting next_dagrun for example_bash_operator to 2023-07-21T00:00:00+00:00, run_after=2023-07-22T00:00:00+00:00
[2023-07-22T15:56:51.836-0500] {processor.py:179} INFO - Processing /Users/abhishekpatkar/Documents/Projects/af_file_loader/venv/lib/python3.11/site-packages/airflow/example_dags/example_bash_operator.py took 1.083 seconds
[2023-07-22T16:01:51.109-0500] {processor.py:157} INFO - Started process (PID=20363) to work on /Users/abhishekpatkar/Documents/Projects/af_file_loader/venv/lib/python3.11/site-packages/airflow/example_dags/example_bash_operator.py
[2023-07-22T16:01:51.119-0500] {processor.py:826} INFO - Processing file /Users/abhishekpatkar/Documents/Projects/af_file_loader/venv/lib/python3.11/site-packages/airflow/example_dags/example_bash_operator.py for tasks to queue
[2023-07-22T16:01:51.120-0500] {logging_mixin.py:150} INFO - [2023-07-22T16:01:51.119-0500] {dagbag.py:541} INFO - Filling up the DagBag from /Users/abhishekpatkar/Documents/Projects/af_file_loader/venv/lib/python3.11/site-packages/airflow/example_dags/example_bash_operator.py
[2023-07-22T16:01:51.265-0500] {processor.py:836} INFO - DAG(s) dict_keys(['example_bash_operator']) retrieved from /Users/abhishekpatkar/Documents/Projects/af_file_loader/venv/lib/python3.11/site-packages/airflow/example_dags/example_bash_operator.py
[2023-07-22T16:01:52.067-0500] {logging_mixin.py:150} INFO - [2023-07-22T16:01:52.067-0500] {dag.py:2742} INFO - Sync 1 DAGs
[2023-07-22T16:01:52.096-0500] {logging_mixin.py:150} INFO - [2023-07-22T16:01:52.096-0500] {dag.py:3504} INFO - Setting next_dagrun for example_bash_operator to 2023-07-21T00:00:00+00:00, run_after=2023-07-22T00:00:00+00:00
[2023-07-22T16:01:52.134-0500] {processor.py:179} INFO - Processing /Users/abhishekpatkar/Documents/Projects/af_file_loader/venv/lib/python3.11/site-packages/airflow/example_dags/example_bash_operator.py took 1.026 seconds
[2023-07-22T16:05:39.460-0500] {processor.py:157} INFO - Started process (PID=20522) to work on /Users/abhishekpatkar/Documents/Projects/af_file_loader/venv/lib/python3.11/site-packages/airflow/example_dags/example_bash_operator.py
[2023-07-22T16:05:39.464-0500] {processor.py:826} INFO - Processing file /Users/abhishekpatkar/Documents/Projects/af_file_loader/venv/lib/python3.11/site-packages/airflow/example_dags/example_bash_operator.py for tasks to queue
[2023-07-22T16:05:39.465-0500] {logging_mixin.py:150} INFO - [2023-07-22T16:05:39.465-0500] {dagbag.py:541} INFO - Filling up the DagBag from /Users/abhishekpatkar/Documents/Projects/af_file_loader/venv/lib/python3.11/site-packages/airflow/example_dags/example_bash_operator.py
[2023-07-22T16:05:39.566-0500] {processor.py:836} INFO - DAG(s) dict_keys(['example_bash_operator']) retrieved from /Users/abhishekpatkar/Documents/Projects/af_file_loader/venv/lib/python3.11/site-packages/airflow/example_dags/example_bash_operator.py
[2023-07-22T16:05:40.145-0500] {logging_mixin.py:150} INFO - [2023-07-22T16:05:40.144-0500] {dag.py:2742} INFO - Sync 1 DAGs
[2023-07-22T16:05:40.162-0500] {logging_mixin.py:150} INFO - [2023-07-22T16:05:40.162-0500] {dag.py:3504} INFO - Setting next_dagrun for example_bash_operator to 2023-07-21T00:00:00+00:00, run_after=2023-07-22T00:00:00+00:00
[2023-07-22T16:05:40.180-0500] {processor.py:179} INFO - Processing /Users/abhishekpatkar/Documents/Projects/af_file_loader/venv/lib/python3.11/site-packages/airflow/example_dags/example_bash_operator.py took 0.721 seconds
[2023-07-22T16:09:22.101-0500] {processor.py:157} INFO - Started process (PID=20688) to work on /Users/abhishekpatkar/Documents/Projects/af_file_loader/venv/lib/python3.11/site-packages/airflow/example_dags/example_bash_operator.py
[2023-07-22T16:09:22.106-0500] {processor.py:826} INFO - Processing file /Users/abhishekpatkar/Documents/Projects/af_file_loader/venv/lib/python3.11/site-packages/airflow/example_dags/example_bash_operator.py for tasks to queue
[2023-07-22T16:09:22.107-0500] {logging_mixin.py:150} INFO - [2023-07-22T16:09:22.107-0500] {dagbag.py:541} INFO - Filling up the DagBag from /Users/abhishekpatkar/Documents/Projects/af_file_loader/venv/lib/python3.11/site-packages/airflow/example_dags/example_bash_operator.py
[2023-07-22T16:09:22.205-0500] {processor.py:836} INFO - DAG(s) dict_keys(['example_bash_operator']) retrieved from /Users/abhishekpatkar/Documents/Projects/af_file_loader/venv/lib/python3.11/site-packages/airflow/example_dags/example_bash_operator.py
[2023-07-22T16:09:22.767-0500] {logging_mixin.py:150} INFO - [2023-07-22T16:09:22.767-0500] {dag.py:2742} INFO - Sync 1 DAGs
[2023-07-22T16:09:22.784-0500] {logging_mixin.py:150} INFO - [2023-07-22T16:09:22.784-0500] {dag.py:3504} INFO - Setting next_dagrun for example_bash_operator to 2023-07-21T00:00:00+00:00, run_after=2023-07-22T00:00:00+00:00
[2023-07-22T16:09:22.809-0500] {processor.py:179} INFO - Processing /Users/abhishekpatkar/Documents/Projects/af_file_loader/venv/lib/python3.11/site-packages/airflow/example_dags/example_bash_operator.py took 0.708 seconds
[2023-07-22T16:25:06.127-0500] {processor.py:157} INFO - Started process (PID=20916) to work on /Users/abhishekpatkar/Documents/Projects/af_file_loader/venv/lib/python3.11/site-packages/airflow/example_dags/example_bash_operator.py
[2023-07-22T16:25:06.136-0500] {processor.py:826} INFO - Processing file /Users/abhishekpatkar/Documents/Projects/af_file_loader/venv/lib/python3.11/site-packages/airflow/example_dags/example_bash_operator.py for tasks to queue
[2023-07-22T16:25:06.137-0500] {logging_mixin.py:150} INFO - [2023-07-22T16:25:06.137-0500] {dagbag.py:541} INFO - Filling up the DagBag from /Users/abhishekpatkar/Documents/Projects/af_file_loader/venv/lib/python3.11/site-packages/airflow/example_dags/example_bash_operator.py
[2023-07-22T16:25:06.336-0500] {processor.py:836} INFO - DAG(s) dict_keys(['example_bash_operator']) retrieved from /Users/abhishekpatkar/Documents/Projects/af_file_loader/venv/lib/python3.11/site-packages/airflow/example_dags/example_bash_operator.py
[2023-07-22T16:25:06.995-0500] {logging_mixin.py:150} INFO - [2023-07-22T16:25:06.994-0500] {dag.py:2742} INFO - Sync 1 DAGs
[2023-07-22T16:25:07.030-0500] {logging_mixin.py:150} INFO - [2023-07-22T16:25:07.029-0500] {dag.py:3504} INFO - Setting next_dagrun for example_bash_operator to 2023-07-21T00:00:00+00:00, run_after=2023-07-22T00:00:00+00:00
[2023-07-22T16:25:07.065-0500] {processor.py:179} INFO - Processing /Users/abhishekpatkar/Documents/Projects/af_file_loader/venv/lib/python3.11/site-packages/airflow/example_dags/example_bash_operator.py took 0.940 seconds
[2023-07-22T16:31:59.490-0500] {processor.py:157} INFO - Started process (PID=21157) to work on /Users/abhishekpatkar/Documents/Projects/af_file_loader/venv/lib/python3.11/site-packages/airflow/example_dags/example_bash_operator.py
[2023-07-22T16:31:59.497-0500] {processor.py:826} INFO - Processing file /Users/abhishekpatkar/Documents/Projects/af_file_loader/venv/lib/python3.11/site-packages/airflow/example_dags/example_bash_operator.py for tasks to queue
[2023-07-22T16:31:59.499-0500] {logging_mixin.py:150} INFO - [2023-07-22T16:31:59.499-0500] {dagbag.py:541} INFO - Filling up the DagBag from /Users/abhishekpatkar/Documents/Projects/af_file_loader/venv/lib/python3.11/site-packages/airflow/example_dags/example_bash_operator.py
[2023-07-22T16:31:59.644-0500] {processor.py:836} INFO - DAG(s) dict_keys(['example_bash_operator']) retrieved from /Users/abhishekpatkar/Documents/Projects/af_file_loader/venv/lib/python3.11/site-packages/airflow/example_dags/example_bash_operator.py
[2023-07-22T16:32:00.528-0500] {logging_mixin.py:150} INFO - [2023-07-22T16:32:00.528-0500] {dag.py:2742} INFO - Sync 1 DAGs
[2023-07-22T16:32:00.546-0500] {logging_mixin.py:150} INFO - [2023-07-22T16:32:00.546-0500] {dag.py:3504} INFO - Setting next_dagrun for example_bash_operator to 2023-07-21T00:00:00+00:00, run_after=2023-07-22T00:00:00+00:00
[2023-07-22T16:32:00.567-0500] {processor.py:179} INFO - Processing /Users/abhishekpatkar/Documents/Projects/af_file_loader/venv/lib/python3.11/site-packages/airflow/example_dags/example_bash_operator.py took 1.081 seconds
[2023-07-22T16:40:23.226-0500] {processor.py:157} INFO - Started process (PID=21442) to work on /Users/abhishekpatkar/Documents/Projects/af_file_loader/venv/lib/python3.11/site-packages/airflow/example_dags/example_bash_operator.py
[2023-07-22T16:40:23.240-0500] {processor.py:826} INFO - Processing file /Users/abhishekpatkar/Documents/Projects/af_file_loader/venv/lib/python3.11/site-packages/airflow/example_dags/example_bash_operator.py for tasks to queue
[2023-07-22T16:40:23.241-0500] {logging_mixin.py:150} INFO - [2023-07-22T16:40:23.241-0500] {dagbag.py:541} INFO - Filling up the DagBag from /Users/abhishekpatkar/Documents/Projects/af_file_loader/venv/lib/python3.11/site-packages/airflow/example_dags/example_bash_operator.py
[2023-07-22T16:40:23.498-0500] {processor.py:836} INFO - DAG(s) dict_keys(['example_bash_operator']) retrieved from /Users/abhishekpatkar/Documents/Projects/af_file_loader/venv/lib/python3.11/site-packages/airflow/example_dags/example_bash_operator.py
[2023-07-22T16:40:25.761-0500] {logging_mixin.py:150} INFO - [2023-07-22T16:40:25.761-0500] {dag.py:2742} INFO - Sync 1 DAGs
[2023-07-22T16:40:25.831-0500] {logging_mixin.py:150} INFO - [2023-07-22T16:40:25.830-0500] {dag.py:3504} INFO - Setting next_dagrun for example_bash_operator to 2023-07-21T00:00:00+00:00, run_after=2023-07-22T00:00:00+00:00
[2023-07-22T16:40:25.884-0500] {processor.py:179} INFO - Processing /Users/abhishekpatkar/Documents/Projects/af_file_loader/venv/lib/python3.11/site-packages/airflow/example_dags/example_bash_operator.py took 2.660 seconds
[2023-07-22T16:48:00.541-0500] {processor.py:157} INFO - Started process (PID=21702) to work on /Users/abhishekpatkar/Documents/Projects/af_file_loader/venv/lib/python3.11/site-packages/airflow/example_dags/example_bash_operator.py
[2023-07-22T16:48:00.562-0500] {processor.py:826} INFO - Processing file /Users/abhishekpatkar/Documents/Projects/af_file_loader/venv/lib/python3.11/site-packages/airflow/example_dags/example_bash_operator.py for tasks to queue
[2023-07-22T16:48:00.563-0500] {logging_mixin.py:150} INFO - [2023-07-22T16:48:00.563-0500] {dagbag.py:541} INFO - Filling up the DagBag from /Users/abhishekpatkar/Documents/Projects/af_file_loader/venv/lib/python3.11/site-packages/airflow/example_dags/example_bash_operator.py
[2023-07-22T16:48:00.825-0500] {processor.py:836} INFO - DAG(s) dict_keys(['example_bash_operator']) retrieved from /Users/abhishekpatkar/Documents/Projects/af_file_loader/venv/lib/python3.11/site-packages/airflow/example_dags/example_bash_operator.py
[2023-07-22T16:48:02.070-0500] {logging_mixin.py:150} INFO - [2023-07-22T16:48:02.070-0500] {dag.py:2742} INFO - Sync 1 DAGs
[2023-07-22T16:48:02.121-0500] {logging_mixin.py:150} INFO - [2023-07-22T16:48:02.120-0500] {dag.py:3504} INFO - Setting next_dagrun for example_bash_operator to 2023-07-21T00:00:00+00:00, run_after=2023-07-22T00:00:00+00:00
[2023-07-22T16:48:02.149-0500] {processor.py:179} INFO - Processing /Users/abhishekpatkar/Documents/Projects/af_file_loader/venv/lib/python3.11/site-packages/airflow/example_dags/example_bash_operator.py took 1.632 seconds
[2023-07-22T16:55:24.105-0500] {processor.py:157} INFO - Started process (PID=21940) to work on /Users/abhishekpatkar/Documents/Projects/af_file_loader/venv/lib/python3.11/site-packages/airflow/example_dags/example_bash_operator.py
[2023-07-22T16:55:24.116-0500] {processor.py:826} INFO - Processing file /Users/abhishekpatkar/Documents/Projects/af_file_loader/venv/lib/python3.11/site-packages/airflow/example_dags/example_bash_operator.py for tasks to queue
[2023-07-22T16:55:24.116-0500] {logging_mixin.py:150} INFO - [2023-07-22T16:55:24.116-0500] {dagbag.py:541} INFO - Filling up the DagBag from /Users/abhishekpatkar/Documents/Projects/af_file_loader/venv/lib/python3.11/site-packages/airflow/example_dags/example_bash_operator.py
[2023-07-22T16:55:24.304-0500] {processor.py:836} INFO - DAG(s) dict_keys(['example_bash_operator']) retrieved from /Users/abhishekpatkar/Documents/Projects/af_file_loader/venv/lib/python3.11/site-packages/airflow/example_dags/example_bash_operator.py
[2023-07-22T16:55:25.434-0500] {logging_mixin.py:150} INFO - [2023-07-22T16:55:25.434-0500] {dag.py:2742} INFO - Sync 1 DAGs
[2023-07-22T16:55:25.467-0500] {logging_mixin.py:150} INFO - [2023-07-22T16:55:25.467-0500] {dag.py:3504} INFO - Setting next_dagrun for example_bash_operator to 2023-07-21T00:00:00+00:00, run_after=2023-07-22T00:00:00+00:00
[2023-07-22T16:55:25.501-0500] {processor.py:179} INFO - Processing /Users/abhishekpatkar/Documents/Projects/af_file_loader/venv/lib/python3.11/site-packages/airflow/example_dags/example_bash_operator.py took 1.396 seconds
[2023-07-22T17:02:34.014-0500] {processor.py:157} INFO - Started process (PID=22207) to work on /Users/abhishekpatkar/Documents/Projects/af_file_loader/venv/lib/python3.11/site-packages/airflow/example_dags/example_bash_operator.py
[2023-07-22T17:02:34.019-0500] {processor.py:826} INFO - Processing file /Users/abhishekpatkar/Documents/Projects/af_file_loader/venv/lib/python3.11/site-packages/airflow/example_dags/example_bash_operator.py for tasks to queue
[2023-07-22T17:02:34.020-0500] {logging_mixin.py:150} INFO - [2023-07-22T17:02:34.020-0500] {dagbag.py:541} INFO - Filling up the DagBag from /Users/abhishekpatkar/Documents/Projects/af_file_loader/venv/lib/python3.11/site-packages/airflow/example_dags/example_bash_operator.py
[2023-07-22T17:02:34.224-0500] {processor.py:836} INFO - DAG(s) dict_keys(['example_bash_operator']) retrieved from /Users/abhishekpatkar/Documents/Projects/af_file_loader/venv/lib/python3.11/site-packages/airflow/example_dags/example_bash_operator.py
[2023-07-22T17:02:35.569-0500] {logging_mixin.py:150} INFO - [2023-07-22T17:02:35.568-0500] {dag.py:2742} INFO - Sync 1 DAGs
[2023-07-22T17:02:35.588-0500] {logging_mixin.py:150} INFO - [2023-07-22T17:02:35.588-0500] {dag.py:3504} INFO - Setting next_dagrun for example_bash_operator to 2023-07-21T00:00:00+00:00, run_after=2023-07-22T00:00:00+00:00
[2023-07-22T17:02:35.608-0500] {processor.py:179} INFO - Processing /Users/abhishekpatkar/Documents/Projects/af_file_loader/venv/lib/python3.11/site-packages/airflow/example_dags/example_bash_operator.py took 1.595 seconds
[2023-07-22T17:06:51.523-0500] {processor.py:157} INFO - Started process (PID=22374) to work on /Users/abhishekpatkar/Documents/Projects/af_file_loader/venv/lib/python3.11/site-packages/airflow/example_dags/example_bash_operator.py
[2023-07-22T17:06:51.528-0500] {processor.py:826} INFO - Processing file /Users/abhishekpatkar/Documents/Projects/af_file_loader/venv/lib/python3.11/site-packages/airflow/example_dags/example_bash_operator.py for tasks to queue
[2023-07-22T17:06:51.528-0500] {logging_mixin.py:150} INFO - [2023-07-22T17:06:51.528-0500] {dagbag.py:541} INFO - Filling up the DagBag from /Users/abhishekpatkar/Documents/Projects/af_file_loader/venv/lib/python3.11/site-packages/airflow/example_dags/example_bash_operator.py
[2023-07-22T17:06:51.641-0500] {processor.py:836} INFO - DAG(s) dict_keys(['example_bash_operator']) retrieved from /Users/abhishekpatkar/Documents/Projects/af_file_loader/venv/lib/python3.11/site-packages/airflow/example_dags/example_bash_operator.py
[2023-07-22T17:06:52.313-0500] {logging_mixin.py:150} INFO - [2023-07-22T17:06:52.313-0500] {dag.py:2742} INFO - Sync 1 DAGs
[2023-07-22T17:06:52.330-0500] {logging_mixin.py:150} INFO - [2023-07-22T17:06:52.330-0500] {dag.py:3504} INFO - Setting next_dagrun for example_bash_operator to 2023-07-21T00:00:00+00:00, run_after=2023-07-22T00:00:00+00:00
[2023-07-22T17:06:52.350-0500] {processor.py:179} INFO - Processing /Users/abhishekpatkar/Documents/Projects/af_file_loader/venv/lib/python3.11/site-packages/airflow/example_dags/example_bash_operator.py took 0.828 seconds
[2023-07-22T17:10:52.941-0500] {processor.py:157} INFO - Started process (PID=22539) to work on /Users/abhishekpatkar/Documents/Projects/af_file_loader/venv/lib/python3.11/site-packages/airflow/example_dags/example_bash_operator.py
[2023-07-22T17:10:52.946-0500] {processor.py:826} INFO - Processing file /Users/abhishekpatkar/Documents/Projects/af_file_loader/venv/lib/python3.11/site-packages/airflow/example_dags/example_bash_operator.py for tasks to queue
[2023-07-22T17:10:52.947-0500] {logging_mixin.py:150} INFO - [2023-07-22T17:10:52.946-0500] {dagbag.py:541} INFO - Filling up the DagBag from /Users/abhishekpatkar/Documents/Projects/af_file_loader/venv/lib/python3.11/site-packages/airflow/example_dags/example_bash_operator.py
[2023-07-22T17:10:53.060-0500] {processor.py:836} INFO - DAG(s) dict_keys(['example_bash_operator']) retrieved from /Users/abhishekpatkar/Documents/Projects/af_file_loader/venv/lib/python3.11/site-packages/airflow/example_dags/example_bash_operator.py
[2023-07-22T17:10:53.711-0500] {logging_mixin.py:150} INFO - [2023-07-22T17:10:53.710-0500] {dag.py:2742} INFO - Sync 1 DAGs
[2023-07-22T17:10:53.729-0500] {logging_mixin.py:150} INFO - [2023-07-22T17:10:53.729-0500] {dag.py:3504} INFO - Setting next_dagrun for example_bash_operator to 2023-07-21T00:00:00+00:00, run_after=2023-07-22T00:00:00+00:00
[2023-07-22T17:10:53.750-0500] {processor.py:179} INFO - Processing /Users/abhishekpatkar/Documents/Projects/af_file_loader/venv/lib/python3.11/site-packages/airflow/example_dags/example_bash_operator.py took 0.810 seconds
[2023-07-22T17:14:51.007-0500] {processor.py:157} INFO - Started process (PID=22689) to work on /Users/abhishekpatkar/Documents/Projects/af_file_loader/venv/lib/python3.11/site-packages/airflow/example_dags/example_bash_operator.py
[2023-07-22T17:14:51.012-0500] {processor.py:826} INFO - Processing file /Users/abhishekpatkar/Documents/Projects/af_file_loader/venv/lib/python3.11/site-packages/airflow/example_dags/example_bash_operator.py for tasks to queue
[2023-07-22T17:14:51.013-0500] {logging_mixin.py:150} INFO - [2023-07-22T17:14:51.013-0500] {dagbag.py:541} INFO - Filling up the DagBag from /Users/abhishekpatkar/Documents/Projects/af_file_loader/venv/lib/python3.11/site-packages/airflow/example_dags/example_bash_operator.py
[2023-07-22T17:14:51.131-0500] {processor.py:836} INFO - DAG(s) dict_keys(['example_bash_operator']) retrieved from /Users/abhishekpatkar/Documents/Projects/af_file_loader/venv/lib/python3.11/site-packages/airflow/example_dags/example_bash_operator.py
[2023-07-22T17:14:51.770-0500] {logging_mixin.py:150} INFO - [2023-07-22T17:14:51.770-0500] {dag.py:2742} INFO - Sync 1 DAGs
[2023-07-22T17:14:51.788-0500] {logging_mixin.py:150} INFO - [2023-07-22T17:14:51.788-0500] {dag.py:3504} INFO - Setting next_dagrun for example_bash_operator to 2023-07-21T00:00:00+00:00, run_after=2023-07-22T00:00:00+00:00
[2023-07-22T17:14:51.806-0500] {processor.py:179} INFO - Processing /Users/abhishekpatkar/Documents/Projects/af_file_loader/venv/lib/python3.11/site-packages/airflow/example_dags/example_bash_operator.py took 0.800 seconds
[2023-07-22T17:19:41.597-0500] {processor.py:157} INFO - Started process (PID=22914) to work on /Users/abhishekpatkar/Documents/Projects/af_file_loader/venv/lib/python3.11/site-packages/airflow/example_dags/example_bash_operator.py
[2023-07-22T17:19:41.602-0500] {processor.py:826} INFO - Processing file /Users/abhishekpatkar/Documents/Projects/af_file_loader/venv/lib/python3.11/site-packages/airflow/example_dags/example_bash_operator.py for tasks to queue
[2023-07-22T17:19:41.603-0500] {logging_mixin.py:150} INFO - [2023-07-22T17:19:41.603-0500] {dagbag.py:541} INFO - Filling up the DagBag from /Users/abhishekpatkar/Documents/Projects/af_file_loader/venv/lib/python3.11/site-packages/airflow/example_dags/example_bash_operator.py
[2023-07-22T17:19:41.716-0500] {processor.py:836} INFO - DAG(s) dict_keys(['example_bash_operator']) retrieved from /Users/abhishekpatkar/Documents/Projects/af_file_loader/venv/lib/python3.11/site-packages/airflow/example_dags/example_bash_operator.py
[2023-07-22T17:19:42.427-0500] {logging_mixin.py:150} INFO - [2023-07-22T17:19:42.427-0500] {dag.py:2742} INFO - Sync 1 DAGs
[2023-07-22T17:19:42.450-0500] {logging_mixin.py:150} INFO - [2023-07-22T17:19:42.450-0500] {dag.py:3504} INFO - Setting next_dagrun for example_bash_operator to 2023-07-21T00:00:00+00:00, run_after=2023-07-22T00:00:00+00:00
[2023-07-22T17:19:42.487-0500] {processor.py:179} INFO - Processing /Users/abhishekpatkar/Documents/Projects/af_file_loader/venv/lib/python3.11/site-packages/airflow/example_dags/example_bash_operator.py took 0.891 seconds
[2023-07-22T17:25:00.553-0500] {processor.py:157} INFO - Started process (PID=23163) to work on /Users/abhishekpatkar/Documents/Projects/af_file_loader/venv/lib/python3.11/site-packages/airflow/example_dags/example_bash_operator.py
[2023-07-22T17:25:00.558-0500] {processor.py:826} INFO - Processing file /Users/abhishekpatkar/Documents/Projects/af_file_loader/venv/lib/python3.11/site-packages/airflow/example_dags/example_bash_operator.py for tasks to queue
[2023-07-22T17:25:00.559-0500] {logging_mixin.py:150} INFO - [2023-07-22T17:25:00.558-0500] {dagbag.py:541} INFO - Filling up the DagBag from /Users/abhishekpatkar/Documents/Projects/af_file_loader/venv/lib/python3.11/site-packages/airflow/example_dags/example_bash_operator.py
[2023-07-22T17:25:01.124-0500] {processor.py:836} INFO - DAG(s) dict_keys(['example_bash_operator']) retrieved from /Users/abhishekpatkar/Documents/Projects/af_file_loader/venv/lib/python3.11/site-packages/airflow/example_dags/example_bash_operator.py
[2023-07-22T17:25:03.400-0500] {logging_mixin.py:150} INFO - [2023-07-22T17:25:03.399-0500] {dag.py:2742} INFO - Sync 1 DAGs
[2023-07-22T17:25:03.462-0500] {logging_mixin.py:150} INFO - [2023-07-22T17:25:03.461-0500] {dag.py:3504} INFO - Setting next_dagrun for example_bash_operator to 2023-07-21T00:00:00+00:00, run_after=2023-07-22T00:00:00+00:00
[2023-07-22T17:25:03.522-0500] {processor.py:179} INFO - Processing /Users/abhishekpatkar/Documents/Projects/af_file_loader/venv/lib/python3.11/site-packages/airflow/example_dags/example_bash_operator.py took 2.971 seconds
[2023-07-22T17:32:13.931-0500] {processor.py:157} INFO - Started process (PID=23431) to work on /Users/abhishekpatkar/Documents/Projects/af_file_loader/venv/lib/python3.11/site-packages/airflow/example_dags/example_bash_operator.py
[2023-07-22T17:32:13.936-0500] {processor.py:826} INFO - Processing file /Users/abhishekpatkar/Documents/Projects/af_file_loader/venv/lib/python3.11/site-packages/airflow/example_dags/example_bash_operator.py for tasks to queue
[2023-07-22T17:32:13.937-0500] {logging_mixin.py:150} INFO - [2023-07-22T17:32:13.937-0500] {dagbag.py:541} INFO - Filling up the DagBag from /Users/abhishekpatkar/Documents/Projects/af_file_loader/venv/lib/python3.11/site-packages/airflow/example_dags/example_bash_operator.py
[2023-07-22T17:32:14.061-0500] {processor.py:836} INFO - DAG(s) dict_keys(['example_bash_operator']) retrieved from /Users/abhishekpatkar/Documents/Projects/af_file_loader/venv/lib/python3.11/site-packages/airflow/example_dags/example_bash_operator.py
[2023-07-22T17:32:15.545-0500] {logging_mixin.py:150} INFO - [2023-07-22T17:32:15.544-0500] {dag.py:2742} INFO - Sync 1 DAGs
[2023-07-22T17:32:15.566-0500] {logging_mixin.py:150} INFO - [2023-07-22T17:32:15.565-0500] {dag.py:3504} INFO - Setting next_dagrun for example_bash_operator to 2023-07-21T00:00:00+00:00, run_after=2023-07-22T00:00:00+00:00
[2023-07-22T17:32:15.593-0500] {processor.py:179} INFO - Processing /Users/abhishekpatkar/Documents/Projects/af_file_loader/venv/lib/python3.11/site-packages/airflow/example_dags/example_bash_operator.py took 1.662 seconds
[2023-07-22T17:36:35.236-0500] {processor.py:157} INFO - Started process (PID=23596) to work on /Users/abhishekpatkar/Documents/Projects/af_file_loader/venv/lib/python3.11/site-packages/airflow/example_dags/example_bash_operator.py
[2023-07-22T17:36:35.245-0500] {processor.py:826} INFO - Processing file /Users/abhishekpatkar/Documents/Projects/af_file_loader/venv/lib/python3.11/site-packages/airflow/example_dags/example_bash_operator.py for tasks to queue
[2023-07-22T17:36:35.250-0500] {logging_mixin.py:150} INFO - [2023-07-22T17:36:35.249-0500] {dagbag.py:541} INFO - Filling up the DagBag from /Users/abhishekpatkar/Documents/Projects/af_file_loader/venv/lib/python3.11/site-packages/airflow/example_dags/example_bash_operator.py
[2023-07-22T17:36:35.580-0500] {processor.py:836} INFO - DAG(s) dict_keys(['example_bash_operator']) retrieved from /Users/abhishekpatkar/Documents/Projects/af_file_loader/venv/lib/python3.11/site-packages/airflow/example_dags/example_bash_operator.py
[2023-07-22T17:36:37.186-0500] {logging_mixin.py:150} INFO - [2023-07-22T17:36:37.186-0500] {dag.py:2742} INFO - Sync 1 DAGs
[2023-07-22T17:36:37.254-0500] {logging_mixin.py:150} INFO - [2023-07-22T17:36:37.253-0500] {dag.py:3504} INFO - Setting next_dagrun for example_bash_operator to 2023-07-21T00:00:00+00:00, run_after=2023-07-22T00:00:00+00:00
[2023-07-22T17:36:37.323-0500] {processor.py:179} INFO - Processing /Users/abhishekpatkar/Documents/Projects/af_file_loader/venv/lib/python3.11/site-packages/airflow/example_dags/example_bash_operator.py took 2.088 seconds
[2023-07-22T17:50:02.643-0500] {processor.py:157} INFO - Started process (PID=24180) to work on /Users/abhishekpatkar/Documents/Projects/af_file_loader/venv/lib/python3.11/site-packages/airflow/example_dags/example_bash_operator.py
[2023-07-22T17:50:02.648-0500] {processor.py:826} INFO - Processing file /Users/abhishekpatkar/Documents/Projects/af_file_loader/venv/lib/python3.11/site-packages/airflow/example_dags/example_bash_operator.py for tasks to queue
[2023-07-22T17:50:02.649-0500] {logging_mixin.py:150} INFO - [2023-07-22T17:50:02.648-0500] {dagbag.py:541} INFO - Filling up the DagBag from /Users/abhishekpatkar/Documents/Projects/af_file_loader/venv/lib/python3.11/site-packages/airflow/example_dags/example_bash_operator.py
[2023-07-22T17:50:02.796-0500] {processor.py:836} INFO - DAG(s) dict_keys(['example_bash_operator']) retrieved from /Users/abhishekpatkar/Documents/Projects/af_file_loader/venv/lib/python3.11/site-packages/airflow/example_dags/example_bash_operator.py
[2023-07-22T17:50:04.565-0500] {logging_mixin.py:150} INFO - [2023-07-22T17:50:04.564-0500] {dag.py:2742} INFO - Sync 1 DAGs
[2023-07-22T17:50:04.627-0500] {logging_mixin.py:150} INFO - [2023-07-22T17:50:04.626-0500] {dag.py:3504} INFO - Setting next_dagrun for example_bash_operator to 2023-07-21T00:00:00+00:00, run_after=2023-07-22T00:00:00+00:00
[2023-07-22T17:50:04.689-0500] {processor.py:179} INFO - Processing /Users/abhishekpatkar/Documents/Projects/af_file_loader/venv/lib/python3.11/site-packages/airflow/example_dags/example_bash_operator.py took 2.047 seconds
[2023-07-22T17:59:53.910-0500] {processor.py:157} INFO - Started process (PID=24665) to work on /Users/abhishekpatkar/Documents/Projects/af_file_loader/venv/lib/python3.11/site-packages/airflow/example_dags/example_bash_operator.py
[2023-07-22T17:59:53.918-0500] {processor.py:826} INFO - Processing file /Users/abhishekpatkar/Documents/Projects/af_file_loader/venv/lib/python3.11/site-packages/airflow/example_dags/example_bash_operator.py for tasks to queue
[2023-07-22T17:59:53.919-0500] {logging_mixin.py:150} INFO - [2023-07-22T17:59:53.919-0500] {dagbag.py:541} INFO - Filling up the DagBag from /Users/abhishekpatkar/Documents/Projects/af_file_loader/venv/lib/python3.11/site-packages/airflow/example_dags/example_bash_operator.py
[2023-07-22T17:59:54.118-0500] {processor.py:836} INFO - DAG(s) dict_keys(['example_bash_operator']) retrieved from /Users/abhishekpatkar/Documents/Projects/af_file_loader/venv/lib/python3.11/site-packages/airflow/example_dags/example_bash_operator.py
[2023-07-22T17:59:55.746-0500] {logging_mixin.py:150} INFO - [2023-07-22T17:59:55.745-0500] {dag.py:2742} INFO - Sync 1 DAGs
[2023-07-22T17:59:55.777-0500] {logging_mixin.py:150} INFO - [2023-07-22T17:59:55.777-0500] {dag.py:3504} INFO - Setting next_dagrun for example_bash_operator to 2023-07-21T00:00:00+00:00, run_after=2023-07-22T00:00:00+00:00
[2023-07-22T17:59:55.807-0500] {processor.py:179} INFO - Processing /Users/abhishekpatkar/Documents/Projects/af_file_loader/venv/lib/python3.11/site-packages/airflow/example_dags/example_bash_operator.py took 1.899 seconds
[2023-07-22T18:07:06.191-0500] {processor.py:157} INFO - Started process (PID=24915) to work on /Users/abhishekpatkar/Documents/Projects/af_file_loader/venv/lib/python3.11/site-packages/airflow/example_dags/example_bash_operator.py
[2023-07-22T18:07:06.196-0500] {processor.py:826} INFO - Processing file /Users/abhishekpatkar/Documents/Projects/af_file_loader/venv/lib/python3.11/site-packages/airflow/example_dags/example_bash_operator.py for tasks to queue
[2023-07-22T18:07:06.196-0500] {logging_mixin.py:150} INFO - [2023-07-22T18:07:06.196-0500] {dagbag.py:541} INFO - Filling up the DagBag from /Users/abhishekpatkar/Documents/Projects/af_file_loader/venv/lib/python3.11/site-packages/airflow/example_dags/example_bash_operator.py
[2023-07-22T18:07:06.336-0500] {processor.py:836} INFO - DAG(s) dict_keys(['example_bash_operator']) retrieved from /Users/abhishekpatkar/Documents/Projects/af_file_loader/venv/lib/python3.11/site-packages/airflow/example_dags/example_bash_operator.py
[2023-07-22T18:07:07.465-0500] {logging_mixin.py:150} INFO - [2023-07-22T18:07:07.465-0500] {dag.py:2742} INFO - Sync 1 DAGs
[2023-07-22T18:07:07.499-0500] {logging_mixin.py:150} INFO - [2023-07-22T18:07:07.498-0500] {dag.py:3504} INFO - Setting next_dagrun for example_bash_operator to 2023-07-21T00:00:00+00:00, run_after=2023-07-22T00:00:00+00:00
[2023-07-22T18:07:07.525-0500] {processor.py:179} INFO - Processing /Users/abhishekpatkar/Documents/Projects/af_file_loader/venv/lib/python3.11/site-packages/airflow/example_dags/example_bash_operator.py took 1.335 seconds
