[2023-07-22T14:50:52.686-0500] {processor.py:157} INFO - Started process (PID=16586) to work on /Users/abhishekpatkar/Documents/Projects/af_file_loader/venv/lib/python3.11/site-packages/airflow/example_dags/example_sla_dag.py
[2023-07-22T14:50:52.730-0500] {processor.py:826} INFO - Processing file /Users/abhishekpatkar/Documents/Projects/af_file_loader/venv/lib/python3.11/site-packages/airflow/example_dags/example_sla_dag.py for tasks to queue
[2023-07-22T14:50:52.731-0500] {logging_mixin.py:150} INFO - [2023-07-22T14:50:52.731-0500] {dagbag.py:541} INFO - Filling up the DagBag from /Users/abhishekpatkar/Documents/Projects/af_file_loader/venv/lib/python3.11/site-packages/airflow/example_dags/example_sla_dag.py
[2023-07-22T14:50:53.048-0500] {processor.py:836} INFO - DAG(s) dict_keys(['example_sla_dag']) retrieved from /Users/abhishekpatkar/Documents/Projects/af_file_loader/venv/lib/python3.11/site-packages/airflow/example_dags/example_sla_dag.py
[2023-07-22T14:50:54.154-0500] {logging_mixin.py:150} INFO - [2023-07-22T14:50:54.153-0500] {manager.py:504} INFO - Created Permission View: can read on DAG:example_sla_dag
[2023-07-22T14:50:54.182-0500] {logging_mixin.py:150} INFO - [2023-07-22T14:50:54.182-0500] {manager.py:504} INFO - Created Permission View: can delete on DAG:example_sla_dag
[2023-07-22T14:50:54.188-0500] {logging_mixin.py:150} INFO - [2023-07-22T14:50:54.188-0500] {manager.py:504} INFO - Created Permission View: can edit on DAG:example_sla_dag
[2023-07-22T14:50:54.199-0500] {logging_mixin.py:150} INFO - [2023-07-22T14:50:54.198-0500] {dag.py:2742} INFO - Sync 1 DAGs
[2023-07-22T14:50:54.212-0500] {logging_mixin.py:150} INFO - [2023-07-22T14:50:54.211-0500] {dag.py:2763} INFO - Creating ORM DAG for example_sla_dag
[2023-07-22T14:50:54.232-0500] {logging_mixin.py:150} INFO - [2023-07-22T14:50:54.232-0500] {dag.py:3504} INFO - Setting next_dagrun for example_sla_dag to 2023-07-22T19:48:00+00:00, run_after=2023-07-22T19:50:00+00:00
[2023-07-22T14:50:54.258-0500] {processor.py:179} INFO - Processing /Users/abhishekpatkar/Documents/Projects/af_file_loader/venv/lib/python3.11/site-packages/airflow/example_dags/example_sla_dag.py took 1.574 seconds
[2023-07-22T14:54:19.867-0500] {processor.py:157} INFO - Started process (PID=16798) to work on /Users/abhishekpatkar/Documents/Projects/af_file_loader/venv/lib/python3.11/site-packages/airflow/example_dags/example_sla_dag.py
[2023-07-22T14:54:19.871-0500] {processor.py:826} INFO - Processing file /Users/abhishekpatkar/Documents/Projects/af_file_loader/venv/lib/python3.11/site-packages/airflow/example_dags/example_sla_dag.py for tasks to queue
[2023-07-22T14:54:19.871-0500] {logging_mixin.py:150} INFO - [2023-07-22T14:54:19.871-0500] {dagbag.py:541} INFO - Filling up the DagBag from /Users/abhishekpatkar/Documents/Projects/af_file_loader/venv/lib/python3.11/site-packages/airflow/example_dags/example_sla_dag.py
[2023-07-22T14:54:19.976-0500] {processor.py:836} INFO - DAG(s) dict_keys(['example_sla_dag']) retrieved from /Users/abhishekpatkar/Documents/Projects/af_file_loader/venv/lib/python3.11/site-packages/airflow/example_dags/example_sla_dag.py
[2023-07-22T14:54:21.131-0500] {logging_mixin.py:150} INFO - [2023-07-22T14:54:21.130-0500] {dag.py:2742} INFO - Sync 1 DAGs
[2023-07-22T14:54:21.159-0500] {logging_mixin.py:150} INFO - [2023-07-22T14:54:21.159-0500] {dag.py:3504} INFO - Setting next_dagrun for example_sla_dag to 2023-07-22T19:52:00+00:00, run_after=2023-07-22T19:54:00+00:00
[2023-07-22T14:54:21.179-0500] {processor.py:179} INFO - Processing /Users/abhishekpatkar/Documents/Projects/af_file_loader/venv/lib/python3.11/site-packages/airflow/example_dags/example_sla_dag.py took 1.313 seconds
[2023-07-22T14:57:00.892-0500] {processor.py:157} INFO - Started process (PID=16965) to work on /Users/abhishekpatkar/Documents/Projects/af_file_loader/venv/lib/python3.11/site-packages/airflow/example_dags/example_sla_dag.py
[2023-07-22T14:57:00.896-0500] {processor.py:826} INFO - Processing file /Users/abhishekpatkar/Documents/Projects/af_file_loader/venv/lib/python3.11/site-packages/airflow/example_dags/example_sla_dag.py for tasks to queue
[2023-07-22T14:57:00.897-0500] {logging_mixin.py:150} INFO - [2023-07-22T14:57:00.897-0500] {dagbag.py:541} INFO - Filling up the DagBag from /Users/abhishekpatkar/Documents/Projects/af_file_loader/venv/lib/python3.11/site-packages/airflow/example_dags/example_sla_dag.py
[2023-07-22T14:57:00.997-0500] {processor.py:836} INFO - DAG(s) dict_keys(['example_sla_dag']) retrieved from /Users/abhishekpatkar/Documents/Projects/af_file_loader/venv/lib/python3.11/site-packages/airflow/example_dags/example_sla_dag.py
[2023-07-22T14:57:02.154-0500] {logging_mixin.py:150} INFO - [2023-07-22T14:57:02.153-0500] {dag.py:2742} INFO - Sync 1 DAGs
[2023-07-22T14:57:02.190-0500] {logging_mixin.py:150} INFO - [2023-07-22T14:57:02.190-0500] {dag.py:3504} INFO - Setting next_dagrun for example_sla_dag to 2023-07-22T19:54:00+00:00, run_after=2023-07-22T19:56:00+00:00
[2023-07-22T14:57:02.218-0500] {processor.py:179} INFO - Processing /Users/abhishekpatkar/Documents/Projects/af_file_loader/venv/lib/python3.11/site-packages/airflow/example_dags/example_sla_dag.py took 1.327 seconds
[2023-07-22T14:59:26.439-0500] {processor.py:157} INFO - Started process (PID=17058) to work on /Users/abhishekpatkar/Documents/Projects/af_file_loader/venv/lib/python3.11/site-packages/airflow/example_dags/example_sla_dag.py
[2023-07-22T14:59:26.443-0500] {processor.py:826} INFO - Processing file /Users/abhishekpatkar/Documents/Projects/af_file_loader/venv/lib/python3.11/site-packages/airflow/example_dags/example_sla_dag.py for tasks to queue
[2023-07-22T14:59:26.444-0500] {logging_mixin.py:150} INFO - [2023-07-22T14:59:26.444-0500] {dagbag.py:541} INFO - Filling up the DagBag from /Users/abhishekpatkar/Documents/Projects/af_file_loader/venv/lib/python3.11/site-packages/airflow/example_dags/example_sla_dag.py
[2023-07-22T14:59:26.528-0500] {processor.py:836} INFO - DAG(s) dict_keys(['example_sla_dag']) retrieved from /Users/abhishekpatkar/Documents/Projects/af_file_loader/venv/lib/python3.11/site-packages/airflow/example_dags/example_sla_dag.py
[2023-07-22T14:59:27.152-0500] {logging_mixin.py:150} INFO - [2023-07-22T14:59:27.151-0500] {dag.py:2742} INFO - Sync 1 DAGs
[2023-07-22T14:59:27.177-0500] {logging_mixin.py:150} INFO - [2023-07-22T14:59:27.177-0500] {dag.py:3504} INFO - Setting next_dagrun for example_sla_dag to 2023-07-22T19:56:00+00:00, run_after=2023-07-22T19:58:00+00:00
[2023-07-22T14:59:27.195-0500] {processor.py:179} INFO - Processing /Users/abhishekpatkar/Documents/Projects/af_file_loader/venv/lib/python3.11/site-packages/airflow/example_dags/example_sla_dag.py took 0.757 seconds
[2023-07-22T15:01:51.690-0500] {processor.py:157} INFO - Started process (PID=17180) to work on /Users/abhishekpatkar/Documents/Projects/af_file_loader/venv/lib/python3.11/site-packages/airflow/example_dags/example_sla_dag.py
[2023-07-22T15:01:51.696-0500] {processor.py:826} INFO - Processing file /Users/abhishekpatkar/Documents/Projects/af_file_loader/venv/lib/python3.11/site-packages/airflow/example_dags/example_sla_dag.py for tasks to queue
[2023-07-22T15:01:51.697-0500] {logging_mixin.py:150} INFO - [2023-07-22T15:01:51.697-0500] {dagbag.py:541} INFO - Filling up the DagBag from /Users/abhishekpatkar/Documents/Projects/af_file_loader/venv/lib/python3.11/site-packages/airflow/example_dags/example_sla_dag.py
[2023-07-22T15:01:51.808-0500] {processor.py:836} INFO - DAG(s) dict_keys(['example_sla_dag']) retrieved from /Users/abhishekpatkar/Documents/Projects/af_file_loader/venv/lib/python3.11/site-packages/airflow/example_dags/example_sla_dag.py
[2023-07-22T15:01:52.609-0500] {logging_mixin.py:150} INFO - [2023-07-22T15:01:52.609-0500] {dag.py:2742} INFO - Sync 1 DAGs
[2023-07-22T15:01:52.630-0500] {logging_mixin.py:150} INFO - [2023-07-22T15:01:52.630-0500] {dag.py:3504} INFO - Setting next_dagrun for example_sla_dag to 2023-07-22T19:58:00+00:00, run_after=2023-07-22T20:00:00+00:00
[2023-07-22T15:01:52.648-0500] {processor.py:179} INFO - Processing /Users/abhishekpatkar/Documents/Projects/af_file_loader/venv/lib/python3.11/site-packages/airflow/example_dags/example_sla_dag.py took 0.959 seconds
[2023-07-22T15:04:29.931-0500] {processor.py:157} INFO - Started process (PID=17465) to work on /Users/abhishekpatkar/Documents/Projects/af_file_loader/venv/lib/python3.11/site-packages/airflow/example_dags/example_sla_dag.py
[2023-07-22T15:04:29.939-0500] {processor.py:826} INFO - Processing file /Users/abhishekpatkar/Documents/Projects/af_file_loader/venv/lib/python3.11/site-packages/airflow/example_dags/example_sla_dag.py for tasks to queue
[2023-07-22T15:04:29.941-0500] {logging_mixin.py:150} INFO - [2023-07-22T15:04:29.940-0500] {dagbag.py:541} INFO - Filling up the DagBag from /Users/abhishekpatkar/Documents/Projects/af_file_loader/venv/lib/python3.11/site-packages/airflow/example_dags/example_sla_dag.py
[2023-07-22T15:04:30.104-0500] {processor.py:836} INFO - DAG(s) dict_keys(['example_sla_dag']) retrieved from /Users/abhishekpatkar/Documents/Projects/af_file_loader/venv/lib/python3.11/site-packages/airflow/example_dags/example_sla_dag.py
[2023-07-22T15:04:31.013-0500] {logging_mixin.py:150} INFO - [2023-07-22T15:04:31.012-0500] {dag.py:2742} INFO - Sync 1 DAGs
[2023-07-22T15:04:31.046-0500] {logging_mixin.py:150} INFO - [2023-07-22T15:04:31.045-0500] {dag.py:3504} INFO - Setting next_dagrun for example_sla_dag to 2023-07-22T20:02:00+00:00, run_after=2023-07-22T20:04:00+00:00
[2023-07-22T15:04:31.082-0500] {processor.py:179} INFO - Processing /Users/abhishekpatkar/Documents/Projects/af_file_loader/venv/lib/python3.11/site-packages/airflow/example_dags/example_sla_dag.py took 1.152 seconds
[2023-07-22T15:09:58.890-0500] {processor.py:157} INFO - Started process (PID=17779) to work on /Users/abhishekpatkar/Documents/Projects/af_file_loader/venv/lib/python3.11/site-packages/airflow/example_dags/example_sla_dag.py
[2023-07-22T15:09:58.895-0500] {processor.py:826} INFO - Processing file /Users/abhishekpatkar/Documents/Projects/af_file_loader/venv/lib/python3.11/site-packages/airflow/example_dags/example_sla_dag.py for tasks to queue
[2023-07-22T15:09:58.896-0500] {logging_mixin.py:150} INFO - [2023-07-22T15:09:58.896-0500] {dagbag.py:541} INFO - Filling up the DagBag from /Users/abhishekpatkar/Documents/Projects/af_file_loader/venv/lib/python3.11/site-packages/airflow/example_dags/example_sla_dag.py
[2023-07-22T15:09:59.065-0500] {processor.py:836} INFO - DAG(s) dict_keys(['example_sla_dag']) retrieved from /Users/abhishekpatkar/Documents/Projects/af_file_loader/venv/lib/python3.11/site-packages/airflow/example_dags/example_sla_dag.py
[2023-07-22T15:10:00.812-0500] {logging_mixin.py:150} INFO - [2023-07-22T15:10:00.812-0500] {dag.py:2742} INFO - Sync 1 DAGs
[2023-07-22T15:10:00.852-0500] {logging_mixin.py:150} INFO - [2023-07-22T15:10:00.852-0500] {dag.py:3504} INFO - Setting next_dagrun for example_sla_dag to 2023-07-22T20:08:00+00:00, run_after=2023-07-22T20:10:00+00:00
[2023-07-22T15:10:00.880-0500] {processor.py:179} INFO - Processing /Users/abhishekpatkar/Documents/Projects/af_file_loader/venv/lib/python3.11/site-packages/airflow/example_dags/example_sla_dag.py took 1.994 seconds
[2023-07-22T15:13:00.226-0500] {processor.py:157} INFO - Started process (PID=17884) to work on /Users/abhishekpatkar/Documents/Projects/af_file_loader/venv/lib/python3.11/site-packages/airflow/example_dags/example_sla_dag.py
[2023-07-22T15:13:00.230-0500] {processor.py:826} INFO - Processing file /Users/abhishekpatkar/Documents/Projects/af_file_loader/venv/lib/python3.11/site-packages/airflow/example_dags/example_sla_dag.py for tasks to queue
[2023-07-22T15:13:00.231-0500] {logging_mixin.py:150} INFO - [2023-07-22T15:13:00.231-0500] {dagbag.py:541} INFO - Filling up the DagBag from /Users/abhishekpatkar/Documents/Projects/af_file_loader/venv/lib/python3.11/site-packages/airflow/example_dags/example_sla_dag.py
[2023-07-22T15:13:00.331-0500] {processor.py:836} INFO - DAG(s) dict_keys(['example_sla_dag']) retrieved from /Users/abhishekpatkar/Documents/Projects/af_file_loader/venv/lib/python3.11/site-packages/airflow/example_dags/example_sla_dag.py
[2023-07-22T15:13:01.443-0500] {logging_mixin.py:150} INFO - [2023-07-22T15:13:01.442-0500] {dag.py:2742} INFO - Sync 1 DAGs
[2023-07-22T15:13:01.480-0500] {logging_mixin.py:150} INFO - [2023-07-22T15:13:01.479-0500] {dag.py:3504} INFO - Setting next_dagrun for example_sla_dag to 2023-07-22T20:10:00+00:00, run_after=2023-07-22T20:12:00+00:00
[2023-07-22T15:13:01.526-0500] {processor.py:179} INFO - Processing /Users/abhishekpatkar/Documents/Projects/af_file_loader/venv/lib/python3.11/site-packages/airflow/example_dags/example_sla_dag.py took 1.302 seconds
[2023-07-22T15:15:44.764-0500] {processor.py:157} INFO - Started process (PID=17975) to work on /Users/abhishekpatkar/Documents/Projects/af_file_loader/venv/lib/python3.11/site-packages/airflow/example_dags/example_sla_dag.py
[2023-07-22T15:15:44.770-0500] {processor.py:826} INFO - Processing file /Users/abhishekpatkar/Documents/Projects/af_file_loader/venv/lib/python3.11/site-packages/airflow/example_dags/example_sla_dag.py for tasks to queue
[2023-07-22T15:15:44.771-0500] {logging_mixin.py:150} INFO - [2023-07-22T15:15:44.770-0500] {dagbag.py:541} INFO - Filling up the DagBag from /Users/abhishekpatkar/Documents/Projects/af_file_loader/venv/lib/python3.11/site-packages/airflow/example_dags/example_sla_dag.py
[2023-07-22T15:15:44.894-0500] {processor.py:836} INFO - DAG(s) dict_keys(['example_sla_dag']) retrieved from /Users/abhishekpatkar/Documents/Projects/af_file_loader/venv/lib/python3.11/site-packages/airflow/example_dags/example_sla_dag.py
[2023-07-22T15:15:45.889-0500] {logging_mixin.py:150} INFO - [2023-07-22T15:15:45.888-0500] {dag.py:2742} INFO - Sync 1 DAGs
[2023-07-22T15:15:45.920-0500] {logging_mixin.py:150} INFO - [2023-07-22T15:15:45.920-0500] {dag.py:3504} INFO - Setting next_dagrun for example_sla_dag to 2023-07-22T20:12:00+00:00, run_after=2023-07-22T20:14:00+00:00
[2023-07-22T15:15:45.945-0500] {processor.py:179} INFO - Processing /Users/abhishekpatkar/Documents/Projects/af_file_loader/venv/lib/python3.11/site-packages/airflow/example_dags/example_sla_dag.py took 1.182 seconds
[2023-07-22T15:18:38.813-0500] {processor.py:157} INFO - Started process (PID=18082) to work on /Users/abhishekpatkar/Documents/Projects/af_file_loader/venv/lib/python3.11/site-packages/airflow/example_dags/example_sla_dag.py
[2023-07-22T15:18:38.839-0500] {processor.py:826} INFO - Processing file /Users/abhishekpatkar/Documents/Projects/af_file_loader/venv/lib/python3.11/site-packages/airflow/example_dags/example_sla_dag.py for tasks to queue
[2023-07-22T15:18:38.845-0500] {logging_mixin.py:150} INFO - [2023-07-22T15:18:38.841-0500] {dagbag.py:541} INFO - Filling up the DagBag from /Users/abhishekpatkar/Documents/Projects/af_file_loader/venv/lib/python3.11/site-packages/airflow/example_dags/example_sla_dag.py
[2023-07-22T15:18:39.209-0500] {processor.py:836} INFO - DAG(s) dict_keys(['example_sla_dag']) retrieved from /Users/abhishekpatkar/Documents/Projects/af_file_loader/venv/lib/python3.11/site-packages/airflow/example_dags/example_sla_dag.py
[2023-07-22T15:18:40.950-0500] {logging_mixin.py:150} INFO - [2023-07-22T15:18:40.950-0500] {dag.py:2742} INFO - Sync 1 DAGs
[2023-07-22T15:18:41.034-0500] {logging_mixin.py:150} INFO - [2023-07-22T15:18:41.033-0500] {dag.py:3504} INFO - Setting next_dagrun for example_sla_dag to 2023-07-22T20:16:00+00:00, run_after=2023-07-22T20:18:00+00:00
[2023-07-22T15:18:41.134-0500] {processor.py:179} INFO - Processing /Users/abhishekpatkar/Documents/Projects/af_file_loader/venv/lib/python3.11/site-packages/airflow/example_dags/example_sla_dag.py took 2.324 seconds
[2023-07-22T15:21:26.128-0500] {processor.py:157} INFO - Started process (PID=18180) to work on /Users/abhishekpatkar/Documents/Projects/af_file_loader/venv/lib/python3.11/site-packages/airflow/example_dags/example_sla_dag.py
[2023-07-22T15:21:26.140-0500] {processor.py:826} INFO - Processing file /Users/abhishekpatkar/Documents/Projects/af_file_loader/venv/lib/python3.11/site-packages/airflow/example_dags/example_sla_dag.py for tasks to queue
[2023-07-22T15:21:26.141-0500] {logging_mixin.py:150} INFO - [2023-07-22T15:21:26.140-0500] {dagbag.py:541} INFO - Filling up the DagBag from /Users/abhishekpatkar/Documents/Projects/af_file_loader/venv/lib/python3.11/site-packages/airflow/example_dags/example_sla_dag.py
[2023-07-22T15:21:26.311-0500] {processor.py:836} INFO - DAG(s) dict_keys(['example_sla_dag']) retrieved from /Users/abhishekpatkar/Documents/Projects/af_file_loader/venv/lib/python3.11/site-packages/airflow/example_dags/example_sla_dag.py
[2023-07-22T15:21:27.130-0500] {logging_mixin.py:150} INFO - [2023-07-22T15:21:27.129-0500] {dag.py:2742} INFO - Sync 1 DAGs
[2023-07-22T15:21:27.170-0500] {logging_mixin.py:150} INFO - [2023-07-22T15:21:27.169-0500] {dag.py:3504} INFO - Setting next_dagrun for example_sla_dag to 2023-07-22T20:18:00+00:00, run_after=2023-07-22T20:20:00+00:00
[2023-07-22T15:21:27.196-0500] {processor.py:179} INFO - Processing /Users/abhishekpatkar/Documents/Projects/af_file_loader/venv/lib/python3.11/site-packages/airflow/example_dags/example_sla_dag.py took 1.069 seconds
[2023-07-22T15:23:46.128-0500] {processor.py:157} INFO - Started process (PID=18270) to work on /Users/abhishekpatkar/Documents/Projects/af_file_loader/venv/lib/python3.11/site-packages/airflow/example_dags/example_sla_dag.py
[2023-07-22T15:23:46.132-0500] {processor.py:826} INFO - Processing file /Users/abhishekpatkar/Documents/Projects/af_file_loader/venv/lib/python3.11/site-packages/airflow/example_dags/example_sla_dag.py for tasks to queue
[2023-07-22T15:23:46.133-0500] {logging_mixin.py:150} INFO - [2023-07-22T15:23:46.132-0500] {dagbag.py:541} INFO - Filling up the DagBag from /Users/abhishekpatkar/Documents/Projects/af_file_loader/venv/lib/python3.11/site-packages/airflow/example_dags/example_sla_dag.py
[2023-07-22T15:23:46.225-0500] {processor.py:836} INFO - DAG(s) dict_keys(['example_sla_dag']) retrieved from /Users/abhishekpatkar/Documents/Projects/af_file_loader/venv/lib/python3.11/site-packages/airflow/example_dags/example_sla_dag.py
[2023-07-22T15:23:46.934-0500] {logging_mixin.py:150} INFO - [2023-07-22T15:23:46.934-0500] {dag.py:2742} INFO - Sync 1 DAGs
[2023-07-22T15:23:46.959-0500] {logging_mixin.py:150} INFO - [2023-07-22T15:23:46.959-0500] {dag.py:3504} INFO - Setting next_dagrun for example_sla_dag to 2023-07-22T20:20:00+00:00, run_after=2023-07-22T20:22:00+00:00
[2023-07-22T15:23:46.980-0500] {processor.py:179} INFO - Processing /Users/abhishekpatkar/Documents/Projects/af_file_loader/venv/lib/python3.11/site-packages/airflow/example_dags/example_sla_dag.py took 0.854 seconds
[2023-07-22T15:26:02.485-0500] {processor.py:157} INFO - Started process (PID=18397) to work on /Users/abhishekpatkar/Documents/Projects/af_file_loader/venv/lib/python3.11/site-packages/airflow/example_dags/example_sla_dag.py
[2023-07-22T15:26:02.493-0500] {processor.py:826} INFO - Processing file /Users/abhishekpatkar/Documents/Projects/af_file_loader/venv/lib/python3.11/site-packages/airflow/example_dags/example_sla_dag.py for tasks to queue
[2023-07-22T15:26:02.494-0500] {logging_mixin.py:150} INFO - [2023-07-22T15:26:02.494-0500] {dagbag.py:541} INFO - Filling up the DagBag from /Users/abhishekpatkar/Documents/Projects/af_file_loader/venv/lib/python3.11/site-packages/airflow/example_dags/example_sla_dag.py
[2023-07-22T15:26:02.601-0500] {processor.py:836} INFO - DAG(s) dict_keys(['example_sla_dag']) retrieved from /Users/abhishekpatkar/Documents/Projects/af_file_loader/venv/lib/python3.11/site-packages/airflow/example_dags/example_sla_dag.py
[2023-07-22T15:26:03.729-0500] {logging_mixin.py:150} INFO - [2023-07-22T15:26:03.728-0500] {dag.py:2742} INFO - Sync 1 DAGs
[2023-07-22T15:26:03.759-0500] {logging_mixin.py:150} INFO - [2023-07-22T15:26:03.758-0500] {dag.py:3504} INFO - Setting next_dagrun for example_sla_dag to 2023-07-22T20:24:00+00:00, run_after=2023-07-22T20:26:00+00:00
[2023-07-22T15:26:03.781-0500] {processor.py:179} INFO - Processing /Users/abhishekpatkar/Documents/Projects/af_file_loader/venv/lib/python3.11/site-packages/airflow/example_dags/example_sla_dag.py took 1.298 seconds
[2023-07-22T15:29:47.968-0500] {processor.py:157} INFO - Started process (PID=18691) to work on /Users/abhishekpatkar/Documents/Projects/af_file_loader/venv/lib/python3.11/site-packages/airflow/example_dags/example_sla_dag.py
[2023-07-22T15:29:47.972-0500] {processor.py:826} INFO - Processing file /Users/abhishekpatkar/Documents/Projects/af_file_loader/venv/lib/python3.11/site-packages/airflow/example_dags/example_sla_dag.py for tasks to queue
[2023-07-22T15:29:47.972-0500] {logging_mixin.py:150} INFO - [2023-07-22T15:29:47.972-0500] {dagbag.py:541} INFO - Filling up the DagBag from /Users/abhishekpatkar/Documents/Projects/af_file_loader/venv/lib/python3.11/site-packages/airflow/example_dags/example_sla_dag.py
[2023-07-22T15:29:48.063-0500] {processor.py:836} INFO - DAG(s) dict_keys(['example_sla_dag']) retrieved from /Users/abhishekpatkar/Documents/Projects/af_file_loader/venv/lib/python3.11/site-packages/airflow/example_dags/example_sla_dag.py
[2023-07-22T15:29:48.706-0500] {logging_mixin.py:150} INFO - [2023-07-22T15:29:48.706-0500] {dag.py:2742} INFO - Sync 1 DAGs
[2023-07-22T15:29:48.741-0500] {logging_mixin.py:150} INFO - [2023-07-22T15:29:48.740-0500] {dag.py:3504} INFO - Setting next_dagrun for example_sla_dag to 2023-07-22T20:26:00+00:00, run_after=2023-07-22T20:28:00+00:00
[2023-07-22T15:29:48.772-0500] {processor.py:179} INFO - Processing /Users/abhishekpatkar/Documents/Projects/af_file_loader/venv/lib/python3.11/site-packages/airflow/example_dags/example_sla_dag.py took 0.805 seconds
[2023-07-22T15:32:20.388-0500] {processor.py:157} INFO - Started process (PID=18833) to work on /Users/abhishekpatkar/Documents/Projects/af_file_loader/venv/lib/python3.11/site-packages/airflow/example_dags/example_sla_dag.py
[2023-07-22T15:32:20.392-0500] {processor.py:826} INFO - Processing file /Users/abhishekpatkar/Documents/Projects/af_file_loader/venv/lib/python3.11/site-packages/airflow/example_dags/example_sla_dag.py for tasks to queue
[2023-07-22T15:32:20.392-0500] {logging_mixin.py:150} INFO - [2023-07-22T15:32:20.392-0500] {dagbag.py:541} INFO - Filling up the DagBag from /Users/abhishekpatkar/Documents/Projects/af_file_loader/venv/lib/python3.11/site-packages/airflow/example_dags/example_sla_dag.py
[2023-07-22T15:32:20.474-0500] {processor.py:836} INFO - DAG(s) dict_keys(['example_sla_dag']) retrieved from /Users/abhishekpatkar/Documents/Projects/af_file_loader/venv/lib/python3.11/site-packages/airflow/example_dags/example_sla_dag.py
[2023-07-22T15:32:21.085-0500] {logging_mixin.py:150} INFO - [2023-07-22T15:32:21.084-0500] {dag.py:2742} INFO - Sync 1 DAGs
[2023-07-22T15:32:21.103-0500] {logging_mixin.py:150} INFO - [2023-07-22T15:32:21.103-0500] {dag.py:3504} INFO - Setting next_dagrun for example_sla_dag to 2023-07-22T20:30:00+00:00, run_after=2023-07-22T20:32:00+00:00
[2023-07-22T15:32:21.124-0500] {processor.py:179} INFO - Processing /Users/abhishekpatkar/Documents/Projects/af_file_loader/venv/lib/python3.11/site-packages/airflow/example_dags/example_sla_dag.py took 0.736 seconds
[2023-07-22T15:34:16.373-0500] {processor.py:157} INFO - Started process (PID=18907) to work on /Users/abhishekpatkar/Documents/Projects/af_file_loader/venv/lib/python3.11/site-packages/airflow/example_dags/example_sla_dag.py
[2023-07-22T15:34:16.377-0500] {processor.py:826} INFO - Processing file /Users/abhishekpatkar/Documents/Projects/af_file_loader/venv/lib/python3.11/site-packages/airflow/example_dags/example_sla_dag.py for tasks to queue
[2023-07-22T15:34:16.378-0500] {logging_mixin.py:150} INFO - [2023-07-22T15:34:16.378-0500] {dagbag.py:541} INFO - Filling up the DagBag from /Users/abhishekpatkar/Documents/Projects/af_file_loader/venv/lib/python3.11/site-packages/airflow/example_dags/example_sla_dag.py
[2023-07-22T15:34:16.475-0500] {processor.py:836} INFO - DAG(s) dict_keys(['example_sla_dag']) retrieved from /Users/abhishekpatkar/Documents/Projects/af_file_loader/venv/lib/python3.11/site-packages/airflow/example_dags/example_sla_dag.py
[2023-07-22T15:34:17.115-0500] {logging_mixin.py:150} INFO - [2023-07-22T15:34:17.115-0500] {dag.py:2742} INFO - Sync 1 DAGs
[2023-07-22T15:34:17.134-0500] {logging_mixin.py:150} INFO - [2023-07-22T15:34:17.134-0500] {dag.py:3504} INFO - Setting next_dagrun for example_sla_dag to 2023-07-22T20:32:00+00:00, run_after=2023-07-22T20:34:00+00:00
[2023-07-22T15:34:17.154-0500] {processor.py:179} INFO - Processing /Users/abhishekpatkar/Documents/Projects/af_file_loader/venv/lib/python3.11/site-packages/airflow/example_dags/example_sla_dag.py took 0.782 seconds
[2023-07-22T15:36:08.249-0500] {processor.py:157} INFO - Started process (PID=19049) to work on /Users/abhishekpatkar/Documents/Projects/af_file_loader/venv/lib/python3.11/site-packages/airflow/example_dags/example_sla_dag.py
[2023-07-22T15:36:08.254-0500] {processor.py:826} INFO - Processing file /Users/abhishekpatkar/Documents/Projects/af_file_loader/venv/lib/python3.11/site-packages/airflow/example_dags/example_sla_dag.py for tasks to queue
[2023-07-22T15:36:08.255-0500] {logging_mixin.py:150} INFO - [2023-07-22T15:36:08.255-0500] {dagbag.py:541} INFO - Filling up the DagBag from /Users/abhishekpatkar/Documents/Projects/af_file_loader/venv/lib/python3.11/site-packages/airflow/example_dags/example_sla_dag.py
[2023-07-22T15:36:08.341-0500] {processor.py:836} INFO - DAG(s) dict_keys(['example_sla_dag']) retrieved from /Users/abhishekpatkar/Documents/Projects/af_file_loader/venv/lib/python3.11/site-packages/airflow/example_dags/example_sla_dag.py
[2023-07-22T15:36:08.950-0500] {logging_mixin.py:150} INFO - [2023-07-22T15:36:08.949-0500] {dag.py:2742} INFO - Sync 1 DAGs
[2023-07-22T15:36:08.969-0500] {logging_mixin.py:150} INFO - [2023-07-22T15:36:08.969-0500] {dag.py:3504} INFO - Setting next_dagrun for example_sla_dag to 2023-07-22T20:34:00+00:00, run_after=2023-07-22T20:36:00+00:00
[2023-07-22T15:36:08.988-0500] {processor.py:179} INFO - Processing /Users/abhishekpatkar/Documents/Projects/af_file_loader/venv/lib/python3.11/site-packages/airflow/example_dags/example_sla_dag.py took 0.740 seconds
[2023-07-22T15:47:45.941-0500] {processor.py:157} INFO - Started process (PID=19365) to work on /Users/abhishekpatkar/Documents/Projects/af_file_loader/venv/lib/python3.11/site-packages/airflow/example_dags/example_sla_dag.py
[2023-07-22T15:47:45.945-0500] {processor.py:826} INFO - Processing file /Users/abhishekpatkar/Documents/Projects/af_file_loader/venv/lib/python3.11/site-packages/airflow/example_dags/example_sla_dag.py for tasks to queue
[2023-07-22T15:47:45.946-0500] {logging_mixin.py:150} INFO - [2023-07-22T15:47:45.946-0500] {dagbag.py:541} INFO - Filling up the DagBag from /Users/abhishekpatkar/Documents/Projects/af_file_loader/venv/lib/python3.11/site-packages/airflow/example_dags/example_sla_dag.py
[2023-07-22T15:47:46.038-0500] {processor.py:836} INFO - DAG(s) dict_keys(['example_sla_dag']) retrieved from /Users/abhishekpatkar/Documents/Projects/af_file_loader/venv/lib/python3.11/site-packages/airflow/example_dags/example_sla_dag.py
[2023-07-22T15:47:46.731-0500] {logging_mixin.py:150} INFO - [2023-07-22T15:47:46.731-0500] {dag.py:2742} INFO - Sync 1 DAGs
[2023-07-22T15:47:46.754-0500] {logging_mixin.py:150} INFO - [2023-07-22T15:47:46.754-0500] {dag.py:3504} INFO - Setting next_dagrun for example_sla_dag to 2023-07-22T20:44:00+00:00, run_after=2023-07-22T20:46:00+00:00
[2023-07-22T15:47:46.776-0500] {processor.py:179} INFO - Processing /Users/abhishekpatkar/Documents/Projects/af_file_loader/venv/lib/python3.11/site-packages/airflow/example_dags/example_sla_dag.py took 0.837 seconds
[2023-07-22T15:50:07.797-0500] {processor.py:157} INFO - Started process (PID=19524) to work on /Users/abhishekpatkar/Documents/Projects/af_file_loader/venv/lib/python3.11/site-packages/airflow/example_dags/example_sla_dag.py
[2023-07-22T15:50:07.802-0500] {processor.py:826} INFO - Processing file /Users/abhishekpatkar/Documents/Projects/af_file_loader/venv/lib/python3.11/site-packages/airflow/example_dags/example_sla_dag.py for tasks to queue
[2023-07-22T15:50:07.803-0500] {logging_mixin.py:150} INFO - [2023-07-22T15:50:07.803-0500] {dagbag.py:541} INFO - Filling up the DagBag from /Users/abhishekpatkar/Documents/Projects/af_file_loader/venv/lib/python3.11/site-packages/airflow/example_dags/example_sla_dag.py
[2023-07-22T15:50:07.910-0500] {processor.py:836} INFO - DAG(s) dict_keys(['example_sla_dag']) retrieved from /Users/abhishekpatkar/Documents/Projects/af_file_loader/venv/lib/python3.11/site-packages/airflow/example_dags/example_sla_dag.py
[2023-07-22T15:50:08.686-0500] {logging_mixin.py:150} INFO - [2023-07-22T15:50:08.685-0500] {dag.py:2742} INFO - Sync 1 DAGs
[2023-07-22T15:50:08.707-0500] {logging_mixin.py:150} INFO - [2023-07-22T15:50:08.707-0500] {dag.py:3504} INFO - Setting next_dagrun for example_sla_dag to 2023-07-22T20:48:00+00:00, run_after=2023-07-22T20:50:00+00:00
[2023-07-22T15:50:08.729-0500] {processor.py:179} INFO - Processing /Users/abhishekpatkar/Documents/Projects/af_file_loader/venv/lib/python3.11/site-packages/airflow/example_dags/example_sla_dag.py took 0.933 seconds
[2023-07-22T15:52:45.806-0500] {processor.py:157} INFO - Started process (PID=19822) to work on /Users/abhishekpatkar/Documents/Projects/af_file_loader/venv/lib/python3.11/site-packages/airflow/example_dags/example_sla_dag.py
[2023-07-22T15:52:45.813-0500] {processor.py:826} INFO - Processing file /Users/abhishekpatkar/Documents/Projects/af_file_loader/venv/lib/python3.11/site-packages/airflow/example_dags/example_sla_dag.py for tasks to queue
[2023-07-22T15:52:45.813-0500] {logging_mixin.py:150} INFO - [2023-07-22T15:52:45.813-0500] {dagbag.py:541} INFO - Filling up the DagBag from /Users/abhishekpatkar/Documents/Projects/af_file_loader/venv/lib/python3.11/site-packages/airflow/example_dags/example_sla_dag.py
[2023-07-22T15:52:45.930-0500] {processor.py:836} INFO - DAG(s) dict_keys(['example_sla_dag']) retrieved from /Users/abhishekpatkar/Documents/Projects/af_file_loader/venv/lib/python3.11/site-packages/airflow/example_dags/example_sla_dag.py
[2023-07-22T15:52:47.020-0500] {logging_mixin.py:150} INFO - [2023-07-22T15:52:47.020-0500] {dag.py:2742} INFO - Sync 1 DAGs
[2023-07-22T15:52:47.050-0500] {logging_mixin.py:150} INFO - [2023-07-22T15:52:47.050-0500] {dag.py:3504} INFO - Setting next_dagrun for example_sla_dag to 2023-07-22T20:50:00+00:00, run_after=2023-07-22T20:52:00+00:00
[2023-07-22T15:52:47.082-0500] {processor.py:179} INFO - Processing /Users/abhishekpatkar/Documents/Projects/af_file_loader/venv/lib/python3.11/site-packages/airflow/example_dags/example_sla_dag.py took 1.277 seconds
[2023-07-22T15:55:24.333-0500] {processor.py:157} INFO - Started process (PID=19971) to work on /Users/abhishekpatkar/Documents/Projects/af_file_loader/venv/lib/python3.11/site-packages/airflow/example_dags/example_sla_dag.py
[2023-07-22T15:55:24.338-0500] {processor.py:826} INFO - Processing file /Users/abhishekpatkar/Documents/Projects/af_file_loader/venv/lib/python3.11/site-packages/airflow/example_dags/example_sla_dag.py for tasks to queue
[2023-07-22T15:55:24.339-0500] {logging_mixin.py:150} INFO - [2023-07-22T15:55:24.338-0500] {dagbag.py:541} INFO - Filling up the DagBag from /Users/abhishekpatkar/Documents/Projects/af_file_loader/venv/lib/python3.11/site-packages/airflow/example_dags/example_sla_dag.py
[2023-07-22T15:55:24.450-0500] {processor.py:836} INFO - DAG(s) dict_keys(['example_sla_dag']) retrieved from /Users/abhishekpatkar/Documents/Projects/af_file_loader/venv/lib/python3.11/site-packages/airflow/example_dags/example_sla_dag.py
[2023-07-22T15:55:25.644-0500] {logging_mixin.py:150} INFO - [2023-07-22T15:55:25.643-0500] {dag.py:2742} INFO - Sync 1 DAGs
[2023-07-22T15:55:25.678-0500] {logging_mixin.py:150} INFO - [2023-07-22T15:55:25.677-0500] {dag.py:3504} INFO - Setting next_dagrun for example_sla_dag to 2023-07-22T20:52:00+00:00, run_after=2023-07-22T20:54:00+00:00
[2023-07-22T15:55:25.704-0500] {processor.py:179} INFO - Processing /Users/abhishekpatkar/Documents/Projects/af_file_loader/venv/lib/python3.11/site-packages/airflow/example_dags/example_sla_dag.py took 1.372 seconds
[2023-07-22T15:58:04.454-0500] {processor.py:157} INFO - Started process (PID=20231) to work on /Users/abhishekpatkar/Documents/Projects/af_file_loader/venv/lib/python3.11/site-packages/airflow/example_dags/example_sla_dag.py
[2023-07-22T15:58:04.459-0500] {processor.py:826} INFO - Processing file /Users/abhishekpatkar/Documents/Projects/af_file_loader/venv/lib/python3.11/site-packages/airflow/example_dags/example_sla_dag.py for tasks to queue
[2023-07-22T15:58:04.460-0500] {logging_mixin.py:150} INFO - [2023-07-22T15:58:04.460-0500] {dagbag.py:541} INFO - Filling up the DagBag from /Users/abhishekpatkar/Documents/Projects/af_file_loader/venv/lib/python3.11/site-packages/airflow/example_dags/example_sla_dag.py
[2023-07-22T15:58:04.579-0500] {processor.py:836} INFO - DAG(s) dict_keys(['example_sla_dag']) retrieved from /Users/abhishekpatkar/Documents/Projects/af_file_loader/venv/lib/python3.11/site-packages/airflow/example_dags/example_sla_dag.py
[2023-07-22T15:58:05.639-0500] {logging_mixin.py:150} INFO - [2023-07-22T15:58:05.639-0500] {dag.py:2742} INFO - Sync 1 DAGs
[2023-07-22T15:58:05.688-0500] {logging_mixin.py:150} INFO - [2023-07-22T15:58:05.687-0500] {dag.py:3504} INFO - Setting next_dagrun for example_sla_dag to 2023-07-22T20:56:00+00:00, run_after=2023-07-22T20:58:00+00:00
[2023-07-22T15:58:05.730-0500] {processor.py:179} INFO - Processing /Users/abhishekpatkar/Documents/Projects/af_file_loader/venv/lib/python3.11/site-packages/airflow/example_dags/example_sla_dag.py took 1.277 seconds
[2023-07-22T16:00:30.980-0500] {processor.py:157} INFO - Started process (PID=20314) to work on /Users/abhishekpatkar/Documents/Projects/af_file_loader/venv/lib/python3.11/site-packages/airflow/example_dags/example_sla_dag.py
[2023-07-22T16:00:30.985-0500] {processor.py:826} INFO - Processing file /Users/abhishekpatkar/Documents/Projects/af_file_loader/venv/lib/python3.11/site-packages/airflow/example_dags/example_sla_dag.py for tasks to queue
[2023-07-22T16:00:30.986-0500] {logging_mixin.py:150} INFO - [2023-07-22T16:00:30.986-0500] {dagbag.py:541} INFO - Filling up the DagBag from /Users/abhishekpatkar/Documents/Projects/af_file_loader/venv/lib/python3.11/site-packages/airflow/example_dags/example_sla_dag.py
[2023-07-22T16:00:31.092-0500] {processor.py:836} INFO - DAG(s) dict_keys(['example_sla_dag']) retrieved from /Users/abhishekpatkar/Documents/Projects/af_file_loader/venv/lib/python3.11/site-packages/airflow/example_dags/example_sla_dag.py
[2023-07-22T16:00:31.972-0500] {logging_mixin.py:150} INFO - [2023-07-22T16:00:31.972-0500] {dag.py:2742} INFO - Sync 1 DAGs
[2023-07-22T16:00:31.997-0500] {logging_mixin.py:150} INFO - [2023-07-22T16:00:31.997-0500] {dag.py:3504} INFO - Setting next_dagrun for example_sla_dag to 2023-07-22T20:58:00+00:00, run_after=2023-07-22T21:00:00+00:00
[2023-07-22T16:00:32.029-0500] {processor.py:179} INFO - Processing /Users/abhishekpatkar/Documents/Projects/af_file_loader/venv/lib/python3.11/site-packages/airflow/example_dags/example_sla_dag.py took 1.050 seconds
[2023-07-22T16:02:51.215-0500] {processor.py:157} INFO - Started process (PID=20399) to work on /Users/abhishekpatkar/Documents/Projects/af_file_loader/venv/lib/python3.11/site-packages/airflow/example_dags/example_sla_dag.py
[2023-07-22T16:02:51.220-0500] {processor.py:826} INFO - Processing file /Users/abhishekpatkar/Documents/Projects/af_file_loader/venv/lib/python3.11/site-packages/airflow/example_dags/example_sla_dag.py for tasks to queue
[2023-07-22T16:02:51.220-0500] {logging_mixin.py:150} INFO - [2023-07-22T16:02:51.220-0500] {dagbag.py:541} INFO - Filling up the DagBag from /Users/abhishekpatkar/Documents/Projects/af_file_loader/venv/lib/python3.11/site-packages/airflow/example_dags/example_sla_dag.py
[2023-07-22T16:02:51.307-0500] {processor.py:836} INFO - DAG(s) dict_keys(['example_sla_dag']) retrieved from /Users/abhishekpatkar/Documents/Projects/af_file_loader/venv/lib/python3.11/site-packages/airflow/example_dags/example_sla_dag.py
[2023-07-22T16:02:51.903-0500] {logging_mixin.py:150} INFO - [2023-07-22T16:02:51.903-0500] {dag.py:2742} INFO - Sync 1 DAGs
[2023-07-22T16:02:51.922-0500] {logging_mixin.py:150} INFO - [2023-07-22T16:02:51.922-0500] {dag.py:3504} INFO - Setting next_dagrun for example_sla_dag to 2023-07-22T21:00:00+00:00, run_after=2023-07-22T21:02:00+00:00
[2023-07-22T16:02:51.941-0500] {processor.py:179} INFO - Processing /Users/abhishekpatkar/Documents/Projects/af_file_loader/venv/lib/python3.11/site-packages/airflow/example_dags/example_sla_dag.py took 0.727 seconds
[2023-07-22T16:04:44.255-0500] {processor.py:157} INFO - Started process (PID=20483) to work on /Users/abhishekpatkar/Documents/Projects/af_file_loader/venv/lib/python3.11/site-packages/airflow/example_dags/example_sla_dag.py
[2023-07-22T16:04:44.262-0500] {processor.py:826} INFO - Processing file /Users/abhishekpatkar/Documents/Projects/af_file_loader/venv/lib/python3.11/site-packages/airflow/example_dags/example_sla_dag.py for tasks to queue
[2023-07-22T16:04:44.262-0500] {logging_mixin.py:150} INFO - [2023-07-22T16:04:44.262-0500] {dagbag.py:541} INFO - Filling up the DagBag from /Users/abhishekpatkar/Documents/Projects/af_file_loader/venv/lib/python3.11/site-packages/airflow/example_dags/example_sla_dag.py
[2023-07-22T16:04:44.352-0500] {processor.py:836} INFO - DAG(s) dict_keys(['example_sla_dag']) retrieved from /Users/abhishekpatkar/Documents/Projects/af_file_loader/venv/lib/python3.11/site-packages/airflow/example_dags/example_sla_dag.py
[2023-07-22T16:04:45.004-0500] {logging_mixin.py:150} INFO - [2023-07-22T16:04:45.003-0500] {dag.py:2742} INFO - Sync 1 DAGs
[2023-07-22T16:04:45.023-0500] {logging_mixin.py:150} INFO - [2023-07-22T16:04:45.022-0500] {dag.py:3504} INFO - Setting next_dagrun for example_sla_dag to 2023-07-22T21:02:00+00:00, run_after=2023-07-22T21:04:00+00:00
[2023-07-22T16:04:45.041-0500] {processor.py:179} INFO - Processing /Users/abhishekpatkar/Documents/Projects/af_file_loader/venv/lib/python3.11/site-packages/airflow/example_dags/example_sla_dag.py took 0.788 seconds
[2023-07-22T16:06:30.061-0500] {processor.py:157} INFO - Started process (PID=20565) to work on /Users/abhishekpatkar/Documents/Projects/af_file_loader/venv/lib/python3.11/site-packages/airflow/example_dags/example_sla_dag.py
[2023-07-22T16:06:30.065-0500] {processor.py:826} INFO - Processing file /Users/abhishekpatkar/Documents/Projects/af_file_loader/venv/lib/python3.11/site-packages/airflow/example_dags/example_sla_dag.py for tasks to queue
[2023-07-22T16:06:30.066-0500] {logging_mixin.py:150} INFO - [2023-07-22T16:06:30.065-0500] {dagbag.py:541} INFO - Filling up the DagBag from /Users/abhishekpatkar/Documents/Projects/af_file_loader/venv/lib/python3.11/site-packages/airflow/example_dags/example_sla_dag.py
[2023-07-22T16:06:30.150-0500] {processor.py:836} INFO - DAG(s) dict_keys(['example_sla_dag']) retrieved from /Users/abhishekpatkar/Documents/Projects/af_file_loader/venv/lib/python3.11/site-packages/airflow/example_dags/example_sla_dag.py
[2023-07-22T16:06:30.736-0500] {logging_mixin.py:150} INFO - [2023-07-22T16:06:30.736-0500] {dag.py:2742} INFO - Sync 1 DAGs
[2023-07-22T16:06:30.754-0500] {logging_mixin.py:150} INFO - [2023-07-22T16:06:30.754-0500] {dag.py:3504} INFO - Setting next_dagrun for example_sla_dag to 2023-07-22T21:04:00+00:00, run_after=2023-07-22T21:06:00+00:00
[2023-07-22T16:06:30.773-0500] {processor.py:179} INFO - Processing /Users/abhishekpatkar/Documents/Projects/af_file_loader/venv/lib/python3.11/site-packages/airflow/example_dags/example_sla_dag.py took 0.712 seconds
[2023-07-22T16:08:21.066-0500] {processor.py:157} INFO - Started process (PID=20649) to work on /Users/abhishekpatkar/Documents/Projects/af_file_loader/venv/lib/python3.11/site-packages/airflow/example_dags/example_sla_dag.py
[2023-07-22T16:08:21.071-0500] {processor.py:826} INFO - Processing file /Users/abhishekpatkar/Documents/Projects/af_file_loader/venv/lib/python3.11/site-packages/airflow/example_dags/example_sla_dag.py for tasks to queue
[2023-07-22T16:08:21.072-0500] {logging_mixin.py:150} INFO - [2023-07-22T16:08:21.071-0500] {dagbag.py:541} INFO - Filling up the DagBag from /Users/abhishekpatkar/Documents/Projects/af_file_loader/venv/lib/python3.11/site-packages/airflow/example_dags/example_sla_dag.py
[2023-07-22T16:08:21.154-0500] {processor.py:836} INFO - DAG(s) dict_keys(['example_sla_dag']) retrieved from /Users/abhishekpatkar/Documents/Projects/af_file_loader/venv/lib/python3.11/site-packages/airflow/example_dags/example_sla_dag.py
[2023-07-22T16:08:21.747-0500] {logging_mixin.py:150} INFO - [2023-07-22T16:08:21.747-0500] {dag.py:2742} INFO - Sync 1 DAGs
[2023-07-22T16:08:21.766-0500] {logging_mixin.py:150} INFO - [2023-07-22T16:08:21.766-0500] {dag.py:3504} INFO - Setting next_dagrun for example_sla_dag to 2023-07-22T21:06:00+00:00, run_after=2023-07-22T21:08:00+00:00
[2023-07-22T16:08:21.786-0500] {processor.py:179} INFO - Processing /Users/abhishekpatkar/Documents/Projects/af_file_loader/venv/lib/python3.11/site-packages/airflow/example_dags/example_sla_dag.py took 0.720 seconds
[2023-07-22T16:10:13.080-0500] {processor.py:157} INFO - Started process (PID=20722) to work on /Users/abhishekpatkar/Documents/Projects/af_file_loader/venv/lib/python3.11/site-packages/airflow/example_dags/example_sla_dag.py
[2023-07-22T16:10:13.084-0500] {processor.py:826} INFO - Processing file /Users/abhishekpatkar/Documents/Projects/af_file_loader/venv/lib/python3.11/site-packages/airflow/example_dags/example_sla_dag.py for tasks to queue
[2023-07-22T16:10:13.085-0500] {logging_mixin.py:150} INFO - [2023-07-22T16:10:13.085-0500] {dagbag.py:541} INFO - Filling up the DagBag from /Users/abhishekpatkar/Documents/Projects/af_file_loader/venv/lib/python3.11/site-packages/airflow/example_dags/example_sla_dag.py
[2023-07-22T16:10:13.171-0500] {processor.py:836} INFO - DAG(s) dict_keys(['example_sla_dag']) retrieved from /Users/abhishekpatkar/Documents/Projects/af_file_loader/venv/lib/python3.11/site-packages/airflow/example_dags/example_sla_dag.py
[2023-07-22T16:10:13.775-0500] {logging_mixin.py:150} INFO - [2023-07-22T16:10:13.774-0500] {dag.py:2742} INFO - Sync 1 DAGs
[2023-07-22T16:10:13.793-0500] {logging_mixin.py:150} INFO - [2023-07-22T16:10:13.793-0500] {dag.py:3504} INFO - Setting next_dagrun for example_sla_dag to 2023-07-22T21:08:00+00:00, run_after=2023-07-22T21:10:00+00:00
[2023-07-22T16:10:13.813-0500] {processor.py:179} INFO - Processing /Users/abhishekpatkar/Documents/Projects/af_file_loader/venv/lib/python3.11/site-packages/airflow/example_dags/example_sla_dag.py took 0.734 seconds
[2023-07-22T16:23:58.001-0500] {processor.py:157} INFO - Started process (PID=20861) to work on /Users/abhishekpatkar/Documents/Projects/af_file_loader/venv/lib/python3.11/site-packages/airflow/example_dags/example_sla_dag.py
[2023-07-22T16:23:58.007-0500] {processor.py:826} INFO - Processing file /Users/abhishekpatkar/Documents/Projects/af_file_loader/venv/lib/python3.11/site-packages/airflow/example_dags/example_sla_dag.py for tasks to queue
[2023-07-22T16:23:58.008-0500] {logging_mixin.py:150} INFO - [2023-07-22T16:23:58.008-0500] {dagbag.py:541} INFO - Filling up the DagBag from /Users/abhishekpatkar/Documents/Projects/af_file_loader/venv/lib/python3.11/site-packages/airflow/example_dags/example_sla_dag.py
[2023-07-22T16:23:58.116-0500] {processor.py:836} INFO - DAG(s) dict_keys(['example_sla_dag']) retrieved from /Users/abhishekpatkar/Documents/Projects/af_file_loader/venv/lib/python3.11/site-packages/airflow/example_dags/example_sla_dag.py
[2023-07-22T16:23:59.416-0500] {logging_mixin.py:150} INFO - [2023-07-22T16:23:59.415-0500] {dag.py:2742} INFO - Sync 1 DAGs
[2023-07-22T16:23:59.454-0500] {logging_mixin.py:150} INFO - [2023-07-22T16:23:59.453-0500] {dag.py:3504} INFO - Setting next_dagrun for example_sla_dag to 2023-07-22T21:20:00+00:00, run_after=2023-07-22T21:22:00+00:00
[2023-07-22T16:23:59.478-0500] {processor.py:179} INFO - Processing /Users/abhishekpatkar/Documents/Projects/af_file_loader/venv/lib/python3.11/site-packages/airflow/example_dags/example_sla_dag.py took 1.479 seconds
[2023-07-22T16:26:46.100-0500] {processor.py:157} INFO - Started process (PID=20981) to work on /Users/abhishekpatkar/Documents/Projects/af_file_loader/venv/lib/python3.11/site-packages/airflow/example_dags/example_sla_dag.py
[2023-07-22T16:26:46.104-0500] {processor.py:826} INFO - Processing file /Users/abhishekpatkar/Documents/Projects/af_file_loader/venv/lib/python3.11/site-packages/airflow/example_dags/example_sla_dag.py for tasks to queue
[2023-07-22T16:26:46.105-0500] {logging_mixin.py:150} INFO - [2023-07-22T16:26:46.105-0500] {dagbag.py:541} INFO - Filling up the DagBag from /Users/abhishekpatkar/Documents/Projects/af_file_loader/venv/lib/python3.11/site-packages/airflow/example_dags/example_sla_dag.py
[2023-07-22T16:26:46.238-0500] {processor.py:836} INFO - DAG(s) dict_keys(['example_sla_dag']) retrieved from /Users/abhishekpatkar/Documents/Projects/af_file_loader/venv/lib/python3.11/site-packages/airflow/example_dags/example_sla_dag.py
[2023-07-22T16:26:48.562-0500] {logging_mixin.py:150} INFO - [2023-07-22T16:26:48.560-0500] {dag.py:2742} INFO - Sync 1 DAGs
[2023-07-22T16:26:48.604-0500] {logging_mixin.py:150} INFO - [2023-07-22T16:26:48.604-0500] {dag.py:3504} INFO - Setting next_dagrun for example_sla_dag to 2023-07-22T21:24:00+00:00, run_after=2023-07-22T21:26:00+00:00
[2023-07-22T16:26:48.652-0500] {processor.py:179} INFO - Processing /Users/abhishekpatkar/Documents/Projects/af_file_loader/venv/lib/python3.11/site-packages/airflow/example_dags/example_sla_dag.py took 2.553 seconds
[2023-07-22T16:30:11.252-0500] {processor.py:157} INFO - Started process (PID=21098) to work on /Users/abhishekpatkar/Documents/Projects/af_file_loader/venv/lib/python3.11/site-packages/airflow/example_dags/example_sla_dag.py
[2023-07-22T16:30:11.256-0500] {processor.py:826} INFO - Processing file /Users/abhishekpatkar/Documents/Projects/af_file_loader/venv/lib/python3.11/site-packages/airflow/example_dags/example_sla_dag.py for tasks to queue
[2023-07-22T16:30:11.256-0500] {logging_mixin.py:150} INFO - [2023-07-22T16:30:11.256-0500] {dagbag.py:541} INFO - Filling up the DagBag from /Users/abhishekpatkar/Documents/Projects/af_file_loader/venv/lib/python3.11/site-packages/airflow/example_dags/example_sla_dag.py
[2023-07-22T16:30:11.374-0500] {processor.py:836} INFO - DAG(s) dict_keys(['example_sla_dag']) retrieved from /Users/abhishekpatkar/Documents/Projects/af_file_loader/venv/lib/python3.11/site-packages/airflow/example_dags/example_sla_dag.py
[2023-07-22T16:30:12.707-0500] {logging_mixin.py:150} INFO - [2023-07-22T16:30:12.706-0500] {dag.py:2742} INFO - Sync 1 DAGs
[2023-07-22T16:30:12.738-0500] {logging_mixin.py:150} INFO - [2023-07-22T16:30:12.738-0500] {dag.py:3504} INFO - Setting next_dagrun for example_sla_dag to 2023-07-22T21:28:00+00:00, run_after=2023-07-22T21:30:00+00:00
[2023-07-22T16:30:12.758-0500] {processor.py:179} INFO - Processing /Users/abhishekpatkar/Documents/Projects/af_file_loader/venv/lib/python3.11/site-packages/airflow/example_dags/example_sla_dag.py took 1.507 seconds
[2023-07-22T16:33:26.737-0500] {processor.py:157} INFO - Started process (PID=21203) to work on /Users/abhishekpatkar/Documents/Projects/af_file_loader/venv/lib/python3.11/site-packages/airflow/example_dags/example_sla_dag.py
[2023-07-22T16:33:26.751-0500] {processor.py:826} INFO - Processing file /Users/abhishekpatkar/Documents/Projects/af_file_loader/venv/lib/python3.11/site-packages/airflow/example_dags/example_sla_dag.py for tasks to queue
[2023-07-22T16:33:26.752-0500] {logging_mixin.py:150} INFO - [2023-07-22T16:33:26.752-0500] {dagbag.py:541} INFO - Filling up the DagBag from /Users/abhishekpatkar/Documents/Projects/af_file_loader/venv/lib/python3.11/site-packages/airflow/example_dags/example_sla_dag.py
[2023-07-22T16:33:27.108-0500] {processor.py:836} INFO - DAG(s) dict_keys(['example_sla_dag']) retrieved from /Users/abhishekpatkar/Documents/Projects/af_file_loader/venv/lib/python3.11/site-packages/airflow/example_dags/example_sla_dag.py
[2023-07-22T16:33:28.685-0500] {logging_mixin.py:150} INFO - [2023-07-22T16:33:28.684-0500] {dag.py:2742} INFO - Sync 1 DAGs
[2023-07-22T16:33:28.713-0500] {logging_mixin.py:150} INFO - [2023-07-22T16:33:28.713-0500] {dag.py:3504} INFO - Setting next_dagrun for example_sla_dag to 2023-07-22T21:30:00+00:00, run_after=2023-07-22T21:32:00+00:00
[2023-07-22T16:33:28.741-0500] {processor.py:179} INFO - Processing /Users/abhishekpatkar/Documents/Projects/af_file_loader/venv/lib/python3.11/site-packages/airflow/example_dags/example_sla_dag.py took 2.006 seconds
[2023-07-22T16:37:33.461-0500] {processor.py:157} INFO - Started process (PID=21327) to work on /Users/abhishekpatkar/Documents/Projects/af_file_loader/venv/lib/python3.11/site-packages/airflow/example_dags/example_sla_dag.py
[2023-07-22T16:37:33.467-0500] {processor.py:826} INFO - Processing file /Users/abhishekpatkar/Documents/Projects/af_file_loader/venv/lib/python3.11/site-packages/airflow/example_dags/example_sla_dag.py for tasks to queue
[2023-07-22T16:37:33.468-0500] {logging_mixin.py:150} INFO - [2023-07-22T16:37:33.468-0500] {dagbag.py:541} INFO - Filling up the DagBag from /Users/abhishekpatkar/Documents/Projects/af_file_loader/venv/lib/python3.11/site-packages/airflow/example_dags/example_sla_dag.py
[2023-07-22T16:37:34.002-0500] {processor.py:836} INFO - DAG(s) dict_keys(['example_sla_dag']) retrieved from /Users/abhishekpatkar/Documents/Projects/af_file_loader/venv/lib/python3.11/site-packages/airflow/example_dags/example_sla_dag.py
[2023-07-22T16:37:35.629-0500] {logging_mixin.py:150} INFO - [2023-07-22T16:37:35.629-0500] {dag.py:2742} INFO - Sync 1 DAGs
[2023-07-22T16:37:35.655-0500] {logging_mixin.py:150} INFO - [2023-07-22T16:37:35.655-0500] {dag.py:3504} INFO - Setting next_dagrun for example_sla_dag to 2023-07-22T21:34:00+00:00, run_after=2023-07-22T21:36:00+00:00
[2023-07-22T16:37:35.683-0500] {processor.py:179} INFO - Processing /Users/abhishekpatkar/Documents/Projects/af_file_loader/venv/lib/python3.11/site-packages/airflow/example_dags/example_sla_dag.py took 2.224 seconds
[2023-07-22T16:42:04.913-0500] {processor.py:157} INFO - Started process (PID=21527) to work on /Users/abhishekpatkar/Documents/Projects/af_file_loader/venv/lib/python3.11/site-packages/airflow/example_dags/example_sla_dag.py
[2023-07-22T16:42:04.919-0500] {processor.py:826} INFO - Processing file /Users/abhishekpatkar/Documents/Projects/af_file_loader/venv/lib/python3.11/site-packages/airflow/example_dags/example_sla_dag.py for tasks to queue
[2023-07-22T16:42:04.923-0500] {logging_mixin.py:150} INFO - [2023-07-22T16:42:04.923-0500] {dagbag.py:541} INFO - Filling up the DagBag from /Users/abhishekpatkar/Documents/Projects/af_file_loader/venv/lib/python3.11/site-packages/airflow/example_dags/example_sla_dag.py
[2023-07-22T16:42:05.103-0500] {processor.py:836} INFO - DAG(s) dict_keys(['example_sla_dag']) retrieved from /Users/abhishekpatkar/Documents/Projects/af_file_loader/venv/lib/python3.11/site-packages/airflow/example_dags/example_sla_dag.py
[2023-07-22T16:42:06.786-0500] {logging_mixin.py:150} INFO - [2023-07-22T16:42:06.786-0500] {dag.py:2742} INFO - Sync 1 DAGs
[2023-07-22T16:42:06.819-0500] {logging_mixin.py:150} INFO - [2023-07-22T16:42:06.818-0500] {dag.py:3504} INFO - Setting next_dagrun for example_sla_dag to 2023-07-22T21:40:00+00:00, run_after=2023-07-22T21:42:00+00:00
[2023-07-22T16:42:06.855-0500] {processor.py:179} INFO - Processing /Users/abhishekpatkar/Documents/Projects/af_file_loader/venv/lib/python3.11/site-packages/airflow/example_dags/example_sla_dag.py took 1.943 seconds
[2023-07-22T16:45:58.018-0500] {processor.py:157} INFO - Started process (PID=21640) to work on /Users/abhishekpatkar/Documents/Projects/af_file_loader/venv/lib/python3.11/site-packages/airflow/example_dags/example_sla_dag.py
[2023-07-22T16:45:58.031-0500] {processor.py:826} INFO - Processing file /Users/abhishekpatkar/Documents/Projects/af_file_loader/venv/lib/python3.11/site-packages/airflow/example_dags/example_sla_dag.py for tasks to queue
[2023-07-22T16:45:58.031-0500] {logging_mixin.py:150} INFO - [2023-07-22T16:45:58.031-0500] {dagbag.py:541} INFO - Filling up the DagBag from /Users/abhishekpatkar/Documents/Projects/af_file_loader/venv/lib/python3.11/site-packages/airflow/example_dags/example_sla_dag.py
[2023-07-22T16:45:58.277-0500] {processor.py:836} INFO - DAG(s) dict_keys(['example_sla_dag']) retrieved from /Users/abhishekpatkar/Documents/Projects/af_file_loader/venv/lib/python3.11/site-packages/airflow/example_dags/example_sla_dag.py
[2023-07-22T16:45:59.568-0500] {logging_mixin.py:150} INFO - [2023-07-22T16:45:59.568-0500] {dag.py:2742} INFO - Sync 1 DAGs
[2023-07-22T16:45:59.616-0500] {logging_mixin.py:150} INFO - [2023-07-22T16:45:59.615-0500] {dag.py:3504} INFO - Setting next_dagrun for example_sla_dag to 2023-07-22T21:42:00+00:00, run_after=2023-07-22T21:44:00+00:00
[2023-07-22T16:45:59.688-0500] {processor.py:179} INFO - Processing /Users/abhishekpatkar/Documents/Projects/af_file_loader/venv/lib/python3.11/site-packages/airflow/example_dags/example_sla_dag.py took 1.671 seconds
[2023-07-22T16:49:36.599-0500] {processor.py:157} INFO - Started process (PID=21753) to work on /Users/abhishekpatkar/Documents/Projects/af_file_loader/venv/lib/python3.11/site-packages/airflow/example_dags/example_sla_dag.py
[2023-07-22T16:49:36.605-0500] {processor.py:826} INFO - Processing file /Users/abhishekpatkar/Documents/Projects/af_file_loader/venv/lib/python3.11/site-packages/airflow/example_dags/example_sla_dag.py for tasks to queue
[2023-07-22T16:49:36.605-0500] {logging_mixin.py:150} INFO - [2023-07-22T16:49:36.605-0500] {dagbag.py:541} INFO - Filling up the DagBag from /Users/abhishekpatkar/Documents/Projects/af_file_loader/venv/lib/python3.11/site-packages/airflow/example_dags/example_sla_dag.py
[2023-07-22T16:49:36.759-0500] {processor.py:836} INFO - DAG(s) dict_keys(['example_sla_dag']) retrieved from /Users/abhishekpatkar/Documents/Projects/af_file_loader/venv/lib/python3.11/site-packages/airflow/example_dags/example_sla_dag.py
[2023-07-22T16:49:38.247-0500] {logging_mixin.py:150} INFO - [2023-07-22T16:49:38.247-0500] {dag.py:2742} INFO - Sync 1 DAGs
[2023-07-22T16:49:38.309-0500] {logging_mixin.py:150} INFO - [2023-07-22T16:49:38.309-0500] {dag.py:3504} INFO - Setting next_dagrun for example_sla_dag to 2023-07-22T21:46:00+00:00, run_after=2023-07-22T21:48:00+00:00
[2023-07-22T16:49:38.369-0500] {processor.py:179} INFO - Processing /Users/abhishekpatkar/Documents/Projects/af_file_loader/venv/lib/python3.11/site-packages/airflow/example_dags/example_sla_dag.py took 1.771 seconds
[2023-07-22T16:53:36.684-0500] {processor.py:157} INFO - Started process (PID=21869) to work on /Users/abhishekpatkar/Documents/Projects/af_file_loader/venv/lib/python3.11/site-packages/airflow/example_dags/example_sla_dag.py
[2023-07-22T16:53:36.691-0500] {processor.py:826} INFO - Processing file /Users/abhishekpatkar/Documents/Projects/af_file_loader/venv/lib/python3.11/site-packages/airflow/example_dags/example_sla_dag.py for tasks to queue
[2023-07-22T16:53:36.693-0500] {logging_mixin.py:150} INFO - [2023-07-22T16:53:36.692-0500] {dagbag.py:541} INFO - Filling up the DagBag from /Users/abhishekpatkar/Documents/Projects/af_file_loader/venv/lib/python3.11/site-packages/airflow/example_dags/example_sla_dag.py
[2023-07-22T16:53:36.842-0500] {processor.py:836} INFO - DAG(s) dict_keys(['example_sla_dag']) retrieved from /Users/abhishekpatkar/Documents/Projects/af_file_loader/venv/lib/python3.11/site-packages/airflow/example_dags/example_sla_dag.py
[2023-07-22T16:53:38.028-0500] {logging_mixin.py:150} INFO - [2023-07-22T16:53:38.028-0500] {dag.py:2742} INFO - Sync 1 DAGs
[2023-07-22T16:53:38.056-0500] {logging_mixin.py:150} INFO - [2023-07-22T16:53:38.055-0500] {dag.py:3504} INFO - Setting next_dagrun for example_sla_dag to 2023-07-22T21:50:00+00:00, run_after=2023-07-22T21:52:00+00:00
[2023-07-22T16:53:38.094-0500] {processor.py:179} INFO - Processing /Users/abhishekpatkar/Documents/Projects/af_file_loader/venv/lib/python3.11/site-packages/airflow/example_dags/example_sla_dag.py took 1.411 seconds
[2023-07-22T16:56:42.775-0500] {processor.py:157} INFO - Started process (PID=21982) to work on /Users/abhishekpatkar/Documents/Projects/af_file_loader/venv/lib/python3.11/site-packages/airflow/example_dags/example_sla_dag.py
[2023-07-22T16:56:42.786-0500] {processor.py:826} INFO - Processing file /Users/abhishekpatkar/Documents/Projects/af_file_loader/venv/lib/python3.11/site-packages/airflow/example_dags/example_sla_dag.py for tasks to queue
[2023-07-22T16:56:42.788-0500] {logging_mixin.py:150} INFO - [2023-07-22T16:56:42.787-0500] {dagbag.py:541} INFO - Filling up the DagBag from /Users/abhishekpatkar/Documents/Projects/af_file_loader/venv/lib/python3.11/site-packages/airflow/example_dags/example_sla_dag.py
[2023-07-22T16:56:42.913-0500] {processor.py:836} INFO - DAG(s) dict_keys(['example_sla_dag']) retrieved from /Users/abhishekpatkar/Documents/Projects/af_file_loader/venv/lib/python3.11/site-packages/airflow/example_dags/example_sla_dag.py
[2023-07-22T16:56:43.990-0500] {logging_mixin.py:150} INFO - [2023-07-22T16:56:43.989-0500] {dag.py:2742} INFO - Sync 1 DAGs
[2023-07-22T16:56:44.016-0500] {logging_mixin.py:150} INFO - [2023-07-22T16:56:44.015-0500] {dag.py:3504} INFO - Setting next_dagrun for example_sla_dag to 2023-07-22T21:54:00+00:00, run_after=2023-07-22T21:56:00+00:00
[2023-07-22T16:56:44.048-0500] {processor.py:179} INFO - Processing /Users/abhishekpatkar/Documents/Projects/af_file_loader/venv/lib/python3.11/site-packages/airflow/example_dags/example_sla_dag.py took 1.274 seconds
[2023-07-22T16:59:39.980-0500] {processor.py:157} INFO - Started process (PID=22079) to work on /Users/abhishekpatkar/Documents/Projects/af_file_loader/venv/lib/python3.11/site-packages/airflow/example_dags/example_sla_dag.py
[2023-07-22T16:59:39.990-0500] {processor.py:826} INFO - Processing file /Users/abhishekpatkar/Documents/Projects/af_file_loader/venv/lib/python3.11/site-packages/airflow/example_dags/example_sla_dag.py for tasks to queue
[2023-07-22T16:59:39.993-0500] {logging_mixin.py:150} INFO - [2023-07-22T16:59:39.992-0500] {dagbag.py:541} INFO - Filling up the DagBag from /Users/abhishekpatkar/Documents/Projects/af_file_loader/venv/lib/python3.11/site-packages/airflow/example_dags/example_sla_dag.py
[2023-07-22T16:59:40.266-0500] {processor.py:836} INFO - DAG(s) dict_keys(['example_sla_dag']) retrieved from /Users/abhishekpatkar/Documents/Projects/af_file_loader/venv/lib/python3.11/site-packages/airflow/example_dags/example_sla_dag.py
[2023-07-22T16:59:41.236-0500] {logging_mixin.py:150} INFO - [2023-07-22T16:59:41.236-0500] {dag.py:2742} INFO - Sync 1 DAGs
[2023-07-22T16:59:41.269-0500] {logging_mixin.py:150} INFO - [2023-07-22T16:59:41.268-0500] {dag.py:3504} INFO - Setting next_dagrun for example_sla_dag to 2023-07-22T21:56:00+00:00, run_after=2023-07-22T21:58:00+00:00
[2023-07-22T16:59:41.313-0500] {processor.py:179} INFO - Processing /Users/abhishekpatkar/Documents/Projects/af_file_loader/venv/lib/python3.11/site-packages/airflow/example_dags/example_sla_dag.py took 1.335 seconds
[2023-07-22T17:03:41.268-0500] {processor.py:157} INFO - Started process (PID=22254) to work on /Users/abhishekpatkar/Documents/Projects/af_file_loader/venv/lib/python3.11/site-packages/airflow/example_dags/example_sla_dag.py
[2023-07-22T17:03:41.273-0500] {processor.py:826} INFO - Processing file /Users/abhishekpatkar/Documents/Projects/af_file_loader/venv/lib/python3.11/site-packages/airflow/example_dags/example_sla_dag.py for tasks to queue
[2023-07-22T17:03:41.274-0500] {logging_mixin.py:150} INFO - [2023-07-22T17:03:41.274-0500] {dagbag.py:541} INFO - Filling up the DagBag from /Users/abhishekpatkar/Documents/Projects/af_file_loader/venv/lib/python3.11/site-packages/airflow/example_dags/example_sla_dag.py
[2023-07-22T17:03:41.367-0500] {processor.py:836} INFO - DAG(s) dict_keys(['example_sla_dag']) retrieved from /Users/abhishekpatkar/Documents/Projects/af_file_loader/venv/lib/python3.11/site-packages/airflow/example_dags/example_sla_dag.py
[2023-07-22T17:03:42.061-0500] {logging_mixin.py:150} INFO - [2023-07-22T17:03:42.061-0500] {dag.py:2742} INFO - Sync 1 DAGs
[2023-07-22T17:03:42.083-0500] {logging_mixin.py:150} INFO - [2023-07-22T17:03:42.083-0500] {dag.py:3504} INFO - Setting next_dagrun for example_sla_dag to 2023-07-22T22:00:00+00:00, run_after=2023-07-22T22:02:00+00:00
[2023-07-22T17:03:42.106-0500] {processor.py:179} INFO - Processing /Users/abhishekpatkar/Documents/Projects/af_file_loader/venv/lib/python3.11/site-packages/airflow/example_dags/example_sla_dag.py took 0.838 seconds
[2023-07-22T17:05:51.538-0500] {processor.py:157} INFO - Started process (PID=22335) to work on /Users/abhishekpatkar/Documents/Projects/af_file_loader/venv/lib/python3.11/site-packages/airflow/example_dags/example_sla_dag.py
[2023-07-22T17:05:51.543-0500] {processor.py:826} INFO - Processing file /Users/abhishekpatkar/Documents/Projects/af_file_loader/venv/lib/python3.11/site-packages/airflow/example_dags/example_sla_dag.py for tasks to queue
[2023-07-22T17:05:51.544-0500] {logging_mixin.py:150} INFO - [2023-07-22T17:05:51.543-0500] {dagbag.py:541} INFO - Filling up the DagBag from /Users/abhishekpatkar/Documents/Projects/af_file_loader/venv/lib/python3.11/site-packages/airflow/example_dags/example_sla_dag.py
[2023-07-22T17:05:51.634-0500] {processor.py:836} INFO - DAG(s) dict_keys(['example_sla_dag']) retrieved from /Users/abhishekpatkar/Documents/Projects/af_file_loader/venv/lib/python3.11/site-packages/airflow/example_dags/example_sla_dag.py
[2023-07-22T17:05:52.331-0500] {logging_mixin.py:150} INFO - [2023-07-22T17:05:52.331-0500] {dag.py:2742} INFO - Sync 1 DAGs
[2023-07-22T17:05:52.353-0500] {logging_mixin.py:150} INFO - [2023-07-22T17:05:52.353-0500] {dag.py:3504} INFO - Setting next_dagrun for example_sla_dag to 2023-07-22T22:02:00+00:00, run_after=2023-07-22T22:04:00+00:00
[2023-07-22T17:05:52.375-0500] {processor.py:179} INFO - Processing /Users/abhishekpatkar/Documents/Projects/af_file_loader/venv/lib/python3.11/site-packages/airflow/example_dags/example_sla_dag.py took 0.838 seconds
[2023-07-22T17:07:49.568-0500] {processor.py:157} INFO - Started process (PID=22415) to work on /Users/abhishekpatkar/Documents/Projects/af_file_loader/venv/lib/python3.11/site-packages/airflow/example_dags/example_sla_dag.py
[2023-07-22T17:07:49.573-0500] {processor.py:826} INFO - Processing file /Users/abhishekpatkar/Documents/Projects/af_file_loader/venv/lib/python3.11/site-packages/airflow/example_dags/example_sla_dag.py for tasks to queue
[2023-07-22T17:07:49.574-0500] {logging_mixin.py:150} INFO - [2023-07-22T17:07:49.574-0500] {dagbag.py:541} INFO - Filling up the DagBag from /Users/abhishekpatkar/Documents/Projects/af_file_loader/venv/lib/python3.11/site-packages/airflow/example_dags/example_sla_dag.py
[2023-07-22T17:07:49.920-0500] {processor.py:836} INFO - DAG(s) dict_keys(['example_sla_dag']) retrieved from /Users/abhishekpatkar/Documents/Projects/af_file_loader/venv/lib/python3.11/site-packages/airflow/example_dags/example_sla_dag.py
[2023-07-22T17:07:50.730-0500] {logging_mixin.py:150} INFO - [2023-07-22T17:07:50.729-0500] {dag.py:2742} INFO - Sync 1 DAGs
[2023-07-22T17:07:50.750-0500] {logging_mixin.py:150} INFO - [2023-07-22T17:07:50.750-0500] {dag.py:3504} INFO - Setting next_dagrun for example_sla_dag to 2023-07-22T22:04:00+00:00, run_after=2023-07-22T22:06:00+00:00
[2023-07-22T17:07:50.776-0500] {processor.py:179} INFO - Processing /Users/abhishekpatkar/Documents/Projects/af_file_loader/venv/lib/python3.11/site-packages/airflow/example_dags/example_sla_dag.py took 1.209 seconds
[2023-07-22T17:09:48.824-0500] {processor.py:157} INFO - Started process (PID=22500) to work on /Users/abhishekpatkar/Documents/Projects/af_file_loader/venv/lib/python3.11/site-packages/airflow/example_dags/example_sla_dag.py
[2023-07-22T17:09:48.830-0500] {processor.py:826} INFO - Processing file /Users/abhishekpatkar/Documents/Projects/af_file_loader/venv/lib/python3.11/site-packages/airflow/example_dags/example_sla_dag.py for tasks to queue
[2023-07-22T17:09:48.830-0500] {logging_mixin.py:150} INFO - [2023-07-22T17:09:48.830-0500] {dagbag.py:541} INFO - Filling up the DagBag from /Users/abhishekpatkar/Documents/Projects/af_file_loader/venv/lib/python3.11/site-packages/airflow/example_dags/example_sla_dag.py
[2023-07-22T17:09:48.928-0500] {processor.py:836} INFO - DAG(s) dict_keys(['example_sla_dag']) retrieved from /Users/abhishekpatkar/Documents/Projects/af_file_loader/venv/lib/python3.11/site-packages/airflow/example_dags/example_sla_dag.py
[2023-07-22T17:09:49.619-0500] {logging_mixin.py:150} INFO - [2023-07-22T17:09:49.619-0500] {dag.py:2742} INFO - Sync 1 DAGs
[2023-07-22T17:09:49.640-0500] {logging_mixin.py:150} INFO - [2023-07-22T17:09:49.640-0500] {dag.py:3504} INFO - Setting next_dagrun for example_sla_dag to 2023-07-22T22:06:00+00:00, run_after=2023-07-22T22:08:00+00:00
[2023-07-22T17:09:49.661-0500] {processor.py:179} INFO - Processing /Users/abhishekpatkar/Documents/Projects/af_file_loader/venv/lib/python3.11/site-packages/airflow/example_dags/example_sla_dag.py took 0.838 seconds
[2023-07-22T17:11:50.709-0500] {processor.py:157} INFO - Started process (PID=22576) to work on /Users/abhishekpatkar/Documents/Projects/af_file_loader/venv/lib/python3.11/site-packages/airflow/example_dags/example_sla_dag.py
[2023-07-22T17:11:50.714-0500] {processor.py:826} INFO - Processing file /Users/abhishekpatkar/Documents/Projects/af_file_loader/venv/lib/python3.11/site-packages/airflow/example_dags/example_sla_dag.py for tasks to queue
[2023-07-22T17:11:50.717-0500] {logging_mixin.py:150} INFO - [2023-07-22T17:11:50.716-0500] {dagbag.py:541} INFO - Filling up the DagBag from /Users/abhishekpatkar/Documents/Projects/af_file_loader/venv/lib/python3.11/site-packages/airflow/example_dags/example_sla_dag.py
[2023-07-22T17:11:50.811-0500] {processor.py:836} INFO - DAG(s) dict_keys(['example_sla_dag']) retrieved from /Users/abhishekpatkar/Documents/Projects/af_file_loader/venv/lib/python3.11/site-packages/airflow/example_dags/example_sla_dag.py
[2023-07-22T17:11:51.501-0500] {logging_mixin.py:150} INFO - [2023-07-22T17:11:51.501-0500] {dag.py:2742} INFO - Sync 1 DAGs
[2023-07-22T17:11:51.522-0500] {logging_mixin.py:150} INFO - [2023-07-22T17:11:51.521-0500] {dag.py:3504} INFO - Setting next_dagrun for example_sla_dag to 2023-07-22T22:08:00+00:00, run_after=2023-07-22T22:10:00+00:00
[2023-07-22T17:11:51.544-0500] {processor.py:179} INFO - Processing /Users/abhishekpatkar/Documents/Projects/af_file_loader/venv/lib/python3.11/site-packages/airflow/example_dags/example_sla_dag.py took 0.835 seconds
[2023-07-22T17:13:49.763-0500] {processor.py:157} INFO - Started process (PID=22649) to work on /Users/abhishekpatkar/Documents/Projects/af_file_loader/venv/lib/python3.11/site-packages/airflow/example_dags/example_sla_dag.py
[2023-07-22T17:13:49.768-0500] {processor.py:826} INFO - Processing file /Users/abhishekpatkar/Documents/Projects/af_file_loader/venv/lib/python3.11/site-packages/airflow/example_dags/example_sla_dag.py for tasks to queue
[2023-07-22T17:13:49.768-0500] {logging_mixin.py:150} INFO - [2023-07-22T17:13:49.768-0500] {dagbag.py:541} INFO - Filling up the DagBag from /Users/abhishekpatkar/Documents/Projects/af_file_loader/venv/lib/python3.11/site-packages/airflow/example_dags/example_sla_dag.py
[2023-07-22T17:13:49.861-0500] {processor.py:836} INFO - DAG(s) dict_keys(['example_sla_dag']) retrieved from /Users/abhishekpatkar/Documents/Projects/af_file_loader/venv/lib/python3.11/site-packages/airflow/example_dags/example_sla_dag.py
[2023-07-22T17:13:50.531-0500] {logging_mixin.py:150} INFO - [2023-07-22T17:13:50.531-0500] {dag.py:2742} INFO - Sync 1 DAGs
[2023-07-22T17:13:50.552-0500] {logging_mixin.py:150} INFO - [2023-07-22T17:13:50.551-0500] {dag.py:3504} INFO - Setting next_dagrun for example_sla_dag to 2023-07-22T22:10:00+00:00, run_after=2023-07-22T22:12:00+00:00
[2023-07-22T17:13:50.571-0500] {processor.py:179} INFO - Processing /Users/abhishekpatkar/Documents/Projects/af_file_loader/venv/lib/python3.11/site-packages/airflow/example_dags/example_sla_dag.py took 0.809 seconds
[2023-07-22T17:15:50.002-0500] {processor.py:157} INFO - Started process (PID=22726) to work on /Users/abhishekpatkar/Documents/Projects/af_file_loader/venv/lib/python3.11/site-packages/airflow/example_dags/example_sla_dag.py
[2023-07-22T17:15:50.007-0500] {processor.py:826} INFO - Processing file /Users/abhishekpatkar/Documents/Projects/af_file_loader/venv/lib/python3.11/site-packages/airflow/example_dags/example_sla_dag.py for tasks to queue
[2023-07-22T17:15:50.007-0500] {logging_mixin.py:150} INFO - [2023-07-22T17:15:50.007-0500] {dagbag.py:541} INFO - Filling up the DagBag from /Users/abhishekpatkar/Documents/Projects/af_file_loader/venv/lib/python3.11/site-packages/airflow/example_dags/example_sla_dag.py
[2023-07-22T17:15:50.114-0500] {processor.py:836} INFO - DAG(s) dict_keys(['example_sla_dag']) retrieved from /Users/abhishekpatkar/Documents/Projects/af_file_loader/venv/lib/python3.11/site-packages/airflow/example_dags/example_sla_dag.py
[2023-07-22T17:15:50.803-0500] {logging_mixin.py:150} INFO - [2023-07-22T17:15:50.802-0500] {dag.py:2742} INFO - Sync 1 DAGs
[2023-07-22T17:15:50.831-0500] {logging_mixin.py:150} INFO - [2023-07-22T17:15:50.830-0500] {dag.py:3504} INFO - Setting next_dagrun for example_sla_dag to 2023-07-22T22:12:00+00:00, run_after=2023-07-22T22:14:00+00:00
[2023-07-22T17:15:50.852-0500] {processor.py:179} INFO - Processing /Users/abhishekpatkar/Documents/Projects/af_file_loader/venv/lib/python3.11/site-packages/airflow/example_dags/example_sla_dag.py took 0.851 seconds
[2023-07-22T17:18:12.487-0500] {processor.py:157} INFO - Started process (PID=22843) to work on /Users/abhishekpatkar/Documents/Projects/af_file_loader/venv/lib/python3.11/site-packages/airflow/example_dags/example_sla_dag.py
[2023-07-22T17:18:12.494-0500] {processor.py:826} INFO - Processing file /Users/abhishekpatkar/Documents/Projects/af_file_loader/venv/lib/python3.11/site-packages/airflow/example_dags/example_sla_dag.py for tasks to queue
[2023-07-22T17:18:12.495-0500] {logging_mixin.py:150} INFO - [2023-07-22T17:18:12.495-0500] {dagbag.py:541} INFO - Filling up the DagBag from /Users/abhishekpatkar/Documents/Projects/af_file_loader/venv/lib/python3.11/site-packages/airflow/example_dags/example_sla_dag.py
[2023-07-22T17:18:12.680-0500] {processor.py:836} INFO - DAG(s) dict_keys(['example_sla_dag']) retrieved from /Users/abhishekpatkar/Documents/Projects/af_file_loader/venv/lib/python3.11/site-packages/airflow/example_dags/example_sla_dag.py
[2023-07-22T17:18:14.720-0500] {logging_mixin.py:150} INFO - [2023-07-22T17:18:14.719-0500] {dag.py:2742} INFO - Sync 1 DAGs
[2023-07-22T17:18:14.749-0500] {logging_mixin.py:150} INFO - [2023-07-22T17:18:14.749-0500] {dag.py:3504} INFO - Setting next_dagrun for example_sla_dag to 2023-07-22T22:16:00+00:00, run_after=2023-07-22T22:18:00+00:00
[2023-07-22T17:18:14.772-0500] {processor.py:179} INFO - Processing /Users/abhishekpatkar/Documents/Projects/af_file_loader/venv/lib/python3.11/site-packages/airflow/example_dags/example_sla_dag.py took 2.285 seconds
[2023-07-22T17:20:40.164-0500] {processor.py:157} INFO - Started process (PID=22964) to work on /Users/abhishekpatkar/Documents/Projects/af_file_loader/venv/lib/python3.11/site-packages/airflow/example_dags/example_sla_dag.py
[2023-07-22T17:20:40.170-0500] {processor.py:826} INFO - Processing file /Users/abhishekpatkar/Documents/Projects/af_file_loader/venv/lib/python3.11/site-packages/airflow/example_dags/example_sla_dag.py for tasks to queue
[2023-07-22T17:20:40.170-0500] {logging_mixin.py:150} INFO - [2023-07-22T17:20:40.170-0500] {dagbag.py:541} INFO - Filling up the DagBag from /Users/abhishekpatkar/Documents/Projects/af_file_loader/venv/lib/python3.11/site-packages/airflow/example_dags/example_sla_dag.py
[2023-07-22T17:20:40.265-0500] {processor.py:836} INFO - DAG(s) dict_keys(['example_sla_dag']) retrieved from /Users/abhishekpatkar/Documents/Projects/af_file_loader/venv/lib/python3.11/site-packages/airflow/example_dags/example_sla_dag.py
[2023-07-22T17:20:41.049-0500] {logging_mixin.py:150} INFO - [2023-07-22T17:20:41.049-0500] {dag.py:2742} INFO - Sync 1 DAGs
[2023-07-22T17:20:41.073-0500] {logging_mixin.py:150} INFO - [2023-07-22T17:20:41.073-0500] {dag.py:3504} INFO - Setting next_dagrun for example_sla_dag to 2023-07-22T22:18:00+00:00, run_after=2023-07-22T22:20:00+00:00
[2023-07-22T17:20:41.094-0500] {processor.py:179} INFO - Processing /Users/abhishekpatkar/Documents/Projects/af_file_loader/venv/lib/python3.11/site-packages/airflow/example_dags/example_sla_dag.py took 0.932 seconds
[2023-07-22T17:22:40.259-0500] {processor.py:157} INFO - Started process (PID=23039) to work on /Users/abhishekpatkar/Documents/Projects/af_file_loader/venv/lib/python3.11/site-packages/airflow/example_dags/example_sla_dag.py
[2023-07-22T17:22:40.262-0500] {processor.py:826} INFO - Processing file /Users/abhishekpatkar/Documents/Projects/af_file_loader/venv/lib/python3.11/site-packages/airflow/example_dags/example_sla_dag.py for tasks to queue
[2023-07-22T17:22:40.263-0500] {logging_mixin.py:150} INFO - [2023-07-22T17:22:40.263-0500] {dagbag.py:541} INFO - Filling up the DagBag from /Users/abhishekpatkar/Documents/Projects/af_file_loader/venv/lib/python3.11/site-packages/airflow/example_dags/example_sla_dag.py
[2023-07-22T17:22:40.364-0500] {processor.py:836} INFO - DAG(s) dict_keys(['example_sla_dag']) retrieved from /Users/abhishekpatkar/Documents/Projects/af_file_loader/venv/lib/python3.11/site-packages/airflow/example_dags/example_sla_dag.py
[2023-07-22T17:22:41.096-0500] {logging_mixin.py:150} INFO - [2023-07-22T17:22:41.095-0500] {dag.py:2742} INFO - Sync 1 DAGs
[2023-07-22T17:22:41.115-0500] {logging_mixin.py:150} INFO - [2023-07-22T17:22:41.115-0500] {dag.py:3504} INFO - Setting next_dagrun for example_sla_dag to 2023-07-22T22:20:00+00:00, run_after=2023-07-22T22:22:00+00:00
[2023-07-22T17:22:41.139-0500] {processor.py:179} INFO - Processing /Users/abhishekpatkar/Documents/Projects/af_file_loader/venv/lib/python3.11/site-packages/airflow/example_dags/example_sla_dag.py took 0.881 seconds
[2023-07-22T17:27:57.689-0500] {processor.py:157} INFO - Started process (PID=23241) to work on /Users/abhishekpatkar/Documents/Projects/af_file_loader/venv/lib/python3.11/site-packages/airflow/example_dags/example_sla_dag.py
[2023-07-22T17:27:57.696-0500] {processor.py:826} INFO - Processing file /Users/abhishekpatkar/Documents/Projects/af_file_loader/venv/lib/python3.11/site-packages/airflow/example_dags/example_sla_dag.py for tasks to queue
[2023-07-22T17:27:57.697-0500] {logging_mixin.py:150} INFO - [2023-07-22T17:27:57.697-0500] {dagbag.py:541} INFO - Filling up the DagBag from /Users/abhishekpatkar/Documents/Projects/af_file_loader/venv/lib/python3.11/site-packages/airflow/example_dags/example_sla_dag.py
[2023-07-22T17:27:58.071-0500] {processor.py:836} INFO - DAG(s) dict_keys(['example_sla_dag']) retrieved from /Users/abhishekpatkar/Documents/Projects/af_file_loader/venv/lib/python3.11/site-packages/airflow/example_dags/example_sla_dag.py
[2023-07-22T17:28:00.744-0500] {logging_mixin.py:150} INFO - [2023-07-22T17:28:00.743-0500] {dag.py:2742} INFO - Sync 1 DAGs
[2023-07-22T17:28:00.808-0500] {logging_mixin.py:150} INFO - [2023-07-22T17:28:00.807-0500] {dag.py:3504} INFO - Setting next_dagrun for example_sla_dag to 2023-07-22T22:26:00+00:00, run_after=2023-07-22T22:28:00+00:00
[2023-07-22T17:28:00.852-0500] {processor.py:179} INFO - Processing /Users/abhishekpatkar/Documents/Projects/af_file_loader/venv/lib/python3.11/site-packages/airflow/example_dags/example_sla_dag.py took 3.165 seconds
[2023-07-22T17:31:05.641-0500] {processor.py:157} INFO - Started process (PID=23384) to work on /Users/abhishekpatkar/Documents/Projects/af_file_loader/venv/lib/python3.11/site-packages/airflow/example_dags/example_sla_dag.py
[2023-07-22T17:31:05.645-0500] {processor.py:826} INFO - Processing file /Users/abhishekpatkar/Documents/Projects/af_file_loader/venv/lib/python3.11/site-packages/airflow/example_dags/example_sla_dag.py for tasks to queue
[2023-07-22T17:31:05.646-0500] {logging_mixin.py:150} INFO - [2023-07-22T17:31:05.646-0500] {dagbag.py:541} INFO - Filling up the DagBag from /Users/abhishekpatkar/Documents/Projects/af_file_loader/venv/lib/python3.11/site-packages/airflow/example_dags/example_sla_dag.py
[2023-07-22T17:31:05.737-0500] {processor.py:836} INFO - DAG(s) dict_keys(['example_sla_dag']) retrieved from /Users/abhishekpatkar/Documents/Projects/af_file_loader/venv/lib/python3.11/site-packages/airflow/example_dags/example_sla_dag.py
[2023-07-22T17:31:06.344-0500] {logging_mixin.py:150} INFO - [2023-07-22T17:31:06.344-0500] {dag.py:2742} INFO - Sync 1 DAGs
[2023-07-22T17:31:06.363-0500] {logging_mixin.py:150} INFO - [2023-07-22T17:31:06.363-0500] {dag.py:3504} INFO - Setting next_dagrun for example_sla_dag to 2023-07-22T22:28:00+00:00, run_after=2023-07-22T22:30:00+00:00
[2023-07-22T17:31:06.383-0500] {processor.py:179} INFO - Processing /Users/abhishekpatkar/Documents/Projects/af_file_loader/venv/lib/python3.11/site-packages/airflow/example_dags/example_sla_dag.py took 0.743 seconds
[2023-07-22T17:33:12.440-0500] {processor.py:157} INFO - Started process (PID=23468) to work on /Users/abhishekpatkar/Documents/Projects/af_file_loader/venv/lib/python3.11/site-packages/airflow/example_dags/example_sla_dag.py
[2023-07-22T17:33:12.446-0500] {processor.py:826} INFO - Processing file /Users/abhishekpatkar/Documents/Projects/af_file_loader/venv/lib/python3.11/site-packages/airflow/example_dags/example_sla_dag.py for tasks to queue
[2023-07-22T17:33:12.447-0500] {logging_mixin.py:150} INFO - [2023-07-22T17:33:12.447-0500] {dagbag.py:541} INFO - Filling up the DagBag from /Users/abhishekpatkar/Documents/Projects/af_file_loader/venv/lib/python3.11/site-packages/airflow/example_dags/example_sla_dag.py
[2023-07-22T17:33:12.548-0500] {processor.py:836} INFO - DAG(s) dict_keys(['example_sla_dag']) retrieved from /Users/abhishekpatkar/Documents/Projects/af_file_loader/venv/lib/python3.11/site-packages/airflow/example_dags/example_sla_dag.py
[2023-07-22T17:33:13.227-0500] {logging_mixin.py:150} INFO - [2023-07-22T17:33:13.227-0500] {dag.py:2742} INFO - Sync 1 DAGs
[2023-07-22T17:33:13.250-0500] {logging_mixin.py:150} INFO - [2023-07-22T17:33:13.250-0500] {dag.py:3504} INFO - Setting next_dagrun for example_sla_dag to 2023-07-22T22:30:00+00:00, run_after=2023-07-22T22:32:00+00:00
[2023-07-22T17:33:13.273-0500] {processor.py:179} INFO - Processing /Users/abhishekpatkar/Documents/Projects/af_file_loader/venv/lib/python3.11/site-packages/airflow/example_dags/example_sla_dag.py took 0.834 seconds
[2023-07-22T17:35:10.618-0500] {processor.py:157} INFO - Started process (PID=23542) to work on /Users/abhishekpatkar/Documents/Projects/af_file_loader/venv/lib/python3.11/site-packages/airflow/example_dags/example_sla_dag.py
[2023-07-22T17:35:10.623-0500] {processor.py:826} INFO - Processing file /Users/abhishekpatkar/Documents/Projects/af_file_loader/venv/lib/python3.11/site-packages/airflow/example_dags/example_sla_dag.py for tasks to queue
[2023-07-22T17:35:10.625-0500] {logging_mixin.py:150} INFO - [2023-07-22T17:35:10.624-0500] {dagbag.py:541} INFO - Filling up the DagBag from /Users/abhishekpatkar/Documents/Projects/af_file_loader/venv/lib/python3.11/site-packages/airflow/example_dags/example_sla_dag.py
[2023-07-22T17:35:10.753-0500] {processor.py:836} INFO - DAG(s) dict_keys(['example_sla_dag']) retrieved from /Users/abhishekpatkar/Documents/Projects/af_file_loader/venv/lib/python3.11/site-packages/airflow/example_dags/example_sla_dag.py
[2023-07-22T17:35:11.498-0500] {logging_mixin.py:150} INFO - [2023-07-22T17:35:11.497-0500] {dag.py:2742} INFO - Sync 1 DAGs
[2023-07-22T17:35:11.517-0500] {logging_mixin.py:150} INFO - [2023-07-22T17:35:11.516-0500] {dag.py:3504} INFO - Setting next_dagrun for example_sla_dag to 2023-07-22T22:32:00+00:00, run_after=2023-07-22T22:34:00+00:00
[2023-07-22T17:35:11.537-0500] {processor.py:179} INFO - Processing /Users/abhishekpatkar/Documents/Projects/af_file_loader/venv/lib/python3.11/site-packages/airflow/example_dags/example_sla_dag.py took 0.920 seconds
[2023-07-22T17:38:03.202-0500] {processor.py:157} INFO - Started process (PID=23667) to work on /Users/abhishekpatkar/Documents/Projects/af_file_loader/venv/lib/python3.11/site-packages/airflow/example_dags/example_sla_dag.py
[2023-07-22T17:38:03.206-0500] {processor.py:826} INFO - Processing file /Users/abhishekpatkar/Documents/Projects/af_file_loader/venv/lib/python3.11/site-packages/airflow/example_dags/example_sla_dag.py for tasks to queue
[2023-07-22T17:38:03.207-0500] {logging_mixin.py:150} INFO - [2023-07-22T17:38:03.207-0500] {dagbag.py:541} INFO - Filling up the DagBag from /Users/abhishekpatkar/Documents/Projects/af_file_loader/venv/lib/python3.11/site-packages/airflow/example_dags/example_sla_dag.py
[2023-07-22T17:38:03.328-0500] {processor.py:836} INFO - DAG(s) dict_keys(['example_sla_dag']) retrieved from /Users/abhishekpatkar/Documents/Projects/af_file_loader/venv/lib/python3.11/site-packages/airflow/example_dags/example_sla_dag.py
[2023-07-22T17:38:04.314-0500] {logging_mixin.py:150} INFO - [2023-07-22T17:38:04.314-0500] {dag.py:2742} INFO - Sync 1 DAGs
[2023-07-22T17:38:04.351-0500] {logging_mixin.py:150} INFO - [2023-07-22T17:38:04.351-0500] {dag.py:3504} INFO - Setting next_dagrun for example_sla_dag to 2023-07-22T22:36:00+00:00, run_after=2023-07-22T22:38:00+00:00
[2023-07-22T17:38:04.396-0500] {processor.py:179} INFO - Processing /Users/abhishekpatkar/Documents/Projects/af_file_loader/venv/lib/python3.11/site-packages/airflow/example_dags/example_sla_dag.py took 1.195 seconds
[2023-07-22T17:44:55.049-0500] {processor.py:157} INFO - Started process (PID=23920) to work on /Users/abhishekpatkar/Documents/Projects/af_file_loader/venv/lib/python3.11/site-packages/airflow/example_dags/example_sla_dag.py
[2023-07-22T17:44:55.063-0500] {processor.py:826} INFO - Processing file /Users/abhishekpatkar/Documents/Projects/af_file_loader/venv/lib/python3.11/site-packages/airflow/example_dags/example_sla_dag.py for tasks to queue
[2023-07-22T17:44:55.065-0500] {logging_mixin.py:150} INFO - [2023-07-22T17:44:55.065-0500] {dagbag.py:541} INFO - Filling up the DagBag from /Users/abhishekpatkar/Documents/Projects/af_file_loader/venv/lib/python3.11/site-packages/airflow/example_dags/example_sla_dag.py
[2023-07-22T17:44:55.601-0500] {processor.py:836} INFO - DAG(s) dict_keys(['example_sla_dag']) retrieved from /Users/abhishekpatkar/Documents/Projects/af_file_loader/venv/lib/python3.11/site-packages/airflow/example_dags/example_sla_dag.py
[2023-07-22T17:45:02.981-0500] {logging_mixin.py:150} INFO - [2023-07-22T17:45:02.980-0500] {dag.py:2742} INFO - Sync 1 DAGs
[2023-07-22T17:45:03.093-0500] {logging_mixin.py:150} INFO - [2023-07-22T17:45:03.093-0500] {dag.py:3504} INFO - Setting next_dagrun for example_sla_dag to 2023-07-22T22:42:00+00:00, run_after=2023-07-22T22:44:00+00:00
[2023-07-22T17:45:03.183-0500] {processor.py:179} INFO - Processing /Users/abhishekpatkar/Documents/Projects/af_file_loader/venv/lib/python3.11/site-packages/airflow/example_dags/example_sla_dag.py took 8.136 seconds
[2023-07-22T17:52:04.853-0500] {processor.py:157} INFO - Started process (PID=24288) to work on /Users/abhishekpatkar/Documents/Projects/af_file_loader/venv/lib/python3.11/site-packages/airflow/example_dags/example_sla_dag.py
[2023-07-22T17:52:04.857-0500] {processor.py:826} INFO - Processing file /Users/abhishekpatkar/Documents/Projects/af_file_loader/venv/lib/python3.11/site-packages/airflow/example_dags/example_sla_dag.py for tasks to queue
[2023-07-22T17:52:04.858-0500] {logging_mixin.py:150} INFO - [2023-07-22T17:52:04.857-0500] {dagbag.py:541} INFO - Filling up the DagBag from /Users/abhishekpatkar/Documents/Projects/af_file_loader/venv/lib/python3.11/site-packages/airflow/example_dags/example_sla_dag.py
[2023-07-22T17:52:04.992-0500] {processor.py:836} INFO - DAG(s) dict_keys(['example_sla_dag']) retrieved from /Users/abhishekpatkar/Documents/Projects/af_file_loader/venv/lib/python3.11/site-packages/airflow/example_dags/example_sla_dag.py
[2023-07-22T17:52:06.201-0500] {logging_mixin.py:150} INFO - [2023-07-22T17:52:06.201-0500] {dag.py:2742} INFO - Sync 1 DAGs
[2023-07-22T17:52:06.225-0500] {logging_mixin.py:150} INFO - [2023-07-22T17:52:06.225-0500] {dag.py:3504} INFO - Setting next_dagrun for example_sla_dag to 2023-07-22T22:50:00+00:00, run_after=2023-07-22T22:52:00+00:00
[2023-07-22T17:52:06.248-0500] {processor.py:179} INFO - Processing /Users/abhishekpatkar/Documents/Projects/af_file_loader/venv/lib/python3.11/site-packages/airflow/example_dags/example_sla_dag.py took 1.396 seconds
[2023-07-22T17:57:19.919-0500] {processor.py:157} INFO - Started process (PID=24550) to work on /Users/abhishekpatkar/Documents/Projects/af_file_loader/venv/lib/python3.11/site-packages/airflow/example_dags/example_sla_dag.py
[2023-07-22T17:57:19.926-0500] {processor.py:826} INFO - Processing file /Users/abhishekpatkar/Documents/Projects/af_file_loader/venv/lib/python3.11/site-packages/airflow/example_dags/example_sla_dag.py for tasks to queue
[2023-07-22T17:57:19.927-0500] {logging_mixin.py:150} INFO - [2023-07-22T17:57:19.927-0500] {dagbag.py:541} INFO - Filling up the DagBag from /Users/abhishekpatkar/Documents/Projects/af_file_loader/venv/lib/python3.11/site-packages/airflow/example_dags/example_sla_dag.py
[2023-07-22T17:57:20.062-0500] {processor.py:836} INFO - DAG(s) dict_keys(['example_sla_dag']) retrieved from /Users/abhishekpatkar/Documents/Projects/af_file_loader/venv/lib/python3.11/site-packages/airflow/example_dags/example_sla_dag.py
[2023-07-22T17:57:21.469-0500] {logging_mixin.py:150} INFO - [2023-07-22T17:57:21.468-0500] {dag.py:2742} INFO - Sync 1 DAGs
[2023-07-22T17:57:21.520-0500] {logging_mixin.py:150} INFO - [2023-07-22T17:57:21.520-0500] {dag.py:3504} INFO - Setting next_dagrun for example_sla_dag to 2023-07-22T22:54:00+00:00, run_after=2023-07-22T22:56:00+00:00
[2023-07-22T17:57:21.554-0500] {processor.py:179} INFO - Processing /Users/abhishekpatkar/Documents/Projects/af_file_loader/venv/lib/python3.11/site-packages/airflow/example_dags/example_sla_dag.py took 1.637 seconds
[2023-07-22T18:01:25.868-0500] {processor.py:157} INFO - Started process (PID=24715) to work on /Users/abhishekpatkar/Documents/Projects/af_file_loader/venv/lib/python3.11/site-packages/airflow/example_dags/example_sla_dag.py
[2023-07-22T18:01:25.887-0500] {processor.py:826} INFO - Processing file /Users/abhishekpatkar/Documents/Projects/af_file_loader/venv/lib/python3.11/site-packages/airflow/example_dags/example_sla_dag.py for tasks to queue
[2023-07-22T18:01:25.892-0500] {logging_mixin.py:150} INFO - [2023-07-22T18:01:25.889-0500] {dagbag.py:541} INFO - Filling up the DagBag from /Users/abhishekpatkar/Documents/Projects/af_file_loader/venv/lib/python3.11/site-packages/airflow/example_dags/example_sla_dag.py
[2023-07-22T18:01:26.607-0500] {processor.py:836} INFO - DAG(s) dict_keys(['example_sla_dag']) retrieved from /Users/abhishekpatkar/Documents/Projects/af_file_loader/venv/lib/python3.11/site-packages/airflow/example_dags/example_sla_dag.py
[2023-07-22T18:01:31.287-0500] {logging_mixin.py:150} INFO - [2023-07-22T18:01:31.285-0500] {dag.py:2742} INFO - Sync 1 DAGs
[2023-07-22T18:01:31.367-0500] {logging_mixin.py:150} INFO - [2023-07-22T18:01:31.367-0500] {dag.py:3504} INFO - Setting next_dagrun for example_sla_dag to 2023-07-22T22:58:00+00:00, run_after=2023-07-22T23:00:00+00:00
[2023-07-22T18:01:31.421-0500] {processor.py:179} INFO - Processing /Users/abhishekpatkar/Documents/Projects/af_file_loader/venv/lib/python3.11/site-packages/airflow/example_dags/example_sla_dag.py took 5.554 seconds
[2023-07-22T18:05:24.750-0500] {processor.py:157} INFO - Started process (PID=24857) to work on /Users/abhishekpatkar/Documents/Projects/af_file_loader/venv/lib/python3.11/site-packages/airflow/example_dags/example_sla_dag.py
[2023-07-22T18:05:24.759-0500] {processor.py:826} INFO - Processing file /Users/abhishekpatkar/Documents/Projects/af_file_loader/venv/lib/python3.11/site-packages/airflow/example_dags/example_sla_dag.py for tasks to queue
[2023-07-22T18:05:24.760-0500] {logging_mixin.py:150} INFO - [2023-07-22T18:05:24.759-0500] {dagbag.py:541} INFO - Filling up the DagBag from /Users/abhishekpatkar/Documents/Projects/af_file_loader/venv/lib/python3.11/site-packages/airflow/example_dags/example_sla_dag.py
[2023-07-22T18:05:24.900-0500] {processor.py:836} INFO - DAG(s) dict_keys(['example_sla_dag']) retrieved from /Users/abhishekpatkar/Documents/Projects/af_file_loader/venv/lib/python3.11/site-packages/airflow/example_dags/example_sla_dag.py
[2023-07-22T18:05:25.939-0500] {logging_mixin.py:150} INFO - [2023-07-22T18:05:25.939-0500] {dag.py:2742} INFO - Sync 1 DAGs
[2023-07-22T18:05:25.971-0500] {logging_mixin.py:150} INFO - [2023-07-22T18:05:25.970-0500] {dag.py:3504} INFO - Setting next_dagrun for example_sla_dag to 2023-07-22T23:02:00+00:00, run_after=2023-07-22T23:04:00+00:00
[2023-07-22T18:05:26.000-0500] {processor.py:179} INFO - Processing /Users/abhishekpatkar/Documents/Projects/af_file_loader/venv/lib/python3.11/site-packages/airflow/example_dags/example_sla_dag.py took 1.251 seconds
