[2023-07-22T14:52:41.641-0500] {processor.py:157} INFO - Started process (PID=16692) to work on /Users/abhishekpatkar/Documents/Projects/af_file_loader/venv/lib/python3.11/site-packages/airflow/example_dags/example_branch_operator_decorator.py
[2023-07-22T14:52:41.647-0500] {processor.py:826} INFO - Processing file /Users/abhishekpatkar/Documents/Projects/af_file_loader/venv/lib/python3.11/site-packages/airflow/example_dags/example_branch_operator_decorator.py for tasks to queue
[2023-07-22T14:52:41.648-0500] {logging_mixin.py:150} INFO - [2023-07-22T14:52:41.647-0500] {dagbag.py:541} INFO - Filling up the DagBag from /Users/abhishekpatkar/Documents/Projects/af_file_loader/venv/lib/python3.11/site-packages/airflow/example_dags/example_branch_operator_decorator.py
[2023-07-22T14:52:41.782-0500] {processor.py:836} INFO - DAG(s) dict_keys(['example_branch_python_operator_decorator']) retrieved from /Users/abhishekpatkar/Documents/Projects/af_file_loader/venv/lib/python3.11/site-packages/airflow/example_dags/example_branch_operator_decorator.py
[2023-07-22T14:52:42.938-0500] {logging_mixin.py:150} INFO - [2023-07-22T14:52:42.938-0500] {manager.py:504} INFO - Created Permission View: can read on DAG:example_branch_python_operator_decorator
[2023-07-22T14:52:42.949-0500] {logging_mixin.py:150} INFO - [2023-07-22T14:52:42.949-0500] {manager.py:504} INFO - Created Permission View: can delete on DAG:example_branch_python_operator_decorator
[2023-07-22T14:52:42.959-0500] {logging_mixin.py:150} INFO - [2023-07-22T14:52:42.959-0500] {manager.py:504} INFO - Created Permission View: can edit on DAG:example_branch_python_operator_decorator
[2023-07-22T14:52:42.971-0500] {logging_mixin.py:150} INFO - [2023-07-22T14:52:42.971-0500] {dag.py:2742} INFO - Sync 1 DAGs
[2023-07-22T14:52:42.987-0500] {logging_mixin.py:150} INFO - [2023-07-22T14:52:42.985-0500] {dag.py:2763} INFO - Creating ORM DAG for example_branch_python_operator_decorator
[2023-07-22T14:52:43.002-0500] {logging_mixin.py:150} INFO - [2023-07-22T14:52:43.002-0500] {dag.py:3504} INFO - Setting next_dagrun for example_branch_python_operator_decorator to 2023-07-21T00:00:00+00:00, run_after=2023-07-22T00:00:00+00:00
[2023-07-22T14:52:43.025-0500] {processor.py:179} INFO - Processing /Users/abhishekpatkar/Documents/Projects/af_file_loader/venv/lib/python3.11/site-packages/airflow/example_dags/example_branch_operator_decorator.py took 1.386 seconds
[2023-07-22T14:58:06.654-0500] {processor.py:157} INFO - Started process (PID=17006) to work on /Users/abhishekpatkar/Documents/Projects/af_file_loader/venv/lib/python3.11/site-packages/airflow/example_dags/example_branch_operator_decorator.py
[2023-07-22T14:58:06.659-0500] {processor.py:826} INFO - Processing file /Users/abhishekpatkar/Documents/Projects/af_file_loader/venv/lib/python3.11/site-packages/airflow/example_dags/example_branch_operator_decorator.py for tasks to queue
[2023-07-22T14:58:06.660-0500] {logging_mixin.py:150} INFO - [2023-07-22T14:58:06.660-0500] {dagbag.py:541} INFO - Filling up the DagBag from /Users/abhishekpatkar/Documents/Projects/af_file_loader/venv/lib/python3.11/site-packages/airflow/example_dags/example_branch_operator_decorator.py
[2023-07-22T14:58:06.745-0500] {processor.py:836} INFO - DAG(s) dict_keys(['example_branch_python_operator_decorator']) retrieved from /Users/abhishekpatkar/Documents/Projects/af_file_loader/venv/lib/python3.11/site-packages/airflow/example_dags/example_branch_operator_decorator.py
[2023-07-22T14:58:07.624-0500] {logging_mixin.py:150} INFO - [2023-07-22T14:58:07.624-0500] {dag.py:2742} INFO - Sync 1 DAGs
[2023-07-22T14:58:07.647-0500] {logging_mixin.py:150} INFO - [2023-07-22T14:58:07.646-0500] {dag.py:3504} INFO - Setting next_dagrun for example_branch_python_operator_decorator to 2023-07-21T00:00:00+00:00, run_after=2023-07-22T00:00:00+00:00
[2023-07-22T14:58:07.690-0500] {processor.py:179} INFO - Processing /Users/abhishekpatkar/Documents/Projects/af_file_loader/venv/lib/python3.11/site-packages/airflow/example_dags/example_branch_operator_decorator.py took 1.037 seconds
[2023-07-22T15:02:50.253-0500] {processor.py:157} INFO - Started process (PID=17291) to work on /Users/abhishekpatkar/Documents/Projects/af_file_loader/venv/lib/python3.11/site-packages/airflow/example_dags/example_branch_operator_decorator.py
[2023-07-22T15:02:50.258-0500] {processor.py:826} INFO - Processing file /Users/abhishekpatkar/Documents/Projects/af_file_loader/venv/lib/python3.11/site-packages/airflow/example_dags/example_branch_operator_decorator.py for tasks to queue
[2023-07-22T15:02:50.259-0500] {logging_mixin.py:150} INFO - [2023-07-22T15:02:50.259-0500] {dagbag.py:541} INFO - Filling up the DagBag from /Users/abhishekpatkar/Documents/Projects/af_file_loader/venv/lib/python3.11/site-packages/airflow/example_dags/example_branch_operator_decorator.py
[2023-07-22T15:02:50.354-0500] {processor.py:836} INFO - DAG(s) dict_keys(['example_branch_python_operator_decorator']) retrieved from /Users/abhishekpatkar/Documents/Projects/af_file_loader/venv/lib/python3.11/site-packages/airflow/example_dags/example_branch_operator_decorator.py
[2023-07-22T15:02:51.224-0500] {logging_mixin.py:150} INFO - [2023-07-22T15:02:51.224-0500] {dag.py:2742} INFO - Sync 1 DAGs
[2023-07-22T15:02:51.245-0500] {logging_mixin.py:150} INFO - [2023-07-22T15:02:51.245-0500] {dag.py:3504} INFO - Setting next_dagrun for example_branch_python_operator_decorator to 2023-07-21T00:00:00+00:00, run_after=2023-07-22T00:00:00+00:00
[2023-07-22T15:02:51.270-0500] {processor.py:179} INFO - Processing /Users/abhishekpatkar/Documents/Projects/af_file_loader/venv/lib/python3.11/site-packages/airflow/example_dags/example_branch_operator_decorator.py took 1.019 seconds
[2023-07-22T15:11:32.465-0500] {processor.py:157} INFO - Started process (PID=17834) to work on /Users/abhishekpatkar/Documents/Projects/af_file_loader/venv/lib/python3.11/site-packages/airflow/example_dags/example_branch_operator_decorator.py
[2023-07-22T15:11:32.476-0500] {processor.py:826} INFO - Processing file /Users/abhishekpatkar/Documents/Projects/af_file_loader/venv/lib/python3.11/site-packages/airflow/example_dags/example_branch_operator_decorator.py for tasks to queue
[2023-07-22T15:11:32.478-0500] {logging_mixin.py:150} INFO - [2023-07-22T15:11:32.477-0500] {dagbag.py:541} INFO - Filling up the DagBag from /Users/abhishekpatkar/Documents/Projects/af_file_loader/venv/lib/python3.11/site-packages/airflow/example_dags/example_branch_operator_decorator.py
[2023-07-22T15:11:32.666-0500] {processor.py:836} INFO - DAG(s) dict_keys(['example_branch_python_operator_decorator']) retrieved from /Users/abhishekpatkar/Documents/Projects/af_file_loader/venv/lib/python3.11/site-packages/airflow/example_dags/example_branch_operator_decorator.py
[2023-07-22T15:11:33.707-0500] {logging_mixin.py:150} INFO - [2023-07-22T15:11:33.707-0500] {dag.py:2742} INFO - Sync 1 DAGs
[2023-07-22T15:11:33.742-0500] {logging_mixin.py:150} INFO - [2023-07-22T15:11:33.742-0500] {dag.py:3504} INFO - Setting next_dagrun for example_branch_python_operator_decorator to 2023-07-21T00:00:00+00:00, run_after=2023-07-22T00:00:00+00:00
[2023-07-22T15:11:33.801-0500] {processor.py:179} INFO - Processing /Users/abhishekpatkar/Documents/Projects/af_file_loader/venv/lib/python3.11/site-packages/airflow/example_dags/example_branch_operator_decorator.py took 1.342 seconds
[2023-07-22T15:17:01.228-0500] {processor.py:157} INFO - Started process (PID=18025) to work on /Users/abhishekpatkar/Documents/Projects/af_file_loader/venv/lib/python3.11/site-packages/airflow/example_dags/example_branch_operator_decorator.py
[2023-07-22T15:17:01.236-0500] {processor.py:826} INFO - Processing file /Users/abhishekpatkar/Documents/Projects/af_file_loader/venv/lib/python3.11/site-packages/airflow/example_dags/example_branch_operator_decorator.py for tasks to queue
[2023-07-22T15:17:01.237-0500] {logging_mixin.py:150} INFO - [2023-07-22T15:17:01.237-0500] {dagbag.py:541} INFO - Filling up the DagBag from /Users/abhishekpatkar/Documents/Projects/af_file_loader/venv/lib/python3.11/site-packages/airflow/example_dags/example_branch_operator_decorator.py
[2023-07-22T15:17:01.405-0500] {processor.py:836} INFO - DAG(s) dict_keys(['example_branch_python_operator_decorator']) retrieved from /Users/abhishekpatkar/Documents/Projects/af_file_loader/venv/lib/python3.11/site-packages/airflow/example_dags/example_branch_operator_decorator.py
[2023-07-22T15:17:02.222-0500] {logging_mixin.py:150} INFO - [2023-07-22T15:17:02.221-0500] {dag.py:2742} INFO - Sync 1 DAGs
[2023-07-22T15:17:02.244-0500] {logging_mixin.py:150} INFO - [2023-07-22T15:17:02.244-0500] {dag.py:3504} INFO - Setting next_dagrun for example_branch_python_operator_decorator to 2023-07-21T00:00:00+00:00, run_after=2023-07-22T00:00:00+00:00
[2023-07-22T15:17:02.269-0500] {processor.py:179} INFO - Processing /Users/abhishekpatkar/Documents/Projects/af_file_loader/venv/lib/python3.11/site-packages/airflow/example_dags/example_branch_operator_decorator.py took 1.042 seconds
[2023-07-22T15:22:27.548-0500] {processor.py:157} INFO - Started process (PID=18221) to work on /Users/abhishekpatkar/Documents/Projects/af_file_loader/venv/lib/python3.11/site-packages/airflow/example_dags/example_branch_operator_decorator.py
[2023-07-22T15:22:27.553-0500] {processor.py:826} INFO - Processing file /Users/abhishekpatkar/Documents/Projects/af_file_loader/venv/lib/python3.11/site-packages/airflow/example_dags/example_branch_operator_decorator.py for tasks to queue
[2023-07-22T15:22:27.553-0500] {logging_mixin.py:150} INFO - [2023-07-22T15:22:27.553-0500] {dagbag.py:541} INFO - Filling up the DagBag from /Users/abhishekpatkar/Documents/Projects/af_file_loader/venv/lib/python3.11/site-packages/airflow/example_dags/example_branch_operator_decorator.py
[2023-07-22T15:22:27.636-0500] {processor.py:836} INFO - DAG(s) dict_keys(['example_branch_python_operator_decorator']) retrieved from /Users/abhishekpatkar/Documents/Projects/af_file_loader/venv/lib/python3.11/site-packages/airflow/example_dags/example_branch_operator_decorator.py
[2023-07-22T15:22:28.351-0500] {logging_mixin.py:150} INFO - [2023-07-22T15:22:28.351-0500] {dag.py:2742} INFO - Sync 1 DAGs
[2023-07-22T15:22:28.384-0500] {logging_mixin.py:150} INFO - [2023-07-22T15:22:28.384-0500] {dag.py:3504} INFO - Setting next_dagrun for example_branch_python_operator_decorator to 2023-07-21T00:00:00+00:00, run_after=2023-07-22T00:00:00+00:00
[2023-07-22T15:22:28.405-0500] {processor.py:179} INFO - Processing /Users/abhishekpatkar/Documents/Projects/af_file_loader/venv/lib/python3.11/site-packages/airflow/example_dags/example_branch_operator_decorator.py took 0.858 seconds
[2023-07-22T15:27:47.985-0500] {processor.py:157} INFO - Started process (PID=18587) to work on /Users/abhishekpatkar/Documents/Projects/af_file_loader/venv/lib/python3.11/site-packages/airflow/example_dags/example_branch_operator_decorator.py
[2023-07-22T15:27:47.994-0500] {processor.py:826} INFO - Processing file /Users/abhishekpatkar/Documents/Projects/af_file_loader/venv/lib/python3.11/site-packages/airflow/example_dags/example_branch_operator_decorator.py for tasks to queue
[2023-07-22T15:27:47.995-0500] {logging_mixin.py:150} INFO - [2023-07-22T15:27:47.995-0500] {dagbag.py:541} INFO - Filling up the DagBag from /Users/abhishekpatkar/Documents/Projects/af_file_loader/venv/lib/python3.11/site-packages/airflow/example_dags/example_branch_operator_decorator.py
[2023-07-22T15:27:48.313-0500] {processor.py:836} INFO - DAG(s) dict_keys(['example_branch_python_operator_decorator']) retrieved from /Users/abhishekpatkar/Documents/Projects/af_file_loader/venv/lib/python3.11/site-packages/airflow/example_dags/example_branch_operator_decorator.py
[2023-07-22T15:27:49.840-0500] {logging_mixin.py:150} INFO - [2023-07-22T15:27:49.840-0500] {dag.py:2742} INFO - Sync 1 DAGs
[2023-07-22T15:27:49.867-0500] {logging_mixin.py:150} INFO - [2023-07-22T15:27:49.866-0500] {dag.py:3504} INFO - Setting next_dagrun for example_branch_python_operator_decorator to 2023-07-21T00:00:00+00:00, run_after=2023-07-22T00:00:00+00:00
[2023-07-22T15:27:49.899-0500] {processor.py:179} INFO - Processing /Users/abhishekpatkar/Documents/Projects/af_file_loader/venv/lib/python3.11/site-packages/airflow/example_dags/example_branch_operator_decorator.py took 1.916 seconds
[2023-07-22T15:31:24.475-0500] {processor.py:157} INFO - Started process (PID=18796) to work on /Users/abhishekpatkar/Documents/Projects/af_file_loader/venv/lib/python3.11/site-packages/airflow/example_dags/example_branch_operator_decorator.py
[2023-07-22T15:31:24.479-0500] {processor.py:826} INFO - Processing file /Users/abhishekpatkar/Documents/Projects/af_file_loader/venv/lib/python3.11/site-packages/airflow/example_dags/example_branch_operator_decorator.py for tasks to queue
[2023-07-22T15:31:24.480-0500] {logging_mixin.py:150} INFO - [2023-07-22T15:31:24.480-0500] {dagbag.py:541} INFO - Filling up the DagBag from /Users/abhishekpatkar/Documents/Projects/af_file_loader/venv/lib/python3.11/site-packages/airflow/example_dags/example_branch_operator_decorator.py
[2023-07-22T15:31:24.577-0500] {processor.py:836} INFO - DAG(s) dict_keys(['example_branch_python_operator_decorator']) retrieved from /Users/abhishekpatkar/Documents/Projects/af_file_loader/venv/lib/python3.11/site-packages/airflow/example_dags/example_branch_operator_decorator.py
[2023-07-22T15:31:25.198-0500] {logging_mixin.py:150} INFO - [2023-07-22T15:31:25.198-0500] {dag.py:2742} INFO - Sync 1 DAGs
[2023-07-22T15:31:25.215-0500] {logging_mixin.py:150} INFO - [2023-07-22T15:31:25.215-0500] {dag.py:3504} INFO - Setting next_dagrun for example_branch_python_operator_decorator to 2023-07-21T00:00:00+00:00, run_after=2023-07-22T00:00:00+00:00
[2023-07-22T15:31:25.251-0500] {processor.py:179} INFO - Processing /Users/abhishekpatkar/Documents/Projects/af_file_loader/venv/lib/python3.11/site-packages/airflow/example_dags/example_branch_operator_decorator.py took 0.777 seconds
[2023-07-22T15:35:13.106-0500] {processor.py:157} INFO - Started process (PID=18949) to work on /Users/abhishekpatkar/Documents/Projects/af_file_loader/venv/lib/python3.11/site-packages/airflow/example_dags/example_branch_operator_decorator.py
[2023-07-22T15:35:13.110-0500] {processor.py:826} INFO - Processing file /Users/abhishekpatkar/Documents/Projects/af_file_loader/venv/lib/python3.11/site-packages/airflow/example_dags/example_branch_operator_decorator.py for tasks to queue
[2023-07-22T15:35:13.110-0500] {logging_mixin.py:150} INFO - [2023-07-22T15:35:13.110-0500] {dagbag.py:541} INFO - Filling up the DagBag from /Users/abhishekpatkar/Documents/Projects/af_file_loader/venv/lib/python3.11/site-packages/airflow/example_dags/example_branch_operator_decorator.py
[2023-07-22T15:35:13.195-0500] {processor.py:836} INFO - DAG(s) dict_keys(['example_branch_python_operator_decorator']) retrieved from /Users/abhishekpatkar/Documents/Projects/af_file_loader/venv/lib/python3.11/site-packages/airflow/example_dags/example_branch_operator_decorator.py
[2023-07-22T15:35:13.811-0500] {logging_mixin.py:150} INFO - [2023-07-22T15:35:13.810-0500] {dag.py:2742} INFO - Sync 1 DAGs
[2023-07-22T15:35:13.828-0500] {logging_mixin.py:150} INFO - [2023-07-22T15:35:13.828-0500] {dag.py:3504} INFO - Setting next_dagrun for example_branch_python_operator_decorator to 2023-07-21T00:00:00+00:00, run_after=2023-07-22T00:00:00+00:00
[2023-07-22T15:35:13.848-0500] {processor.py:179} INFO - Processing /Users/abhishekpatkar/Documents/Projects/af_file_loader/venv/lib/python3.11/site-packages/airflow/example_dags/example_branch_operator_decorator.py took 0.743 seconds
[2023-07-22T15:48:59.492-0500] {processor.py:157} INFO - Started process (PID=19466) to work on /Users/abhishekpatkar/Documents/Projects/af_file_loader/venv/lib/python3.11/site-packages/airflow/example_dags/example_branch_operator_decorator.py
[2023-07-22T15:48:59.497-0500] {processor.py:826} INFO - Processing file /Users/abhishekpatkar/Documents/Projects/af_file_loader/venv/lib/python3.11/site-packages/airflow/example_dags/example_branch_operator_decorator.py for tasks to queue
[2023-07-22T15:48:59.498-0500] {logging_mixin.py:150} INFO - [2023-07-22T15:48:59.497-0500] {dagbag.py:541} INFO - Filling up the DagBag from /Users/abhishekpatkar/Documents/Projects/af_file_loader/venv/lib/python3.11/site-packages/airflow/example_dags/example_branch_operator_decorator.py
[2023-07-22T15:48:59.626-0500] {processor.py:836} INFO - DAG(s) dict_keys(['example_branch_python_operator_decorator']) retrieved from /Users/abhishekpatkar/Documents/Projects/af_file_loader/venv/lib/python3.11/site-packages/airflow/example_dags/example_branch_operator_decorator.py
[2023-07-22T15:49:00.558-0500] {logging_mixin.py:150} INFO - [2023-07-22T15:49:00.558-0500] {dag.py:2742} INFO - Sync 1 DAGs
[2023-07-22T15:49:00.580-0500] {logging_mixin.py:150} INFO - [2023-07-22T15:49:00.579-0500] {dag.py:3504} INFO - Setting next_dagrun for example_branch_python_operator_decorator to 2023-07-21T00:00:00+00:00, run_after=2023-07-22T00:00:00+00:00
[2023-07-22T15:49:00.610-0500] {processor.py:179} INFO - Processing /Users/abhishekpatkar/Documents/Projects/af_file_loader/venv/lib/python3.11/site-packages/airflow/example_dags/example_branch_operator_decorator.py took 1.118 seconds
[2023-07-22T15:54:11.453-0500] {processor.py:157} INFO - Started process (PID=19892) to work on /Users/abhishekpatkar/Documents/Projects/af_file_loader/venv/lib/python3.11/site-packages/airflow/example_dags/example_branch_operator_decorator.py
[2023-07-22T15:54:11.458-0500] {processor.py:826} INFO - Processing file /Users/abhishekpatkar/Documents/Projects/af_file_loader/venv/lib/python3.11/site-packages/airflow/example_dags/example_branch_operator_decorator.py for tasks to queue
[2023-07-22T15:54:11.459-0500] {logging_mixin.py:150} INFO - [2023-07-22T15:54:11.458-0500] {dagbag.py:541} INFO - Filling up the DagBag from /Users/abhishekpatkar/Documents/Projects/af_file_loader/venv/lib/python3.11/site-packages/airflow/example_dags/example_branch_operator_decorator.py
[2023-07-22T15:54:11.572-0500] {processor.py:836} INFO - DAG(s) dict_keys(['example_branch_python_operator_decorator']) retrieved from /Users/abhishekpatkar/Documents/Projects/af_file_loader/venv/lib/python3.11/site-packages/airflow/example_dags/example_branch_operator_decorator.py
[2023-07-22T15:54:12.405-0500] {logging_mixin.py:150} INFO - [2023-07-22T15:54:12.405-0500] {dag.py:2742} INFO - Sync 1 DAGs
[2023-07-22T15:54:12.432-0500] {logging_mixin.py:150} INFO - [2023-07-22T15:54:12.432-0500] {dag.py:3504} INFO - Setting next_dagrun for example_branch_python_operator_decorator to 2023-07-21T00:00:00+00:00, run_after=2023-07-22T00:00:00+00:00
[2023-07-22T15:54:12.461-0500] {processor.py:179} INFO - Processing /Users/abhishekpatkar/Documents/Projects/af_file_loader/venv/lib/python3.11/site-packages/airflow/example_dags/example_branch_operator_decorator.py took 1.009 seconds
[2023-07-22T15:59:24.225-0500] {processor.py:157} INFO - Started process (PID=20278) to work on /Users/abhishekpatkar/Documents/Projects/af_file_loader/venv/lib/python3.11/site-packages/airflow/example_dags/example_branch_operator_decorator.py
[2023-07-22T15:59:24.232-0500] {processor.py:826} INFO - Processing file /Users/abhishekpatkar/Documents/Projects/af_file_loader/venv/lib/python3.11/site-packages/airflow/example_dags/example_branch_operator_decorator.py for tasks to queue
[2023-07-22T15:59:24.233-0500] {logging_mixin.py:150} INFO - [2023-07-22T15:59:24.232-0500] {dagbag.py:541} INFO - Filling up the DagBag from /Users/abhishekpatkar/Documents/Projects/af_file_loader/venv/lib/python3.11/site-packages/airflow/example_dags/example_branch_operator_decorator.py
[2023-07-22T15:59:24.335-0500] {processor.py:836} INFO - DAG(s) dict_keys(['example_branch_python_operator_decorator']) retrieved from /Users/abhishekpatkar/Documents/Projects/af_file_loader/venv/lib/python3.11/site-packages/airflow/example_dags/example_branch_operator_decorator.py
[2023-07-22T15:59:25.076-0500] {logging_mixin.py:150} INFO - [2023-07-22T15:59:25.075-0500] {dag.py:2742} INFO - Sync 1 DAGs
[2023-07-22T15:59:25.097-0500] {logging_mixin.py:150} INFO - [2023-07-22T15:59:25.096-0500] {dag.py:3504} INFO - Setting next_dagrun for example_branch_python_operator_decorator to 2023-07-21T00:00:00+00:00, run_after=2023-07-22T00:00:00+00:00
[2023-07-22T15:59:25.126-0500] {processor.py:179} INFO - Processing /Users/abhishekpatkar/Documents/Projects/af_file_loader/venv/lib/python3.11/site-packages/airflow/example_dags/example_branch_operator_decorator.py took 0.902 seconds
[2023-07-22T16:03:52.503-0500] {processor.py:157} INFO - Started process (PID=20440) to work on /Users/abhishekpatkar/Documents/Projects/af_file_loader/venv/lib/python3.11/site-packages/airflow/example_dags/example_branch_operator_decorator.py
[2023-07-22T16:03:52.508-0500] {processor.py:826} INFO - Processing file /Users/abhishekpatkar/Documents/Projects/af_file_loader/venv/lib/python3.11/site-packages/airflow/example_dags/example_branch_operator_decorator.py for tasks to queue
[2023-07-22T16:03:52.509-0500] {logging_mixin.py:150} INFO - [2023-07-22T16:03:52.509-0500] {dagbag.py:541} INFO - Filling up the DagBag from /Users/abhishekpatkar/Documents/Projects/af_file_loader/venv/lib/python3.11/site-packages/airflow/example_dags/example_branch_operator_decorator.py
[2023-07-22T16:03:52.591-0500] {processor.py:836} INFO - DAG(s) dict_keys(['example_branch_python_operator_decorator']) retrieved from /Users/abhishekpatkar/Documents/Projects/af_file_loader/venv/lib/python3.11/site-packages/airflow/example_dags/example_branch_operator_decorator.py
[2023-07-22T16:03:53.177-0500] {logging_mixin.py:150} INFO - [2023-07-22T16:03:53.177-0500] {dag.py:2742} INFO - Sync 1 DAGs
[2023-07-22T16:03:53.194-0500] {logging_mixin.py:150} INFO - [2023-07-22T16:03:53.193-0500] {dag.py:3504} INFO - Setting next_dagrun for example_branch_python_operator_decorator to 2023-07-21T00:00:00+00:00, run_after=2023-07-22T00:00:00+00:00
[2023-07-22T16:03:53.213-0500] {processor.py:179} INFO - Processing /Users/abhishekpatkar/Documents/Projects/af_file_loader/venv/lib/python3.11/site-packages/airflow/example_dags/example_branch_operator_decorator.py took 0.710 seconds
[2023-07-22T16:07:29.780-0500] {processor.py:157} INFO - Started process (PID=20616) to work on /Users/abhishekpatkar/Documents/Projects/af_file_loader/venv/lib/python3.11/site-packages/airflow/example_dags/example_branch_operator_decorator.py
[2023-07-22T16:07:29.784-0500] {processor.py:826} INFO - Processing file /Users/abhishekpatkar/Documents/Projects/af_file_loader/venv/lib/python3.11/site-packages/airflow/example_dags/example_branch_operator_decorator.py for tasks to queue
[2023-07-22T16:07:29.785-0500] {logging_mixin.py:150} INFO - [2023-07-22T16:07:29.784-0500] {dagbag.py:541} INFO - Filling up the DagBag from /Users/abhishekpatkar/Documents/Projects/af_file_loader/venv/lib/python3.11/site-packages/airflow/example_dags/example_branch_operator_decorator.py
[2023-07-22T16:07:29.872-0500] {processor.py:836} INFO - DAG(s) dict_keys(['example_branch_python_operator_decorator']) retrieved from /Users/abhishekpatkar/Documents/Projects/af_file_loader/venv/lib/python3.11/site-packages/airflow/example_dags/example_branch_operator_decorator.py
[2023-07-22T16:07:30.494-0500] {logging_mixin.py:150} INFO - [2023-07-22T16:07:30.493-0500] {dag.py:2742} INFO - Sync 1 DAGs
[2023-07-22T16:07:30.511-0500] {logging_mixin.py:150} INFO - [2023-07-22T16:07:30.510-0500] {dag.py:3504} INFO - Setting next_dagrun for example_branch_python_operator_decorator to 2023-07-21T00:00:00+00:00, run_after=2023-07-22T00:00:00+00:00
[2023-07-22T16:07:30.530-0500] {processor.py:179} INFO - Processing /Users/abhishekpatkar/Documents/Projects/af_file_loader/venv/lib/python3.11/site-packages/airflow/example_dags/example_branch_operator_decorator.py took 0.751 seconds
[2023-07-22T16:11:06.334-0500] {processor.py:157} INFO - Started process (PID=20759) to work on /Users/abhishekpatkar/Documents/Projects/af_file_loader/venv/lib/python3.11/site-packages/airflow/example_dags/example_branch_operator_decorator.py
[2023-07-22T16:11:06.338-0500] {processor.py:826} INFO - Processing file /Users/abhishekpatkar/Documents/Projects/af_file_loader/venv/lib/python3.11/site-packages/airflow/example_dags/example_branch_operator_decorator.py for tasks to queue
[2023-07-22T16:11:06.338-0500] {logging_mixin.py:150} INFO - [2023-07-22T16:11:06.338-0500] {dagbag.py:541} INFO - Filling up the DagBag from /Users/abhishekpatkar/Documents/Projects/af_file_loader/venv/lib/python3.11/site-packages/airflow/example_dags/example_branch_operator_decorator.py
[2023-07-22T16:11:06.422-0500] {processor.py:836} INFO - DAG(s) dict_keys(['example_branch_python_operator_decorator']) retrieved from /Users/abhishekpatkar/Documents/Projects/af_file_loader/venv/lib/python3.11/site-packages/airflow/example_dags/example_branch_operator_decorator.py
[2023-07-22T16:11:07.042-0500] {logging_mixin.py:150} INFO - [2023-07-22T16:11:07.042-0500] {dag.py:2742} INFO - Sync 1 DAGs
[2023-07-22T16:11:07.059-0500] {logging_mixin.py:150} INFO - [2023-07-22T16:11:07.059-0500] {dag.py:3504} INFO - Setting next_dagrun for example_branch_python_operator_decorator to 2023-07-21T00:00:00+00:00, run_after=2023-07-22T00:00:00+00:00
[2023-07-22T16:11:07.079-0500] {processor.py:179} INFO - Processing /Users/abhishekpatkar/Documents/Projects/af_file_loader/venv/lib/python3.11/site-packages/airflow/example_dags/example_branch_operator_decorator.py took 0.745 seconds
[2023-07-22T16:28:45.346-0500] {processor.py:157} INFO - Started process (PID=21054) to work on /Users/abhishekpatkar/Documents/Projects/af_file_loader/venv/lib/python3.11/site-packages/airflow/example_dags/example_branch_operator_decorator.py
[2023-07-22T16:28:45.351-0500] {processor.py:826} INFO - Processing file /Users/abhishekpatkar/Documents/Projects/af_file_loader/venv/lib/python3.11/site-packages/airflow/example_dags/example_branch_operator_decorator.py for tasks to queue
[2023-07-22T16:28:45.353-0500] {logging_mixin.py:150} INFO - [2023-07-22T16:28:45.353-0500] {dagbag.py:541} INFO - Filling up the DagBag from /Users/abhishekpatkar/Documents/Projects/af_file_loader/venv/lib/python3.11/site-packages/airflow/example_dags/example_branch_operator_decorator.py
[2023-07-22T16:28:45.484-0500] {processor.py:836} INFO - DAG(s) dict_keys(['example_branch_python_operator_decorator']) retrieved from /Users/abhishekpatkar/Documents/Projects/af_file_loader/venv/lib/python3.11/site-packages/airflow/example_dags/example_branch_operator_decorator.py
[2023-07-22T16:28:47.234-0500] {logging_mixin.py:150} INFO - [2023-07-22T16:28:47.233-0500] {dag.py:2742} INFO - Sync 1 DAGs
[2023-07-22T16:28:47.294-0500] {logging_mixin.py:150} INFO - [2023-07-22T16:28:47.293-0500] {dag.py:3504} INFO - Setting next_dagrun for example_branch_python_operator_decorator to 2023-07-21T00:00:00+00:00, run_after=2023-07-22T00:00:00+00:00
[2023-07-22T16:28:47.339-0500] {processor.py:179} INFO - Processing /Users/abhishekpatkar/Documents/Projects/af_file_loader/venv/lib/python3.11/site-packages/airflow/example_dags/example_branch_operator_decorator.py took 1.994 seconds
[2023-07-22T16:35:18.416-0500] {processor.py:157} INFO - Started process (PID=21261) to work on /Users/abhishekpatkar/Documents/Projects/af_file_loader/venv/lib/python3.11/site-packages/airflow/example_dags/example_branch_operator_decorator.py
[2023-07-22T16:35:18.425-0500] {processor.py:826} INFO - Processing file /Users/abhishekpatkar/Documents/Projects/af_file_loader/venv/lib/python3.11/site-packages/airflow/example_dags/example_branch_operator_decorator.py for tasks to queue
[2023-07-22T16:35:18.426-0500] {logging_mixin.py:150} INFO - [2023-07-22T16:35:18.426-0500] {dagbag.py:541} INFO - Filling up the DagBag from /Users/abhishekpatkar/Documents/Projects/af_file_loader/venv/lib/python3.11/site-packages/airflow/example_dags/example_branch_operator_decorator.py
[2023-07-22T16:35:18.676-0500] {processor.py:836} INFO - DAG(s) dict_keys(['example_branch_python_operator_decorator']) retrieved from /Users/abhishekpatkar/Documents/Projects/af_file_loader/venv/lib/python3.11/site-packages/airflow/example_dags/example_branch_operator_decorator.py
[2023-07-22T16:35:19.765-0500] {logging_mixin.py:150} INFO - [2023-07-22T16:35:19.765-0500] {dag.py:2742} INFO - Sync 1 DAGs
[2023-07-22T16:35:19.791-0500] {logging_mixin.py:150} INFO - [2023-07-22T16:35:19.791-0500] {dag.py:3504} INFO - Setting next_dagrun for example_branch_python_operator_decorator to 2023-07-21T00:00:00+00:00, run_after=2023-07-22T00:00:00+00:00
[2023-07-22T16:35:19.821-0500] {processor.py:179} INFO - Processing /Users/abhishekpatkar/Documents/Projects/af_file_loader/venv/lib/python3.11/site-packages/airflow/example_dags/example_branch_operator_decorator.py took 1.407 seconds
[2023-07-22T16:44:16.785-0500] {processor.py:157} INFO - Started process (PID=21590) to work on /Users/abhishekpatkar/Documents/Projects/af_file_loader/venv/lib/python3.11/site-packages/airflow/example_dags/example_branch_operator_decorator.py
[2023-07-22T16:44:16.794-0500] {processor.py:826} INFO - Processing file /Users/abhishekpatkar/Documents/Projects/af_file_loader/venv/lib/python3.11/site-packages/airflow/example_dags/example_branch_operator_decorator.py for tasks to queue
[2023-07-22T16:44:16.795-0500] {logging_mixin.py:150} INFO - [2023-07-22T16:44:16.795-0500] {dagbag.py:541} INFO - Filling up the DagBag from /Users/abhishekpatkar/Documents/Projects/af_file_loader/venv/lib/python3.11/site-packages/airflow/example_dags/example_branch_operator_decorator.py
[2023-07-22T16:44:16.915-0500] {processor.py:836} INFO - DAG(s) dict_keys(['example_branch_python_operator_decorator']) retrieved from /Users/abhishekpatkar/Documents/Projects/af_file_loader/venv/lib/python3.11/site-packages/airflow/example_dags/example_branch_operator_decorator.py
[2023-07-22T16:44:17.950-0500] {logging_mixin.py:150} INFO - [2023-07-22T16:44:17.949-0500] {dag.py:2742} INFO - Sync 1 DAGs
[2023-07-22T16:44:17.992-0500] {logging_mixin.py:150} INFO - [2023-07-22T16:44:17.991-0500] {dag.py:3504} INFO - Setting next_dagrun for example_branch_python_operator_decorator to 2023-07-21T00:00:00+00:00, run_after=2023-07-22T00:00:00+00:00
[2023-07-22T16:44:18.050-0500] {processor.py:179} INFO - Processing /Users/abhishekpatkar/Documents/Projects/af_file_loader/venv/lib/python3.11/site-packages/airflow/example_dags/example_branch_operator_decorator.py took 1.266 seconds
[2023-07-22T16:51:38.775-0500] {processor.py:157} INFO - Started process (PID=21812) to work on /Users/abhishekpatkar/Documents/Projects/af_file_loader/venv/lib/python3.11/site-packages/airflow/example_dags/example_branch_operator_decorator.py
[2023-07-22T16:51:38.780-0500] {processor.py:826} INFO - Processing file /Users/abhishekpatkar/Documents/Projects/af_file_loader/venv/lib/python3.11/site-packages/airflow/example_dags/example_branch_operator_decorator.py for tasks to queue
[2023-07-22T16:51:38.782-0500] {logging_mixin.py:150} INFO - [2023-07-22T16:51:38.781-0500] {dagbag.py:541} INFO - Filling up the DagBag from /Users/abhishekpatkar/Documents/Projects/af_file_loader/venv/lib/python3.11/site-packages/airflow/example_dags/example_branch_operator_decorator.py
[2023-07-22T16:51:38.915-0500] {processor.py:836} INFO - DAG(s) dict_keys(['example_branch_python_operator_decorator']) retrieved from /Users/abhishekpatkar/Documents/Projects/af_file_loader/venv/lib/python3.11/site-packages/airflow/example_dags/example_branch_operator_decorator.py
[2023-07-22T16:51:40.486-0500] {logging_mixin.py:150} INFO - [2023-07-22T16:51:40.486-0500] {dag.py:2742} INFO - Sync 1 DAGs
[2023-07-22T16:51:40.579-0500] {logging_mixin.py:150} INFO - [2023-07-22T16:51:40.579-0500] {dag.py:3504} INFO - Setting next_dagrun for example_branch_python_operator_decorator to 2023-07-21T00:00:00+00:00, run_after=2023-07-22T00:00:00+00:00
[2023-07-22T16:51:40.643-0500] {processor.py:179} INFO - Processing /Users/abhishekpatkar/Documents/Projects/af_file_loader/venv/lib/python3.11/site-packages/airflow/example_dags/example_branch_operator_decorator.py took 1.869 seconds
[2023-07-22T16:58:11.229-0500] {processor.py:157} INFO - Started process (PID=22029) to work on /Users/abhishekpatkar/Documents/Projects/af_file_loader/venv/lib/python3.11/site-packages/airflow/example_dags/example_branch_operator_decorator.py
[2023-07-22T16:58:11.236-0500] {processor.py:826} INFO - Processing file /Users/abhishekpatkar/Documents/Projects/af_file_loader/venv/lib/python3.11/site-packages/airflow/example_dags/example_branch_operator_decorator.py for tasks to queue
[2023-07-22T16:58:11.238-0500] {logging_mixin.py:150} INFO - [2023-07-22T16:58:11.237-0500] {dagbag.py:541} INFO - Filling up the DagBag from /Users/abhishekpatkar/Documents/Projects/af_file_loader/venv/lib/python3.11/site-packages/airflow/example_dags/example_branch_operator_decorator.py
[2023-07-22T16:58:11.434-0500] {processor.py:836} INFO - DAG(s) dict_keys(['example_branch_python_operator_decorator']) retrieved from /Users/abhishekpatkar/Documents/Projects/af_file_loader/venv/lib/python3.11/site-packages/airflow/example_dags/example_branch_operator_decorator.py
[2023-07-22T16:58:12.738-0500] {logging_mixin.py:150} INFO - [2023-07-22T16:58:12.738-0500] {dag.py:2742} INFO - Sync 1 DAGs
[2023-07-22T16:58:12.783-0500] {logging_mixin.py:150} INFO - [2023-07-22T16:58:12.783-0500] {dag.py:3504} INFO - Setting next_dagrun for example_branch_python_operator_decorator to 2023-07-21T00:00:00+00:00, run_after=2023-07-22T00:00:00+00:00
[2023-07-22T16:58:12.822-0500] {processor.py:179} INFO - Processing /Users/abhishekpatkar/Documents/Projects/af_file_loader/venv/lib/python3.11/site-packages/airflow/example_dags/example_branch_operator_decorator.py took 1.594 seconds
[2023-07-22T17:04:48.618-0500] {processor.py:157} INFO - Started process (PID=22297) to work on /Users/abhishekpatkar/Documents/Projects/af_file_loader/venv/lib/python3.11/site-packages/airflow/example_dags/example_branch_operator_decorator.py
[2023-07-22T17:04:48.623-0500] {processor.py:826} INFO - Processing file /Users/abhishekpatkar/Documents/Projects/af_file_loader/venv/lib/python3.11/site-packages/airflow/example_dags/example_branch_operator_decorator.py for tasks to queue
[2023-07-22T17:04:48.624-0500] {logging_mixin.py:150} INFO - [2023-07-22T17:04:48.623-0500] {dagbag.py:541} INFO - Filling up the DagBag from /Users/abhishekpatkar/Documents/Projects/af_file_loader/venv/lib/python3.11/site-packages/airflow/example_dags/example_branch_operator_decorator.py
[2023-07-22T17:04:48.722-0500] {processor.py:836} INFO - DAG(s) dict_keys(['example_branch_python_operator_decorator']) retrieved from /Users/abhishekpatkar/Documents/Projects/af_file_loader/venv/lib/python3.11/site-packages/airflow/example_dags/example_branch_operator_decorator.py
[2023-07-22T17:04:49.426-0500] {logging_mixin.py:150} INFO - [2023-07-22T17:04:49.425-0500] {dag.py:2742} INFO - Sync 1 DAGs
[2023-07-22T17:04:49.446-0500] {logging_mixin.py:150} INFO - [2023-07-22T17:04:49.445-0500] {dag.py:3504} INFO - Setting next_dagrun for example_branch_python_operator_decorator to 2023-07-21T00:00:00+00:00, run_after=2023-07-22T00:00:00+00:00
[2023-07-22T17:04:49.467-0500] {processor.py:179} INFO - Processing /Users/abhishekpatkar/Documents/Projects/af_file_loader/venv/lib/python3.11/site-packages/airflow/example_dags/example_branch_operator_decorator.py took 0.850 seconds
[2023-07-22T17:08:45.699-0500] {processor.py:157} INFO - Started process (PID=22452) to work on /Users/abhishekpatkar/Documents/Projects/af_file_loader/venv/lib/python3.11/site-packages/airflow/example_dags/example_branch_operator_decorator.py
[2023-07-22T17:08:45.703-0500] {processor.py:826} INFO - Processing file /Users/abhishekpatkar/Documents/Projects/af_file_loader/venv/lib/python3.11/site-packages/airflow/example_dags/example_branch_operator_decorator.py for tasks to queue
[2023-07-22T17:08:45.704-0500] {logging_mixin.py:150} INFO - [2023-07-22T17:08:45.704-0500] {dagbag.py:541} INFO - Filling up the DagBag from /Users/abhishekpatkar/Documents/Projects/af_file_loader/venv/lib/python3.11/site-packages/airflow/example_dags/example_branch_operator_decorator.py
[2023-07-22T17:08:45.798-0500] {processor.py:836} INFO - DAG(s) dict_keys(['example_branch_python_operator_decorator']) retrieved from /Users/abhishekpatkar/Documents/Projects/af_file_loader/venv/lib/python3.11/site-packages/airflow/example_dags/example_branch_operator_decorator.py
[2023-07-22T17:08:46.523-0500] {logging_mixin.py:150} INFO - [2023-07-22T17:08:46.522-0500] {dag.py:2742} INFO - Sync 1 DAGs
[2023-07-22T17:08:46.541-0500] {logging_mixin.py:150} INFO - [2023-07-22T17:08:46.541-0500] {dag.py:3504} INFO - Setting next_dagrun for example_branch_python_operator_decorator to 2023-07-21T00:00:00+00:00, run_after=2023-07-22T00:00:00+00:00
[2023-07-22T17:08:46.565-0500] {processor.py:179} INFO - Processing /Users/abhishekpatkar/Documents/Projects/af_file_loader/venv/lib/python3.11/site-packages/airflow/example_dags/example_branch_operator_decorator.py took 0.868 seconds
[2023-07-22T17:12:46.322-0500] {processor.py:157} INFO - Started process (PID=22611) to work on /Users/abhishekpatkar/Documents/Projects/af_file_loader/venv/lib/python3.11/site-packages/airflow/example_dags/example_branch_operator_decorator.py
[2023-07-22T17:12:46.327-0500] {processor.py:826} INFO - Processing file /Users/abhishekpatkar/Documents/Projects/af_file_loader/venv/lib/python3.11/site-packages/airflow/example_dags/example_branch_operator_decorator.py for tasks to queue
[2023-07-22T17:12:46.328-0500] {logging_mixin.py:150} INFO - [2023-07-22T17:12:46.328-0500] {dagbag.py:541} INFO - Filling up the DagBag from /Users/abhishekpatkar/Documents/Projects/af_file_loader/venv/lib/python3.11/site-packages/airflow/example_dags/example_branch_operator_decorator.py
[2023-07-22T17:12:46.419-0500] {processor.py:836} INFO - DAG(s) dict_keys(['example_branch_python_operator_decorator']) retrieved from /Users/abhishekpatkar/Documents/Projects/af_file_loader/venv/lib/python3.11/site-packages/airflow/example_dags/example_branch_operator_decorator.py
[2023-07-22T17:12:47.156-0500] {logging_mixin.py:150} INFO - [2023-07-22T17:12:47.156-0500] {dag.py:2742} INFO - Sync 1 DAGs
[2023-07-22T17:12:47.173-0500] {logging_mixin.py:150} INFO - [2023-07-22T17:12:47.173-0500] {dag.py:3504} INFO - Setting next_dagrun for example_branch_python_operator_decorator to 2023-07-21T00:00:00+00:00, run_after=2023-07-22T00:00:00+00:00
[2023-07-22T17:12:47.198-0500] {processor.py:179} INFO - Processing /Users/abhishekpatkar/Documents/Projects/af_file_loader/venv/lib/python3.11/site-packages/airflow/example_dags/example_branch_operator_decorator.py took 0.877 seconds
[2023-07-22T17:16:50.275-0500] {processor.py:157} INFO - Started process (PID=22766) to work on /Users/abhishekpatkar/Documents/Projects/af_file_loader/venv/lib/python3.11/site-packages/airflow/example_dags/example_branch_operator_decorator.py
[2023-07-22T17:16:50.280-0500] {processor.py:826} INFO - Processing file /Users/abhishekpatkar/Documents/Projects/af_file_loader/venv/lib/python3.11/site-packages/airflow/example_dags/example_branch_operator_decorator.py for tasks to queue
[2023-07-22T17:16:50.281-0500] {logging_mixin.py:150} INFO - [2023-07-22T17:16:50.281-0500] {dagbag.py:541} INFO - Filling up the DagBag from /Users/abhishekpatkar/Documents/Projects/af_file_loader/venv/lib/python3.11/site-packages/airflow/example_dags/example_branch_operator_decorator.py
[2023-07-22T17:16:50.374-0500] {processor.py:836} INFO - DAG(s) dict_keys(['example_branch_python_operator_decorator']) retrieved from /Users/abhishekpatkar/Documents/Projects/af_file_loader/venv/lib/python3.11/site-packages/airflow/example_dags/example_branch_operator_decorator.py
[2023-07-22T17:16:50.999-0500] {logging_mixin.py:150} INFO - [2023-07-22T17:16:50.998-0500] {dag.py:2742} INFO - Sync 1 DAGs
[2023-07-22T17:16:51.017-0500] {logging_mixin.py:150} INFO - [2023-07-22T17:16:51.017-0500] {dag.py:3504} INFO - Setting next_dagrun for example_branch_python_operator_decorator to 2023-07-21T00:00:00+00:00, run_after=2023-07-22T00:00:00+00:00
[2023-07-22T17:16:51.039-0500] {processor.py:179} INFO - Processing /Users/abhishekpatkar/Documents/Projects/af_file_loader/venv/lib/python3.11/site-packages/airflow/example_dags/example_branch_operator_decorator.py took 0.764 seconds
[2023-07-22T17:21:38.319-0500] {processor.py:157} INFO - Started process (PID=23001) to work on /Users/abhishekpatkar/Documents/Projects/af_file_loader/venv/lib/python3.11/site-packages/airflow/example_dags/example_branch_operator_decorator.py
[2023-07-22T17:21:38.324-0500] {processor.py:826} INFO - Processing file /Users/abhishekpatkar/Documents/Projects/af_file_loader/venv/lib/python3.11/site-packages/airflow/example_dags/example_branch_operator_decorator.py for tasks to queue
[2023-07-22T17:21:38.325-0500] {logging_mixin.py:150} INFO - [2023-07-22T17:21:38.325-0500] {dagbag.py:541} INFO - Filling up the DagBag from /Users/abhishekpatkar/Documents/Projects/af_file_loader/venv/lib/python3.11/site-packages/airflow/example_dags/example_branch_operator_decorator.py
[2023-07-22T17:21:38.418-0500] {processor.py:836} INFO - DAG(s) dict_keys(['example_branch_python_operator_decorator']) retrieved from /Users/abhishekpatkar/Documents/Projects/af_file_loader/venv/lib/python3.11/site-packages/airflow/example_dags/example_branch_operator_decorator.py
[2023-07-22T17:21:39.096-0500] {logging_mixin.py:150} INFO - [2023-07-22T17:21:39.095-0500] {dag.py:2742} INFO - Sync 1 DAGs
[2023-07-22T17:21:39.118-0500] {logging_mixin.py:150} INFO - [2023-07-22T17:21:39.117-0500] {dag.py:3504} INFO - Setting next_dagrun for example_branch_python_operator_decorator to 2023-07-21T00:00:00+00:00, run_after=2023-07-22T00:00:00+00:00
[2023-07-22T17:21:39.141-0500] {processor.py:179} INFO - Processing /Users/abhishekpatkar/Documents/Projects/af_file_loader/venv/lib/python3.11/site-packages/airflow/example_dags/example_branch_operator_decorator.py took 0.823 seconds
[2023-07-22T17:29:55.380-0500] {processor.py:157} INFO - Started process (PID=23321) to work on /Users/abhishekpatkar/Documents/Projects/af_file_loader/venv/lib/python3.11/site-packages/airflow/example_dags/example_branch_operator_decorator.py
[2023-07-22T17:29:55.384-0500] {processor.py:826} INFO - Processing file /Users/abhishekpatkar/Documents/Projects/af_file_loader/venv/lib/python3.11/site-packages/airflow/example_dags/example_branch_operator_decorator.py for tasks to queue
[2023-07-22T17:29:55.384-0500] {logging_mixin.py:150} INFO - [2023-07-22T17:29:55.384-0500] {dagbag.py:541} INFO - Filling up the DagBag from /Users/abhishekpatkar/Documents/Projects/af_file_loader/venv/lib/python3.11/site-packages/airflow/example_dags/example_branch_operator_decorator.py
[2023-07-22T17:29:55.474-0500] {processor.py:836} INFO - DAG(s) dict_keys(['example_branch_python_operator_decorator']) retrieved from /Users/abhishekpatkar/Documents/Projects/af_file_loader/venv/lib/python3.11/site-packages/airflow/example_dags/example_branch_operator_decorator.py
[2023-07-22T17:29:56.166-0500] {logging_mixin.py:150} INFO - [2023-07-22T17:29:56.165-0500] {dag.py:2742} INFO - Sync 1 DAGs
[2023-07-22T17:29:56.182-0500] {logging_mixin.py:150} INFO - [2023-07-22T17:29:56.182-0500] {dag.py:3504} INFO - Setting next_dagrun for example_branch_python_operator_decorator to 2023-07-21T00:00:00+00:00, run_after=2023-07-22T00:00:00+00:00
[2023-07-22T17:29:56.206-0500] {processor.py:179} INFO - Processing /Users/abhishekpatkar/Documents/Projects/af_file_loader/venv/lib/python3.11/site-packages/airflow/example_dags/example_branch_operator_decorator.py took 0.827 seconds
[2023-07-22T17:34:06.097-0500] {processor.py:157} INFO - Started process (PID=23500) to work on /Users/abhishekpatkar/Documents/Projects/af_file_loader/venv/lib/python3.11/site-packages/airflow/example_dags/example_branch_operator_decorator.py
[2023-07-22T17:34:06.101-0500] {processor.py:826} INFO - Processing file /Users/abhishekpatkar/Documents/Projects/af_file_loader/venv/lib/python3.11/site-packages/airflow/example_dags/example_branch_operator_decorator.py for tasks to queue
[2023-07-22T17:34:06.101-0500] {logging_mixin.py:150} INFO - [2023-07-22T17:34:06.101-0500] {dagbag.py:541} INFO - Filling up the DagBag from /Users/abhishekpatkar/Documents/Projects/af_file_loader/venv/lib/python3.11/site-packages/airflow/example_dags/example_branch_operator_decorator.py
[2023-07-22T17:34:06.191-0500] {processor.py:836} INFO - DAG(s) dict_keys(['example_branch_python_operator_decorator']) retrieved from /Users/abhishekpatkar/Documents/Projects/af_file_loader/venv/lib/python3.11/site-packages/airflow/example_dags/example_branch_operator_decorator.py
[2023-07-22T17:34:06.858-0500] {logging_mixin.py:150} INFO - [2023-07-22T17:34:06.857-0500] {dag.py:2742} INFO - Sync 1 DAGs
[2023-07-22T17:34:06.876-0500] {logging_mixin.py:150} INFO - [2023-07-22T17:34:06.876-0500] {dag.py:3504} INFO - Setting next_dagrun for example_branch_python_operator_decorator to 2023-07-21T00:00:00+00:00, run_after=2023-07-22T00:00:00+00:00
[2023-07-22T17:34:06.900-0500] {processor.py:179} INFO - Processing /Users/abhishekpatkar/Documents/Projects/af_file_loader/venv/lib/python3.11/site-packages/airflow/example_dags/example_branch_operator_decorator.py took 0.804 seconds
[2023-07-22T17:40:45.115-0500] {processor.py:157} INFO - Started process (PID=23765) to work on /Users/abhishekpatkar/Documents/Projects/af_file_loader/venv/lib/python3.11/site-packages/airflow/example_dags/example_branch_operator_decorator.py
[2023-07-22T17:40:45.122-0500] {processor.py:826} INFO - Processing file /Users/abhishekpatkar/Documents/Projects/af_file_loader/venv/lib/python3.11/site-packages/airflow/example_dags/example_branch_operator_decorator.py for tasks to queue
[2023-07-22T17:40:45.123-0500] {logging_mixin.py:150} INFO - [2023-07-22T17:40:45.123-0500] {dagbag.py:541} INFO - Filling up the DagBag from /Users/abhishekpatkar/Documents/Projects/af_file_loader/venv/lib/python3.11/site-packages/airflow/example_dags/example_branch_operator_decorator.py
[2023-07-22T17:40:45.429-0500] {processor.py:836} INFO - DAG(s) dict_keys(['example_branch_python_operator_decorator']) retrieved from /Users/abhishekpatkar/Documents/Projects/af_file_loader/venv/lib/python3.11/site-packages/airflow/example_dags/example_branch_operator_decorator.py
[2023-07-22T17:40:49.779-0500] {logging_mixin.py:150} INFO - [2023-07-22T17:40:49.772-0500] {dag.py:2742} INFO - Sync 1 DAGs
[2023-07-22T17:40:49.929-0500] {logging_mixin.py:150} INFO - [2023-07-22T17:40:49.928-0500] {dag.py:3504} INFO - Setting next_dagrun for example_branch_python_operator_decorator to 2023-07-21T00:00:00+00:00, run_after=2023-07-22T00:00:00+00:00
[2023-07-22T17:40:50.016-0500] {processor.py:179} INFO - Processing /Users/abhishekpatkar/Documents/Projects/af_file_loader/venv/lib/python3.11/site-packages/airflow/example_dags/example_branch_operator_decorator.py took 4.903 seconds
[2023-07-22T17:49:37.855-0500] {processor.py:157} INFO - Started process (PID=24144) to work on /Users/abhishekpatkar/Documents/Projects/af_file_loader/venv/lib/python3.11/site-packages/airflow/example_dags/example_branch_operator_decorator.py
[2023-07-22T17:49:37.893-0500] {processor.py:826} INFO - Processing file /Users/abhishekpatkar/Documents/Projects/af_file_loader/venv/lib/python3.11/site-packages/airflow/example_dags/example_branch_operator_decorator.py for tasks to queue
[2023-07-22T17:49:37.894-0500] {logging_mixin.py:150} INFO - [2023-07-22T17:49:37.894-0500] {dagbag.py:541} INFO - Filling up the DagBag from /Users/abhishekpatkar/Documents/Projects/af_file_loader/venv/lib/python3.11/site-packages/airflow/example_dags/example_branch_operator_decorator.py
[2023-07-22T17:49:38.241-0500] {processor.py:836} INFO - DAG(s) dict_keys(['example_branch_python_operator_decorator']) retrieved from /Users/abhishekpatkar/Documents/Projects/af_file_loader/venv/lib/python3.11/site-packages/airflow/example_dags/example_branch_operator_decorator.py
[2023-07-22T17:49:42.542-0500] {logging_mixin.py:150} INFO - [2023-07-22T17:49:42.542-0500] {dag.py:2742} INFO - Sync 1 DAGs
[2023-07-22T17:49:42.614-0500] {logging_mixin.py:150} INFO - [2023-07-22T17:49:42.613-0500] {dag.py:3504} INFO - Setting next_dagrun for example_branch_python_operator_decorator to 2023-07-21T00:00:00+00:00, run_after=2023-07-22T00:00:00+00:00
[2023-07-22T17:49:42.680-0500] {processor.py:179} INFO - Processing /Users/abhishekpatkar/Documents/Projects/af_file_loader/venv/lib/python3.11/site-packages/airflow/example_dags/example_branch_operator_decorator.py took 4.826 seconds
[2023-07-22T17:59:37.483-0500] {processor.py:157} INFO - Started process (PID=24655) to work on /Users/abhishekpatkar/Documents/Projects/af_file_loader/venv/lib/python3.11/site-packages/airflow/example_dags/example_branch_operator_decorator.py
[2023-07-22T17:59:37.493-0500] {processor.py:826} INFO - Processing file /Users/abhishekpatkar/Documents/Projects/af_file_loader/venv/lib/python3.11/site-packages/airflow/example_dags/example_branch_operator_decorator.py for tasks to queue
[2023-07-22T17:59:37.494-0500] {logging_mixin.py:150} INFO - [2023-07-22T17:59:37.494-0500] {dagbag.py:541} INFO - Filling up the DagBag from /Users/abhishekpatkar/Documents/Projects/af_file_loader/venv/lib/python3.11/site-packages/airflow/example_dags/example_branch_operator_decorator.py
[2023-07-22T17:59:37.689-0500] {processor.py:836} INFO - DAG(s) dict_keys(['example_branch_python_operator_decorator']) retrieved from /Users/abhishekpatkar/Documents/Projects/af_file_loader/venv/lib/python3.11/site-packages/airflow/example_dags/example_branch_operator_decorator.py
[2023-07-22T17:59:39.321-0500] {logging_mixin.py:150} INFO - [2023-07-22T17:59:39.321-0500] {dag.py:2742} INFO - Sync 1 DAGs
[2023-07-22T17:59:39.361-0500] {logging_mixin.py:150} INFO - [2023-07-22T17:59:39.361-0500] {dag.py:3504} INFO - Setting next_dagrun for example_branch_python_operator_decorator to 2023-07-21T00:00:00+00:00, run_after=2023-07-22T00:00:00+00:00
[2023-07-22T17:59:39.394-0500] {processor.py:179} INFO - Processing /Users/abhishekpatkar/Documents/Projects/af_file_loader/venv/lib/python3.11/site-packages/airflow/example_dags/example_branch_operator_decorator.py took 1.912 seconds
[2023-07-22T18:06:53.496-0500] {processor.py:157} INFO - Started process (PID=24909) to work on /Users/abhishekpatkar/Documents/Projects/af_file_loader/venv/lib/python3.11/site-packages/airflow/example_dags/example_branch_operator_decorator.py
[2023-07-22T18:06:53.501-0500] {processor.py:826} INFO - Processing file /Users/abhishekpatkar/Documents/Projects/af_file_loader/venv/lib/python3.11/site-packages/airflow/example_dags/example_branch_operator_decorator.py for tasks to queue
[2023-07-22T18:06:53.503-0500] {logging_mixin.py:150} INFO - [2023-07-22T18:06:53.503-0500] {dagbag.py:541} INFO - Filling up the DagBag from /Users/abhishekpatkar/Documents/Projects/af_file_loader/venv/lib/python3.11/site-packages/airflow/example_dags/example_branch_operator_decorator.py
[2023-07-22T18:06:53.597-0500] {processor.py:836} INFO - DAG(s) dict_keys(['example_branch_python_operator_decorator']) retrieved from /Users/abhishekpatkar/Documents/Projects/af_file_loader/venv/lib/python3.11/site-packages/airflow/example_dags/example_branch_operator_decorator.py
[2023-07-22T18:06:54.558-0500] {logging_mixin.py:150} INFO - [2023-07-22T18:06:54.558-0500] {dag.py:2742} INFO - Sync 1 DAGs
[2023-07-22T18:06:54.587-0500] {logging_mixin.py:150} INFO - [2023-07-22T18:06:54.587-0500] {dag.py:3504} INFO - Setting next_dagrun for example_branch_python_operator_decorator to 2023-07-21T00:00:00+00:00, run_after=2023-07-22T00:00:00+00:00
[2023-07-22T18:06:54.619-0500] {processor.py:179} INFO - Processing /Users/abhishekpatkar/Documents/Projects/af_file_loader/venv/lib/python3.11/site-packages/airflow/example_dags/example_branch_operator_decorator.py took 1.123 seconds
