[2023-07-22T14:50:43.368-0500] {processor.py:157} INFO - Started process (PID=16581) to work on /Users/abhishekpatkar/Documents/Projects/af_file_loader/venv/lib/python3.11/site-packages/airflow/example_dags/example_task_group.py
[2023-07-22T14:50:43.372-0500] {processor.py:826} INFO - Processing file /Users/abhishekpatkar/Documents/Projects/af_file_loader/venv/lib/python3.11/site-packages/airflow/example_dags/example_task_group.py for tasks to queue
[2023-07-22T14:50:43.373-0500] {logging_mixin.py:150} INFO - [2023-07-22T14:50:43.373-0500] {dagbag.py:541} INFO - Filling up the DagBag from /Users/abhishekpatkar/Documents/Projects/af_file_loader/venv/lib/python3.11/site-packages/airflow/example_dags/example_task_group.py
[2023-07-22T14:50:43.403-0500] {processor.py:836} INFO - DAG(s) dict_keys(['example_task_group']) retrieved from /Users/abhishekpatkar/Documents/Projects/af_file_loader/venv/lib/python3.11/site-packages/airflow/example_dags/example_task_group.py
[2023-07-22T14:50:44.555-0500] {logging_mixin.py:150} INFO - [2023-07-22T14:50:44.555-0500] {manager.py:504} INFO - Created Permission View: can delete on DAG:example_task_group
[2023-07-22T14:50:44.572-0500] {logging_mixin.py:150} INFO - [2023-07-22T14:50:44.572-0500] {manager.py:504} INFO - Created Permission View: can edit on DAG:example_task_group
[2023-07-22T14:50:44.582-0500] {logging_mixin.py:150} INFO - [2023-07-22T14:50:44.582-0500] {manager.py:504} INFO - Created Permission View: can read on DAG:example_task_group
[2023-07-22T14:50:44.604-0500] {logging_mixin.py:150} INFO - [2023-07-22T14:50:44.604-0500] {dag.py:2742} INFO - Sync 1 DAGs
[2023-07-22T14:50:44.620-0500] {logging_mixin.py:150} INFO - [2023-07-22T14:50:44.620-0500] {dag.py:2763} INFO - Creating ORM DAG for example_task_group
[2023-07-22T14:50:44.638-0500] {logging_mixin.py:150} INFO - [2023-07-22T14:50:44.638-0500] {dag.py:3504} INFO - Setting next_dagrun for example_task_group to 2023-07-21T19:50:44.637718+00:00, run_after=2023-07-22T19:50:44.637718+00:00
[2023-07-22T14:50:44.673-0500] {processor.py:179} INFO - Processing /Users/abhishekpatkar/Documents/Projects/af_file_loader/venv/lib/python3.11/site-packages/airflow/example_dags/example_task_group.py took 1.307 seconds
[2023-07-22T14:54:09.698-0500] {processor.py:157} INFO - Started process (PID=16774) to work on /Users/abhishekpatkar/Documents/Projects/af_file_loader/venv/lib/python3.11/site-packages/airflow/example_dags/example_task_group.py
[2023-07-22T14:54:09.719-0500] {processor.py:826} INFO - Processing file /Users/abhishekpatkar/Documents/Projects/af_file_loader/venv/lib/python3.11/site-packages/airflow/example_dags/example_task_group.py for tasks to queue
[2023-07-22T14:54:09.720-0500] {logging_mixin.py:150} INFO - [2023-07-22T14:54:09.720-0500] {dagbag.py:541} INFO - Filling up the DagBag from /Users/abhishekpatkar/Documents/Projects/af_file_loader/venv/lib/python3.11/site-packages/airflow/example_dags/example_task_group.py
[2023-07-22T14:54:09.813-0500] {processor.py:836} INFO - DAG(s) dict_keys(['example_task_group']) retrieved from /Users/abhishekpatkar/Documents/Projects/af_file_loader/venv/lib/python3.11/site-packages/airflow/example_dags/example_task_group.py
[2023-07-22T14:54:11.082-0500] {logging_mixin.py:150} INFO - [2023-07-22T14:54:11.082-0500] {dag.py:2742} INFO - Sync 1 DAGs
[2023-07-22T14:54:11.106-0500] {logging_mixin.py:150} INFO - [2023-07-22T14:54:11.105-0500] {dag.py:3504} INFO - Setting next_dagrun for example_task_group to 2023-07-21T19:54:11.105567+00:00, run_after=2023-07-22T19:54:11.105567+00:00
[2023-07-22T14:54:11.153-0500] {processor.py:179} INFO - Processing /Users/abhishekpatkar/Documents/Projects/af_file_loader/venv/lib/python3.11/site-packages/airflow/example_dags/example_task_group.py took 1.463 seconds
[2023-07-22T14:56:52.919-0500] {processor.py:157} INFO - Started process (PID=16960) to work on /Users/abhishekpatkar/Documents/Projects/af_file_loader/venv/lib/python3.11/site-packages/airflow/example_dags/example_task_group.py
[2023-07-22T14:56:52.924-0500] {processor.py:826} INFO - Processing file /Users/abhishekpatkar/Documents/Projects/af_file_loader/venv/lib/python3.11/site-packages/airflow/example_dags/example_task_group.py for tasks to queue
[2023-07-22T14:56:52.924-0500] {logging_mixin.py:150} INFO - [2023-07-22T14:56:52.924-0500] {dagbag.py:541} INFO - Filling up the DagBag from /Users/abhishekpatkar/Documents/Projects/af_file_loader/venv/lib/python3.11/site-packages/airflow/example_dags/example_task_group.py
[2023-07-22T14:56:52.946-0500] {processor.py:836} INFO - DAG(s) dict_keys(['example_task_group']) retrieved from /Users/abhishekpatkar/Documents/Projects/af_file_loader/venv/lib/python3.11/site-packages/airflow/example_dags/example_task_group.py
[2023-07-22T14:56:54.003-0500] {logging_mixin.py:150} INFO - [2023-07-22T14:56:54.002-0500] {dag.py:2742} INFO - Sync 1 DAGs
[2023-07-22T14:56:54.037-0500] {logging_mixin.py:150} INFO - [2023-07-22T14:56:54.037-0500] {dag.py:3504} INFO - Setting next_dagrun for example_task_group to 2023-07-21T19:56:54.037084+00:00, run_after=2023-07-22T19:56:54.037084+00:00
[2023-07-22T14:56:54.068-0500] {processor.py:179} INFO - Processing /Users/abhishekpatkar/Documents/Projects/af_file_loader/venv/lib/python3.11/site-packages/airflow/example_dags/example_task_group.py took 1.151 seconds
[2023-07-22T14:59:19.401-0500] {processor.py:157} INFO - Started process (PID=17053) to work on /Users/abhishekpatkar/Documents/Projects/af_file_loader/venv/lib/python3.11/site-packages/airflow/example_dags/example_task_group.py
[2023-07-22T14:59:19.407-0500] {processor.py:826} INFO - Processing file /Users/abhishekpatkar/Documents/Projects/af_file_loader/venv/lib/python3.11/site-packages/airflow/example_dags/example_task_group.py for tasks to queue
[2023-07-22T14:59:19.407-0500] {logging_mixin.py:150} INFO - [2023-07-22T14:59:19.407-0500] {dagbag.py:541} INFO - Filling up the DagBag from /Users/abhishekpatkar/Documents/Projects/af_file_loader/venv/lib/python3.11/site-packages/airflow/example_dags/example_task_group.py
[2023-07-22T14:59:19.439-0500] {processor.py:836} INFO - DAG(s) dict_keys(['example_task_group']) retrieved from /Users/abhishekpatkar/Documents/Projects/af_file_loader/venv/lib/python3.11/site-packages/airflow/example_dags/example_task_group.py
[2023-07-22T14:59:20.122-0500] {logging_mixin.py:150} INFO - [2023-07-22T14:59:20.122-0500] {dag.py:2742} INFO - Sync 1 DAGs
[2023-07-22T14:59:20.138-0500] {logging_mixin.py:150} INFO - [2023-07-22T14:59:20.138-0500] {dag.py:3504} INFO - Setting next_dagrun for example_task_group to 2023-07-21T19:59:20.138508+00:00, run_after=2023-07-22T19:59:20.138508+00:00
[2023-07-22T14:59:20.159-0500] {processor.py:179} INFO - Processing /Users/abhishekpatkar/Documents/Projects/af_file_loader/venv/lib/python3.11/site-packages/airflow/example_dags/example_task_group.py took 0.759 seconds
[2023-07-22T15:01:44.499-0500] {processor.py:157} INFO - Started process (PID=17157) to work on /Users/abhishekpatkar/Documents/Projects/af_file_loader/venv/lib/python3.11/site-packages/airflow/example_dags/example_task_group.py
[2023-07-22T15:01:44.504-0500] {processor.py:826} INFO - Processing file /Users/abhishekpatkar/Documents/Projects/af_file_loader/venv/lib/python3.11/site-packages/airflow/example_dags/example_task_group.py for tasks to queue
[2023-07-22T15:01:44.504-0500] {logging_mixin.py:150} INFO - [2023-07-22T15:01:44.504-0500] {dagbag.py:541} INFO - Filling up the DagBag from /Users/abhishekpatkar/Documents/Projects/af_file_loader/venv/lib/python3.11/site-packages/airflow/example_dags/example_task_group.py
[2023-07-22T15:01:44.530-0500] {processor.py:836} INFO - DAG(s) dict_keys(['example_task_group']) retrieved from /Users/abhishekpatkar/Documents/Projects/af_file_loader/venv/lib/python3.11/site-packages/airflow/example_dags/example_task_group.py
[2023-07-22T15:01:45.482-0500] {logging_mixin.py:150} INFO - [2023-07-22T15:01:45.481-0500] {dag.py:2742} INFO - Sync 1 DAGs
[2023-07-22T15:01:45.535-0500] {logging_mixin.py:150} INFO - [2023-07-22T15:01:45.534-0500] {dag.py:3504} INFO - Setting next_dagrun for example_task_group to 2023-07-21T20:01:45.534233+00:00, run_after=2023-07-22T20:01:45.534233+00:00
[2023-07-22T15:01:45.652-0500] {processor.py:179} INFO - Processing /Users/abhishekpatkar/Documents/Projects/af_file_loader/venv/lib/python3.11/site-packages/airflow/example_dags/example_task_group.py took 1.154 seconds
[2023-07-22T15:04:19.674-0500] {processor.py:157} INFO - Started process (PID=17454) to work on /Users/abhishekpatkar/Documents/Projects/af_file_loader/venv/lib/python3.11/site-packages/airflow/example_dags/example_task_group.py
[2023-07-22T15:04:19.680-0500] {processor.py:826} INFO - Processing file /Users/abhishekpatkar/Documents/Projects/af_file_loader/venv/lib/python3.11/site-packages/airflow/example_dags/example_task_group.py for tasks to queue
[2023-07-22T15:04:19.682-0500] {logging_mixin.py:150} INFO - [2023-07-22T15:04:19.682-0500] {dagbag.py:541} INFO - Filling up the DagBag from /Users/abhishekpatkar/Documents/Projects/af_file_loader/venv/lib/python3.11/site-packages/airflow/example_dags/example_task_group.py
[2023-07-22T15:04:19.747-0500] {processor.py:836} INFO - DAG(s) dict_keys(['example_task_group']) retrieved from /Users/abhishekpatkar/Documents/Projects/af_file_loader/venv/lib/python3.11/site-packages/airflow/example_dags/example_task_group.py
[2023-07-22T15:04:21.239-0500] {logging_mixin.py:150} INFO - [2023-07-22T15:04:21.239-0500] {dag.py:2742} INFO - Sync 1 DAGs
[2023-07-22T15:04:21.263-0500] {logging_mixin.py:150} INFO - [2023-07-22T15:04:21.263-0500] {dag.py:3504} INFO - Setting next_dagrun for example_task_group to 2023-07-21T20:04:21.263253+00:00, run_after=2023-07-22T20:04:21.263253+00:00
[2023-07-22T15:04:21.297-0500] {processor.py:179} INFO - Processing /Users/abhishekpatkar/Documents/Projects/af_file_loader/venv/lib/python3.11/site-packages/airflow/example_dags/example_task_group.py took 1.625 seconds
[2023-07-22T15:09:21.539-0500] {processor.py:157} INFO - Started process (PID=17755) to work on /Users/abhishekpatkar/Documents/Projects/af_file_loader/venv/lib/python3.11/site-packages/airflow/example_dags/example_task_group.py
[2023-07-22T15:09:21.548-0500] {processor.py:826} INFO - Processing file /Users/abhishekpatkar/Documents/Projects/af_file_loader/venv/lib/python3.11/site-packages/airflow/example_dags/example_task_group.py for tasks to queue
[2023-07-22T15:09:21.549-0500] {logging_mixin.py:150} INFO - [2023-07-22T15:09:21.548-0500] {dagbag.py:541} INFO - Filling up the DagBag from /Users/abhishekpatkar/Documents/Projects/af_file_loader/venv/lib/python3.11/site-packages/airflow/example_dags/example_task_group.py
[2023-07-22T15:09:21.800-0500] {processor.py:836} INFO - DAG(s) dict_keys(['example_task_group']) retrieved from /Users/abhishekpatkar/Documents/Projects/af_file_loader/venv/lib/python3.11/site-packages/airflow/example_dags/example_task_group.py
[2023-07-22T15:09:27.420-0500] {logging_mixin.py:150} INFO - [2023-07-22T15:09:27.419-0500] {dag.py:2742} INFO - Sync 1 DAGs
[2023-07-22T15:09:27.539-0500] {logging_mixin.py:150} INFO - [2023-07-22T15:09:27.538-0500] {dag.py:3504} INFO - Setting next_dagrun for example_task_group to 2023-07-21T20:09:27.538623+00:00, run_after=2023-07-22T20:09:27.538623+00:00
[2023-07-22T15:09:27.627-0500] {processor.py:179} INFO - Processing /Users/abhishekpatkar/Documents/Projects/af_file_loader/venv/lib/python3.11/site-packages/airflow/example_dags/example_task_group.py took 6.089 seconds
[2023-07-22T15:12:52.800-0500] {processor.py:157} INFO - Started process (PID=17879) to work on /Users/abhishekpatkar/Documents/Projects/af_file_loader/venv/lib/python3.11/site-packages/airflow/example_dags/example_task_group.py
[2023-07-22T15:12:52.804-0500] {processor.py:826} INFO - Processing file /Users/abhishekpatkar/Documents/Projects/af_file_loader/venv/lib/python3.11/site-packages/airflow/example_dags/example_task_group.py for tasks to queue
[2023-07-22T15:12:52.804-0500] {logging_mixin.py:150} INFO - [2023-07-22T15:12:52.804-0500] {dagbag.py:541} INFO - Filling up the DagBag from /Users/abhishekpatkar/Documents/Projects/af_file_loader/venv/lib/python3.11/site-packages/airflow/example_dags/example_task_group.py
[2023-07-22T15:12:52.827-0500] {processor.py:836} INFO - DAG(s) dict_keys(['example_task_group']) retrieved from /Users/abhishekpatkar/Documents/Projects/af_file_loader/venv/lib/python3.11/site-packages/airflow/example_dags/example_task_group.py
[2023-07-22T15:12:53.608-0500] {logging_mixin.py:150} INFO - [2023-07-22T15:12:53.607-0500] {dag.py:2742} INFO - Sync 1 DAGs
[2023-07-22T15:12:53.633-0500] {logging_mixin.py:150} INFO - [2023-07-22T15:12:53.633-0500] {dag.py:3504} INFO - Setting next_dagrun for example_task_group to 2023-07-21T20:12:53.633349+00:00, run_after=2023-07-22T20:12:53.633349+00:00
[2023-07-22T15:12:53.657-0500] {processor.py:179} INFO - Processing /Users/abhishekpatkar/Documents/Projects/af_file_loader/venv/lib/python3.11/site-packages/airflow/example_dags/example_task_group.py took 0.858 seconds
[2023-07-22T15:15:37.350-0500] {processor.py:157} INFO - Started process (PID=17970) to work on /Users/abhishekpatkar/Documents/Projects/af_file_loader/venv/lib/python3.11/site-packages/airflow/example_dags/example_task_group.py
[2023-07-22T15:15:37.356-0500] {processor.py:826} INFO - Processing file /Users/abhishekpatkar/Documents/Projects/af_file_loader/venv/lib/python3.11/site-packages/airflow/example_dags/example_task_group.py for tasks to queue
[2023-07-22T15:15:37.357-0500] {logging_mixin.py:150} INFO - [2023-07-22T15:15:37.356-0500] {dagbag.py:541} INFO - Filling up the DagBag from /Users/abhishekpatkar/Documents/Projects/af_file_loader/venv/lib/python3.11/site-packages/airflow/example_dags/example_task_group.py
[2023-07-22T15:15:37.389-0500] {processor.py:836} INFO - DAG(s) dict_keys(['example_task_group']) retrieved from /Users/abhishekpatkar/Documents/Projects/af_file_loader/venv/lib/python3.11/site-packages/airflow/example_dags/example_task_group.py
[2023-07-22T15:15:38.648-0500] {logging_mixin.py:150} INFO - [2023-07-22T15:15:38.647-0500] {dag.py:2742} INFO - Sync 1 DAGs
[2023-07-22T15:15:38.677-0500] {logging_mixin.py:150} INFO - [2023-07-22T15:15:38.677-0500] {dag.py:3504} INFO - Setting next_dagrun for example_task_group to 2023-07-21T20:15:38.676902+00:00, run_after=2023-07-22T20:15:38.676902+00:00
[2023-07-22T15:15:38.702-0500] {processor.py:179} INFO - Processing /Users/abhishekpatkar/Documents/Projects/af_file_loader/venv/lib/python3.11/site-packages/airflow/example_dags/example_task_group.py took 1.353 seconds
[2023-07-22T15:18:29.805-0500] {processor.py:157} INFO - Started process (PID=18077) to work on /Users/abhishekpatkar/Documents/Projects/af_file_loader/venv/lib/python3.11/site-packages/airflow/example_dags/example_task_group.py
[2023-07-22T15:18:29.808-0500] {processor.py:826} INFO - Processing file /Users/abhishekpatkar/Documents/Projects/af_file_loader/venv/lib/python3.11/site-packages/airflow/example_dags/example_task_group.py for tasks to queue
[2023-07-22T15:18:29.809-0500] {logging_mixin.py:150} INFO - [2023-07-22T15:18:29.809-0500] {dagbag.py:541} INFO - Filling up the DagBag from /Users/abhishekpatkar/Documents/Projects/af_file_loader/venv/lib/python3.11/site-packages/airflow/example_dags/example_task_group.py
[2023-07-22T15:18:29.832-0500] {processor.py:836} INFO - DAG(s) dict_keys(['example_task_group']) retrieved from /Users/abhishekpatkar/Documents/Projects/af_file_loader/venv/lib/python3.11/site-packages/airflow/example_dags/example_task_group.py
[2023-07-22T15:18:30.899-0500] {logging_mixin.py:150} INFO - [2023-07-22T15:18:30.899-0500] {dag.py:2742} INFO - Sync 1 DAGs
[2023-07-22T15:18:30.924-0500] {logging_mixin.py:150} INFO - [2023-07-22T15:18:30.923-0500] {dag.py:3504} INFO - Setting next_dagrun for example_task_group to 2023-07-21T20:18:30.923693+00:00, run_after=2023-07-22T20:18:30.923693+00:00
[2023-07-22T15:18:30.954-0500] {processor.py:179} INFO - Processing /Users/abhishekpatkar/Documents/Projects/af_file_loader/venv/lib/python3.11/site-packages/airflow/example_dags/example_task_group.py took 1.150 seconds
[2023-07-22T15:21:18.836-0500] {processor.py:157} INFO - Started process (PID=18178) to work on /Users/abhishekpatkar/Documents/Projects/af_file_loader/venv/lib/python3.11/site-packages/airflow/example_dags/example_task_group.py
[2023-07-22T15:21:18.841-0500] {processor.py:826} INFO - Processing file /Users/abhishekpatkar/Documents/Projects/af_file_loader/venv/lib/python3.11/site-packages/airflow/example_dags/example_task_group.py for tasks to queue
[2023-07-22T15:21:18.841-0500] {logging_mixin.py:150} INFO - [2023-07-22T15:21:18.841-0500] {dagbag.py:541} INFO - Filling up the DagBag from /Users/abhishekpatkar/Documents/Projects/af_file_loader/venv/lib/python3.11/site-packages/airflow/example_dags/example_task_group.py
[2023-07-22T15:21:18.875-0500] {processor.py:836} INFO - DAG(s) dict_keys(['example_task_group']) retrieved from /Users/abhishekpatkar/Documents/Projects/af_file_loader/venv/lib/python3.11/site-packages/airflow/example_dags/example_task_group.py
[2023-07-22T15:21:19.822-0500] {logging_mixin.py:150} INFO - [2023-07-22T15:21:19.822-0500] {dag.py:2742} INFO - Sync 1 DAGs
[2023-07-22T15:21:19.839-0500] {logging_mixin.py:150} INFO - [2023-07-22T15:21:19.838-0500] {dag.py:3504} INFO - Setting next_dagrun for example_task_group to 2023-07-21T20:21:19.838815+00:00, run_after=2023-07-22T20:21:19.838815+00:00
[2023-07-22T15:21:19.859-0500] {processor.py:179} INFO - Processing /Users/abhishekpatkar/Documents/Projects/af_file_loader/venv/lib/python3.11/site-packages/airflow/example_dags/example_task_group.py took 1.025 seconds
[2023-07-22T15:23:39.034-0500] {processor.py:157} INFO - Started process (PID=18268) to work on /Users/abhishekpatkar/Documents/Projects/af_file_loader/venv/lib/python3.11/site-packages/airflow/example_dags/example_task_group.py
[2023-07-22T15:23:39.037-0500] {processor.py:826} INFO - Processing file /Users/abhishekpatkar/Documents/Projects/af_file_loader/venv/lib/python3.11/site-packages/airflow/example_dags/example_task_group.py for tasks to queue
[2023-07-22T15:23:39.038-0500] {logging_mixin.py:150} INFO - [2023-07-22T15:23:39.038-0500] {dagbag.py:541} INFO - Filling up the DagBag from /Users/abhishekpatkar/Documents/Projects/af_file_loader/venv/lib/python3.11/site-packages/airflow/example_dags/example_task_group.py
[2023-07-22T15:23:39.060-0500] {processor.py:836} INFO - DAG(s) dict_keys(['example_task_group']) retrieved from /Users/abhishekpatkar/Documents/Projects/af_file_loader/venv/lib/python3.11/site-packages/airflow/example_dags/example_task_group.py
[2023-07-22T15:23:40.085-0500] {logging_mixin.py:150} INFO - [2023-07-22T15:23:40.085-0500] {dag.py:2742} INFO - Sync 1 DAGs
[2023-07-22T15:23:40.102-0500] {logging_mixin.py:150} INFO - [2023-07-22T15:23:40.101-0500] {dag.py:3504} INFO - Setting next_dagrun for example_task_group to 2023-07-21T20:23:40.101714+00:00, run_after=2023-07-22T20:23:40.101714+00:00
[2023-07-22T15:23:40.120-0500] {processor.py:179} INFO - Processing /Users/abhishekpatkar/Documents/Projects/af_file_loader/venv/lib/python3.11/site-packages/airflow/example_dags/example_task_group.py took 1.087 seconds
[2023-07-22T15:25:53.885-0500] {processor.py:157} INFO - Started process (PID=18386) to work on /Users/abhishekpatkar/Documents/Projects/af_file_loader/venv/lib/python3.11/site-packages/airflow/example_dags/example_task_group.py
[2023-07-22T15:25:53.893-0500] {processor.py:826} INFO - Processing file /Users/abhishekpatkar/Documents/Projects/af_file_loader/venv/lib/python3.11/site-packages/airflow/example_dags/example_task_group.py for tasks to queue
[2023-07-22T15:25:53.894-0500] {logging_mixin.py:150} INFO - [2023-07-22T15:25:53.893-0500] {dagbag.py:541} INFO - Filling up the DagBag from /Users/abhishekpatkar/Documents/Projects/af_file_loader/venv/lib/python3.11/site-packages/airflow/example_dags/example_task_group.py
[2023-07-22T15:25:53.927-0500] {processor.py:836} INFO - DAG(s) dict_keys(['example_task_group']) retrieved from /Users/abhishekpatkar/Documents/Projects/af_file_loader/venv/lib/python3.11/site-packages/airflow/example_dags/example_task_group.py
[2023-07-22T15:25:55.057-0500] {logging_mixin.py:150} INFO - [2023-07-22T15:25:55.056-0500] {dag.py:2742} INFO - Sync 1 DAGs
[2023-07-22T15:25:55.092-0500] {logging_mixin.py:150} INFO - [2023-07-22T15:25:55.091-0500] {dag.py:3504} INFO - Setting next_dagrun for example_task_group to 2023-07-21T20:25:55.091613+00:00, run_after=2023-07-22T20:25:55.091613+00:00
[2023-07-22T15:25:55.129-0500] {processor.py:179} INFO - Processing /Users/abhishekpatkar/Documents/Projects/af_file_loader/venv/lib/python3.11/site-packages/airflow/example_dags/example_task_group.py took 1.245 seconds
[2023-07-22T15:29:39.506-0500] {processor.py:157} INFO - Started process (PID=18683) to work on /Users/abhishekpatkar/Documents/Projects/af_file_loader/venv/lib/python3.11/site-packages/airflow/example_dags/example_task_group.py
[2023-07-22T15:29:39.511-0500] {processor.py:826} INFO - Processing file /Users/abhishekpatkar/Documents/Projects/af_file_loader/venv/lib/python3.11/site-packages/airflow/example_dags/example_task_group.py for tasks to queue
[2023-07-22T15:29:39.512-0500] {logging_mixin.py:150} INFO - [2023-07-22T15:29:39.511-0500] {dagbag.py:541} INFO - Filling up the DagBag from /Users/abhishekpatkar/Documents/Projects/af_file_loader/venv/lib/python3.11/site-packages/airflow/example_dags/example_task_group.py
[2023-07-22T15:29:39.550-0500] {processor.py:836} INFO - DAG(s) dict_keys(['example_task_group']) retrieved from /Users/abhishekpatkar/Documents/Projects/af_file_loader/venv/lib/python3.11/site-packages/airflow/example_dags/example_task_group.py
[2023-07-22T15:29:41.574-0500] {logging_mixin.py:150} INFO - [2023-07-22T15:29:41.573-0500] {dag.py:2742} INFO - Sync 1 DAGs
[2023-07-22T15:29:41.616-0500] {logging_mixin.py:150} INFO - [2023-07-22T15:29:41.616-0500] {dag.py:3504} INFO - Setting next_dagrun for example_task_group to 2023-07-21T20:29:41.615273+00:00, run_after=2023-07-22T20:29:41.615273+00:00
[2023-07-22T15:29:41.664-0500] {processor.py:179} INFO - Processing /Users/abhishekpatkar/Documents/Projects/af_file_loader/venv/lib/python3.11/site-packages/airflow/example_dags/example_task_group.py took 2.159 seconds
[2023-07-22T15:32:14.301-0500] {processor.py:157} INFO - Started process (PID=18828) to work on /Users/abhishekpatkar/Documents/Projects/af_file_loader/venv/lib/python3.11/site-packages/airflow/example_dags/example_task_group.py
[2023-07-22T15:32:14.305-0500] {processor.py:826} INFO - Processing file /Users/abhishekpatkar/Documents/Projects/af_file_loader/venv/lib/python3.11/site-packages/airflow/example_dags/example_task_group.py for tasks to queue
[2023-07-22T15:32:14.306-0500] {logging_mixin.py:150} INFO - [2023-07-22T15:32:14.305-0500] {dagbag.py:541} INFO - Filling up the DagBag from /Users/abhishekpatkar/Documents/Projects/af_file_loader/venv/lib/python3.11/site-packages/airflow/example_dags/example_task_group.py
[2023-07-22T15:32:14.329-0500] {processor.py:836} INFO - DAG(s) dict_keys(['example_task_group']) retrieved from /Users/abhishekpatkar/Documents/Projects/af_file_loader/venv/lib/python3.11/site-packages/airflow/example_dags/example_task_group.py
[2023-07-22T15:32:14.979-0500] {logging_mixin.py:150} INFO - [2023-07-22T15:32:14.979-0500] {dag.py:2742} INFO - Sync 1 DAGs
[2023-07-22T15:32:14.995-0500] {logging_mixin.py:150} INFO - [2023-07-22T15:32:14.995-0500] {dag.py:3504} INFO - Setting next_dagrun for example_task_group to 2023-07-21T20:32:14.994957+00:00, run_after=2023-07-22T20:32:14.994957+00:00
[2023-07-22T15:32:15.012-0500] {processor.py:179} INFO - Processing /Users/abhishekpatkar/Documents/Projects/af_file_loader/venv/lib/python3.11/site-packages/airflow/example_dags/example_task_group.py took 0.712 seconds
[2023-07-22T15:34:10.146-0500] {processor.py:157} INFO - Started process (PID=18905) to work on /Users/abhishekpatkar/Documents/Projects/af_file_loader/venv/lib/python3.11/site-packages/airflow/example_dags/example_task_group.py
[2023-07-22T15:34:10.151-0500] {processor.py:826} INFO - Processing file /Users/abhishekpatkar/Documents/Projects/af_file_loader/venv/lib/python3.11/site-packages/airflow/example_dags/example_task_group.py for tasks to queue
[2023-07-22T15:34:10.151-0500] {logging_mixin.py:150} INFO - [2023-07-22T15:34:10.151-0500] {dagbag.py:541} INFO - Filling up the DagBag from /Users/abhishekpatkar/Documents/Projects/af_file_loader/venv/lib/python3.11/site-packages/airflow/example_dags/example_task_group.py
[2023-07-22T15:34:10.173-0500] {processor.py:836} INFO - DAG(s) dict_keys(['example_task_group']) retrieved from /Users/abhishekpatkar/Documents/Projects/af_file_loader/venv/lib/python3.11/site-packages/airflow/example_dags/example_task_group.py
[2023-07-22T15:34:10.846-0500] {logging_mixin.py:150} INFO - [2023-07-22T15:34:10.846-0500] {dag.py:2742} INFO - Sync 1 DAGs
[2023-07-22T15:34:10.862-0500] {logging_mixin.py:150} INFO - [2023-07-22T15:34:10.862-0500] {dag.py:3504} INFO - Setting next_dagrun for example_task_group to 2023-07-21T20:34:10.862267+00:00, run_after=2023-07-22T20:34:10.862267+00:00
[2023-07-22T15:34:10.881-0500] {processor.py:179} INFO - Processing /Users/abhishekpatkar/Documents/Projects/af_file_loader/venv/lib/python3.11/site-packages/airflow/example_dags/example_task_group.py took 0.736 seconds
[2023-07-22T15:36:01.351-0500] {processor.py:157} INFO - Started process (PID=19023) to work on /Users/abhishekpatkar/Documents/Projects/af_file_loader/venv/lib/python3.11/site-packages/airflow/example_dags/example_task_group.py
[2023-07-22T15:36:01.355-0500] {processor.py:826} INFO - Processing file /Users/abhishekpatkar/Documents/Projects/af_file_loader/venv/lib/python3.11/site-packages/airflow/example_dags/example_task_group.py for tasks to queue
[2023-07-22T15:36:01.356-0500] {logging_mixin.py:150} INFO - [2023-07-22T15:36:01.356-0500] {dagbag.py:541} INFO - Filling up the DagBag from /Users/abhishekpatkar/Documents/Projects/af_file_loader/venv/lib/python3.11/site-packages/airflow/example_dags/example_task_group.py
[2023-07-22T15:36:01.383-0500] {processor.py:836} INFO - DAG(s) dict_keys(['example_task_group']) retrieved from /Users/abhishekpatkar/Documents/Projects/af_file_loader/venv/lib/python3.11/site-packages/airflow/example_dags/example_task_group.py
[2023-07-22T15:36:02.140-0500] {logging_mixin.py:150} INFO - [2023-07-22T15:36:02.140-0500] {dag.py:2742} INFO - Sync 1 DAGs
[2023-07-22T15:36:02.155-0500] {logging_mixin.py:150} INFO - [2023-07-22T15:36:02.155-0500] {dag.py:3504} INFO - Setting next_dagrun for example_task_group to 2023-07-21T20:36:02.155186+00:00, run_after=2023-07-22T20:36:02.155186+00:00
[2023-07-22T15:36:02.195-0500] {processor.py:179} INFO - Processing /Users/abhishekpatkar/Documents/Projects/af_file_loader/venv/lib/python3.11/site-packages/airflow/example_dags/example_task_group.py took 0.846 seconds
[2023-07-22T15:47:38.617-0500] {processor.py:157} INFO - Started process (PID=19360) to work on /Users/abhishekpatkar/Documents/Projects/af_file_loader/venv/lib/python3.11/site-packages/airflow/example_dags/example_task_group.py
[2023-07-22T15:47:38.622-0500] {processor.py:826} INFO - Processing file /Users/abhishekpatkar/Documents/Projects/af_file_loader/venv/lib/python3.11/site-packages/airflow/example_dags/example_task_group.py for tasks to queue
[2023-07-22T15:47:38.623-0500] {logging_mixin.py:150} INFO - [2023-07-22T15:47:38.623-0500] {dagbag.py:541} INFO - Filling up the DagBag from /Users/abhishekpatkar/Documents/Projects/af_file_loader/venv/lib/python3.11/site-packages/airflow/example_dags/example_task_group.py
[2023-07-22T15:47:38.655-0500] {processor.py:836} INFO - DAG(s) dict_keys(['example_task_group']) retrieved from /Users/abhishekpatkar/Documents/Projects/af_file_loader/venv/lib/python3.11/site-packages/airflow/example_dags/example_task_group.py
[2023-07-22T15:47:39.535-0500] {logging_mixin.py:150} INFO - [2023-07-22T15:47:39.534-0500] {dag.py:2742} INFO - Sync 1 DAGs
[2023-07-22T15:47:39.562-0500] {logging_mixin.py:150} INFO - [2023-07-22T15:47:39.561-0500] {dag.py:3504} INFO - Setting next_dagrun for example_task_group to 2023-07-21T20:47:39.560555+00:00, run_after=2023-07-22T20:47:39.560555+00:00
[2023-07-22T15:47:39.587-0500] {processor.py:179} INFO - Processing /Users/abhishekpatkar/Documents/Projects/af_file_loader/venv/lib/python3.11/site-packages/airflow/example_dags/example_task_group.py took 0.970 seconds
[2023-07-22T15:49:59.718-0500] {processor.py:157} INFO - Started process (PID=19519) to work on /Users/abhishekpatkar/Documents/Projects/af_file_loader/venv/lib/python3.11/site-packages/airflow/example_dags/example_task_group.py
[2023-07-22T15:49:59.724-0500] {processor.py:826} INFO - Processing file /Users/abhishekpatkar/Documents/Projects/af_file_loader/venv/lib/python3.11/site-packages/airflow/example_dags/example_task_group.py for tasks to queue
[2023-07-22T15:49:59.724-0500] {logging_mixin.py:150} INFO - [2023-07-22T15:49:59.724-0500] {dagbag.py:541} INFO - Filling up the DagBag from /Users/abhishekpatkar/Documents/Projects/af_file_loader/venv/lib/python3.11/site-packages/airflow/example_dags/example_task_group.py
[2023-07-22T15:49:59.756-0500] {processor.py:836} INFO - DAG(s) dict_keys(['example_task_group']) retrieved from /Users/abhishekpatkar/Documents/Projects/af_file_loader/venv/lib/python3.11/site-packages/airflow/example_dags/example_task_group.py
[2023-07-22T15:50:00.715-0500] {logging_mixin.py:150} INFO - [2023-07-22T15:50:00.715-0500] {dag.py:2742} INFO - Sync 1 DAGs
[2023-07-22T15:50:00.735-0500] {logging_mixin.py:150} INFO - [2023-07-22T15:50:00.735-0500] {dag.py:3504} INFO - Setting next_dagrun for example_task_group to 2023-07-21T20:50:00.735547+00:00, run_after=2023-07-22T20:50:00.735547+00:00
[2023-07-22T15:50:00.759-0500] {processor.py:179} INFO - Processing /Users/abhishekpatkar/Documents/Projects/af_file_loader/venv/lib/python3.11/site-packages/airflow/example_dags/example_task_group.py took 1.042 seconds
[2023-07-22T15:52:36.815-0500] {processor.py:157} INFO - Started process (PID=19814) to work on /Users/abhishekpatkar/Documents/Projects/af_file_loader/venv/lib/python3.11/site-packages/airflow/example_dags/example_task_group.py
[2023-07-22T15:52:36.820-0500] {processor.py:826} INFO - Processing file /Users/abhishekpatkar/Documents/Projects/af_file_loader/venv/lib/python3.11/site-packages/airflow/example_dags/example_task_group.py for tasks to queue
[2023-07-22T15:52:36.821-0500] {logging_mixin.py:150} INFO - [2023-07-22T15:52:36.821-0500] {dagbag.py:541} INFO - Filling up the DagBag from /Users/abhishekpatkar/Documents/Projects/af_file_loader/venv/lib/python3.11/site-packages/airflow/example_dags/example_task_group.py
[2023-07-22T15:52:36.853-0500] {processor.py:836} INFO - DAG(s) dict_keys(['example_task_group']) retrieved from /Users/abhishekpatkar/Documents/Projects/af_file_loader/venv/lib/python3.11/site-packages/airflow/example_dags/example_task_group.py
[2023-07-22T15:52:38.048-0500] {logging_mixin.py:150} INFO - [2023-07-22T15:52:38.048-0500] {dag.py:2742} INFO - Sync 1 DAGs
[2023-07-22T15:52:38.066-0500] {logging_mixin.py:150} INFO - [2023-07-22T15:52:38.066-0500] {dag.py:3504} INFO - Setting next_dagrun for example_task_group to 2023-07-21T20:52:38.066495+00:00, run_after=2023-07-22T20:52:38.066495+00:00
[2023-07-22T15:52:38.103-0500] {processor.py:179} INFO - Processing /Users/abhishekpatkar/Documents/Projects/af_file_loader/venv/lib/python3.11/site-packages/airflow/example_dags/example_task_group.py took 1.288 seconds
[2023-07-22T15:55:16.416-0500] {processor.py:157} INFO - Started process (PID=19966) to work on /Users/abhishekpatkar/Documents/Projects/af_file_loader/venv/lib/python3.11/site-packages/airflow/example_dags/example_task_group.py
[2023-07-22T15:55:16.422-0500] {processor.py:826} INFO - Processing file /Users/abhishekpatkar/Documents/Projects/af_file_loader/venv/lib/python3.11/site-packages/airflow/example_dags/example_task_group.py for tasks to queue
[2023-07-22T15:55:16.422-0500] {logging_mixin.py:150} INFO - [2023-07-22T15:55:16.422-0500] {dagbag.py:541} INFO - Filling up the DagBag from /Users/abhishekpatkar/Documents/Projects/af_file_loader/venv/lib/python3.11/site-packages/airflow/example_dags/example_task_group.py
[2023-07-22T15:55:16.467-0500] {processor.py:836} INFO - DAG(s) dict_keys(['example_task_group']) retrieved from /Users/abhishekpatkar/Documents/Projects/af_file_loader/venv/lib/python3.11/site-packages/airflow/example_dags/example_task_group.py
[2023-07-22T15:55:17.383-0500] {logging_mixin.py:150} INFO - [2023-07-22T15:55:17.383-0500] {dag.py:2742} INFO - Sync 1 DAGs
[2023-07-22T15:55:17.408-0500] {logging_mixin.py:150} INFO - [2023-07-22T15:55:17.408-0500] {dag.py:3504} INFO - Setting next_dagrun for example_task_group to 2023-07-21T20:55:17.408153+00:00, run_after=2023-07-22T20:55:17.408153+00:00
[2023-07-22T15:55:17.450-0500] {processor.py:179} INFO - Processing /Users/abhishekpatkar/Documents/Projects/af_file_loader/venv/lib/python3.11/site-packages/airflow/example_dags/example_task_group.py took 1.035 seconds
[2023-07-22T15:57:56.073-0500] {processor.py:157} INFO - Started process (PID=20226) to work on /Users/abhishekpatkar/Documents/Projects/af_file_loader/venv/lib/python3.11/site-packages/airflow/example_dags/example_task_group.py
[2023-07-22T15:57:56.083-0500] {processor.py:826} INFO - Processing file /Users/abhishekpatkar/Documents/Projects/af_file_loader/venv/lib/python3.11/site-packages/airflow/example_dags/example_task_group.py for tasks to queue
[2023-07-22T15:57:56.084-0500] {logging_mixin.py:150} INFO - [2023-07-22T15:57:56.083-0500] {dagbag.py:541} INFO - Filling up the DagBag from /Users/abhishekpatkar/Documents/Projects/af_file_loader/venv/lib/python3.11/site-packages/airflow/example_dags/example_task_group.py
[2023-07-22T15:57:56.112-0500] {processor.py:836} INFO - DAG(s) dict_keys(['example_task_group']) retrieved from /Users/abhishekpatkar/Documents/Projects/af_file_loader/venv/lib/python3.11/site-packages/airflow/example_dags/example_task_group.py
[2023-07-22T15:57:57.044-0500] {logging_mixin.py:150} INFO - [2023-07-22T15:57:57.043-0500] {dag.py:2742} INFO - Sync 1 DAGs
[2023-07-22T15:57:57.082-0500] {logging_mixin.py:150} INFO - [2023-07-22T15:57:57.082-0500] {dag.py:3504} INFO - Setting next_dagrun for example_task_group to 2023-07-21T20:57:57.082327+00:00, run_after=2023-07-22T20:57:57.082327+00:00
[2023-07-22T15:57:57.123-0500] {processor.py:179} INFO - Processing /Users/abhishekpatkar/Documents/Projects/af_file_loader/venv/lib/python3.11/site-packages/airflow/example_dags/example_task_group.py took 1.051 seconds
[2023-07-22T16:00:23.161-0500] {processor.py:157} INFO - Started process (PID=20311) to work on /Users/abhishekpatkar/Documents/Projects/af_file_loader/venv/lib/python3.11/site-packages/airflow/example_dags/example_task_group.py
[2023-07-22T16:00:23.165-0500] {processor.py:826} INFO - Processing file /Users/abhishekpatkar/Documents/Projects/af_file_loader/venv/lib/python3.11/site-packages/airflow/example_dags/example_task_group.py for tasks to queue
[2023-07-22T16:00:23.167-0500] {logging_mixin.py:150} INFO - [2023-07-22T16:00:23.166-0500] {dagbag.py:541} INFO - Filling up the DagBag from /Users/abhishekpatkar/Documents/Projects/af_file_loader/venv/lib/python3.11/site-packages/airflow/example_dags/example_task_group.py
[2023-07-22T16:00:23.198-0500] {processor.py:836} INFO - DAG(s) dict_keys(['example_task_group']) retrieved from /Users/abhishekpatkar/Documents/Projects/af_file_loader/venv/lib/python3.11/site-packages/airflow/example_dags/example_task_group.py
[2023-07-22T16:00:24.092-0500] {logging_mixin.py:150} INFO - [2023-07-22T16:00:24.092-0500] {dag.py:2742} INFO - Sync 1 DAGs
[2023-07-22T16:00:24.114-0500] {logging_mixin.py:150} INFO - [2023-07-22T16:00:24.113-0500] {dag.py:3504} INFO - Setting next_dagrun for example_task_group to 2023-07-21T21:00:24.113670+00:00, run_after=2023-07-22T21:00:24.113670+00:00
[2023-07-22T16:00:24.138-0500] {processor.py:179} INFO - Processing /Users/abhishekpatkar/Documents/Projects/af_file_loader/venv/lib/python3.11/site-packages/airflow/example_dags/example_task_group.py took 0.979 seconds
[2023-07-22T16:02:45.995-0500] {processor.py:157} INFO - Started process (PID=20397) to work on /Users/abhishekpatkar/Documents/Projects/af_file_loader/venv/lib/python3.11/site-packages/airflow/example_dags/example_task_group.py
[2023-07-22T16:02:46.000-0500] {processor.py:826} INFO - Processing file /Users/abhishekpatkar/Documents/Projects/af_file_loader/venv/lib/python3.11/site-packages/airflow/example_dags/example_task_group.py for tasks to queue
[2023-07-22T16:02:46.001-0500] {logging_mixin.py:150} INFO - [2023-07-22T16:02:46.001-0500] {dagbag.py:541} INFO - Filling up the DagBag from /Users/abhishekpatkar/Documents/Projects/af_file_loader/venv/lib/python3.11/site-packages/airflow/example_dags/example_task_group.py
[2023-07-22T16:02:46.023-0500] {processor.py:836} INFO - DAG(s) dict_keys(['example_task_group']) retrieved from /Users/abhishekpatkar/Documents/Projects/af_file_loader/venv/lib/python3.11/site-packages/airflow/example_dags/example_task_group.py
[2023-07-22T16:02:46.662-0500] {logging_mixin.py:150} INFO - [2023-07-22T16:02:46.661-0500] {dag.py:2742} INFO - Sync 1 DAGs
[2023-07-22T16:02:46.677-0500] {logging_mixin.py:150} INFO - [2023-07-22T16:02:46.677-0500] {dag.py:3504} INFO - Setting next_dagrun for example_task_group to 2023-07-21T21:02:46.677545+00:00, run_after=2023-07-22T21:02:46.677545+00:00
[2023-07-22T16:02:46.697-0500] {processor.py:179} INFO - Processing /Users/abhishekpatkar/Documents/Projects/af_file_loader/venv/lib/python3.11/site-packages/airflow/example_dags/example_task_group.py took 0.703 seconds
[2023-07-22T16:04:37.373-0500] {processor.py:157} INFO - Started process (PID=20475) to work on /Users/abhishekpatkar/Documents/Projects/af_file_loader/venv/lib/python3.11/site-packages/airflow/example_dags/example_task_group.py
[2023-07-22T16:04:37.378-0500] {processor.py:826} INFO - Processing file /Users/abhishekpatkar/Documents/Projects/af_file_loader/venv/lib/python3.11/site-packages/airflow/example_dags/example_task_group.py for tasks to queue
[2023-07-22T16:04:37.379-0500] {logging_mixin.py:150} INFO - [2023-07-22T16:04:37.379-0500] {dagbag.py:541} INFO - Filling up the DagBag from /Users/abhishekpatkar/Documents/Projects/af_file_loader/venv/lib/python3.11/site-packages/airflow/example_dags/example_task_group.py
[2023-07-22T16:04:37.431-0500] {processor.py:836} INFO - DAG(s) dict_keys(['example_task_group']) retrieved from /Users/abhishekpatkar/Documents/Projects/af_file_loader/venv/lib/python3.11/site-packages/airflow/example_dags/example_task_group.py
[2023-07-22T16:04:38.079-0500] {logging_mixin.py:150} INFO - [2023-07-22T16:04:38.079-0500] {dag.py:2742} INFO - Sync 1 DAGs
[2023-07-22T16:04:38.094-0500] {logging_mixin.py:150} INFO - [2023-07-22T16:04:38.094-0500] {dag.py:3504} INFO - Setting next_dagrun for example_task_group to 2023-07-21T21:04:38.094447+00:00, run_after=2023-07-22T21:04:38.094447+00:00
[2023-07-22T16:04:38.112-0500] {processor.py:179} INFO - Processing /Users/abhishekpatkar/Documents/Projects/af_file_loader/venv/lib/python3.11/site-packages/airflow/example_dags/example_task_group.py took 0.740 seconds
[2023-07-22T16:06:24.093-0500] {processor.py:157} INFO - Started process (PID=20563) to work on /Users/abhishekpatkar/Documents/Projects/af_file_loader/venv/lib/python3.11/site-packages/airflow/example_dags/example_task_group.py
[2023-07-22T16:06:24.096-0500] {processor.py:826} INFO - Processing file /Users/abhishekpatkar/Documents/Projects/af_file_loader/venv/lib/python3.11/site-packages/airflow/example_dags/example_task_group.py for tasks to queue
[2023-07-22T16:06:24.097-0500] {logging_mixin.py:150} INFO - [2023-07-22T16:06:24.097-0500] {dagbag.py:541} INFO - Filling up the DagBag from /Users/abhishekpatkar/Documents/Projects/af_file_loader/venv/lib/python3.11/site-packages/airflow/example_dags/example_task_group.py
[2023-07-22T16:06:24.121-0500] {processor.py:836} INFO - DAG(s) dict_keys(['example_task_group']) retrieved from /Users/abhishekpatkar/Documents/Projects/af_file_loader/venv/lib/python3.11/site-packages/airflow/example_dags/example_task_group.py
[2023-07-22T16:06:24.762-0500] {logging_mixin.py:150} INFO - [2023-07-22T16:06:24.761-0500] {dag.py:2742} INFO - Sync 1 DAGs
[2023-07-22T16:06:24.777-0500] {logging_mixin.py:150} INFO - [2023-07-22T16:06:24.777-0500] {dag.py:3504} INFO - Setting next_dagrun for example_task_group to 2023-07-21T21:06:24.777575+00:00, run_after=2023-07-22T21:06:24.777575+00:00
[2023-07-22T16:06:24.795-0500] {processor.py:179} INFO - Processing /Users/abhishekpatkar/Documents/Projects/af_file_loader/venv/lib/python3.11/site-packages/airflow/example_dags/example_task_group.py took 0.703 seconds
[2023-07-22T16:08:15.906-0500] {processor.py:157} INFO - Started process (PID=20647) to work on /Users/abhishekpatkar/Documents/Projects/af_file_loader/venv/lib/python3.11/site-packages/airflow/example_dags/example_task_group.py
[2023-07-22T16:08:15.910-0500] {processor.py:826} INFO - Processing file /Users/abhishekpatkar/Documents/Projects/af_file_loader/venv/lib/python3.11/site-packages/airflow/example_dags/example_task_group.py for tasks to queue
[2023-07-22T16:08:15.911-0500] {logging_mixin.py:150} INFO - [2023-07-22T16:08:15.911-0500] {dagbag.py:541} INFO - Filling up the DagBag from /Users/abhishekpatkar/Documents/Projects/af_file_loader/venv/lib/python3.11/site-packages/airflow/example_dags/example_task_group.py
[2023-07-22T16:08:15.932-0500] {processor.py:836} INFO - DAG(s) dict_keys(['example_task_group']) retrieved from /Users/abhishekpatkar/Documents/Projects/af_file_loader/venv/lib/python3.11/site-packages/airflow/example_dags/example_task_group.py
[2023-07-22T16:08:16.555-0500] {logging_mixin.py:150} INFO - [2023-07-22T16:08:16.555-0500] {dag.py:2742} INFO - Sync 1 DAGs
[2023-07-22T16:08:16.570-0500] {logging_mixin.py:150} INFO - [2023-07-22T16:08:16.570-0500] {dag.py:3504} INFO - Setting next_dagrun for example_task_group to 2023-07-21T21:08:16.570138+00:00, run_after=2023-07-22T21:08:16.570138+00:00
[2023-07-22T16:08:16.588-0500] {processor.py:179} INFO - Processing /Users/abhishekpatkar/Documents/Projects/af_file_loader/venv/lib/python3.11/site-packages/airflow/example_dags/example_task_group.py took 0.683 seconds
[2023-07-22T16:10:07.989-0500] {processor.py:157} INFO - Started process (PID=20719) to work on /Users/abhishekpatkar/Documents/Projects/af_file_loader/venv/lib/python3.11/site-packages/airflow/example_dags/example_task_group.py
[2023-07-22T16:10:07.993-0500] {processor.py:826} INFO - Processing file /Users/abhishekpatkar/Documents/Projects/af_file_loader/venv/lib/python3.11/site-packages/airflow/example_dags/example_task_group.py for tasks to queue
[2023-07-22T16:10:07.994-0500] {logging_mixin.py:150} INFO - [2023-07-22T16:10:07.993-0500] {dagbag.py:541} INFO - Filling up the DagBag from /Users/abhishekpatkar/Documents/Projects/af_file_loader/venv/lib/python3.11/site-packages/airflow/example_dags/example_task_group.py
[2023-07-22T16:10:08.014-0500] {processor.py:836} INFO - DAG(s) dict_keys(['example_task_group']) retrieved from /Users/abhishekpatkar/Documents/Projects/af_file_loader/venv/lib/python3.11/site-packages/airflow/example_dags/example_task_group.py
[2023-07-22T16:10:08.643-0500] {logging_mixin.py:150} INFO - [2023-07-22T16:10:08.643-0500] {dag.py:2742} INFO - Sync 1 DAGs
[2023-07-22T16:10:08.659-0500] {logging_mixin.py:150} INFO - [2023-07-22T16:10:08.659-0500] {dag.py:3504} INFO - Setting next_dagrun for example_task_group to 2023-07-21T21:10:08.659172+00:00, run_after=2023-07-22T21:10:08.659172+00:00
[2023-07-22T16:10:08.677-0500] {processor.py:179} INFO - Processing /Users/abhishekpatkar/Documents/Projects/af_file_loader/venv/lib/python3.11/site-packages/airflow/example_dags/example_task_group.py took 0.688 seconds
[2023-07-22T16:23:49.910-0500] {processor.py:157} INFO - Started process (PID=20855) to work on /Users/abhishekpatkar/Documents/Projects/af_file_loader/venv/lib/python3.11/site-packages/airflow/example_dags/example_task_group.py
[2023-07-22T16:23:49.913-0500] {processor.py:826} INFO - Processing file /Users/abhishekpatkar/Documents/Projects/af_file_loader/venv/lib/python3.11/site-packages/airflow/example_dags/example_task_group.py for tasks to queue
[2023-07-22T16:23:49.914-0500] {logging_mixin.py:150} INFO - [2023-07-22T16:23:49.914-0500] {dagbag.py:541} INFO - Filling up the DagBag from /Users/abhishekpatkar/Documents/Projects/af_file_loader/venv/lib/python3.11/site-packages/airflow/example_dags/example_task_group.py
[2023-07-22T16:23:49.935-0500] {processor.py:836} INFO - DAG(s) dict_keys(['example_task_group']) retrieved from /Users/abhishekpatkar/Documents/Projects/af_file_loader/venv/lib/python3.11/site-packages/airflow/example_dags/example_task_group.py
[2023-07-22T16:23:50.663-0500] {logging_mixin.py:150} INFO - [2023-07-22T16:23:50.663-0500] {dag.py:2742} INFO - Sync 1 DAGs
[2023-07-22T16:23:50.680-0500] {logging_mixin.py:150} INFO - [2023-07-22T16:23:50.680-0500] {dag.py:3504} INFO - Setting next_dagrun for example_task_group to 2023-07-21T21:23:50.680000+00:00, run_after=2023-07-22T21:23:50.680000+00:00
[2023-07-22T16:23:50.700-0500] {processor.py:179} INFO - Processing /Users/abhishekpatkar/Documents/Projects/af_file_loader/venv/lib/python3.11/site-packages/airflow/example_dags/example_task_group.py took 0.791 seconds
[2023-07-22T16:26:37.533-0500] {processor.py:157} INFO - Started process (PID=20976) to work on /Users/abhishekpatkar/Documents/Projects/af_file_loader/venv/lib/python3.11/site-packages/airflow/example_dags/example_task_group.py
[2023-07-22T16:26:37.538-0500] {processor.py:826} INFO - Processing file /Users/abhishekpatkar/Documents/Projects/af_file_loader/venv/lib/python3.11/site-packages/airflow/example_dags/example_task_group.py for tasks to queue
[2023-07-22T16:26:37.538-0500] {logging_mixin.py:150} INFO - [2023-07-22T16:26:37.538-0500] {dagbag.py:541} INFO - Filling up the DagBag from /Users/abhishekpatkar/Documents/Projects/af_file_loader/venv/lib/python3.11/site-packages/airflow/example_dags/example_task_group.py
[2023-07-22T16:26:37.570-0500] {processor.py:836} INFO - DAG(s) dict_keys(['example_task_group']) retrieved from /Users/abhishekpatkar/Documents/Projects/af_file_loader/venv/lib/python3.11/site-packages/airflow/example_dags/example_task_group.py
[2023-07-22T16:26:38.524-0500] {logging_mixin.py:150} INFO - [2023-07-22T16:26:38.524-0500] {dag.py:2742} INFO - Sync 1 DAGs
[2023-07-22T16:26:38.547-0500] {logging_mixin.py:150} INFO - [2023-07-22T16:26:38.546-0500] {dag.py:3504} INFO - Setting next_dagrun for example_task_group to 2023-07-21T21:26:38.546778+00:00, run_after=2023-07-22T21:26:38.546778+00:00
[2023-07-22T16:26:38.574-0500] {processor.py:179} INFO - Processing /Users/abhishekpatkar/Documents/Projects/af_file_loader/venv/lib/python3.11/site-packages/airflow/example_dags/example_task_group.py took 1.042 seconds
[2023-07-22T16:30:01.566-0500] {processor.py:157} INFO - Started process (PID=21094) to work on /Users/abhishekpatkar/Documents/Projects/af_file_loader/venv/lib/python3.11/site-packages/airflow/example_dags/example_task_group.py
[2023-07-22T16:30:01.571-0500] {processor.py:826} INFO - Processing file /Users/abhishekpatkar/Documents/Projects/af_file_loader/venv/lib/python3.11/site-packages/airflow/example_dags/example_task_group.py for tasks to queue
[2023-07-22T16:30:01.571-0500] {logging_mixin.py:150} INFO - [2023-07-22T16:30:01.571-0500] {dagbag.py:541} INFO - Filling up the DagBag from /Users/abhishekpatkar/Documents/Projects/af_file_loader/venv/lib/python3.11/site-packages/airflow/example_dags/example_task_group.py
[2023-07-22T16:30:01.603-0500] {processor.py:836} INFO - DAG(s) dict_keys(['example_task_group']) retrieved from /Users/abhishekpatkar/Documents/Projects/af_file_loader/venv/lib/python3.11/site-packages/airflow/example_dags/example_task_group.py
[2023-07-22T16:30:02.489-0500] {logging_mixin.py:150} INFO - [2023-07-22T16:30:02.488-0500] {dag.py:2742} INFO - Sync 1 DAGs
[2023-07-22T16:30:02.516-0500] {logging_mixin.py:150} INFO - [2023-07-22T16:30:02.515-0500] {dag.py:3504} INFO - Setting next_dagrun for example_task_group to 2023-07-21T21:30:02.515613+00:00, run_after=2023-07-22T21:30:02.515613+00:00
[2023-07-22T16:30:02.541-0500] {processor.py:179} INFO - Processing /Users/abhishekpatkar/Documents/Projects/af_file_loader/venv/lib/python3.11/site-packages/airflow/example_dags/example_task_group.py took 0.975 seconds
[2023-07-22T16:33:15.648-0500] {processor.py:157} INFO - Started process (PID=21198) to work on /Users/abhishekpatkar/Documents/Projects/af_file_loader/venv/lib/python3.11/site-packages/airflow/example_dags/example_task_group.py
[2023-07-22T16:33:15.658-0500] {processor.py:826} INFO - Processing file /Users/abhishekpatkar/Documents/Projects/af_file_loader/venv/lib/python3.11/site-packages/airflow/example_dags/example_task_group.py for tasks to queue
[2023-07-22T16:33:15.659-0500] {logging_mixin.py:150} INFO - [2023-07-22T16:33:15.659-0500] {dagbag.py:541} INFO - Filling up the DagBag from /Users/abhishekpatkar/Documents/Projects/af_file_loader/venv/lib/python3.11/site-packages/airflow/example_dags/example_task_group.py
[2023-07-22T16:33:15.703-0500] {processor.py:836} INFO - DAG(s) dict_keys(['example_task_group']) retrieved from /Users/abhishekpatkar/Documents/Projects/af_file_loader/venv/lib/python3.11/site-packages/airflow/example_dags/example_task_group.py
[2023-07-22T16:33:17.203-0500] {logging_mixin.py:150} INFO - [2023-07-22T16:33:17.203-0500] {dag.py:2742} INFO - Sync 1 DAGs
[2023-07-22T16:33:17.232-0500] {logging_mixin.py:150} INFO - [2023-07-22T16:33:17.232-0500] {dag.py:3504} INFO - Setting next_dagrun for example_task_group to 2023-07-21T21:33:17.232053+00:00, run_after=2023-07-22T21:33:17.232053+00:00
[2023-07-22T16:33:17.261-0500] {processor.py:179} INFO - Processing /Users/abhishekpatkar/Documents/Projects/af_file_loader/venv/lib/python3.11/site-packages/airflow/example_dags/example_task_group.py took 1.614 seconds
[2023-07-22T16:37:05.022-0500] {processor.py:157} INFO - Started process (PID=21313) to work on /Users/abhishekpatkar/Documents/Projects/af_file_loader/venv/lib/python3.11/site-packages/airflow/example_dags/example_task_group.py
[2023-07-22T16:37:05.042-0500] {processor.py:826} INFO - Processing file /Users/abhishekpatkar/Documents/Projects/af_file_loader/venv/lib/python3.11/site-packages/airflow/example_dags/example_task_group.py for tasks to queue
[2023-07-22T16:37:05.043-0500] {logging_mixin.py:150} INFO - [2023-07-22T16:37:05.043-0500] {dagbag.py:541} INFO - Filling up the DagBag from /Users/abhishekpatkar/Documents/Projects/af_file_loader/venv/lib/python3.11/site-packages/airflow/example_dags/example_task_group.py
[2023-07-22T16:37:05.186-0500] {processor.py:836} INFO - DAG(s) dict_keys(['example_task_group']) retrieved from /Users/abhishekpatkar/Documents/Projects/af_file_loader/venv/lib/python3.11/site-packages/airflow/example_dags/example_task_group.py
[2023-07-22T16:37:09.990-0500] {logging_mixin.py:150} INFO - [2023-07-22T16:37:09.977-0500] {dag.py:2742} INFO - Sync 1 DAGs
[2023-07-22T16:37:10.101-0500] {logging_mixin.py:150} INFO - [2023-07-22T16:37:10.100-0500] {dag.py:3504} INFO - Setting next_dagrun for example_task_group to 2023-07-21T21:37:10.095180+00:00, run_after=2023-07-22T21:37:10.095180+00:00
[2023-07-22T16:37:10.185-0500] {processor.py:179} INFO - Processing /Users/abhishekpatkar/Documents/Projects/af_file_loader/venv/lib/python3.11/site-packages/airflow/example_dags/example_task_group.py took 5.184 seconds
[2023-07-22T16:41:54.308-0500] {processor.py:157} INFO - Started process (PID=21520) to work on /Users/abhishekpatkar/Documents/Projects/af_file_loader/venv/lib/python3.11/site-packages/airflow/example_dags/example_task_group.py
[2023-07-22T16:41:54.314-0500] {processor.py:826} INFO - Processing file /Users/abhishekpatkar/Documents/Projects/af_file_loader/venv/lib/python3.11/site-packages/airflow/example_dags/example_task_group.py for tasks to queue
[2023-07-22T16:41:54.314-0500] {logging_mixin.py:150} INFO - [2023-07-22T16:41:54.314-0500] {dagbag.py:541} INFO - Filling up the DagBag from /Users/abhishekpatkar/Documents/Projects/af_file_loader/venv/lib/python3.11/site-packages/airflow/example_dags/example_task_group.py
[2023-07-22T16:41:54.360-0500] {processor.py:836} INFO - DAG(s) dict_keys(['example_task_group']) retrieved from /Users/abhishekpatkar/Documents/Projects/af_file_loader/venv/lib/python3.11/site-packages/airflow/example_dags/example_task_group.py
[2023-07-22T16:41:55.614-0500] {logging_mixin.py:150} INFO - [2023-07-22T16:41:55.614-0500] {dag.py:2742} INFO - Sync 1 DAGs
[2023-07-22T16:41:55.642-0500] {logging_mixin.py:150} INFO - [2023-07-22T16:41:55.642-0500] {dag.py:3504} INFO - Setting next_dagrun for example_task_group to 2023-07-21T21:41:55.641955+00:00, run_after=2023-07-22T21:41:55.641955+00:00
[2023-07-22T16:41:55.709-0500] {processor.py:179} INFO - Processing /Users/abhishekpatkar/Documents/Projects/af_file_loader/venv/lib/python3.11/site-packages/airflow/example_dags/example_task_group.py took 1.402 seconds
[2023-07-22T16:45:47.952-0500] {processor.py:157} INFO - Started process (PID=21635) to work on /Users/abhishekpatkar/Documents/Projects/af_file_loader/venv/lib/python3.11/site-packages/airflow/example_dags/example_task_group.py
[2023-07-22T16:45:47.962-0500] {processor.py:826} INFO - Processing file /Users/abhishekpatkar/Documents/Projects/af_file_loader/venv/lib/python3.11/site-packages/airflow/example_dags/example_task_group.py for tasks to queue
[2023-07-22T16:45:47.963-0500] {logging_mixin.py:150} INFO - [2023-07-22T16:45:47.962-0500] {dagbag.py:541} INFO - Filling up the DagBag from /Users/abhishekpatkar/Documents/Projects/af_file_loader/venv/lib/python3.11/site-packages/airflow/example_dags/example_task_group.py
[2023-07-22T16:45:47.998-0500] {processor.py:836} INFO - DAG(s) dict_keys(['example_task_group']) retrieved from /Users/abhishekpatkar/Documents/Projects/af_file_loader/venv/lib/python3.11/site-packages/airflow/example_dags/example_task_group.py
[2023-07-22T16:45:49.595-0500] {logging_mixin.py:150} INFO - [2023-07-22T16:45:49.595-0500] {dag.py:2742} INFO - Sync 1 DAGs
[2023-07-22T16:45:49.649-0500] {logging_mixin.py:150} INFO - [2023-07-22T16:45:49.649-0500] {dag.py:3504} INFO - Setting next_dagrun for example_task_group to 2023-07-21T21:45:49.649284+00:00, run_after=2023-07-22T21:45:49.649284+00:00
[2023-07-22T16:45:49.682-0500] {processor.py:179} INFO - Processing /Users/abhishekpatkar/Documents/Projects/af_file_loader/venv/lib/python3.11/site-packages/airflow/example_dags/example_task_group.py took 1.731 seconds
[2023-07-22T16:49:26.274-0500] {processor.py:157} INFO - Started process (PID=21747) to work on /Users/abhishekpatkar/Documents/Projects/af_file_loader/venv/lib/python3.11/site-packages/airflow/example_dags/example_task_group.py
[2023-07-22T16:49:26.278-0500] {processor.py:826} INFO - Processing file /Users/abhishekpatkar/Documents/Projects/af_file_loader/venv/lib/python3.11/site-packages/airflow/example_dags/example_task_group.py for tasks to queue
[2023-07-22T16:49:26.279-0500] {logging_mixin.py:150} INFO - [2023-07-22T16:49:26.279-0500] {dagbag.py:541} INFO - Filling up the DagBag from /Users/abhishekpatkar/Documents/Projects/af_file_loader/venv/lib/python3.11/site-packages/airflow/example_dags/example_task_group.py
[2023-07-22T16:49:26.320-0500] {processor.py:836} INFO - DAG(s) dict_keys(['example_task_group']) retrieved from /Users/abhishekpatkar/Documents/Projects/af_file_loader/venv/lib/python3.11/site-packages/airflow/example_dags/example_task_group.py
[2023-07-22T16:49:27.815-0500] {logging_mixin.py:150} INFO - [2023-07-22T16:49:27.814-0500] {dag.py:2742} INFO - Sync 1 DAGs
[2023-07-22T16:49:27.851-0500] {logging_mixin.py:150} INFO - [2023-07-22T16:49:27.851-0500] {dag.py:3504} INFO - Setting next_dagrun for example_task_group to 2023-07-21T21:49:27.850887+00:00, run_after=2023-07-22T21:49:27.850887+00:00
[2023-07-22T16:49:27.890-0500] {processor.py:179} INFO - Processing /Users/abhishekpatkar/Documents/Projects/af_file_loader/venv/lib/python3.11/site-packages/airflow/example_dags/example_task_group.py took 1.616 seconds
[2023-07-22T16:53:25.262-0500] {processor.py:157} INFO - Started process (PID=21862) to work on /Users/abhishekpatkar/Documents/Projects/af_file_loader/venv/lib/python3.11/site-packages/airflow/example_dags/example_task_group.py
[2023-07-22T16:53:25.271-0500] {processor.py:826} INFO - Processing file /Users/abhishekpatkar/Documents/Projects/af_file_loader/venv/lib/python3.11/site-packages/airflow/example_dags/example_task_group.py for tasks to queue
[2023-07-22T16:53:25.272-0500] {logging_mixin.py:150} INFO - [2023-07-22T16:53:25.271-0500] {dagbag.py:541} INFO - Filling up the DagBag from /Users/abhishekpatkar/Documents/Projects/af_file_loader/venv/lib/python3.11/site-packages/airflow/example_dags/example_task_group.py
[2023-07-22T16:53:25.332-0500] {processor.py:836} INFO - DAG(s) dict_keys(['example_task_group']) retrieved from /Users/abhishekpatkar/Documents/Projects/af_file_loader/venv/lib/python3.11/site-packages/airflow/example_dags/example_task_group.py
[2023-07-22T16:53:27.000-0500] {logging_mixin.py:150} INFO - [2023-07-22T16:53:26.999-0500] {dag.py:2742} INFO - Sync 1 DAGs
[2023-07-22T16:53:27.036-0500] {logging_mixin.py:150} INFO - [2023-07-22T16:53:27.036-0500] {dag.py:3504} INFO - Setting next_dagrun for example_task_group to 2023-07-21T21:53:27.036090+00:00, run_after=2023-07-22T21:53:27.036090+00:00
[2023-07-22T16:53:27.079-0500] {processor.py:179} INFO - Processing /Users/abhishekpatkar/Documents/Projects/af_file_loader/venv/lib/python3.11/site-packages/airflow/example_dags/example_task_group.py took 1.819 seconds
[2023-07-22T16:56:33.748-0500] {processor.py:157} INFO - Started process (PID=21977) to work on /Users/abhishekpatkar/Documents/Projects/af_file_loader/venv/lib/python3.11/site-packages/airflow/example_dags/example_task_group.py
[2023-07-22T16:56:33.753-0500] {processor.py:826} INFO - Processing file /Users/abhishekpatkar/Documents/Projects/af_file_loader/venv/lib/python3.11/site-packages/airflow/example_dags/example_task_group.py for tasks to queue
[2023-07-22T16:56:33.754-0500] {logging_mixin.py:150} INFO - [2023-07-22T16:56:33.754-0500] {dagbag.py:541} INFO - Filling up the DagBag from /Users/abhishekpatkar/Documents/Projects/af_file_loader/venv/lib/python3.11/site-packages/airflow/example_dags/example_task_group.py
[2023-07-22T16:56:33.800-0500] {processor.py:836} INFO - DAG(s) dict_keys(['example_task_group']) retrieved from /Users/abhishekpatkar/Documents/Projects/af_file_loader/venv/lib/python3.11/site-packages/airflow/example_dags/example_task_group.py
[2023-07-22T16:56:35.083-0500] {logging_mixin.py:150} INFO - [2023-07-22T16:56:35.083-0500] {dag.py:2742} INFO - Sync 1 DAGs
[2023-07-22T16:56:35.107-0500] {logging_mixin.py:150} INFO - [2023-07-22T16:56:35.107-0500] {dag.py:3504} INFO - Setting next_dagrun for example_task_group to 2023-07-21T21:56:35.107212+00:00, run_after=2023-07-22T21:56:35.107212+00:00
[2023-07-22T16:56:35.143-0500] {processor.py:179} INFO - Processing /Users/abhishekpatkar/Documents/Projects/af_file_loader/venv/lib/python3.11/site-packages/airflow/example_dags/example_task_group.py took 1.404 seconds
[2023-07-22T16:59:31.205-0500] {processor.py:157} INFO - Started process (PID=22074) to work on /Users/abhishekpatkar/Documents/Projects/af_file_loader/venv/lib/python3.11/site-packages/airflow/example_dags/example_task_group.py
[2023-07-22T16:59:31.212-0500] {processor.py:826} INFO - Processing file /Users/abhishekpatkar/Documents/Projects/af_file_loader/venv/lib/python3.11/site-packages/airflow/example_dags/example_task_group.py for tasks to queue
[2023-07-22T16:59:31.213-0500] {logging_mixin.py:150} INFO - [2023-07-22T16:59:31.212-0500] {dagbag.py:541} INFO - Filling up the DagBag from /Users/abhishekpatkar/Documents/Projects/af_file_loader/venv/lib/python3.11/site-packages/airflow/example_dags/example_task_group.py
[2023-07-22T16:59:31.260-0500] {processor.py:836} INFO - DAG(s) dict_keys(['example_task_group']) retrieved from /Users/abhishekpatkar/Documents/Projects/af_file_loader/venv/lib/python3.11/site-packages/airflow/example_dags/example_task_group.py
[2023-07-22T16:59:32.405-0500] {logging_mixin.py:150} INFO - [2023-07-22T16:59:32.405-0500] {dag.py:2742} INFO - Sync 1 DAGs
[2023-07-22T16:59:32.429-0500] {logging_mixin.py:150} INFO - [2023-07-22T16:59:32.429-0500] {dag.py:3504} INFO - Setting next_dagrun for example_task_group to 2023-07-21T21:59:32.429036+00:00, run_after=2023-07-22T21:59:32.429036+00:00
[2023-07-22T16:59:32.459-0500] {processor.py:179} INFO - Processing /Users/abhishekpatkar/Documents/Projects/af_file_loader/venv/lib/python3.11/site-packages/airflow/example_dags/example_task_group.py took 1.259 seconds
[2023-07-22T17:03:35.204-0500] {processor.py:157} INFO - Started process (PID=22248) to work on /Users/abhishekpatkar/Documents/Projects/af_file_loader/venv/lib/python3.11/site-packages/airflow/example_dags/example_task_group.py
[2023-07-22T17:03:35.210-0500] {processor.py:826} INFO - Processing file /Users/abhishekpatkar/Documents/Projects/af_file_loader/venv/lib/python3.11/site-packages/airflow/example_dags/example_task_group.py for tasks to queue
[2023-07-22T17:03:35.211-0500] {logging_mixin.py:150} INFO - [2023-07-22T17:03:35.211-0500] {dagbag.py:541} INFO - Filling up the DagBag from /Users/abhishekpatkar/Documents/Projects/af_file_loader/venv/lib/python3.11/site-packages/airflow/example_dags/example_task_group.py
[2023-07-22T17:03:35.235-0500] {processor.py:836} INFO - DAG(s) dict_keys(['example_task_group']) retrieved from /Users/abhishekpatkar/Documents/Projects/af_file_loader/venv/lib/python3.11/site-packages/airflow/example_dags/example_task_group.py
[2023-07-22T17:03:35.974-0500] {logging_mixin.py:150} INFO - [2023-07-22T17:03:35.974-0500] {dag.py:2742} INFO - Sync 1 DAGs
[2023-07-22T17:03:35.993-0500] {logging_mixin.py:150} INFO - [2023-07-22T17:03:35.993-0500] {dag.py:3504} INFO - Setting next_dagrun for example_task_group to 2023-07-21T22:03:35.993108+00:00, run_after=2023-07-22T22:03:35.993108+00:00
[2023-07-22T17:03:36.018-0500] {processor.py:179} INFO - Processing /Users/abhishekpatkar/Documents/Projects/af_file_loader/venv/lib/python3.11/site-packages/airflow/example_dags/example_task_group.py took 0.815 seconds
[2023-07-22T17:05:45.827-0500] {processor.py:157} INFO - Started process (PID=22333) to work on /Users/abhishekpatkar/Documents/Projects/af_file_loader/venv/lib/python3.11/site-packages/airflow/example_dags/example_task_group.py
[2023-07-22T17:05:45.831-0500] {processor.py:826} INFO - Processing file /Users/abhishekpatkar/Documents/Projects/af_file_loader/venv/lib/python3.11/site-packages/airflow/example_dags/example_task_group.py for tasks to queue
[2023-07-22T17:05:45.832-0500] {logging_mixin.py:150} INFO - [2023-07-22T17:05:45.832-0500] {dagbag.py:541} INFO - Filling up the DagBag from /Users/abhishekpatkar/Documents/Projects/af_file_loader/venv/lib/python3.11/site-packages/airflow/example_dags/example_task_group.py
[2023-07-22T17:05:45.858-0500] {processor.py:836} INFO - DAG(s) dict_keys(['example_task_group']) retrieved from /Users/abhishekpatkar/Documents/Projects/af_file_loader/venv/lib/python3.11/site-packages/airflow/example_dags/example_task_group.py
[2023-07-22T17:05:46.581-0500] {logging_mixin.py:150} INFO - [2023-07-22T17:05:46.581-0500] {dag.py:2742} INFO - Sync 1 DAGs
[2023-07-22T17:05:46.598-0500] {logging_mixin.py:150} INFO - [2023-07-22T17:05:46.598-0500] {dag.py:3504} INFO - Setting next_dagrun for example_task_group to 2023-07-21T22:05:46.598664+00:00, run_after=2023-07-22T22:05:46.598664+00:00
[2023-07-22T17:05:46.623-0500] {processor.py:179} INFO - Processing /Users/abhishekpatkar/Documents/Projects/af_file_loader/venv/lib/python3.11/site-packages/airflow/example_dags/example_task_group.py took 0.796 seconds
[2023-07-22T17:07:40.978-0500] {processor.py:157} INFO - Started process (PID=22409) to work on /Users/abhishekpatkar/Documents/Projects/af_file_loader/venv/lib/python3.11/site-packages/airflow/example_dags/example_task_group.py
[2023-07-22T17:07:40.984-0500] {processor.py:826} INFO - Processing file /Users/abhishekpatkar/Documents/Projects/af_file_loader/venv/lib/python3.11/site-packages/airflow/example_dags/example_task_group.py for tasks to queue
[2023-07-22T17:07:40.985-0500] {logging_mixin.py:150} INFO - [2023-07-22T17:07:40.984-0500] {dagbag.py:541} INFO - Filling up the DagBag from /Users/abhishekpatkar/Documents/Projects/af_file_loader/venv/lib/python3.11/site-packages/airflow/example_dags/example_task_group.py
[2023-07-22T17:07:41.009-0500] {processor.py:836} INFO - DAG(s) dict_keys(['example_task_group']) retrieved from /Users/abhishekpatkar/Documents/Projects/af_file_loader/venv/lib/python3.11/site-packages/airflow/example_dags/example_task_group.py
[2023-07-22T17:07:41.743-0500] {logging_mixin.py:150} INFO - [2023-07-22T17:07:41.743-0500] {dag.py:2742} INFO - Sync 1 DAGs
[2023-07-22T17:07:41.761-0500] {logging_mixin.py:150} INFO - [2023-07-22T17:07:41.761-0500] {dag.py:3504} INFO - Setting next_dagrun for example_task_group to 2023-07-21T22:07:41.761307+00:00, run_after=2023-07-22T22:07:41.761307+00:00
[2023-07-22T17:07:41.782-0500] {processor.py:179} INFO - Processing /Users/abhishekpatkar/Documents/Projects/af_file_loader/venv/lib/python3.11/site-packages/airflow/example_dags/example_task_group.py took 0.805 seconds
[2023-07-22T17:09:43.084-0500] {processor.py:157} INFO - Started process (PID=22495) to work on /Users/abhishekpatkar/Documents/Projects/af_file_loader/venv/lib/python3.11/site-packages/airflow/example_dags/example_task_group.py
[2023-07-22T17:09:43.089-0500] {processor.py:826} INFO - Processing file /Users/abhishekpatkar/Documents/Projects/af_file_loader/venv/lib/python3.11/site-packages/airflow/example_dags/example_task_group.py for tasks to queue
[2023-07-22T17:09:43.089-0500] {logging_mixin.py:150} INFO - [2023-07-22T17:09:43.089-0500] {dagbag.py:541} INFO - Filling up the DagBag from /Users/abhishekpatkar/Documents/Projects/af_file_loader/venv/lib/python3.11/site-packages/airflow/example_dags/example_task_group.py
[2023-07-22T17:09:43.115-0500] {processor.py:836} INFO - DAG(s) dict_keys(['example_task_group']) retrieved from /Users/abhishekpatkar/Documents/Projects/af_file_loader/venv/lib/python3.11/site-packages/airflow/example_dags/example_task_group.py
[2023-07-22T17:09:43.862-0500] {logging_mixin.py:150} INFO - [2023-07-22T17:09:43.862-0500] {dag.py:2742} INFO - Sync 1 DAGs
[2023-07-22T17:09:43.881-0500] {logging_mixin.py:150} INFO - [2023-07-22T17:09:43.880-0500] {dag.py:3504} INFO - Setting next_dagrun for example_task_group to 2023-07-21T22:09:43.880797+00:00, run_after=2023-07-22T22:09:43.880797+00:00
[2023-07-22T17:09:43.902-0500] {processor.py:179} INFO - Processing /Users/abhishekpatkar/Documents/Projects/af_file_loader/venv/lib/python3.11/site-packages/airflow/example_dags/example_task_group.py took 0.819 seconds
[2023-07-22T17:11:44.043-0500] {processor.py:157} INFO - Started process (PID=22571) to work on /Users/abhishekpatkar/Documents/Projects/af_file_loader/venv/lib/python3.11/site-packages/airflow/example_dags/example_task_group.py
[2023-07-22T17:11:44.050-0500] {processor.py:826} INFO - Processing file /Users/abhishekpatkar/Documents/Projects/af_file_loader/venv/lib/python3.11/site-packages/airflow/example_dags/example_task_group.py for tasks to queue
[2023-07-22T17:11:44.051-0500] {logging_mixin.py:150} INFO - [2023-07-22T17:11:44.051-0500] {dagbag.py:541} INFO - Filling up the DagBag from /Users/abhishekpatkar/Documents/Projects/af_file_loader/venv/lib/python3.11/site-packages/airflow/example_dags/example_task_group.py
[2023-07-22T17:11:44.089-0500] {processor.py:836} INFO - DAG(s) dict_keys(['example_task_group']) retrieved from /Users/abhishekpatkar/Documents/Projects/af_file_loader/venv/lib/python3.11/site-packages/airflow/example_dags/example_task_group.py
[2023-07-22T17:11:44.850-0500] {logging_mixin.py:150} INFO - [2023-07-22T17:11:44.849-0500] {dag.py:2742} INFO - Sync 1 DAGs
[2023-07-22T17:11:44.868-0500] {logging_mixin.py:150} INFO - [2023-07-22T17:11:44.867-0500] {dag.py:3504} INFO - Setting next_dagrun for example_task_group to 2023-07-21T22:11:44.867856+00:00, run_after=2023-07-22T22:11:44.867856+00:00
[2023-07-22T17:11:44.890-0500] {processor.py:179} INFO - Processing /Users/abhishekpatkar/Documents/Projects/af_file_loader/venv/lib/python3.11/site-packages/airflow/example_dags/example_task_group.py took 0.849 seconds
[2023-07-22T17:13:43.122-0500] {processor.py:157} INFO - Started process (PID=22644) to work on /Users/abhishekpatkar/Documents/Projects/af_file_loader/venv/lib/python3.11/site-packages/airflow/example_dags/example_task_group.py
[2023-07-22T17:13:43.127-0500] {processor.py:826} INFO - Processing file /Users/abhishekpatkar/Documents/Projects/af_file_loader/venv/lib/python3.11/site-packages/airflow/example_dags/example_task_group.py for tasks to queue
[2023-07-22T17:13:43.127-0500] {logging_mixin.py:150} INFO - [2023-07-22T17:13:43.127-0500] {dagbag.py:541} INFO - Filling up the DagBag from /Users/abhishekpatkar/Documents/Projects/af_file_loader/venv/lib/python3.11/site-packages/airflow/example_dags/example_task_group.py
[2023-07-22T17:13:43.154-0500] {processor.py:836} INFO - DAG(s) dict_keys(['example_task_group']) retrieved from /Users/abhishekpatkar/Documents/Projects/af_file_loader/venv/lib/python3.11/site-packages/airflow/example_dags/example_task_group.py
[2023-07-22T17:13:43.916-0500] {logging_mixin.py:150} INFO - [2023-07-22T17:13:43.916-0500] {dag.py:2742} INFO - Sync 1 DAGs
[2023-07-22T17:13:43.932-0500] {logging_mixin.py:150} INFO - [2023-07-22T17:13:43.932-0500] {dag.py:3504} INFO - Setting next_dagrun for example_task_group to 2023-07-21T22:13:43.932291+00:00, run_after=2023-07-22T22:13:43.932291+00:00
[2023-07-22T17:13:43.952-0500] {processor.py:179} INFO - Processing /Users/abhishekpatkar/Documents/Projects/af_file_loader/venv/lib/python3.11/site-packages/airflow/example_dags/example_task_group.py took 0.831 seconds
[2023-07-22T17:15:43.050-0500] {processor.py:157} INFO - Started process (PID=22721) to work on /Users/abhishekpatkar/Documents/Projects/af_file_loader/venv/lib/python3.11/site-packages/airflow/example_dags/example_task_group.py
[2023-07-22T17:15:43.054-0500] {processor.py:826} INFO - Processing file /Users/abhishekpatkar/Documents/Projects/af_file_loader/venv/lib/python3.11/site-packages/airflow/example_dags/example_task_group.py for tasks to queue
[2023-07-22T17:15:43.055-0500] {logging_mixin.py:150} INFO - [2023-07-22T17:15:43.054-0500] {dagbag.py:541} INFO - Filling up the DagBag from /Users/abhishekpatkar/Documents/Projects/af_file_loader/venv/lib/python3.11/site-packages/airflow/example_dags/example_task_group.py
[2023-07-22T17:15:43.081-0500] {processor.py:836} INFO - DAG(s) dict_keys(['example_task_group']) retrieved from /Users/abhishekpatkar/Documents/Projects/af_file_loader/venv/lib/python3.11/site-packages/airflow/example_dags/example_task_group.py
[2023-07-22T17:15:43.895-0500] {logging_mixin.py:150} INFO - [2023-07-22T17:15:43.895-0500] {dag.py:2742} INFO - Sync 1 DAGs
[2023-07-22T17:15:43.919-0500] {logging_mixin.py:150} INFO - [2023-07-22T17:15:43.918-0500] {dag.py:3504} INFO - Setting next_dagrun for example_task_group to 2023-07-21T22:15:43.918712+00:00, run_after=2023-07-22T22:15:43.918712+00:00
[2023-07-22T17:15:43.938-0500] {processor.py:179} INFO - Processing /Users/abhishekpatkar/Documents/Projects/af_file_loader/venv/lib/python3.11/site-packages/airflow/example_dags/example_task_group.py took 0.888 seconds
[2023-07-22T17:18:04.344-0500] {processor.py:157} INFO - Started process (PID=22834) to work on /Users/abhishekpatkar/Documents/Projects/af_file_loader/venv/lib/python3.11/site-packages/airflow/example_dags/example_task_group.py
[2023-07-22T17:18:04.348-0500] {processor.py:826} INFO - Processing file /Users/abhishekpatkar/Documents/Projects/af_file_loader/venv/lib/python3.11/site-packages/airflow/example_dags/example_task_group.py for tasks to queue
[2023-07-22T17:18:04.348-0500] {logging_mixin.py:150} INFO - [2023-07-22T17:18:04.348-0500] {dagbag.py:541} INFO - Filling up the DagBag from /Users/abhishekpatkar/Documents/Projects/af_file_loader/venv/lib/python3.11/site-packages/airflow/example_dags/example_task_group.py
[2023-07-22T17:18:04.372-0500] {processor.py:836} INFO - DAG(s) dict_keys(['example_task_group']) retrieved from /Users/abhishekpatkar/Documents/Projects/af_file_loader/venv/lib/python3.11/site-packages/airflow/example_dags/example_task_group.py
[2023-07-22T17:18:05.139-0500] {logging_mixin.py:150} INFO - [2023-07-22T17:18:05.137-0500] {dag.py:2742} INFO - Sync 1 DAGs
[2023-07-22T17:18:05.159-0500] {logging_mixin.py:150} INFO - [2023-07-22T17:18:05.159-0500] {dag.py:3504} INFO - Setting next_dagrun for example_task_group to 2023-07-21T22:18:05.158721+00:00, run_after=2023-07-22T22:18:05.158721+00:00
[2023-07-22T17:18:05.179-0500] {processor.py:179} INFO - Processing /Users/abhishekpatkar/Documents/Projects/af_file_loader/venv/lib/python3.11/site-packages/airflow/example_dags/example_task_group.py took 0.836 seconds
[2023-07-22T17:20:33.192-0500] {processor.py:157} INFO - Started process (PID=22955) to work on /Users/abhishekpatkar/Documents/Projects/af_file_loader/venv/lib/python3.11/site-packages/airflow/example_dags/example_task_group.py
[2023-07-22T17:20:33.196-0500] {processor.py:826} INFO - Processing file /Users/abhishekpatkar/Documents/Projects/af_file_loader/venv/lib/python3.11/site-packages/airflow/example_dags/example_task_group.py for tasks to queue
[2023-07-22T17:20:33.197-0500] {logging_mixin.py:150} INFO - [2023-07-22T17:20:33.197-0500] {dagbag.py:541} INFO - Filling up the DagBag from /Users/abhishekpatkar/Documents/Projects/af_file_loader/venv/lib/python3.11/site-packages/airflow/example_dags/example_task_group.py
[2023-07-22T17:20:33.220-0500] {processor.py:836} INFO - DAG(s) dict_keys(['example_task_group']) retrieved from /Users/abhishekpatkar/Documents/Projects/af_file_loader/venv/lib/python3.11/site-packages/airflow/example_dags/example_task_group.py
[2023-07-22T17:20:34.092-0500] {logging_mixin.py:150} INFO - [2023-07-22T17:20:34.091-0500] {dag.py:2742} INFO - Sync 1 DAGs
[2023-07-22T17:20:34.111-0500] {logging_mixin.py:150} INFO - [2023-07-22T17:20:34.111-0500] {dag.py:3504} INFO - Setting next_dagrun for example_task_group to 2023-07-21T22:20:34.110901+00:00, run_after=2023-07-22T22:20:34.110901+00:00
[2023-07-22T17:20:34.141-0500] {processor.py:179} INFO - Processing /Users/abhishekpatkar/Documents/Projects/af_file_loader/venv/lib/python3.11/site-packages/airflow/example_dags/example_task_group.py took 0.949 seconds
[2023-07-22T17:22:33.667-0500] {processor.py:157} INFO - Started process (PID=23034) to work on /Users/abhishekpatkar/Documents/Projects/af_file_loader/venv/lib/python3.11/site-packages/airflow/example_dags/example_task_group.py
[2023-07-22T17:22:33.672-0500] {processor.py:826} INFO - Processing file /Users/abhishekpatkar/Documents/Projects/af_file_loader/venv/lib/python3.11/site-packages/airflow/example_dags/example_task_group.py for tasks to queue
[2023-07-22T17:22:33.672-0500] {logging_mixin.py:150} INFO - [2023-07-22T17:22:33.672-0500] {dagbag.py:541} INFO - Filling up the DagBag from /Users/abhishekpatkar/Documents/Projects/af_file_loader/venv/lib/python3.11/site-packages/airflow/example_dags/example_task_group.py
[2023-07-22T17:22:33.696-0500] {processor.py:836} INFO - DAG(s) dict_keys(['example_task_group']) retrieved from /Users/abhishekpatkar/Documents/Projects/af_file_loader/venv/lib/python3.11/site-packages/airflow/example_dags/example_task_group.py
[2023-07-22T17:22:34.415-0500] {logging_mixin.py:150} INFO - [2023-07-22T17:22:34.414-0500] {dag.py:2742} INFO - Sync 1 DAGs
[2023-07-22T17:22:34.431-0500] {logging_mixin.py:150} INFO - [2023-07-22T17:22:34.431-0500] {dag.py:3504} INFO - Setting next_dagrun for example_task_group to 2023-07-21T22:22:34.431008+00:00, run_after=2023-07-22T22:22:34.431008+00:00
[2023-07-22T17:22:34.455-0500] {processor.py:179} INFO - Processing /Users/abhishekpatkar/Documents/Projects/af_file_loader/venv/lib/python3.11/site-packages/airflow/example_dags/example_task_group.py took 0.789 seconds
[2023-07-22T17:27:32.707-0500] {processor.py:157} INFO - Started process (PID=23229) to work on /Users/abhishekpatkar/Documents/Projects/af_file_loader/venv/lib/python3.11/site-packages/airflow/example_dags/example_task_group.py
[2023-07-22T17:27:32.717-0500] {processor.py:826} INFO - Processing file /Users/abhishekpatkar/Documents/Projects/af_file_loader/venv/lib/python3.11/site-packages/airflow/example_dags/example_task_group.py for tasks to queue
[2023-07-22T17:27:32.718-0500] {logging_mixin.py:150} INFO - [2023-07-22T17:27:32.717-0500] {dagbag.py:541} INFO - Filling up the DagBag from /Users/abhishekpatkar/Documents/Projects/af_file_loader/venv/lib/python3.11/site-packages/airflow/example_dags/example_task_group.py
[2023-07-22T17:27:32.801-0500] {processor.py:836} INFO - DAG(s) dict_keys(['example_task_group']) retrieved from /Users/abhishekpatkar/Documents/Projects/af_file_loader/venv/lib/python3.11/site-packages/airflow/example_dags/example_task_group.py
[2023-07-22T17:27:38.121-0500] {logging_mixin.py:150} INFO - [2023-07-22T17:27:38.120-0500] {dag.py:2742} INFO - Sync 1 DAGs
[2023-07-22T17:27:38.199-0500] {logging_mixin.py:150} INFO - [2023-07-22T17:27:38.198-0500] {dag.py:3504} INFO - Setting next_dagrun for example_task_group to 2023-07-21T22:27:38.198514+00:00, run_after=2023-07-22T22:27:38.198514+00:00
[2023-07-22T17:27:38.239-0500] {processor.py:179} INFO - Processing /Users/abhishekpatkar/Documents/Projects/af_file_loader/venv/lib/python3.11/site-packages/airflow/example_dags/example_task_group.py took 5.534 seconds
[2023-07-22T17:30:58.413-0500] {processor.py:157} INFO - Started process (PID=23380) to work on /Users/abhishekpatkar/Documents/Projects/af_file_loader/venv/lib/python3.11/site-packages/airflow/example_dags/example_task_group.py
[2023-07-22T17:30:58.418-0500] {processor.py:826} INFO - Processing file /Users/abhishekpatkar/Documents/Projects/af_file_loader/venv/lib/python3.11/site-packages/airflow/example_dags/example_task_group.py for tasks to queue
[2023-07-22T17:30:58.419-0500] {logging_mixin.py:150} INFO - [2023-07-22T17:30:58.418-0500] {dagbag.py:541} INFO - Filling up the DagBag from /Users/abhishekpatkar/Documents/Projects/af_file_loader/venv/lib/python3.11/site-packages/airflow/example_dags/example_task_group.py
[2023-07-22T17:30:58.440-0500] {processor.py:836} INFO - DAG(s) dict_keys(['example_task_group']) retrieved from /Users/abhishekpatkar/Documents/Projects/af_file_loader/venv/lib/python3.11/site-packages/airflow/example_dags/example_task_group.py
[2023-07-22T17:30:59.205-0500] {logging_mixin.py:150} INFO - [2023-07-22T17:30:59.205-0500] {dag.py:2742} INFO - Sync 1 DAGs
[2023-07-22T17:30:59.228-0500] {logging_mixin.py:150} INFO - [2023-07-22T17:30:59.228-0500] {dag.py:3504} INFO - Setting next_dagrun for example_task_group to 2023-07-21T22:30:59.228645+00:00, run_after=2023-07-22T22:30:59.228645+00:00
[2023-07-22T17:30:59.256-0500] {processor.py:179} INFO - Processing /Users/abhishekpatkar/Documents/Projects/af_file_loader/venv/lib/python3.11/site-packages/airflow/example_dags/example_task_group.py took 0.844 seconds
[2023-07-22T17:33:06.422-0500] {processor.py:157} INFO - Started process (PID=23464) to work on /Users/abhishekpatkar/Documents/Projects/af_file_loader/venv/lib/python3.11/site-packages/airflow/example_dags/example_task_group.py
[2023-07-22T17:33:06.427-0500] {processor.py:826} INFO - Processing file /Users/abhishekpatkar/Documents/Projects/af_file_loader/venv/lib/python3.11/site-packages/airflow/example_dags/example_task_group.py for tasks to queue
[2023-07-22T17:33:06.428-0500] {logging_mixin.py:150} INFO - [2023-07-22T17:33:06.428-0500] {dagbag.py:541} INFO - Filling up the DagBag from /Users/abhishekpatkar/Documents/Projects/af_file_loader/venv/lib/python3.11/site-packages/airflow/example_dags/example_task_group.py
[2023-07-22T17:33:06.451-0500] {processor.py:836} INFO - DAG(s) dict_keys(['example_task_group']) retrieved from /Users/abhishekpatkar/Documents/Projects/af_file_loader/venv/lib/python3.11/site-packages/airflow/example_dags/example_task_group.py
[2023-07-22T17:33:07.186-0500] {logging_mixin.py:150} INFO - [2023-07-22T17:33:07.185-0500] {dag.py:2742} INFO - Sync 1 DAGs
[2023-07-22T17:33:07.219-0500] {logging_mixin.py:150} INFO - [2023-07-22T17:33:07.219-0500] {dag.py:3504} INFO - Setting next_dagrun for example_task_group to 2023-07-21T22:33:07.219157+00:00, run_after=2023-07-22T22:33:07.219157+00:00
[2023-07-22T17:33:07.247-0500] {processor.py:179} INFO - Processing /Users/abhishekpatkar/Documents/Projects/af_file_loader/venv/lib/python3.11/site-packages/airflow/example_dags/example_task_group.py took 0.825 seconds
[2023-07-22T17:35:03.810-0500] {processor.py:157} INFO - Started process (PID=23537) to work on /Users/abhishekpatkar/Documents/Projects/af_file_loader/venv/lib/python3.11/site-packages/airflow/example_dags/example_task_group.py
[2023-07-22T17:35:03.814-0500] {processor.py:826} INFO - Processing file /Users/abhishekpatkar/Documents/Projects/af_file_loader/venv/lib/python3.11/site-packages/airflow/example_dags/example_task_group.py for tasks to queue
[2023-07-22T17:35:03.815-0500] {logging_mixin.py:150} INFO - [2023-07-22T17:35:03.814-0500] {dagbag.py:541} INFO - Filling up the DagBag from /Users/abhishekpatkar/Documents/Projects/af_file_loader/venv/lib/python3.11/site-packages/airflow/example_dags/example_task_group.py
[2023-07-22T17:35:03.841-0500] {processor.py:836} INFO - DAG(s) dict_keys(['example_task_group']) retrieved from /Users/abhishekpatkar/Documents/Projects/af_file_loader/venv/lib/python3.11/site-packages/airflow/example_dags/example_task_group.py
[2023-07-22T17:35:04.848-0500] {logging_mixin.py:150} INFO - [2023-07-22T17:35:04.848-0500] {dag.py:2742} INFO - Sync 1 DAGs
[2023-07-22T17:35:04.876-0500] {logging_mixin.py:150} INFO - [2023-07-22T17:35:04.876-0500] {dag.py:3504} INFO - Setting next_dagrun for example_task_group to 2023-07-21T22:35:04.876295+00:00, run_after=2023-07-22T22:35:04.876295+00:00
[2023-07-22T17:35:04.909-0500] {processor.py:179} INFO - Processing /Users/abhishekpatkar/Documents/Projects/af_file_loader/venv/lib/python3.11/site-packages/airflow/example_dags/example_task_group.py took 1.101 seconds
[2023-07-22T17:37:56.106-0500] {processor.py:157} INFO - Started process (PID=23662) to work on /Users/abhishekpatkar/Documents/Projects/af_file_loader/venv/lib/python3.11/site-packages/airflow/example_dags/example_task_group.py
[2023-07-22T17:37:56.111-0500] {processor.py:826} INFO - Processing file /Users/abhishekpatkar/Documents/Projects/af_file_loader/venv/lib/python3.11/site-packages/airflow/example_dags/example_task_group.py for tasks to queue
[2023-07-22T17:37:56.111-0500] {logging_mixin.py:150} INFO - [2023-07-22T17:37:56.111-0500] {dagbag.py:541} INFO - Filling up the DagBag from /Users/abhishekpatkar/Documents/Projects/af_file_loader/venv/lib/python3.11/site-packages/airflow/example_dags/example_task_group.py
[2023-07-22T17:37:56.134-0500] {processor.py:836} INFO - DAG(s) dict_keys(['example_task_group']) retrieved from /Users/abhishekpatkar/Documents/Projects/af_file_loader/venv/lib/python3.11/site-packages/airflow/example_dags/example_task_group.py
[2023-07-22T17:37:56.814-0500] {logging_mixin.py:150} INFO - [2023-07-22T17:37:56.814-0500] {dag.py:2742} INFO - Sync 1 DAGs
[2023-07-22T17:37:56.832-0500] {logging_mixin.py:150} INFO - [2023-07-22T17:37:56.832-0500] {dag.py:3504} INFO - Setting next_dagrun for example_task_group to 2023-07-21T22:37:56.831918+00:00, run_after=2023-07-22T22:37:56.831918+00:00
[2023-07-22T17:37:56.851-0500] {processor.py:179} INFO - Processing /Users/abhishekpatkar/Documents/Projects/af_file_loader/venv/lib/python3.11/site-packages/airflow/example_dags/example_task_group.py took 0.746 seconds
[2023-07-22T17:44:14.975-0500] {processor.py:157} INFO - Started process (PID=23898) to work on /Users/abhishekpatkar/Documents/Projects/af_file_loader/venv/lib/python3.11/site-packages/airflow/example_dags/example_task_group.py
[2023-07-22T17:44:14.987-0500] {processor.py:826} INFO - Processing file /Users/abhishekpatkar/Documents/Projects/af_file_loader/venv/lib/python3.11/site-packages/airflow/example_dags/example_task_group.py for tasks to queue
[2023-07-22T17:44:14.988-0500] {logging_mixin.py:150} INFO - [2023-07-22T17:44:14.987-0500] {dagbag.py:541} INFO - Filling up the DagBag from /Users/abhishekpatkar/Documents/Projects/af_file_loader/venv/lib/python3.11/site-packages/airflow/example_dags/example_task_group.py
[2023-07-22T17:44:15.280-0500] {processor.py:836} INFO - DAG(s) dict_keys(['example_task_group']) retrieved from /Users/abhishekpatkar/Documents/Projects/af_file_loader/venv/lib/python3.11/site-packages/airflow/example_dags/example_task_group.py
[2023-07-22T17:44:21.164-0500] {logging_mixin.py:150} INFO - [2023-07-22T17:44:21.154-0500] {dag.py:2742} INFO - Sync 1 DAGs
[2023-07-22T17:44:21.295-0500] {logging_mixin.py:150} INFO - [2023-07-22T17:44:21.295-0500] {dag.py:3504} INFO - Setting next_dagrun for example_task_group to 2023-07-21T22:44:21.290113+00:00, run_after=2023-07-22T22:44:21.290113+00:00
[2023-07-22T17:44:21.451-0500] {processor.py:179} INFO - Processing /Users/abhishekpatkar/Documents/Projects/af_file_loader/venv/lib/python3.11/site-packages/airflow/example_dags/example_task_group.py took 6.486 seconds
[2023-07-22T17:51:54.813-0500] {processor.py:157} INFO - Started process (PID=24278) to work on /Users/abhishekpatkar/Documents/Projects/af_file_loader/venv/lib/python3.11/site-packages/airflow/example_dags/example_task_group.py
[2023-07-22T17:51:54.818-0500] {processor.py:826} INFO - Processing file /Users/abhishekpatkar/Documents/Projects/af_file_loader/venv/lib/python3.11/site-packages/airflow/example_dags/example_task_group.py for tasks to queue
[2023-07-22T17:51:54.818-0500] {logging_mixin.py:150} INFO - [2023-07-22T17:51:54.818-0500] {dagbag.py:541} INFO - Filling up the DagBag from /Users/abhishekpatkar/Documents/Projects/af_file_loader/venv/lib/python3.11/site-packages/airflow/example_dags/example_task_group.py
[2023-07-22T17:51:54.889-0500] {processor.py:836} INFO - DAG(s) dict_keys(['example_task_group']) retrieved from /Users/abhishekpatkar/Documents/Projects/af_file_loader/venv/lib/python3.11/site-packages/airflow/example_dags/example_task_group.py
[2023-07-22T17:51:56.475-0500] {logging_mixin.py:150} INFO - [2023-07-22T17:51:56.474-0500] {dag.py:2742} INFO - Sync 1 DAGs
[2023-07-22T17:51:56.509-0500] {logging_mixin.py:150} INFO - [2023-07-22T17:51:56.508-0500] {dag.py:3504} INFO - Setting next_dagrun for example_task_group to 2023-07-21T22:51:56.508251+00:00, run_after=2023-07-22T22:51:56.508251+00:00
[2023-07-22T17:51:56.545-0500] {processor.py:179} INFO - Processing /Users/abhishekpatkar/Documents/Projects/af_file_loader/venv/lib/python3.11/site-packages/airflow/example_dags/example_task_group.py took 1.732 seconds
[2023-07-22T17:57:08.323-0500] {processor.py:157} INFO - Started process (PID=24539) to work on /Users/abhishekpatkar/Documents/Projects/af_file_loader/venv/lib/python3.11/site-packages/airflow/example_dags/example_task_group.py
[2023-07-22T17:57:08.327-0500] {processor.py:826} INFO - Processing file /Users/abhishekpatkar/Documents/Projects/af_file_loader/venv/lib/python3.11/site-packages/airflow/example_dags/example_task_group.py for tasks to queue
[2023-07-22T17:57:08.328-0500] {logging_mixin.py:150} INFO - [2023-07-22T17:57:08.328-0500] {dagbag.py:541} INFO - Filling up the DagBag from /Users/abhishekpatkar/Documents/Projects/af_file_loader/venv/lib/python3.11/site-packages/airflow/example_dags/example_task_group.py
[2023-07-22T17:57:08.406-0500] {processor.py:836} INFO - DAG(s) dict_keys(['example_task_group']) retrieved from /Users/abhishekpatkar/Documents/Projects/af_file_loader/venv/lib/python3.11/site-packages/airflow/example_dags/example_task_group.py
[2023-07-22T17:57:10.015-0500] {logging_mixin.py:150} INFO - [2023-07-22T17:57:10.014-0500] {dag.py:2742} INFO - Sync 1 DAGs
[2023-07-22T17:57:10.043-0500] {logging_mixin.py:150} INFO - [2023-07-22T17:57:10.042-0500] {dag.py:3504} INFO - Setting next_dagrun for example_task_group to 2023-07-21T22:57:10.042792+00:00, run_after=2023-07-22T22:57:10.042792+00:00
[2023-07-22T17:57:10.071-0500] {processor.py:179} INFO - Processing /Users/abhishekpatkar/Documents/Projects/af_file_loader/venv/lib/python3.11/site-packages/airflow/example_dags/example_task_group.py took 1.749 seconds
[2023-07-22T18:01:12.702-0500] {processor.py:157} INFO - Started process (PID=24713) to work on /Users/abhishekpatkar/Documents/Projects/af_file_loader/venv/lib/python3.11/site-packages/airflow/example_dags/example_task_group.py
[2023-07-22T18:01:12.706-0500] {processor.py:826} INFO - Processing file /Users/abhishekpatkar/Documents/Projects/af_file_loader/venv/lib/python3.11/site-packages/airflow/example_dags/example_task_group.py for tasks to queue
[2023-07-22T18:01:12.707-0500] {logging_mixin.py:150} INFO - [2023-07-22T18:01:12.707-0500] {dagbag.py:541} INFO - Filling up the DagBag from /Users/abhishekpatkar/Documents/Projects/af_file_loader/venv/lib/python3.11/site-packages/airflow/example_dags/example_task_group.py
[2023-07-22T18:01:12.763-0500] {processor.py:836} INFO - DAG(s) dict_keys(['example_task_group']) retrieved from /Users/abhishekpatkar/Documents/Projects/af_file_loader/venv/lib/python3.11/site-packages/airflow/example_dags/example_task_group.py
[2023-07-22T18:01:14.131-0500] {logging_mixin.py:150} INFO - [2023-07-22T18:01:14.130-0500] {dag.py:2742} INFO - Sync 1 DAGs
[2023-07-22T18:01:14.166-0500] {logging_mixin.py:150} INFO - [2023-07-22T18:01:14.165-0500] {dag.py:3504} INFO - Setting next_dagrun for example_task_group to 2023-07-21T23:01:14.165656+00:00, run_after=2023-07-22T23:01:14.165656+00:00
[2023-07-22T18:01:14.203-0500] {processor.py:179} INFO - Processing /Users/abhishekpatkar/Documents/Projects/af_file_loader/venv/lib/python3.11/site-packages/airflow/example_dags/example_task_group.py took 1.501 seconds
[2023-07-22T18:05:15.496-0500] {processor.py:157} INFO - Started process (PID=24852) to work on /Users/abhishekpatkar/Documents/Projects/af_file_loader/venv/lib/python3.11/site-packages/airflow/example_dags/example_task_group.py
[2023-07-22T18:05:15.500-0500] {processor.py:826} INFO - Processing file /Users/abhishekpatkar/Documents/Projects/af_file_loader/venv/lib/python3.11/site-packages/airflow/example_dags/example_task_group.py for tasks to queue
[2023-07-22T18:05:15.501-0500] {logging_mixin.py:150} INFO - [2023-07-22T18:05:15.500-0500] {dagbag.py:541} INFO - Filling up the DagBag from /Users/abhishekpatkar/Documents/Projects/af_file_loader/venv/lib/python3.11/site-packages/airflow/example_dags/example_task_group.py
[2023-07-22T18:05:15.565-0500] {processor.py:836} INFO - DAG(s) dict_keys(['example_task_group']) retrieved from /Users/abhishekpatkar/Documents/Projects/af_file_loader/venv/lib/python3.11/site-packages/airflow/example_dags/example_task_group.py
[2023-07-22T18:05:16.502-0500] {logging_mixin.py:150} INFO - [2023-07-22T18:05:16.502-0500] {dag.py:2742} INFO - Sync 1 DAGs
[2023-07-22T18:05:16.520-0500] {logging_mixin.py:150} INFO - [2023-07-22T18:05:16.520-0500] {dag.py:3504} INFO - Setting next_dagrun for example_task_group to 2023-07-21T23:05:16.519933+00:00, run_after=2023-07-22T23:05:16.519933+00:00
[2023-07-22T18:05:16.539-0500] {processor.py:179} INFO - Processing /Users/abhishekpatkar/Documents/Projects/af_file_loader/venv/lib/python3.11/site-packages/airflow/example_dags/example_task_group.py took 1.045 seconds
