[2023-07-22T14:52:37.385-0500] {processor.py:157} INFO - Started process (PID=16691) to work on /Users/abhishekpatkar/Documents/Projects/af_file_loader/venv/lib/python3.11/site-packages/airflow/example_dags/example_branch_python_dop_operator_3.py
[2023-07-22T14:52:37.390-0500] {processor.py:826} INFO - Processing file /Users/abhishekpatkar/Documents/Projects/af_file_loader/venv/lib/python3.11/site-packages/airflow/example_dags/example_branch_python_dop_operator_3.py for tasks to queue
[2023-07-22T14:52:37.390-0500] {logging_mixin.py:150} INFO - [2023-07-22T14:52:37.390-0500] {dagbag.py:541} INFO - Filling up the DagBag from /Users/abhishekpatkar/Documents/Projects/af_file_loader/venv/lib/python3.11/site-packages/airflow/example_dags/example_branch_python_dop_operator_3.py
[2023-07-22T14:52:37.482-0500] {processor.py:836} INFO - DAG(s) dict_keys(['example_branch_dop_operator_v3']) retrieved from /Users/abhishekpatkar/Documents/Projects/af_file_loader/venv/lib/python3.11/site-packages/airflow/example_dags/example_branch_python_dop_operator_3.py
[2023-07-22T14:52:38.433-0500] {logging_mixin.py:150} INFO - [2023-07-22T14:52:38.432-0500] {manager.py:504} INFO - Created Permission View: can read on DAG:example_branch_dop_operator_v3
[2023-07-22T14:52:38.447-0500] {logging_mixin.py:150} INFO - [2023-07-22T14:52:38.447-0500] {manager.py:504} INFO - Created Permission View: can edit on DAG:example_branch_dop_operator_v3
[2023-07-22T14:52:38.459-0500] {logging_mixin.py:150} INFO - [2023-07-22T14:52:38.459-0500] {manager.py:504} INFO - Created Permission View: can delete on DAG:example_branch_dop_operator_v3
[2023-07-22T14:52:38.479-0500] {logging_mixin.py:150} INFO - [2023-07-22T14:52:38.478-0500] {dag.py:2742} INFO - Sync 1 DAGs
[2023-07-22T14:52:38.498-0500] {logging_mixin.py:150} INFO - [2023-07-22T14:52:38.498-0500] {dag.py:2763} INFO - Creating ORM DAG for example_branch_dop_operator_v3
[2023-07-22T14:52:38.519-0500] {logging_mixin.py:150} INFO - [2023-07-22T14:52:38.519-0500] {dag.py:3504} INFO - Setting next_dagrun for example_branch_dop_operator_v3 to 2023-07-22T19:51:00+00:00, run_after=2023-07-22T19:52:00+00:00
[2023-07-22T14:52:38.542-0500] {processor.py:179} INFO - Processing /Users/abhishekpatkar/Documents/Projects/af_file_loader/venv/lib/python3.11/site-packages/airflow/example_dags/example_branch_python_dop_operator_3.py took 1.158 seconds
[2023-07-22T14:58:03.478-0500] {processor.py:157} INFO - Started process (PID=17002) to work on /Users/abhishekpatkar/Documents/Projects/af_file_loader/venv/lib/python3.11/site-packages/airflow/example_dags/example_branch_python_dop_operator_3.py
[2023-07-22T14:58:03.481-0500] {processor.py:826} INFO - Processing file /Users/abhishekpatkar/Documents/Projects/af_file_loader/venv/lib/python3.11/site-packages/airflow/example_dags/example_branch_python_dop_operator_3.py for tasks to queue
[2023-07-22T14:58:03.482-0500] {logging_mixin.py:150} INFO - [2023-07-22T14:58:03.482-0500] {dagbag.py:541} INFO - Filling up the DagBag from /Users/abhishekpatkar/Documents/Projects/af_file_loader/venv/lib/python3.11/site-packages/airflow/example_dags/example_branch_python_dop_operator_3.py
[2023-07-22T14:58:03.566-0500] {processor.py:836} INFO - DAG(s) dict_keys(['example_branch_dop_operator_v3']) retrieved from /Users/abhishekpatkar/Documents/Projects/af_file_loader/venv/lib/python3.11/site-packages/airflow/example_dags/example_branch_python_dop_operator_3.py
[2023-07-22T14:58:04.221-0500] {logging_mixin.py:150} INFO - [2023-07-22T14:58:04.221-0500] {dag.py:2742} INFO - Sync 1 DAGs
[2023-07-22T14:58:04.241-0500] {logging_mixin.py:150} INFO - [2023-07-22T14:58:04.241-0500] {dag.py:3504} INFO - Setting next_dagrun for example_branch_dop_operator_v3 to 2023-07-22T19:57:00+00:00, run_after=2023-07-22T19:58:00+00:00
[2023-07-22T14:58:04.263-0500] {processor.py:179} INFO - Processing /Users/abhishekpatkar/Documents/Projects/af_file_loader/venv/lib/python3.11/site-packages/airflow/example_dags/example_branch_python_dop_operator_3.py took 0.787 seconds
[2023-07-22T15:02:47.065-0500] {processor.py:157} INFO - Started process (PID=17286) to work on /Users/abhishekpatkar/Documents/Projects/af_file_loader/venv/lib/python3.11/site-packages/airflow/example_dags/example_branch_python_dop_operator_3.py
[2023-07-22T15:02:47.074-0500] {processor.py:826} INFO - Processing file /Users/abhishekpatkar/Documents/Projects/af_file_loader/venv/lib/python3.11/site-packages/airflow/example_dags/example_branch_python_dop_operator_3.py for tasks to queue
[2023-07-22T15:02:47.075-0500] {logging_mixin.py:150} INFO - [2023-07-22T15:02:47.074-0500] {dagbag.py:541} INFO - Filling up the DagBag from /Users/abhishekpatkar/Documents/Projects/af_file_loader/venv/lib/python3.11/site-packages/airflow/example_dags/example_branch_python_dop_operator_3.py
[2023-07-22T15:02:47.212-0500] {processor.py:836} INFO - DAG(s) dict_keys(['example_branch_dop_operator_v3']) retrieved from /Users/abhishekpatkar/Documents/Projects/af_file_loader/venv/lib/python3.11/site-packages/airflow/example_dags/example_branch_python_dop_operator_3.py
[2023-07-22T15:02:48.087-0500] {logging_mixin.py:150} INFO - [2023-07-22T15:02:48.087-0500] {dag.py:2742} INFO - Sync 1 DAGs
[2023-07-22T15:02:48.109-0500] {logging_mixin.py:150} INFO - [2023-07-22T15:02:48.108-0500] {dag.py:3504} INFO - Setting next_dagrun for example_branch_dop_operator_v3 to 2023-07-22T20:01:00+00:00, run_after=2023-07-22T20:02:00+00:00
[2023-07-22T15:02:48.147-0500] {processor.py:179} INFO - Processing /Users/abhishekpatkar/Documents/Projects/af_file_loader/venv/lib/python3.11/site-packages/airflow/example_dags/example_branch_python_dop_operator_3.py took 1.083 seconds
[2023-07-22T15:11:28.300-0500] {processor.py:157} INFO - Started process (PID=17833) to work on /Users/abhishekpatkar/Documents/Projects/af_file_loader/venv/lib/python3.11/site-packages/airflow/example_dags/example_branch_python_dop_operator_3.py
[2023-07-22T15:11:28.304-0500] {processor.py:826} INFO - Processing file /Users/abhishekpatkar/Documents/Projects/af_file_loader/venv/lib/python3.11/site-packages/airflow/example_dags/example_branch_python_dop_operator_3.py for tasks to queue
[2023-07-22T15:11:28.304-0500] {logging_mixin.py:150} INFO - [2023-07-22T15:11:28.304-0500] {dagbag.py:541} INFO - Filling up the DagBag from /Users/abhishekpatkar/Documents/Projects/af_file_loader/venv/lib/python3.11/site-packages/airflow/example_dags/example_branch_python_dop_operator_3.py
[2023-07-22T15:11:28.401-0500] {processor.py:836} INFO - DAG(s) dict_keys(['example_branch_dop_operator_v3']) retrieved from /Users/abhishekpatkar/Documents/Projects/af_file_loader/venv/lib/python3.11/site-packages/airflow/example_dags/example_branch_python_dop_operator_3.py
[2023-07-22T15:11:29.174-0500] {logging_mixin.py:150} INFO - [2023-07-22T15:11:29.174-0500] {dag.py:2742} INFO - Sync 1 DAGs
[2023-07-22T15:11:29.194-0500] {logging_mixin.py:150} INFO - [2023-07-22T15:11:29.194-0500] {dag.py:3504} INFO - Setting next_dagrun for example_branch_dop_operator_v3 to 2023-07-22T20:10:00+00:00, run_after=2023-07-22T20:11:00+00:00
[2023-07-22T15:11:29.214-0500] {processor.py:179} INFO - Processing /Users/abhishekpatkar/Documents/Projects/af_file_loader/venv/lib/python3.11/site-packages/airflow/example_dags/example_branch_python_dop_operator_3.py took 0.916 seconds
[2023-07-22T15:16:56.678-0500] {processor.py:157} INFO - Started process (PID=18021) to work on /Users/abhishekpatkar/Documents/Projects/af_file_loader/venv/lib/python3.11/site-packages/airflow/example_dags/example_branch_python_dop_operator_3.py
[2023-07-22T15:16:56.683-0500] {processor.py:826} INFO - Processing file /Users/abhishekpatkar/Documents/Projects/af_file_loader/venv/lib/python3.11/site-packages/airflow/example_dags/example_branch_python_dop_operator_3.py for tasks to queue
[2023-07-22T15:16:56.684-0500] {logging_mixin.py:150} INFO - [2023-07-22T15:16:56.683-0500] {dagbag.py:541} INFO - Filling up the DagBag from /Users/abhishekpatkar/Documents/Projects/af_file_loader/venv/lib/python3.11/site-packages/airflow/example_dags/example_branch_python_dop_operator_3.py
[2023-07-22T15:16:56.877-0500] {processor.py:836} INFO - DAG(s) dict_keys(['example_branch_dop_operator_v3']) retrieved from /Users/abhishekpatkar/Documents/Projects/af_file_loader/venv/lib/python3.11/site-packages/airflow/example_dags/example_branch_python_dop_operator_3.py
[2023-07-22T15:16:58.257-0500] {logging_mixin.py:150} INFO - [2023-07-22T15:16:58.257-0500] {dag.py:2742} INFO - Sync 1 DAGs
[2023-07-22T15:16:58.294-0500] {logging_mixin.py:150} INFO - [2023-07-22T15:16:58.294-0500] {dag.py:3504} INFO - Setting next_dagrun for example_branch_dop_operator_v3 to 2023-07-22T20:15:00+00:00, run_after=2023-07-22T20:16:00+00:00
[2023-07-22T15:16:58.322-0500] {processor.py:179} INFO - Processing /Users/abhishekpatkar/Documents/Projects/af_file_loader/venv/lib/python3.11/site-packages/airflow/example_dags/example_branch_python_dop_operator_3.py took 1.644 seconds
[2023-07-22T15:22:24.337-0500] {processor.py:157} INFO - Started process (PID=18217) to work on /Users/abhishekpatkar/Documents/Projects/af_file_loader/venv/lib/python3.11/site-packages/airflow/example_dags/example_branch_python_dop_operator_3.py
[2023-07-22T15:22:24.341-0500] {processor.py:826} INFO - Processing file /Users/abhishekpatkar/Documents/Projects/af_file_loader/venv/lib/python3.11/site-packages/airflow/example_dags/example_branch_python_dop_operator_3.py for tasks to queue
[2023-07-22T15:22:24.342-0500] {logging_mixin.py:150} INFO - [2023-07-22T15:22:24.342-0500] {dagbag.py:541} INFO - Filling up the DagBag from /Users/abhishekpatkar/Documents/Projects/af_file_loader/venv/lib/python3.11/site-packages/airflow/example_dags/example_branch_python_dop_operator_3.py
[2023-07-22T15:22:24.427-0500] {processor.py:836} INFO - DAG(s) dict_keys(['example_branch_dop_operator_v3']) retrieved from /Users/abhishekpatkar/Documents/Projects/af_file_loader/venv/lib/python3.11/site-packages/airflow/example_dags/example_branch_python_dop_operator_3.py
[2023-07-22T15:22:25.034-0500] {logging_mixin.py:150} INFO - [2023-07-22T15:22:25.034-0500] {dag.py:2742} INFO - Sync 1 DAGs
[2023-07-22T15:22:25.057-0500] {logging_mixin.py:150} INFO - [2023-07-22T15:22:25.057-0500] {dag.py:3504} INFO - Setting next_dagrun for example_branch_dop_operator_v3 to 2023-07-22T20:21:00+00:00, run_after=2023-07-22T20:22:00+00:00
[2023-07-22T15:22:25.080-0500] {processor.py:179} INFO - Processing /Users/abhishekpatkar/Documents/Projects/af_file_loader/venv/lib/python3.11/site-packages/airflow/example_dags/example_branch_python_dop_operator_3.py took 0.744 seconds
[2023-07-22T15:27:40.915-0500] {processor.py:157} INFO - Started process (PID=18574) to work on /Users/abhishekpatkar/Documents/Projects/af_file_loader/venv/lib/python3.11/site-packages/airflow/example_dags/example_branch_python_dop_operator_3.py
[2023-07-22T15:27:40.922-0500] {processor.py:826} INFO - Processing file /Users/abhishekpatkar/Documents/Projects/af_file_loader/venv/lib/python3.11/site-packages/airflow/example_dags/example_branch_python_dop_operator_3.py for tasks to queue
[2023-07-22T15:27:40.922-0500] {logging_mixin.py:150} INFO - [2023-07-22T15:27:40.922-0500] {dagbag.py:541} INFO - Filling up the DagBag from /Users/abhishekpatkar/Documents/Projects/af_file_loader/venv/lib/python3.11/site-packages/airflow/example_dags/example_branch_python_dop_operator_3.py
[2023-07-22T15:27:41.127-0500] {processor.py:836} INFO - DAG(s) dict_keys(['example_branch_dop_operator_v3']) retrieved from /Users/abhishekpatkar/Documents/Projects/af_file_loader/venv/lib/python3.11/site-packages/airflow/example_dags/example_branch_python_dop_operator_3.py
[2023-07-22T15:27:42.967-0500] {logging_mixin.py:150} INFO - [2023-07-22T15:27:42.967-0500] {dag.py:2742} INFO - Sync 1 DAGs
[2023-07-22T15:27:43.006-0500] {logging_mixin.py:150} INFO - [2023-07-22T15:27:43.006-0500] {dag.py:3504} INFO - Setting next_dagrun for example_branch_dop_operator_v3 to 2023-07-22T20:26:00+00:00, run_after=2023-07-22T20:27:00+00:00
[2023-07-22T15:27:43.049-0500] {processor.py:179} INFO - Processing /Users/abhishekpatkar/Documents/Projects/af_file_loader/venv/lib/python3.11/site-packages/airflow/example_dags/example_branch_python_dop_operator_3.py took 2.135 seconds
[2023-07-22T15:31:21.942-0500] {processor.py:157} INFO - Started process (PID=18795) to work on /Users/abhishekpatkar/Documents/Projects/af_file_loader/venv/lib/python3.11/site-packages/airflow/example_dags/example_branch_python_dop_operator_3.py
[2023-07-22T15:31:21.946-0500] {processor.py:826} INFO - Processing file /Users/abhishekpatkar/Documents/Projects/af_file_loader/venv/lib/python3.11/site-packages/airflow/example_dags/example_branch_python_dop_operator_3.py for tasks to queue
[2023-07-22T15:31:21.947-0500] {logging_mixin.py:150} INFO - [2023-07-22T15:31:21.946-0500] {dagbag.py:541} INFO - Filling up the DagBag from /Users/abhishekpatkar/Documents/Projects/af_file_loader/venv/lib/python3.11/site-packages/airflow/example_dags/example_branch_python_dop_operator_3.py
[2023-07-22T15:31:22.035-0500] {processor.py:836} INFO - DAG(s) dict_keys(['example_branch_dop_operator_v3']) retrieved from /Users/abhishekpatkar/Documents/Projects/af_file_loader/venv/lib/python3.11/site-packages/airflow/example_dags/example_branch_python_dop_operator_3.py
[2023-07-22T15:31:22.677-0500] {logging_mixin.py:150} INFO - [2023-07-22T15:31:22.676-0500] {dag.py:2742} INFO - Sync 1 DAGs
[2023-07-22T15:31:22.696-0500] {logging_mixin.py:150} INFO - [2023-07-22T15:31:22.696-0500] {dag.py:3504} INFO - Setting next_dagrun for example_branch_dop_operator_v3 to 2023-07-22T20:30:00+00:00, run_after=2023-07-22T20:31:00+00:00
[2023-07-22T15:31:22.716-0500] {processor.py:179} INFO - Processing /Users/abhishekpatkar/Documents/Projects/af_file_loader/venv/lib/python3.11/site-packages/airflow/example_dags/example_branch_python_dop_operator_3.py took 0.775 seconds
[2023-07-22T15:35:10.017-0500] {processor.py:157} INFO - Started process (PID=18948) to work on /Users/abhishekpatkar/Documents/Projects/af_file_loader/venv/lib/python3.11/site-packages/airflow/example_dags/example_branch_python_dop_operator_3.py
[2023-07-22T15:35:10.021-0500] {processor.py:826} INFO - Processing file /Users/abhishekpatkar/Documents/Projects/af_file_loader/venv/lib/python3.11/site-packages/airflow/example_dags/example_branch_python_dop_operator_3.py for tasks to queue
[2023-07-22T15:35:10.021-0500] {logging_mixin.py:150} INFO - [2023-07-22T15:35:10.021-0500] {dagbag.py:541} INFO - Filling up the DagBag from /Users/abhishekpatkar/Documents/Projects/af_file_loader/venv/lib/python3.11/site-packages/airflow/example_dags/example_branch_python_dop_operator_3.py
[2023-07-22T15:35:10.105-0500] {processor.py:836} INFO - DAG(s) dict_keys(['example_branch_dop_operator_v3']) retrieved from /Users/abhishekpatkar/Documents/Projects/af_file_loader/venv/lib/python3.11/site-packages/airflow/example_dags/example_branch_python_dop_operator_3.py
[2023-07-22T15:35:10.696-0500] {logging_mixin.py:150} INFO - [2023-07-22T15:35:10.696-0500] {dag.py:2742} INFO - Sync 1 DAGs
[2023-07-22T15:35:10.716-0500] {logging_mixin.py:150} INFO - [2023-07-22T15:35:10.716-0500] {dag.py:3504} INFO - Setting next_dagrun for example_branch_dop_operator_v3 to 2023-07-22T20:34:00+00:00, run_after=2023-07-22T20:35:00+00:00
[2023-07-22T15:35:10.738-0500] {processor.py:179} INFO - Processing /Users/abhishekpatkar/Documents/Projects/af_file_loader/venv/lib/python3.11/site-packages/airflow/example_dags/example_branch_python_dop_operator_3.py took 0.722 seconds
[2023-07-22T15:48:55.662-0500] {processor.py:157} INFO - Started process (PID=19463) to work on /Users/abhishekpatkar/Documents/Projects/af_file_loader/venv/lib/python3.11/site-packages/airflow/example_dags/example_branch_python_dop_operator_3.py
[2023-07-22T15:48:55.668-0500] {processor.py:826} INFO - Processing file /Users/abhishekpatkar/Documents/Projects/af_file_loader/venv/lib/python3.11/site-packages/airflow/example_dags/example_branch_python_dop_operator_3.py for tasks to queue
[2023-07-22T15:48:55.668-0500] {logging_mixin.py:150} INFO - [2023-07-22T15:48:55.668-0500] {dagbag.py:541} INFO - Filling up the DagBag from /Users/abhishekpatkar/Documents/Projects/af_file_loader/venv/lib/python3.11/site-packages/airflow/example_dags/example_branch_python_dop_operator_3.py
[2023-07-22T15:48:55.767-0500] {processor.py:836} INFO - DAG(s) dict_keys(['example_branch_dop_operator_v3']) retrieved from /Users/abhishekpatkar/Documents/Projects/af_file_loader/venv/lib/python3.11/site-packages/airflow/example_dags/example_branch_python_dop_operator_3.py
[2023-07-22T15:48:56.709-0500] {logging_mixin.py:150} INFO - [2023-07-22T15:48:56.709-0500] {dag.py:2742} INFO - Sync 1 DAGs
[2023-07-22T15:48:56.733-0500] {logging_mixin.py:150} INFO - [2023-07-22T15:48:56.732-0500] {dag.py:3504} INFO - Setting next_dagrun for example_branch_dop_operator_v3 to 2023-07-22T20:47:00+00:00, run_after=2023-07-22T20:48:00+00:00
[2023-07-22T15:48:56.759-0500] {processor.py:179} INFO - Processing /Users/abhishekpatkar/Documents/Projects/af_file_loader/venv/lib/python3.11/site-packages/airflow/example_dags/example_branch_python_dop_operator_3.py took 1.098 seconds
[2023-07-22T15:54:07.304-0500] {processor.py:157} INFO - Started process (PID=19890) to work on /Users/abhishekpatkar/Documents/Projects/af_file_loader/venv/lib/python3.11/site-packages/airflow/example_dags/example_branch_python_dop_operator_3.py
[2023-07-22T15:54:07.308-0500] {processor.py:826} INFO - Processing file /Users/abhishekpatkar/Documents/Projects/af_file_loader/venv/lib/python3.11/site-packages/airflow/example_dags/example_branch_python_dop_operator_3.py for tasks to queue
[2023-07-22T15:54:07.309-0500] {logging_mixin.py:150} INFO - [2023-07-22T15:54:07.309-0500] {dagbag.py:541} INFO - Filling up the DagBag from /Users/abhishekpatkar/Documents/Projects/af_file_loader/venv/lib/python3.11/site-packages/airflow/example_dags/example_branch_python_dop_operator_3.py
[2023-07-22T15:54:07.422-0500] {processor.py:836} INFO - DAG(s) dict_keys(['example_branch_dop_operator_v3']) retrieved from /Users/abhishekpatkar/Documents/Projects/af_file_loader/venv/lib/python3.11/site-packages/airflow/example_dags/example_branch_python_dop_operator_3.py
[2023-07-22T15:54:08.339-0500] {logging_mixin.py:150} INFO - [2023-07-22T15:54:08.339-0500] {dag.py:2742} INFO - Sync 1 DAGs
[2023-07-22T15:54:08.368-0500] {logging_mixin.py:150} INFO - [2023-07-22T15:54:08.367-0500] {dag.py:3504} INFO - Setting next_dagrun for example_branch_dop_operator_v3 to 2023-07-22T20:53:00+00:00, run_after=2023-07-22T20:54:00+00:00
[2023-07-22T15:54:08.398-0500] {processor.py:179} INFO - Processing /Users/abhishekpatkar/Documents/Projects/af_file_loader/venv/lib/python3.11/site-packages/airflow/example_dags/example_branch_python_dop_operator_3.py took 1.095 seconds
[2023-07-22T15:59:20.526-0500] {processor.py:157} INFO - Started process (PID=20274) to work on /Users/abhishekpatkar/Documents/Projects/af_file_loader/venv/lib/python3.11/site-packages/airflow/example_dags/example_branch_python_dop_operator_3.py
[2023-07-22T15:59:20.532-0500] {processor.py:826} INFO - Processing file /Users/abhishekpatkar/Documents/Projects/af_file_loader/venv/lib/python3.11/site-packages/airflow/example_dags/example_branch_python_dop_operator_3.py for tasks to queue
[2023-07-22T15:59:20.533-0500] {logging_mixin.py:150} INFO - [2023-07-22T15:59:20.532-0500] {dagbag.py:541} INFO - Filling up the DagBag from /Users/abhishekpatkar/Documents/Projects/af_file_loader/venv/lib/python3.11/site-packages/airflow/example_dags/example_branch_python_dop_operator_3.py
[2023-07-22T15:59:20.637-0500] {processor.py:836} INFO - DAG(s) dict_keys(['example_branch_dop_operator_v3']) retrieved from /Users/abhishekpatkar/Documents/Projects/af_file_loader/venv/lib/python3.11/site-packages/airflow/example_dags/example_branch_python_dop_operator_3.py
[2023-07-22T15:59:21.428-0500] {logging_mixin.py:150} INFO - [2023-07-22T15:59:21.428-0500] {dag.py:2742} INFO - Sync 1 DAGs
[2023-07-22T15:59:21.456-0500] {logging_mixin.py:150} INFO - [2023-07-22T15:59:21.456-0500] {dag.py:3504} INFO - Setting next_dagrun for example_branch_dop_operator_v3 to 2023-07-22T20:58:00+00:00, run_after=2023-07-22T20:59:00+00:00
[2023-07-22T15:59:21.477-0500] {processor.py:179} INFO - Processing /Users/abhishekpatkar/Documents/Projects/af_file_loader/venv/lib/python3.11/site-packages/airflow/example_dags/example_branch_python_dop_operator_3.py took 0.952 seconds
[2023-07-22T16:03:49.524-0500] {processor.py:157} INFO - Started process (PID=20438) to work on /Users/abhishekpatkar/Documents/Projects/af_file_loader/venv/lib/python3.11/site-packages/airflow/example_dags/example_branch_python_dop_operator_3.py
[2023-07-22T16:03:49.529-0500] {processor.py:826} INFO - Processing file /Users/abhishekpatkar/Documents/Projects/af_file_loader/venv/lib/python3.11/site-packages/airflow/example_dags/example_branch_python_dop_operator_3.py for tasks to queue
[2023-07-22T16:03:49.529-0500] {logging_mixin.py:150} INFO - [2023-07-22T16:03:49.529-0500] {dagbag.py:541} INFO - Filling up the DagBag from /Users/abhishekpatkar/Documents/Projects/af_file_loader/venv/lib/python3.11/site-packages/airflow/example_dags/example_branch_python_dop_operator_3.py
[2023-07-22T16:03:49.614-0500] {processor.py:836} INFO - DAG(s) dict_keys(['example_branch_dop_operator_v3']) retrieved from /Users/abhishekpatkar/Documents/Projects/af_file_loader/venv/lib/python3.11/site-packages/airflow/example_dags/example_branch_python_dop_operator_3.py
[2023-07-22T16:03:50.213-0500] {logging_mixin.py:150} INFO - [2023-07-22T16:03:50.212-0500] {dag.py:2742} INFO - Sync 1 DAGs
[2023-07-22T16:03:50.242-0500] {logging_mixin.py:150} INFO - [2023-07-22T16:03:50.242-0500] {dag.py:3504} INFO - Setting next_dagrun for example_branch_dop_operator_v3 to 2023-07-22T21:02:00+00:00, run_after=2023-07-22T21:03:00+00:00
[2023-07-22T16:03:50.262-0500] {processor.py:179} INFO - Processing /Users/abhishekpatkar/Documents/Projects/af_file_loader/venv/lib/python3.11/site-packages/airflow/example_dags/example_branch_python_dop_operator_3.py took 0.739 seconds
[2023-07-22T16:07:27.079-0500] {processor.py:157} INFO - Started process (PID=20614) to work on /Users/abhishekpatkar/Documents/Projects/af_file_loader/venv/lib/python3.11/site-packages/airflow/example_dags/example_branch_python_dop_operator_3.py
[2023-07-22T16:07:27.083-0500] {processor.py:826} INFO - Processing file /Users/abhishekpatkar/Documents/Projects/af_file_loader/venv/lib/python3.11/site-packages/airflow/example_dags/example_branch_python_dop_operator_3.py for tasks to queue
[2023-07-22T16:07:27.083-0500] {logging_mixin.py:150} INFO - [2023-07-22T16:07:27.083-0500] {dagbag.py:541} INFO - Filling up the DagBag from /Users/abhishekpatkar/Documents/Projects/af_file_loader/venv/lib/python3.11/site-packages/airflow/example_dags/example_branch_python_dop_operator_3.py
[2023-07-22T16:07:27.170-0500] {processor.py:836} INFO - DAG(s) dict_keys(['example_branch_dop_operator_v3']) retrieved from /Users/abhishekpatkar/Documents/Projects/af_file_loader/venv/lib/python3.11/site-packages/airflow/example_dags/example_branch_python_dop_operator_3.py
[2023-07-22T16:07:27.766-0500] {logging_mixin.py:150} INFO - [2023-07-22T16:07:27.766-0500] {dag.py:2742} INFO - Sync 1 DAGs
[2023-07-22T16:07:27.786-0500] {logging_mixin.py:150} INFO - [2023-07-22T16:07:27.786-0500] {dag.py:3504} INFO - Setting next_dagrun for example_branch_dop_operator_v3 to 2023-07-22T21:06:00+00:00, run_after=2023-07-22T21:07:00+00:00
[2023-07-22T16:07:27.807-0500] {processor.py:179} INFO - Processing /Users/abhishekpatkar/Documents/Projects/af_file_loader/venv/lib/python3.11/site-packages/airflow/example_dags/example_branch_python_dop_operator_3.py took 0.729 seconds
[2023-07-22T16:11:03.453-0500] {processor.py:157} INFO - Started process (PID=20758) to work on /Users/abhishekpatkar/Documents/Projects/af_file_loader/venv/lib/python3.11/site-packages/airflow/example_dags/example_branch_python_dop_operator_3.py
[2023-07-22T16:11:03.457-0500] {processor.py:826} INFO - Processing file /Users/abhishekpatkar/Documents/Projects/af_file_loader/venv/lib/python3.11/site-packages/airflow/example_dags/example_branch_python_dop_operator_3.py for tasks to queue
[2023-07-22T16:11:03.457-0500] {logging_mixin.py:150} INFO - [2023-07-22T16:11:03.457-0500] {dagbag.py:541} INFO - Filling up the DagBag from /Users/abhishekpatkar/Documents/Projects/af_file_loader/venv/lib/python3.11/site-packages/airflow/example_dags/example_branch_python_dop_operator_3.py
[2023-07-22T16:11:03.540-0500] {processor.py:836} INFO - DAG(s) dict_keys(['example_branch_dop_operator_v3']) retrieved from /Users/abhishekpatkar/Documents/Projects/af_file_loader/venv/lib/python3.11/site-packages/airflow/example_dags/example_branch_python_dop_operator_3.py
[2023-07-22T16:11:04.126-0500] {logging_mixin.py:150} INFO - [2023-07-22T16:11:04.126-0500] {dag.py:2742} INFO - Sync 1 DAGs
[2023-07-22T16:11:04.146-0500] {logging_mixin.py:150} INFO - [2023-07-22T16:11:04.146-0500] {dag.py:3504} INFO - Setting next_dagrun for example_branch_dop_operator_v3 to 2023-07-22T21:10:00+00:00, run_after=2023-07-22T21:11:00+00:00
[2023-07-22T16:11:04.165-0500] {processor.py:179} INFO - Processing /Users/abhishekpatkar/Documents/Projects/af_file_loader/venv/lib/python3.11/site-packages/airflow/example_dags/example_branch_python_dop_operator_3.py took 0.713 seconds
[2023-07-22T16:28:41.143-0500] {processor.py:157} INFO - Started process (PID=21050) to work on /Users/abhishekpatkar/Documents/Projects/af_file_loader/venv/lib/python3.11/site-packages/airflow/example_dags/example_branch_python_dop_operator_3.py
[2023-07-22T16:28:41.149-0500] {processor.py:826} INFO - Processing file /Users/abhishekpatkar/Documents/Projects/af_file_loader/venv/lib/python3.11/site-packages/airflow/example_dags/example_branch_python_dop_operator_3.py for tasks to queue
[2023-07-22T16:28:41.150-0500] {logging_mixin.py:150} INFO - [2023-07-22T16:28:41.150-0500] {dagbag.py:541} INFO - Filling up the DagBag from /Users/abhishekpatkar/Documents/Projects/af_file_loader/venv/lib/python3.11/site-packages/airflow/example_dags/example_branch_python_dop_operator_3.py
[2023-07-22T16:28:41.317-0500] {processor.py:836} INFO - DAG(s) dict_keys(['example_branch_dop_operator_v3']) retrieved from /Users/abhishekpatkar/Documents/Projects/af_file_loader/venv/lib/python3.11/site-packages/airflow/example_dags/example_branch_python_dop_operator_3.py
[2023-07-22T16:28:42.587-0500] {logging_mixin.py:150} INFO - [2023-07-22T16:28:42.586-0500] {dag.py:2742} INFO - Sync 1 DAGs
[2023-07-22T16:28:42.628-0500] {logging_mixin.py:150} INFO - [2023-07-22T16:28:42.627-0500] {dag.py:3504} INFO - Setting next_dagrun for example_branch_dop_operator_v3 to 2023-07-22T21:27:00+00:00, run_after=2023-07-22T21:28:00+00:00
[2023-07-22T16:28:42.674-0500] {processor.py:179} INFO - Processing /Users/abhishekpatkar/Documents/Projects/af_file_loader/venv/lib/python3.11/site-packages/airflow/example_dags/example_branch_python_dop_operator_3.py took 1.531 seconds
[2023-07-22T16:35:13.078-0500] {processor.py:157} INFO - Started process (PID=21258) to work on /Users/abhishekpatkar/Documents/Projects/af_file_loader/venv/lib/python3.11/site-packages/airflow/example_dags/example_branch_python_dop_operator_3.py
[2023-07-22T16:35:13.085-0500] {processor.py:826} INFO - Processing file /Users/abhishekpatkar/Documents/Projects/af_file_loader/venv/lib/python3.11/site-packages/airflow/example_dags/example_branch_python_dop_operator_3.py for tasks to queue
[2023-07-22T16:35:13.085-0500] {logging_mixin.py:150} INFO - [2023-07-22T16:35:13.085-0500] {dagbag.py:541} INFO - Filling up the DagBag from /Users/abhishekpatkar/Documents/Projects/af_file_loader/venv/lib/python3.11/site-packages/airflow/example_dags/example_branch_python_dop_operator_3.py
[2023-07-22T16:35:13.205-0500] {processor.py:836} INFO - DAG(s) dict_keys(['example_branch_dop_operator_v3']) retrieved from /Users/abhishekpatkar/Documents/Projects/af_file_loader/venv/lib/python3.11/site-packages/airflow/example_dags/example_branch_python_dop_operator_3.py
[2023-07-22T16:35:14.662-0500] {logging_mixin.py:150} INFO - [2023-07-22T16:35:14.662-0500] {dag.py:2742} INFO - Sync 1 DAGs
[2023-07-22T16:35:14.688-0500] {logging_mixin.py:150} INFO - [2023-07-22T16:35:14.688-0500] {dag.py:3504} INFO - Setting next_dagrun for example_branch_dop_operator_v3 to 2023-07-22T21:34:00+00:00, run_after=2023-07-22T21:35:00+00:00
[2023-07-22T16:35:14.718-0500] {processor.py:179} INFO - Processing /Users/abhishekpatkar/Documents/Projects/af_file_loader/venv/lib/python3.11/site-packages/airflow/example_dags/example_branch_python_dop_operator_3.py took 1.640 seconds
[2023-07-22T16:44:11.311-0500] {processor.py:157} INFO - Started process (PID=21586) to work on /Users/abhishekpatkar/Documents/Projects/af_file_loader/venv/lib/python3.11/site-packages/airflow/example_dags/example_branch_python_dop_operator_3.py
[2023-07-22T16:44:11.319-0500] {processor.py:826} INFO - Processing file /Users/abhishekpatkar/Documents/Projects/af_file_loader/venv/lib/python3.11/site-packages/airflow/example_dags/example_branch_python_dop_operator_3.py for tasks to queue
[2023-07-22T16:44:11.323-0500] {logging_mixin.py:150} INFO - [2023-07-22T16:44:11.323-0500] {dagbag.py:541} INFO - Filling up the DagBag from /Users/abhishekpatkar/Documents/Projects/af_file_loader/venv/lib/python3.11/site-packages/airflow/example_dags/example_branch_python_dop_operator_3.py
[2023-07-22T16:44:11.529-0500] {processor.py:836} INFO - DAG(s) dict_keys(['example_branch_dop_operator_v3']) retrieved from /Users/abhishekpatkar/Documents/Projects/af_file_loader/venv/lib/python3.11/site-packages/airflow/example_dags/example_branch_python_dop_operator_3.py
[2023-07-22T16:44:12.946-0500] {logging_mixin.py:150} INFO - [2023-07-22T16:44:12.945-0500] {dag.py:2742} INFO - Sync 1 DAGs
[2023-07-22T16:44:12.990-0500] {logging_mixin.py:150} INFO - [2023-07-22T16:44:12.990-0500] {dag.py:3504} INFO - Setting next_dagrun for example_branch_dop_operator_v3 to 2023-07-22T21:43:00+00:00, run_after=2023-07-22T21:44:00+00:00
[2023-07-22T16:44:13.025-0500] {processor.py:179} INFO - Processing /Users/abhishekpatkar/Documents/Projects/af_file_loader/venv/lib/python3.11/site-packages/airflow/example_dags/example_branch_python_dop_operator_3.py took 1.714 seconds
[2023-07-22T16:51:32.356-0500] {processor.py:157} INFO - Started process (PID=21808) to work on /Users/abhishekpatkar/Documents/Projects/af_file_loader/venv/lib/python3.11/site-packages/airflow/example_dags/example_branch_python_dop_operator_3.py
[2023-07-22T16:51:32.364-0500] {processor.py:826} INFO - Processing file /Users/abhishekpatkar/Documents/Projects/af_file_loader/venv/lib/python3.11/site-packages/airflow/example_dags/example_branch_python_dop_operator_3.py for tasks to queue
[2023-07-22T16:51:32.366-0500] {logging_mixin.py:150} INFO - [2023-07-22T16:51:32.366-0500] {dagbag.py:541} INFO - Filling up the DagBag from /Users/abhishekpatkar/Documents/Projects/af_file_loader/venv/lib/python3.11/site-packages/airflow/example_dags/example_branch_python_dop_operator_3.py
[2023-07-22T16:51:32.663-0500] {processor.py:836} INFO - DAG(s) dict_keys(['example_branch_dop_operator_v3']) retrieved from /Users/abhishekpatkar/Documents/Projects/af_file_loader/venv/lib/python3.11/site-packages/airflow/example_dags/example_branch_python_dop_operator_3.py
[2023-07-22T16:51:34.383-0500] {logging_mixin.py:150} INFO - [2023-07-22T16:51:34.382-0500] {dag.py:2742} INFO - Sync 1 DAGs
[2023-07-22T16:51:34.445-0500] {logging_mixin.py:150} INFO - [2023-07-22T16:51:34.444-0500] {dag.py:3504} INFO - Setting next_dagrun for example_branch_dop_operator_v3 to 2023-07-22T21:50:00+00:00, run_after=2023-07-22T21:51:00+00:00
[2023-07-22T16:51:34.517-0500] {processor.py:179} INFO - Processing /Users/abhishekpatkar/Documents/Projects/af_file_loader/venv/lib/python3.11/site-packages/airflow/example_dags/example_branch_python_dop_operator_3.py took 2.161 seconds
[2023-07-22T16:58:06.884-0500] {processor.py:157} INFO - Started process (PID=22028) to work on /Users/abhishekpatkar/Documents/Projects/af_file_loader/venv/lib/python3.11/site-packages/airflow/example_dags/example_branch_python_dop_operator_3.py
[2023-07-22T16:58:06.891-0500] {processor.py:826} INFO - Processing file /Users/abhishekpatkar/Documents/Projects/af_file_loader/venv/lib/python3.11/site-packages/airflow/example_dags/example_branch_python_dop_operator_3.py for tasks to queue
[2023-07-22T16:58:06.894-0500] {logging_mixin.py:150} INFO - [2023-07-22T16:58:06.893-0500] {dagbag.py:541} INFO - Filling up the DagBag from /Users/abhishekpatkar/Documents/Projects/af_file_loader/venv/lib/python3.11/site-packages/airflow/example_dags/example_branch_python_dop_operator_3.py
[2023-07-22T16:58:07.035-0500] {processor.py:836} INFO - DAG(s) dict_keys(['example_branch_dop_operator_v3']) retrieved from /Users/abhishekpatkar/Documents/Projects/af_file_loader/venv/lib/python3.11/site-packages/airflow/example_dags/example_branch_python_dop_operator_3.py
[2023-07-22T16:58:08.164-0500] {logging_mixin.py:150} INFO - [2023-07-22T16:58:08.164-0500] {dag.py:2742} INFO - Sync 1 DAGs
[2023-07-22T16:58:08.199-0500] {logging_mixin.py:150} INFO - [2023-07-22T16:58:08.198-0500] {dag.py:3504} INFO - Setting next_dagrun for example_branch_dop_operator_v3 to 2023-07-22T21:57:00+00:00, run_after=2023-07-22T21:58:00+00:00
[2023-07-22T16:58:08.251-0500] {processor.py:179} INFO - Processing /Users/abhishekpatkar/Documents/Projects/af_file_loader/venv/lib/python3.11/site-packages/airflow/example_dags/example_branch_python_dop_operator_3.py took 1.367 seconds
[2023-07-22T17:04:46.064-0500] {processor.py:157} INFO - Started process (PID=22296) to work on /Users/abhishekpatkar/Documents/Projects/af_file_loader/venv/lib/python3.11/site-packages/airflow/example_dags/example_branch_python_dop_operator_3.py
[2023-07-22T17:04:46.070-0500] {processor.py:826} INFO - Processing file /Users/abhishekpatkar/Documents/Projects/af_file_loader/venv/lib/python3.11/site-packages/airflow/example_dags/example_branch_python_dop_operator_3.py for tasks to queue
[2023-07-22T17:04:46.072-0500] {logging_mixin.py:150} INFO - [2023-07-22T17:04:46.071-0500] {dagbag.py:541} INFO - Filling up the DagBag from /Users/abhishekpatkar/Documents/Projects/af_file_loader/venv/lib/python3.11/site-packages/airflow/example_dags/example_branch_python_dop_operator_3.py
[2023-07-22T17:04:46.165-0500] {processor.py:836} INFO - DAG(s) dict_keys(['example_branch_dop_operator_v3']) retrieved from /Users/abhishekpatkar/Documents/Projects/af_file_loader/venv/lib/python3.11/site-packages/airflow/example_dags/example_branch_python_dop_operator_3.py
[2023-07-22T17:04:46.865-0500] {logging_mixin.py:150} INFO - [2023-07-22T17:04:46.865-0500] {dag.py:2742} INFO - Sync 1 DAGs
[2023-07-22T17:04:46.890-0500] {logging_mixin.py:150} INFO - [2023-07-22T17:04:46.890-0500] {dag.py:3504} INFO - Setting next_dagrun for example_branch_dop_operator_v3 to 2023-07-22T22:03:00+00:00, run_after=2023-07-22T22:04:00+00:00
[2023-07-22T17:04:46.912-0500] {processor.py:179} INFO - Processing /Users/abhishekpatkar/Documents/Projects/af_file_loader/venv/lib/python3.11/site-packages/airflow/example_dags/example_branch_python_dop_operator_3.py took 0.849 seconds
[2023-07-22T17:08:42.322-0500] {processor.py:157} INFO - Started process (PID=22450) to work on /Users/abhishekpatkar/Documents/Projects/af_file_loader/venv/lib/python3.11/site-packages/airflow/example_dags/example_branch_python_dop_operator_3.py
[2023-07-22T17:08:42.327-0500] {processor.py:826} INFO - Processing file /Users/abhishekpatkar/Documents/Projects/af_file_loader/venv/lib/python3.11/site-packages/airflow/example_dags/example_branch_python_dop_operator_3.py for tasks to queue
[2023-07-22T17:08:42.328-0500] {logging_mixin.py:150} INFO - [2023-07-22T17:08:42.328-0500] {dagbag.py:541} INFO - Filling up the DagBag from /Users/abhishekpatkar/Documents/Projects/af_file_loader/venv/lib/python3.11/site-packages/airflow/example_dags/example_branch_python_dop_operator_3.py
[2023-07-22T17:08:42.420-0500] {processor.py:836} INFO - DAG(s) dict_keys(['example_branch_dop_operator_v3']) retrieved from /Users/abhishekpatkar/Documents/Projects/af_file_loader/venv/lib/python3.11/site-packages/airflow/example_dags/example_branch_python_dop_operator_3.py
[2023-07-22T17:08:43.106-0500] {logging_mixin.py:150} INFO - [2023-07-22T17:08:43.105-0500] {dag.py:2742} INFO - Sync 1 DAGs
[2023-07-22T17:08:43.128-0500] {logging_mixin.py:150} INFO - [2023-07-22T17:08:43.128-0500] {dag.py:3504} INFO - Setting next_dagrun for example_branch_dop_operator_v3 to 2023-07-22T22:07:00+00:00, run_after=2023-07-22T22:08:00+00:00
[2023-07-22T17:08:43.152-0500] {processor.py:179} INFO - Processing /Users/abhishekpatkar/Documents/Projects/af_file_loader/venv/lib/python3.11/site-packages/airflow/example_dags/example_branch_python_dop_operator_3.py took 0.830 seconds
[2023-07-22T17:12:43.008-0500] {processor.py:157} INFO - Started process (PID=22607) to work on /Users/abhishekpatkar/Documents/Projects/af_file_loader/venv/lib/python3.11/site-packages/airflow/example_dags/example_branch_python_dop_operator_3.py
[2023-07-22T17:12:43.013-0500] {processor.py:826} INFO - Processing file /Users/abhishekpatkar/Documents/Projects/af_file_loader/venv/lib/python3.11/site-packages/airflow/example_dags/example_branch_python_dop_operator_3.py for tasks to queue
[2023-07-22T17:12:43.014-0500] {logging_mixin.py:150} INFO - [2023-07-22T17:12:43.014-0500] {dagbag.py:541} INFO - Filling up the DagBag from /Users/abhishekpatkar/Documents/Projects/af_file_loader/venv/lib/python3.11/site-packages/airflow/example_dags/example_branch_python_dop_operator_3.py
[2023-07-22T17:12:43.122-0500] {processor.py:836} INFO - DAG(s) dict_keys(['example_branch_dop_operator_v3']) retrieved from /Users/abhishekpatkar/Documents/Projects/af_file_loader/venv/lib/python3.11/site-packages/airflow/example_dags/example_branch_python_dop_operator_3.py
[2023-07-22T17:12:43.829-0500] {logging_mixin.py:150} INFO - [2023-07-22T17:12:43.829-0500] {dag.py:2742} INFO - Sync 1 DAGs
[2023-07-22T17:12:43.853-0500] {logging_mixin.py:150} INFO - [2023-07-22T17:12:43.852-0500] {dag.py:3504} INFO - Setting next_dagrun for example_branch_dop_operator_v3 to 2023-07-22T22:11:00+00:00, run_after=2023-07-22T22:12:00+00:00
[2023-07-22T17:12:43.878-0500] {processor.py:179} INFO - Processing /Users/abhishekpatkar/Documents/Projects/af_file_loader/venv/lib/python3.11/site-packages/airflow/example_dags/example_branch_python_dop_operator_3.py took 0.870 seconds
[2023-07-22T17:16:44.252-0500] {processor.py:157} INFO - Started process (PID=22757) to work on /Users/abhishekpatkar/Documents/Projects/af_file_loader/venv/lib/python3.11/site-packages/airflow/example_dags/example_branch_python_dop_operator_3.py
[2023-07-22T17:16:44.260-0500] {processor.py:826} INFO - Processing file /Users/abhishekpatkar/Documents/Projects/af_file_loader/venv/lib/python3.11/site-packages/airflow/example_dags/example_branch_python_dop_operator_3.py for tasks to queue
[2023-07-22T17:16:44.261-0500] {logging_mixin.py:150} INFO - [2023-07-22T17:16:44.261-0500] {dagbag.py:541} INFO - Filling up the DagBag from /Users/abhishekpatkar/Documents/Projects/af_file_loader/venv/lib/python3.11/site-packages/airflow/example_dags/example_branch_python_dop_operator_3.py
[2023-07-22T17:16:44.979-0500] {processor.py:836} INFO - DAG(s) dict_keys(['example_branch_dop_operator_v3']) retrieved from /Users/abhishekpatkar/Documents/Projects/af_file_loader/venv/lib/python3.11/site-packages/airflow/example_dags/example_branch_python_dop_operator_3.py
[2023-07-22T17:16:47.673-0500] {logging_mixin.py:150} INFO - [2023-07-22T17:16:47.673-0500] {dag.py:2742} INFO - Sync 1 DAGs
[2023-07-22T17:16:47.696-0500] {logging_mixin.py:150} INFO - [2023-07-22T17:16:47.695-0500] {dag.py:3504} INFO - Setting next_dagrun for example_branch_dop_operator_v3 to 2023-07-22T22:15:00+00:00, run_after=2023-07-22T22:16:00+00:00
[2023-07-22T17:16:47.718-0500] {processor.py:179} INFO - Processing /Users/abhishekpatkar/Documents/Projects/af_file_loader/venv/lib/python3.11/site-packages/airflow/example_dags/example_branch_python_dop_operator_3.py took 3.472 seconds
[2023-07-22T17:21:35.021-0500] {processor.py:157} INFO - Started process (PID=22997) to work on /Users/abhishekpatkar/Documents/Projects/af_file_loader/venv/lib/python3.11/site-packages/airflow/example_dags/example_branch_python_dop_operator_3.py
[2023-07-22T17:21:35.029-0500] {processor.py:826} INFO - Processing file /Users/abhishekpatkar/Documents/Projects/af_file_loader/venv/lib/python3.11/site-packages/airflow/example_dags/example_branch_python_dop_operator_3.py for tasks to queue
[2023-07-22T17:21:35.029-0500] {logging_mixin.py:150} INFO - [2023-07-22T17:21:35.029-0500] {dagbag.py:541} INFO - Filling up the DagBag from /Users/abhishekpatkar/Documents/Projects/af_file_loader/venv/lib/python3.11/site-packages/airflow/example_dags/example_branch_python_dop_operator_3.py
[2023-07-22T17:21:35.129-0500] {processor.py:836} INFO - DAG(s) dict_keys(['example_branch_dop_operator_v3']) retrieved from /Users/abhishekpatkar/Documents/Projects/af_file_loader/venv/lib/python3.11/site-packages/airflow/example_dags/example_branch_python_dop_operator_3.py
[2023-07-22T17:21:35.823-0500] {logging_mixin.py:150} INFO - [2023-07-22T17:21:35.822-0500] {dag.py:2742} INFO - Sync 1 DAGs
[2023-07-22T17:21:35.853-0500] {logging_mixin.py:150} INFO - [2023-07-22T17:21:35.853-0500] {dag.py:3504} INFO - Setting next_dagrun for example_branch_dop_operator_v3 to 2023-07-22T22:20:00+00:00, run_after=2023-07-22T22:21:00+00:00
[2023-07-22T17:21:35.877-0500] {processor.py:179} INFO - Processing /Users/abhishekpatkar/Documents/Projects/af_file_loader/venv/lib/python3.11/site-packages/airflow/example_dags/example_branch_python_dop_operator_3.py took 0.857 seconds
[2023-07-22T17:29:51.928-0500] {processor.py:157} INFO - Started process (PID=23318) to work on /Users/abhishekpatkar/Documents/Projects/af_file_loader/venv/lib/python3.11/site-packages/airflow/example_dags/example_branch_python_dop_operator_3.py
[2023-07-22T17:29:51.932-0500] {processor.py:826} INFO - Processing file /Users/abhishekpatkar/Documents/Projects/af_file_loader/venv/lib/python3.11/site-packages/airflow/example_dags/example_branch_python_dop_operator_3.py for tasks to queue
[2023-07-22T17:29:51.932-0500] {logging_mixin.py:150} INFO - [2023-07-22T17:29:51.932-0500] {dagbag.py:541} INFO - Filling up the DagBag from /Users/abhishekpatkar/Documents/Projects/af_file_loader/venv/lib/python3.11/site-packages/airflow/example_dags/example_branch_python_dop_operator_3.py
[2023-07-22T17:29:52.023-0500] {processor.py:836} INFO - DAG(s) dict_keys(['example_branch_dop_operator_v3']) retrieved from /Users/abhishekpatkar/Documents/Projects/af_file_loader/venv/lib/python3.11/site-packages/airflow/example_dags/example_branch_python_dop_operator_3.py
[2023-07-22T17:29:52.674-0500] {logging_mixin.py:150} INFO - [2023-07-22T17:29:52.673-0500] {dag.py:2742} INFO - Sync 1 DAGs
[2023-07-22T17:29:52.697-0500] {logging_mixin.py:150} INFO - [2023-07-22T17:29:52.697-0500] {dag.py:3504} INFO - Setting next_dagrun for example_branch_dop_operator_v3 to 2023-07-22T22:28:00+00:00, run_after=2023-07-22T22:29:00+00:00
[2023-07-22T17:29:52.719-0500] {processor.py:179} INFO - Processing /Users/abhishekpatkar/Documents/Projects/af_file_loader/venv/lib/python3.11/site-packages/airflow/example_dags/example_branch_python_dop_operator_3.py took 0.792 seconds
[2023-07-22T17:34:02.628-0500] {processor.py:157} INFO - Started process (PID=23499) to work on /Users/abhishekpatkar/Documents/Projects/af_file_loader/venv/lib/python3.11/site-packages/airflow/example_dags/example_branch_python_dop_operator_3.py
[2023-07-22T17:34:02.631-0500] {processor.py:826} INFO - Processing file /Users/abhishekpatkar/Documents/Projects/af_file_loader/venv/lib/python3.11/site-packages/airflow/example_dags/example_branch_python_dop_operator_3.py for tasks to queue
[2023-07-22T17:34:02.632-0500] {logging_mixin.py:150} INFO - [2023-07-22T17:34:02.632-0500] {dagbag.py:541} INFO - Filling up the DagBag from /Users/abhishekpatkar/Documents/Projects/af_file_loader/venv/lib/python3.11/site-packages/airflow/example_dags/example_branch_python_dop_operator_3.py
[2023-07-22T17:34:02.718-0500] {processor.py:836} INFO - DAG(s) dict_keys(['example_branch_dop_operator_v3']) retrieved from /Users/abhishekpatkar/Documents/Projects/af_file_loader/venv/lib/python3.11/site-packages/airflow/example_dags/example_branch_python_dop_operator_3.py
[2023-07-22T17:34:03.420-0500] {logging_mixin.py:150} INFO - [2023-07-22T17:34:03.420-0500] {dag.py:2742} INFO - Sync 1 DAGs
[2023-07-22T17:34:03.458-0500] {logging_mixin.py:150} INFO - [2023-07-22T17:34:03.456-0500] {dag.py:3504} INFO - Setting next_dagrun for example_branch_dop_operator_v3 to 2023-07-22T22:33:00+00:00, run_after=2023-07-22T22:34:00+00:00
[2023-07-22T17:34:03.499-0500] {processor.py:179} INFO - Processing /Users/abhishekpatkar/Documents/Projects/af_file_loader/venv/lib/python3.11/site-packages/airflow/example_dags/example_branch_python_dop_operator_3.py took 0.872 seconds
[2023-07-22T17:40:30.912-0500] {processor.py:157} INFO - Started process (PID=23748) to work on /Users/abhishekpatkar/Documents/Projects/af_file_loader/venv/lib/python3.11/site-packages/airflow/example_dags/example_branch_python_dop_operator_3.py
[2023-07-22T17:40:30.920-0500] {processor.py:826} INFO - Processing file /Users/abhishekpatkar/Documents/Projects/af_file_loader/venv/lib/python3.11/site-packages/airflow/example_dags/example_branch_python_dop_operator_3.py for tasks to queue
[2023-07-22T17:40:30.922-0500] {logging_mixin.py:150} INFO - [2023-07-22T17:40:30.921-0500] {dagbag.py:541} INFO - Filling up the DagBag from /Users/abhishekpatkar/Documents/Projects/af_file_loader/venv/lib/python3.11/site-packages/airflow/example_dags/example_branch_python_dop_operator_3.py
[2023-07-22T17:40:31.191-0500] {processor.py:836} INFO - DAG(s) dict_keys(['example_branch_dop_operator_v3']) retrieved from /Users/abhishekpatkar/Documents/Projects/af_file_loader/venv/lib/python3.11/site-packages/airflow/example_dags/example_branch_python_dop_operator_3.py
[2023-07-22T17:40:36.031-0500] {logging_mixin.py:150} INFO - [2023-07-22T17:40:36.030-0500] {dag.py:2742} INFO - Sync 1 DAGs
[2023-07-22T17:40:36.117-0500] {logging_mixin.py:150} INFO - [2023-07-22T17:40:36.115-0500] {dag.py:3504} INFO - Setting next_dagrun for example_branch_dop_operator_v3 to 2023-07-22T22:39:00+00:00, run_after=2023-07-22T22:40:00+00:00
[2023-07-22T17:40:36.169-0500] {processor.py:179} INFO - Processing /Users/abhishekpatkar/Documents/Projects/af_file_loader/venv/lib/python3.11/site-packages/airflow/example_dags/example_branch_python_dop_operator_3.py took 5.258 seconds
[2023-07-22T17:49:28.793-0500] {processor.py:157} INFO - Started process (PID=24129) to work on /Users/abhishekpatkar/Documents/Projects/af_file_loader/venv/lib/python3.11/site-packages/airflow/example_dags/example_branch_python_dop_operator_3.py
[2023-07-22T17:49:28.801-0500] {processor.py:826} INFO - Processing file /Users/abhishekpatkar/Documents/Projects/af_file_loader/venv/lib/python3.11/site-packages/airflow/example_dags/example_branch_python_dop_operator_3.py for tasks to queue
[2023-07-22T17:49:28.803-0500] {logging_mixin.py:150} INFO - [2023-07-22T17:49:28.802-0500] {dagbag.py:541} INFO - Filling up the DagBag from /Users/abhishekpatkar/Documents/Projects/af_file_loader/venv/lib/python3.11/site-packages/airflow/example_dags/example_branch_python_dop_operator_3.py
[2023-07-22T17:49:28.961-0500] {processor.py:836} INFO - DAG(s) dict_keys(['example_branch_dop_operator_v3']) retrieved from /Users/abhishekpatkar/Documents/Projects/af_file_loader/venv/lib/python3.11/site-packages/airflow/example_dags/example_branch_python_dop_operator_3.py
[2023-07-22T17:49:33.061-0500] {logging_mixin.py:150} INFO - [2023-07-22T17:49:33.060-0500] {dag.py:2742} INFO - Sync 1 DAGs
[2023-07-22T17:49:33.098-0500] {logging_mixin.py:150} INFO - [2023-07-22T17:49:33.098-0500] {dag.py:3504} INFO - Setting next_dagrun for example_branch_dop_operator_v3 to 2023-07-22T22:48:00+00:00, run_after=2023-07-22T22:49:00+00:00
[2023-07-22T17:49:33.122-0500] {processor.py:179} INFO - Processing /Users/abhishekpatkar/Documents/Projects/af_file_loader/venv/lib/python3.11/site-packages/airflow/example_dags/example_branch_python_dop_operator_3.py took 4.330 seconds
[2023-07-22T17:54:10.107-0500] {processor.py:157} INFO - Started process (PID=24409) to work on /Users/abhishekpatkar/Documents/Projects/af_file_loader/venv/lib/python3.11/site-packages/airflow/example_dags/example_branch_python_dop_operator_3.py
[2023-07-22T17:54:10.111-0500] {processor.py:826} INFO - Processing file /Users/abhishekpatkar/Documents/Projects/af_file_loader/venv/lib/python3.11/site-packages/airflow/example_dags/example_branch_python_dop_operator_3.py for tasks to queue
[2023-07-22T17:54:10.111-0500] {logging_mixin.py:150} INFO - [2023-07-22T17:54:10.111-0500] {dagbag.py:541} INFO - Filling up the DagBag from /Users/abhishekpatkar/Documents/Projects/af_file_loader/venv/lib/python3.11/site-packages/airflow/example_dags/example_branch_python_dop_operator_3.py
[2023-07-22T17:54:10.223-0500] {processor.py:836} INFO - DAG(s) dict_keys(['example_branch_dop_operator_v3']) retrieved from /Users/abhishekpatkar/Documents/Projects/af_file_loader/venv/lib/python3.11/site-packages/airflow/example_dags/example_branch_python_dop_operator_3.py
[2023-07-22T17:54:11.483-0500] {logging_mixin.py:150} INFO - [2023-07-22T17:54:11.482-0500] {dag.py:2742} INFO - Sync 1 DAGs
[2023-07-22T17:54:11.514-0500] {logging_mixin.py:150} INFO - [2023-07-22T17:54:11.514-0500] {dag.py:3504} INFO - Setting next_dagrun for example_branch_dop_operator_v3 to 2023-07-22T22:53:00+00:00, run_after=2023-07-22T22:54:00+00:00
[2023-07-22T17:54:11.538-0500] {processor.py:179} INFO - Processing /Users/abhishekpatkar/Documents/Projects/af_file_loader/venv/lib/python3.11/site-packages/airflow/example_dags/example_branch_python_dop_operator_3.py took 1.432 seconds
[2023-07-22T18:03:55.228-0500] {processor.py:157} INFO - Started process (PID=24810) to work on /Users/abhishekpatkar/Documents/Projects/af_file_loader/venv/lib/python3.11/site-packages/airflow/example_dags/example_branch_python_dop_operator_3.py
[2023-07-22T18:03:55.235-0500] {processor.py:826} INFO - Processing file /Users/abhishekpatkar/Documents/Projects/af_file_loader/venv/lib/python3.11/site-packages/airflow/example_dags/example_branch_python_dop_operator_3.py for tasks to queue
[2023-07-22T18:03:55.235-0500] {logging_mixin.py:150} INFO - [2023-07-22T18:03:55.235-0500] {dagbag.py:541} INFO - Filling up the DagBag from /Users/abhishekpatkar/Documents/Projects/af_file_loader/venv/lib/python3.11/site-packages/airflow/example_dags/example_branch_python_dop_operator_3.py
[2023-07-22T18:03:55.432-0500] {processor.py:836} INFO - DAG(s) dict_keys(['example_branch_dop_operator_v3']) retrieved from /Users/abhishekpatkar/Documents/Projects/af_file_loader/venv/lib/python3.11/site-packages/airflow/example_dags/example_branch_python_dop_operator_3.py
[2023-07-22T18:03:57.229-0500] {logging_mixin.py:150} INFO - [2023-07-22T18:03:57.229-0500] {dag.py:2742} INFO - Sync 1 DAGs
[2023-07-22T18:03:57.264-0500] {logging_mixin.py:150} INFO - [2023-07-22T18:03:57.264-0500] {dag.py:3504} INFO - Setting next_dagrun for example_branch_dop_operator_v3 to 2023-07-22T23:02:00+00:00, run_after=2023-07-22T23:03:00+00:00
[2023-07-22T18:03:57.286-0500] {processor.py:179} INFO - Processing /Users/abhishekpatkar/Documents/Projects/af_file_loader/venv/lib/python3.11/site-packages/airflow/example_dags/example_branch_python_dop_operator_3.py took 2.059 seconds
