[2023-07-22T14:51:25.926-0500] {processor.py:157} INFO - Started process (PID=16615) to work on /Users/abhishekpatkar/Documents/Projects/af_file_loader/venv/lib/python3.11/site-packages/airflow/example_dags/example_sensor_decorator.py
[2023-07-22T14:51:25.930-0500] {processor.py:826} INFO - Processing file /Users/abhishekpatkar/Documents/Projects/af_file_loader/venv/lib/python3.11/site-packages/airflow/example_dags/example_sensor_decorator.py for tasks to queue
[2023-07-22T14:51:25.931-0500] {logging_mixin.py:150} INFO - [2023-07-22T14:51:25.931-0500] {dagbag.py:541} INFO - Filling up the DagBag from /Users/abhishekpatkar/Documents/Projects/af_file_loader/venv/lib/python3.11/site-packages/airflow/example_dags/example_sensor_decorator.py
[2023-07-22T14:51:26.059-0500] {processor.py:836} INFO - DAG(s) dict_keys(['example_sensor_decorator']) retrieved from /Users/abhishekpatkar/Documents/Projects/af_file_loader/venv/lib/python3.11/site-packages/airflow/example_dags/example_sensor_decorator.py
[2023-07-22T14:51:27.566-0500] {logging_mixin.py:150} INFO - [2023-07-22T14:51:27.565-0500] {manager.py:504} INFO - Created Permission View: can edit on DAG:example_sensor_decorator
[2023-07-22T14:51:27.602-0500] {logging_mixin.py:150} INFO - [2023-07-22T14:51:27.601-0500] {manager.py:504} INFO - Created Permission View: can read on DAG:example_sensor_decorator
[2023-07-22T14:51:27.620-0500] {logging_mixin.py:150} INFO - [2023-07-22T14:51:27.619-0500] {manager.py:504} INFO - Created Permission View: can delete on DAG:example_sensor_decorator
[2023-07-22T14:51:27.642-0500] {logging_mixin.py:150} INFO - [2023-07-22T14:51:27.641-0500] {dag.py:2742} INFO - Sync 1 DAGs
[2023-07-22T14:51:27.656-0500] {logging_mixin.py:150} INFO - [2023-07-22T14:51:27.655-0500] {dag.py:2763} INFO - Creating ORM DAG for example_sensor_decorator
[2023-07-22T14:51:27.671-0500] {logging_mixin.py:150} INFO - [2023-07-22T14:51:27.671-0500] {dag.py:3504} INFO - Setting next_dagrun for example_sensor_decorator to None, run_after=None
[2023-07-22T14:51:27.699-0500] {processor.py:179} INFO - Processing /Users/abhishekpatkar/Documents/Projects/af_file_loader/venv/lib/python3.11/site-packages/airflow/example_dags/example_sensor_decorator.py took 1.775 seconds
[2023-07-22T14:54:52.074-0500] {processor.py:157} INFO - Started process (PID=16837) to work on /Users/abhishekpatkar/Documents/Projects/af_file_loader/venv/lib/python3.11/site-packages/airflow/example_dags/example_sensor_decorator.py
[2023-07-22T14:54:52.083-0500] {processor.py:826} INFO - Processing file /Users/abhishekpatkar/Documents/Projects/af_file_loader/venv/lib/python3.11/site-packages/airflow/example_dags/example_sensor_decorator.py for tasks to queue
[2023-07-22T14:54:52.084-0500] {logging_mixin.py:150} INFO - [2023-07-22T14:54:52.084-0500] {dagbag.py:541} INFO - Filling up the DagBag from /Users/abhishekpatkar/Documents/Projects/af_file_loader/venv/lib/python3.11/site-packages/airflow/example_dags/example_sensor_decorator.py
[2023-07-22T14:54:52.274-0500] {processor.py:836} INFO - DAG(s) dict_keys(['example_sensor_decorator']) retrieved from /Users/abhishekpatkar/Documents/Projects/af_file_loader/venv/lib/python3.11/site-packages/airflow/example_dags/example_sensor_decorator.py
[2023-07-22T14:54:53.069-0500] {logging_mixin.py:150} INFO - [2023-07-22T14:54:53.069-0500] {dag.py:2742} INFO - Sync 1 DAGs
[2023-07-22T14:54:53.105-0500] {logging_mixin.py:150} INFO - [2023-07-22T14:54:53.105-0500] {dag.py:3504} INFO - Setting next_dagrun for example_sensor_decorator to None, run_after=None
[2023-07-22T14:54:53.135-0500] {processor.py:179} INFO - Processing /Users/abhishekpatkar/Documents/Projects/af_file_loader/venv/lib/python3.11/site-packages/airflow/example_dags/example_sensor_decorator.py took 1.063 seconds
[2023-07-22T14:57:31.776-0500] {processor.py:157} INFO - Started process (PID=16982) to work on /Users/abhishekpatkar/Documents/Projects/af_file_loader/venv/lib/python3.11/site-packages/airflow/example_dags/example_sensor_decorator.py
[2023-07-22T14:57:31.780-0500] {processor.py:826} INFO - Processing file /Users/abhishekpatkar/Documents/Projects/af_file_loader/venv/lib/python3.11/site-packages/airflow/example_dags/example_sensor_decorator.py for tasks to queue
[2023-07-22T14:57:31.781-0500] {logging_mixin.py:150} INFO - [2023-07-22T14:57:31.781-0500] {dagbag.py:541} INFO - Filling up the DagBag from /Users/abhishekpatkar/Documents/Projects/af_file_loader/venv/lib/python3.11/site-packages/airflow/example_dags/example_sensor_decorator.py
[2023-07-22T14:57:31.876-0500] {processor.py:836} INFO - DAG(s) dict_keys(['example_sensor_decorator']) retrieved from /Users/abhishekpatkar/Documents/Projects/af_file_loader/venv/lib/python3.11/site-packages/airflow/example_dags/example_sensor_decorator.py
[2023-07-22T14:57:32.799-0500] {logging_mixin.py:150} INFO - [2023-07-22T14:57:32.799-0500] {dag.py:2742} INFO - Sync 1 DAGs
[2023-07-22T14:57:32.829-0500] {logging_mixin.py:150} INFO - [2023-07-22T14:57:32.829-0500] {dag.py:3504} INFO - Setting next_dagrun for example_sensor_decorator to None, run_after=None
[2023-07-22T14:57:32.851-0500] {processor.py:179} INFO - Processing /Users/abhishekpatkar/Documents/Projects/af_file_loader/venv/lib/python3.11/site-packages/airflow/example_dags/example_sensor_decorator.py took 1.076 seconds
[2023-07-22T14:59:49.780-0500] {processor.py:157} INFO - Started process (PID=17071) to work on /Users/abhishekpatkar/Documents/Projects/af_file_loader/venv/lib/python3.11/site-packages/airflow/example_dags/example_sensor_decorator.py
[2023-07-22T14:59:49.785-0500] {processor.py:826} INFO - Processing file /Users/abhishekpatkar/Documents/Projects/af_file_loader/venv/lib/python3.11/site-packages/airflow/example_dags/example_sensor_decorator.py for tasks to queue
[2023-07-22T14:59:49.785-0500] {logging_mixin.py:150} INFO - [2023-07-22T14:59:49.785-0500] {dagbag.py:541} INFO - Filling up the DagBag from /Users/abhishekpatkar/Documents/Projects/af_file_loader/venv/lib/python3.11/site-packages/airflow/example_dags/example_sensor_decorator.py
[2023-07-22T14:59:49.897-0500] {processor.py:836} INFO - DAG(s) dict_keys(['example_sensor_decorator']) retrieved from /Users/abhishekpatkar/Documents/Projects/af_file_loader/venv/lib/python3.11/site-packages/airflow/example_dags/example_sensor_decorator.py
[2023-07-22T14:59:50.646-0500] {logging_mixin.py:150} INFO - [2023-07-22T14:59:50.646-0500] {dag.py:2742} INFO - Sync 1 DAGs
[2023-07-22T14:59:50.666-0500] {logging_mixin.py:150} INFO - [2023-07-22T14:59:50.666-0500] {dag.py:3504} INFO - Setting next_dagrun for example_sensor_decorator to None, run_after=None
[2023-07-22T14:59:50.686-0500] {processor.py:179} INFO - Processing /Users/abhishekpatkar/Documents/Projects/af_file_loader/venv/lib/python3.11/site-packages/airflow/example_dags/example_sensor_decorator.py took 0.908 seconds
[2023-07-22T15:02:15.564-0500] {processor.py:157} INFO - Started process (PID=17223) to work on /Users/abhishekpatkar/Documents/Projects/af_file_loader/venv/lib/python3.11/site-packages/airflow/example_dags/example_sensor_decorator.py
[2023-07-22T15:02:15.572-0500] {processor.py:826} INFO - Processing file /Users/abhishekpatkar/Documents/Projects/af_file_loader/venv/lib/python3.11/site-packages/airflow/example_dags/example_sensor_decorator.py for tasks to queue
[2023-07-22T15:02:15.573-0500] {logging_mixin.py:150} INFO - [2023-07-22T15:02:15.573-0500] {dagbag.py:541} INFO - Filling up the DagBag from /Users/abhishekpatkar/Documents/Projects/af_file_loader/venv/lib/python3.11/site-packages/airflow/example_dags/example_sensor_decorator.py
[2023-07-22T15:02:15.688-0500] {processor.py:836} INFO - DAG(s) dict_keys(['example_sensor_decorator']) retrieved from /Users/abhishekpatkar/Documents/Projects/af_file_loader/venv/lib/python3.11/site-packages/airflow/example_dags/example_sensor_decorator.py
[2023-07-22T15:02:16.399-0500] {logging_mixin.py:150} INFO - [2023-07-22T15:02:16.398-0500] {dag.py:2742} INFO - Sync 1 DAGs
[2023-07-22T15:02:16.417-0500] {logging_mixin.py:150} INFO - [2023-07-22T15:02:16.417-0500] {dag.py:3504} INFO - Setting next_dagrun for example_sensor_decorator to None, run_after=None
[2023-07-22T15:02:16.434-0500] {processor.py:179} INFO - Processing /Users/abhishekpatkar/Documents/Projects/af_file_loader/venv/lib/python3.11/site-packages/airflow/example_dags/example_sensor_decorator.py took 0.871 seconds
[2023-07-22T15:05:00.033-0500] {processor.py:157} INFO - Started process (PID=17531) to work on /Users/abhishekpatkar/Documents/Projects/af_file_loader/venv/lib/python3.11/site-packages/airflow/example_dags/example_sensor_decorator.py
[2023-07-22T15:05:00.040-0500] {processor.py:826} INFO - Processing file /Users/abhishekpatkar/Documents/Projects/af_file_loader/venv/lib/python3.11/site-packages/airflow/example_dags/example_sensor_decorator.py for tasks to queue
[2023-07-22T15:05:00.040-0500] {logging_mixin.py:150} INFO - [2023-07-22T15:05:00.040-0500] {dagbag.py:541} INFO - Filling up the DagBag from /Users/abhishekpatkar/Documents/Projects/af_file_loader/venv/lib/python3.11/site-packages/airflow/example_dags/example_sensor_decorator.py
[2023-07-22T15:05:00.160-0500] {processor.py:836} INFO - DAG(s) dict_keys(['example_sensor_decorator']) retrieved from /Users/abhishekpatkar/Documents/Projects/af_file_loader/venv/lib/python3.11/site-packages/airflow/example_dags/example_sensor_decorator.py
[2023-07-22T15:05:01.064-0500] {logging_mixin.py:150} INFO - [2023-07-22T15:05:01.064-0500] {dag.py:2742} INFO - Sync 1 DAGs
[2023-07-22T15:05:01.091-0500] {logging_mixin.py:150} INFO - [2023-07-22T15:05:01.091-0500] {dag.py:3504} INFO - Setting next_dagrun for example_sensor_decorator to None, run_after=None
[2023-07-22T15:05:01.109-0500] {processor.py:179} INFO - Processing /Users/abhishekpatkar/Documents/Projects/af_file_loader/venv/lib/python3.11/site-packages/airflow/example_dags/example_sensor_decorator.py took 1.078 seconds
[2023-07-22T15:10:33.721-0500] {processor.py:157} INFO - Started process (PID=17801) to work on /Users/abhishekpatkar/Documents/Projects/af_file_loader/venv/lib/python3.11/site-packages/airflow/example_dags/example_sensor_decorator.py
[2023-07-22T15:10:33.727-0500] {processor.py:826} INFO - Processing file /Users/abhishekpatkar/Documents/Projects/af_file_loader/venv/lib/python3.11/site-packages/airflow/example_dags/example_sensor_decorator.py for tasks to queue
[2023-07-22T15:10:33.727-0500] {logging_mixin.py:150} INFO - [2023-07-22T15:10:33.727-0500] {dagbag.py:541} INFO - Filling up the DagBag from /Users/abhishekpatkar/Documents/Projects/af_file_loader/venv/lib/python3.11/site-packages/airflow/example_dags/example_sensor_decorator.py
[2023-07-22T15:10:33.830-0500] {processor.py:836} INFO - DAG(s) dict_keys(['example_sensor_decorator']) retrieved from /Users/abhishekpatkar/Documents/Projects/af_file_loader/venv/lib/python3.11/site-packages/airflow/example_dags/example_sensor_decorator.py
[2023-07-22T15:10:34.748-0500] {logging_mixin.py:150} INFO - [2023-07-22T15:10:34.747-0500] {dag.py:2742} INFO - Sync 1 DAGs
[2023-07-22T15:10:34.770-0500] {logging_mixin.py:150} INFO - [2023-07-22T15:10:34.770-0500] {dag.py:3504} INFO - Setting next_dagrun for example_sensor_decorator to None, run_after=None
[2023-07-22T15:10:34.790-0500] {processor.py:179} INFO - Processing /Users/abhishekpatkar/Documents/Projects/af_file_loader/venv/lib/python3.11/site-packages/airflow/example_dags/example_sensor_decorator.py took 1.071 seconds
[2023-07-22T15:13:26.766-0500] {processor.py:157} INFO - Started process (PID=17899) to work on /Users/abhishekpatkar/Documents/Projects/af_file_loader/venv/lib/python3.11/site-packages/airflow/example_dags/example_sensor_decorator.py
[2023-07-22T15:13:26.770-0500] {processor.py:826} INFO - Processing file /Users/abhishekpatkar/Documents/Projects/af_file_loader/venv/lib/python3.11/site-packages/airflow/example_dags/example_sensor_decorator.py for tasks to queue
[2023-07-22T15:13:26.770-0500] {logging_mixin.py:150} INFO - [2023-07-22T15:13:26.770-0500] {dagbag.py:541} INFO - Filling up the DagBag from /Users/abhishekpatkar/Documents/Projects/af_file_loader/venv/lib/python3.11/site-packages/airflow/example_dags/example_sensor_decorator.py
[2023-07-22T15:13:26.851-0500] {processor.py:836} INFO - DAG(s) dict_keys(['example_sensor_decorator']) retrieved from /Users/abhishekpatkar/Documents/Projects/af_file_loader/venv/lib/python3.11/site-packages/airflow/example_dags/example_sensor_decorator.py
[2023-07-22T15:13:27.833-0500] {logging_mixin.py:150} INFO - [2023-07-22T15:13:27.832-0500] {dag.py:2742} INFO - Sync 1 DAGs
[2023-07-22T15:13:27.849-0500] {logging_mixin.py:150} INFO - [2023-07-22T15:13:27.849-0500] {dag.py:3504} INFO - Setting next_dagrun for example_sensor_decorator to None, run_after=None
[2023-07-22T15:13:27.867-0500] {processor.py:179} INFO - Processing /Users/abhishekpatkar/Documents/Projects/af_file_loader/venv/lib/python3.11/site-packages/airflow/example_dags/example_sensor_decorator.py took 1.102 seconds
[2023-07-22T15:16:15.413-0500] {processor.py:157} INFO - Started process (PID=17997) to work on /Users/abhishekpatkar/Documents/Projects/af_file_loader/venv/lib/python3.11/site-packages/airflow/example_dags/example_sensor_decorator.py
[2023-07-22T15:16:15.417-0500] {processor.py:826} INFO - Processing file /Users/abhishekpatkar/Documents/Projects/af_file_loader/venv/lib/python3.11/site-packages/airflow/example_dags/example_sensor_decorator.py for tasks to queue
[2023-07-22T15:16:15.418-0500] {logging_mixin.py:150} INFO - [2023-07-22T15:16:15.418-0500] {dagbag.py:541} INFO - Filling up the DagBag from /Users/abhishekpatkar/Documents/Projects/af_file_loader/venv/lib/python3.11/site-packages/airflow/example_dags/example_sensor_decorator.py
[2023-07-22T15:16:15.545-0500] {processor.py:836} INFO - DAG(s) dict_keys(['example_sensor_decorator']) retrieved from /Users/abhishekpatkar/Documents/Projects/af_file_loader/venv/lib/python3.11/site-packages/airflow/example_dags/example_sensor_decorator.py
[2023-07-22T15:16:16.267-0500] {logging_mixin.py:150} INFO - [2023-07-22T15:16:16.266-0500] {dag.py:2742} INFO - Sync 1 DAGs
[2023-07-22T15:16:16.287-0500] {logging_mixin.py:150} INFO - [2023-07-22T15:16:16.287-0500] {dag.py:3504} INFO - Setting next_dagrun for example_sensor_decorator to None, run_after=None
[2023-07-22T15:16:16.308-0500] {processor.py:179} INFO - Processing /Users/abhishekpatkar/Documents/Projects/af_file_loader/venv/lib/python3.11/site-packages/airflow/example_dags/example_sensor_decorator.py took 0.897 seconds
[2023-07-22T15:19:15.764-0500] {processor.py:157} INFO - Started process (PID=18102) to work on /Users/abhishekpatkar/Documents/Projects/af_file_loader/venv/lib/python3.11/site-packages/airflow/example_dags/example_sensor_decorator.py
[2023-07-22T15:19:15.768-0500] {processor.py:826} INFO - Processing file /Users/abhishekpatkar/Documents/Projects/af_file_loader/venv/lib/python3.11/site-packages/airflow/example_dags/example_sensor_decorator.py for tasks to queue
[2023-07-22T15:19:15.769-0500] {logging_mixin.py:150} INFO - [2023-07-22T15:19:15.768-0500] {dagbag.py:541} INFO - Filling up the DagBag from /Users/abhishekpatkar/Documents/Projects/af_file_loader/venv/lib/python3.11/site-packages/airflow/example_dags/example_sensor_decorator.py
[2023-07-22T15:19:15.892-0500] {processor.py:836} INFO - DAG(s) dict_keys(['example_sensor_decorator']) retrieved from /Users/abhishekpatkar/Documents/Projects/af_file_loader/venv/lib/python3.11/site-packages/airflow/example_dags/example_sensor_decorator.py
[2023-07-22T15:19:17.132-0500] {logging_mixin.py:150} INFO - [2023-07-22T15:19:17.132-0500] {dag.py:2742} INFO - Sync 1 DAGs
[2023-07-22T15:19:17.177-0500] {logging_mixin.py:150} INFO - [2023-07-22T15:19:17.176-0500] {dag.py:3504} INFO - Setting next_dagrun for example_sensor_decorator to None, run_after=None
[2023-07-22T15:19:17.209-0500] {processor.py:179} INFO - Processing /Users/abhishekpatkar/Documents/Projects/af_file_loader/venv/lib/python3.11/site-packages/airflow/example_dags/example_sensor_decorator.py took 1.445 seconds
[2023-07-22T15:21:54.286-0500] {processor.py:157} INFO - Started process (PID=18196) to work on /Users/abhishekpatkar/Documents/Projects/af_file_loader/venv/lib/python3.11/site-packages/airflow/example_dags/example_sensor_decorator.py
[2023-07-22T15:21:54.290-0500] {processor.py:826} INFO - Processing file /Users/abhishekpatkar/Documents/Projects/af_file_loader/venv/lib/python3.11/site-packages/airflow/example_dags/example_sensor_decorator.py for tasks to queue
[2023-07-22T15:21:54.291-0500] {logging_mixin.py:150} INFO - [2023-07-22T15:21:54.290-0500] {dagbag.py:541} INFO - Filling up the DagBag from /Users/abhishekpatkar/Documents/Projects/af_file_loader/venv/lib/python3.11/site-packages/airflow/example_dags/example_sensor_decorator.py
[2023-07-22T15:21:54.400-0500] {processor.py:836} INFO - DAG(s) dict_keys(['example_sensor_decorator']) retrieved from /Users/abhishekpatkar/Documents/Projects/af_file_loader/venv/lib/python3.11/site-packages/airflow/example_dags/example_sensor_decorator.py
[2023-07-22T15:21:55.605-0500] {logging_mixin.py:150} INFO - [2023-07-22T15:21:55.604-0500] {dag.py:2742} INFO - Sync 1 DAGs
[2023-07-22T15:21:55.655-0500] {logging_mixin.py:150} INFO - [2023-07-22T15:21:55.655-0500] {dag.py:3504} INFO - Setting next_dagrun for example_sensor_decorator to None, run_after=None
[2023-07-22T15:21:55.687-0500] {processor.py:179} INFO - Processing /Users/abhishekpatkar/Documents/Projects/af_file_loader/venv/lib/python3.11/site-packages/airflow/example_dags/example_sensor_decorator.py took 1.402 seconds
[2023-07-22T15:24:07.713-0500] {processor.py:157} INFO - Started process (PID=18286) to work on /Users/abhishekpatkar/Documents/Projects/af_file_loader/venv/lib/python3.11/site-packages/airflow/example_dags/example_sensor_decorator.py
[2023-07-22T15:24:07.718-0500] {processor.py:826} INFO - Processing file /Users/abhishekpatkar/Documents/Projects/af_file_loader/venv/lib/python3.11/site-packages/airflow/example_dags/example_sensor_decorator.py for tasks to queue
[2023-07-22T15:24:07.718-0500] {logging_mixin.py:150} INFO - [2023-07-22T15:24:07.718-0500] {dagbag.py:541} INFO - Filling up the DagBag from /Users/abhishekpatkar/Documents/Projects/af_file_loader/venv/lib/python3.11/site-packages/airflow/example_dags/example_sensor_decorator.py
[2023-07-22T15:24:07.805-0500] {processor.py:836} INFO - DAG(s) dict_keys(['example_sensor_decorator']) retrieved from /Users/abhishekpatkar/Documents/Projects/af_file_loader/venv/lib/python3.11/site-packages/airflow/example_dags/example_sensor_decorator.py
[2023-07-22T15:24:08.494-0500] {logging_mixin.py:150} INFO - [2023-07-22T15:24:08.494-0500] {dag.py:2742} INFO - Sync 1 DAGs
[2023-07-22T15:24:08.511-0500] {logging_mixin.py:150} INFO - [2023-07-22T15:24:08.511-0500] {dag.py:3504} INFO - Setting next_dagrun for example_sensor_decorator to None, run_after=None
[2023-07-22T15:24:08.529-0500] {processor.py:179} INFO - Processing /Users/abhishekpatkar/Documents/Projects/af_file_loader/venv/lib/python3.11/site-packages/airflow/example_dags/example_sensor_decorator.py took 0.817 seconds
[2023-07-22T15:26:54.070-0500] {processor.py:157} INFO - Started process (PID=18492) to work on /Users/abhishekpatkar/Documents/Projects/af_file_loader/venv/lib/python3.11/site-packages/airflow/example_dags/example_sensor_decorator.py
[2023-07-22T15:26:54.074-0500] {processor.py:826} INFO - Processing file /Users/abhishekpatkar/Documents/Projects/af_file_loader/venv/lib/python3.11/site-packages/airflow/example_dags/example_sensor_decorator.py for tasks to queue
[2023-07-22T15:26:54.075-0500] {logging_mixin.py:150} INFO - [2023-07-22T15:26:54.075-0500] {dagbag.py:541} INFO - Filling up the DagBag from /Users/abhishekpatkar/Documents/Projects/af_file_loader/venv/lib/python3.11/site-packages/airflow/example_dags/example_sensor_decorator.py
[2023-07-22T15:26:54.261-0500] {processor.py:836} INFO - DAG(s) dict_keys(['example_sensor_decorator']) retrieved from /Users/abhishekpatkar/Documents/Projects/af_file_loader/venv/lib/python3.11/site-packages/airflow/example_dags/example_sensor_decorator.py
[2023-07-22T15:26:56.031-0500] {logging_mixin.py:150} INFO - [2023-07-22T15:26:56.030-0500] {dag.py:2742} INFO - Sync 1 DAGs
[2023-07-22T15:26:56.064-0500] {logging_mixin.py:150} INFO - [2023-07-22T15:26:56.064-0500] {dag.py:3504} INFO - Setting next_dagrun for example_sensor_decorator to None, run_after=None
[2023-07-22T15:26:56.098-0500] {processor.py:179} INFO - Processing /Users/abhishekpatkar/Documents/Projects/af_file_loader/venv/lib/python3.11/site-packages/airflow/example_dags/example_sensor_decorator.py took 2.028 seconds
[2023-07-22T15:30:14.350-0500] {processor.py:157} INFO - Started process (PID=18708) to work on /Users/abhishekpatkar/Documents/Projects/af_file_loader/venv/lib/python3.11/site-packages/airflow/example_dags/example_sensor_decorator.py
[2023-07-22T15:30:14.382-0500] {processor.py:826} INFO - Processing file /Users/abhishekpatkar/Documents/Projects/af_file_loader/venv/lib/python3.11/site-packages/airflow/example_dags/example_sensor_decorator.py for tasks to queue
[2023-07-22T15:30:14.383-0500] {logging_mixin.py:150} INFO - [2023-07-22T15:30:14.383-0500] {dagbag.py:541} INFO - Filling up the DagBag from /Users/abhishekpatkar/Documents/Projects/af_file_loader/venv/lib/python3.11/site-packages/airflow/example_dags/example_sensor_decorator.py
[2023-07-22T15:30:14.546-0500] {processor.py:836} INFO - DAG(s) dict_keys(['example_sensor_decorator']) retrieved from /Users/abhishekpatkar/Documents/Projects/af_file_loader/venv/lib/python3.11/site-packages/airflow/example_dags/example_sensor_decorator.py
[2023-07-22T15:30:15.768-0500] {logging_mixin.py:150} INFO - [2023-07-22T15:30:15.767-0500] {dag.py:2742} INFO - Sync 1 DAGs
[2023-07-22T15:30:15.803-0500] {logging_mixin.py:150} INFO - [2023-07-22T15:30:15.803-0500] {dag.py:3504} INFO - Setting next_dagrun for example_sensor_decorator to None, run_after=None
[2023-07-22T15:30:15.832-0500] {processor.py:179} INFO - Processing /Users/abhishekpatkar/Documents/Projects/af_file_loader/venv/lib/python3.11/site-packages/airflow/example_dags/example_sensor_decorator.py took 1.483 seconds
[2023-07-22T15:32:41.252-0500] {processor.py:157} INFO - Started process (PID=18846) to work on /Users/abhishekpatkar/Documents/Projects/af_file_loader/venv/lib/python3.11/site-packages/airflow/example_dags/example_sensor_decorator.py
[2023-07-22T15:32:41.256-0500] {processor.py:826} INFO - Processing file /Users/abhishekpatkar/Documents/Projects/af_file_loader/venv/lib/python3.11/site-packages/airflow/example_dags/example_sensor_decorator.py for tasks to queue
[2023-07-22T15:32:41.257-0500] {logging_mixin.py:150} INFO - [2023-07-22T15:32:41.257-0500] {dagbag.py:541} INFO - Filling up the DagBag from /Users/abhishekpatkar/Documents/Projects/af_file_loader/venv/lib/python3.11/site-packages/airflow/example_dags/example_sensor_decorator.py
[2023-07-22T15:32:41.340-0500] {processor.py:836} INFO - DAG(s) dict_keys(['example_sensor_decorator']) retrieved from /Users/abhishekpatkar/Documents/Projects/af_file_loader/venv/lib/python3.11/site-packages/airflow/example_dags/example_sensor_decorator.py
[2023-07-22T15:32:41.956-0500] {logging_mixin.py:150} INFO - [2023-07-22T15:32:41.955-0500] {dag.py:2742} INFO - Sync 1 DAGs
[2023-07-22T15:32:41.971-0500] {logging_mixin.py:150} INFO - [2023-07-22T15:32:41.971-0500] {dag.py:3504} INFO - Setting next_dagrun for example_sensor_decorator to None, run_after=None
[2023-07-22T15:32:41.991-0500] {processor.py:179} INFO - Processing /Users/abhishekpatkar/Documents/Projects/af_file_loader/venv/lib/python3.11/site-packages/airflow/example_dags/example_sensor_decorator.py took 0.740 seconds
[2023-07-22T15:34:37.131-0500] {processor.py:157} INFO - Started process (PID=18920) to work on /Users/abhishekpatkar/Documents/Projects/af_file_loader/venv/lib/python3.11/site-packages/airflow/example_dags/example_sensor_decorator.py
[2023-07-22T15:34:37.135-0500] {processor.py:826} INFO - Processing file /Users/abhishekpatkar/Documents/Projects/af_file_loader/venv/lib/python3.11/site-packages/airflow/example_dags/example_sensor_decorator.py for tasks to queue
[2023-07-22T15:34:37.136-0500] {logging_mixin.py:150} INFO - [2023-07-22T15:34:37.136-0500] {dagbag.py:541} INFO - Filling up the DagBag from /Users/abhishekpatkar/Documents/Projects/af_file_loader/venv/lib/python3.11/site-packages/airflow/example_dags/example_sensor_decorator.py
[2023-07-22T15:34:37.218-0500] {processor.py:836} INFO - DAG(s) dict_keys(['example_sensor_decorator']) retrieved from /Users/abhishekpatkar/Documents/Projects/af_file_loader/venv/lib/python3.11/site-packages/airflow/example_dags/example_sensor_decorator.py
[2023-07-22T15:34:37.855-0500] {logging_mixin.py:150} INFO - [2023-07-22T15:34:37.855-0500] {dag.py:2742} INFO - Sync 1 DAGs
[2023-07-22T15:34:37.872-0500] {logging_mixin.py:150} INFO - [2023-07-22T15:34:37.872-0500] {dag.py:3504} INFO - Setting next_dagrun for example_sensor_decorator to None, run_after=None
[2023-07-22T15:34:37.892-0500] {processor.py:179} INFO - Processing /Users/abhishekpatkar/Documents/Projects/af_file_loader/venv/lib/python3.11/site-packages/airflow/example_dags/example_sensor_decorator.py took 0.762 seconds
[2023-07-22T15:36:29.465-0500] {processor.py:157} INFO - Started process (PID=19097) to work on /Users/abhishekpatkar/Documents/Projects/af_file_loader/venv/lib/python3.11/site-packages/airflow/example_dags/example_sensor_decorator.py
[2023-07-22T15:36:29.470-0500] {processor.py:826} INFO - Processing file /Users/abhishekpatkar/Documents/Projects/af_file_loader/venv/lib/python3.11/site-packages/airflow/example_dags/example_sensor_decorator.py for tasks to queue
[2023-07-22T15:36:29.471-0500] {logging_mixin.py:150} INFO - [2023-07-22T15:36:29.471-0500] {dagbag.py:541} INFO - Filling up the DagBag from /Users/abhishekpatkar/Documents/Projects/af_file_loader/venv/lib/python3.11/site-packages/airflow/example_dags/example_sensor_decorator.py
[2023-07-22T15:36:29.561-0500] {processor.py:836} INFO - DAG(s) dict_keys(['example_sensor_decorator']) retrieved from /Users/abhishekpatkar/Documents/Projects/af_file_loader/venv/lib/python3.11/site-packages/airflow/example_dags/example_sensor_decorator.py
[2023-07-22T15:36:30.214-0500] {logging_mixin.py:150} INFO - [2023-07-22T15:36:30.214-0500] {dag.py:2742} INFO - Sync 1 DAGs
[2023-07-22T15:36:30.230-0500] {logging_mixin.py:150} INFO - [2023-07-22T15:36:30.230-0500] {dag.py:3504} INFO - Setting next_dagrun for example_sensor_decorator to None, run_after=None
[2023-07-22T15:36:30.250-0500] {processor.py:179} INFO - Processing /Users/abhishekpatkar/Documents/Projects/af_file_loader/venv/lib/python3.11/site-packages/airflow/example_dags/example_sensor_decorator.py took 0.785 seconds
[2023-07-22T15:48:11.343-0500] {processor.py:157} INFO - Started process (PID=19410) to work on /Users/abhishekpatkar/Documents/Projects/af_file_loader/venv/lib/python3.11/site-packages/airflow/example_dags/example_sensor_decorator.py
[2023-07-22T15:48:11.348-0500] {processor.py:826} INFO - Processing file /Users/abhishekpatkar/Documents/Projects/af_file_loader/venv/lib/python3.11/site-packages/airflow/example_dags/example_sensor_decorator.py for tasks to queue
[2023-07-22T15:48:11.350-0500] {logging_mixin.py:150} INFO - [2023-07-22T15:48:11.350-0500] {dagbag.py:541} INFO - Filling up the DagBag from /Users/abhishekpatkar/Documents/Projects/af_file_loader/venv/lib/python3.11/site-packages/airflow/example_dags/example_sensor_decorator.py
[2023-07-22T15:48:11.448-0500] {processor.py:836} INFO - DAG(s) dict_keys(['example_sensor_decorator']) retrieved from /Users/abhishekpatkar/Documents/Projects/af_file_loader/venv/lib/python3.11/site-packages/airflow/example_dags/example_sensor_decorator.py
[2023-07-22T15:48:12.307-0500] {logging_mixin.py:150} INFO - [2023-07-22T15:48:12.307-0500] {dag.py:2742} INFO - Sync 1 DAGs
[2023-07-22T15:48:12.331-0500] {logging_mixin.py:150} INFO - [2023-07-22T15:48:12.331-0500] {dag.py:3504} INFO - Setting next_dagrun for example_sensor_decorator to None, run_after=None
[2023-07-22T15:48:12.356-0500] {processor.py:179} INFO - Processing /Users/abhishekpatkar/Documents/Projects/af_file_loader/venv/lib/python3.11/site-packages/airflow/example_dags/example_sensor_decorator.py took 1.013 seconds
[2023-07-22T15:50:35.386-0500] {processor.py:157} INFO - Started process (PID=19598) to work on /Users/abhishekpatkar/Documents/Projects/af_file_loader/venv/lib/python3.11/site-packages/airflow/example_dags/example_sensor_decorator.py
[2023-07-22T15:50:35.393-0500] {processor.py:826} INFO - Processing file /Users/abhishekpatkar/Documents/Projects/af_file_loader/venv/lib/python3.11/site-packages/airflow/example_dags/example_sensor_decorator.py for tasks to queue
[2023-07-22T15:50:35.393-0500] {logging_mixin.py:150} INFO - [2023-07-22T15:50:35.393-0500] {dagbag.py:541} INFO - Filling up the DagBag from /Users/abhishekpatkar/Documents/Projects/af_file_loader/venv/lib/python3.11/site-packages/airflow/example_dags/example_sensor_decorator.py
[2023-07-22T15:50:35.492-0500] {processor.py:836} INFO - DAG(s) dict_keys(['example_sensor_decorator']) retrieved from /Users/abhishekpatkar/Documents/Projects/af_file_loader/venv/lib/python3.11/site-packages/airflow/example_dags/example_sensor_decorator.py
[2023-07-22T15:50:36.346-0500] {logging_mixin.py:150} INFO - [2023-07-22T15:50:36.346-0500] {dag.py:2742} INFO - Sync 1 DAGs
[2023-07-22T15:50:36.369-0500] {logging_mixin.py:150} INFO - [2023-07-22T15:50:36.369-0500] {dag.py:3504} INFO - Setting next_dagrun for example_sensor_decorator to None, run_after=None
[2023-07-22T15:50:36.397-0500] {processor.py:179} INFO - Processing /Users/abhishekpatkar/Documents/Projects/af_file_loader/venv/lib/python3.11/site-packages/airflow/example_dags/example_sensor_decorator.py took 1.012 seconds
[2023-07-22T15:53:14.043-0500] {processor.py:157} INFO - Started process (PID=19850) to work on /Users/abhishekpatkar/Documents/Projects/af_file_loader/venv/lib/python3.11/site-packages/airflow/example_dags/example_sensor_decorator.py
[2023-07-22T15:53:14.047-0500] {processor.py:826} INFO - Processing file /Users/abhishekpatkar/Documents/Projects/af_file_loader/venv/lib/python3.11/site-packages/airflow/example_dags/example_sensor_decorator.py for tasks to queue
[2023-07-22T15:53:14.048-0500] {logging_mixin.py:150} INFO - [2023-07-22T15:53:14.048-0500] {dagbag.py:541} INFO - Filling up the DagBag from /Users/abhishekpatkar/Documents/Projects/af_file_loader/venv/lib/python3.11/site-packages/airflow/example_dags/example_sensor_decorator.py
[2023-07-22T15:53:14.205-0500] {processor.py:836} INFO - DAG(s) dict_keys(['example_sensor_decorator']) retrieved from /Users/abhishekpatkar/Documents/Projects/af_file_loader/venv/lib/python3.11/site-packages/airflow/example_dags/example_sensor_decorator.py
[2023-07-22T15:53:15.321-0500] {logging_mixin.py:150} INFO - [2023-07-22T15:53:15.320-0500] {dag.py:2742} INFO - Sync 1 DAGs
[2023-07-22T15:53:15.344-0500] {logging_mixin.py:150} INFO - [2023-07-22T15:53:15.344-0500] {dag.py:3504} INFO - Setting next_dagrun for example_sensor_decorator to None, run_after=None
[2023-07-22T15:53:15.368-0500] {processor.py:179} INFO - Processing /Users/abhishekpatkar/Documents/Projects/af_file_loader/venv/lib/python3.11/site-packages/airflow/example_dags/example_sensor_decorator.py took 1.326 seconds
[2023-07-22T15:55:53.144-0500] {processor.py:157} INFO - Started process (PID=20051) to work on /Users/abhishekpatkar/Documents/Projects/af_file_loader/venv/lib/python3.11/site-packages/airflow/example_dags/example_sensor_decorator.py
[2023-07-22T15:55:53.148-0500] {processor.py:826} INFO - Processing file /Users/abhishekpatkar/Documents/Projects/af_file_loader/venv/lib/python3.11/site-packages/airflow/example_dags/example_sensor_decorator.py for tasks to queue
[2023-07-22T15:55:53.149-0500] {logging_mixin.py:150} INFO - [2023-07-22T15:55:53.148-0500] {dagbag.py:541} INFO - Filling up the DagBag from /Users/abhishekpatkar/Documents/Projects/af_file_loader/venv/lib/python3.11/site-packages/airflow/example_dags/example_sensor_decorator.py
[2023-07-22T15:55:53.260-0500] {processor.py:836} INFO - DAG(s) dict_keys(['example_sensor_decorator']) retrieved from /Users/abhishekpatkar/Documents/Projects/af_file_loader/venv/lib/python3.11/site-packages/airflow/example_dags/example_sensor_decorator.py
[2023-07-22T15:55:54.443-0500] {logging_mixin.py:150} INFO - [2023-07-22T15:55:54.442-0500] {dag.py:2742} INFO - Sync 1 DAGs
[2023-07-22T15:55:54.463-0500] {logging_mixin.py:150} INFO - [2023-07-22T15:55:54.463-0500] {dag.py:3504} INFO - Setting next_dagrun for example_sensor_decorator to None, run_after=None
[2023-07-22T15:55:54.511-0500] {processor.py:179} INFO - Processing /Users/abhishekpatkar/Documents/Projects/af_file_loader/venv/lib/python3.11/site-packages/airflow/example_dags/example_sensor_decorator.py took 1.369 seconds
[2023-07-22T15:58:30.513-0500] {processor.py:157} INFO - Started process (PID=20244) to work on /Users/abhishekpatkar/Documents/Projects/af_file_loader/venv/lib/python3.11/site-packages/airflow/example_dags/example_sensor_decorator.py
[2023-07-22T15:58:30.520-0500] {processor.py:826} INFO - Processing file /Users/abhishekpatkar/Documents/Projects/af_file_loader/venv/lib/python3.11/site-packages/airflow/example_dags/example_sensor_decorator.py for tasks to queue
[2023-07-22T15:58:30.520-0500] {logging_mixin.py:150} INFO - [2023-07-22T15:58:30.520-0500] {dagbag.py:541} INFO - Filling up the DagBag from /Users/abhishekpatkar/Documents/Projects/af_file_loader/venv/lib/python3.11/site-packages/airflow/example_dags/example_sensor_decorator.py
[2023-07-22T15:58:30.622-0500] {processor.py:836} INFO - DAG(s) dict_keys(['example_sensor_decorator']) retrieved from /Users/abhishekpatkar/Documents/Projects/af_file_loader/venv/lib/python3.11/site-packages/airflow/example_dags/example_sensor_decorator.py
[2023-07-22T15:58:31.417-0500] {logging_mixin.py:150} INFO - [2023-07-22T15:58:31.417-0500] {dag.py:2742} INFO - Sync 1 DAGs
[2023-07-22T15:58:31.435-0500] {logging_mixin.py:150} INFO - [2023-07-22T15:58:31.435-0500] {dag.py:3504} INFO - Setting next_dagrun for example_sensor_decorator to None, run_after=None
[2023-07-22T15:58:31.466-0500] {processor.py:179} INFO - Processing /Users/abhishekpatkar/Documents/Projects/af_file_loader/venv/lib/python3.11/site-packages/airflow/example_dags/example_sensor_decorator.py took 0.954 seconds
[2023-07-22T16:00:58.136-0500] {processor.py:157} INFO - Started process (PID=20331) to work on /Users/abhishekpatkar/Documents/Projects/af_file_loader/venv/lib/python3.11/site-packages/airflow/example_dags/example_sensor_decorator.py
[2023-07-22T16:00:58.140-0500] {processor.py:826} INFO - Processing file /Users/abhishekpatkar/Documents/Projects/af_file_loader/venv/lib/python3.11/site-packages/airflow/example_dags/example_sensor_decorator.py for tasks to queue
[2023-07-22T16:00:58.141-0500] {logging_mixin.py:150} INFO - [2023-07-22T16:00:58.141-0500] {dagbag.py:541} INFO - Filling up the DagBag from /Users/abhishekpatkar/Documents/Projects/af_file_loader/venv/lib/python3.11/site-packages/airflow/example_dags/example_sensor_decorator.py
[2023-07-22T16:00:58.345-0500] {processor.py:836} INFO - DAG(s) dict_keys(['example_sensor_decorator']) retrieved from /Users/abhishekpatkar/Documents/Projects/af_file_loader/venv/lib/python3.11/site-packages/airflow/example_dags/example_sensor_decorator.py
[2023-07-22T16:00:59.174-0500] {logging_mixin.py:150} INFO - [2023-07-22T16:00:59.174-0500] {dag.py:2742} INFO - Sync 1 DAGs
[2023-07-22T16:00:59.198-0500] {logging_mixin.py:150} INFO - [2023-07-22T16:00:59.198-0500] {dag.py:3504} INFO - Setting next_dagrun for example_sensor_decorator to None, run_after=None
[2023-07-22T16:00:59.226-0500] {processor.py:179} INFO - Processing /Users/abhishekpatkar/Documents/Projects/af_file_loader/venv/lib/python3.11/site-packages/airflow/example_dags/example_sensor_decorator.py took 1.091 seconds
[2023-07-22T16:03:11.327-0500] {processor.py:157} INFO - Started process (PID=20412) to work on /Users/abhishekpatkar/Documents/Projects/af_file_loader/venv/lib/python3.11/site-packages/airflow/example_dags/example_sensor_decorator.py
[2023-07-22T16:03:11.332-0500] {processor.py:826} INFO - Processing file /Users/abhishekpatkar/Documents/Projects/af_file_loader/venv/lib/python3.11/site-packages/airflow/example_dags/example_sensor_decorator.py for tasks to queue
[2023-07-22T16:03:11.332-0500] {logging_mixin.py:150} INFO - [2023-07-22T16:03:11.332-0500] {dagbag.py:541} INFO - Filling up the DagBag from /Users/abhishekpatkar/Documents/Projects/af_file_loader/venv/lib/python3.11/site-packages/airflow/example_dags/example_sensor_decorator.py
[2023-07-22T16:03:11.417-0500] {processor.py:836} INFO - DAG(s) dict_keys(['example_sensor_decorator']) retrieved from /Users/abhishekpatkar/Documents/Projects/af_file_loader/venv/lib/python3.11/site-packages/airflow/example_dags/example_sensor_decorator.py
[2023-07-22T16:03:12.028-0500] {logging_mixin.py:150} INFO - [2023-07-22T16:03:12.028-0500] {dag.py:2742} INFO - Sync 1 DAGs
[2023-07-22T16:03:12.044-0500] {logging_mixin.py:150} INFO - [2023-07-22T16:03:12.044-0500] {dag.py:3504} INFO - Setting next_dagrun for example_sensor_decorator to None, run_after=None
[2023-07-22T16:03:12.064-0500] {processor.py:179} INFO - Processing /Users/abhishekpatkar/Documents/Projects/af_file_loader/venv/lib/python3.11/site-packages/airflow/example_dags/example_sensor_decorator.py took 0.738 seconds
[2023-07-22T16:05:04.406-0500] {processor.py:157} INFO - Started process (PID=20501) to work on /Users/abhishekpatkar/Documents/Projects/af_file_loader/venv/lib/python3.11/site-packages/airflow/example_dags/example_sensor_decorator.py
[2023-07-22T16:05:04.411-0500] {processor.py:826} INFO - Processing file /Users/abhishekpatkar/Documents/Projects/af_file_loader/venv/lib/python3.11/site-packages/airflow/example_dags/example_sensor_decorator.py for tasks to queue
[2023-07-22T16:05:04.411-0500] {logging_mixin.py:150} INFO - [2023-07-22T16:05:04.411-0500] {dagbag.py:541} INFO - Filling up the DagBag from /Users/abhishekpatkar/Documents/Projects/af_file_loader/venv/lib/python3.11/site-packages/airflow/example_dags/example_sensor_decorator.py
[2023-07-22T16:05:04.494-0500] {processor.py:836} INFO - DAG(s) dict_keys(['example_sensor_decorator']) retrieved from /Users/abhishekpatkar/Documents/Projects/af_file_loader/venv/lib/python3.11/site-packages/airflow/example_dags/example_sensor_decorator.py
[2023-07-22T16:05:05.091-0500] {logging_mixin.py:150} INFO - [2023-07-22T16:05:05.091-0500] {dag.py:2742} INFO - Sync 1 DAGs
[2023-07-22T16:05:05.107-0500] {logging_mixin.py:150} INFO - [2023-07-22T16:05:05.107-0500] {dag.py:3504} INFO - Setting next_dagrun for example_sensor_decorator to None, run_after=None
[2023-07-22T16:05:05.126-0500] {processor.py:179} INFO - Processing /Users/abhishekpatkar/Documents/Projects/af_file_loader/venv/lib/python3.11/site-packages/airflow/example_dags/example_sensor_decorator.py took 0.721 seconds
[2023-07-22T16:06:50.775-0500] {processor.py:157} INFO - Started process (PID=20579) to work on /Users/abhishekpatkar/Documents/Projects/af_file_loader/venv/lib/python3.11/site-packages/airflow/example_dags/example_sensor_decorator.py
[2023-07-22T16:06:50.779-0500] {processor.py:826} INFO - Processing file /Users/abhishekpatkar/Documents/Projects/af_file_loader/venv/lib/python3.11/site-packages/airflow/example_dags/example_sensor_decorator.py for tasks to queue
[2023-07-22T16:06:50.779-0500] {logging_mixin.py:150} INFO - [2023-07-22T16:06:50.779-0500] {dagbag.py:541} INFO - Filling up the DagBag from /Users/abhishekpatkar/Documents/Projects/af_file_loader/venv/lib/python3.11/site-packages/airflow/example_dags/example_sensor_decorator.py
[2023-07-22T16:06:50.860-0500] {processor.py:836} INFO - DAG(s) dict_keys(['example_sensor_decorator']) retrieved from /Users/abhishekpatkar/Documents/Projects/af_file_loader/venv/lib/python3.11/site-packages/airflow/example_dags/example_sensor_decorator.py
[2023-07-22T16:06:51.480-0500] {logging_mixin.py:150} INFO - [2023-07-22T16:06:51.480-0500] {dag.py:2742} INFO - Sync 1 DAGs
[2023-07-22T16:06:51.500-0500] {logging_mixin.py:150} INFO - [2023-07-22T16:06:51.500-0500] {dag.py:3504} INFO - Setting next_dagrun for example_sensor_decorator to None, run_after=None
[2023-07-22T16:06:51.521-0500] {processor.py:179} INFO - Processing /Users/abhishekpatkar/Documents/Projects/af_file_loader/venv/lib/python3.11/site-packages/airflow/example_dags/example_sensor_decorator.py took 0.747 seconds
[2023-07-22T16:08:43.466-0500] {processor.py:157} INFO - Started process (PID=20664) to work on /Users/abhishekpatkar/Documents/Projects/af_file_loader/venv/lib/python3.11/site-packages/airflow/example_dags/example_sensor_decorator.py
[2023-07-22T16:08:43.471-0500] {processor.py:826} INFO - Processing file /Users/abhishekpatkar/Documents/Projects/af_file_loader/venv/lib/python3.11/site-packages/airflow/example_dags/example_sensor_decorator.py for tasks to queue
[2023-07-22T16:08:43.471-0500] {logging_mixin.py:150} INFO - [2023-07-22T16:08:43.471-0500] {dagbag.py:541} INFO - Filling up the DagBag from /Users/abhishekpatkar/Documents/Projects/af_file_loader/venv/lib/python3.11/site-packages/airflow/example_dags/example_sensor_decorator.py
[2023-07-22T16:08:43.719-0500] {processor.py:836} INFO - DAG(s) dict_keys(['example_sensor_decorator']) retrieved from /Users/abhishekpatkar/Documents/Projects/af_file_loader/venv/lib/python3.11/site-packages/airflow/example_dags/example_sensor_decorator.py
[2023-07-22T16:08:44.347-0500] {logging_mixin.py:150} INFO - [2023-07-22T16:08:44.347-0500] {dag.py:2742} INFO - Sync 1 DAGs
[2023-07-22T16:08:44.362-0500] {logging_mixin.py:150} INFO - [2023-07-22T16:08:44.362-0500] {dag.py:3504} INFO - Setting next_dagrun for example_sensor_decorator to None, run_after=None
[2023-07-22T16:08:44.381-0500] {processor.py:179} INFO - Processing /Users/abhishekpatkar/Documents/Projects/af_file_loader/venv/lib/python3.11/site-packages/airflow/example_dags/example_sensor_decorator.py took 0.916 seconds
[2023-07-22T16:10:33.232-0500] {processor.py:157} INFO - Started process (PID=20735) to work on /Users/abhishekpatkar/Documents/Projects/af_file_loader/venv/lib/python3.11/site-packages/airflow/example_dags/example_sensor_decorator.py
[2023-07-22T16:10:33.235-0500] {processor.py:826} INFO - Processing file /Users/abhishekpatkar/Documents/Projects/af_file_loader/venv/lib/python3.11/site-packages/airflow/example_dags/example_sensor_decorator.py for tasks to queue
[2023-07-22T16:10:33.236-0500] {logging_mixin.py:150} INFO - [2023-07-22T16:10:33.236-0500] {dagbag.py:541} INFO - Filling up the DagBag from /Users/abhishekpatkar/Documents/Projects/af_file_loader/venv/lib/python3.11/site-packages/airflow/example_dags/example_sensor_decorator.py
[2023-07-22T16:10:33.324-0500] {processor.py:836} INFO - DAG(s) dict_keys(['example_sensor_decorator']) retrieved from /Users/abhishekpatkar/Documents/Projects/af_file_loader/venv/lib/python3.11/site-packages/airflow/example_dags/example_sensor_decorator.py
[2023-07-22T16:10:33.923-0500] {logging_mixin.py:150} INFO - [2023-07-22T16:10:33.922-0500] {dag.py:2742} INFO - Sync 1 DAGs
[2023-07-22T16:10:33.938-0500] {logging_mixin.py:150} INFO - [2023-07-22T16:10:33.938-0500] {dag.py:3504} INFO - Setting next_dagrun for example_sensor_decorator to None, run_after=None
[2023-07-22T16:10:33.957-0500] {processor.py:179} INFO - Processing /Users/abhishekpatkar/Documents/Projects/af_file_loader/venv/lib/python3.11/site-packages/airflow/example_dags/example_sensor_decorator.py took 0.726 seconds
[2023-07-22T16:24:22.235-0500] {processor.py:157} INFO - Started process (PID=20877) to work on /Users/abhishekpatkar/Documents/Projects/af_file_loader/venv/lib/python3.11/site-packages/airflow/example_dags/example_sensor_decorator.py
[2023-07-22T16:24:22.240-0500] {processor.py:826} INFO - Processing file /Users/abhishekpatkar/Documents/Projects/af_file_loader/venv/lib/python3.11/site-packages/airflow/example_dags/example_sensor_decorator.py for tasks to queue
[2023-07-22T16:24:22.241-0500] {logging_mixin.py:150} INFO - [2023-07-22T16:24:22.241-0500] {dagbag.py:541} INFO - Filling up the DagBag from /Users/abhishekpatkar/Documents/Projects/af_file_loader/venv/lib/python3.11/site-packages/airflow/example_dags/example_sensor_decorator.py
[2023-07-22T16:24:22.344-0500] {processor.py:836} INFO - DAG(s) dict_keys(['example_sensor_decorator']) retrieved from /Users/abhishekpatkar/Documents/Projects/af_file_loader/venv/lib/python3.11/site-packages/airflow/example_dags/example_sensor_decorator.py
[2023-07-22T16:24:22.994-0500] {logging_mixin.py:150} INFO - [2023-07-22T16:24:22.994-0500] {dag.py:2742} INFO - Sync 1 DAGs
[2023-07-22T16:24:23.010-0500] {logging_mixin.py:150} INFO - [2023-07-22T16:24:23.010-0500] {dag.py:3504} INFO - Setting next_dagrun for example_sensor_decorator to None, run_after=None
[2023-07-22T16:24:23.032-0500] {processor.py:179} INFO - Processing /Users/abhishekpatkar/Documents/Projects/af_file_loader/venv/lib/python3.11/site-packages/airflow/example_dags/example_sensor_decorator.py took 0.798 seconds
[2023-07-22T16:27:27.059-0500] {processor.py:157} INFO - Started process (PID=21013) to work on /Users/abhishekpatkar/Documents/Projects/af_file_loader/venv/lib/python3.11/site-packages/airflow/example_dags/example_sensor_decorator.py
[2023-07-22T16:27:27.065-0500] {processor.py:826} INFO - Processing file /Users/abhishekpatkar/Documents/Projects/af_file_loader/venv/lib/python3.11/site-packages/airflow/example_dags/example_sensor_decorator.py for tasks to queue
[2023-07-22T16:27:27.066-0500] {logging_mixin.py:150} INFO - [2023-07-22T16:27:27.066-0500] {dagbag.py:541} INFO - Filling up the DagBag from /Users/abhishekpatkar/Documents/Projects/af_file_loader/venv/lib/python3.11/site-packages/airflow/example_dags/example_sensor_decorator.py
[2023-07-22T16:27:27.193-0500] {processor.py:836} INFO - DAG(s) dict_keys(['example_sensor_decorator']) retrieved from /Users/abhishekpatkar/Documents/Projects/af_file_loader/venv/lib/python3.11/site-packages/airflow/example_dags/example_sensor_decorator.py
[2023-07-22T16:27:28.171-0500] {logging_mixin.py:150} INFO - [2023-07-22T16:27:28.171-0500] {dag.py:2742} INFO - Sync 1 DAGs
[2023-07-22T16:27:28.192-0500] {logging_mixin.py:150} INFO - [2023-07-22T16:27:28.192-0500] {dag.py:3504} INFO - Setting next_dagrun for example_sensor_decorator to None, run_after=None
[2023-07-22T16:27:28.224-0500] {processor.py:179} INFO - Processing /Users/abhishekpatkar/Documents/Projects/af_file_loader/venv/lib/python3.11/site-packages/airflow/example_dags/example_sensor_decorator.py took 1.166 seconds
[2023-07-22T16:30:43.655-0500] {processor.py:157} INFO - Started process (PID=21118) to work on /Users/abhishekpatkar/Documents/Projects/af_file_loader/venv/lib/python3.11/site-packages/airflow/example_dags/example_sensor_decorator.py
[2023-07-22T16:30:43.660-0500] {processor.py:826} INFO - Processing file /Users/abhishekpatkar/Documents/Projects/af_file_loader/venv/lib/python3.11/site-packages/airflow/example_dags/example_sensor_decorator.py for tasks to queue
[2023-07-22T16:30:43.660-0500] {logging_mixin.py:150} INFO - [2023-07-22T16:30:43.660-0500] {dagbag.py:541} INFO - Filling up the DagBag from /Users/abhishekpatkar/Documents/Projects/af_file_loader/venv/lib/python3.11/site-packages/airflow/example_dags/example_sensor_decorator.py
[2023-07-22T16:30:43.782-0500] {processor.py:836} INFO - DAG(s) dict_keys(['example_sensor_decorator']) retrieved from /Users/abhishekpatkar/Documents/Projects/af_file_loader/venv/lib/python3.11/site-packages/airflow/example_dags/example_sensor_decorator.py
[2023-07-22T16:30:44.905-0500] {logging_mixin.py:150} INFO - [2023-07-22T16:30:44.904-0500] {dag.py:2742} INFO - Sync 1 DAGs
[2023-07-22T16:30:44.958-0500] {logging_mixin.py:150} INFO - [2023-07-22T16:30:44.958-0500] {dag.py:3504} INFO - Setting next_dagrun for example_sensor_decorator to None, run_after=None
[2023-07-22T16:30:45.032-0500] {processor.py:179} INFO - Processing /Users/abhishekpatkar/Documents/Projects/af_file_loader/venv/lib/python3.11/site-packages/airflow/example_dags/example_sensor_decorator.py took 1.378 seconds
[2023-07-22T16:34:02.569-0500] {processor.py:157} INFO - Started process (PID=21221) to work on /Users/abhishekpatkar/Documents/Projects/af_file_loader/venv/lib/python3.11/site-packages/airflow/example_dags/example_sensor_decorator.py
[2023-07-22T16:34:02.575-0500] {processor.py:826} INFO - Processing file /Users/abhishekpatkar/Documents/Projects/af_file_loader/venv/lib/python3.11/site-packages/airflow/example_dags/example_sensor_decorator.py for tasks to queue
[2023-07-22T16:34:02.575-0500] {logging_mixin.py:150} INFO - [2023-07-22T16:34:02.575-0500] {dagbag.py:541} INFO - Filling up the DagBag from /Users/abhishekpatkar/Documents/Projects/af_file_loader/venv/lib/python3.11/site-packages/airflow/example_dags/example_sensor_decorator.py
[2023-07-22T16:34:02.693-0500] {processor.py:836} INFO - DAG(s) dict_keys(['example_sensor_decorator']) retrieved from /Users/abhishekpatkar/Documents/Projects/af_file_loader/venv/lib/python3.11/site-packages/airflow/example_dags/example_sensor_decorator.py
[2023-07-22T16:34:03.688-0500] {logging_mixin.py:150} INFO - [2023-07-22T16:34:03.687-0500] {dag.py:2742} INFO - Sync 1 DAGs
[2023-07-22T16:34:03.725-0500] {logging_mixin.py:150} INFO - [2023-07-22T16:34:03.724-0500] {dag.py:3504} INFO - Setting next_dagrun for example_sensor_decorator to None, run_after=None
[2023-07-22T16:34:03.806-0500] {processor.py:179} INFO - Processing /Users/abhishekpatkar/Documents/Projects/af_file_loader/venv/lib/python3.11/site-packages/airflow/example_dags/example_sensor_decorator.py took 1.238 seconds
[2023-07-22T16:37:59.333-0500] {processor.py:157} INFO - Started process (PID=21345) to work on /Users/abhishekpatkar/Documents/Projects/af_file_loader/venv/lib/python3.11/site-packages/airflow/example_dags/example_sensor_decorator.py
[2023-07-22T16:37:59.337-0500] {processor.py:826} INFO - Processing file /Users/abhishekpatkar/Documents/Projects/af_file_loader/venv/lib/python3.11/site-packages/airflow/example_dags/example_sensor_decorator.py for tasks to queue
[2023-07-22T16:37:59.338-0500] {logging_mixin.py:150} INFO - [2023-07-22T16:37:59.338-0500] {dagbag.py:541} INFO - Filling up the DagBag from /Users/abhishekpatkar/Documents/Projects/af_file_loader/venv/lib/python3.11/site-packages/airflow/example_dags/example_sensor_decorator.py
[2023-07-22T16:37:59.482-0500] {processor.py:836} INFO - DAG(s) dict_keys(['example_sensor_decorator']) retrieved from /Users/abhishekpatkar/Documents/Projects/af_file_loader/venv/lib/python3.11/site-packages/airflow/example_dags/example_sensor_decorator.py
[2023-07-22T16:38:00.595-0500] {logging_mixin.py:150} INFO - [2023-07-22T16:38:00.594-0500] {dag.py:2742} INFO - Sync 1 DAGs
[2023-07-22T16:38:00.628-0500] {logging_mixin.py:150} INFO - [2023-07-22T16:38:00.627-0500] {dag.py:3504} INFO - Setting next_dagrun for example_sensor_decorator to None, run_after=None
[2023-07-22T16:38:00.658-0500] {processor.py:179} INFO - Processing /Users/abhishekpatkar/Documents/Projects/af_file_loader/venv/lib/python3.11/site-packages/airflow/example_dags/example_sensor_decorator.py took 1.326 seconds
[2023-07-22T16:42:43.466-0500] {processor.py:157} INFO - Started process (PID=21544) to work on /Users/abhishekpatkar/Documents/Projects/af_file_loader/venv/lib/python3.11/site-packages/airflow/example_dags/example_sensor_decorator.py
[2023-07-22T16:42:43.477-0500] {processor.py:826} INFO - Processing file /Users/abhishekpatkar/Documents/Projects/af_file_loader/venv/lib/python3.11/site-packages/airflow/example_dags/example_sensor_decorator.py for tasks to queue
[2023-07-22T16:42:43.478-0500] {logging_mixin.py:150} INFO - [2023-07-22T16:42:43.478-0500] {dagbag.py:541} INFO - Filling up the DagBag from /Users/abhishekpatkar/Documents/Projects/af_file_loader/venv/lib/python3.11/site-packages/airflow/example_dags/example_sensor_decorator.py
[2023-07-22T16:42:43.633-0500] {processor.py:836} INFO - DAG(s) dict_keys(['example_sensor_decorator']) retrieved from /Users/abhishekpatkar/Documents/Projects/af_file_loader/venv/lib/python3.11/site-packages/airflow/example_dags/example_sensor_decorator.py
[2023-07-22T16:42:45.038-0500] {logging_mixin.py:150} INFO - [2023-07-22T16:42:45.037-0500] {dag.py:2742} INFO - Sync 1 DAGs
[2023-07-22T16:42:45.074-0500] {logging_mixin.py:150} INFO - [2023-07-22T16:42:45.073-0500] {dag.py:3504} INFO - Setting next_dagrun for example_sensor_decorator to None, run_after=None
[2023-07-22T16:42:45.148-0500] {processor.py:179} INFO - Processing /Users/abhishekpatkar/Documents/Projects/af_file_loader/venv/lib/python3.11/site-packages/airflow/example_dags/example_sensor_decorator.py took 1.684 seconds
[2023-07-22T16:46:34.368-0500] {processor.py:157} INFO - Started process (PID=21658) to work on /Users/abhishekpatkar/Documents/Projects/af_file_loader/venv/lib/python3.11/site-packages/airflow/example_dags/example_sensor_decorator.py
[2023-07-22T16:46:34.372-0500] {processor.py:826} INFO - Processing file /Users/abhishekpatkar/Documents/Projects/af_file_loader/venv/lib/python3.11/site-packages/airflow/example_dags/example_sensor_decorator.py for tasks to queue
[2023-07-22T16:46:34.372-0500] {logging_mixin.py:150} INFO - [2023-07-22T16:46:34.372-0500] {dagbag.py:541} INFO - Filling up the DagBag from /Users/abhishekpatkar/Documents/Projects/af_file_loader/venv/lib/python3.11/site-packages/airflow/example_dags/example_sensor_decorator.py
[2023-07-22T16:46:34.549-0500] {processor.py:836} INFO - DAG(s) dict_keys(['example_sensor_decorator']) retrieved from /Users/abhishekpatkar/Documents/Projects/af_file_loader/venv/lib/python3.11/site-packages/airflow/example_dags/example_sensor_decorator.py
[2023-07-22T16:46:35.837-0500] {logging_mixin.py:150} INFO - [2023-07-22T16:46:35.836-0500] {dag.py:2742} INFO - Sync 1 DAGs
[2023-07-22T16:46:35.915-0500] {logging_mixin.py:150} INFO - [2023-07-22T16:46:35.915-0500] {dag.py:3504} INFO - Setting next_dagrun for example_sensor_decorator to None, run_after=None
[2023-07-22T16:46:36.010-0500] {processor.py:179} INFO - Processing /Users/abhishekpatkar/Documents/Projects/af_file_loader/venv/lib/python3.11/site-packages/airflow/example_dags/example_sensor_decorator.py took 1.644 seconds
[2023-07-22T16:50:16.879-0500] {processor.py:157} INFO - Started process (PID=21773) to work on /Users/abhishekpatkar/Documents/Projects/af_file_loader/venv/lib/python3.11/site-packages/airflow/example_dags/example_sensor_decorator.py
[2023-07-22T16:50:16.892-0500] {processor.py:826} INFO - Processing file /Users/abhishekpatkar/Documents/Projects/af_file_loader/venv/lib/python3.11/site-packages/airflow/example_dags/example_sensor_decorator.py for tasks to queue
[2023-07-22T16:50:16.894-0500] {logging_mixin.py:150} INFO - [2023-07-22T16:50:16.893-0500] {dagbag.py:541} INFO - Filling up the DagBag from /Users/abhishekpatkar/Documents/Projects/af_file_loader/venv/lib/python3.11/site-packages/airflow/example_dags/example_sensor_decorator.py
[2023-07-22T16:50:17.078-0500] {processor.py:836} INFO - DAG(s) dict_keys(['example_sensor_decorator']) retrieved from /Users/abhishekpatkar/Documents/Projects/af_file_loader/venv/lib/python3.11/site-packages/airflow/example_dags/example_sensor_decorator.py
[2023-07-22T16:50:18.646-0500] {logging_mixin.py:150} INFO - [2023-07-22T16:50:18.645-0500] {dag.py:2742} INFO - Sync 1 DAGs
[2023-07-22T16:50:18.699-0500] {logging_mixin.py:150} INFO - [2023-07-22T16:50:18.699-0500] {dag.py:3504} INFO - Setting next_dagrun for example_sensor_decorator to None, run_after=None
[2023-07-22T16:50:18.770-0500] {processor.py:179} INFO - Processing /Users/abhishekpatkar/Documents/Projects/af_file_loader/venv/lib/python3.11/site-packages/airflow/example_dags/example_sensor_decorator.py took 1.892 seconds
[2023-07-22T16:54:06.989-0500] {processor.py:157} INFO - Started process (PID=21885) to work on /Users/abhishekpatkar/Documents/Projects/af_file_loader/venv/lib/python3.11/site-packages/airflow/example_dags/example_sensor_decorator.py
[2023-07-22T16:54:06.993-0500] {processor.py:826} INFO - Processing file /Users/abhishekpatkar/Documents/Projects/af_file_loader/venv/lib/python3.11/site-packages/airflow/example_dags/example_sensor_decorator.py for tasks to queue
[2023-07-22T16:54:06.993-0500] {logging_mixin.py:150} INFO - [2023-07-22T16:54:06.993-0500] {dagbag.py:541} INFO - Filling up the DagBag from /Users/abhishekpatkar/Documents/Projects/af_file_loader/venv/lib/python3.11/site-packages/airflow/example_dags/example_sensor_decorator.py
[2023-07-22T16:54:07.121-0500] {processor.py:836} INFO - DAG(s) dict_keys(['example_sensor_decorator']) retrieved from /Users/abhishekpatkar/Documents/Projects/af_file_loader/venv/lib/python3.11/site-packages/airflow/example_dags/example_sensor_decorator.py
[2023-07-22T16:54:08.213-0500] {logging_mixin.py:150} INFO - [2023-07-22T16:54:08.213-0500] {dag.py:2742} INFO - Sync 1 DAGs
[2023-07-22T16:54:08.233-0500] {logging_mixin.py:150} INFO - [2023-07-22T16:54:08.233-0500] {dag.py:3504} INFO - Setting next_dagrun for example_sensor_decorator to None, run_after=None
[2023-07-22T16:54:08.266-0500] {processor.py:179} INFO - Processing /Users/abhishekpatkar/Documents/Projects/af_file_loader/venv/lib/python3.11/site-packages/airflow/example_dags/example_sensor_decorator.py took 1.280 seconds
[2023-07-22T16:57:13.177-0500] {processor.py:157} INFO - Started process (PID=21998) to work on /Users/abhishekpatkar/Documents/Projects/af_file_loader/venv/lib/python3.11/site-packages/airflow/example_dags/example_sensor_decorator.py
[2023-07-22T16:57:13.187-0500] {processor.py:826} INFO - Processing file /Users/abhishekpatkar/Documents/Projects/af_file_loader/venv/lib/python3.11/site-packages/airflow/example_dags/example_sensor_decorator.py for tasks to queue
[2023-07-22T16:57:13.188-0500] {logging_mixin.py:150} INFO - [2023-07-22T16:57:13.188-0500] {dagbag.py:541} INFO - Filling up the DagBag from /Users/abhishekpatkar/Documents/Projects/af_file_loader/venv/lib/python3.11/site-packages/airflow/example_dags/example_sensor_decorator.py
[2023-07-22T16:57:13.323-0500] {processor.py:836} INFO - DAG(s) dict_keys(['example_sensor_decorator']) retrieved from /Users/abhishekpatkar/Documents/Projects/af_file_loader/venv/lib/python3.11/site-packages/airflow/example_dags/example_sensor_decorator.py
[2023-07-22T16:57:14.319-0500] {logging_mixin.py:150} INFO - [2023-07-22T16:57:14.319-0500] {dag.py:2742} INFO - Sync 1 DAGs
[2023-07-22T16:57:14.358-0500] {logging_mixin.py:150} INFO - [2023-07-22T16:57:14.357-0500] {dag.py:3504} INFO - Setting next_dagrun for example_sensor_decorator to None, run_after=None
[2023-07-22T16:57:14.421-0500] {processor.py:179} INFO - Processing /Users/abhishekpatkar/Documents/Projects/af_file_loader/venv/lib/python3.11/site-packages/airflow/example_dags/example_sensor_decorator.py took 1.245 seconds
[2023-07-22T17:00:45.447-0500] {processor.py:157} INFO - Started process (PID=22113) to work on /Users/abhishekpatkar/Documents/Projects/af_file_loader/venv/lib/python3.11/site-packages/airflow/example_dags/example_sensor_decorator.py
[2023-07-22T17:00:45.456-0500] {processor.py:826} INFO - Processing file /Users/abhishekpatkar/Documents/Projects/af_file_loader/venv/lib/python3.11/site-packages/airflow/example_dags/example_sensor_decorator.py for tasks to queue
[2023-07-22T17:00:45.459-0500] {logging_mixin.py:150} INFO - [2023-07-22T17:00:45.458-0500] {dagbag.py:541} INFO - Filling up the DagBag from /Users/abhishekpatkar/Documents/Projects/af_file_loader/venv/lib/python3.11/site-packages/airflow/example_dags/example_sensor_decorator.py
[2023-07-22T17:00:45.740-0500] {processor.py:836} INFO - DAG(s) dict_keys(['example_sensor_decorator']) retrieved from /Users/abhishekpatkar/Documents/Projects/af_file_loader/venv/lib/python3.11/site-packages/airflow/example_dags/example_sensor_decorator.py
[2023-07-22T17:00:50.628-0500] {logging_mixin.py:150} INFO - [2023-07-22T17:00:50.618-0500] {dag.py:2742} INFO - Sync 1 DAGs
[2023-07-22T17:00:50.866-0500] {logging_mixin.py:150} INFO - [2023-07-22T17:00:50.863-0500] {dag.py:3504} INFO - Setting next_dagrun for example_sensor_decorator to None, run_after=None
[2023-07-22T17:00:51.075-0500] {processor.py:179} INFO - Processing /Users/abhishekpatkar/Documents/Projects/af_file_loader/venv/lib/python3.11/site-packages/airflow/example_dags/example_sensor_decorator.py took 5.629 seconds
[2023-07-22T17:04:03.653-0500] {processor.py:157} INFO - Started process (PID=22267) to work on /Users/abhishekpatkar/Documents/Projects/af_file_loader/venv/lib/python3.11/site-packages/airflow/example_dags/example_sensor_decorator.py
[2023-07-22T17:04:03.658-0500] {processor.py:826} INFO - Processing file /Users/abhishekpatkar/Documents/Projects/af_file_loader/venv/lib/python3.11/site-packages/airflow/example_dags/example_sensor_decorator.py for tasks to queue
[2023-07-22T17:04:03.659-0500] {logging_mixin.py:150} INFO - [2023-07-22T17:04:03.659-0500] {dagbag.py:541} INFO - Filling up the DagBag from /Users/abhishekpatkar/Documents/Projects/af_file_loader/venv/lib/python3.11/site-packages/airflow/example_dags/example_sensor_decorator.py
[2023-07-22T17:04:03.760-0500] {processor.py:836} INFO - DAG(s) dict_keys(['example_sensor_decorator']) retrieved from /Users/abhishekpatkar/Documents/Projects/af_file_loader/venv/lib/python3.11/site-packages/airflow/example_dags/example_sensor_decorator.py
[2023-07-22T17:04:04.490-0500] {logging_mixin.py:150} INFO - [2023-07-22T17:04:04.490-0500] {dag.py:2742} INFO - Sync 1 DAGs
[2023-07-22T17:04:04.510-0500] {logging_mixin.py:150} INFO - [2023-07-22T17:04:04.509-0500] {dag.py:3504} INFO - Setting next_dagrun for example_sensor_decorator to None, run_after=None
[2023-07-22T17:04:04.531-0500] {processor.py:179} INFO - Processing /Users/abhishekpatkar/Documents/Projects/af_file_loader/venv/lib/python3.11/site-packages/airflow/example_dags/example_sensor_decorator.py took 0.878 seconds
[2023-07-22T17:06:13.155-0500] {processor.py:157} INFO - Started process (PID=22349) to work on /Users/abhishekpatkar/Documents/Projects/af_file_loader/venv/lib/python3.11/site-packages/airflow/example_dags/example_sensor_decorator.py
[2023-07-22T17:06:13.159-0500] {processor.py:826} INFO - Processing file /Users/abhishekpatkar/Documents/Projects/af_file_loader/venv/lib/python3.11/site-packages/airflow/example_dags/example_sensor_decorator.py for tasks to queue
[2023-07-22T17:06:13.159-0500] {logging_mixin.py:150} INFO - [2023-07-22T17:06:13.159-0500] {dagbag.py:541} INFO - Filling up the DagBag from /Users/abhishekpatkar/Documents/Projects/af_file_loader/venv/lib/python3.11/site-packages/airflow/example_dags/example_sensor_decorator.py
[2023-07-22T17:06:13.273-0500] {processor.py:836} INFO - DAG(s) dict_keys(['example_sensor_decorator']) retrieved from /Users/abhishekpatkar/Documents/Projects/af_file_loader/venv/lib/python3.11/site-packages/airflow/example_dags/example_sensor_decorator.py
[2023-07-22T17:06:13.961-0500] {logging_mixin.py:150} INFO - [2023-07-22T17:06:13.960-0500] {dag.py:2742} INFO - Sync 1 DAGs
[2023-07-22T17:06:13.978-0500] {logging_mixin.py:150} INFO - [2023-07-22T17:06:13.978-0500] {dag.py:3504} INFO - Setting next_dagrun for example_sensor_decorator to None, run_after=None
[2023-07-22T17:06:14.002-0500] {processor.py:179} INFO - Processing /Users/abhishekpatkar/Documents/Projects/af_file_loader/venv/lib/python3.11/site-packages/airflow/example_dags/example_sensor_decorator.py took 0.848 seconds
[2023-07-22T17:08:12.823-0500] {processor.py:157} INFO - Started process (PID=22432) to work on /Users/abhishekpatkar/Documents/Projects/af_file_loader/venv/lib/python3.11/site-packages/airflow/example_dags/example_sensor_decorator.py
[2023-07-22T17:08:12.828-0500] {processor.py:826} INFO - Processing file /Users/abhishekpatkar/Documents/Projects/af_file_loader/venv/lib/python3.11/site-packages/airflow/example_dags/example_sensor_decorator.py for tasks to queue
[2023-07-22T17:08:12.829-0500] {logging_mixin.py:150} INFO - [2023-07-22T17:08:12.829-0500] {dagbag.py:541} INFO - Filling up the DagBag from /Users/abhishekpatkar/Documents/Projects/af_file_loader/venv/lib/python3.11/site-packages/airflow/example_dags/example_sensor_decorator.py
[2023-07-22T17:08:12.925-0500] {processor.py:836} INFO - DAG(s) dict_keys(['example_sensor_decorator']) retrieved from /Users/abhishekpatkar/Documents/Projects/af_file_loader/venv/lib/python3.11/site-packages/airflow/example_dags/example_sensor_decorator.py
[2023-07-22T17:08:13.624-0500] {logging_mixin.py:150} INFO - [2023-07-22T17:08:13.623-0500] {dag.py:2742} INFO - Sync 1 DAGs
[2023-07-22T17:08:13.640-0500] {logging_mixin.py:150} INFO - [2023-07-22T17:08:13.639-0500] {dag.py:3504} INFO - Setting next_dagrun for example_sensor_decorator to None, run_after=None
[2023-07-22T17:08:13.665-0500] {processor.py:179} INFO - Processing /Users/abhishekpatkar/Documents/Projects/af_file_loader/venv/lib/python3.11/site-packages/airflow/example_dags/example_sensor_decorator.py took 0.842 seconds
[2023-07-22T17:10:11.263-0500] {processor.py:157} INFO - Started process (PID=22513) to work on /Users/abhishekpatkar/Documents/Projects/af_file_loader/venv/lib/python3.11/site-packages/airflow/example_dags/example_sensor_decorator.py
[2023-07-22T17:10:11.269-0500] {processor.py:826} INFO - Processing file /Users/abhishekpatkar/Documents/Projects/af_file_loader/venv/lib/python3.11/site-packages/airflow/example_dags/example_sensor_decorator.py for tasks to queue
[2023-07-22T17:10:11.270-0500] {logging_mixin.py:150} INFO - [2023-07-22T17:10:11.270-0500] {dagbag.py:541} INFO - Filling up the DagBag from /Users/abhishekpatkar/Documents/Projects/af_file_loader/venv/lib/python3.11/site-packages/airflow/example_dags/example_sensor_decorator.py
[2023-07-22T17:10:11.362-0500] {processor.py:836} INFO - DAG(s) dict_keys(['example_sensor_decorator']) retrieved from /Users/abhishekpatkar/Documents/Projects/af_file_loader/venv/lib/python3.11/site-packages/airflow/example_dags/example_sensor_decorator.py
[2023-07-22T17:10:12.055-0500] {logging_mixin.py:150} INFO - [2023-07-22T17:10:12.054-0500] {dag.py:2742} INFO - Sync 1 DAGs
[2023-07-22T17:10:12.072-0500] {logging_mixin.py:150} INFO - [2023-07-22T17:10:12.072-0500] {dag.py:3504} INFO - Setting next_dagrun for example_sensor_decorator to None, run_after=None
[2023-07-22T17:10:12.097-0500] {processor.py:179} INFO - Processing /Users/abhishekpatkar/Documents/Projects/af_file_loader/venv/lib/python3.11/site-packages/airflow/example_dags/example_sensor_decorator.py took 0.835 seconds
[2023-07-22T17:12:12.190-0500] {processor.py:157} INFO - Started process (PID=22589) to work on /Users/abhishekpatkar/Documents/Projects/af_file_loader/venv/lib/python3.11/site-packages/airflow/example_dags/example_sensor_decorator.py
[2023-07-22T17:12:12.196-0500] {processor.py:826} INFO - Processing file /Users/abhishekpatkar/Documents/Projects/af_file_loader/venv/lib/python3.11/site-packages/airflow/example_dags/example_sensor_decorator.py for tasks to queue
[2023-07-22T17:12:12.196-0500] {logging_mixin.py:150} INFO - [2023-07-22T17:12:12.196-0500] {dagbag.py:541} INFO - Filling up the DagBag from /Users/abhishekpatkar/Documents/Projects/af_file_loader/venv/lib/python3.11/site-packages/airflow/example_dags/example_sensor_decorator.py
[2023-07-22T17:12:12.294-0500] {processor.py:836} INFO - DAG(s) dict_keys(['example_sensor_decorator']) retrieved from /Users/abhishekpatkar/Documents/Projects/af_file_loader/venv/lib/python3.11/site-packages/airflow/example_dags/example_sensor_decorator.py
[2023-07-22T17:12:13.093-0500] {logging_mixin.py:150} INFO - [2023-07-22T17:12:13.092-0500] {dag.py:2742} INFO - Sync 1 DAGs
[2023-07-22T17:12:13.113-0500] {logging_mixin.py:150} INFO - [2023-07-22T17:12:13.113-0500] {dag.py:3504} INFO - Setting next_dagrun for example_sensor_decorator to None, run_after=None
[2023-07-22T17:12:13.137-0500] {processor.py:179} INFO - Processing /Users/abhishekpatkar/Documents/Projects/af_file_loader/venv/lib/python3.11/site-packages/airflow/example_dags/example_sensor_decorator.py took 0.948 seconds
[2023-07-22T17:14:11.013-0500] {processor.py:157} INFO - Started process (PID=22662) to work on /Users/abhishekpatkar/Documents/Projects/af_file_loader/venv/lib/python3.11/site-packages/airflow/example_dags/example_sensor_decorator.py
[2023-07-22T17:14:11.017-0500] {processor.py:826} INFO - Processing file /Users/abhishekpatkar/Documents/Projects/af_file_loader/venv/lib/python3.11/site-packages/airflow/example_dags/example_sensor_decorator.py for tasks to queue
[2023-07-22T17:14:11.018-0500] {logging_mixin.py:150} INFO - [2023-07-22T17:14:11.018-0500] {dagbag.py:541} INFO - Filling up the DagBag from /Users/abhishekpatkar/Documents/Projects/af_file_loader/venv/lib/python3.11/site-packages/airflow/example_dags/example_sensor_decorator.py
[2023-07-22T17:14:11.111-0500] {processor.py:836} INFO - DAG(s) dict_keys(['example_sensor_decorator']) retrieved from /Users/abhishekpatkar/Documents/Projects/af_file_loader/venv/lib/python3.11/site-packages/airflow/example_dags/example_sensor_decorator.py
[2023-07-22T17:14:11.781-0500] {logging_mixin.py:150} INFO - [2023-07-22T17:14:11.780-0500] {dag.py:2742} INFO - Sync 1 DAGs
[2023-07-22T17:14:11.797-0500] {logging_mixin.py:150} INFO - [2023-07-22T17:14:11.797-0500] {dag.py:3504} INFO - Setting next_dagrun for example_sensor_decorator to None, run_after=None
[2023-07-22T17:14:11.817-0500] {processor.py:179} INFO - Processing /Users/abhishekpatkar/Documents/Projects/af_file_loader/venv/lib/python3.11/site-packages/airflow/example_dags/example_sensor_decorator.py took 0.805 seconds
[2023-07-22T17:16:12.543-0500] {processor.py:157} INFO - Started process (PID=22739) to work on /Users/abhishekpatkar/Documents/Projects/af_file_loader/venv/lib/python3.11/site-packages/airflow/example_dags/example_sensor_decorator.py
[2023-07-22T17:16:12.550-0500] {processor.py:826} INFO - Processing file /Users/abhishekpatkar/Documents/Projects/af_file_loader/venv/lib/python3.11/site-packages/airflow/example_dags/example_sensor_decorator.py for tasks to queue
[2023-07-22T17:16:12.551-0500] {logging_mixin.py:150} INFO - [2023-07-22T17:16:12.551-0500] {dagbag.py:541} INFO - Filling up the DagBag from /Users/abhishekpatkar/Documents/Projects/af_file_loader/venv/lib/python3.11/site-packages/airflow/example_dags/example_sensor_decorator.py
[2023-07-22T17:16:12.642-0500] {processor.py:836} INFO - DAG(s) dict_keys(['example_sensor_decorator']) retrieved from /Users/abhishekpatkar/Documents/Projects/af_file_loader/venv/lib/python3.11/site-packages/airflow/example_dags/example_sensor_decorator.py
[2023-07-22T17:16:13.383-0500] {logging_mixin.py:150} INFO - [2023-07-22T17:16:13.383-0500] {dag.py:2742} INFO - Sync 1 DAGs
[2023-07-22T17:16:13.400-0500] {logging_mixin.py:150} INFO - [2023-07-22T17:16:13.400-0500] {dag.py:3504} INFO - Setting next_dagrun for example_sensor_decorator to None, run_after=None
[2023-07-22T17:16:13.423-0500] {processor.py:179} INFO - Processing /Users/abhishekpatkar/Documents/Projects/af_file_loader/venv/lib/python3.11/site-packages/airflow/example_dags/example_sensor_decorator.py took 0.881 seconds
[2023-07-22T17:18:41.428-0500] {processor.py:157} INFO - Started process (PID=22878) to work on /Users/abhishekpatkar/Documents/Projects/af_file_loader/venv/lib/python3.11/site-packages/airflow/example_dags/example_sensor_decorator.py
[2023-07-22T17:18:41.433-0500] {processor.py:826} INFO - Processing file /Users/abhishekpatkar/Documents/Projects/af_file_loader/venv/lib/python3.11/site-packages/airflow/example_dags/example_sensor_decorator.py for tasks to queue
[2023-07-22T17:18:41.433-0500] {logging_mixin.py:150} INFO - [2023-07-22T17:18:41.433-0500] {dagbag.py:541} INFO - Filling up the DagBag from /Users/abhishekpatkar/Documents/Projects/af_file_loader/venv/lib/python3.11/site-packages/airflow/example_dags/example_sensor_decorator.py
[2023-07-22T17:18:41.527-0500] {processor.py:836} INFO - DAG(s) dict_keys(['example_sensor_decorator']) retrieved from /Users/abhishekpatkar/Documents/Projects/af_file_loader/venv/lib/python3.11/site-packages/airflow/example_dags/example_sensor_decorator.py
[2023-07-22T17:18:42.381-0500] {logging_mixin.py:150} INFO - [2023-07-22T17:18:42.380-0500] {dag.py:2742} INFO - Sync 1 DAGs
[2023-07-22T17:18:42.410-0500] {logging_mixin.py:150} INFO - [2023-07-22T17:18:42.409-0500] {dag.py:3504} INFO - Setting next_dagrun for example_sensor_decorator to None, run_after=None
[2023-07-22T17:18:42.442-0500] {processor.py:179} INFO - Processing /Users/abhishekpatkar/Documents/Projects/af_file_loader/venv/lib/python3.11/site-packages/airflow/example_dags/example_sensor_decorator.py took 1.015 seconds
[2023-07-22T17:21:02.795-0500] {processor.py:157} INFO - Started process (PID=22977) to work on /Users/abhishekpatkar/Documents/Projects/af_file_loader/venv/lib/python3.11/site-packages/airflow/example_dags/example_sensor_decorator.py
[2023-07-22T17:21:02.800-0500] {processor.py:826} INFO - Processing file /Users/abhishekpatkar/Documents/Projects/af_file_loader/venv/lib/python3.11/site-packages/airflow/example_dags/example_sensor_decorator.py for tasks to queue
[2023-07-22T17:21:02.801-0500] {logging_mixin.py:150} INFO - [2023-07-22T17:21:02.801-0500] {dagbag.py:541} INFO - Filling up the DagBag from /Users/abhishekpatkar/Documents/Projects/af_file_loader/venv/lib/python3.11/site-packages/airflow/example_dags/example_sensor_decorator.py
[2023-07-22T17:21:02.896-0500] {processor.py:836} INFO - DAG(s) dict_keys(['example_sensor_decorator']) retrieved from /Users/abhishekpatkar/Documents/Projects/af_file_loader/venv/lib/python3.11/site-packages/airflow/example_dags/example_sensor_decorator.py
[2023-07-22T17:21:03.583-0500] {logging_mixin.py:150} INFO - [2023-07-22T17:21:03.583-0500] {dag.py:2742} INFO - Sync 1 DAGs
[2023-07-22T17:21:03.600-0500] {logging_mixin.py:150} INFO - [2023-07-22T17:21:03.599-0500] {dag.py:3504} INFO - Setting next_dagrun for example_sensor_decorator to None, run_after=None
[2023-07-22T17:21:03.624-0500] {processor.py:179} INFO - Processing /Users/abhishekpatkar/Documents/Projects/af_file_loader/venv/lib/python3.11/site-packages/airflow/example_dags/example_sensor_decorator.py took 0.829 seconds
[2023-07-22T17:23:20.274-0500] {processor.py:157} INFO - Started process (PID=23080) to work on /Users/abhishekpatkar/Documents/Projects/af_file_loader/venv/lib/python3.11/site-packages/airflow/example_dags/example_sensor_decorator.py
[2023-07-22T17:23:20.314-0500] {processor.py:826} INFO - Processing file /Users/abhishekpatkar/Documents/Projects/af_file_loader/venv/lib/python3.11/site-packages/airflow/example_dags/example_sensor_decorator.py for tasks to queue
[2023-07-22T17:23:20.322-0500] {logging_mixin.py:150} INFO - [2023-07-22T17:23:20.321-0500] {dagbag.py:541} INFO - Filling up the DagBag from /Users/abhishekpatkar/Documents/Projects/af_file_loader/venv/lib/python3.11/site-packages/airflow/example_dags/example_sensor_decorator.py
[2023-07-22T17:23:21.265-0500] {processor.py:836} INFO - DAG(s) dict_keys(['example_sensor_decorator']) retrieved from /Users/abhishekpatkar/Documents/Projects/af_file_loader/venv/lib/python3.11/site-packages/airflow/example_dags/example_sensor_decorator.py
[2023-07-22T17:23:29.675-0500] {logging_mixin.py:150} INFO - [2023-07-22T17:23:29.674-0500] {dag.py:2742} INFO - Sync 1 DAGs
[2023-07-22T17:23:29.843-0500] {logging_mixin.py:150} INFO - [2023-07-22T17:23:29.843-0500] {dag.py:3504} INFO - Setting next_dagrun for example_sensor_decorator to None, run_after=None
[2023-07-22T17:23:29.924-0500] {processor.py:179} INFO - Processing /Users/abhishekpatkar/Documents/Projects/af_file_loader/venv/lib/python3.11/site-packages/airflow/example_dags/example_sensor_decorator.py took 9.652 seconds
[2023-07-22T17:28:53.473-0500] {processor.py:157} INFO - Started process (PID=23279) to work on /Users/abhishekpatkar/Documents/Projects/af_file_loader/venv/lib/python3.11/site-packages/airflow/example_dags/example_sensor_decorator.py
[2023-07-22T17:28:53.480-0500] {processor.py:826} INFO - Processing file /Users/abhishekpatkar/Documents/Projects/af_file_loader/venv/lib/python3.11/site-packages/airflow/example_dags/example_sensor_decorator.py for tasks to queue
[2023-07-22T17:28:53.481-0500] {logging_mixin.py:150} INFO - [2023-07-22T17:28:53.480-0500] {dagbag.py:541} INFO - Filling up the DagBag from /Users/abhishekpatkar/Documents/Projects/af_file_loader/venv/lib/python3.11/site-packages/airflow/example_dags/example_sensor_decorator.py
[2023-07-22T17:28:53.576-0500] {processor.py:836} INFO - DAG(s) dict_keys(['example_sensor_decorator']) retrieved from /Users/abhishekpatkar/Documents/Projects/af_file_loader/venv/lib/python3.11/site-packages/airflow/example_dags/example_sensor_decorator.py
[2023-07-22T17:28:54.296-0500] {logging_mixin.py:150} INFO - [2023-07-22T17:28:54.295-0500] {dag.py:2742} INFO - Sync 1 DAGs
[2023-07-22T17:28:54.321-0500] {logging_mixin.py:150} INFO - [2023-07-22T17:28:54.321-0500] {dag.py:3504} INFO - Setting next_dagrun for example_sensor_decorator to None, run_after=None
[2023-07-22T17:28:54.350-0500] {processor.py:179} INFO - Processing /Users/abhishekpatkar/Documents/Projects/af_file_loader/venv/lib/python3.11/site-packages/airflow/example_dags/example_sensor_decorator.py took 0.877 seconds
[2023-07-22T17:31:32.691-0500] {processor.py:157} INFO - Started process (PID=23406) to work on /Users/abhishekpatkar/Documents/Projects/af_file_loader/venv/lib/python3.11/site-packages/airflow/example_dags/example_sensor_decorator.py
[2023-07-22T17:31:32.711-0500] {processor.py:826} INFO - Processing file /Users/abhishekpatkar/Documents/Projects/af_file_loader/venv/lib/python3.11/site-packages/airflow/example_dags/example_sensor_decorator.py for tasks to queue
[2023-07-22T17:31:32.718-0500] {logging_mixin.py:150} INFO - [2023-07-22T17:31:32.717-0500] {dagbag.py:541} INFO - Filling up the DagBag from /Users/abhishekpatkar/Documents/Projects/af_file_loader/venv/lib/python3.11/site-packages/airflow/example_dags/example_sensor_decorator.py
[2023-07-22T17:31:33.172-0500] {processor.py:836} INFO - DAG(s) dict_keys(['example_sensor_decorator']) retrieved from /Users/abhishekpatkar/Documents/Projects/af_file_loader/venv/lib/python3.11/site-packages/airflow/example_dags/example_sensor_decorator.py
[2023-07-22T17:31:34.947-0500] {logging_mixin.py:150} INFO - [2023-07-22T17:31:34.946-0500] {dag.py:2742} INFO - Sync 1 DAGs
[2023-07-22T17:31:34.979-0500] {logging_mixin.py:150} INFO - [2023-07-22T17:31:34.979-0500] {dag.py:3504} INFO - Setting next_dagrun for example_sensor_decorator to None, run_after=None
[2023-07-22T17:31:35.010-0500] {processor.py:179} INFO - Processing /Users/abhishekpatkar/Documents/Projects/af_file_loader/venv/lib/python3.11/site-packages/airflow/example_dags/example_sensor_decorator.py took 2.320 seconds
[2023-07-22T17:33:34.738-0500] {processor.py:157} INFO - Started process (PID=23481) to work on /Users/abhishekpatkar/Documents/Projects/af_file_loader/venv/lib/python3.11/site-packages/airflow/example_dags/example_sensor_decorator.py
[2023-07-22T17:33:34.743-0500] {processor.py:826} INFO - Processing file /Users/abhishekpatkar/Documents/Projects/af_file_loader/venv/lib/python3.11/site-packages/airflow/example_dags/example_sensor_decorator.py for tasks to queue
[2023-07-22T17:33:34.744-0500] {logging_mixin.py:150} INFO - [2023-07-22T17:33:34.744-0500] {dagbag.py:541} INFO - Filling up the DagBag from /Users/abhishekpatkar/Documents/Projects/af_file_loader/venv/lib/python3.11/site-packages/airflow/example_dags/example_sensor_decorator.py
[2023-07-22T17:33:34.827-0500] {processor.py:836} INFO - DAG(s) dict_keys(['example_sensor_decorator']) retrieved from /Users/abhishekpatkar/Documents/Projects/af_file_loader/venv/lib/python3.11/site-packages/airflow/example_dags/example_sensor_decorator.py
[2023-07-22T17:33:35.431-0500] {logging_mixin.py:150} INFO - [2023-07-22T17:33:35.430-0500] {dag.py:2742} INFO - Sync 1 DAGs
[2023-07-22T17:33:35.447-0500] {logging_mixin.py:150} INFO - [2023-07-22T17:33:35.446-0500] {dag.py:3504} INFO - Setting next_dagrun for example_sensor_decorator to None, run_after=None
[2023-07-22T17:33:35.467-0500] {processor.py:179} INFO - Processing /Users/abhishekpatkar/Documents/Projects/af_file_loader/venv/lib/python3.11/site-packages/airflow/example_dags/example_sensor_decorator.py took 0.729 seconds
[2023-07-22T17:35:32.759-0500] {processor.py:157} INFO - Started process (PID=23566) to work on /Users/abhishekpatkar/Documents/Projects/af_file_loader/venv/lib/python3.11/site-packages/airflow/example_dags/example_sensor_decorator.py
[2023-07-22T17:35:32.764-0500] {processor.py:826} INFO - Processing file /Users/abhishekpatkar/Documents/Projects/af_file_loader/venv/lib/python3.11/site-packages/airflow/example_dags/example_sensor_decorator.py for tasks to queue
[2023-07-22T17:35:32.765-0500] {logging_mixin.py:150} INFO - [2023-07-22T17:35:32.764-0500] {dagbag.py:541} INFO - Filling up the DagBag from /Users/abhishekpatkar/Documents/Projects/af_file_loader/venv/lib/python3.11/site-packages/airflow/example_dags/example_sensor_decorator.py
[2023-07-22T17:35:32.851-0500] {processor.py:836} INFO - DAG(s) dict_keys(['example_sensor_decorator']) retrieved from /Users/abhishekpatkar/Documents/Projects/af_file_loader/venv/lib/python3.11/site-packages/airflow/example_dags/example_sensor_decorator.py
[2023-07-22T17:35:33.509-0500] {logging_mixin.py:150} INFO - [2023-07-22T17:35:33.508-0500] {dag.py:2742} INFO - Sync 1 DAGs
[2023-07-22T17:35:33.528-0500] {logging_mixin.py:150} INFO - [2023-07-22T17:35:33.527-0500] {dag.py:3504} INFO - Setting next_dagrun for example_sensor_decorator to None, run_after=None
[2023-07-22T17:35:33.550-0500] {processor.py:179} INFO - Processing /Users/abhishekpatkar/Documents/Projects/af_file_loader/venv/lib/python3.11/site-packages/airflow/example_dags/example_sensor_decorator.py took 0.792 seconds
[2023-07-22T17:38:26.484-0500] {processor.py:157} INFO - Started process (PID=23680) to work on /Users/abhishekpatkar/Documents/Projects/af_file_loader/venv/lib/python3.11/site-packages/airflow/example_dags/example_sensor_decorator.py
[2023-07-22T17:38:26.491-0500] {processor.py:826} INFO - Processing file /Users/abhishekpatkar/Documents/Projects/af_file_loader/venv/lib/python3.11/site-packages/airflow/example_dags/example_sensor_decorator.py for tasks to queue
[2023-07-22T17:38:26.492-0500] {logging_mixin.py:150} INFO - [2023-07-22T17:38:26.492-0500] {dagbag.py:541} INFO - Filling up the DagBag from /Users/abhishekpatkar/Documents/Projects/af_file_loader/venv/lib/python3.11/site-packages/airflow/example_dags/example_sensor_decorator.py
[2023-07-22T17:38:26.591-0500] {processor.py:836} INFO - DAG(s) dict_keys(['example_sensor_decorator']) retrieved from /Users/abhishekpatkar/Documents/Projects/af_file_loader/venv/lib/python3.11/site-packages/airflow/example_dags/example_sensor_decorator.py
[2023-07-22T17:38:27.382-0500] {logging_mixin.py:150} INFO - [2023-07-22T17:38:27.382-0500] {dag.py:2742} INFO - Sync 1 DAGs
[2023-07-22T17:38:27.404-0500] {logging_mixin.py:150} INFO - [2023-07-22T17:38:27.404-0500] {dag.py:3504} INFO - Setting next_dagrun for example_sensor_decorator to None, run_after=None
[2023-07-22T17:38:27.426-0500] {processor.py:179} INFO - Processing /Users/abhishekpatkar/Documents/Projects/af_file_loader/venv/lib/python3.11/site-packages/airflow/example_dags/example_sensor_decorator.py took 0.943 seconds
[2023-07-22T17:46:33.388-0500] {processor.py:157} INFO - Started process (PID=23997) to work on /Users/abhishekpatkar/Documents/Projects/af_file_loader/venv/lib/python3.11/site-packages/airflow/example_dags/example_sensor_decorator.py
[2023-07-22T17:46:33.428-0500] {processor.py:826} INFO - Processing file /Users/abhishekpatkar/Documents/Projects/af_file_loader/venv/lib/python3.11/site-packages/airflow/example_dags/example_sensor_decorator.py for tasks to queue
[2023-07-22T17:46:33.429-0500] {logging_mixin.py:150} INFO - [2023-07-22T17:46:33.429-0500] {dagbag.py:541} INFO - Filling up the DagBag from /Users/abhishekpatkar/Documents/Projects/af_file_loader/venv/lib/python3.11/site-packages/airflow/example_dags/example_sensor_decorator.py
[2023-07-22T17:46:33.747-0500] {processor.py:836} INFO - DAG(s) dict_keys(['example_sensor_decorator']) retrieved from /Users/abhishekpatkar/Documents/Projects/af_file_loader/venv/lib/python3.11/site-packages/airflow/example_dags/example_sensor_decorator.py
[2023-07-22T17:46:35.353-0500] {logging_mixin.py:150} INFO - [2023-07-22T17:46:35.353-0500] {dag.py:2742} INFO - Sync 1 DAGs
[2023-07-22T17:46:35.383-0500] {logging_mixin.py:150} INFO - [2023-07-22T17:46:35.383-0500] {dag.py:3504} INFO - Setting next_dagrun for example_sensor_decorator to None, run_after=None
[2023-07-22T17:46:35.405-0500] {processor.py:179} INFO - Processing /Users/abhishekpatkar/Documents/Projects/af_file_loader/venv/lib/python3.11/site-packages/airflow/example_dags/example_sensor_decorator.py took 2.018 seconds
[2023-07-22T17:52:51.805-0500] {processor.py:157} INFO - Started process (PID=24335) to work on /Users/abhishekpatkar/Documents/Projects/af_file_loader/venv/lib/python3.11/site-packages/airflow/example_dags/example_sensor_decorator.py
[2023-07-22T17:52:51.813-0500] {processor.py:826} INFO - Processing file /Users/abhishekpatkar/Documents/Projects/af_file_loader/venv/lib/python3.11/site-packages/airflow/example_dags/example_sensor_decorator.py for tasks to queue
[2023-07-22T17:52:51.813-0500] {logging_mixin.py:150} INFO - [2023-07-22T17:52:51.813-0500] {dagbag.py:541} INFO - Filling up the DagBag from /Users/abhishekpatkar/Documents/Projects/af_file_loader/venv/lib/python3.11/site-packages/airflow/example_dags/example_sensor_decorator.py
[2023-07-22T17:52:51.934-0500] {processor.py:836} INFO - DAG(s) dict_keys(['example_sensor_decorator']) retrieved from /Users/abhishekpatkar/Documents/Projects/af_file_loader/venv/lib/python3.11/site-packages/airflow/example_dags/example_sensor_decorator.py
[2023-07-22T17:52:53.741-0500] {logging_mixin.py:150} INFO - [2023-07-22T17:52:53.741-0500] {dag.py:2742} INFO - Sync 1 DAGs
[2023-07-22T17:52:53.761-0500] {logging_mixin.py:150} INFO - [2023-07-22T17:52:53.761-0500] {dag.py:3504} INFO - Setting next_dagrun for example_sensor_decorator to None, run_after=None
[2023-07-22T17:52:53.788-0500] {processor.py:179} INFO - Processing /Users/abhishekpatkar/Documents/Projects/af_file_loader/venv/lib/python3.11/site-packages/airflow/example_dags/example_sensor_decorator.py took 1.985 seconds
[2023-07-22T17:58:21.445-0500] {processor.py:157} INFO - Started process (PID=24578) to work on /Users/abhishekpatkar/Documents/Projects/af_file_loader/venv/lib/python3.11/site-packages/airflow/example_dags/example_sensor_decorator.py
[2023-07-22T17:58:21.454-0500] {processor.py:826} INFO - Processing file /Users/abhishekpatkar/Documents/Projects/af_file_loader/venv/lib/python3.11/site-packages/airflow/example_dags/example_sensor_decorator.py for tasks to queue
[2023-07-22T17:58:21.455-0500] {logging_mixin.py:150} INFO - [2023-07-22T17:58:21.455-0500] {dagbag.py:541} INFO - Filling up the DagBag from /Users/abhishekpatkar/Documents/Projects/af_file_loader/venv/lib/python3.11/site-packages/airflow/example_dags/example_sensor_decorator.py
[2023-07-22T17:58:21.588-0500] {processor.py:836} INFO - DAG(s) dict_keys(['example_sensor_decorator']) retrieved from /Users/abhishekpatkar/Documents/Projects/af_file_loader/venv/lib/python3.11/site-packages/airflow/example_dags/example_sensor_decorator.py
[2023-07-22T17:58:22.935-0500] {logging_mixin.py:150} INFO - [2023-07-22T17:58:22.934-0500] {dag.py:2742} INFO - Sync 1 DAGs
[2023-07-22T17:58:22.966-0500] {logging_mixin.py:150} INFO - [2023-07-22T17:58:22.966-0500] {dag.py:3504} INFO - Setting next_dagrun for example_sensor_decorator to None, run_after=None
[2023-07-22T17:58:22.994-0500] {processor.py:179} INFO - Processing /Users/abhishekpatkar/Documents/Projects/af_file_loader/venv/lib/python3.11/site-packages/airflow/example_dags/example_sensor_decorator.py took 1.550 seconds
[2023-07-22T18:02:48.362-0500] {processor.py:157} INFO - Started process (PID=24765) to work on /Users/abhishekpatkar/Documents/Projects/af_file_loader/venv/lib/python3.11/site-packages/airflow/example_dags/example_sensor_decorator.py
[2023-07-22T18:02:48.366-0500] {processor.py:826} INFO - Processing file /Users/abhishekpatkar/Documents/Projects/af_file_loader/venv/lib/python3.11/site-packages/airflow/example_dags/example_sensor_decorator.py for tasks to queue
[2023-07-22T18:02:48.366-0500] {logging_mixin.py:150} INFO - [2023-07-22T18:02:48.366-0500] {dagbag.py:541} INFO - Filling up the DagBag from /Users/abhishekpatkar/Documents/Projects/af_file_loader/venv/lib/python3.11/site-packages/airflow/example_dags/example_sensor_decorator.py
[2023-07-22T18:02:48.480-0500] {processor.py:836} INFO - DAG(s) dict_keys(['example_sensor_decorator']) retrieved from /Users/abhishekpatkar/Documents/Projects/af_file_loader/venv/lib/python3.11/site-packages/airflow/example_dags/example_sensor_decorator.py
[2023-07-22T18:02:50.135-0500] {logging_mixin.py:150} INFO - [2023-07-22T18:02:50.134-0500] {dag.py:2742} INFO - Sync 1 DAGs
[2023-07-22T18:02:50.181-0500] {logging_mixin.py:150} INFO - [2023-07-22T18:02:50.180-0500] {dag.py:3504} INFO - Setting next_dagrun for example_sensor_decorator to None, run_after=None
[2023-07-22T18:02:50.218-0500] {processor.py:179} INFO - Processing /Users/abhishekpatkar/Documents/Projects/af_file_loader/venv/lib/python3.11/site-packages/airflow/example_dags/example_sensor_decorator.py took 1.857 seconds
[2023-07-22T18:05:57.617-0500] {processor.py:157} INFO - Started process (PID=24878) to work on /Users/abhishekpatkar/Documents/Projects/af_file_loader/venv/lib/python3.11/site-packages/airflow/example_dags/example_sensor_decorator.py
[2023-07-22T18:05:57.621-0500] {processor.py:826} INFO - Processing file /Users/abhishekpatkar/Documents/Projects/af_file_loader/venv/lib/python3.11/site-packages/airflow/example_dags/example_sensor_decorator.py for tasks to queue
[2023-07-22T18:05:57.622-0500] {logging_mixin.py:150} INFO - [2023-07-22T18:05:57.622-0500] {dagbag.py:541} INFO - Filling up the DagBag from /Users/abhishekpatkar/Documents/Projects/af_file_loader/venv/lib/python3.11/site-packages/airflow/example_dags/example_sensor_decorator.py
[2023-07-22T18:05:57.750-0500] {processor.py:836} INFO - DAG(s) dict_keys(['example_sensor_decorator']) retrieved from /Users/abhishekpatkar/Documents/Projects/af_file_loader/venv/lib/python3.11/site-packages/airflow/example_dags/example_sensor_decorator.py
[2023-07-22T18:05:59.102-0500] {logging_mixin.py:150} INFO - [2023-07-22T18:05:59.101-0500] {dag.py:2742} INFO - Sync 1 DAGs
[2023-07-22T18:05:59.125-0500] {logging_mixin.py:150} INFO - [2023-07-22T18:05:59.125-0500] {dag.py:3504} INFO - Setting next_dagrun for example_sensor_decorator to None, run_after=None
[2023-07-22T18:05:59.148-0500] {processor.py:179} INFO - Processing /Users/abhishekpatkar/Documents/Projects/af_file_loader/venv/lib/python3.11/site-packages/airflow/example_dags/example_sensor_decorator.py took 1.532 seconds
