[2023-07-22T14:52:50.832-0500] {processor.py:157} INFO - Started process (PID=16704) to work on /Users/abhishekpatkar/Documents/Projects/af_file_loader/venv/lib/python3.11/site-packages/airflow/example_dags/example_branch_labels.py
[2023-07-22T14:52:50.838-0500] {processor.py:826} INFO - Processing file /Users/abhishekpatkar/Documents/Projects/af_file_loader/venv/lib/python3.11/site-packages/airflow/example_dags/example_branch_labels.py for tasks to queue
[2023-07-22T14:52:50.839-0500] {logging_mixin.py:150} INFO - [2023-07-22T14:52:50.839-0500] {dagbag.py:541} INFO - Filling up the DagBag from /Users/abhishekpatkar/Documents/Projects/af_file_loader/venv/lib/python3.11/site-packages/airflow/example_dags/example_branch_labels.py
[2023-07-22T14:52:50.879-0500] {processor.py:836} INFO - DAG(s) dict_keys(['example_branch_labels']) retrieved from /Users/abhishekpatkar/Documents/Projects/af_file_loader/venv/lib/python3.11/site-packages/airflow/example_dags/example_branch_labels.py
[2023-07-22T14:52:52.227-0500] {logging_mixin.py:150} INFO - [2023-07-22T14:52:52.227-0500] {manager.py:504} INFO - Created Permission View: can delete on DAG:example_branch_labels
[2023-07-22T14:52:52.253-0500] {logging_mixin.py:150} INFO - [2023-07-22T14:52:52.253-0500] {manager.py:504} INFO - Created Permission View: can edit on DAG:example_branch_labels
[2023-07-22T14:52:52.266-0500] {logging_mixin.py:150} INFO - [2023-07-22T14:52:52.266-0500] {manager.py:504} INFO - Created Permission View: can read on DAG:example_branch_labels
[2023-07-22T14:52:52.284-0500] {logging_mixin.py:150} INFO - [2023-07-22T14:52:52.284-0500] {dag.py:2742} INFO - Sync 1 DAGs
[2023-07-22T14:52:52.296-0500] {logging_mixin.py:150} INFO - [2023-07-22T14:52:52.296-0500] {dag.py:2763} INFO - Creating ORM DAG for example_branch_labels
[2023-07-22T14:52:52.314-0500] {logging_mixin.py:150} INFO - [2023-07-22T14:52:52.313-0500] {dag.py:3504} INFO - Setting next_dagrun for example_branch_labels to 2023-07-21T00:00:00+00:00, run_after=2023-07-22T00:00:00+00:00
[2023-07-22T14:52:52.335-0500] {processor.py:179} INFO - Processing /Users/abhishekpatkar/Documents/Projects/af_file_loader/venv/lib/python3.11/site-packages/airflow/example_dags/example_branch_labels.py took 1.505 seconds
[2023-07-22T14:58:13.975-0500] {processor.py:157} INFO - Started process (PID=17008) to work on /Users/abhishekpatkar/Documents/Projects/af_file_loader/venv/lib/python3.11/site-packages/airflow/example_dags/example_branch_labels.py
[2023-07-22T14:58:13.979-0500] {processor.py:826} INFO - Processing file /Users/abhishekpatkar/Documents/Projects/af_file_loader/venv/lib/python3.11/site-packages/airflow/example_dags/example_branch_labels.py for tasks to queue
[2023-07-22T14:58:13.980-0500] {logging_mixin.py:150} INFO - [2023-07-22T14:58:13.979-0500] {dagbag.py:541} INFO - Filling up the DagBag from /Users/abhishekpatkar/Documents/Projects/af_file_loader/venv/lib/python3.11/site-packages/airflow/example_dags/example_branch_labels.py
[2023-07-22T14:58:14.000-0500] {processor.py:836} INFO - DAG(s) dict_keys(['example_branch_labels']) retrieved from /Users/abhishekpatkar/Documents/Projects/af_file_loader/venv/lib/python3.11/site-packages/airflow/example_dags/example_branch_labels.py
[2023-07-22T14:58:14.779-0500] {logging_mixin.py:150} INFO - [2023-07-22T14:58:14.713-0500] {dag.py:2742} INFO - Sync 1 DAGs
[2023-07-22T14:58:14.805-0500] {logging_mixin.py:150} INFO - [2023-07-22T14:58:14.805-0500] {dag.py:3504} INFO - Setting next_dagrun for example_branch_labels to 2023-07-21T00:00:00+00:00, run_after=2023-07-22T00:00:00+00:00
[2023-07-22T14:58:14.838-0500] {processor.py:179} INFO - Processing /Users/abhishekpatkar/Documents/Projects/af_file_loader/venv/lib/python3.11/site-packages/airflow/example_dags/example_branch_labels.py took 0.864 seconds
[2023-07-22T15:02:57.679-0500] {processor.py:157} INFO - Started process (PID=17311) to work on /Users/abhishekpatkar/Documents/Projects/af_file_loader/venv/lib/python3.11/site-packages/airflow/example_dags/example_branch_labels.py
[2023-07-22T15:02:57.682-0500] {processor.py:826} INFO - Processing file /Users/abhishekpatkar/Documents/Projects/af_file_loader/venv/lib/python3.11/site-packages/airflow/example_dags/example_branch_labels.py for tasks to queue
[2023-07-22T15:02:57.683-0500] {logging_mixin.py:150} INFO - [2023-07-22T15:02:57.683-0500] {dagbag.py:541} INFO - Filling up the DagBag from /Users/abhishekpatkar/Documents/Projects/af_file_loader/venv/lib/python3.11/site-packages/airflow/example_dags/example_branch_labels.py
[2023-07-22T15:02:57.705-0500] {processor.py:836} INFO - DAG(s) dict_keys(['example_branch_labels']) retrieved from /Users/abhishekpatkar/Documents/Projects/af_file_loader/venv/lib/python3.11/site-packages/airflow/example_dags/example_branch_labels.py
[2023-07-22T15:02:58.629-0500] {logging_mixin.py:150} INFO - [2023-07-22T15:02:58.629-0500] {dag.py:2742} INFO - Sync 1 DAGs
[2023-07-22T15:02:58.647-0500] {logging_mixin.py:150} INFO - [2023-07-22T15:02:58.647-0500] {dag.py:3504} INFO - Setting next_dagrun for example_branch_labels to 2023-07-21T00:00:00+00:00, run_after=2023-07-22T00:00:00+00:00
[2023-07-22T15:02:58.672-0500] {processor.py:179} INFO - Processing /Users/abhishekpatkar/Documents/Projects/af_file_loader/venv/lib/python3.11/site-packages/airflow/example_dags/example_branch_labels.py took 0.995 seconds
[2023-07-22T15:11:41.227-0500] {processor.py:157} INFO - Started process (PID=17839) to work on /Users/abhishekpatkar/Documents/Projects/af_file_loader/venv/lib/python3.11/site-packages/airflow/example_dags/example_branch_labels.py
[2023-07-22T15:11:41.231-0500] {processor.py:826} INFO - Processing file /Users/abhishekpatkar/Documents/Projects/af_file_loader/venv/lib/python3.11/site-packages/airflow/example_dags/example_branch_labels.py for tasks to queue
[2023-07-22T15:11:41.232-0500] {logging_mixin.py:150} INFO - [2023-07-22T15:11:41.232-0500] {dagbag.py:541} INFO - Filling up the DagBag from /Users/abhishekpatkar/Documents/Projects/af_file_loader/venv/lib/python3.11/site-packages/airflow/example_dags/example_branch_labels.py
[2023-07-22T15:11:41.260-0500] {processor.py:836} INFO - DAG(s) dict_keys(['example_branch_labels']) retrieved from /Users/abhishekpatkar/Documents/Projects/af_file_loader/venv/lib/python3.11/site-packages/airflow/example_dags/example_branch_labels.py
[2023-07-22T15:11:42.321-0500] {logging_mixin.py:150} INFO - [2023-07-22T15:11:42.239-0500] {dag.py:2742} INFO - Sync 1 DAGs
[2023-07-22T15:11:42.347-0500] {logging_mixin.py:150} INFO - [2023-07-22T15:11:42.346-0500] {dag.py:3504} INFO - Setting next_dagrun for example_branch_labels to 2023-07-21T00:00:00+00:00, run_after=2023-07-22T00:00:00+00:00
[2023-07-22T15:11:42.367-0500] {processor.py:179} INFO - Processing /Users/abhishekpatkar/Documents/Projects/af_file_loader/venv/lib/python3.11/site-packages/airflow/example_dags/example_branch_labels.py took 1.141 seconds
[2023-07-22T15:17:09.432-0500] {processor.py:157} INFO - Started process (PID=18030) to work on /Users/abhishekpatkar/Documents/Projects/af_file_loader/venv/lib/python3.11/site-packages/airflow/example_dags/example_branch_labels.py
[2023-07-22T15:17:09.440-0500] {processor.py:826} INFO - Processing file /Users/abhishekpatkar/Documents/Projects/af_file_loader/venv/lib/python3.11/site-packages/airflow/example_dags/example_branch_labels.py for tasks to queue
[2023-07-22T15:17:09.442-0500] {logging_mixin.py:150} INFO - [2023-07-22T15:17:09.442-0500] {dagbag.py:541} INFO - Filling up the DagBag from /Users/abhishekpatkar/Documents/Projects/af_file_loader/venv/lib/python3.11/site-packages/airflow/example_dags/example_branch_labels.py
[2023-07-22T15:17:09.521-0500] {processor.py:836} INFO - DAG(s) dict_keys(['example_branch_labels']) retrieved from /Users/abhishekpatkar/Documents/Projects/af_file_loader/venv/lib/python3.11/site-packages/airflow/example_dags/example_branch_labels.py
[2023-07-22T15:17:11.115-0500] {logging_mixin.py:150} INFO - [2023-07-22T15:17:11.114-0500] {dag.py:2742} INFO - Sync 1 DAGs
[2023-07-22T15:17:11.153-0500] {logging_mixin.py:150} INFO - [2023-07-22T15:17:11.152-0500] {dag.py:3504} INFO - Setting next_dagrun for example_branch_labels to 2023-07-21T00:00:00+00:00, run_after=2023-07-22T00:00:00+00:00
[2023-07-22T15:17:11.181-0500] {processor.py:179} INFO - Processing /Users/abhishekpatkar/Documents/Projects/af_file_loader/venv/lib/python3.11/site-packages/airflow/example_dags/example_branch_labels.py took 1.750 seconds
[2023-07-22T15:22:34.996-0500] {processor.py:157} INFO - Started process (PID=18224) to work on /Users/abhishekpatkar/Documents/Projects/af_file_loader/venv/lib/python3.11/site-packages/airflow/example_dags/example_branch_labels.py
[2023-07-22T15:22:35.000-0500] {processor.py:826} INFO - Processing file /Users/abhishekpatkar/Documents/Projects/af_file_loader/venv/lib/python3.11/site-packages/airflow/example_dags/example_branch_labels.py for tasks to queue
[2023-07-22T15:22:35.001-0500] {logging_mixin.py:150} INFO - [2023-07-22T15:22:35.001-0500] {dagbag.py:541} INFO - Filling up the DagBag from /Users/abhishekpatkar/Documents/Projects/af_file_loader/venv/lib/python3.11/site-packages/airflow/example_dags/example_branch_labels.py
[2023-07-22T15:22:35.022-0500] {processor.py:836} INFO - DAG(s) dict_keys(['example_branch_labels']) retrieved from /Users/abhishekpatkar/Documents/Projects/af_file_loader/venv/lib/python3.11/site-packages/airflow/example_dags/example_branch_labels.py
[2023-07-22T15:22:36.127-0500] {logging_mixin.py:150} INFO - [2023-07-22T15:22:36.015-0500] {dag.py:2742} INFO - Sync 1 DAGs
[2023-07-22T15:22:36.163-0500] {logging_mixin.py:150} INFO - [2023-07-22T15:22:36.162-0500] {dag.py:3504} INFO - Setting next_dagrun for example_branch_labels to 2023-07-21T00:00:00+00:00, run_after=2023-07-22T00:00:00+00:00
[2023-07-22T15:22:36.201-0500] {processor.py:179} INFO - Processing /Users/abhishekpatkar/Documents/Projects/af_file_loader/venv/lib/python3.11/site-packages/airflow/example_dags/example_branch_labels.py took 1.206 seconds
[2023-07-22T15:27:59.868-0500] {processor.py:157} INFO - Started process (PID=18597) to work on /Users/abhishekpatkar/Documents/Projects/af_file_loader/venv/lib/python3.11/site-packages/airflow/example_dags/example_branch_labels.py
[2023-07-22T15:27:59.878-0500] {processor.py:826} INFO - Processing file /Users/abhishekpatkar/Documents/Projects/af_file_loader/venv/lib/python3.11/site-packages/airflow/example_dags/example_branch_labels.py for tasks to queue
[2023-07-22T15:27:59.880-0500] {logging_mixin.py:150} INFO - [2023-07-22T15:27:59.879-0500] {dagbag.py:541} INFO - Filling up the DagBag from /Users/abhishekpatkar/Documents/Projects/af_file_loader/venv/lib/python3.11/site-packages/airflow/example_dags/example_branch_labels.py
[2023-07-22T15:27:59.923-0500] {processor.py:836} INFO - DAG(s) dict_keys(['example_branch_labels']) retrieved from /Users/abhishekpatkar/Documents/Projects/af_file_loader/venv/lib/python3.11/site-packages/airflow/example_dags/example_branch_labels.py
[2023-07-22T15:28:01.880-0500] {logging_mixin.py:150} INFO - [2023-07-22T15:28:01.804-0500] {dag.py:2742} INFO - Sync 1 DAGs
[2023-07-22T15:28:01.915-0500] {logging_mixin.py:150} INFO - [2023-07-22T15:28:01.915-0500] {dag.py:3504} INFO - Setting next_dagrun for example_branch_labels to 2023-07-21T00:00:00+00:00, run_after=2023-07-22T00:00:00+00:00
[2023-07-22T15:28:01.954-0500] {processor.py:179} INFO - Processing /Users/abhishekpatkar/Documents/Projects/af_file_loader/venv/lib/python3.11/site-packages/airflow/example_dags/example_branch_labels.py took 2.088 seconds
[2023-07-22T15:33:13.467-0500] {processor.py:157} INFO - Started process (PID=18866) to work on /Users/abhishekpatkar/Documents/Projects/af_file_loader/venv/lib/python3.11/site-packages/airflow/example_dags/example_branch_labels.py
[2023-07-22T15:33:13.471-0500] {processor.py:826} INFO - Processing file /Users/abhishekpatkar/Documents/Projects/af_file_loader/venv/lib/python3.11/site-packages/airflow/example_dags/example_branch_labels.py for tasks to queue
[2023-07-22T15:33:13.472-0500] {logging_mixin.py:150} INFO - [2023-07-22T15:33:13.472-0500] {dagbag.py:541} INFO - Filling up the DagBag from /Users/abhishekpatkar/Documents/Projects/af_file_loader/venv/lib/python3.11/site-packages/airflow/example_dags/example_branch_labels.py
[2023-07-22T15:33:13.492-0500] {processor.py:836} INFO - DAG(s) dict_keys(['example_branch_labels']) retrieved from /Users/abhishekpatkar/Documents/Projects/af_file_loader/venv/lib/python3.11/site-packages/airflow/example_dags/example_branch_labels.py
[2023-07-22T15:33:14.144-0500] {logging_mixin.py:150} INFO - [2023-07-22T15:33:14.090-0500] {dag.py:2742} INFO - Sync 1 DAGs
[2023-07-22T15:33:14.161-0500] {logging_mixin.py:150} INFO - [2023-07-22T15:33:14.160-0500] {dag.py:3504} INFO - Setting next_dagrun for example_branch_labels to 2023-07-21T00:00:00+00:00, run_after=2023-07-22T00:00:00+00:00
[2023-07-22T15:33:14.182-0500] {processor.py:179} INFO - Processing /Users/abhishekpatkar/Documents/Projects/af_file_loader/venv/lib/python3.11/site-packages/airflow/example_dags/example_branch_labels.py took 0.715 seconds
[2023-07-22T15:36:57.972-0500] {processor.py:157} INFO - Started process (PID=19191) to work on /Users/abhishekpatkar/Documents/Projects/af_file_loader/venv/lib/python3.11/site-packages/airflow/example_dags/example_branch_labels.py
[2023-07-22T15:36:57.976-0500] {processor.py:826} INFO - Processing file /Users/abhishekpatkar/Documents/Projects/af_file_loader/venv/lib/python3.11/site-packages/airflow/example_dags/example_branch_labels.py for tasks to queue
[2023-07-22T15:36:57.976-0500] {logging_mixin.py:150} INFO - [2023-07-22T15:36:57.976-0500] {dagbag.py:541} INFO - Filling up the DagBag from /Users/abhishekpatkar/Documents/Projects/af_file_loader/venv/lib/python3.11/site-packages/airflow/example_dags/example_branch_labels.py
[2023-07-22T15:36:58.001-0500] {processor.py:836} INFO - DAG(s) dict_keys(['example_branch_labels']) retrieved from /Users/abhishekpatkar/Documents/Projects/af_file_loader/venv/lib/python3.11/site-packages/airflow/example_dags/example_branch_labels.py
[2023-07-22T15:36:58.854-0500] {logging_mixin.py:150} INFO - [2023-07-22T15:36:58.796-0500] {dag.py:2742} INFO - Sync 1 DAGs
[2023-07-22T15:36:58.871-0500] {logging_mixin.py:150} INFO - [2023-07-22T15:36:58.871-0500] {dag.py:3504} INFO - Setting next_dagrun for example_branch_labels to 2023-07-21T00:00:00+00:00, run_after=2023-07-22T00:00:00+00:00
[2023-07-22T15:36:58.889-0500] {processor.py:179} INFO - Processing /Users/abhishekpatkar/Documents/Projects/af_file_loader/venv/lib/python3.11/site-packages/airflow/example_dags/example_branch_labels.py took 0.918 seconds
[2023-07-22T15:51:20.082-0500] {processor.py:157} INFO - Started process (PID=19707) to work on /Users/abhishekpatkar/Documents/Projects/af_file_loader/venv/lib/python3.11/site-packages/airflow/example_dags/example_branch_labels.py
[2023-07-22T15:51:20.087-0500] {processor.py:826} INFO - Processing file /Users/abhishekpatkar/Documents/Projects/af_file_loader/venv/lib/python3.11/site-packages/airflow/example_dags/example_branch_labels.py for tasks to queue
[2023-07-22T15:51:20.088-0500] {logging_mixin.py:150} INFO - [2023-07-22T15:51:20.088-0500] {dagbag.py:541} INFO - Filling up the DagBag from /Users/abhishekpatkar/Documents/Projects/af_file_loader/venv/lib/python3.11/site-packages/airflow/example_dags/example_branch_labels.py
[2023-07-22T15:51:20.114-0500] {processor.py:836} INFO - DAG(s) dict_keys(['example_branch_labels']) retrieved from /Users/abhishekpatkar/Documents/Projects/af_file_loader/venv/lib/python3.11/site-packages/airflow/example_dags/example_branch_labels.py
[2023-07-22T15:51:20.978-0500] {logging_mixin.py:150} INFO - [2023-07-22T15:51:20.910-0500] {dag.py:2742} INFO - Sync 1 DAGs
[2023-07-22T15:51:21.000-0500] {logging_mixin.py:150} INFO - [2023-07-22T15:51:21.000-0500] {dag.py:3504} INFO - Setting next_dagrun for example_branch_labels to 2023-07-21T00:00:00+00:00, run_after=2023-07-22T00:00:00+00:00
[2023-07-22T15:51:21.021-0500] {processor.py:179} INFO - Processing /Users/abhishekpatkar/Documents/Projects/af_file_loader/venv/lib/python3.11/site-packages/airflow/example_dags/example_branch_labels.py took 0.941 seconds
[2023-07-22T15:56:38.617-0500] {processor.py:157} INFO - Started process (PID=20119) to work on /Users/abhishekpatkar/Documents/Projects/af_file_loader/venv/lib/python3.11/site-packages/airflow/example_dags/example_branch_labels.py
[2023-07-22T15:56:38.625-0500] {processor.py:826} INFO - Processing file /Users/abhishekpatkar/Documents/Projects/af_file_loader/venv/lib/python3.11/site-packages/airflow/example_dags/example_branch_labels.py for tasks to queue
[2023-07-22T15:56:38.626-0500] {logging_mixin.py:150} INFO - [2023-07-22T15:56:38.625-0500] {dagbag.py:541} INFO - Filling up the DagBag from /Users/abhishekpatkar/Documents/Projects/af_file_loader/venv/lib/python3.11/site-packages/airflow/example_dags/example_branch_labels.py
[2023-07-22T15:56:38.665-0500] {processor.py:836} INFO - DAG(s) dict_keys(['example_branch_labels']) retrieved from /Users/abhishekpatkar/Documents/Projects/af_file_loader/venv/lib/python3.11/site-packages/airflow/example_dags/example_branch_labels.py
[2023-07-22T15:56:39.659-0500] {logging_mixin.py:150} INFO - [2023-07-22T15:56:39.574-0500] {dag.py:2742} INFO - Sync 1 DAGs
[2023-07-22T15:56:39.687-0500] {logging_mixin.py:150} INFO - [2023-07-22T15:56:39.687-0500] {dag.py:3504} INFO - Setting next_dagrun for example_branch_labels to 2023-07-21T00:00:00+00:00, run_after=2023-07-22T00:00:00+00:00
[2023-07-22T15:56:39.710-0500] {processor.py:179} INFO - Processing /Users/abhishekpatkar/Documents/Projects/af_file_loader/venv/lib/python3.11/site-packages/airflow/example_dags/example_branch_labels.py took 1.095 seconds
[2023-07-22T16:01:40.108-0500] {processor.py:157} INFO - Started process (PID=20357) to work on /Users/abhishekpatkar/Documents/Projects/af_file_loader/venv/lib/python3.11/site-packages/airflow/example_dags/example_branch_labels.py
[2023-07-22T16:01:40.113-0500] {processor.py:826} INFO - Processing file /Users/abhishekpatkar/Documents/Projects/af_file_loader/venv/lib/python3.11/site-packages/airflow/example_dags/example_branch_labels.py for tasks to queue
[2023-07-22T16:01:40.114-0500] {logging_mixin.py:150} INFO - [2023-07-22T16:01:40.113-0500] {dagbag.py:541} INFO - Filling up the DagBag from /Users/abhishekpatkar/Documents/Projects/af_file_loader/venv/lib/python3.11/site-packages/airflow/example_dags/example_branch_labels.py
[2023-07-22T16:01:40.139-0500] {processor.py:836} INFO - DAG(s) dict_keys(['example_branch_labels']) retrieved from /Users/abhishekpatkar/Documents/Projects/af_file_loader/venv/lib/python3.11/site-packages/airflow/example_dags/example_branch_labels.py
[2023-07-22T16:01:40.968-0500] {logging_mixin.py:150} INFO - [2023-07-22T16:01:40.899-0500] {dag.py:2742} INFO - Sync 1 DAGs
[2023-07-22T16:01:40.990-0500] {logging_mixin.py:150} INFO - [2023-07-22T16:01:40.990-0500] {dag.py:3504} INFO - Setting next_dagrun for example_branch_labels to 2023-07-21T00:00:00+00:00, run_after=2023-07-22T00:00:00+00:00
[2023-07-22T16:01:41.016-0500] {processor.py:179} INFO - Processing /Users/abhishekpatkar/Documents/Projects/af_file_loader/venv/lib/python3.11/site-packages/airflow/example_dags/example_branch_labels.py took 0.909 seconds
[2023-07-22T16:05:31.133-0500] {processor.py:157} INFO - Started process (PID=20516) to work on /Users/abhishekpatkar/Documents/Projects/af_file_loader/venv/lib/python3.11/site-packages/airflow/example_dags/example_branch_labels.py
[2023-07-22T16:05:31.138-0500] {processor.py:826} INFO - Processing file /Users/abhishekpatkar/Documents/Projects/af_file_loader/venv/lib/python3.11/site-packages/airflow/example_dags/example_branch_labels.py for tasks to queue
[2023-07-22T16:05:31.139-0500] {logging_mixin.py:150} INFO - [2023-07-22T16:05:31.138-0500] {dagbag.py:541} INFO - Filling up the DagBag from /Users/abhishekpatkar/Documents/Projects/af_file_loader/venv/lib/python3.11/site-packages/airflow/example_dags/example_branch_labels.py
[2023-07-22T16:05:31.158-0500] {processor.py:836} INFO - DAG(s) dict_keys(['example_branch_labels']) retrieved from /Users/abhishekpatkar/Documents/Projects/af_file_loader/venv/lib/python3.11/site-packages/airflow/example_dags/example_branch_labels.py
[2023-07-22T16:05:31.789-0500] {logging_mixin.py:150} INFO - [2023-07-22T16:05:31.736-0500] {dag.py:2742} INFO - Sync 1 DAGs
[2023-07-22T16:05:31.806-0500] {logging_mixin.py:150} INFO - [2023-07-22T16:05:31.806-0500] {dag.py:3504} INFO - Setting next_dagrun for example_branch_labels to 2023-07-21T00:00:00+00:00, run_after=2023-07-22T00:00:00+00:00
[2023-07-22T16:05:31.823-0500] {processor.py:179} INFO - Processing /Users/abhishekpatkar/Documents/Projects/af_file_loader/venv/lib/python3.11/site-packages/airflow/example_dags/example_branch_labels.py took 0.691 seconds
[2023-07-22T16:09:11.941-0500] {processor.py:157} INFO - Started process (PID=20682) to work on /Users/abhishekpatkar/Documents/Projects/af_file_loader/venv/lib/python3.11/site-packages/airflow/example_dags/example_branch_labels.py
[2023-07-22T16:09:11.946-0500] {processor.py:826} INFO - Processing file /Users/abhishekpatkar/Documents/Projects/af_file_loader/venv/lib/python3.11/site-packages/airflow/example_dags/example_branch_labels.py for tasks to queue
[2023-07-22T16:09:11.947-0500] {logging_mixin.py:150} INFO - [2023-07-22T16:09:11.946-0500] {dagbag.py:541} INFO - Filling up the DagBag from /Users/abhishekpatkar/Documents/Projects/af_file_loader/venv/lib/python3.11/site-packages/airflow/example_dags/example_branch_labels.py
[2023-07-22T16:09:11.974-0500] {processor.py:836} INFO - DAG(s) dict_keys(['example_branch_labels']) retrieved from /Users/abhishekpatkar/Documents/Projects/af_file_loader/venv/lib/python3.11/site-packages/airflow/example_dags/example_branch_labels.py
[2023-07-22T16:09:12.621-0500] {logging_mixin.py:150} INFO - [2023-07-22T16:09:12.569-0500] {dag.py:2742} INFO - Sync 1 DAGs
[2023-07-22T16:09:12.638-0500] {logging_mixin.py:150} INFO - [2023-07-22T16:09:12.637-0500] {dag.py:3504} INFO - Setting next_dagrun for example_branch_labels to 2023-07-21T00:00:00+00:00, run_after=2023-07-22T00:00:00+00:00
[2023-07-22T16:09:12.655-0500] {processor.py:179} INFO - Processing /Users/abhishekpatkar/Documents/Projects/af_file_loader/venv/lib/python3.11/site-packages/airflow/example_dags/example_branch_labels.py took 0.715 seconds
[2023-07-22T16:24:50.943-0500] {processor.py:157} INFO - Started process (PID=20905) to work on /Users/abhishekpatkar/Documents/Projects/af_file_loader/venv/lib/python3.11/site-packages/airflow/example_dags/example_branch_labels.py
[2023-07-22T16:24:50.948-0500] {processor.py:826} INFO - Processing file /Users/abhishekpatkar/Documents/Projects/af_file_loader/venv/lib/python3.11/site-packages/airflow/example_dags/example_branch_labels.py for tasks to queue
[2023-07-22T16:24:50.949-0500] {logging_mixin.py:150} INFO - [2023-07-22T16:24:50.949-0500] {dagbag.py:541} INFO - Filling up the DagBag from /Users/abhishekpatkar/Documents/Projects/af_file_loader/venv/lib/python3.11/site-packages/airflow/example_dags/example_branch_labels.py
[2023-07-22T16:24:50.969-0500] {processor.py:836} INFO - DAG(s) dict_keys(['example_branch_labels']) retrieved from /Users/abhishekpatkar/Documents/Projects/af_file_loader/venv/lib/python3.11/site-packages/airflow/example_dags/example_branch_labels.py
[2023-07-22T16:24:51.685-0500] {logging_mixin.py:150} INFO - [2023-07-22T16:24:51.614-0500] {dag.py:2742} INFO - Sync 1 DAGs
[2023-07-22T16:24:51.708-0500] {logging_mixin.py:150} INFO - [2023-07-22T16:24:51.708-0500] {dag.py:3504} INFO - Setting next_dagrun for example_branch_labels to 2023-07-21T00:00:00+00:00, run_after=2023-07-22T00:00:00+00:00
[2023-07-22T16:24:51.743-0500] {processor.py:179} INFO - Processing /Users/abhishekpatkar/Documents/Projects/af_file_loader/venv/lib/python3.11/site-packages/airflow/example_dags/example_branch_labels.py took 0.801 seconds
[2023-07-22T16:31:43.716-0500] {processor.py:157} INFO - Started process (PID=21151) to work on /Users/abhishekpatkar/Documents/Projects/af_file_loader/venv/lib/python3.11/site-packages/airflow/example_dags/example_branch_labels.py
[2023-07-22T16:31:43.721-0500] {processor.py:826} INFO - Processing file /Users/abhishekpatkar/Documents/Projects/af_file_loader/venv/lib/python3.11/site-packages/airflow/example_dags/example_branch_labels.py for tasks to queue
[2023-07-22T16:31:43.721-0500] {logging_mixin.py:150} INFO - [2023-07-22T16:31:43.721-0500] {dagbag.py:541} INFO - Filling up the DagBag from /Users/abhishekpatkar/Documents/Projects/af_file_loader/venv/lib/python3.11/site-packages/airflow/example_dags/example_branch_labels.py
[2023-07-22T16:31:43.761-0500] {processor.py:836} INFO - DAG(s) dict_keys(['example_branch_labels']) retrieved from /Users/abhishekpatkar/Documents/Projects/af_file_loader/venv/lib/python3.11/site-packages/airflow/example_dags/example_branch_labels.py
[2023-07-22T16:31:45.004-0500] {logging_mixin.py:150} INFO - [2023-07-22T16:31:44.794-0500] {dag.py:2742} INFO - Sync 1 DAGs
[2023-07-22T16:31:45.051-0500] {logging_mixin.py:150} INFO - [2023-07-22T16:31:45.051-0500] {dag.py:3504} INFO - Setting next_dagrun for example_branch_labels to 2023-07-21T00:00:00+00:00, run_after=2023-07-22T00:00:00+00:00
[2023-07-22T16:31:45.100-0500] {processor.py:179} INFO - Processing /Users/abhishekpatkar/Documents/Projects/af_file_loader/venv/lib/python3.11/site-packages/airflow/example_dags/example_branch_labels.py took 1.385 seconds
[2023-07-22T16:39:42.267-0500] {processor.py:157} INFO - Started process (PID=21409) to work on /Users/abhishekpatkar/Documents/Projects/af_file_loader/venv/lib/python3.11/site-packages/airflow/example_dags/example_branch_labels.py
[2023-07-22T16:39:42.280-0500] {processor.py:826} INFO - Processing file /Users/abhishekpatkar/Documents/Projects/af_file_loader/venv/lib/python3.11/site-packages/airflow/example_dags/example_branch_labels.py for tasks to queue
[2023-07-22T16:39:42.281-0500] {logging_mixin.py:150} INFO - [2023-07-22T16:39:42.281-0500] {dagbag.py:541} INFO - Filling up the DagBag from /Users/abhishekpatkar/Documents/Projects/af_file_loader/venv/lib/python3.11/site-packages/airflow/example_dags/example_branch_labels.py
[2023-07-22T16:39:42.505-0500] {processor.py:836} INFO - DAG(s) dict_keys(['example_branch_labels']) retrieved from /Users/abhishekpatkar/Documents/Projects/af_file_loader/venv/lib/python3.11/site-packages/airflow/example_dags/example_branch_labels.py
[2023-07-22T16:39:50.427-0500] {logging_mixin.py:150} INFO - [2023-07-22T16:39:49.922-0500] {dag.py:2742} INFO - Sync 1 DAGs
[2023-07-22T16:39:50.567-0500] {logging_mixin.py:150} INFO - [2023-07-22T16:39:50.566-0500] {dag.py:3504} INFO - Setting next_dagrun for example_branch_labels to 2023-07-21T00:00:00+00:00, run_after=2023-07-22T00:00:00+00:00
[2023-07-22T16:39:50.686-0500] {processor.py:179} INFO - Processing /Users/abhishekpatkar/Documents/Projects/af_file_loader/venv/lib/python3.11/site-packages/airflow/example_dags/example_branch_labels.py took 8.422 seconds
[2023-07-22T16:44:26.609-0500] {processor.py:157} INFO - Started process (PID=21595) to work on /Users/abhishekpatkar/Documents/Projects/af_file_loader/venv/lib/python3.11/site-packages/airflow/example_dags/example_branch_labels.py
[2023-07-22T16:44:26.622-0500] {processor.py:826} INFO - Processing file /Users/abhishekpatkar/Documents/Projects/af_file_loader/venv/lib/python3.11/site-packages/airflow/example_dags/example_branch_labels.py for tasks to queue
[2023-07-22T16:44:26.624-0500] {logging_mixin.py:150} INFO - [2023-07-22T16:44:26.624-0500] {dagbag.py:541} INFO - Filling up the DagBag from /Users/abhishekpatkar/Documents/Projects/af_file_loader/venv/lib/python3.11/site-packages/airflow/example_dags/example_branch_labels.py
[2023-07-22T16:44:26.678-0500] {processor.py:836} INFO - DAG(s) dict_keys(['example_branch_labels']) retrieved from /Users/abhishekpatkar/Documents/Projects/af_file_loader/venv/lib/python3.11/site-packages/airflow/example_dags/example_branch_labels.py
[2023-07-22T16:44:28.088-0500] {logging_mixin.py:150} INFO - [2023-07-22T16:44:27.985-0500] {dag.py:2742} INFO - Sync 1 DAGs
[2023-07-22T16:44:28.124-0500] {logging_mixin.py:150} INFO - [2023-07-22T16:44:28.124-0500] {dag.py:3504} INFO - Setting next_dagrun for example_branch_labels to 2023-07-21T00:00:00+00:00, run_after=2023-07-22T00:00:00+00:00
[2023-07-22T16:44:28.171-0500] {processor.py:179} INFO - Processing /Users/abhishekpatkar/Documents/Projects/af_file_loader/venv/lib/python3.11/site-packages/airflow/example_dags/example_branch_labels.py took 1.563 seconds
[2023-07-22T16:51:50.736-0500] {processor.py:157} INFO - Started process (PID=21817) to work on /Users/abhishekpatkar/Documents/Projects/af_file_loader/venv/lib/python3.11/site-packages/airflow/example_dags/example_branch_labels.py
[2023-07-22T16:51:50.743-0500] {processor.py:826} INFO - Processing file /Users/abhishekpatkar/Documents/Projects/af_file_loader/venv/lib/python3.11/site-packages/airflow/example_dags/example_branch_labels.py for tasks to queue
[2023-07-22T16:51:50.746-0500] {logging_mixin.py:150} INFO - [2023-07-22T16:51:50.744-0500] {dagbag.py:541} INFO - Filling up the DagBag from /Users/abhishekpatkar/Documents/Projects/af_file_loader/venv/lib/python3.11/site-packages/airflow/example_dags/example_branch_labels.py
[2023-07-22T16:51:50.793-0500] {processor.py:836} INFO - DAG(s) dict_keys(['example_branch_labels']) retrieved from /Users/abhishekpatkar/Documents/Projects/af_file_loader/venv/lib/python3.11/site-packages/airflow/example_dags/example_branch_labels.py
[2023-07-22T16:51:52.774-0500] {logging_mixin.py:150} INFO - [2023-07-22T16:51:52.633-0500] {dag.py:2742} INFO - Sync 1 DAGs
[2023-07-22T16:51:52.813-0500] {logging_mixin.py:150} INFO - [2023-07-22T16:51:52.812-0500] {dag.py:3504} INFO - Setting next_dagrun for example_branch_labels to 2023-07-21T00:00:00+00:00, run_after=2023-07-22T00:00:00+00:00
[2023-07-22T16:51:52.867-0500] {processor.py:179} INFO - Processing /Users/abhishekpatkar/Documents/Projects/af_file_loader/venv/lib/python3.11/site-packages/airflow/example_dags/example_branch_labels.py took 2.138 seconds
[2023-07-22T16:58:20.608-0500] {processor.py:157} INFO - Started process (PID=22035) to work on /Users/abhishekpatkar/Documents/Projects/af_file_loader/venv/lib/python3.11/site-packages/airflow/example_dags/example_branch_labels.py
[2023-07-22T16:58:20.613-0500] {processor.py:826} INFO - Processing file /Users/abhishekpatkar/Documents/Projects/af_file_loader/venv/lib/python3.11/site-packages/airflow/example_dags/example_branch_labels.py for tasks to queue
[2023-07-22T16:58:20.614-0500] {logging_mixin.py:150} INFO - [2023-07-22T16:58:20.614-0500] {dagbag.py:541} INFO - Filling up the DagBag from /Users/abhishekpatkar/Documents/Projects/af_file_loader/venv/lib/python3.11/site-packages/airflow/example_dags/example_branch_labels.py
[2023-07-22T16:58:20.643-0500] {processor.py:836} INFO - DAG(s) dict_keys(['example_branch_labels']) retrieved from /Users/abhishekpatkar/Documents/Projects/af_file_loader/venv/lib/python3.11/site-packages/airflow/example_dags/example_branch_labels.py
[2023-07-22T16:58:21.753-0500] {logging_mixin.py:150} INFO - [2023-07-22T16:58:21.677-0500] {dag.py:2742} INFO - Sync 1 DAGs
[2023-07-22T16:58:21.777-0500] {logging_mixin.py:150} INFO - [2023-07-22T16:58:21.777-0500] {dag.py:3504} INFO - Setting next_dagrun for example_branch_labels to 2023-07-21T00:00:00+00:00, run_after=2023-07-22T00:00:00+00:00
[2023-07-22T16:58:21.811-0500] {processor.py:179} INFO - Processing /Users/abhishekpatkar/Documents/Projects/af_file_loader/venv/lib/python3.11/site-packages/airflow/example_dags/example_branch_labels.py took 1.204 seconds
[2023-07-22T17:04:55.264-0500] {processor.py:157} INFO - Started process (PID=22300) to work on /Users/abhishekpatkar/Documents/Projects/af_file_loader/venv/lib/python3.11/site-packages/airflow/example_dags/example_branch_labels.py
[2023-07-22T17:04:55.269-0500] {processor.py:826} INFO - Processing file /Users/abhishekpatkar/Documents/Projects/af_file_loader/venv/lib/python3.11/site-packages/airflow/example_dags/example_branch_labels.py for tasks to queue
[2023-07-22T17:04:55.270-0500] {logging_mixin.py:150} INFO - [2023-07-22T17:04:55.270-0500] {dagbag.py:541} INFO - Filling up the DagBag from /Users/abhishekpatkar/Documents/Projects/af_file_loader/venv/lib/python3.11/site-packages/airflow/example_dags/example_branch_labels.py
[2023-07-22T17:04:55.291-0500] {processor.py:836} INFO - DAG(s) dict_keys(['example_branch_labels']) retrieved from /Users/abhishekpatkar/Documents/Projects/af_file_loader/venv/lib/python3.11/site-packages/airflow/example_dags/example_branch_labels.py
[2023-07-22T17:04:56.007-0500] {logging_mixin.py:150} INFO - [2023-07-22T17:04:55.948-0500] {dag.py:2742} INFO - Sync 1 DAGs
[2023-07-22T17:04:56.028-0500] {logging_mixin.py:150} INFO - [2023-07-22T17:04:56.027-0500] {dag.py:3504} INFO - Setting next_dagrun for example_branch_labels to 2023-07-21T00:00:00+00:00, run_after=2023-07-22T00:00:00+00:00
[2023-07-22T17:04:56.048-0500] {processor.py:179} INFO - Processing /Users/abhishekpatkar/Documents/Projects/af_file_loader/venv/lib/python3.11/site-packages/airflow/example_dags/example_branch_labels.py took 0.785 seconds
[2023-07-22T17:08:52.394-0500] {processor.py:157} INFO - Started process (PID=22456) to work on /Users/abhishekpatkar/Documents/Projects/af_file_loader/venv/lib/python3.11/site-packages/airflow/example_dags/example_branch_labels.py
[2023-07-22T17:08:52.400-0500] {processor.py:826} INFO - Processing file /Users/abhishekpatkar/Documents/Projects/af_file_loader/venv/lib/python3.11/site-packages/airflow/example_dags/example_branch_labels.py for tasks to queue
[2023-07-22T17:08:52.401-0500] {logging_mixin.py:150} INFO - [2023-07-22T17:08:52.401-0500] {dagbag.py:541} INFO - Filling up the DagBag from /Users/abhishekpatkar/Documents/Projects/af_file_loader/venv/lib/python3.11/site-packages/airflow/example_dags/example_branch_labels.py
[2023-07-22T17:08:52.428-0500] {processor.py:836} INFO - DAG(s) dict_keys(['example_branch_labels']) retrieved from /Users/abhishekpatkar/Documents/Projects/af_file_loader/venv/lib/python3.11/site-packages/airflow/example_dags/example_branch_labels.py
[2023-07-22T17:08:53.174-0500] {logging_mixin.py:150} INFO - [2023-07-22T17:08:53.114-0500] {dag.py:2742} INFO - Sync 1 DAGs
[2023-07-22T17:08:53.194-0500] {logging_mixin.py:150} INFO - [2023-07-22T17:08:53.194-0500] {dag.py:3504} INFO - Setting next_dagrun for example_branch_labels to 2023-07-21T00:00:00+00:00, run_after=2023-07-22T00:00:00+00:00
[2023-07-22T17:08:53.213-0500] {processor.py:179} INFO - Processing /Users/abhishekpatkar/Documents/Projects/af_file_loader/venv/lib/python3.11/site-packages/airflow/example_dags/example_branch_labels.py took 0.819 seconds
[2023-07-22T17:12:52.144-0500] {processor.py:157} INFO - Started process (PID=22613) to work on /Users/abhishekpatkar/Documents/Projects/af_file_loader/venv/lib/python3.11/site-packages/airflow/example_dags/example_branch_labels.py
[2023-07-22T17:12:52.149-0500] {processor.py:826} INFO - Processing file /Users/abhishekpatkar/Documents/Projects/af_file_loader/venv/lib/python3.11/site-packages/airflow/example_dags/example_branch_labels.py for tasks to queue
[2023-07-22T17:12:52.150-0500] {logging_mixin.py:150} INFO - [2023-07-22T17:12:52.149-0500] {dagbag.py:541} INFO - Filling up the DagBag from /Users/abhishekpatkar/Documents/Projects/af_file_loader/venv/lib/python3.11/site-packages/airflow/example_dags/example_branch_labels.py
[2023-07-22T17:12:52.170-0500] {processor.py:836} INFO - DAG(s) dict_keys(['example_branch_labels']) retrieved from /Users/abhishekpatkar/Documents/Projects/af_file_loader/venv/lib/python3.11/site-packages/airflow/example_dags/example_branch_labels.py
[2023-07-22T17:12:53.026-0500] {logging_mixin.py:150} INFO - [2023-07-22T17:12:52.963-0500] {dag.py:2742} INFO - Sync 1 DAGs
[2023-07-22T17:12:53.046-0500] {logging_mixin.py:150} INFO - [2023-07-22T17:12:53.045-0500] {dag.py:3504} INFO - Setting next_dagrun for example_branch_labels to 2023-07-21T00:00:00+00:00, run_after=2023-07-22T00:00:00+00:00
[2023-07-22T17:12:53.066-0500] {processor.py:179} INFO - Processing /Users/abhishekpatkar/Documents/Projects/af_file_loader/venv/lib/python3.11/site-packages/airflow/example_dags/example_branch_labels.py took 0.923 seconds
[2023-07-22T17:16:58.698-0500] {processor.py:157} INFO - Started process (PID=22772) to work on /Users/abhishekpatkar/Documents/Projects/af_file_loader/venv/lib/python3.11/site-packages/airflow/example_dags/example_branch_labels.py
[2023-07-22T17:16:58.703-0500] {processor.py:826} INFO - Processing file /Users/abhishekpatkar/Documents/Projects/af_file_loader/venv/lib/python3.11/site-packages/airflow/example_dags/example_branch_labels.py for tasks to queue
[2023-07-22T17:16:58.703-0500] {logging_mixin.py:150} INFO - [2023-07-22T17:16:58.703-0500] {dagbag.py:541} INFO - Filling up the DagBag from /Users/abhishekpatkar/Documents/Projects/af_file_loader/venv/lib/python3.11/site-packages/airflow/example_dags/example_branch_labels.py
[2023-07-22T17:16:58.724-0500] {processor.py:836} INFO - DAG(s) dict_keys(['example_branch_labels']) retrieved from /Users/abhishekpatkar/Documents/Projects/af_file_loader/venv/lib/python3.11/site-packages/airflow/example_dags/example_branch_labels.py
[2023-07-22T17:16:59.488-0500] {logging_mixin.py:150} INFO - [2023-07-22T17:16:59.433-0500] {dag.py:2742} INFO - Sync 1 DAGs
[2023-07-22T17:16:59.510-0500] {logging_mixin.py:150} INFO - [2023-07-22T17:16:59.509-0500] {dag.py:3504} INFO - Setting next_dagrun for example_branch_labels to 2023-07-21T00:00:00+00:00, run_after=2023-07-22T00:00:00+00:00
[2023-07-22T17:16:59.535-0500] {processor.py:179} INFO - Processing /Users/abhishekpatkar/Documents/Projects/af_file_loader/venv/lib/python3.11/site-packages/airflow/example_dags/example_branch_labels.py took 0.838 seconds
[2023-07-22T17:21:44.541-0500] {processor.py:157} INFO - Started process (PID=23003) to work on /Users/abhishekpatkar/Documents/Projects/af_file_loader/venv/lib/python3.11/site-packages/airflow/example_dags/example_branch_labels.py
[2023-07-22T17:21:44.546-0500] {processor.py:826} INFO - Processing file /Users/abhishekpatkar/Documents/Projects/af_file_loader/venv/lib/python3.11/site-packages/airflow/example_dags/example_branch_labels.py for tasks to queue
[2023-07-22T17:21:44.547-0500] {logging_mixin.py:150} INFO - [2023-07-22T17:21:44.546-0500] {dagbag.py:541} INFO - Filling up the DagBag from /Users/abhishekpatkar/Documents/Projects/af_file_loader/venv/lib/python3.11/site-packages/airflow/example_dags/example_branch_labels.py
[2023-07-22T17:21:44.569-0500] {processor.py:836} INFO - DAG(s) dict_keys(['example_branch_labels']) retrieved from /Users/abhishekpatkar/Documents/Projects/af_file_loader/venv/lib/python3.11/site-packages/airflow/example_dags/example_branch_labels.py
[2023-07-22T17:21:45.323-0500] {logging_mixin.py:150} INFO - [2023-07-22T17:21:45.262-0500] {dag.py:2742} INFO - Sync 1 DAGs
[2023-07-22T17:21:45.342-0500] {logging_mixin.py:150} INFO - [2023-07-22T17:21:45.342-0500] {dag.py:3504} INFO - Setting next_dagrun for example_branch_labels to 2023-07-21T00:00:00+00:00, run_after=2023-07-22T00:00:00+00:00
[2023-07-22T17:21:45.366-0500] {processor.py:179} INFO - Processing /Users/abhishekpatkar/Documents/Projects/af_file_loader/venv/lib/python3.11/site-packages/airflow/example_dags/example_branch_labels.py took 0.825 seconds
[2023-07-22T17:30:01.562-0500] {processor.py:157} INFO - Started process (PID=23329) to work on /Users/abhishekpatkar/Documents/Projects/af_file_loader/venv/lib/python3.11/site-packages/airflow/example_dags/example_branch_labels.py
[2023-07-22T17:30:01.570-0500] {processor.py:826} INFO - Processing file /Users/abhishekpatkar/Documents/Projects/af_file_loader/venv/lib/python3.11/site-packages/airflow/example_dags/example_branch_labels.py for tasks to queue
[2023-07-22T17:30:01.571-0500] {logging_mixin.py:150} INFO - [2023-07-22T17:30:01.571-0500] {dagbag.py:541} INFO - Filling up the DagBag from /Users/abhishekpatkar/Documents/Projects/af_file_loader/venv/lib/python3.11/site-packages/airflow/example_dags/example_branch_labels.py
[2023-07-22T17:30:01.596-0500] {processor.py:836} INFO - DAG(s) dict_keys(['example_branch_labels']) retrieved from /Users/abhishekpatkar/Documents/Projects/af_file_loader/venv/lib/python3.11/site-packages/airflow/example_dags/example_branch_labels.py
[2023-07-22T17:30:02.497-0500] {logging_mixin.py:150} INFO - [2023-07-22T17:30:02.429-0500] {dag.py:2742} INFO - Sync 1 DAGs
[2023-07-22T17:30:02.518-0500] {logging_mixin.py:150} INFO - [2023-07-22T17:30:02.518-0500] {dag.py:3504} INFO - Setting next_dagrun for example_branch_labels to 2023-07-21T00:00:00+00:00, run_after=2023-07-22T00:00:00+00:00
[2023-07-22T17:30:02.538-0500] {processor.py:179} INFO - Processing /Users/abhishekpatkar/Documents/Projects/af_file_loader/venv/lib/python3.11/site-packages/airflow/example_dags/example_branch_labels.py took 0.976 seconds
[2023-07-22T17:34:12.490-0500] {processor.py:157} INFO - Started process (PID=23506) to work on /Users/abhishekpatkar/Documents/Projects/af_file_loader/venv/lib/python3.11/site-packages/airflow/example_dags/example_branch_labels.py
[2023-07-22T17:34:12.494-0500] {processor.py:826} INFO - Processing file /Users/abhishekpatkar/Documents/Projects/af_file_loader/venv/lib/python3.11/site-packages/airflow/example_dags/example_branch_labels.py for tasks to queue
[2023-07-22T17:34:12.495-0500] {logging_mixin.py:150} INFO - [2023-07-22T17:34:12.495-0500] {dagbag.py:541} INFO - Filling up the DagBag from /Users/abhishekpatkar/Documents/Projects/af_file_loader/venv/lib/python3.11/site-packages/airflow/example_dags/example_branch_labels.py
[2023-07-22T17:34:12.536-0500] {processor.py:836} INFO - DAG(s) dict_keys(['example_branch_labels']) retrieved from /Users/abhishekpatkar/Documents/Projects/af_file_loader/venv/lib/python3.11/site-packages/airflow/example_dags/example_branch_labels.py
[2023-07-22T17:34:13.204-0500] {logging_mixin.py:150} INFO - [2023-07-22T17:34:13.149-0500] {dag.py:2742} INFO - Sync 1 DAGs
[2023-07-22T17:34:13.220-0500] {logging_mixin.py:150} INFO - [2023-07-22T17:34:13.220-0500] {dag.py:3504} INFO - Setting next_dagrun for example_branch_labels to 2023-07-21T00:00:00+00:00, run_after=2023-07-22T00:00:00+00:00
[2023-07-22T17:34:13.239-0500] {processor.py:179} INFO - Processing /Users/abhishekpatkar/Documents/Projects/af_file_loader/venv/lib/python3.11/site-packages/airflow/example_dags/example_branch_labels.py took 0.750 seconds
[2023-07-22T17:41:15.392-0500] {processor.py:157} INFO - Started process (PID=23789) to work on /Users/abhishekpatkar/Documents/Projects/af_file_loader/venv/lib/python3.11/site-packages/airflow/example_dags/example_branch_labels.py
[2023-07-22T17:41:15.472-0500] {processor.py:826} INFO - Processing file /Users/abhishekpatkar/Documents/Projects/af_file_loader/venv/lib/python3.11/site-packages/airflow/example_dags/example_branch_labels.py for tasks to queue
[2023-07-22T17:41:15.475-0500] {logging_mixin.py:150} INFO - [2023-07-22T17:41:15.473-0500] {dagbag.py:541} INFO - Filling up the DagBag from /Users/abhishekpatkar/Documents/Projects/af_file_loader/venv/lib/python3.11/site-packages/airflow/example_dags/example_branch_labels.py
[2023-07-22T17:41:15.711-0500] {processor.py:836} INFO - DAG(s) dict_keys(['example_branch_labels']) retrieved from /Users/abhishekpatkar/Documents/Projects/af_file_loader/venv/lib/python3.11/site-packages/airflow/example_dags/example_branch_labels.py
[2023-07-22T17:41:19.405-0500] {logging_mixin.py:150} INFO - [2023-07-22T17:41:19.403-0500] {dag.py:2742} INFO - Sync 1 DAGs
[2023-07-22T17:41:19.518-0500] {logging_mixin.py:150} INFO - [2023-07-22T17:41:19.518-0500] {dag.py:3504} INFO - Setting next_dagrun for example_branch_labels to 2023-07-21T00:00:00+00:00, run_after=2023-07-22T00:00:00+00:00
[2023-07-22T17:41:19.573-0500] {processor.py:179} INFO - Processing /Users/abhishekpatkar/Documents/Projects/af_file_loader/venv/lib/python3.11/site-packages/airflow/example_dags/example_branch_labels.py took 4.189 seconds
[2023-07-22T17:54:18.705-0500] {processor.py:157} INFO - Started process (PID=24421) to work on /Users/abhishekpatkar/Documents/Projects/af_file_loader/venv/lib/python3.11/site-packages/airflow/example_dags/example_branch_labels.py
[2023-07-22T17:54:18.710-0500] {processor.py:826} INFO - Processing file /Users/abhishekpatkar/Documents/Projects/af_file_loader/venv/lib/python3.11/site-packages/airflow/example_dags/example_branch_labels.py for tasks to queue
[2023-07-22T17:54:18.711-0500] {logging_mixin.py:150} INFO - [2023-07-22T17:54:18.711-0500] {dagbag.py:541} INFO - Filling up the DagBag from /Users/abhishekpatkar/Documents/Projects/af_file_loader/venv/lib/python3.11/site-packages/airflow/example_dags/example_branch_labels.py
[2023-07-22T17:54:18.914-0500] {processor.py:836} INFO - DAG(s) dict_keys(['example_branch_labels']) retrieved from /Users/abhishekpatkar/Documents/Projects/af_file_loader/venv/lib/python3.11/site-packages/airflow/example_dags/example_branch_labels.py
[2023-07-22T17:54:20.364-0500] {logging_mixin.py:150} INFO - [2023-07-22T17:54:20.363-0500] {dag.py:2742} INFO - Sync 1 DAGs
[2023-07-22T17:54:20.395-0500] {logging_mixin.py:150} INFO - [2023-07-22T17:54:20.395-0500] {dag.py:3504} INFO - Setting next_dagrun for example_branch_labels to 2023-07-21T00:00:00+00:00, run_after=2023-07-22T00:00:00+00:00
[2023-07-22T17:54:20.418-0500] {processor.py:179} INFO - Processing /Users/abhishekpatkar/Documents/Projects/af_file_loader/venv/lib/python3.11/site-packages/airflow/example_dags/example_branch_labels.py took 1.713 seconds
[2023-07-22T18:04:04.718-0500] {processor.py:157} INFO - Started process (PID=24815) to work on /Users/abhishekpatkar/Documents/Projects/af_file_loader/venv/lib/python3.11/site-packages/airflow/example_dags/example_branch_labels.py
[2023-07-22T18:04:04.724-0500] {processor.py:826} INFO - Processing file /Users/abhishekpatkar/Documents/Projects/af_file_loader/venv/lib/python3.11/site-packages/airflow/example_dags/example_branch_labels.py for tasks to queue
[2023-07-22T18:04:04.725-0500] {logging_mixin.py:150} INFO - [2023-07-22T18:04:04.725-0500] {dagbag.py:541} INFO - Filling up the DagBag from /Users/abhishekpatkar/Documents/Projects/af_file_loader/venv/lib/python3.11/site-packages/airflow/example_dags/example_branch_labels.py
[2023-07-22T18:04:04.812-0500] {processor.py:836} INFO - DAG(s) dict_keys(['example_branch_labels']) retrieved from /Users/abhishekpatkar/Documents/Projects/af_file_loader/venv/lib/python3.11/site-packages/airflow/example_dags/example_branch_labels.py
[2023-07-22T18:04:05.849-0500] {logging_mixin.py:150} INFO - [2023-07-22T18:04:05.849-0500] {dag.py:2742} INFO - Sync 1 DAGs
[2023-07-22T18:04:05.868-0500] {logging_mixin.py:150} INFO - [2023-07-22T18:04:05.868-0500] {dag.py:3504} INFO - Setting next_dagrun for example_branch_labels to 2023-07-21T00:00:00+00:00, run_after=2023-07-22T00:00:00+00:00
[2023-07-22T18:04:05.886-0500] {processor.py:179} INFO - Processing /Users/abhishekpatkar/Documents/Projects/af_file_loader/venv/lib/python3.11/site-packages/airflow/example_dags/example_branch_labels.py took 1.169 seconds
