[2023-07-22T14:50:34.482-0500] {processor.py:157} INFO - Started process (PID=16576) to work on /Users/abhishekpatkar/Documents/Projects/af_file_loader/venv/lib/python3.11/site-packages/airflow/example_dags/example_time_delta_sensor_async.py
[2023-07-22T14:50:34.490-0500] {processor.py:826} INFO - Processing file /Users/abhishekpatkar/Documents/Projects/af_file_loader/venv/lib/python3.11/site-packages/airflow/example_dags/example_time_delta_sensor_async.py for tasks to queue
[2023-07-22T14:50:34.491-0500] {logging_mixin.py:150} INFO - [2023-07-22T14:50:34.490-0500] {dagbag.py:541} INFO - Filling up the DagBag from /Users/abhishekpatkar/Documents/Projects/af_file_loader/venv/lib/python3.11/site-packages/airflow/example_dags/example_time_delta_sensor_async.py
[2023-07-22T14:50:34.525-0500] {processor.py:836} INFO - DAG(s) dict_keys(['example_time_delta_sensor_async']) retrieved from /Users/abhishekpatkar/Documents/Projects/af_file_loader/venv/lib/python3.11/site-packages/airflow/example_dags/example_time_delta_sensor_async.py
[2023-07-22T14:50:35.736-0500] {logging_mixin.py:150} INFO - [2023-07-22T14:50:35.736-0500] {manager.py:504} INFO - Created Permission View: can read on DAG:example_time_delta_sensor_async
[2023-07-22T14:50:35.746-0500] {logging_mixin.py:150} INFO - [2023-07-22T14:50:35.745-0500] {manager.py:504} INFO - Created Permission View: can delete on DAG:example_time_delta_sensor_async
[2023-07-22T14:50:35.751-0500] {logging_mixin.py:150} INFO - [2023-07-22T14:50:35.751-0500] {manager.py:504} INFO - Created Permission View: can edit on DAG:example_time_delta_sensor_async
[2023-07-22T14:50:35.763-0500] {logging_mixin.py:150} INFO - [2023-07-22T14:50:35.762-0500] {dag.py:2742} INFO - Sync 1 DAGs
[2023-07-22T14:50:35.771-0500] {logging_mixin.py:150} INFO - [2023-07-22T14:50:35.771-0500] {dag.py:2763} INFO - Creating ORM DAG for example_time_delta_sensor_async
[2023-07-22T14:50:35.779-0500] {logging_mixin.py:150} INFO - [2023-07-22T14:50:35.779-0500] {dag.py:3504} INFO - Setting next_dagrun for example_time_delta_sensor_async to None, run_after=None
[2023-07-22T14:50:35.824-0500] {processor.py:179} INFO - Processing /Users/abhishekpatkar/Documents/Projects/af_file_loader/venv/lib/python3.11/site-packages/airflow/example_dags/example_time_delta_sensor_async.py took 1.343 seconds
[2023-07-22T14:53:58.359-0500] {processor.py:157} INFO - Started process (PID=16761) to work on /Users/abhishekpatkar/Documents/Projects/af_file_loader/venv/lib/python3.11/site-packages/airflow/example_dags/example_time_delta_sensor_async.py
[2023-07-22T14:53:58.365-0500] {processor.py:826} INFO - Processing file /Users/abhishekpatkar/Documents/Projects/af_file_loader/venv/lib/python3.11/site-packages/airflow/example_dags/example_time_delta_sensor_async.py for tasks to queue
[2023-07-22T14:53:58.366-0500] {logging_mixin.py:150} INFO - [2023-07-22T14:53:58.366-0500] {dagbag.py:541} INFO - Filling up the DagBag from /Users/abhishekpatkar/Documents/Projects/af_file_loader/venv/lib/python3.11/site-packages/airflow/example_dags/example_time_delta_sensor_async.py
[2023-07-22T14:53:58.390-0500] {processor.py:836} INFO - DAG(s) dict_keys(['example_time_delta_sensor_async']) retrieved from /Users/abhishekpatkar/Documents/Projects/af_file_loader/venv/lib/python3.11/site-packages/airflow/example_dags/example_time_delta_sensor_async.py
[2023-07-22T14:53:59.749-0500] {logging_mixin.py:150} INFO - [2023-07-22T14:53:59.748-0500] {dag.py:2742} INFO - Sync 1 DAGs
[2023-07-22T14:53:59.775-0500] {logging_mixin.py:150} INFO - [2023-07-22T14:53:59.775-0500] {dag.py:3504} INFO - Setting next_dagrun for example_time_delta_sensor_async to None, run_after=None
[2023-07-22T14:53:59.804-0500] {processor.py:179} INFO - Processing /Users/abhishekpatkar/Documents/Projects/af_file_loader/venv/lib/python3.11/site-packages/airflow/example_dags/example_time_delta_sensor_async.py took 1.446 seconds
[2023-07-22T14:56:45.061-0500] {processor.py:157} INFO - Started process (PID=16955) to work on /Users/abhishekpatkar/Documents/Projects/af_file_loader/venv/lib/python3.11/site-packages/airflow/example_dags/example_time_delta_sensor_async.py
[2023-07-22T14:56:45.067-0500] {processor.py:826} INFO - Processing file /Users/abhishekpatkar/Documents/Projects/af_file_loader/venv/lib/python3.11/site-packages/airflow/example_dags/example_time_delta_sensor_async.py for tasks to queue
[2023-07-22T14:56:45.068-0500] {logging_mixin.py:150} INFO - [2023-07-22T14:56:45.067-0500] {dagbag.py:541} INFO - Filling up the DagBag from /Users/abhishekpatkar/Documents/Projects/af_file_loader/venv/lib/python3.11/site-packages/airflow/example_dags/example_time_delta_sensor_async.py
[2023-07-22T14:56:45.094-0500] {processor.py:836} INFO - DAG(s) dict_keys(['example_time_delta_sensor_async']) retrieved from /Users/abhishekpatkar/Documents/Projects/af_file_loader/venv/lib/python3.11/site-packages/airflow/example_dags/example_time_delta_sensor_async.py
[2023-07-22T14:56:46.285-0500] {logging_mixin.py:150} INFO - [2023-07-22T14:56:46.284-0500] {dag.py:2742} INFO - Sync 1 DAGs
[2023-07-22T14:56:46.305-0500] {logging_mixin.py:150} INFO - [2023-07-22T14:56:46.304-0500] {dag.py:3504} INFO - Setting next_dagrun for example_time_delta_sensor_async to None, run_after=None
[2023-07-22T14:56:46.328-0500] {processor.py:179} INFO - Processing /Users/abhishekpatkar/Documents/Projects/af_file_loader/venv/lib/python3.11/site-packages/airflow/example_dags/example_time_delta_sensor_async.py took 1.268 seconds
[2023-07-22T14:59:12.666-0500] {processor.py:157} INFO - Started process (PID=17048) to work on /Users/abhishekpatkar/Documents/Projects/af_file_loader/venv/lib/python3.11/site-packages/airflow/example_dags/example_time_delta_sensor_async.py
[2023-07-22T14:59:12.673-0500] {processor.py:826} INFO - Processing file /Users/abhishekpatkar/Documents/Projects/af_file_loader/venv/lib/python3.11/site-packages/airflow/example_dags/example_time_delta_sensor_async.py for tasks to queue
[2023-07-22T14:59:12.674-0500] {logging_mixin.py:150} INFO - [2023-07-22T14:59:12.674-0500] {dagbag.py:541} INFO - Filling up the DagBag from /Users/abhishekpatkar/Documents/Projects/af_file_loader/venv/lib/python3.11/site-packages/airflow/example_dags/example_time_delta_sensor_async.py
[2023-07-22T14:59:12.707-0500] {processor.py:836} INFO - DAG(s) dict_keys(['example_time_delta_sensor_async']) retrieved from /Users/abhishekpatkar/Documents/Projects/af_file_loader/venv/lib/python3.11/site-packages/airflow/example_dags/example_time_delta_sensor_async.py
[2023-07-22T14:59:13.608-0500] {logging_mixin.py:150} INFO - [2023-07-22T14:59:13.607-0500] {dag.py:2742} INFO - Sync 1 DAGs
[2023-07-22T14:59:13.632-0500] {logging_mixin.py:150} INFO - [2023-07-22T14:59:13.632-0500] {dag.py:3504} INFO - Setting next_dagrun for example_time_delta_sensor_async to None, run_after=None
[2023-07-22T14:59:13.657-0500] {processor.py:179} INFO - Processing /Users/abhishekpatkar/Documents/Projects/af_file_loader/venv/lib/python3.11/site-packages/airflow/example_dags/example_time_delta_sensor_async.py took 0.992 seconds
[2023-07-22T15:01:36.354-0500] {processor.py:157} INFO - Started process (PID=17140) to work on /Users/abhishekpatkar/Documents/Projects/af_file_loader/venv/lib/python3.11/site-packages/airflow/example_dags/example_time_delta_sensor_async.py
[2023-07-22T15:01:36.359-0500] {processor.py:826} INFO - Processing file /Users/abhishekpatkar/Documents/Projects/af_file_loader/venv/lib/python3.11/site-packages/airflow/example_dags/example_time_delta_sensor_async.py for tasks to queue
[2023-07-22T15:01:36.360-0500] {logging_mixin.py:150} INFO - [2023-07-22T15:01:36.360-0500] {dagbag.py:541} INFO - Filling up the DagBag from /Users/abhishekpatkar/Documents/Projects/af_file_loader/venv/lib/python3.11/site-packages/airflow/example_dags/example_time_delta_sensor_async.py
[2023-07-22T15:01:36.390-0500] {processor.py:836} INFO - DAG(s) dict_keys(['example_time_delta_sensor_async']) retrieved from /Users/abhishekpatkar/Documents/Projects/af_file_loader/venv/lib/python3.11/site-packages/airflow/example_dags/example_time_delta_sensor_async.py
[2023-07-22T15:01:37.830-0500] {logging_mixin.py:150} INFO - [2023-07-22T15:01:37.830-0500] {dag.py:2742} INFO - Sync 1 DAGs
[2023-07-22T15:01:37.853-0500] {logging_mixin.py:150} INFO - [2023-07-22T15:01:37.852-0500] {dag.py:3504} INFO - Setting next_dagrun for example_time_delta_sensor_async to None, run_after=None
[2023-07-22T15:01:37.878-0500] {processor.py:179} INFO - Processing /Users/abhishekpatkar/Documents/Projects/af_file_loader/venv/lib/python3.11/site-packages/airflow/example_dags/example_time_delta_sensor_async.py took 1.526 seconds
[2023-07-22T15:04:11.438-0500] {processor.py:157} INFO - Started process (PID=17444) to work on /Users/abhishekpatkar/Documents/Projects/af_file_loader/venv/lib/python3.11/site-packages/airflow/example_dags/example_time_delta_sensor_async.py
[2023-07-22T15:04:11.444-0500] {processor.py:826} INFO - Processing file /Users/abhishekpatkar/Documents/Projects/af_file_loader/venv/lib/python3.11/site-packages/airflow/example_dags/example_time_delta_sensor_async.py for tasks to queue
[2023-07-22T15:04:11.445-0500] {logging_mixin.py:150} INFO - [2023-07-22T15:04:11.445-0500] {dagbag.py:541} INFO - Filling up the DagBag from /Users/abhishekpatkar/Documents/Projects/af_file_loader/venv/lib/python3.11/site-packages/airflow/example_dags/example_time_delta_sensor_async.py
[2023-07-22T15:04:11.486-0500] {processor.py:836} INFO - DAG(s) dict_keys(['example_time_delta_sensor_async']) retrieved from /Users/abhishekpatkar/Documents/Projects/af_file_loader/venv/lib/python3.11/site-packages/airflow/example_dags/example_time_delta_sensor_async.py
[2023-07-22T15:04:12.681-0500] {logging_mixin.py:150} INFO - [2023-07-22T15:04:12.681-0500] {dag.py:2742} INFO - Sync 1 DAGs
[2023-07-22T15:04:12.699-0500] {logging_mixin.py:150} INFO - [2023-07-22T15:04:12.699-0500] {dag.py:3504} INFO - Setting next_dagrun for example_time_delta_sensor_async to None, run_after=None
[2023-07-22T15:04:12.721-0500] {processor.py:179} INFO - Processing /Users/abhishekpatkar/Documents/Projects/af_file_loader/venv/lib/python3.11/site-packages/airflow/example_dags/example_time_delta_sensor_async.py took 1.287 seconds
[2023-07-22T15:08:45.669-0500] {processor.py:157} INFO - Started process (PID=17730) to work on /Users/abhishekpatkar/Documents/Projects/af_file_loader/venv/lib/python3.11/site-packages/airflow/example_dags/example_time_delta_sensor_async.py
[2023-07-22T15:08:45.679-0500] {processor.py:826} INFO - Processing file /Users/abhishekpatkar/Documents/Projects/af_file_loader/venv/lib/python3.11/site-packages/airflow/example_dags/example_time_delta_sensor_async.py for tasks to queue
[2023-07-22T15:08:45.680-0500] {logging_mixin.py:150} INFO - [2023-07-22T15:08:45.680-0500] {dagbag.py:541} INFO - Filling up the DagBag from /Users/abhishekpatkar/Documents/Projects/af_file_loader/venv/lib/python3.11/site-packages/airflow/example_dags/example_time_delta_sensor_async.py
[2023-07-22T15:08:45.928-0500] {processor.py:836} INFO - DAG(s) dict_keys(['example_time_delta_sensor_async']) retrieved from /Users/abhishekpatkar/Documents/Projects/af_file_loader/venv/lib/python3.11/site-packages/airflow/example_dags/example_time_delta_sensor_async.py
[2023-07-22T15:08:52.260-0500] {logging_mixin.py:150} INFO - [2023-07-22T15:08:52.259-0500] {dag.py:2742} INFO - Sync 1 DAGs
[2023-07-22T15:08:52.391-0500] {logging_mixin.py:150} INFO - [2023-07-22T15:08:52.390-0500] {dag.py:3504} INFO - Setting next_dagrun for example_time_delta_sensor_async to None, run_after=None
[2023-07-22T15:08:52.551-0500] {processor.py:179} INFO - Processing /Users/abhishekpatkar/Documents/Projects/af_file_loader/venv/lib/python3.11/site-packages/airflow/example_dags/example_time_delta_sensor_async.py took 6.884 seconds
[2023-07-22T15:12:45.601-0500] {processor.py:157} INFO - Started process (PID=17874) to work on /Users/abhishekpatkar/Documents/Projects/af_file_loader/venv/lib/python3.11/site-packages/airflow/example_dags/example_time_delta_sensor_async.py
[2023-07-22T15:12:45.605-0500] {processor.py:826} INFO - Processing file /Users/abhishekpatkar/Documents/Projects/af_file_loader/venv/lib/python3.11/site-packages/airflow/example_dags/example_time_delta_sensor_async.py for tasks to queue
[2023-07-22T15:12:45.606-0500] {logging_mixin.py:150} INFO - [2023-07-22T15:12:45.606-0500] {dagbag.py:541} INFO - Filling up the DagBag from /Users/abhishekpatkar/Documents/Projects/af_file_loader/venv/lib/python3.11/site-packages/airflow/example_dags/example_time_delta_sensor_async.py
[2023-07-22T15:12:45.627-0500] {processor.py:836} INFO - DAG(s) dict_keys(['example_time_delta_sensor_async']) retrieved from /Users/abhishekpatkar/Documents/Projects/af_file_loader/venv/lib/python3.11/site-packages/airflow/example_dags/example_time_delta_sensor_async.py
[2023-07-22T15:12:46.492-0500] {logging_mixin.py:150} INFO - [2023-07-22T15:12:46.492-0500] {dag.py:2742} INFO - Sync 1 DAGs
[2023-07-22T15:12:46.508-0500] {logging_mixin.py:150} INFO - [2023-07-22T15:12:46.508-0500] {dag.py:3504} INFO - Setting next_dagrun for example_time_delta_sensor_async to None, run_after=None
[2023-07-22T15:12:46.526-0500] {processor.py:179} INFO - Processing /Users/abhishekpatkar/Documents/Projects/af_file_loader/venv/lib/python3.11/site-packages/airflow/example_dags/example_time_delta_sensor_async.py took 0.925 seconds
[2023-07-22T15:15:29.141-0500] {processor.py:157} INFO - Started process (PID=17968) to work on /Users/abhishekpatkar/Documents/Projects/af_file_loader/venv/lib/python3.11/site-packages/airflow/example_dags/example_time_delta_sensor_async.py
[2023-07-22T15:15:29.146-0500] {processor.py:826} INFO - Processing file /Users/abhishekpatkar/Documents/Projects/af_file_loader/venv/lib/python3.11/site-packages/airflow/example_dags/example_time_delta_sensor_async.py for tasks to queue
[2023-07-22T15:15:29.146-0500] {logging_mixin.py:150} INFO - [2023-07-22T15:15:29.146-0500] {dagbag.py:541} INFO - Filling up the DagBag from /Users/abhishekpatkar/Documents/Projects/af_file_loader/venv/lib/python3.11/site-packages/airflow/example_dags/example_time_delta_sensor_async.py
[2023-07-22T15:15:29.169-0500] {processor.py:836} INFO - DAG(s) dict_keys(['example_time_delta_sensor_async']) retrieved from /Users/abhishekpatkar/Documents/Projects/af_file_loader/venv/lib/python3.11/site-packages/airflow/example_dags/example_time_delta_sensor_async.py
[2023-07-22T15:15:29.954-0500] {logging_mixin.py:150} INFO - [2023-07-22T15:15:29.954-0500] {dag.py:2742} INFO - Sync 1 DAGs
[2023-07-22T15:15:29.972-0500] {logging_mixin.py:150} INFO - [2023-07-22T15:15:29.972-0500] {dag.py:3504} INFO - Setting next_dagrun for example_time_delta_sensor_async to None, run_after=None
[2023-07-22T15:15:29.991-0500] {processor.py:179} INFO - Processing /Users/abhishekpatkar/Documents/Projects/af_file_loader/venv/lib/python3.11/site-packages/airflow/example_dags/example_time_delta_sensor_async.py took 0.851 seconds
[2023-07-22T15:18:21.153-0500] {processor.py:157} INFO - Started process (PID=18071) to work on /Users/abhishekpatkar/Documents/Projects/af_file_loader/venv/lib/python3.11/site-packages/airflow/example_dags/example_time_delta_sensor_async.py
[2023-07-22T15:18:21.162-0500] {processor.py:826} INFO - Processing file /Users/abhishekpatkar/Documents/Projects/af_file_loader/venv/lib/python3.11/site-packages/airflow/example_dags/example_time_delta_sensor_async.py for tasks to queue
[2023-07-22T15:18:21.162-0500] {logging_mixin.py:150} INFO - [2023-07-22T15:18:21.162-0500] {dagbag.py:541} INFO - Filling up the DagBag from /Users/abhishekpatkar/Documents/Projects/af_file_loader/venv/lib/python3.11/site-packages/airflow/example_dags/example_time_delta_sensor_async.py
[2023-07-22T15:18:21.183-0500] {processor.py:836} INFO - DAG(s) dict_keys(['example_time_delta_sensor_async']) retrieved from /Users/abhishekpatkar/Documents/Projects/af_file_loader/venv/lib/python3.11/site-packages/airflow/example_dags/example_time_delta_sensor_async.py
[2023-07-22T15:18:22.147-0500] {logging_mixin.py:150} INFO - [2023-07-22T15:18:22.147-0500] {dag.py:2742} INFO - Sync 1 DAGs
[2023-07-22T15:18:22.173-0500] {logging_mixin.py:150} INFO - [2023-07-22T15:18:22.173-0500] {dag.py:3504} INFO - Setting next_dagrun for example_time_delta_sensor_async to None, run_after=None
[2023-07-22T15:18:22.199-0500] {processor.py:179} INFO - Processing /Users/abhishekpatkar/Documents/Projects/af_file_loader/venv/lib/python3.11/site-packages/airflow/example_dags/example_time_delta_sensor_async.py took 1.047 seconds
[2023-07-22T15:21:09.957-0500] {processor.py:157} INFO - Started process (PID=18173) to work on /Users/abhishekpatkar/Documents/Projects/af_file_loader/venv/lib/python3.11/site-packages/airflow/example_dags/example_time_delta_sensor_async.py
[2023-07-22T15:21:09.962-0500] {processor.py:826} INFO - Processing file /Users/abhishekpatkar/Documents/Projects/af_file_loader/venv/lib/python3.11/site-packages/airflow/example_dags/example_time_delta_sensor_async.py for tasks to queue
[2023-07-22T15:21:09.963-0500] {logging_mixin.py:150} INFO - [2023-07-22T15:21:09.963-0500] {dagbag.py:541} INFO - Filling up the DagBag from /Users/abhishekpatkar/Documents/Projects/af_file_loader/venv/lib/python3.11/site-packages/airflow/example_dags/example_time_delta_sensor_async.py
[2023-07-22T15:21:10.008-0500] {processor.py:836} INFO - DAG(s) dict_keys(['example_time_delta_sensor_async']) retrieved from /Users/abhishekpatkar/Documents/Projects/af_file_loader/venv/lib/python3.11/site-packages/airflow/example_dags/example_time_delta_sensor_async.py
[2023-07-22T15:21:11.269-0500] {logging_mixin.py:150} INFO - [2023-07-22T15:21:11.269-0500] {dag.py:2742} INFO - Sync 1 DAGs
[2023-07-22T15:21:11.284-0500] {logging_mixin.py:150} INFO - [2023-07-22T15:21:11.284-0500] {dag.py:3504} INFO - Setting next_dagrun for example_time_delta_sensor_async to None, run_after=None
[2023-07-22T15:21:11.303-0500] {processor.py:179} INFO - Processing /Users/abhishekpatkar/Documents/Projects/af_file_loader/venv/lib/python3.11/site-packages/airflow/example_dags/example_time_delta_sensor_async.py took 1.347 seconds
[2023-07-22T15:23:32.438-0500] {processor.py:157} INFO - Started process (PID=18263) to work on /Users/abhishekpatkar/Documents/Projects/af_file_loader/venv/lib/python3.11/site-packages/airflow/example_dags/example_time_delta_sensor_async.py
[2023-07-22T15:23:32.442-0500] {processor.py:826} INFO - Processing file /Users/abhishekpatkar/Documents/Projects/af_file_loader/venv/lib/python3.11/site-packages/airflow/example_dags/example_time_delta_sensor_async.py for tasks to queue
[2023-07-22T15:23:32.442-0500] {logging_mixin.py:150} INFO - [2023-07-22T15:23:32.442-0500] {dagbag.py:541} INFO - Filling up the DagBag from /Users/abhishekpatkar/Documents/Projects/af_file_loader/venv/lib/python3.11/site-packages/airflow/example_dags/example_time_delta_sensor_async.py
[2023-07-22T15:23:32.465-0500] {processor.py:836} INFO - DAG(s) dict_keys(['example_time_delta_sensor_async']) retrieved from /Users/abhishekpatkar/Documents/Projects/af_file_loader/venv/lib/python3.11/site-packages/airflow/example_dags/example_time_delta_sensor_async.py
[2023-07-22T15:23:33.221-0500] {logging_mixin.py:150} INFO - [2023-07-22T15:23:33.221-0500] {dag.py:2742} INFO - Sync 1 DAGs
[2023-07-22T15:23:33.238-0500] {logging_mixin.py:150} INFO - [2023-07-22T15:23:33.238-0500] {dag.py:3504} INFO - Setting next_dagrun for example_time_delta_sensor_async to None, run_after=None
[2023-07-22T15:23:33.257-0500] {processor.py:179} INFO - Processing /Users/abhishekpatkar/Documents/Projects/af_file_loader/venv/lib/python3.11/site-packages/airflow/example_dags/example_time_delta_sensor_async.py took 0.819 seconds
[2023-07-22T15:25:46.051-0500] {processor.py:157} INFO - Started process (PID=18370) to work on /Users/abhishekpatkar/Documents/Projects/af_file_loader/venv/lib/python3.11/site-packages/airflow/example_dags/example_time_delta_sensor_async.py
[2023-07-22T15:25:46.056-0500] {processor.py:826} INFO - Processing file /Users/abhishekpatkar/Documents/Projects/af_file_loader/venv/lib/python3.11/site-packages/airflow/example_dags/example_time_delta_sensor_async.py for tasks to queue
[2023-07-22T15:25:46.056-0500] {logging_mixin.py:150} INFO - [2023-07-22T15:25:46.056-0500] {dagbag.py:541} INFO - Filling up the DagBag from /Users/abhishekpatkar/Documents/Projects/af_file_loader/venv/lib/python3.11/site-packages/airflow/example_dags/example_time_delta_sensor_async.py
[2023-07-22T15:25:46.075-0500] {processor.py:836} INFO - DAG(s) dict_keys(['example_time_delta_sensor_async']) retrieved from /Users/abhishekpatkar/Documents/Projects/af_file_loader/venv/lib/python3.11/site-packages/airflow/example_dags/example_time_delta_sensor_async.py
[2023-07-22T15:25:46.869-0500] {logging_mixin.py:150} INFO - [2023-07-22T15:25:46.868-0500] {dag.py:2742} INFO - Sync 1 DAGs
[2023-07-22T15:25:46.891-0500] {logging_mixin.py:150} INFO - [2023-07-22T15:25:46.891-0500] {dag.py:3504} INFO - Setting next_dagrun for example_time_delta_sensor_async to None, run_after=None
[2023-07-22T15:25:46.911-0500] {processor.py:179} INFO - Processing /Users/abhishekpatkar/Documents/Projects/af_file_loader/venv/lib/python3.11/site-packages/airflow/example_dags/example_time_delta_sensor_async.py took 0.861 seconds
[2023-07-22T15:29:31.054-0500] {processor.py:157} INFO - Started process (PID=18667) to work on /Users/abhishekpatkar/Documents/Projects/af_file_loader/venv/lib/python3.11/site-packages/airflow/example_dags/example_time_delta_sensor_async.py
[2023-07-22T15:29:31.062-0500] {processor.py:826} INFO - Processing file /Users/abhishekpatkar/Documents/Projects/af_file_loader/venv/lib/python3.11/site-packages/airflow/example_dags/example_time_delta_sensor_async.py for tasks to queue
[2023-07-22T15:29:31.062-0500] {logging_mixin.py:150} INFO - [2023-07-22T15:29:31.062-0500] {dagbag.py:541} INFO - Filling up the DagBag from /Users/abhishekpatkar/Documents/Projects/af_file_loader/venv/lib/python3.11/site-packages/airflow/example_dags/example_time_delta_sensor_async.py
[2023-07-22T15:29:31.091-0500] {processor.py:836} INFO - DAG(s) dict_keys(['example_time_delta_sensor_async']) retrieved from /Users/abhishekpatkar/Documents/Projects/af_file_loader/venv/lib/python3.11/site-packages/airflow/example_dags/example_time_delta_sensor_async.py
[2023-07-22T15:29:32.012-0500] {logging_mixin.py:150} INFO - [2023-07-22T15:29:32.012-0500] {dag.py:2742} INFO - Sync 1 DAGs
[2023-07-22T15:29:32.044-0500] {logging_mixin.py:150} INFO - [2023-07-22T15:29:32.044-0500] {dag.py:3504} INFO - Setting next_dagrun for example_time_delta_sensor_async to None, run_after=None
[2023-07-22T15:29:32.070-0500] {processor.py:179} INFO - Processing /Users/abhishekpatkar/Documents/Projects/af_file_loader/venv/lib/python3.11/site-packages/airflow/example_dags/example_time_delta_sensor_async.py took 1.016 seconds
[2023-07-22T15:32:07.748-0500] {processor.py:157} INFO - Started process (PID=18823) to work on /Users/abhishekpatkar/Documents/Projects/af_file_loader/venv/lib/python3.11/site-packages/airflow/example_dags/example_time_delta_sensor_async.py
[2023-07-22T15:32:07.753-0500] {processor.py:826} INFO - Processing file /Users/abhishekpatkar/Documents/Projects/af_file_loader/venv/lib/python3.11/site-packages/airflow/example_dags/example_time_delta_sensor_async.py for tasks to queue
[2023-07-22T15:32:07.754-0500] {logging_mixin.py:150} INFO - [2023-07-22T15:32:07.754-0500] {dagbag.py:541} INFO - Filling up the DagBag from /Users/abhishekpatkar/Documents/Projects/af_file_loader/venv/lib/python3.11/site-packages/airflow/example_dags/example_time_delta_sensor_async.py
[2023-07-22T15:32:07.776-0500] {processor.py:836} INFO - DAG(s) dict_keys(['example_time_delta_sensor_async']) retrieved from /Users/abhishekpatkar/Documents/Projects/af_file_loader/venv/lib/python3.11/site-packages/airflow/example_dags/example_time_delta_sensor_async.py
[2023-07-22T15:32:08.656-0500] {logging_mixin.py:150} INFO - [2023-07-22T15:32:08.656-0500] {dag.py:2742} INFO - Sync 1 DAGs
[2023-07-22T15:32:08.673-0500] {logging_mixin.py:150} INFO - [2023-07-22T15:32:08.672-0500] {dag.py:3504} INFO - Setting next_dagrun for example_time_delta_sensor_async to None, run_after=None
[2023-07-22T15:32:08.699-0500] {processor.py:179} INFO - Processing /Users/abhishekpatkar/Documents/Projects/af_file_loader/venv/lib/python3.11/site-packages/airflow/example_dags/example_time_delta_sensor_async.py took 0.951 seconds
[2023-07-22T15:34:04.368-0500] {processor.py:157} INFO - Started process (PID=18900) to work on /Users/abhishekpatkar/Documents/Projects/af_file_loader/venv/lib/python3.11/site-packages/airflow/example_dags/example_time_delta_sensor_async.py
[2023-07-22T15:34:04.372-0500] {processor.py:826} INFO - Processing file /Users/abhishekpatkar/Documents/Projects/af_file_loader/venv/lib/python3.11/site-packages/airflow/example_dags/example_time_delta_sensor_async.py for tasks to queue
[2023-07-22T15:34:04.373-0500] {logging_mixin.py:150} INFO - [2023-07-22T15:34:04.373-0500] {dagbag.py:541} INFO - Filling up the DagBag from /Users/abhishekpatkar/Documents/Projects/af_file_loader/venv/lib/python3.11/site-packages/airflow/example_dags/example_time_delta_sensor_async.py
[2023-07-22T15:34:04.395-0500] {processor.py:836} INFO - DAG(s) dict_keys(['example_time_delta_sensor_async']) retrieved from /Users/abhishekpatkar/Documents/Projects/af_file_loader/venv/lib/python3.11/site-packages/airflow/example_dags/example_time_delta_sensor_async.py
[2023-07-22T15:34:05.087-0500] {logging_mixin.py:150} INFO - [2023-07-22T15:34:05.086-0500] {dag.py:2742} INFO - Sync 1 DAGs
[2023-07-22T15:34:05.102-0500] {logging_mixin.py:150} INFO - [2023-07-22T15:34:05.102-0500] {dag.py:3504} INFO - Setting next_dagrun for example_time_delta_sensor_async to None, run_after=None
[2023-07-22T15:34:05.119-0500] {processor.py:179} INFO - Processing /Users/abhishekpatkar/Documents/Projects/af_file_loader/venv/lib/python3.11/site-packages/airflow/example_dags/example_time_delta_sensor_async.py took 0.753 seconds
[2023-07-22T15:35:54.646-0500] {processor.py:157} INFO - Started process (PID=19018) to work on /Users/abhishekpatkar/Documents/Projects/af_file_loader/venv/lib/python3.11/site-packages/airflow/example_dags/example_time_delta_sensor_async.py
[2023-07-22T15:35:54.651-0500] {processor.py:826} INFO - Processing file /Users/abhishekpatkar/Documents/Projects/af_file_loader/venv/lib/python3.11/site-packages/airflow/example_dags/example_time_delta_sensor_async.py for tasks to queue
[2023-07-22T15:35:54.652-0500] {logging_mixin.py:150} INFO - [2023-07-22T15:35:54.652-0500] {dagbag.py:541} INFO - Filling up the DagBag from /Users/abhishekpatkar/Documents/Projects/af_file_loader/venv/lib/python3.11/site-packages/airflow/example_dags/example_time_delta_sensor_async.py
[2023-07-22T15:35:54.673-0500] {processor.py:836} INFO - DAG(s) dict_keys(['example_time_delta_sensor_async']) retrieved from /Users/abhishekpatkar/Documents/Projects/af_file_loader/venv/lib/python3.11/site-packages/airflow/example_dags/example_time_delta_sensor_async.py
[2023-07-22T15:35:55.368-0500] {logging_mixin.py:150} INFO - [2023-07-22T15:35:55.368-0500] {dag.py:2742} INFO - Sync 1 DAGs
[2023-07-22T15:35:55.383-0500] {logging_mixin.py:150} INFO - [2023-07-22T15:35:55.383-0500] {dag.py:3504} INFO - Setting next_dagrun for example_time_delta_sensor_async to None, run_after=None
[2023-07-22T15:35:55.400-0500] {processor.py:179} INFO - Processing /Users/abhishekpatkar/Documents/Projects/af_file_loader/venv/lib/python3.11/site-packages/airflow/example_dags/example_time_delta_sensor_async.py took 0.754 seconds
[2023-07-22T15:47:29.492-0500] {processor.py:157} INFO - Started process (PID=19348) to work on /Users/abhishekpatkar/Documents/Projects/af_file_loader/venv/lib/python3.11/site-packages/airflow/example_dags/example_time_delta_sensor_async.py
[2023-07-22T15:47:29.496-0500] {processor.py:826} INFO - Processing file /Users/abhishekpatkar/Documents/Projects/af_file_loader/venv/lib/python3.11/site-packages/airflow/example_dags/example_time_delta_sensor_async.py for tasks to queue
[2023-07-22T15:47:29.497-0500] {logging_mixin.py:150} INFO - [2023-07-22T15:47:29.497-0500] {dagbag.py:541} INFO - Filling up the DagBag from /Users/abhishekpatkar/Documents/Projects/af_file_loader/venv/lib/python3.11/site-packages/airflow/example_dags/example_time_delta_sensor_async.py
[2023-07-22T15:47:29.522-0500] {processor.py:836} INFO - DAG(s) dict_keys(['example_time_delta_sensor_async']) retrieved from /Users/abhishekpatkar/Documents/Projects/af_file_loader/venv/lib/python3.11/site-packages/airflow/example_dags/example_time_delta_sensor_async.py
[2023-07-22T15:47:31.757-0500] {logging_mixin.py:150} INFO - [2023-07-22T15:47:31.756-0500] {dag.py:2742} INFO - Sync 1 DAGs
[2023-07-22T15:47:31.782-0500] {logging_mixin.py:150} INFO - [2023-07-22T15:47:31.782-0500] {dag.py:3504} INFO - Setting next_dagrun for example_time_delta_sensor_async to None, run_after=None
[2023-07-22T15:47:31.804-0500] {processor.py:179} INFO - Processing /Users/abhishekpatkar/Documents/Projects/af_file_loader/venv/lib/python3.11/site-packages/airflow/example_dags/example_time_delta_sensor_async.py took 2.313 seconds
[2023-07-22T15:49:51.927-0500] {processor.py:157} INFO - Started process (PID=19515) to work on /Users/abhishekpatkar/Documents/Projects/af_file_loader/venv/lib/python3.11/site-packages/airflow/example_dags/example_time_delta_sensor_async.py
[2023-07-22T15:49:51.936-0500] {processor.py:826} INFO - Processing file /Users/abhishekpatkar/Documents/Projects/af_file_loader/venv/lib/python3.11/site-packages/airflow/example_dags/example_time_delta_sensor_async.py for tasks to queue
[2023-07-22T15:49:51.937-0500] {logging_mixin.py:150} INFO - [2023-07-22T15:49:51.937-0500] {dagbag.py:541} INFO - Filling up the DagBag from /Users/abhishekpatkar/Documents/Projects/af_file_loader/venv/lib/python3.11/site-packages/airflow/example_dags/example_time_delta_sensor_async.py
[2023-07-22T15:49:51.965-0500] {processor.py:836} INFO - DAG(s) dict_keys(['example_time_delta_sensor_async']) retrieved from /Users/abhishekpatkar/Documents/Projects/af_file_loader/venv/lib/python3.11/site-packages/airflow/example_dags/example_time_delta_sensor_async.py
[2023-07-22T15:49:52.780-0500] {logging_mixin.py:150} INFO - [2023-07-22T15:49:52.780-0500] {dag.py:2742} INFO - Sync 1 DAGs
[2023-07-22T15:49:52.800-0500] {logging_mixin.py:150} INFO - [2023-07-22T15:49:52.800-0500] {dag.py:3504} INFO - Setting next_dagrun for example_time_delta_sensor_async to None, run_after=None
[2023-07-22T15:49:52.824-0500] {processor.py:179} INFO - Processing /Users/abhishekpatkar/Documents/Projects/af_file_loader/venv/lib/python3.11/site-packages/airflow/example_dags/example_time_delta_sensor_async.py took 0.899 seconds
[2023-07-22T15:52:28.513-0500] {processor.py:157} INFO - Started process (PID=19803) to work on /Users/abhishekpatkar/Documents/Projects/af_file_loader/venv/lib/python3.11/site-packages/airflow/example_dags/example_time_delta_sensor_async.py
[2023-07-22T15:52:28.520-0500] {processor.py:826} INFO - Processing file /Users/abhishekpatkar/Documents/Projects/af_file_loader/venv/lib/python3.11/site-packages/airflow/example_dags/example_time_delta_sensor_async.py for tasks to queue
[2023-07-22T15:52:28.521-0500] {logging_mixin.py:150} INFO - [2023-07-22T15:52:28.521-0500] {dagbag.py:541} INFO - Filling up the DagBag from /Users/abhishekpatkar/Documents/Projects/af_file_loader/venv/lib/python3.11/site-packages/airflow/example_dags/example_time_delta_sensor_async.py
[2023-07-22T15:52:28.583-0500] {processor.py:836} INFO - DAG(s) dict_keys(['example_time_delta_sensor_async']) retrieved from /Users/abhishekpatkar/Documents/Projects/af_file_loader/venv/lib/python3.11/site-packages/airflow/example_dags/example_time_delta_sensor_async.py
[2023-07-22T15:52:29.638-0500] {logging_mixin.py:150} INFO - [2023-07-22T15:52:29.637-0500] {dag.py:2742} INFO - Sync 1 DAGs
[2023-07-22T15:52:29.660-0500] {logging_mixin.py:150} INFO - [2023-07-22T15:52:29.660-0500] {dag.py:3504} INFO - Setting next_dagrun for example_time_delta_sensor_async to None, run_after=None
[2023-07-22T15:52:29.691-0500] {processor.py:179} INFO - Processing /Users/abhishekpatkar/Documents/Projects/af_file_loader/venv/lib/python3.11/site-packages/airflow/example_dags/example_time_delta_sensor_async.py took 1.179 seconds
[2023-07-22T15:55:08.225-0500] {processor.py:157} INFO - Started process (PID=19961) to work on /Users/abhishekpatkar/Documents/Projects/af_file_loader/venv/lib/python3.11/site-packages/airflow/example_dags/example_time_delta_sensor_async.py
[2023-07-22T15:55:08.230-0500] {processor.py:826} INFO - Processing file /Users/abhishekpatkar/Documents/Projects/af_file_loader/venv/lib/python3.11/site-packages/airflow/example_dags/example_time_delta_sensor_async.py for tasks to queue
[2023-07-22T15:55:08.232-0500] {logging_mixin.py:150} INFO - [2023-07-22T15:55:08.231-0500] {dagbag.py:541} INFO - Filling up the DagBag from /Users/abhishekpatkar/Documents/Projects/af_file_loader/venv/lib/python3.11/site-packages/airflow/example_dags/example_time_delta_sensor_async.py
[2023-07-22T15:55:08.270-0500] {processor.py:836} INFO - DAG(s) dict_keys(['example_time_delta_sensor_async']) retrieved from /Users/abhishekpatkar/Documents/Projects/af_file_loader/venv/lib/python3.11/site-packages/airflow/example_dags/example_time_delta_sensor_async.py
[2023-07-22T15:55:09.304-0500] {logging_mixin.py:150} INFO - [2023-07-22T15:55:09.304-0500] {dag.py:2742} INFO - Sync 1 DAGs
[2023-07-22T15:55:09.325-0500] {logging_mixin.py:150} INFO - [2023-07-22T15:55:09.325-0500] {dag.py:3504} INFO - Setting next_dagrun for example_time_delta_sensor_async to None, run_after=None
[2023-07-22T15:55:09.352-0500] {processor.py:179} INFO - Processing /Users/abhishekpatkar/Documents/Projects/af_file_loader/venv/lib/python3.11/site-packages/airflow/example_dags/example_time_delta_sensor_async.py took 1.128 seconds
[2023-07-22T15:57:48.344-0500] {processor.py:157} INFO - Started process (PID=20207) to work on /Users/abhishekpatkar/Documents/Projects/af_file_loader/venv/lib/python3.11/site-packages/airflow/example_dags/example_time_delta_sensor_async.py
[2023-07-22T15:57:48.349-0500] {processor.py:826} INFO - Processing file /Users/abhishekpatkar/Documents/Projects/af_file_loader/venv/lib/python3.11/site-packages/airflow/example_dags/example_time_delta_sensor_async.py for tasks to queue
[2023-07-22T15:57:48.350-0500] {logging_mixin.py:150} INFO - [2023-07-22T15:57:48.349-0500] {dagbag.py:541} INFO - Filling up the DagBag from /Users/abhishekpatkar/Documents/Projects/af_file_loader/venv/lib/python3.11/site-packages/airflow/example_dags/example_time_delta_sensor_async.py
[2023-07-22T15:57:48.381-0500] {processor.py:836} INFO - DAG(s) dict_keys(['example_time_delta_sensor_async']) retrieved from /Users/abhishekpatkar/Documents/Projects/af_file_loader/venv/lib/python3.11/site-packages/airflow/example_dags/example_time_delta_sensor_async.py
[2023-07-22T15:57:49.334-0500] {logging_mixin.py:150} INFO - [2023-07-22T15:57:49.333-0500] {dag.py:2742} INFO - Sync 1 DAGs
[2023-07-22T15:57:49.355-0500] {logging_mixin.py:150} INFO - [2023-07-22T15:57:49.355-0500] {dag.py:3504} INFO - Setting next_dagrun for example_time_delta_sensor_async to None, run_after=None
[2023-07-22T15:57:49.391-0500] {processor.py:179} INFO - Processing /Users/abhishekpatkar/Documents/Projects/af_file_loader/venv/lib/python3.11/site-packages/airflow/example_dags/example_time_delta_sensor_async.py took 1.049 seconds
[2023-07-22T16:00:15.549-0500] {processor.py:157} INFO - Started process (PID=20307) to work on /Users/abhishekpatkar/Documents/Projects/af_file_loader/venv/lib/python3.11/site-packages/airflow/example_dags/example_time_delta_sensor_async.py
[2023-07-22T16:00:15.555-0500] {processor.py:826} INFO - Processing file /Users/abhishekpatkar/Documents/Projects/af_file_loader/venv/lib/python3.11/site-packages/airflow/example_dags/example_time_delta_sensor_async.py for tasks to queue
[2023-07-22T16:00:15.556-0500] {logging_mixin.py:150} INFO - [2023-07-22T16:00:15.556-0500] {dagbag.py:541} INFO - Filling up the DagBag from /Users/abhishekpatkar/Documents/Projects/af_file_loader/venv/lib/python3.11/site-packages/airflow/example_dags/example_time_delta_sensor_async.py
[2023-07-22T16:00:15.579-0500] {processor.py:836} INFO - DAG(s) dict_keys(['example_time_delta_sensor_async']) retrieved from /Users/abhishekpatkar/Documents/Projects/af_file_loader/venv/lib/python3.11/site-packages/airflow/example_dags/example_time_delta_sensor_async.py
[2023-07-22T16:00:16.359-0500] {logging_mixin.py:150} INFO - [2023-07-22T16:00:16.359-0500] {dag.py:2742} INFO - Sync 1 DAGs
[2023-07-22T16:00:16.378-0500] {logging_mixin.py:150} INFO - [2023-07-22T16:00:16.378-0500] {dag.py:3504} INFO - Setting next_dagrun for example_time_delta_sensor_async to None, run_after=None
[2023-07-22T16:00:16.397-0500] {processor.py:179} INFO - Processing /Users/abhishekpatkar/Documents/Projects/af_file_loader/venv/lib/python3.11/site-packages/airflow/example_dags/example_time_delta_sensor_async.py took 0.851 seconds
[2023-07-22T16:02:40.002-0500] {processor.py:157} INFO - Started process (PID=20392) to work on /Users/abhishekpatkar/Documents/Projects/af_file_loader/venv/lib/python3.11/site-packages/airflow/example_dags/example_time_delta_sensor_async.py
[2023-07-22T16:02:40.007-0500] {processor.py:826} INFO - Processing file /Users/abhishekpatkar/Documents/Projects/af_file_loader/venv/lib/python3.11/site-packages/airflow/example_dags/example_time_delta_sensor_async.py for tasks to queue
[2023-07-22T16:02:40.008-0500] {logging_mixin.py:150} INFO - [2023-07-22T16:02:40.008-0500] {dagbag.py:541} INFO - Filling up the DagBag from /Users/abhishekpatkar/Documents/Projects/af_file_loader/venv/lib/python3.11/site-packages/airflow/example_dags/example_time_delta_sensor_async.py
[2023-07-22T16:02:40.027-0500] {processor.py:836} INFO - DAG(s) dict_keys(['example_time_delta_sensor_async']) retrieved from /Users/abhishekpatkar/Documents/Projects/af_file_loader/venv/lib/python3.11/site-packages/airflow/example_dags/example_time_delta_sensor_async.py
[2023-07-22T16:02:40.680-0500] {logging_mixin.py:150} INFO - [2023-07-22T16:02:40.680-0500] {dag.py:2742} INFO - Sync 1 DAGs
[2023-07-22T16:02:40.696-0500] {logging_mixin.py:150} INFO - [2023-07-22T16:02:40.696-0500] {dag.py:3504} INFO - Setting next_dagrun for example_time_delta_sensor_async to None, run_after=None
[2023-07-22T16:02:40.715-0500] {processor.py:179} INFO - Processing /Users/abhishekpatkar/Documents/Projects/af_file_loader/venv/lib/python3.11/site-packages/airflow/example_dags/example_time_delta_sensor_async.py took 0.713 seconds
[2023-07-22T16:04:31.266-0500] {processor.py:157} INFO - Started process (PID=20467) to work on /Users/abhishekpatkar/Documents/Projects/af_file_loader/venv/lib/python3.11/site-packages/airflow/example_dags/example_time_delta_sensor_async.py
[2023-07-22T16:04:31.270-0500] {processor.py:826} INFO - Processing file /Users/abhishekpatkar/Documents/Projects/af_file_loader/venv/lib/python3.11/site-packages/airflow/example_dags/example_time_delta_sensor_async.py for tasks to queue
[2023-07-22T16:04:31.271-0500] {logging_mixin.py:150} INFO - [2023-07-22T16:04:31.271-0500] {dagbag.py:541} INFO - Filling up the DagBag from /Users/abhishekpatkar/Documents/Projects/af_file_loader/venv/lib/python3.11/site-packages/airflow/example_dags/example_time_delta_sensor_async.py
[2023-07-22T16:04:31.291-0500] {processor.py:836} INFO - DAG(s) dict_keys(['example_time_delta_sensor_async']) retrieved from /Users/abhishekpatkar/Documents/Projects/af_file_loader/venv/lib/python3.11/site-packages/airflow/example_dags/example_time_delta_sensor_async.py
[2023-07-22T16:04:31.937-0500] {logging_mixin.py:150} INFO - [2023-07-22T16:04:31.937-0500] {dag.py:2742} INFO - Sync 1 DAGs
[2023-07-22T16:04:31.953-0500] {logging_mixin.py:150} INFO - [2023-07-22T16:04:31.953-0500] {dag.py:3504} INFO - Setting next_dagrun for example_time_delta_sensor_async to None, run_after=None
[2023-07-22T16:04:31.971-0500] {processor.py:179} INFO - Processing /Users/abhishekpatkar/Documents/Projects/af_file_loader/venv/lib/python3.11/site-packages/airflow/example_dags/example_time_delta_sensor_async.py took 0.706 seconds
[2023-07-22T16:06:19.048-0500] {processor.py:157} INFO - Started process (PID=20558) to work on /Users/abhishekpatkar/Documents/Projects/af_file_loader/venv/lib/python3.11/site-packages/airflow/example_dags/example_time_delta_sensor_async.py
[2023-07-22T16:06:19.053-0500] {processor.py:826} INFO - Processing file /Users/abhishekpatkar/Documents/Projects/af_file_loader/venv/lib/python3.11/site-packages/airflow/example_dags/example_time_delta_sensor_async.py for tasks to queue
[2023-07-22T16:06:19.053-0500] {logging_mixin.py:150} INFO - [2023-07-22T16:06:19.053-0500] {dagbag.py:541} INFO - Filling up the DagBag from /Users/abhishekpatkar/Documents/Projects/af_file_loader/venv/lib/python3.11/site-packages/airflow/example_dags/example_time_delta_sensor_async.py
[2023-07-22T16:06:19.071-0500] {processor.py:836} INFO - DAG(s) dict_keys(['example_time_delta_sensor_async']) retrieved from /Users/abhishekpatkar/Documents/Projects/af_file_loader/venv/lib/python3.11/site-packages/airflow/example_dags/example_time_delta_sensor_async.py
[2023-07-22T16:06:19.707-0500] {logging_mixin.py:150} INFO - [2023-07-22T16:06:19.706-0500] {dag.py:2742} INFO - Sync 1 DAGs
[2023-07-22T16:06:19.722-0500] {logging_mixin.py:150} INFO - [2023-07-22T16:06:19.722-0500] {dag.py:3504} INFO - Setting next_dagrun for example_time_delta_sensor_async to None, run_after=None
[2023-07-22T16:06:19.740-0500] {processor.py:179} INFO - Processing /Users/abhishekpatkar/Documents/Projects/af_file_loader/venv/lib/python3.11/site-packages/airflow/example_dags/example_time_delta_sensor_async.py took 0.693 seconds
[2023-07-22T16:08:09.883-0500] {processor.py:157} INFO - Started process (PID=20642) to work on /Users/abhishekpatkar/Documents/Projects/af_file_loader/venv/lib/python3.11/site-packages/airflow/example_dags/example_time_delta_sensor_async.py
[2023-07-22T16:08:09.888-0500] {processor.py:826} INFO - Processing file /Users/abhishekpatkar/Documents/Projects/af_file_loader/venv/lib/python3.11/site-packages/airflow/example_dags/example_time_delta_sensor_async.py for tasks to queue
[2023-07-22T16:08:09.888-0500] {logging_mixin.py:150} INFO - [2023-07-22T16:08:09.888-0500] {dagbag.py:541} INFO - Filling up the DagBag from /Users/abhishekpatkar/Documents/Projects/af_file_loader/venv/lib/python3.11/site-packages/airflow/example_dags/example_time_delta_sensor_async.py
[2023-07-22T16:08:09.907-0500] {processor.py:836} INFO - DAG(s) dict_keys(['example_time_delta_sensor_async']) retrieved from /Users/abhishekpatkar/Documents/Projects/af_file_loader/venv/lib/python3.11/site-packages/airflow/example_dags/example_time_delta_sensor_async.py
[2023-07-22T16:08:10.537-0500] {logging_mixin.py:150} INFO - [2023-07-22T16:08:10.536-0500] {dag.py:2742} INFO - Sync 1 DAGs
[2023-07-22T16:08:10.552-0500] {logging_mixin.py:150} INFO - [2023-07-22T16:08:10.551-0500] {dag.py:3504} INFO - Setting next_dagrun for example_time_delta_sensor_async to None, run_after=None
[2023-07-22T16:08:10.570-0500] {processor.py:179} INFO - Processing /Users/abhishekpatkar/Documents/Projects/af_file_loader/venv/lib/python3.11/site-packages/airflow/example_dags/example_time_delta_sensor_async.py took 0.688 seconds
[2023-07-22T16:10:01.996-0500] {processor.py:157} INFO - Started process (PID=20714) to work on /Users/abhishekpatkar/Documents/Projects/af_file_loader/venv/lib/python3.11/site-packages/airflow/example_dags/example_time_delta_sensor_async.py
[2023-07-22T16:10:02.000-0500] {processor.py:826} INFO - Processing file /Users/abhishekpatkar/Documents/Projects/af_file_loader/venv/lib/python3.11/site-packages/airflow/example_dags/example_time_delta_sensor_async.py for tasks to queue
[2023-07-22T16:10:02.000-0500] {logging_mixin.py:150} INFO - [2023-07-22T16:10:02.000-0500] {dagbag.py:541} INFO - Filling up the DagBag from /Users/abhishekpatkar/Documents/Projects/af_file_loader/venv/lib/python3.11/site-packages/airflow/example_dags/example_time_delta_sensor_async.py
[2023-07-22T16:10:02.018-0500] {processor.py:836} INFO - DAG(s) dict_keys(['example_time_delta_sensor_async']) retrieved from /Users/abhishekpatkar/Documents/Projects/af_file_loader/venv/lib/python3.11/site-packages/airflow/example_dags/example_time_delta_sensor_async.py
[2023-07-22T16:10:02.667-0500] {logging_mixin.py:150} INFO - [2023-07-22T16:10:02.667-0500] {dag.py:2742} INFO - Sync 1 DAGs
[2023-07-22T16:10:02.683-0500] {logging_mixin.py:150} INFO - [2023-07-22T16:10:02.683-0500] {dag.py:3504} INFO - Setting next_dagrun for example_time_delta_sensor_async to None, run_after=None
[2023-07-22T16:10:02.701-0500] {processor.py:179} INFO - Processing /Users/abhishekpatkar/Documents/Projects/af_file_loader/venv/lib/python3.11/site-packages/airflow/example_dags/example_time_delta_sensor_async.py took 0.705 seconds
[2023-07-22T16:23:43.072-0500] {processor.py:157} INFO - Started process (PID=20853) to work on /Users/abhishekpatkar/Documents/Projects/af_file_loader/venv/lib/python3.11/site-packages/airflow/example_dags/example_time_delta_sensor_async.py
[2023-07-22T16:23:43.077-0500] {processor.py:826} INFO - Processing file /Users/abhishekpatkar/Documents/Projects/af_file_loader/venv/lib/python3.11/site-packages/airflow/example_dags/example_time_delta_sensor_async.py for tasks to queue
[2023-07-22T16:23:43.081-0500] {logging_mixin.py:150} INFO - [2023-07-22T16:23:43.080-0500] {dagbag.py:541} INFO - Filling up the DagBag from /Users/abhishekpatkar/Documents/Projects/af_file_loader/venv/lib/python3.11/site-packages/airflow/example_dags/example_time_delta_sensor_async.py
[2023-07-22T16:23:43.102-0500] {processor.py:836} INFO - DAG(s) dict_keys(['example_time_delta_sensor_async']) retrieved from /Users/abhishekpatkar/Documents/Projects/af_file_loader/venv/lib/python3.11/site-packages/airflow/example_dags/example_time_delta_sensor_async.py
[2023-07-22T16:23:43.961-0500] {logging_mixin.py:150} INFO - [2023-07-22T16:23:43.961-0500] {dag.py:2742} INFO - Sync 1 DAGs
[2023-07-22T16:23:43.981-0500] {logging_mixin.py:150} INFO - [2023-07-22T16:23:43.980-0500] {dag.py:3504} INFO - Setting next_dagrun for example_time_delta_sensor_async to None, run_after=None
[2023-07-22T16:23:44.003-0500] {processor.py:179} INFO - Processing /Users/abhishekpatkar/Documents/Projects/af_file_loader/venv/lib/python3.11/site-packages/airflow/example_dags/example_time_delta_sensor_async.py took 0.932 seconds
[2023-07-22T16:26:27.532-0500] {processor.py:157} INFO - Started process (PID=20970) to work on /Users/abhishekpatkar/Documents/Projects/af_file_loader/venv/lib/python3.11/site-packages/airflow/example_dags/example_time_delta_sensor_async.py
[2023-07-22T16:26:27.538-0500] {processor.py:826} INFO - Processing file /Users/abhishekpatkar/Documents/Projects/af_file_loader/venv/lib/python3.11/site-packages/airflow/example_dags/example_time_delta_sensor_async.py for tasks to queue
[2023-07-22T16:26:27.540-0500] {logging_mixin.py:150} INFO - [2023-07-22T16:26:27.540-0500] {dagbag.py:541} INFO - Filling up the DagBag from /Users/abhishekpatkar/Documents/Projects/af_file_loader/venv/lib/python3.11/site-packages/airflow/example_dags/example_time_delta_sensor_async.py
[2023-07-22T16:26:27.568-0500] {processor.py:836} INFO - DAG(s) dict_keys(['example_time_delta_sensor_async']) retrieved from /Users/abhishekpatkar/Documents/Projects/af_file_loader/venv/lib/python3.11/site-packages/airflow/example_dags/example_time_delta_sensor_async.py
[2023-07-22T16:26:28.819-0500] {logging_mixin.py:150} INFO - [2023-07-22T16:26:28.818-0500] {dag.py:2742} INFO - Sync 1 DAGs
[2023-07-22T16:26:28.843-0500] {logging_mixin.py:150} INFO - [2023-07-22T16:26:28.843-0500] {dag.py:3504} INFO - Setting next_dagrun for example_time_delta_sensor_async to None, run_after=None
[2023-07-22T16:26:28.866-0500] {processor.py:179} INFO - Processing /Users/abhishekpatkar/Documents/Projects/af_file_loader/venv/lib/python3.11/site-packages/airflow/example_dags/example_time_delta_sensor_async.py took 1.336 seconds
[2023-07-22T16:29:52.194-0500] {processor.py:157} INFO - Started process (PID=21090) to work on /Users/abhishekpatkar/Documents/Projects/af_file_loader/venv/lib/python3.11/site-packages/airflow/example_dags/example_time_delta_sensor_async.py
[2023-07-22T16:29:52.201-0500] {processor.py:826} INFO - Processing file /Users/abhishekpatkar/Documents/Projects/af_file_loader/venv/lib/python3.11/site-packages/airflow/example_dags/example_time_delta_sensor_async.py for tasks to queue
[2023-07-22T16:29:52.204-0500] {logging_mixin.py:150} INFO - [2023-07-22T16:29:52.203-0500] {dagbag.py:541} INFO - Filling up the DagBag from /Users/abhishekpatkar/Documents/Projects/af_file_loader/venv/lib/python3.11/site-packages/airflow/example_dags/example_time_delta_sensor_async.py
[2023-07-22T16:29:52.247-0500] {processor.py:836} INFO - DAG(s) dict_keys(['example_time_delta_sensor_async']) retrieved from /Users/abhishekpatkar/Documents/Projects/af_file_loader/venv/lib/python3.11/site-packages/airflow/example_dags/example_time_delta_sensor_async.py
[2023-07-22T16:29:53.628-0500] {logging_mixin.py:150} INFO - [2023-07-22T16:29:53.627-0500] {dag.py:2742} INFO - Sync 1 DAGs
[2023-07-22T16:29:53.648-0500] {logging_mixin.py:150} INFO - [2023-07-22T16:29:53.647-0500] {dag.py:3504} INFO - Setting next_dagrun for example_time_delta_sensor_async to None, run_after=None
[2023-07-22T16:29:53.673-0500] {processor.py:179} INFO - Processing /Users/abhishekpatkar/Documents/Projects/af_file_loader/venv/lib/python3.11/site-packages/airflow/example_dags/example_time_delta_sensor_async.py took 1.480 seconds
[2023-07-22T16:33:04.536-0500] {processor.py:157} INFO - Started process (PID=21193) to work on /Users/abhishekpatkar/Documents/Projects/af_file_loader/venv/lib/python3.11/site-packages/airflow/example_dags/example_time_delta_sensor_async.py
[2023-07-22T16:33:04.543-0500] {processor.py:826} INFO - Processing file /Users/abhishekpatkar/Documents/Projects/af_file_loader/venv/lib/python3.11/site-packages/airflow/example_dags/example_time_delta_sensor_async.py for tasks to queue
[2023-07-22T16:33:04.544-0500] {logging_mixin.py:150} INFO - [2023-07-22T16:33:04.544-0500] {dagbag.py:541} INFO - Filling up the DagBag from /Users/abhishekpatkar/Documents/Projects/af_file_loader/venv/lib/python3.11/site-packages/airflow/example_dags/example_time_delta_sensor_async.py
[2023-07-22T16:33:04.577-0500] {processor.py:836} INFO - DAG(s) dict_keys(['example_time_delta_sensor_async']) retrieved from /Users/abhishekpatkar/Documents/Projects/af_file_loader/venv/lib/python3.11/site-packages/airflow/example_dags/example_time_delta_sensor_async.py
[2023-07-22T16:33:06.165-0500] {logging_mixin.py:150} INFO - [2023-07-22T16:33:06.165-0500] {dag.py:2742} INFO - Sync 1 DAGs
[2023-07-22T16:33:06.225-0500] {logging_mixin.py:150} INFO - [2023-07-22T16:33:06.224-0500] {dag.py:3504} INFO - Setting next_dagrun for example_time_delta_sensor_async to None, run_after=None
[2023-07-22T16:33:06.268-0500] {processor.py:179} INFO - Processing /Users/abhishekpatkar/Documents/Projects/af_file_loader/venv/lib/python3.11/site-packages/airflow/example_dags/example_time_delta_sensor_async.py took 1.739 seconds
[2023-07-22T16:36:34.100-0500] {processor.py:157} INFO - Started process (PID=21299) to work on /Users/abhishekpatkar/Documents/Projects/af_file_loader/venv/lib/python3.11/site-packages/airflow/example_dags/example_time_delta_sensor_async.py
[2023-07-22T16:36:34.150-0500] {processor.py:826} INFO - Processing file /Users/abhishekpatkar/Documents/Projects/af_file_loader/venv/lib/python3.11/site-packages/airflow/example_dags/example_time_delta_sensor_async.py for tasks to queue
[2023-07-22T16:36:34.156-0500] {logging_mixin.py:150} INFO - [2023-07-22T16:36:34.155-0500] {dagbag.py:541} INFO - Filling up the DagBag from /Users/abhishekpatkar/Documents/Projects/af_file_loader/venv/lib/python3.11/site-packages/airflow/example_dags/example_time_delta_sensor_async.py
[2023-07-22T16:36:34.401-0500] {processor.py:836} INFO - DAG(s) dict_keys(['example_time_delta_sensor_async']) retrieved from /Users/abhishekpatkar/Documents/Projects/af_file_loader/venv/lib/python3.11/site-packages/airflow/example_dags/example_time_delta_sensor_async.py
[2023-07-22T16:36:40.905-0500] {logging_mixin.py:150} INFO - [2023-07-22T16:36:40.904-0500] {dag.py:2742} INFO - Sync 1 DAGs
[2023-07-22T16:36:41.006-0500] {logging_mixin.py:150} INFO - [2023-07-22T16:36:41.005-0500] {dag.py:3504} INFO - Setting next_dagrun for example_time_delta_sensor_async to None, run_after=None
[2023-07-22T16:36:41.233-0500] {processor.py:179} INFO - Processing /Users/abhishekpatkar/Documents/Projects/af_file_loader/venv/lib/python3.11/site-packages/airflow/example_dags/example_time_delta_sensor_async.py took 7.134 seconds
[2023-07-22T16:41:43.045-0500] {processor.py:157} INFO - Started process (PID=21514) to work on /Users/abhishekpatkar/Documents/Projects/af_file_loader/venv/lib/python3.11/site-packages/airflow/example_dags/example_time_delta_sensor_async.py
[2023-07-22T16:41:43.053-0500] {processor.py:826} INFO - Processing file /Users/abhishekpatkar/Documents/Projects/af_file_loader/venv/lib/python3.11/site-packages/airflow/example_dags/example_time_delta_sensor_async.py for tasks to queue
[2023-07-22T16:41:43.054-0500] {logging_mixin.py:150} INFO - [2023-07-22T16:41:43.054-0500] {dagbag.py:541} INFO - Filling up the DagBag from /Users/abhishekpatkar/Documents/Projects/af_file_loader/venv/lib/python3.11/site-packages/airflow/example_dags/example_time_delta_sensor_async.py
[2023-07-22T16:41:43.086-0500] {processor.py:836} INFO - DAG(s) dict_keys(['example_time_delta_sensor_async']) retrieved from /Users/abhishekpatkar/Documents/Projects/af_file_loader/venv/lib/python3.11/site-packages/airflow/example_dags/example_time_delta_sensor_async.py
[2023-07-22T16:41:44.636-0500] {logging_mixin.py:150} INFO - [2023-07-22T16:41:44.635-0500] {dag.py:2742} INFO - Sync 1 DAGs
[2023-07-22T16:41:44.659-0500] {logging_mixin.py:150} INFO - [2023-07-22T16:41:44.659-0500] {dag.py:3504} INFO - Setting next_dagrun for example_time_delta_sensor_async to None, run_after=None
[2023-07-22T16:41:44.696-0500] {processor.py:179} INFO - Processing /Users/abhishekpatkar/Documents/Projects/af_file_loader/venv/lib/python3.11/site-packages/airflow/example_dags/example_time_delta_sensor_async.py took 1.651 seconds
[2023-07-22T16:45:36.594-0500] {processor.py:157} INFO - Started process (PID=21630) to work on /Users/abhishekpatkar/Documents/Projects/af_file_loader/venv/lib/python3.11/site-packages/airflow/example_dags/example_time_delta_sensor_async.py
[2023-07-22T16:45:36.600-0500] {processor.py:826} INFO - Processing file /Users/abhishekpatkar/Documents/Projects/af_file_loader/venv/lib/python3.11/site-packages/airflow/example_dags/example_time_delta_sensor_async.py for tasks to queue
[2023-07-22T16:45:36.602-0500] {logging_mixin.py:150} INFO - [2023-07-22T16:45:36.602-0500] {dagbag.py:541} INFO - Filling up the DagBag from /Users/abhishekpatkar/Documents/Projects/af_file_loader/venv/lib/python3.11/site-packages/airflow/example_dags/example_time_delta_sensor_async.py
[2023-07-22T16:45:36.686-0500] {processor.py:836} INFO - DAG(s) dict_keys(['example_time_delta_sensor_async']) retrieved from /Users/abhishekpatkar/Documents/Projects/af_file_loader/venv/lib/python3.11/site-packages/airflow/example_dags/example_time_delta_sensor_async.py
[2023-07-22T16:45:38.286-0500] {logging_mixin.py:150} INFO - [2023-07-22T16:45:38.286-0500] {dag.py:2742} INFO - Sync 1 DAGs
[2023-07-22T16:45:38.322-0500] {logging_mixin.py:150} INFO - [2023-07-22T16:45:38.322-0500] {dag.py:3504} INFO - Setting next_dagrun for example_time_delta_sensor_async to None, run_after=None
[2023-07-22T16:45:38.357-0500] {processor.py:179} INFO - Processing /Users/abhishekpatkar/Documents/Projects/af_file_loader/venv/lib/python3.11/site-packages/airflow/example_dags/example_time_delta_sensor_async.py took 1.765 seconds
[2023-07-22T16:49:15.653-0500] {processor.py:157} INFO - Started process (PID=21742) to work on /Users/abhishekpatkar/Documents/Projects/af_file_loader/venv/lib/python3.11/site-packages/airflow/example_dags/example_time_delta_sensor_async.py
[2023-07-22T16:49:15.657-0500] {processor.py:826} INFO - Processing file /Users/abhishekpatkar/Documents/Projects/af_file_loader/venv/lib/python3.11/site-packages/airflow/example_dags/example_time_delta_sensor_async.py for tasks to queue
[2023-07-22T16:49:15.658-0500] {logging_mixin.py:150} INFO - [2023-07-22T16:49:15.657-0500] {dagbag.py:541} INFO - Filling up the DagBag from /Users/abhishekpatkar/Documents/Projects/af_file_loader/venv/lib/python3.11/site-packages/airflow/example_dags/example_time_delta_sensor_async.py
[2023-07-22T16:49:15.683-0500] {processor.py:836} INFO - DAG(s) dict_keys(['example_time_delta_sensor_async']) retrieved from /Users/abhishekpatkar/Documents/Projects/af_file_loader/venv/lib/python3.11/site-packages/airflow/example_dags/example_time_delta_sensor_async.py
[2023-07-22T16:49:17.460-0500] {logging_mixin.py:150} INFO - [2023-07-22T16:49:17.458-0500] {dag.py:2742} INFO - Sync 1 DAGs
[2023-07-22T16:49:17.481-0500] {logging_mixin.py:150} INFO - [2023-07-22T16:49:17.481-0500] {dag.py:3504} INFO - Setting next_dagrun for example_time_delta_sensor_async to None, run_after=None
[2023-07-22T16:49:17.515-0500] {processor.py:179} INFO - Processing /Users/abhishekpatkar/Documents/Projects/af_file_loader/venv/lib/python3.11/site-packages/airflow/example_dags/example_time_delta_sensor_async.py took 1.863 seconds
[2023-07-22T16:53:12.382-0500] {processor.py:157} INFO - Started process (PID=21856) to work on /Users/abhishekpatkar/Documents/Projects/af_file_loader/venv/lib/python3.11/site-packages/airflow/example_dags/example_time_delta_sensor_async.py
[2023-07-22T16:53:12.388-0500] {processor.py:826} INFO - Processing file /Users/abhishekpatkar/Documents/Projects/af_file_loader/venv/lib/python3.11/site-packages/airflow/example_dags/example_time_delta_sensor_async.py for tasks to queue
[2023-07-22T16:53:12.389-0500] {logging_mixin.py:150} INFO - [2023-07-22T16:53:12.389-0500] {dagbag.py:541} INFO - Filling up the DagBag from /Users/abhishekpatkar/Documents/Projects/af_file_loader/venv/lib/python3.11/site-packages/airflow/example_dags/example_time_delta_sensor_async.py
[2023-07-22T16:53:12.420-0500] {processor.py:836} INFO - DAG(s) dict_keys(['example_time_delta_sensor_async']) retrieved from /Users/abhishekpatkar/Documents/Projects/af_file_loader/venv/lib/python3.11/site-packages/airflow/example_dags/example_time_delta_sensor_async.py
[2023-07-22T16:53:14.221-0500] {logging_mixin.py:150} INFO - [2023-07-22T16:53:14.221-0500] {dag.py:2742} INFO - Sync 1 DAGs
[2023-07-22T16:53:14.256-0500] {logging_mixin.py:150} INFO - [2023-07-22T16:53:14.256-0500] {dag.py:3504} INFO - Setting next_dagrun for example_time_delta_sensor_async to None, run_after=None
[2023-07-22T16:53:14.316-0500] {processor.py:179} INFO - Processing /Users/abhishekpatkar/Documents/Projects/af_file_loader/venv/lib/python3.11/site-packages/airflow/example_dags/example_time_delta_sensor_async.py took 1.937 seconds
[2023-07-22T16:56:24.952-0500] {processor.py:157} INFO - Started process (PID=21973) to work on /Users/abhishekpatkar/Documents/Projects/af_file_loader/venv/lib/python3.11/site-packages/airflow/example_dags/example_time_delta_sensor_async.py
[2023-07-22T16:56:24.958-0500] {processor.py:826} INFO - Processing file /Users/abhishekpatkar/Documents/Projects/af_file_loader/venv/lib/python3.11/site-packages/airflow/example_dags/example_time_delta_sensor_async.py for tasks to queue
[2023-07-22T16:56:24.960-0500] {logging_mixin.py:150} INFO - [2023-07-22T16:56:24.959-0500] {dagbag.py:541} INFO - Filling up the DagBag from /Users/abhishekpatkar/Documents/Projects/af_file_loader/venv/lib/python3.11/site-packages/airflow/example_dags/example_time_delta_sensor_async.py
[2023-07-22T16:56:24.987-0500] {processor.py:836} INFO - DAG(s) dict_keys(['example_time_delta_sensor_async']) retrieved from /Users/abhishekpatkar/Documents/Projects/af_file_loader/venv/lib/python3.11/site-packages/airflow/example_dags/example_time_delta_sensor_async.py
[2023-07-22T16:56:26.165-0500] {logging_mixin.py:150} INFO - [2023-07-22T16:56:26.164-0500] {dag.py:2742} INFO - Sync 1 DAGs
[2023-07-22T16:56:26.190-0500] {logging_mixin.py:150} INFO - [2023-07-22T16:56:26.189-0500] {dag.py:3504} INFO - Setting next_dagrun for example_time_delta_sensor_async to None, run_after=None
[2023-07-22T16:56:26.216-0500] {processor.py:179} INFO - Processing /Users/abhishekpatkar/Documents/Projects/af_file_loader/venv/lib/python3.11/site-packages/airflow/example_dags/example_time_delta_sensor_async.py took 1.265 seconds
[2023-07-22T16:59:22.107-0500] {processor.py:157} INFO - Started process (PID=22069) to work on /Users/abhishekpatkar/Documents/Projects/af_file_loader/venv/lib/python3.11/site-packages/airflow/example_dags/example_time_delta_sensor_async.py
[2023-07-22T16:59:22.117-0500] {processor.py:826} INFO - Processing file /Users/abhishekpatkar/Documents/Projects/af_file_loader/venv/lib/python3.11/site-packages/airflow/example_dags/example_time_delta_sensor_async.py for tasks to queue
[2023-07-22T16:59:22.118-0500] {logging_mixin.py:150} INFO - [2023-07-22T16:59:22.118-0500] {dagbag.py:541} INFO - Filling up the DagBag from /Users/abhishekpatkar/Documents/Projects/af_file_loader/venv/lib/python3.11/site-packages/airflow/example_dags/example_time_delta_sensor_async.py
[2023-07-22T16:59:22.145-0500] {processor.py:836} INFO - DAG(s) dict_keys(['example_time_delta_sensor_async']) retrieved from /Users/abhishekpatkar/Documents/Projects/af_file_loader/venv/lib/python3.11/site-packages/airflow/example_dags/example_time_delta_sensor_async.py
[2023-07-22T16:59:23.404-0500] {logging_mixin.py:150} INFO - [2023-07-22T16:59:23.403-0500] {dag.py:2742} INFO - Sync 1 DAGs
[2023-07-22T16:59:23.426-0500] {logging_mixin.py:150} INFO - [2023-07-22T16:59:23.426-0500] {dag.py:3504} INFO - Setting next_dagrun for example_time_delta_sensor_async to None, run_after=None
[2023-07-22T16:59:23.451-0500] {processor.py:179} INFO - Processing /Users/abhishekpatkar/Documents/Projects/af_file_loader/venv/lib/python3.11/site-packages/airflow/example_dags/example_time_delta_sensor_async.py took 1.345 seconds
[2023-07-22T17:03:28.259-0500] {processor.py:157} INFO - Started process (PID=22243) to work on /Users/abhishekpatkar/Documents/Projects/af_file_loader/venv/lib/python3.11/site-packages/airflow/example_dags/example_time_delta_sensor_async.py
[2023-07-22T17:03:28.284-0500] {processor.py:826} INFO - Processing file /Users/abhishekpatkar/Documents/Projects/af_file_loader/venv/lib/python3.11/site-packages/airflow/example_dags/example_time_delta_sensor_async.py for tasks to queue
[2023-07-22T17:03:28.460-0500] {logging_mixin.py:150} INFO - [2023-07-22T17:03:28.460-0500] {dagbag.py:541} INFO - Filling up the DagBag from /Users/abhishekpatkar/Documents/Projects/af_file_loader/venv/lib/python3.11/site-packages/airflow/example_dags/example_time_delta_sensor_async.py
[2023-07-22T17:03:28.620-0500] {processor.py:836} INFO - DAG(s) dict_keys(['example_time_delta_sensor_async']) retrieved from /Users/abhishekpatkar/Documents/Projects/af_file_loader/venv/lib/python3.11/site-packages/airflow/example_dags/example_time_delta_sensor_async.py
[2023-07-22T17:03:29.587-0500] {logging_mixin.py:150} INFO - [2023-07-22T17:03:29.587-0500] {dag.py:2742} INFO - Sync 1 DAGs
[2023-07-22T17:03:29.609-0500] {logging_mixin.py:150} INFO - [2023-07-22T17:03:29.608-0500] {dag.py:3504} INFO - Setting next_dagrun for example_time_delta_sensor_async to None, run_after=None
[2023-07-22T17:03:29.628-0500] {processor.py:179} INFO - Processing /Users/abhishekpatkar/Documents/Projects/af_file_loader/venv/lib/python3.11/site-packages/airflow/example_dags/example_time_delta_sensor_async.py took 1.370 seconds
[2023-07-22T17:05:39.186-0500] {processor.py:157} INFO - Started process (PID=22328) to work on /Users/abhishekpatkar/Documents/Projects/af_file_loader/venv/lib/python3.11/site-packages/airflow/example_dags/example_time_delta_sensor_async.py
[2023-07-22T17:05:39.190-0500] {processor.py:826} INFO - Processing file /Users/abhishekpatkar/Documents/Projects/af_file_loader/venv/lib/python3.11/site-packages/airflow/example_dags/example_time_delta_sensor_async.py for tasks to queue
[2023-07-22T17:05:39.190-0500] {logging_mixin.py:150} INFO - [2023-07-22T17:05:39.190-0500] {dagbag.py:541} INFO - Filling up the DagBag from /Users/abhishekpatkar/Documents/Projects/af_file_loader/venv/lib/python3.11/site-packages/airflow/example_dags/example_time_delta_sensor_async.py
[2023-07-22T17:05:39.212-0500] {processor.py:836} INFO - DAG(s) dict_keys(['example_time_delta_sensor_async']) retrieved from /Users/abhishekpatkar/Documents/Projects/af_file_loader/venv/lib/python3.11/site-packages/airflow/example_dags/example_time_delta_sensor_async.py
[2023-07-22T17:05:39.948-0500] {logging_mixin.py:150} INFO - [2023-07-22T17:05:39.948-0500] {dag.py:2742} INFO - Sync 1 DAGs
[2023-07-22T17:05:39.968-0500] {logging_mixin.py:150} INFO - [2023-07-22T17:05:39.968-0500] {dag.py:3504} INFO - Setting next_dagrun for example_time_delta_sensor_async to None, run_after=None
[2023-07-22T17:05:39.988-0500] {processor.py:179} INFO - Processing /Users/abhishekpatkar/Documents/Projects/af_file_loader/venv/lib/python3.11/site-packages/airflow/example_dags/example_time_delta_sensor_async.py took 0.803 seconds
[2023-07-22T17:07:35.073-0500] {processor.py:157} INFO - Started process (PID=22405) to work on /Users/abhishekpatkar/Documents/Projects/af_file_loader/venv/lib/python3.11/site-packages/airflow/example_dags/example_time_delta_sensor_async.py
[2023-07-22T17:07:35.080-0500] {processor.py:826} INFO - Processing file /Users/abhishekpatkar/Documents/Projects/af_file_loader/venv/lib/python3.11/site-packages/airflow/example_dags/example_time_delta_sensor_async.py for tasks to queue
[2023-07-22T17:07:35.081-0500] {logging_mixin.py:150} INFO - [2023-07-22T17:07:35.081-0500] {dagbag.py:541} INFO - Filling up the DagBag from /Users/abhishekpatkar/Documents/Projects/af_file_loader/venv/lib/python3.11/site-packages/airflow/example_dags/example_time_delta_sensor_async.py
[2023-07-22T17:07:35.102-0500] {processor.py:836} INFO - DAG(s) dict_keys(['example_time_delta_sensor_async']) retrieved from /Users/abhishekpatkar/Documents/Projects/af_file_loader/venv/lib/python3.11/site-packages/airflow/example_dags/example_time_delta_sensor_async.py
[2023-07-22T17:07:35.861-0500] {logging_mixin.py:150} INFO - [2023-07-22T17:07:35.861-0500] {dag.py:2742} INFO - Sync 1 DAGs
[2023-07-22T17:07:35.880-0500] {logging_mixin.py:150} INFO - [2023-07-22T17:07:35.879-0500] {dag.py:3504} INFO - Setting next_dagrun for example_time_delta_sensor_async to None, run_after=None
[2023-07-22T17:07:35.901-0500] {processor.py:179} INFO - Processing /Users/abhishekpatkar/Documents/Projects/af_file_loader/venv/lib/python3.11/site-packages/airflow/example_dags/example_time_delta_sensor_async.py took 0.829 seconds
[2023-07-22T17:09:36.446-0500] {processor.py:157} INFO - Started process (PID=22493) to work on /Users/abhishekpatkar/Documents/Projects/af_file_loader/venv/lib/python3.11/site-packages/airflow/example_dags/example_time_delta_sensor_async.py
[2023-07-22T17:09:36.451-0500] {processor.py:826} INFO - Processing file /Users/abhishekpatkar/Documents/Projects/af_file_loader/venv/lib/python3.11/site-packages/airflow/example_dags/example_time_delta_sensor_async.py for tasks to queue
[2023-07-22T17:09:36.452-0500] {logging_mixin.py:150} INFO - [2023-07-22T17:09:36.451-0500] {dagbag.py:541} INFO - Filling up the DagBag from /Users/abhishekpatkar/Documents/Projects/af_file_loader/venv/lib/python3.11/site-packages/airflow/example_dags/example_time_delta_sensor_async.py
[2023-07-22T17:09:36.474-0500] {processor.py:836} INFO - DAG(s) dict_keys(['example_time_delta_sensor_async']) retrieved from /Users/abhishekpatkar/Documents/Projects/af_file_loader/venv/lib/python3.11/site-packages/airflow/example_dags/example_time_delta_sensor_async.py
[2023-07-22T17:09:37.205-0500] {logging_mixin.py:150} INFO - [2023-07-22T17:09:37.204-0500] {dag.py:2742} INFO - Sync 1 DAGs
[2023-07-22T17:09:37.223-0500] {logging_mixin.py:150} INFO - [2023-07-22T17:09:37.223-0500] {dag.py:3504} INFO - Setting next_dagrun for example_time_delta_sensor_async to None, run_after=None
[2023-07-22T17:09:37.243-0500] {processor.py:179} INFO - Processing /Users/abhishekpatkar/Documents/Projects/af_file_loader/venv/lib/python3.11/site-packages/airflow/example_dags/example_time_delta_sensor_async.py took 0.798 seconds
[2023-07-22T17:11:38.126-0500] {processor.py:157} INFO - Started process (PID=22569) to work on /Users/abhishekpatkar/Documents/Projects/af_file_loader/venv/lib/python3.11/site-packages/airflow/example_dags/example_time_delta_sensor_async.py
[2023-07-22T17:11:38.130-0500] {processor.py:826} INFO - Processing file /Users/abhishekpatkar/Documents/Projects/af_file_loader/venv/lib/python3.11/site-packages/airflow/example_dags/example_time_delta_sensor_async.py for tasks to queue
[2023-07-22T17:11:38.131-0500] {logging_mixin.py:150} INFO - [2023-07-22T17:11:38.130-0500] {dagbag.py:541} INFO - Filling up the DagBag from /Users/abhishekpatkar/Documents/Projects/af_file_loader/venv/lib/python3.11/site-packages/airflow/example_dags/example_time_delta_sensor_async.py
[2023-07-22T17:11:38.154-0500] {processor.py:836} INFO - DAG(s) dict_keys(['example_time_delta_sensor_async']) retrieved from /Users/abhishekpatkar/Documents/Projects/af_file_loader/venv/lib/python3.11/site-packages/airflow/example_dags/example_time_delta_sensor_async.py
[2023-07-22T17:11:38.904-0500] {logging_mixin.py:150} INFO - [2023-07-22T17:11:38.903-0500] {dag.py:2742} INFO - Sync 1 DAGs
[2023-07-22T17:11:38.920-0500] {logging_mixin.py:150} INFO - [2023-07-22T17:11:38.920-0500] {dag.py:3504} INFO - Setting next_dagrun for example_time_delta_sensor_async to None, run_after=None
[2023-07-22T17:11:38.943-0500] {processor.py:179} INFO - Processing /Users/abhishekpatkar/Documents/Projects/af_file_loader/venv/lib/python3.11/site-packages/airflow/example_dags/example_time_delta_sensor_async.py took 0.819 seconds
[2023-07-22T17:13:36.365-0500] {processor.py:157} INFO - Started process (PID=22642) to work on /Users/abhishekpatkar/Documents/Projects/af_file_loader/venv/lib/python3.11/site-packages/airflow/example_dags/example_time_delta_sensor_async.py
[2023-07-22T17:13:36.369-0500] {processor.py:826} INFO - Processing file /Users/abhishekpatkar/Documents/Projects/af_file_loader/venv/lib/python3.11/site-packages/airflow/example_dags/example_time_delta_sensor_async.py for tasks to queue
[2023-07-22T17:13:36.370-0500] {logging_mixin.py:150} INFO - [2023-07-22T17:13:36.370-0500] {dagbag.py:541} INFO - Filling up the DagBag from /Users/abhishekpatkar/Documents/Projects/af_file_loader/venv/lib/python3.11/site-packages/airflow/example_dags/example_time_delta_sensor_async.py
[2023-07-22T17:13:36.391-0500] {processor.py:836} INFO - DAG(s) dict_keys(['example_time_delta_sensor_async']) retrieved from /Users/abhishekpatkar/Documents/Projects/af_file_loader/venv/lib/python3.11/site-packages/airflow/example_dags/example_time_delta_sensor_async.py
[2023-07-22T17:13:37.136-0500] {logging_mixin.py:150} INFO - [2023-07-22T17:13:37.135-0500] {dag.py:2742} INFO - Sync 1 DAGs
[2023-07-22T17:13:37.154-0500] {logging_mixin.py:150} INFO - [2023-07-22T17:13:37.153-0500] {dag.py:3504} INFO - Setting next_dagrun for example_time_delta_sensor_async to None, run_after=None
[2023-07-22T17:13:37.172-0500] {processor.py:179} INFO - Processing /Users/abhishekpatkar/Documents/Projects/af_file_loader/venv/lib/python3.11/site-packages/airflow/example_dags/example_time_delta_sensor_async.py took 0.808 seconds
[2023-07-22T17:15:35.998-0500] {processor.py:157} INFO - Started process (PID=22717) to work on /Users/abhishekpatkar/Documents/Projects/af_file_loader/venv/lib/python3.11/site-packages/airflow/example_dags/example_time_delta_sensor_async.py
[2023-07-22T17:15:36.003-0500] {processor.py:826} INFO - Processing file /Users/abhishekpatkar/Documents/Projects/af_file_loader/venv/lib/python3.11/site-packages/airflow/example_dags/example_time_delta_sensor_async.py for tasks to queue
[2023-07-22T17:15:36.004-0500] {logging_mixin.py:150} INFO - [2023-07-22T17:15:36.004-0500] {dagbag.py:541} INFO - Filling up the DagBag from /Users/abhishekpatkar/Documents/Projects/af_file_loader/venv/lib/python3.11/site-packages/airflow/example_dags/example_time_delta_sensor_async.py
[2023-07-22T17:15:36.026-0500] {processor.py:836} INFO - DAG(s) dict_keys(['example_time_delta_sensor_async']) retrieved from /Users/abhishekpatkar/Documents/Projects/af_file_loader/venv/lib/python3.11/site-packages/airflow/example_dags/example_time_delta_sensor_async.py
[2023-07-22T17:15:36.821-0500] {logging_mixin.py:150} INFO - [2023-07-22T17:15:36.820-0500] {dag.py:2742} INFO - Sync 1 DAGs
[2023-07-22T17:15:36.843-0500] {logging_mixin.py:150} INFO - [2023-07-22T17:15:36.843-0500] {dag.py:3504} INFO - Setting next_dagrun for example_time_delta_sensor_async to None, run_after=None
[2023-07-22T17:15:36.865-0500] {processor.py:179} INFO - Processing /Users/abhishekpatkar/Documents/Projects/af_file_loader/venv/lib/python3.11/site-packages/airflow/example_dags/example_time_delta_sensor_async.py took 0.868 seconds
[2023-07-22T17:17:56.591-0500] {processor.py:157} INFO - Started process (PID=22825) to work on /Users/abhishekpatkar/Documents/Projects/af_file_loader/venv/lib/python3.11/site-packages/airflow/example_dags/example_time_delta_sensor_async.py
[2023-07-22T17:17:56.597-0500] {processor.py:826} INFO - Processing file /Users/abhishekpatkar/Documents/Projects/af_file_loader/venv/lib/python3.11/site-packages/airflow/example_dags/example_time_delta_sensor_async.py for tasks to queue
[2023-07-22T17:17:56.597-0500] {logging_mixin.py:150} INFO - [2023-07-22T17:17:56.597-0500] {dagbag.py:541} INFO - Filling up the DagBag from /Users/abhishekpatkar/Documents/Projects/af_file_loader/venv/lib/python3.11/site-packages/airflow/example_dags/example_time_delta_sensor_async.py
[2023-07-22T17:17:56.634-0500] {processor.py:836} INFO - DAG(s) dict_keys(['example_time_delta_sensor_async']) retrieved from /Users/abhishekpatkar/Documents/Projects/af_file_loader/venv/lib/python3.11/site-packages/airflow/example_dags/example_time_delta_sensor_async.py
[2023-07-22T17:17:57.565-0500] {logging_mixin.py:150} INFO - [2023-07-22T17:17:57.565-0500] {dag.py:2742} INFO - Sync 1 DAGs
[2023-07-22T17:17:57.582-0500] {logging_mixin.py:150} INFO - [2023-07-22T17:17:57.582-0500] {dag.py:3504} INFO - Setting next_dagrun for example_time_delta_sensor_async to None, run_after=None
[2023-07-22T17:17:57.611-0500] {processor.py:179} INFO - Processing /Users/abhishekpatkar/Documents/Projects/af_file_loader/venv/lib/python3.11/site-packages/airflow/example_dags/example_time_delta_sensor_async.py took 1.021 seconds
[2023-07-22T17:20:27.071-0500] {processor.py:157} INFO - Started process (PID=22952) to work on /Users/abhishekpatkar/Documents/Projects/af_file_loader/venv/lib/python3.11/site-packages/airflow/example_dags/example_time_delta_sensor_async.py
[2023-07-22T17:20:27.076-0500] {processor.py:826} INFO - Processing file /Users/abhishekpatkar/Documents/Projects/af_file_loader/venv/lib/python3.11/site-packages/airflow/example_dags/example_time_delta_sensor_async.py for tasks to queue
[2023-07-22T17:20:27.076-0500] {logging_mixin.py:150} INFO - [2023-07-22T17:20:27.076-0500] {dagbag.py:541} INFO - Filling up the DagBag from /Users/abhishekpatkar/Documents/Projects/af_file_loader/venv/lib/python3.11/site-packages/airflow/example_dags/example_time_delta_sensor_async.py
[2023-07-22T17:20:27.099-0500] {processor.py:836} INFO - DAG(s) dict_keys(['example_time_delta_sensor_async']) retrieved from /Users/abhishekpatkar/Documents/Projects/af_file_loader/venv/lib/python3.11/site-packages/airflow/example_dags/example_time_delta_sensor_async.py
[2023-07-22T17:20:27.901-0500] {logging_mixin.py:150} INFO - [2023-07-22T17:20:27.900-0500] {dag.py:2742} INFO - Sync 1 DAGs
[2023-07-22T17:20:27.923-0500] {logging_mixin.py:150} INFO - [2023-07-22T17:20:27.922-0500] {dag.py:3504} INFO - Setting next_dagrun for example_time_delta_sensor_async to None, run_after=None
[2023-07-22T17:20:27.946-0500] {processor.py:179} INFO - Processing /Users/abhishekpatkar/Documents/Projects/af_file_loader/venv/lib/python3.11/site-packages/airflow/example_dags/example_time_delta_sensor_async.py took 0.876 seconds
[2023-07-22T17:22:27.922-0500] {processor.py:157} INFO - Started process (PID=23032) to work on /Users/abhishekpatkar/Documents/Projects/af_file_loader/venv/lib/python3.11/site-packages/airflow/example_dags/example_time_delta_sensor_async.py
[2023-07-22T17:22:27.926-0500] {processor.py:826} INFO - Processing file /Users/abhishekpatkar/Documents/Projects/af_file_loader/venv/lib/python3.11/site-packages/airflow/example_dags/example_time_delta_sensor_async.py for tasks to queue
[2023-07-22T17:22:27.927-0500] {logging_mixin.py:150} INFO - [2023-07-22T17:22:27.926-0500] {dagbag.py:541} INFO - Filling up the DagBag from /Users/abhishekpatkar/Documents/Projects/af_file_loader/venv/lib/python3.11/site-packages/airflow/example_dags/example_time_delta_sensor_async.py
[2023-07-22T17:22:27.949-0500] {processor.py:836} INFO - DAG(s) dict_keys(['example_time_delta_sensor_async']) retrieved from /Users/abhishekpatkar/Documents/Projects/af_file_loader/venv/lib/python3.11/site-packages/airflow/example_dags/example_time_delta_sensor_async.py
[2023-07-22T17:22:28.709-0500] {logging_mixin.py:150} INFO - [2023-07-22T17:22:28.709-0500] {dag.py:2742} INFO - Sync 1 DAGs
[2023-07-22T17:22:28.727-0500] {logging_mixin.py:150} INFO - [2023-07-22T17:22:28.727-0500] {dag.py:3504} INFO - Setting next_dagrun for example_time_delta_sensor_async to None, run_after=None
[2023-07-22T17:22:28.750-0500] {processor.py:179} INFO - Processing /Users/abhishekpatkar/Documents/Projects/af_file_loader/venv/lib/python3.11/site-packages/airflow/example_dags/example_time_delta_sensor_async.py took 0.828 seconds
[2023-07-22T17:27:12.806-0500] {processor.py:157} INFO - Started process (PID=23220) to work on /Users/abhishekpatkar/Documents/Projects/af_file_loader/venv/lib/python3.11/site-packages/airflow/example_dags/example_time_delta_sensor_async.py
[2023-07-22T17:27:12.816-0500] {processor.py:826} INFO - Processing file /Users/abhishekpatkar/Documents/Projects/af_file_loader/venv/lib/python3.11/site-packages/airflow/example_dags/example_time_delta_sensor_async.py for tasks to queue
[2023-07-22T17:27:12.816-0500] {logging_mixin.py:150} INFO - [2023-07-22T17:27:12.816-0500] {dagbag.py:541} INFO - Filling up the DagBag from /Users/abhishekpatkar/Documents/Projects/af_file_loader/venv/lib/python3.11/site-packages/airflow/example_dags/example_time_delta_sensor_async.py
[2023-07-22T17:27:12.916-0500] {processor.py:836} INFO - DAG(s) dict_keys(['example_time_delta_sensor_async']) retrieved from /Users/abhishekpatkar/Documents/Projects/af_file_loader/venv/lib/python3.11/site-packages/airflow/example_dags/example_time_delta_sensor_async.py
[2023-07-22T17:27:17.102-0500] {logging_mixin.py:150} INFO - [2023-07-22T17:27:17.101-0500] {dag.py:2742} INFO - Sync 1 DAGs
[2023-07-22T17:27:17.138-0500] {logging_mixin.py:150} INFO - [2023-07-22T17:27:17.137-0500] {dag.py:3504} INFO - Setting next_dagrun for example_time_delta_sensor_async to None, run_after=None
[2023-07-22T17:27:17.209-0500] {processor.py:179} INFO - Processing /Users/abhishekpatkar/Documents/Projects/af_file_loader/venv/lib/python3.11/site-packages/airflow/example_dags/example_time_delta_sensor_async.py took 4.403 seconds
[2023-07-22T17:30:51.309-0500] {processor.py:157} INFO - Started process (PID=23377) to work on /Users/abhishekpatkar/Documents/Projects/af_file_loader/venv/lib/python3.11/site-packages/airflow/example_dags/example_time_delta_sensor_async.py
[2023-07-22T17:30:51.314-0500] {processor.py:826} INFO - Processing file /Users/abhishekpatkar/Documents/Projects/af_file_loader/venv/lib/python3.11/site-packages/airflow/example_dags/example_time_delta_sensor_async.py for tasks to queue
[2023-07-22T17:30:51.314-0500] {logging_mixin.py:150} INFO - [2023-07-22T17:30:51.314-0500] {dagbag.py:541} INFO - Filling up the DagBag from /Users/abhishekpatkar/Documents/Projects/af_file_loader/venv/lib/python3.11/site-packages/airflow/example_dags/example_time_delta_sensor_async.py
[2023-07-22T17:30:51.334-0500] {processor.py:836} INFO - DAG(s) dict_keys(['example_time_delta_sensor_async']) retrieved from /Users/abhishekpatkar/Documents/Projects/af_file_loader/venv/lib/python3.11/site-packages/airflow/example_dags/example_time_delta_sensor_async.py
[2023-07-22T17:30:52.166-0500] {logging_mixin.py:150} INFO - [2023-07-22T17:30:52.166-0500] {dag.py:2742} INFO - Sync 1 DAGs
[2023-07-22T17:30:52.191-0500] {logging_mixin.py:150} INFO - [2023-07-22T17:30:52.191-0500] {dag.py:3504} INFO - Setting next_dagrun for example_time_delta_sensor_async to None, run_after=None
[2023-07-22T17:30:52.212-0500] {processor.py:179} INFO - Processing /Users/abhishekpatkar/Documents/Projects/af_file_loader/venv/lib/python3.11/site-packages/airflow/example_dags/example_time_delta_sensor_async.py took 0.904 seconds
[2023-07-22T17:33:00.317-0500] {processor.py:157} INFO - Started process (PID=23461) to work on /Users/abhishekpatkar/Documents/Projects/af_file_loader/venv/lib/python3.11/site-packages/airflow/example_dags/example_time_delta_sensor_async.py
[2023-07-22T17:33:00.322-0500] {processor.py:826} INFO - Processing file /Users/abhishekpatkar/Documents/Projects/af_file_loader/venv/lib/python3.11/site-packages/airflow/example_dags/example_time_delta_sensor_async.py for tasks to queue
[2023-07-22T17:33:00.323-0500] {logging_mixin.py:150} INFO - [2023-07-22T17:33:00.323-0500] {dagbag.py:541} INFO - Filling up the DagBag from /Users/abhishekpatkar/Documents/Projects/af_file_loader/venv/lib/python3.11/site-packages/airflow/example_dags/example_time_delta_sensor_async.py
[2023-07-22T17:33:00.341-0500] {processor.py:836} INFO - DAG(s) dict_keys(['example_time_delta_sensor_async']) retrieved from /Users/abhishekpatkar/Documents/Projects/af_file_loader/venv/lib/python3.11/site-packages/airflow/example_dags/example_time_delta_sensor_async.py
[2023-07-22T17:33:01.013-0500] {logging_mixin.py:150} INFO - [2023-07-22T17:33:01.013-0500] {dag.py:2742} INFO - Sync 1 DAGs
[2023-07-22T17:33:01.029-0500] {logging_mixin.py:150} INFO - [2023-07-22T17:33:01.028-0500] {dag.py:3504} INFO - Setting next_dagrun for example_time_delta_sensor_async to None, run_after=None
[2023-07-22T17:33:01.049-0500] {processor.py:179} INFO - Processing /Users/abhishekpatkar/Documents/Projects/af_file_loader/venv/lib/python3.11/site-packages/airflow/example_dags/example_time_delta_sensor_async.py took 0.733 seconds
[2023-07-22T17:34:56.189-0500] {processor.py:157} INFO - Started process (PID=23532) to work on /Users/abhishekpatkar/Documents/Projects/af_file_loader/venv/lib/python3.11/site-packages/airflow/example_dags/example_time_delta_sensor_async.py
[2023-07-22T17:34:56.195-0500] {processor.py:826} INFO - Processing file /Users/abhishekpatkar/Documents/Projects/af_file_loader/venv/lib/python3.11/site-packages/airflow/example_dags/example_time_delta_sensor_async.py for tasks to queue
[2023-07-22T17:34:56.195-0500] {logging_mixin.py:150} INFO - [2023-07-22T17:34:56.195-0500] {dagbag.py:541} INFO - Filling up the DagBag from /Users/abhishekpatkar/Documents/Projects/af_file_loader/venv/lib/python3.11/site-packages/airflow/example_dags/example_time_delta_sensor_async.py
[2023-07-22T17:34:56.226-0500] {processor.py:836} INFO - DAG(s) dict_keys(['example_time_delta_sensor_async']) retrieved from /Users/abhishekpatkar/Documents/Projects/af_file_loader/venv/lib/python3.11/site-packages/airflow/example_dags/example_time_delta_sensor_async.py
[2023-07-22T17:34:57.242-0500] {logging_mixin.py:150} INFO - [2023-07-22T17:34:57.242-0500] {dag.py:2742} INFO - Sync 1 DAGs
[2023-07-22T17:34:57.263-0500] {logging_mixin.py:150} INFO - [2023-07-22T17:34:57.263-0500] {dag.py:3504} INFO - Setting next_dagrun for example_time_delta_sensor_async to None, run_after=None
[2023-07-22T17:34:57.289-0500] {processor.py:179} INFO - Processing /Users/abhishekpatkar/Documents/Projects/af_file_loader/venv/lib/python3.11/site-packages/airflow/example_dags/example_time_delta_sensor_async.py took 1.101 seconds
[2023-07-22T17:37:50.319-0500] {processor.py:157} INFO - Started process (PID=23657) to work on /Users/abhishekpatkar/Documents/Projects/af_file_loader/venv/lib/python3.11/site-packages/airflow/example_dags/example_time_delta_sensor_async.py
[2023-07-22T17:37:50.324-0500] {processor.py:826} INFO - Processing file /Users/abhishekpatkar/Documents/Projects/af_file_loader/venv/lib/python3.11/site-packages/airflow/example_dags/example_time_delta_sensor_async.py for tasks to queue
[2023-07-22T17:37:50.325-0500] {logging_mixin.py:150} INFO - [2023-07-22T17:37:50.325-0500] {dagbag.py:541} INFO - Filling up the DagBag from /Users/abhishekpatkar/Documents/Projects/af_file_loader/venv/lib/python3.11/site-packages/airflow/example_dags/example_time_delta_sensor_async.py
[2023-07-22T17:37:50.345-0500] {processor.py:836} INFO - DAG(s) dict_keys(['example_time_delta_sensor_async']) retrieved from /Users/abhishekpatkar/Documents/Projects/af_file_loader/venv/lib/python3.11/site-packages/airflow/example_dags/example_time_delta_sensor_async.py
[2023-07-22T17:37:51.128-0500] {logging_mixin.py:150} INFO - [2023-07-22T17:37:51.128-0500] {dag.py:2742} INFO - Sync 1 DAGs
[2023-07-22T17:37:51.145-0500] {logging_mixin.py:150} INFO - [2023-07-22T17:37:51.144-0500] {dag.py:3504} INFO - Setting next_dagrun for example_time_delta_sensor_async to None, run_after=None
[2023-07-22T17:37:51.165-0500] {processor.py:179} INFO - Processing /Users/abhishekpatkar/Documents/Projects/af_file_loader/venv/lib/python3.11/site-packages/airflow/example_dags/example_time_delta_sensor_async.py took 0.847 seconds
[2023-07-22T17:43:39.682-0500] {processor.py:157} INFO - Started process (PID=23875) to work on /Users/abhishekpatkar/Documents/Projects/af_file_loader/venv/lib/python3.11/site-packages/airflow/example_dags/example_time_delta_sensor_async.py
[2023-07-22T17:43:39.702-0500] {processor.py:826} INFO - Processing file /Users/abhishekpatkar/Documents/Projects/af_file_loader/venv/lib/python3.11/site-packages/airflow/example_dags/example_time_delta_sensor_async.py for tasks to queue
[2023-07-22T17:43:39.706-0500] {logging_mixin.py:150} INFO - [2023-07-22T17:43:39.706-0500] {dagbag.py:541} INFO - Filling up the DagBag from /Users/abhishekpatkar/Documents/Projects/af_file_loader/venv/lib/python3.11/site-packages/airflow/example_dags/example_time_delta_sensor_async.py
[2023-07-22T17:43:39.968-0500] {processor.py:836} INFO - DAG(s) dict_keys(['example_time_delta_sensor_async']) retrieved from /Users/abhishekpatkar/Documents/Projects/af_file_loader/venv/lib/python3.11/site-packages/airflow/example_dags/example_time_delta_sensor_async.py
[2023-07-22T17:43:45.737-0500] {logging_mixin.py:150} INFO - [2023-07-22T17:43:45.734-0500] {dag.py:2742} INFO - Sync 1 DAGs
[2023-07-22T17:43:45.835-0500] {logging_mixin.py:150} INFO - [2023-07-22T17:43:45.834-0500] {dag.py:3504} INFO - Setting next_dagrun for example_time_delta_sensor_async to None, run_after=None
[2023-07-22T17:43:45.899-0500] {processor.py:179} INFO - Processing /Users/abhishekpatkar/Documents/Projects/af_file_loader/venv/lib/python3.11/site-packages/airflow/example_dags/example_time_delta_sensor_async.py took 6.218 seconds
[2023-07-22T17:51:41.856-0500] {processor.py:157} INFO - Started process (PID=24266) to work on /Users/abhishekpatkar/Documents/Projects/af_file_loader/venv/lib/python3.11/site-packages/airflow/example_dags/example_time_delta_sensor_async.py
[2023-07-22T17:51:41.861-0500] {processor.py:826} INFO - Processing file /Users/abhishekpatkar/Documents/Projects/af_file_loader/venv/lib/python3.11/site-packages/airflow/example_dags/example_time_delta_sensor_async.py for tasks to queue
[2023-07-22T17:51:41.862-0500] {logging_mixin.py:150} INFO - [2023-07-22T17:51:41.862-0500] {dagbag.py:541} INFO - Filling up the DagBag from /Users/abhishekpatkar/Documents/Projects/af_file_loader/venv/lib/python3.11/site-packages/airflow/example_dags/example_time_delta_sensor_async.py
[2023-07-22T17:51:41.967-0500] {processor.py:836} INFO - DAG(s) dict_keys(['example_time_delta_sensor_async']) retrieved from /Users/abhishekpatkar/Documents/Projects/af_file_loader/venv/lib/python3.11/site-packages/airflow/example_dags/example_time_delta_sensor_async.py
[2023-07-22T17:51:43.991-0500] {logging_mixin.py:150} INFO - [2023-07-22T17:51:43.990-0500] {dag.py:2742} INFO - Sync 1 DAGs
[2023-07-22T17:51:44.096-0500] {logging_mixin.py:150} INFO - [2023-07-22T17:51:44.096-0500] {dag.py:3504} INFO - Setting next_dagrun for example_time_delta_sensor_async to None, run_after=None
[2023-07-22T17:51:44.129-0500] {processor.py:179} INFO - Processing /Users/abhishekpatkar/Documents/Projects/af_file_loader/venv/lib/python3.11/site-packages/airflow/example_dags/example_time_delta_sensor_async.py took 2.273 seconds
[2023-07-22T17:56:56.280-0500] {processor.py:157} INFO - Started process (PID=24526) to work on /Users/abhishekpatkar/Documents/Projects/af_file_loader/venv/lib/python3.11/site-packages/airflow/example_dags/example_time_delta_sensor_async.py
[2023-07-22T17:56:56.284-0500] {processor.py:826} INFO - Processing file /Users/abhishekpatkar/Documents/Projects/af_file_loader/venv/lib/python3.11/site-packages/airflow/example_dags/example_time_delta_sensor_async.py for tasks to queue
[2023-07-22T17:56:56.286-0500] {logging_mixin.py:150} INFO - [2023-07-22T17:56:56.285-0500] {dagbag.py:541} INFO - Filling up the DagBag from /Users/abhishekpatkar/Documents/Projects/af_file_loader/venv/lib/python3.11/site-packages/airflow/example_dags/example_time_delta_sensor_async.py
[2023-07-22T17:56:56.368-0500] {processor.py:836} INFO - DAG(s) dict_keys(['example_time_delta_sensor_async']) retrieved from /Users/abhishekpatkar/Documents/Projects/af_file_loader/venv/lib/python3.11/site-packages/airflow/example_dags/example_time_delta_sensor_async.py
[2023-07-22T17:56:57.888-0500] {logging_mixin.py:150} INFO - [2023-07-22T17:56:57.887-0500] {dag.py:2742} INFO - Sync 1 DAGs
[2023-07-22T17:56:58.022-0500] {logging_mixin.py:150} INFO - [2023-07-22T17:56:57.931-0500] {dag.py:3504} INFO - Setting next_dagrun for example_time_delta_sensor_async to None, run_after=None
[2023-07-22T17:56:58.116-0500] {processor.py:179} INFO - Processing /Users/abhishekpatkar/Documents/Projects/af_file_loader/venv/lib/python3.11/site-packages/airflow/example_dags/example_time_delta_sensor_async.py took 1.837 seconds
[2023-07-22T18:01:05.035-0500] {processor.py:157} INFO - Started process (PID=24707) to work on /Users/abhishekpatkar/Documents/Projects/af_file_loader/venv/lib/python3.11/site-packages/airflow/example_dags/example_time_delta_sensor_async.py
[2023-07-22T18:01:05.039-0500] {processor.py:826} INFO - Processing file /Users/abhishekpatkar/Documents/Projects/af_file_loader/venv/lib/python3.11/site-packages/airflow/example_dags/example_time_delta_sensor_async.py for tasks to queue
[2023-07-22T18:01:05.040-0500] {logging_mixin.py:150} INFO - [2023-07-22T18:01:05.040-0500] {dagbag.py:541} INFO - Filling up the DagBag from /Users/abhishekpatkar/Documents/Projects/af_file_loader/venv/lib/python3.11/site-packages/airflow/example_dags/example_time_delta_sensor_async.py
[2023-07-22T18:01:05.101-0500] {processor.py:836} INFO - DAG(s) dict_keys(['example_time_delta_sensor_async']) retrieved from /Users/abhishekpatkar/Documents/Projects/af_file_loader/venv/lib/python3.11/site-packages/airflow/example_dags/example_time_delta_sensor_async.py
[2023-07-22T18:01:05.996-0500] {logging_mixin.py:150} INFO - [2023-07-22T18:01:05.995-0500] {dag.py:2742} INFO - Sync 1 DAGs
[2023-07-22T18:01:06.014-0500] {logging_mixin.py:150} INFO - [2023-07-22T18:01:06.013-0500] {dag.py:3504} INFO - Setting next_dagrun for example_time_delta_sensor_async to None, run_after=None
[2023-07-22T18:01:06.035-0500] {processor.py:179} INFO - Processing /Users/abhishekpatkar/Documents/Projects/af_file_loader/venv/lib/python3.11/site-packages/airflow/example_dags/example_time_delta_sensor_async.py took 1.001 seconds
[2023-07-22T18:05:07.311-0500] {processor.py:157} INFO - Started process (PID=24847) to work on /Users/abhishekpatkar/Documents/Projects/af_file_loader/venv/lib/python3.11/site-packages/airflow/example_dags/example_time_delta_sensor_async.py
[2023-07-22T18:05:07.316-0500] {processor.py:826} INFO - Processing file /Users/abhishekpatkar/Documents/Projects/af_file_loader/venv/lib/python3.11/site-packages/airflow/example_dags/example_time_delta_sensor_async.py for tasks to queue
[2023-07-22T18:05:07.316-0500] {logging_mixin.py:150} INFO - [2023-07-22T18:05:07.316-0500] {dagbag.py:541} INFO - Filling up the DagBag from /Users/abhishekpatkar/Documents/Projects/af_file_loader/venv/lib/python3.11/site-packages/airflow/example_dags/example_time_delta_sensor_async.py
[2023-07-22T18:05:07.370-0500] {processor.py:836} INFO - DAG(s) dict_keys(['example_time_delta_sensor_async']) retrieved from /Users/abhishekpatkar/Documents/Projects/af_file_loader/venv/lib/python3.11/site-packages/airflow/example_dags/example_time_delta_sensor_async.py
[2023-07-22T18:05:08.475-0500] {logging_mixin.py:150} INFO - [2023-07-22T18:05:08.474-0500] {dag.py:2742} INFO - Sync 1 DAGs
[2023-07-22T18:05:08.495-0500] {logging_mixin.py:150} INFO - [2023-07-22T18:05:08.495-0500] {dag.py:3504} INFO - Setting next_dagrun for example_time_delta_sensor_async to None, run_after=None
[2023-07-22T18:05:08.522-0500] {processor.py:179} INFO - Processing /Users/abhishekpatkar/Documents/Projects/af_file_loader/venv/lib/python3.11/site-packages/airflow/example_dags/example_time_delta_sensor_async.py took 1.212 seconds
[2023-07-22T18:08:06.728-0500] {processor.py:157} INFO - Started process (PID=24948) to work on /Users/abhishekpatkar/Documents/Projects/af_file_loader/venv/lib/python3.11/site-packages/airflow/example_dags/example_time_delta_sensor_async.py
[2023-07-22T18:08:06.732-0500] {processor.py:826} INFO - Processing file /Users/abhishekpatkar/Documents/Projects/af_file_loader/venv/lib/python3.11/site-packages/airflow/example_dags/example_time_delta_sensor_async.py for tasks to queue
[2023-07-22T18:08:06.732-0500] {logging_mixin.py:150} INFO - [2023-07-22T18:08:06.732-0500] {dagbag.py:541} INFO - Filling up the DagBag from /Users/abhishekpatkar/Documents/Projects/af_file_loader/venv/lib/python3.11/site-packages/airflow/example_dags/example_time_delta_sensor_async.py
[2023-07-22T18:08:06.793-0500] {processor.py:836} INFO - DAG(s) dict_keys(['example_time_delta_sensor_async']) retrieved from /Users/abhishekpatkar/Documents/Projects/af_file_loader/venv/lib/python3.11/site-packages/airflow/example_dags/example_time_delta_sensor_async.py
[2023-07-22T18:08:08.506-0500] {logging_mixin.py:150} INFO - [2023-07-22T18:08:08.505-0500] {dag.py:2742} INFO - Sync 1 DAGs
[2023-07-22T18:08:08.579-0500] {logging_mixin.py:150} INFO - [2023-07-22T18:08:08.579-0500] {dag.py:3504} INFO - Setting next_dagrun for example_time_delta_sensor_async to None, run_after=None
[2023-07-22T18:08:08.603-0500] {processor.py:179} INFO - Processing /Users/abhishekpatkar/Documents/Projects/af_file_loader/venv/lib/python3.11/site-packages/airflow/example_dags/example_time_delta_sensor_async.py took 1.876 seconds
