[2023-07-22T14:51:17.398-0500] {processor.py:157} INFO - Started process (PID=16600) to work on /Users/abhishekpatkar/Documents/Projects/af_file_loader/venv/lib/python3.11/site-packages/airflow/example_dags/example_setup_teardown.py
[2023-07-22T14:51:17.402-0500] {processor.py:826} INFO - Processing file /Users/abhishekpatkar/Documents/Projects/af_file_loader/venv/lib/python3.11/site-packages/airflow/example_dags/example_setup_teardown.py for tasks to queue
[2023-07-22T14:51:17.403-0500] {logging_mixin.py:150} INFO - [2023-07-22T14:51:17.403-0500] {dagbag.py:541} INFO - Filling up the DagBag from /Users/abhishekpatkar/Documents/Projects/af_file_loader/venv/lib/python3.11/site-packages/airflow/example_dags/example_setup_teardown.py
[2023-07-22T14:51:17.407-0500] {processor.py:838} WARNING - No viable dags retrieved from /Users/abhishekpatkar/Documents/Projects/af_file_loader/venv/lib/python3.11/site-packages/airflow/example_dags/example_setup_teardown.py
[2023-07-22T14:51:18.278-0500] {processor.py:179} INFO - Processing /Users/abhishekpatkar/Documents/Projects/af_file_loader/venv/lib/python3.11/site-packages/airflow/example_dags/example_setup_teardown.py took 0.881 seconds
[2023-07-22T14:54:44.295-0500] {processor.py:157} INFO - Started process (PID=16827) to work on /Users/abhishekpatkar/Documents/Projects/af_file_loader/venv/lib/python3.11/site-packages/airflow/example_dags/example_setup_teardown.py
[2023-07-22T14:54:44.302-0500] {processor.py:826} INFO - Processing file /Users/abhishekpatkar/Documents/Projects/af_file_loader/venv/lib/python3.11/site-packages/airflow/example_dags/example_setup_teardown.py for tasks to queue
[2023-07-22T14:54:44.303-0500] {logging_mixin.py:150} INFO - [2023-07-22T14:54:44.302-0500] {dagbag.py:541} INFO - Filling up the DagBag from /Users/abhishekpatkar/Documents/Projects/af_file_loader/venv/lib/python3.11/site-packages/airflow/example_dags/example_setup_teardown.py
[2023-07-22T14:54:44.315-0500] {processor.py:838} WARNING - No viable dags retrieved from /Users/abhishekpatkar/Documents/Projects/af_file_loader/venv/lib/python3.11/site-packages/airflow/example_dags/example_setup_teardown.py
[2023-07-22T14:54:45.387-0500] {processor.py:179} INFO - Processing /Users/abhishekpatkar/Documents/Projects/af_file_loader/venv/lib/python3.11/site-packages/airflow/example_dags/example_setup_teardown.py took 1.093 seconds
[2023-07-22T14:57:23.423-0500] {processor.py:157} INFO - Started process (PID=16977) to work on /Users/abhishekpatkar/Documents/Projects/af_file_loader/venv/lib/python3.11/site-packages/airflow/example_dags/example_setup_teardown.py
[2023-07-22T14:57:23.431-0500] {processor.py:826} INFO - Processing file /Users/abhishekpatkar/Documents/Projects/af_file_loader/venv/lib/python3.11/site-packages/airflow/example_dags/example_setup_teardown.py for tasks to queue
[2023-07-22T14:57:23.431-0500] {logging_mixin.py:150} INFO - [2023-07-22T14:57:23.431-0500] {dagbag.py:541} INFO - Filling up the DagBag from /Users/abhishekpatkar/Documents/Projects/af_file_loader/venv/lib/python3.11/site-packages/airflow/example_dags/example_setup_teardown.py
[2023-07-22T14:57:23.436-0500] {processor.py:838} WARNING - No viable dags retrieved from /Users/abhishekpatkar/Documents/Projects/af_file_loader/venv/lib/python3.11/site-packages/airflow/example_dags/example_setup_teardown.py
[2023-07-22T14:57:24.779-0500] {processor.py:179} INFO - Processing /Users/abhishekpatkar/Documents/Projects/af_file_loader/venv/lib/python3.11/site-packages/airflow/example_dags/example_setup_teardown.py took 1.358 seconds
[2023-07-22T14:59:42.733-0500] {processor.py:157} INFO - Started process (PID=17066) to work on /Users/abhishekpatkar/Documents/Projects/af_file_loader/venv/lib/python3.11/site-packages/airflow/example_dags/example_setup_teardown.py
[2023-07-22T14:59:42.737-0500] {processor.py:826} INFO - Processing file /Users/abhishekpatkar/Documents/Projects/af_file_loader/venv/lib/python3.11/site-packages/airflow/example_dags/example_setup_teardown.py for tasks to queue
[2023-07-22T14:59:42.738-0500] {logging_mixin.py:150} INFO - [2023-07-22T14:59:42.738-0500] {dagbag.py:541} INFO - Filling up the DagBag from /Users/abhishekpatkar/Documents/Projects/af_file_loader/venv/lib/python3.11/site-packages/airflow/example_dags/example_setup_teardown.py
[2023-07-22T14:59:42.743-0500] {processor.py:838} WARNING - No viable dags retrieved from /Users/abhishekpatkar/Documents/Projects/af_file_loader/venv/lib/python3.11/site-packages/airflow/example_dags/example_setup_teardown.py
[2023-07-22T14:59:43.397-0500] {processor.py:179} INFO - Processing /Users/abhishekpatkar/Documents/Projects/af_file_loader/venv/lib/python3.11/site-packages/airflow/example_dags/example_setup_teardown.py took 0.665 seconds
[2023-07-22T15:02:08.577-0500] {processor.py:157} INFO - Started process (PID=17209) to work on /Users/abhishekpatkar/Documents/Projects/af_file_loader/venv/lib/python3.11/site-packages/airflow/example_dags/example_setup_teardown.py
[2023-07-22T15:02:08.582-0500] {processor.py:826} INFO - Processing file /Users/abhishekpatkar/Documents/Projects/af_file_loader/venv/lib/python3.11/site-packages/airflow/example_dags/example_setup_teardown.py for tasks to queue
[2023-07-22T15:02:08.584-0500] {logging_mixin.py:150} INFO - [2023-07-22T15:02:08.584-0500] {dagbag.py:541} INFO - Filling up the DagBag from /Users/abhishekpatkar/Documents/Projects/af_file_loader/venv/lib/python3.11/site-packages/airflow/example_dags/example_setup_teardown.py
[2023-07-22T15:02:08.589-0500] {processor.py:838} WARNING - No viable dags retrieved from /Users/abhishekpatkar/Documents/Projects/af_file_loader/venv/lib/python3.11/site-packages/airflow/example_dags/example_setup_teardown.py
[2023-07-22T15:02:09.402-0500] {processor.py:179} INFO - Processing /Users/abhishekpatkar/Documents/Projects/af_file_loader/venv/lib/python3.11/site-packages/airflow/example_dags/example_setup_teardown.py took 0.826 seconds
[2023-07-22T15:04:51.376-0500] {processor.py:157} INFO - Started process (PID=17512) to work on /Users/abhishekpatkar/Documents/Projects/af_file_loader/venv/lib/python3.11/site-packages/airflow/example_dags/example_setup_teardown.py
[2023-07-22T15:04:51.384-0500] {processor.py:826} INFO - Processing file /Users/abhishekpatkar/Documents/Projects/af_file_loader/venv/lib/python3.11/site-packages/airflow/example_dags/example_setup_teardown.py for tasks to queue
[2023-07-22T15:04:51.385-0500] {logging_mixin.py:150} INFO - [2023-07-22T15:04:51.385-0500] {dagbag.py:541} INFO - Filling up the DagBag from /Users/abhishekpatkar/Documents/Projects/af_file_loader/venv/lib/python3.11/site-packages/airflow/example_dags/example_setup_teardown.py
[2023-07-22T15:04:51.392-0500] {processor.py:838} WARNING - No viable dags retrieved from /Users/abhishekpatkar/Documents/Projects/af_file_loader/venv/lib/python3.11/site-packages/airflow/example_dags/example_setup_teardown.py
[2023-07-22T15:04:52.643-0500] {processor.py:179} INFO - Processing /Users/abhishekpatkar/Documents/Projects/af_file_loader/venv/lib/python3.11/site-packages/airflow/example_dags/example_setup_teardown.py took 1.268 seconds
[2023-07-22T15:10:26.213-0500] {processor.py:157} INFO - Started process (PID=17796) to work on /Users/abhishekpatkar/Documents/Projects/af_file_loader/venv/lib/python3.11/site-packages/airflow/example_dags/example_setup_teardown.py
[2023-07-22T15:10:26.216-0500] {processor.py:826} INFO - Processing file /Users/abhishekpatkar/Documents/Projects/af_file_loader/venv/lib/python3.11/site-packages/airflow/example_dags/example_setup_teardown.py for tasks to queue
[2023-07-22T15:10:26.217-0500] {logging_mixin.py:150} INFO - [2023-07-22T15:10:26.217-0500] {dagbag.py:541} INFO - Filling up the DagBag from /Users/abhishekpatkar/Documents/Projects/af_file_loader/venv/lib/python3.11/site-packages/airflow/example_dags/example_setup_teardown.py
[2023-07-22T15:10:26.222-0500] {processor.py:838} WARNING - No viable dags retrieved from /Users/abhishekpatkar/Documents/Projects/af_file_loader/venv/lib/python3.11/site-packages/airflow/example_dags/example_setup_teardown.py
[2023-07-22T15:10:27.056-0500] {processor.py:179} INFO - Processing /Users/abhishekpatkar/Documents/Projects/af_file_loader/venv/lib/python3.11/site-packages/airflow/example_dags/example_setup_teardown.py took 0.844 seconds
[2023-07-22T15:13:20.327-0500] {processor.py:157} INFO - Started process (PID=17895) to work on /Users/abhishekpatkar/Documents/Projects/af_file_loader/venv/lib/python3.11/site-packages/airflow/example_dags/example_setup_teardown.py
[2023-07-22T15:13:20.336-0500] {processor.py:826} INFO - Processing file /Users/abhishekpatkar/Documents/Projects/af_file_loader/venv/lib/python3.11/site-packages/airflow/example_dags/example_setup_teardown.py for tasks to queue
[2023-07-22T15:13:20.337-0500] {logging_mixin.py:150} INFO - [2023-07-22T15:13:20.337-0500] {dagbag.py:541} INFO - Filling up the DagBag from /Users/abhishekpatkar/Documents/Projects/af_file_loader/venv/lib/python3.11/site-packages/airflow/example_dags/example_setup_teardown.py
[2023-07-22T15:13:20.347-0500] {processor.py:838} WARNING - No viable dags retrieved from /Users/abhishekpatkar/Documents/Projects/af_file_loader/venv/lib/python3.11/site-packages/airflow/example_dags/example_setup_teardown.py
[2023-07-22T15:13:21.348-0500] {processor.py:179} INFO - Processing /Users/abhishekpatkar/Documents/Projects/af_file_loader/venv/lib/python3.11/site-packages/airflow/example_dags/example_setup_teardown.py took 1.024 seconds
[2023-07-22T15:16:07.846-0500] {processor.py:157} INFO - Started process (PID=17986) to work on /Users/abhishekpatkar/Documents/Projects/af_file_loader/venv/lib/python3.11/site-packages/airflow/example_dags/example_setup_teardown.py
[2023-07-22T15:16:07.850-0500] {processor.py:826} INFO - Processing file /Users/abhishekpatkar/Documents/Projects/af_file_loader/venv/lib/python3.11/site-packages/airflow/example_dags/example_setup_teardown.py for tasks to queue
[2023-07-22T15:16:07.851-0500] {logging_mixin.py:150} INFO - [2023-07-22T15:16:07.851-0500] {dagbag.py:541} INFO - Filling up the DagBag from /Users/abhishekpatkar/Documents/Projects/af_file_loader/venv/lib/python3.11/site-packages/airflow/example_dags/example_setup_teardown.py
[2023-07-22T15:16:07.856-0500] {processor.py:838} WARNING - No viable dags retrieved from /Users/abhishekpatkar/Documents/Projects/af_file_loader/venv/lib/python3.11/site-packages/airflow/example_dags/example_setup_teardown.py
[2023-07-22T15:16:08.697-0500] {processor.py:179} INFO - Processing /Users/abhishekpatkar/Documents/Projects/af_file_loader/venv/lib/python3.11/site-packages/airflow/example_dags/example_setup_teardown.py took 0.853 seconds
[2023-07-22T15:19:04.758-0500] {processor.py:157} INFO - Started process (PID=18096) to work on /Users/abhishekpatkar/Documents/Projects/af_file_loader/venv/lib/python3.11/site-packages/airflow/example_dags/example_setup_teardown.py
[2023-07-22T15:19:04.762-0500] {processor.py:826} INFO - Processing file /Users/abhishekpatkar/Documents/Projects/af_file_loader/venv/lib/python3.11/site-packages/airflow/example_dags/example_setup_teardown.py for tasks to queue
[2023-07-22T15:19:04.763-0500] {logging_mixin.py:150} INFO - [2023-07-22T15:19:04.763-0500] {dagbag.py:541} INFO - Filling up the DagBag from /Users/abhishekpatkar/Documents/Projects/af_file_loader/venv/lib/python3.11/site-packages/airflow/example_dags/example_setup_teardown.py
[2023-07-22T15:19:04.770-0500] {processor.py:838} WARNING - No viable dags retrieved from /Users/abhishekpatkar/Documents/Projects/af_file_loader/venv/lib/python3.11/site-packages/airflow/example_dags/example_setup_teardown.py
[2023-07-22T15:19:05.701-0500] {processor.py:179} INFO - Processing /Users/abhishekpatkar/Documents/Projects/af_file_loader/venv/lib/python3.11/site-packages/airflow/example_dags/example_setup_teardown.py took 0.944 seconds
[2023-07-22T15:21:46.366-0500] {processor.py:157} INFO - Started process (PID=18191) to work on /Users/abhishekpatkar/Documents/Projects/af_file_loader/venv/lib/python3.11/site-packages/airflow/example_dags/example_setup_teardown.py
[2023-07-22T15:21:46.370-0500] {processor.py:826} INFO - Processing file /Users/abhishekpatkar/Documents/Projects/af_file_loader/venv/lib/python3.11/site-packages/airflow/example_dags/example_setup_teardown.py for tasks to queue
[2023-07-22T15:21:46.370-0500] {logging_mixin.py:150} INFO - [2023-07-22T15:21:46.370-0500] {dagbag.py:541} INFO - Filling up the DagBag from /Users/abhishekpatkar/Documents/Projects/af_file_loader/venv/lib/python3.11/site-packages/airflow/example_dags/example_setup_teardown.py
[2023-07-22T15:21:46.376-0500] {processor.py:838} WARNING - No viable dags retrieved from /Users/abhishekpatkar/Documents/Projects/af_file_loader/venv/lib/python3.11/site-packages/airflow/example_dags/example_setup_teardown.py
[2023-07-22T15:21:47.123-0500] {processor.py:179} INFO - Processing /Users/abhishekpatkar/Documents/Projects/af_file_loader/venv/lib/python3.11/site-packages/airflow/example_dags/example_setup_teardown.py took 0.758 seconds
[2023-07-22T15:24:01.604-0500] {processor.py:157} INFO - Started process (PID=18281) to work on /Users/abhishekpatkar/Documents/Projects/af_file_loader/venv/lib/python3.11/site-packages/airflow/example_dags/example_setup_teardown.py
[2023-07-22T15:24:01.611-0500] {processor.py:826} INFO - Processing file /Users/abhishekpatkar/Documents/Projects/af_file_loader/venv/lib/python3.11/site-packages/airflow/example_dags/example_setup_teardown.py for tasks to queue
[2023-07-22T15:24:01.612-0500] {logging_mixin.py:150} INFO - [2023-07-22T15:24:01.612-0500] {dagbag.py:541} INFO - Filling up the DagBag from /Users/abhishekpatkar/Documents/Projects/af_file_loader/venv/lib/python3.11/site-packages/airflow/example_dags/example_setup_teardown.py
[2023-07-22T15:24:01.617-0500] {processor.py:838} WARNING - No viable dags retrieved from /Users/abhishekpatkar/Documents/Projects/af_file_loader/venv/lib/python3.11/site-packages/airflow/example_dags/example_setup_teardown.py
[2023-07-22T15:24:02.223-0500] {processor.py:179} INFO - Processing /Users/abhishekpatkar/Documents/Projects/af_file_loader/venv/lib/python3.11/site-packages/airflow/example_dags/example_setup_teardown.py took 0.620 seconds
[2023-07-22T15:26:43.465-0500] {processor.py:157} INFO - Started process (PID=18459) to work on /Users/abhishekpatkar/Documents/Projects/af_file_loader/venv/lib/python3.11/site-packages/airflow/example_dags/example_setup_teardown.py
[2023-07-22T15:26:43.472-0500] {processor.py:826} INFO - Processing file /Users/abhishekpatkar/Documents/Projects/af_file_loader/venv/lib/python3.11/site-packages/airflow/example_dags/example_setup_teardown.py for tasks to queue
[2023-07-22T15:26:43.473-0500] {logging_mixin.py:150} INFO - [2023-07-22T15:26:43.473-0500] {dagbag.py:541} INFO - Filling up the DagBag from /Users/abhishekpatkar/Documents/Projects/af_file_loader/venv/lib/python3.11/site-packages/airflow/example_dags/example_setup_teardown.py
[2023-07-22T15:26:43.480-0500] {processor.py:838} WARNING - No viable dags retrieved from /Users/abhishekpatkar/Documents/Projects/af_file_loader/venv/lib/python3.11/site-packages/airflow/example_dags/example_setup_teardown.py
[2023-07-22T15:26:45.376-0500] {processor.py:179} INFO - Processing /Users/abhishekpatkar/Documents/Projects/af_file_loader/venv/lib/python3.11/site-packages/airflow/example_dags/example_setup_teardown.py took 1.912 seconds
[2023-07-22T15:30:05.780-0500] {processor.py:157} INFO - Started process (PID=18702) to work on /Users/abhishekpatkar/Documents/Projects/af_file_loader/venv/lib/python3.11/site-packages/airflow/example_dags/example_setup_teardown.py
[2023-07-22T15:30:05.788-0500] {processor.py:826} INFO - Processing file /Users/abhishekpatkar/Documents/Projects/af_file_loader/venv/lib/python3.11/site-packages/airflow/example_dags/example_setup_teardown.py for tasks to queue
[2023-07-22T15:30:05.789-0500] {logging_mixin.py:150} INFO - [2023-07-22T15:30:05.788-0500] {dagbag.py:541} INFO - Filling up the DagBag from /Users/abhishekpatkar/Documents/Projects/af_file_loader/venv/lib/python3.11/site-packages/airflow/example_dags/example_setup_teardown.py
[2023-07-22T15:30:05.798-0500] {processor.py:838} WARNING - No viable dags retrieved from /Users/abhishekpatkar/Documents/Projects/af_file_loader/venv/lib/python3.11/site-packages/airflow/example_dags/example_setup_teardown.py
[2023-07-22T15:30:06.645-0500] {processor.py:179} INFO - Processing /Users/abhishekpatkar/Documents/Projects/af_file_loader/venv/lib/python3.11/site-packages/airflow/example_dags/example_setup_teardown.py took 0.867 seconds
[2023-07-22T15:32:35.374-0500] {processor.py:157} INFO - Started process (PID=18841) to work on /Users/abhishekpatkar/Documents/Projects/af_file_loader/venv/lib/python3.11/site-packages/airflow/example_dags/example_setup_teardown.py
[2023-07-22T15:32:35.379-0500] {processor.py:826} INFO - Processing file /Users/abhishekpatkar/Documents/Projects/af_file_loader/venv/lib/python3.11/site-packages/airflow/example_dags/example_setup_teardown.py for tasks to queue
[2023-07-22T15:32:35.380-0500] {logging_mixin.py:150} INFO - [2023-07-22T15:32:35.379-0500] {dagbag.py:541} INFO - Filling up the DagBag from /Users/abhishekpatkar/Documents/Projects/af_file_loader/venv/lib/python3.11/site-packages/airflow/example_dags/example_setup_teardown.py
[2023-07-22T15:32:35.384-0500] {processor.py:838} WARNING - No viable dags retrieved from /Users/abhishekpatkar/Documents/Projects/af_file_loader/venv/lib/python3.11/site-packages/airflow/example_dags/example_setup_teardown.py
[2023-07-22T15:32:35.976-0500] {processor.py:179} INFO - Processing /Users/abhishekpatkar/Documents/Projects/af_file_loader/venv/lib/python3.11/site-packages/airflow/example_dags/example_setup_teardown.py took 0.603 seconds
[2023-07-22T15:34:31.156-0500] {processor.py:157} INFO - Started process (PID=18918) to work on /Users/abhishekpatkar/Documents/Projects/af_file_loader/venv/lib/python3.11/site-packages/airflow/example_dags/example_setup_teardown.py
[2023-07-22T15:34:31.160-0500] {processor.py:826} INFO - Processing file /Users/abhishekpatkar/Documents/Projects/af_file_loader/venv/lib/python3.11/site-packages/airflow/example_dags/example_setup_teardown.py for tasks to queue
[2023-07-22T15:34:31.161-0500] {logging_mixin.py:150} INFO - [2023-07-22T15:34:31.161-0500] {dagbag.py:541} INFO - Filling up the DagBag from /Users/abhishekpatkar/Documents/Projects/af_file_loader/venv/lib/python3.11/site-packages/airflow/example_dags/example_setup_teardown.py
[2023-07-22T15:34:31.164-0500] {processor.py:838} WARNING - No viable dags retrieved from /Users/abhishekpatkar/Documents/Projects/af_file_loader/venv/lib/python3.11/site-packages/airflow/example_dags/example_setup_teardown.py
[2023-07-22T15:34:31.756-0500] {processor.py:179} INFO - Processing /Users/abhishekpatkar/Documents/Projects/af_file_loader/venv/lib/python3.11/site-packages/airflow/example_dags/example_setup_teardown.py took 0.600 seconds
[2023-07-22T15:36:23.492-0500] {processor.py:157} INFO - Started process (PID=19084) to work on /Users/abhishekpatkar/Documents/Projects/af_file_loader/venv/lib/python3.11/site-packages/airflow/example_dags/example_setup_teardown.py
[2023-07-22T15:36:23.496-0500] {processor.py:826} INFO - Processing file /Users/abhishekpatkar/Documents/Projects/af_file_loader/venv/lib/python3.11/site-packages/airflow/example_dags/example_setup_teardown.py for tasks to queue
[2023-07-22T15:36:23.496-0500] {logging_mixin.py:150} INFO - [2023-07-22T15:36:23.496-0500] {dagbag.py:541} INFO - Filling up the DagBag from /Users/abhishekpatkar/Documents/Projects/af_file_loader/venv/lib/python3.11/site-packages/airflow/example_dags/example_setup_teardown.py
[2023-07-22T15:36:23.501-0500] {processor.py:838} WARNING - No viable dags retrieved from /Users/abhishekpatkar/Documents/Projects/af_file_loader/venv/lib/python3.11/site-packages/airflow/example_dags/example_setup_teardown.py
[2023-07-22T15:36:24.106-0500] {processor.py:179} INFO - Processing /Users/abhishekpatkar/Documents/Projects/af_file_loader/venv/lib/python3.11/site-packages/airflow/example_dags/example_setup_teardown.py took 0.615 seconds
[2023-07-22T15:48:03.678-0500] {processor.py:157} INFO - Started process (PID=19396) to work on /Users/abhishekpatkar/Documents/Projects/af_file_loader/venv/lib/python3.11/site-packages/airflow/example_dags/example_setup_teardown.py
[2023-07-22T15:48:03.683-0500] {processor.py:826} INFO - Processing file /Users/abhishekpatkar/Documents/Projects/af_file_loader/venv/lib/python3.11/site-packages/airflow/example_dags/example_setup_teardown.py for tasks to queue
[2023-07-22T15:48:03.684-0500] {logging_mixin.py:150} INFO - [2023-07-22T15:48:03.684-0500] {dagbag.py:541} INFO - Filling up the DagBag from /Users/abhishekpatkar/Documents/Projects/af_file_loader/venv/lib/python3.11/site-packages/airflow/example_dags/example_setup_teardown.py
[2023-07-22T15:48:03.689-0500] {processor.py:838} WARNING - No viable dags retrieved from /Users/abhishekpatkar/Documents/Projects/af_file_loader/venv/lib/python3.11/site-packages/airflow/example_dags/example_setup_teardown.py
[2023-07-22T15:48:04.485-0500] {processor.py:179} INFO - Processing /Users/abhishekpatkar/Documents/Projects/af_file_loader/venv/lib/python3.11/site-packages/airflow/example_dags/example_setup_teardown.py took 0.808 seconds
[2023-07-22T15:50:27.255-0500] {processor.py:157} INFO - Started process (PID=19575) to work on /Users/abhishekpatkar/Documents/Projects/af_file_loader/venv/lib/python3.11/site-packages/airflow/example_dags/example_setup_teardown.py
[2023-07-22T15:50:27.259-0500] {processor.py:826} INFO - Processing file /Users/abhishekpatkar/Documents/Projects/af_file_loader/venv/lib/python3.11/site-packages/airflow/example_dags/example_setup_teardown.py for tasks to queue
[2023-07-22T15:50:27.260-0500] {logging_mixin.py:150} INFO - [2023-07-22T15:50:27.260-0500] {dagbag.py:541} INFO - Filling up the DagBag from /Users/abhishekpatkar/Documents/Projects/af_file_loader/venv/lib/python3.11/site-packages/airflow/example_dags/example_setup_teardown.py
[2023-07-22T15:50:27.265-0500] {processor.py:838} WARNING - No viable dags retrieved from /Users/abhishekpatkar/Documents/Projects/af_file_loader/venv/lib/python3.11/site-packages/airflow/example_dags/example_setup_teardown.py
[2023-07-22T15:50:28.078-0500] {processor.py:179} INFO - Processing /Users/abhishekpatkar/Documents/Projects/af_file_loader/venv/lib/python3.11/site-packages/airflow/example_dags/example_setup_teardown.py took 0.823 seconds
[2023-07-22T15:53:06.096-0500] {processor.py:157} INFO - Started process (PID=19842) to work on /Users/abhishekpatkar/Documents/Projects/af_file_loader/venv/lib/python3.11/site-packages/airflow/example_dags/example_setup_teardown.py
[2023-07-22T15:53:06.099-0500] {processor.py:826} INFO - Processing file /Users/abhishekpatkar/Documents/Projects/af_file_loader/venv/lib/python3.11/site-packages/airflow/example_dags/example_setup_teardown.py for tasks to queue
[2023-07-22T15:53:06.100-0500] {logging_mixin.py:150} INFO - [2023-07-22T15:53:06.100-0500] {dagbag.py:541} INFO - Filling up the DagBag from /Users/abhishekpatkar/Documents/Projects/af_file_loader/venv/lib/python3.11/site-packages/airflow/example_dags/example_setup_teardown.py
[2023-07-22T15:53:06.108-0500] {processor.py:838} WARNING - No viable dags retrieved from /Users/abhishekpatkar/Documents/Projects/af_file_loader/venv/lib/python3.11/site-packages/airflow/example_dags/example_setup_teardown.py
[2023-07-22T15:53:07.137-0500] {processor.py:179} INFO - Processing /Users/abhishekpatkar/Documents/Projects/af_file_loader/venv/lib/python3.11/site-packages/airflow/example_dags/example_setup_teardown.py took 1.043 seconds
[2023-07-22T15:55:45.149-0500] {processor.py:157} INFO - Started process (PID=20026) to work on /Users/abhishekpatkar/Documents/Projects/af_file_loader/venv/lib/python3.11/site-packages/airflow/example_dags/example_setup_teardown.py
[2023-07-22T15:55:45.153-0500] {processor.py:826} INFO - Processing file /Users/abhishekpatkar/Documents/Projects/af_file_loader/venv/lib/python3.11/site-packages/airflow/example_dags/example_setup_teardown.py for tasks to queue
[2023-07-22T15:55:45.153-0500] {logging_mixin.py:150} INFO - [2023-07-22T15:55:45.153-0500] {dagbag.py:541} INFO - Filling up the DagBag from /Users/abhishekpatkar/Documents/Projects/af_file_loader/venv/lib/python3.11/site-packages/airflow/example_dags/example_setup_teardown.py
[2023-07-22T15:55:45.157-0500] {processor.py:838} WARNING - No viable dags retrieved from /Users/abhishekpatkar/Documents/Projects/af_file_loader/venv/lib/python3.11/site-packages/airflow/example_dags/example_setup_teardown.py
[2023-07-22T15:55:46.260-0500] {processor.py:179} INFO - Processing /Users/abhishekpatkar/Documents/Projects/af_file_loader/venv/lib/python3.11/site-packages/airflow/example_dags/example_setup_teardown.py took 1.112 seconds
[2023-07-22T15:58:23.326-0500] {processor.py:157} INFO - Started process (PID=20242) to work on /Users/abhishekpatkar/Documents/Projects/af_file_loader/venv/lib/python3.11/site-packages/airflow/example_dags/example_setup_teardown.py
[2023-07-22T15:58:23.332-0500] {processor.py:826} INFO - Processing file /Users/abhishekpatkar/Documents/Projects/af_file_loader/venv/lib/python3.11/site-packages/airflow/example_dags/example_setup_teardown.py for tasks to queue
[2023-07-22T15:58:23.333-0500] {logging_mixin.py:150} INFO - [2023-07-22T15:58:23.333-0500] {dagbag.py:541} INFO - Filling up the DagBag from /Users/abhishekpatkar/Documents/Projects/af_file_loader/venv/lib/python3.11/site-packages/airflow/example_dags/example_setup_teardown.py
[2023-07-22T15:58:23.337-0500] {processor.py:838} WARNING - No viable dags retrieved from /Users/abhishekpatkar/Documents/Projects/af_file_loader/venv/lib/python3.11/site-packages/airflow/example_dags/example_setup_teardown.py
[2023-07-22T15:58:24.073-0500] {processor.py:179} INFO - Processing /Users/abhishekpatkar/Documents/Projects/af_file_loader/venv/lib/python3.11/site-packages/airflow/example_dags/example_setup_teardown.py took 0.748 seconds
[2023-07-22T16:00:50.339-0500] {processor.py:157} INFO - Started process (PID=20326) to work on /Users/abhishekpatkar/Documents/Projects/af_file_loader/venv/lib/python3.11/site-packages/airflow/example_dags/example_setup_teardown.py
[2023-07-22T16:00:50.344-0500] {processor.py:826} INFO - Processing file /Users/abhishekpatkar/Documents/Projects/af_file_loader/venv/lib/python3.11/site-packages/airflow/example_dags/example_setup_teardown.py for tasks to queue
[2023-07-22T16:00:50.345-0500] {logging_mixin.py:150} INFO - [2023-07-22T16:00:50.344-0500] {dagbag.py:541} INFO - Filling up the DagBag from /Users/abhishekpatkar/Documents/Projects/af_file_loader/venv/lib/python3.11/site-packages/airflow/example_dags/example_setup_teardown.py
[2023-07-22T16:00:50.353-0500] {processor.py:838} WARNING - No viable dags retrieved from /Users/abhishekpatkar/Documents/Projects/af_file_loader/venv/lib/python3.11/site-packages/airflow/example_dags/example_setup_teardown.py
[2023-07-22T16:00:51.071-0500] {processor.py:179} INFO - Processing /Users/abhishekpatkar/Documents/Projects/af_file_loader/venv/lib/python3.11/site-packages/airflow/example_dags/example_setup_teardown.py took 0.733 seconds
[2023-07-22T16:03:06.126-0500] {processor.py:157} INFO - Started process (PID=20410) to work on /Users/abhishekpatkar/Documents/Projects/af_file_loader/venv/lib/python3.11/site-packages/airflow/example_dags/example_setup_teardown.py
[2023-07-22T16:03:06.131-0500] {processor.py:826} INFO - Processing file /Users/abhishekpatkar/Documents/Projects/af_file_loader/venv/lib/python3.11/site-packages/airflow/example_dags/example_setup_teardown.py for tasks to queue
[2023-07-22T16:03:06.131-0500] {logging_mixin.py:150} INFO - [2023-07-22T16:03:06.131-0500] {dagbag.py:541} INFO - Filling up the DagBag from /Users/abhishekpatkar/Documents/Projects/af_file_loader/venv/lib/python3.11/site-packages/airflow/example_dags/example_setup_teardown.py
[2023-07-22T16:03:06.135-0500] {processor.py:838} WARNING - No viable dags retrieved from /Users/abhishekpatkar/Documents/Projects/af_file_loader/venv/lib/python3.11/site-packages/airflow/example_dags/example_setup_teardown.py
[2023-07-22T16:03:06.719-0500] {processor.py:179} INFO - Processing /Users/abhishekpatkar/Documents/Projects/af_file_loader/venv/lib/python3.11/site-packages/airflow/example_dags/example_setup_teardown.py took 0.594 seconds
[2023-07-22T16:04:59.307-0500] {processor.py:157} INFO - Started process (PID=20492) to work on /Users/abhishekpatkar/Documents/Projects/af_file_loader/venv/lib/python3.11/site-packages/airflow/example_dags/example_setup_teardown.py
[2023-07-22T16:04:59.312-0500] {processor.py:826} INFO - Processing file /Users/abhishekpatkar/Documents/Projects/af_file_loader/venv/lib/python3.11/site-packages/airflow/example_dags/example_setup_teardown.py for tasks to queue
[2023-07-22T16:04:59.313-0500] {logging_mixin.py:150} INFO - [2023-07-22T16:04:59.313-0500] {dagbag.py:541} INFO - Filling up the DagBag from /Users/abhishekpatkar/Documents/Projects/af_file_loader/venv/lib/python3.11/site-packages/airflow/example_dags/example_setup_teardown.py
[2023-07-22T16:04:59.317-0500] {processor.py:838} WARNING - No viable dags retrieved from /Users/abhishekpatkar/Documents/Projects/af_file_loader/venv/lib/python3.11/site-packages/airflow/example_dags/example_setup_teardown.py
[2023-07-22T16:04:59.880-0500] {processor.py:179} INFO - Processing /Users/abhishekpatkar/Documents/Projects/af_file_loader/venv/lib/python3.11/site-packages/airflow/example_dags/example_setup_teardown.py took 0.573 seconds
[2023-07-22T16:06:44.980-0500] {processor.py:157} INFO - Started process (PID=20577) to work on /Users/abhishekpatkar/Documents/Projects/af_file_loader/venv/lib/python3.11/site-packages/airflow/example_dags/example_setup_teardown.py
[2023-07-22T16:06:44.984-0500] {processor.py:826} INFO - Processing file /Users/abhishekpatkar/Documents/Projects/af_file_loader/venv/lib/python3.11/site-packages/airflow/example_dags/example_setup_teardown.py for tasks to queue
[2023-07-22T16:06:44.984-0500] {logging_mixin.py:150} INFO - [2023-07-22T16:06:44.984-0500] {dagbag.py:541} INFO - Filling up the DagBag from /Users/abhishekpatkar/Documents/Projects/af_file_loader/venv/lib/python3.11/site-packages/airflow/example_dags/example_setup_teardown.py
[2023-07-22T16:06:44.987-0500] {processor.py:838} WARNING - No viable dags retrieved from /Users/abhishekpatkar/Documents/Projects/af_file_loader/venv/lib/python3.11/site-packages/airflow/example_dags/example_setup_teardown.py
[2023-07-22T16:06:45.580-0500] {processor.py:179} INFO - Processing /Users/abhishekpatkar/Documents/Projects/af_file_loader/venv/lib/python3.11/site-packages/airflow/example_dags/example_setup_teardown.py took 0.601 seconds
[2023-07-22T16:08:37.167-0500] {processor.py:157} INFO - Started process (PID=20661) to work on /Users/abhishekpatkar/Documents/Projects/af_file_loader/venv/lib/python3.11/site-packages/airflow/example_dags/example_setup_teardown.py
[2023-07-22T16:08:37.172-0500] {processor.py:826} INFO - Processing file /Users/abhishekpatkar/Documents/Projects/af_file_loader/venv/lib/python3.11/site-packages/airflow/example_dags/example_setup_teardown.py for tasks to queue
[2023-07-22T16:08:37.172-0500] {logging_mixin.py:150} INFO - [2023-07-22T16:08:37.172-0500] {dagbag.py:541} INFO - Filling up the DagBag from /Users/abhishekpatkar/Documents/Projects/af_file_loader/venv/lib/python3.11/site-packages/airflow/example_dags/example_setup_teardown.py
[2023-07-22T16:08:37.176-0500] {processor.py:838} WARNING - No viable dags retrieved from /Users/abhishekpatkar/Documents/Projects/af_file_loader/venv/lib/python3.11/site-packages/airflow/example_dags/example_setup_teardown.py
[2023-07-22T16:08:37.758-0500] {processor.py:179} INFO - Processing /Users/abhishekpatkar/Documents/Projects/af_file_loader/venv/lib/python3.11/site-packages/airflow/example_dags/example_setup_teardown.py took 0.591 seconds
[2023-07-22T16:10:27.904-0500] {processor.py:157} INFO - Started process (PID=20732) to work on /Users/abhishekpatkar/Documents/Projects/af_file_loader/venv/lib/python3.11/site-packages/airflow/example_dags/example_setup_teardown.py
[2023-07-22T16:10:27.908-0500] {processor.py:826} INFO - Processing file /Users/abhishekpatkar/Documents/Projects/af_file_loader/venv/lib/python3.11/site-packages/airflow/example_dags/example_setup_teardown.py for tasks to queue
[2023-07-22T16:10:27.908-0500] {logging_mixin.py:150} INFO - [2023-07-22T16:10:27.908-0500] {dagbag.py:541} INFO - Filling up the DagBag from /Users/abhishekpatkar/Documents/Projects/af_file_loader/venv/lib/python3.11/site-packages/airflow/example_dags/example_setup_teardown.py
[2023-07-22T16:10:27.911-0500] {processor.py:838} WARNING - No viable dags retrieved from /Users/abhishekpatkar/Documents/Projects/af_file_loader/venv/lib/python3.11/site-packages/airflow/example_dags/example_setup_teardown.py
[2023-07-22T16:10:28.489-0500] {processor.py:179} INFO - Processing /Users/abhishekpatkar/Documents/Projects/af_file_loader/venv/lib/python3.11/site-packages/airflow/example_dags/example_setup_teardown.py took 0.585 seconds
[2023-07-22T16:24:16.541-0500] {processor.py:157} INFO - Started process (PID=20872) to work on /Users/abhishekpatkar/Documents/Projects/af_file_loader/venv/lib/python3.11/site-packages/airflow/example_dags/example_setup_teardown.py
[2023-07-22T16:24:16.545-0500] {processor.py:826} INFO - Processing file /Users/abhishekpatkar/Documents/Projects/af_file_loader/venv/lib/python3.11/site-packages/airflow/example_dags/example_setup_teardown.py for tasks to queue
[2023-07-22T16:24:16.545-0500] {logging_mixin.py:150} INFO - [2023-07-22T16:24:16.545-0500] {dagbag.py:541} INFO - Filling up the DagBag from /Users/abhishekpatkar/Documents/Projects/af_file_loader/venv/lib/python3.11/site-packages/airflow/example_dags/example_setup_teardown.py
[2023-07-22T16:24:16.550-0500] {processor.py:838} WARNING - No viable dags retrieved from /Users/abhishekpatkar/Documents/Projects/af_file_loader/venv/lib/python3.11/site-packages/airflow/example_dags/example_setup_teardown.py
[2023-07-22T16:24:17.181-0500] {processor.py:179} INFO - Processing /Users/abhishekpatkar/Documents/Projects/af_file_loader/venv/lib/python3.11/site-packages/airflow/example_dags/example_setup_teardown.py took 0.642 seconds
[2023-07-22T16:27:18.060-0500] {processor.py:157} INFO - Started process (PID=21008) to work on /Users/abhishekpatkar/Documents/Projects/af_file_loader/venv/lib/python3.11/site-packages/airflow/example_dags/example_setup_teardown.py
[2023-07-22T16:27:18.066-0500] {processor.py:826} INFO - Processing file /Users/abhishekpatkar/Documents/Projects/af_file_loader/venv/lib/python3.11/site-packages/airflow/example_dags/example_setup_teardown.py for tasks to queue
[2023-07-22T16:27:18.067-0500] {logging_mixin.py:150} INFO - [2023-07-22T16:27:18.067-0500] {dagbag.py:541} INFO - Filling up the DagBag from /Users/abhishekpatkar/Documents/Projects/af_file_loader/venv/lib/python3.11/site-packages/airflow/example_dags/example_setup_teardown.py
[2023-07-22T16:27:18.072-0500] {processor.py:838} WARNING - No viable dags retrieved from /Users/abhishekpatkar/Documents/Projects/af_file_loader/venv/lib/python3.11/site-packages/airflow/example_dags/example_setup_teardown.py
[2023-07-22T16:27:19.535-0500] {processor.py:179} INFO - Processing /Users/abhishekpatkar/Documents/Projects/af_file_loader/venv/lib/python3.11/site-packages/airflow/example_dags/example_setup_teardown.py took 1.476 seconds
[2023-07-22T16:30:34.734-0500] {processor.py:157} INFO - Started process (PID=21113) to work on /Users/abhishekpatkar/Documents/Projects/af_file_loader/venv/lib/python3.11/site-packages/airflow/example_dags/example_setup_teardown.py
[2023-07-22T16:30:34.739-0500] {processor.py:826} INFO - Processing file /Users/abhishekpatkar/Documents/Projects/af_file_loader/venv/lib/python3.11/site-packages/airflow/example_dags/example_setup_teardown.py for tasks to queue
[2023-07-22T16:30:34.741-0500] {logging_mixin.py:150} INFO - [2023-07-22T16:30:34.741-0500] {dagbag.py:541} INFO - Filling up the DagBag from /Users/abhishekpatkar/Documents/Projects/af_file_loader/venv/lib/python3.11/site-packages/airflow/example_dags/example_setup_teardown.py
[2023-07-22T16:30:34.748-0500] {processor.py:838} WARNING - No viable dags retrieved from /Users/abhishekpatkar/Documents/Projects/af_file_loader/venv/lib/python3.11/site-packages/airflow/example_dags/example_setup_teardown.py
[2023-07-22T16:30:36.002-0500] {processor.py:179} INFO - Processing /Users/abhishekpatkar/Documents/Projects/af_file_loader/venv/lib/python3.11/site-packages/airflow/example_dags/example_setup_teardown.py took 1.268 seconds
[2023-07-22T16:33:53.074-0500] {processor.py:157} INFO - Started process (PID=21218) to work on /Users/abhishekpatkar/Documents/Projects/af_file_loader/venv/lib/python3.11/site-packages/airflow/example_dags/example_setup_teardown.py
[2023-07-22T16:33:53.083-0500] {processor.py:826} INFO - Processing file /Users/abhishekpatkar/Documents/Projects/af_file_loader/venv/lib/python3.11/site-packages/airflow/example_dags/example_setup_teardown.py for tasks to queue
[2023-07-22T16:33:53.083-0500] {logging_mixin.py:150} INFO - [2023-07-22T16:33:53.083-0500] {dagbag.py:541} INFO - Filling up the DagBag from /Users/abhishekpatkar/Documents/Projects/af_file_loader/venv/lib/python3.11/site-packages/airflow/example_dags/example_setup_teardown.py
[2023-07-22T16:33:53.100-0500] {processor.py:838} WARNING - No viable dags retrieved from /Users/abhishekpatkar/Documents/Projects/af_file_loader/venv/lib/python3.11/site-packages/airflow/example_dags/example_setup_teardown.py
[2023-07-22T16:33:54.633-0500] {processor.py:179} INFO - Processing /Users/abhishekpatkar/Documents/Projects/af_file_loader/venv/lib/python3.11/site-packages/airflow/example_dags/example_setup_teardown.py took 1.562 seconds
[2023-07-22T16:37:52.288-0500] {processor.py:157} INFO - Started process (PID=21341) to work on /Users/abhishekpatkar/Documents/Projects/af_file_loader/venv/lib/python3.11/site-packages/airflow/example_dags/example_setup_teardown.py
[2023-07-22T16:37:52.293-0500] {processor.py:826} INFO - Processing file /Users/abhishekpatkar/Documents/Projects/af_file_loader/venv/lib/python3.11/site-packages/airflow/example_dags/example_setup_teardown.py for tasks to queue
[2023-07-22T16:37:52.294-0500] {logging_mixin.py:150} INFO - [2023-07-22T16:37:52.294-0500] {dagbag.py:541} INFO - Filling up the DagBag from /Users/abhishekpatkar/Documents/Projects/af_file_loader/venv/lib/python3.11/site-packages/airflow/example_dags/example_setup_teardown.py
[2023-07-22T16:37:52.299-0500] {processor.py:838} WARNING - No viable dags retrieved from /Users/abhishekpatkar/Documents/Projects/af_file_loader/venv/lib/python3.11/site-packages/airflow/example_dags/example_setup_teardown.py
[2023-07-22T16:37:53.023-0500] {processor.py:179} INFO - Processing /Users/abhishekpatkar/Documents/Projects/af_file_loader/venv/lib/python3.11/site-packages/airflow/example_dags/example_setup_teardown.py took 0.735 seconds
[2023-07-22T16:42:31.896-0500] {processor.py:157} INFO - Started process (PID=21538) to work on /Users/abhishekpatkar/Documents/Projects/af_file_loader/venv/lib/python3.11/site-packages/airflow/example_dags/example_setup_teardown.py
[2023-07-22T16:42:31.904-0500] {processor.py:826} INFO - Processing file /Users/abhishekpatkar/Documents/Projects/af_file_loader/venv/lib/python3.11/site-packages/airflow/example_dags/example_setup_teardown.py for tasks to queue
[2023-07-22T16:42:31.906-0500] {logging_mixin.py:150} INFO - [2023-07-22T16:42:31.905-0500] {dagbag.py:541} INFO - Filling up the DagBag from /Users/abhishekpatkar/Documents/Projects/af_file_loader/venv/lib/python3.11/site-packages/airflow/example_dags/example_setup_teardown.py
[2023-07-22T16:42:31.911-0500] {processor.py:838} WARNING - No viable dags retrieved from /Users/abhishekpatkar/Documents/Projects/af_file_loader/venv/lib/python3.11/site-packages/airflow/example_dags/example_setup_teardown.py
[2023-07-22T16:42:33.891-0500] {processor.py:179} INFO - Processing /Users/abhishekpatkar/Documents/Projects/af_file_loader/venv/lib/python3.11/site-packages/airflow/example_dags/example_setup_teardown.py took 1.995 seconds
[2023-07-22T16:46:25.058-0500] {processor.py:157} INFO - Started process (PID=21655) to work on /Users/abhishekpatkar/Documents/Projects/af_file_loader/venv/lib/python3.11/site-packages/airflow/example_dags/example_setup_teardown.py
[2023-07-22T16:46:25.065-0500] {processor.py:826} INFO - Processing file /Users/abhishekpatkar/Documents/Projects/af_file_loader/venv/lib/python3.11/site-packages/airflow/example_dags/example_setup_teardown.py for tasks to queue
[2023-07-22T16:46:25.066-0500] {logging_mixin.py:150} INFO - [2023-07-22T16:46:25.066-0500] {dagbag.py:541} INFO - Filling up the DagBag from /Users/abhishekpatkar/Documents/Projects/af_file_loader/venv/lib/python3.11/site-packages/airflow/example_dags/example_setup_teardown.py
[2023-07-22T16:46:25.072-0500] {processor.py:838} WARNING - No viable dags retrieved from /Users/abhishekpatkar/Documents/Projects/af_file_loader/venv/lib/python3.11/site-packages/airflow/example_dags/example_setup_teardown.py
[2023-07-22T16:46:26.561-0500] {processor.py:179} INFO - Processing /Users/abhishekpatkar/Documents/Projects/af_file_loader/venv/lib/python3.11/site-packages/airflow/example_dags/example_setup_teardown.py took 1.505 seconds
[2023-07-22T16:50:04.854-0500] {processor.py:157} INFO - Started process (PID=21765) to work on /Users/abhishekpatkar/Documents/Projects/af_file_loader/venv/lib/python3.11/site-packages/airflow/example_dags/example_setup_teardown.py
[2023-07-22T16:50:04.862-0500] {processor.py:826} INFO - Processing file /Users/abhishekpatkar/Documents/Projects/af_file_loader/venv/lib/python3.11/site-packages/airflow/example_dags/example_setup_teardown.py for tasks to queue
[2023-07-22T16:50:04.863-0500] {logging_mixin.py:150} INFO - [2023-07-22T16:50:04.863-0500] {dagbag.py:541} INFO - Filling up the DagBag from /Users/abhishekpatkar/Documents/Projects/af_file_loader/venv/lib/python3.11/site-packages/airflow/example_dags/example_setup_teardown.py
[2023-07-22T16:50:04.869-0500] {processor.py:838} WARNING - No viable dags retrieved from /Users/abhishekpatkar/Documents/Projects/af_file_loader/venv/lib/python3.11/site-packages/airflow/example_dags/example_setup_teardown.py
[2023-07-22T16:50:06.374-0500] {processor.py:179} INFO - Processing /Users/abhishekpatkar/Documents/Projects/af_file_loader/venv/lib/python3.11/site-packages/airflow/example_dags/example_setup_teardown.py took 1.521 seconds
[2023-07-22T16:53:58.532-0500] {processor.py:157} INFO - Started process (PID=21880) to work on /Users/abhishekpatkar/Documents/Projects/af_file_loader/venv/lib/python3.11/site-packages/airflow/example_dags/example_setup_teardown.py
[2023-07-22T16:53:58.538-0500] {processor.py:826} INFO - Processing file /Users/abhishekpatkar/Documents/Projects/af_file_loader/venv/lib/python3.11/site-packages/airflow/example_dags/example_setup_teardown.py for tasks to queue
[2023-07-22T16:53:58.539-0500] {logging_mixin.py:150} INFO - [2023-07-22T16:53:58.539-0500] {dagbag.py:541} INFO - Filling up the DagBag from /Users/abhishekpatkar/Documents/Projects/af_file_loader/venv/lib/python3.11/site-packages/airflow/example_dags/example_setup_teardown.py
[2023-07-22T16:53:58.542-0500] {processor.py:838} WARNING - No viable dags retrieved from /Users/abhishekpatkar/Documents/Projects/af_file_loader/venv/lib/python3.11/site-packages/airflow/example_dags/example_setup_teardown.py
[2023-07-22T16:53:59.448-0500] {processor.py:179} INFO - Processing /Users/abhishekpatkar/Documents/Projects/af_file_loader/venv/lib/python3.11/site-packages/airflow/example_dags/example_setup_teardown.py took 0.917 seconds
[2023-07-22T16:57:04.556-0500] {processor.py:157} INFO - Started process (PID=21994) to work on /Users/abhishekpatkar/Documents/Projects/af_file_loader/venv/lib/python3.11/site-packages/airflow/example_dags/example_setup_teardown.py
[2023-07-22T16:57:04.561-0500] {processor.py:826} INFO - Processing file /Users/abhishekpatkar/Documents/Projects/af_file_loader/venv/lib/python3.11/site-packages/airflow/example_dags/example_setup_teardown.py for tasks to queue
[2023-07-22T16:57:04.563-0500] {logging_mixin.py:150} INFO - [2023-07-22T16:57:04.562-0500] {dagbag.py:541} INFO - Filling up the DagBag from /Users/abhishekpatkar/Documents/Projects/af_file_loader/venv/lib/python3.11/site-packages/airflow/example_dags/example_setup_teardown.py
[2023-07-22T16:57:04.569-0500] {processor.py:838} WARNING - No viable dags retrieved from /Users/abhishekpatkar/Documents/Projects/af_file_loader/venv/lib/python3.11/site-packages/airflow/example_dags/example_setup_teardown.py
[2023-07-22T16:57:05.604-0500] {processor.py:179} INFO - Processing /Users/abhishekpatkar/Documents/Projects/af_file_loader/venv/lib/python3.11/site-packages/airflow/example_dags/example_setup_teardown.py took 1.048 seconds
[2023-07-22T17:00:22.552-0500] {processor.py:157} INFO - Started process (PID=22105) to work on /Users/abhishekpatkar/Documents/Projects/af_file_loader/venv/lib/python3.11/site-packages/airflow/example_dags/example_setup_teardown.py
[2023-07-22T17:00:22.566-0500] {processor.py:826} INFO - Processing file /Users/abhishekpatkar/Documents/Projects/af_file_loader/venv/lib/python3.11/site-packages/airflow/example_dags/example_setup_teardown.py for tasks to queue
[2023-07-22T17:00:22.567-0500] {logging_mixin.py:150} INFO - [2023-07-22T17:00:22.567-0500] {dagbag.py:541} INFO - Filling up the DagBag from /Users/abhishekpatkar/Documents/Projects/af_file_loader/venv/lib/python3.11/site-packages/airflow/example_dags/example_setup_teardown.py
[2023-07-22T17:00:22.585-0500] {processor.py:838} WARNING - No viable dags retrieved from /Users/abhishekpatkar/Documents/Projects/af_file_loader/venv/lib/python3.11/site-packages/airflow/example_dags/example_setup_teardown.py
[2023-07-22T17:00:25.843-0500] {processor.py:179} INFO - Processing /Users/abhishekpatkar/Documents/Projects/af_file_loader/venv/lib/python3.11/site-packages/airflow/example_dags/example_setup_teardown.py took 3.294 seconds
[2023-07-22T17:03:57.804-0500] {processor.py:157} INFO - Started process (PID=22265) to work on /Users/abhishekpatkar/Documents/Projects/af_file_loader/venv/lib/python3.11/site-packages/airflow/example_dags/example_setup_teardown.py
[2023-07-22T17:03:57.809-0500] {processor.py:826} INFO - Processing file /Users/abhishekpatkar/Documents/Projects/af_file_loader/venv/lib/python3.11/site-packages/airflow/example_dags/example_setup_teardown.py for tasks to queue
[2023-07-22T17:03:57.809-0500] {logging_mixin.py:150} INFO - [2023-07-22T17:03:57.809-0500] {dagbag.py:541} INFO - Filling up the DagBag from /Users/abhishekpatkar/Documents/Projects/af_file_loader/venv/lib/python3.11/site-packages/airflow/example_dags/example_setup_teardown.py
[2023-07-22T17:03:57.813-0500] {processor.py:838} WARNING - No viable dags retrieved from /Users/abhishekpatkar/Documents/Projects/af_file_loader/venv/lib/python3.11/site-packages/airflow/example_dags/example_setup_teardown.py
[2023-07-22T17:03:58.487-0500] {processor.py:179} INFO - Processing /Users/abhishekpatkar/Documents/Projects/af_file_loader/venv/lib/python3.11/site-packages/airflow/example_dags/example_setup_teardown.py took 0.684 seconds
[2023-07-22T17:06:07.211-0500] {processor.py:157} INFO - Started process (PID=22346) to work on /Users/abhishekpatkar/Documents/Projects/af_file_loader/venv/lib/python3.11/site-packages/airflow/example_dags/example_setup_teardown.py
[2023-07-22T17:06:07.216-0500] {processor.py:826} INFO - Processing file /Users/abhishekpatkar/Documents/Projects/af_file_loader/venv/lib/python3.11/site-packages/airflow/example_dags/example_setup_teardown.py for tasks to queue
[2023-07-22T17:06:07.217-0500] {logging_mixin.py:150} INFO - [2023-07-22T17:06:07.217-0500] {dagbag.py:541} INFO - Filling up the DagBag from /Users/abhishekpatkar/Documents/Projects/af_file_loader/venv/lib/python3.11/site-packages/airflow/example_dags/example_setup_teardown.py
[2023-07-22T17:06:07.220-0500] {processor.py:838} WARNING - No viable dags retrieved from /Users/abhishekpatkar/Documents/Projects/af_file_loader/venv/lib/python3.11/site-packages/airflow/example_dags/example_setup_teardown.py
[2023-07-22T17:06:07.934-0500] {processor.py:179} INFO - Processing /Users/abhishekpatkar/Documents/Projects/af_file_loader/venv/lib/python3.11/site-packages/airflow/example_dags/example_setup_teardown.py took 0.724 seconds
[2023-07-22T17:08:06.985-0500] {processor.py:157} INFO - Started process (PID=22430) to work on /Users/abhishekpatkar/Documents/Projects/af_file_loader/venv/lib/python3.11/site-packages/airflow/example_dags/example_setup_teardown.py
[2023-07-22T17:08:06.989-0500] {processor.py:826} INFO - Processing file /Users/abhishekpatkar/Documents/Projects/af_file_loader/venv/lib/python3.11/site-packages/airflow/example_dags/example_setup_teardown.py for tasks to queue
[2023-07-22T17:08:06.990-0500] {logging_mixin.py:150} INFO - [2023-07-22T17:08:06.990-0500] {dagbag.py:541} INFO - Filling up the DagBag from /Users/abhishekpatkar/Documents/Projects/af_file_loader/venv/lib/python3.11/site-packages/airflow/example_dags/example_setup_teardown.py
[2023-07-22T17:08:06.998-0500] {processor.py:838} WARNING - No viable dags retrieved from /Users/abhishekpatkar/Documents/Projects/af_file_loader/venv/lib/python3.11/site-packages/airflow/example_dags/example_setup_teardown.py
[2023-07-22T17:08:07.688-0500] {processor.py:179} INFO - Processing /Users/abhishekpatkar/Documents/Projects/af_file_loader/venv/lib/python3.11/site-packages/airflow/example_dags/example_setup_teardown.py took 0.704 seconds
[2023-07-22T17:10:04.792-0500] {processor.py:157} INFO - Started process (PID=22509) to work on /Users/abhishekpatkar/Documents/Projects/af_file_loader/venv/lib/python3.11/site-packages/airflow/example_dags/example_setup_teardown.py
[2023-07-22T17:10:04.797-0500] {processor.py:826} INFO - Processing file /Users/abhishekpatkar/Documents/Projects/af_file_loader/venv/lib/python3.11/site-packages/airflow/example_dags/example_setup_teardown.py for tasks to queue
[2023-07-22T17:10:04.798-0500] {logging_mixin.py:150} INFO - [2023-07-22T17:10:04.798-0500] {dagbag.py:541} INFO - Filling up the DagBag from /Users/abhishekpatkar/Documents/Projects/af_file_loader/venv/lib/python3.11/site-packages/airflow/example_dags/example_setup_teardown.py
[2023-07-22T17:10:04.803-0500] {processor.py:838} WARNING - No viable dags retrieved from /Users/abhishekpatkar/Documents/Projects/af_file_loader/venv/lib/python3.11/site-packages/airflow/example_dags/example_setup_teardown.py
[2023-07-22T17:10:05.482-0500] {processor.py:179} INFO - Processing /Users/abhishekpatkar/Documents/Projects/af_file_loader/venv/lib/python3.11/site-packages/airflow/example_dags/example_setup_teardown.py took 0.691 seconds
[2023-07-22T17:12:06.365-0500] {processor.py:157} INFO - Started process (PID=22587) to work on /Users/abhishekpatkar/Documents/Projects/af_file_loader/venv/lib/python3.11/site-packages/airflow/example_dags/example_setup_teardown.py
[2023-07-22T17:12:06.369-0500] {processor.py:826} INFO - Processing file /Users/abhishekpatkar/Documents/Projects/af_file_loader/venv/lib/python3.11/site-packages/airflow/example_dags/example_setup_teardown.py for tasks to queue
[2023-07-22T17:12:06.370-0500] {logging_mixin.py:150} INFO - [2023-07-22T17:12:06.370-0500] {dagbag.py:541} INFO - Filling up the DagBag from /Users/abhishekpatkar/Documents/Projects/af_file_loader/venv/lib/python3.11/site-packages/airflow/example_dags/example_setup_teardown.py
[2023-07-22T17:12:06.375-0500] {processor.py:838} WARNING - No viable dags retrieved from /Users/abhishekpatkar/Documents/Projects/af_file_loader/venv/lib/python3.11/site-packages/airflow/example_dags/example_setup_teardown.py
[2023-07-22T17:12:07.039-0500] {processor.py:179} INFO - Processing /Users/abhishekpatkar/Documents/Projects/af_file_loader/venv/lib/python3.11/site-packages/airflow/example_dags/example_setup_teardown.py took 0.675 seconds
[2023-07-22T17:14:04.543-0500] {processor.py:157} INFO - Started process (PID=22657) to work on /Users/abhishekpatkar/Documents/Projects/af_file_loader/venv/lib/python3.11/site-packages/airflow/example_dags/example_setup_teardown.py
[2023-07-22T17:14:04.549-0500] {processor.py:826} INFO - Processing file /Users/abhishekpatkar/Documents/Projects/af_file_loader/venv/lib/python3.11/site-packages/airflow/example_dags/example_setup_teardown.py for tasks to queue
[2023-07-22T17:14:04.550-0500] {logging_mixin.py:150} INFO - [2023-07-22T17:14:04.550-0500] {dagbag.py:541} INFO - Filling up the DagBag from /Users/abhishekpatkar/Documents/Projects/af_file_loader/venv/lib/python3.11/site-packages/airflow/example_dags/example_setup_teardown.py
[2023-07-22T17:14:04.553-0500] {processor.py:838} WARNING - No viable dags retrieved from /Users/abhishekpatkar/Documents/Projects/af_file_loader/venv/lib/python3.11/site-packages/airflow/example_dags/example_setup_teardown.py
[2023-07-22T17:14:05.236-0500] {processor.py:179} INFO - Processing /Users/abhishekpatkar/Documents/Projects/af_file_loader/venv/lib/python3.11/site-packages/airflow/example_dags/example_setup_teardown.py took 0.694 seconds
[2023-07-22T17:16:06.627-0500] {processor.py:157} INFO - Started process (PID=22737) to work on /Users/abhishekpatkar/Documents/Projects/af_file_loader/venv/lib/python3.11/site-packages/airflow/example_dags/example_setup_teardown.py
[2023-07-22T17:16:06.632-0500] {processor.py:826} INFO - Processing file /Users/abhishekpatkar/Documents/Projects/af_file_loader/venv/lib/python3.11/site-packages/airflow/example_dags/example_setup_teardown.py for tasks to queue
[2023-07-22T17:16:06.633-0500] {logging_mixin.py:150} INFO - [2023-07-22T17:16:06.633-0500] {dagbag.py:541} INFO - Filling up the DagBag from /Users/abhishekpatkar/Documents/Projects/af_file_loader/venv/lib/python3.11/site-packages/airflow/example_dags/example_setup_teardown.py
[2023-07-22T17:16:06.638-0500] {processor.py:838} WARNING - No viable dags retrieved from /Users/abhishekpatkar/Documents/Projects/af_file_loader/venv/lib/python3.11/site-packages/airflow/example_dags/example_setup_teardown.py
[2023-07-22T17:16:07.287-0500] {processor.py:179} INFO - Processing /Users/abhishekpatkar/Documents/Projects/af_file_loader/venv/lib/python3.11/site-packages/airflow/example_dags/example_setup_teardown.py took 0.662 seconds
[2023-07-22T17:18:32.638-0500] {processor.py:157} INFO - Started process (PID=22866) to work on /Users/abhishekpatkar/Documents/Projects/af_file_loader/venv/lib/python3.11/site-packages/airflow/example_dags/example_setup_teardown.py
[2023-07-22T17:18:32.644-0500] {processor.py:826} INFO - Processing file /Users/abhishekpatkar/Documents/Projects/af_file_loader/venv/lib/python3.11/site-packages/airflow/example_dags/example_setup_teardown.py for tasks to queue
[2023-07-22T17:18:32.644-0500] {logging_mixin.py:150} INFO - [2023-07-22T17:18:32.644-0500] {dagbag.py:541} INFO - Filling up the DagBag from /Users/abhishekpatkar/Documents/Projects/af_file_loader/venv/lib/python3.11/site-packages/airflow/example_dags/example_setup_teardown.py
[2023-07-22T17:18:32.651-0500] {processor.py:838} WARNING - No viable dags retrieved from /Users/abhishekpatkar/Documents/Projects/af_file_loader/venv/lib/python3.11/site-packages/airflow/example_dags/example_setup_teardown.py
[2023-07-22T17:18:34.483-0500] {processor.py:179} INFO - Processing /Users/abhishekpatkar/Documents/Projects/af_file_loader/venv/lib/python3.11/site-packages/airflow/example_dags/example_setup_teardown.py took 1.846 seconds
[2023-07-22T17:20:56.946-0500] {processor.py:157} INFO - Started process (PID=22975) to work on /Users/abhishekpatkar/Documents/Projects/af_file_loader/venv/lib/python3.11/site-packages/airflow/example_dags/example_setup_teardown.py
[2023-07-22T17:20:56.951-0500] {processor.py:826} INFO - Processing file /Users/abhishekpatkar/Documents/Projects/af_file_loader/venv/lib/python3.11/site-packages/airflow/example_dags/example_setup_teardown.py for tasks to queue
[2023-07-22T17:20:56.952-0500] {logging_mixin.py:150} INFO - [2023-07-22T17:20:56.952-0500] {dagbag.py:541} INFO - Filling up the DagBag from /Users/abhishekpatkar/Documents/Projects/af_file_loader/venv/lib/python3.11/site-packages/airflow/example_dags/example_setup_teardown.py
[2023-07-22T17:20:56.956-0500] {processor.py:838} WARNING - No viable dags retrieved from /Users/abhishekpatkar/Documents/Projects/af_file_loader/venv/lib/python3.11/site-packages/airflow/example_dags/example_setup_teardown.py
[2023-07-22T17:20:57.649-0500] {processor.py:179} INFO - Processing /Users/abhishekpatkar/Documents/Projects/af_file_loader/venv/lib/python3.11/site-packages/airflow/example_dags/example_setup_teardown.py took 0.704 seconds
[2023-07-22T17:23:01.804-0500] {processor.py:157} INFO - Started process (PID=23060) to work on /Users/abhishekpatkar/Documents/Projects/af_file_loader/venv/lib/python3.11/site-packages/airflow/example_dags/example_setup_teardown.py
[2023-07-22T17:23:01.810-0500] {processor.py:826} INFO - Processing file /Users/abhishekpatkar/Documents/Projects/af_file_loader/venv/lib/python3.11/site-packages/airflow/example_dags/example_setup_teardown.py for tasks to queue
[2023-07-22T17:23:01.812-0500] {logging_mixin.py:150} INFO - [2023-07-22T17:23:01.811-0500] {dagbag.py:541} INFO - Filling up the DagBag from /Users/abhishekpatkar/Documents/Projects/af_file_loader/venv/lib/python3.11/site-packages/airflow/example_dags/example_setup_teardown.py
[2023-07-22T17:23:01.822-0500] {processor.py:838} WARNING - No viable dags retrieved from /Users/abhishekpatkar/Documents/Projects/af_file_loader/venv/lib/python3.11/site-packages/airflow/example_dags/example_setup_teardown.py
[2023-07-22T17:23:03.505-0500] {processor.py:179} INFO - Processing /Users/abhishekpatkar/Documents/Projects/af_file_loader/venv/lib/python3.11/site-packages/airflow/example_dags/example_setup_teardown.py took 1.701 seconds
[2023-07-22T17:28:46.856-0500] {processor.py:157} INFO - Started process (PID=23275) to work on /Users/abhishekpatkar/Documents/Projects/af_file_loader/venv/lib/python3.11/site-packages/airflow/example_dags/example_setup_teardown.py
[2023-07-22T17:28:46.862-0500] {processor.py:826} INFO - Processing file /Users/abhishekpatkar/Documents/Projects/af_file_loader/venv/lib/python3.11/site-packages/airflow/example_dags/example_setup_teardown.py for tasks to queue
[2023-07-22T17:28:46.863-0500] {logging_mixin.py:150} INFO - [2023-07-22T17:28:46.862-0500] {dagbag.py:541} INFO - Filling up the DagBag from /Users/abhishekpatkar/Documents/Projects/af_file_loader/venv/lib/python3.11/site-packages/airflow/example_dags/example_setup_teardown.py
[2023-07-22T17:28:46.868-0500] {processor.py:838} WARNING - No viable dags retrieved from /Users/abhishekpatkar/Documents/Projects/af_file_loader/venv/lib/python3.11/site-packages/airflow/example_dags/example_setup_teardown.py
[2023-07-22T17:28:47.587-0500] {processor.py:179} INFO - Processing /Users/abhishekpatkar/Documents/Projects/af_file_loader/venv/lib/python3.11/site-packages/airflow/example_dags/example_setup_teardown.py took 0.733 seconds
[2023-07-22T17:31:24.042-0500] {processor.py:157} INFO - Started process (PID=23397) to work on /Users/abhishekpatkar/Documents/Projects/af_file_loader/venv/lib/python3.11/site-packages/airflow/example_dags/example_setup_teardown.py
[2023-07-22T17:31:24.046-0500] {processor.py:826} INFO - Processing file /Users/abhishekpatkar/Documents/Projects/af_file_loader/venv/lib/python3.11/site-packages/airflow/example_dags/example_setup_teardown.py for tasks to queue
[2023-07-22T17:31:24.047-0500] {logging_mixin.py:150} INFO - [2023-07-22T17:31:24.047-0500] {dagbag.py:541} INFO - Filling up the DagBag from /Users/abhishekpatkar/Documents/Projects/af_file_loader/venv/lib/python3.11/site-packages/airflow/example_dags/example_setup_teardown.py
[2023-07-22T17:31:24.055-0500] {processor.py:838} WARNING - No viable dags retrieved from /Users/abhishekpatkar/Documents/Projects/af_file_loader/venv/lib/python3.11/site-packages/airflow/example_dags/example_setup_teardown.py
[2023-07-22T17:31:24.727-0500] {processor.py:179} INFO - Processing /Users/abhishekpatkar/Documents/Projects/af_file_loader/venv/lib/python3.11/site-packages/airflow/example_dags/example_setup_teardown.py took 0.686 seconds
[2023-07-22T17:33:28.681-0500] {processor.py:157} INFO - Started process (PID=23479) to work on /Users/abhishekpatkar/Documents/Projects/af_file_loader/venv/lib/python3.11/site-packages/airflow/example_dags/example_setup_teardown.py
[2023-07-22T17:33:28.685-0500] {processor.py:826} INFO - Processing file /Users/abhishekpatkar/Documents/Projects/af_file_loader/venv/lib/python3.11/site-packages/airflow/example_dags/example_setup_teardown.py for tasks to queue
[2023-07-22T17:33:28.686-0500] {logging_mixin.py:150} INFO - [2023-07-22T17:33:28.686-0500] {dagbag.py:541} INFO - Filling up the DagBag from /Users/abhishekpatkar/Documents/Projects/af_file_loader/venv/lib/python3.11/site-packages/airflow/example_dags/example_setup_teardown.py
[2023-07-22T17:33:28.691-0500] {processor.py:838} WARNING - No viable dags retrieved from /Users/abhishekpatkar/Documents/Projects/af_file_loader/venv/lib/python3.11/site-packages/airflow/example_dags/example_setup_teardown.py
[2023-07-22T17:33:29.299-0500] {processor.py:179} INFO - Processing /Users/abhishekpatkar/Documents/Projects/af_file_loader/venv/lib/python3.11/site-packages/airflow/example_dags/example_setup_teardown.py took 0.619 seconds
[2023-07-22T17:35:27.350-0500] {processor.py:157} INFO - Started process (PID=23561) to work on /Users/abhishekpatkar/Documents/Projects/af_file_loader/venv/lib/python3.11/site-packages/airflow/example_dags/example_setup_teardown.py
[2023-07-22T17:35:27.355-0500] {processor.py:826} INFO - Processing file /Users/abhishekpatkar/Documents/Projects/af_file_loader/venv/lib/python3.11/site-packages/airflow/example_dags/example_setup_teardown.py for tasks to queue
[2023-07-22T17:35:27.355-0500] {logging_mixin.py:150} INFO - [2023-07-22T17:35:27.355-0500] {dagbag.py:541} INFO - Filling up the DagBag from /Users/abhishekpatkar/Documents/Projects/af_file_loader/venv/lib/python3.11/site-packages/airflow/example_dags/example_setup_teardown.py
[2023-07-22T17:35:27.361-0500] {processor.py:838} WARNING - No viable dags retrieved from /Users/abhishekpatkar/Documents/Projects/af_file_loader/venv/lib/python3.11/site-packages/airflow/example_dags/example_setup_teardown.py
[2023-07-22T17:35:27.975-0500] {processor.py:179} INFO - Processing /Users/abhishekpatkar/Documents/Projects/af_file_loader/venv/lib/python3.11/site-packages/airflow/example_dags/example_setup_teardown.py took 0.625 seconds
[2023-07-22T17:38:20.423-0500] {processor.py:157} INFO - Started process (PID=23678) to work on /Users/abhishekpatkar/Documents/Projects/af_file_loader/venv/lib/python3.11/site-packages/airflow/example_dags/example_setup_teardown.py
[2023-07-22T17:38:20.429-0500] {processor.py:826} INFO - Processing file /Users/abhishekpatkar/Documents/Projects/af_file_loader/venv/lib/python3.11/site-packages/airflow/example_dags/example_setup_teardown.py for tasks to queue
[2023-07-22T17:38:20.430-0500] {logging_mixin.py:150} INFO - [2023-07-22T17:38:20.429-0500] {dagbag.py:541} INFO - Filling up the DagBag from /Users/abhishekpatkar/Documents/Projects/af_file_loader/venv/lib/python3.11/site-packages/airflow/example_dags/example_setup_teardown.py
[2023-07-22T17:38:20.435-0500] {processor.py:838} WARNING - No viable dags retrieved from /Users/abhishekpatkar/Documents/Projects/af_file_loader/venv/lib/python3.11/site-packages/airflow/example_dags/example_setup_teardown.py
[2023-07-22T17:38:21.180-0500] {processor.py:179} INFO - Processing /Users/abhishekpatkar/Documents/Projects/af_file_loader/venv/lib/python3.11/site-packages/airflow/example_dags/example_setup_teardown.py took 0.758 seconds
[2023-07-22T17:46:12.349-0500] {processor.py:157} INFO - Started process (PID=23966) to work on /Users/abhishekpatkar/Documents/Projects/af_file_loader/venv/lib/python3.11/site-packages/airflow/example_dags/example_setup_teardown.py
[2023-07-22T17:46:12.356-0500] {processor.py:826} INFO - Processing file /Users/abhishekpatkar/Documents/Projects/af_file_loader/venv/lib/python3.11/site-packages/airflow/example_dags/example_setup_teardown.py for tasks to queue
[2023-07-22T17:46:12.357-0500] {logging_mixin.py:150} INFO - [2023-07-22T17:46:12.357-0500] {dagbag.py:541} INFO - Filling up the DagBag from /Users/abhishekpatkar/Documents/Projects/af_file_loader/venv/lib/python3.11/site-packages/airflow/example_dags/example_setup_teardown.py
[2023-07-22T17:46:12.367-0500] {processor.py:838} WARNING - No viable dags retrieved from /Users/abhishekpatkar/Documents/Projects/af_file_loader/venv/lib/python3.11/site-packages/airflow/example_dags/example_setup_teardown.py
[2023-07-22T17:46:16.523-0500] {processor.py:179} INFO - Processing /Users/abhishekpatkar/Documents/Projects/af_file_loader/venv/lib/python3.11/site-packages/airflow/example_dags/example_setup_teardown.py took 4.176 seconds
[2023-07-22T17:52:41.693-0500] {processor.py:157} INFO - Started process (PID=24324) to work on /Users/abhishekpatkar/Documents/Projects/af_file_loader/venv/lib/python3.11/site-packages/airflow/example_dags/example_setup_teardown.py
[2023-07-22T17:52:41.697-0500] {processor.py:826} INFO - Processing file /Users/abhishekpatkar/Documents/Projects/af_file_loader/venv/lib/python3.11/site-packages/airflow/example_dags/example_setup_teardown.py for tasks to queue
[2023-07-22T17:52:41.697-0500] {logging_mixin.py:150} INFO - [2023-07-22T17:52:41.697-0500] {dagbag.py:541} INFO - Filling up the DagBag from /Users/abhishekpatkar/Documents/Projects/af_file_loader/venv/lib/python3.11/site-packages/airflow/example_dags/example_setup_teardown.py
[2023-07-22T17:52:41.705-0500] {processor.py:838} WARNING - No viable dags retrieved from /Users/abhishekpatkar/Documents/Projects/af_file_loader/venv/lib/python3.11/site-packages/airflow/example_dags/example_setup_teardown.py
[2023-07-22T17:52:43.264-0500] {processor.py:179} INFO - Processing /Users/abhishekpatkar/Documents/Projects/af_file_loader/venv/lib/python3.11/site-packages/airflow/example_dags/example_setup_teardown.py took 1.572 seconds
[2023-07-22T17:58:09.077-0500] {processor.py:157} INFO - Started process (PID=24571) to work on /Users/abhishekpatkar/Documents/Projects/af_file_loader/venv/lib/python3.11/site-packages/airflow/example_dags/example_setup_teardown.py
[2023-07-22T17:58:09.082-0500] {processor.py:826} INFO - Processing file /Users/abhishekpatkar/Documents/Projects/af_file_loader/venv/lib/python3.11/site-packages/airflow/example_dags/example_setup_teardown.py for tasks to queue
[2023-07-22T17:58:09.083-0500] {logging_mixin.py:150} INFO - [2023-07-22T17:58:09.083-0500] {dagbag.py:541} INFO - Filling up the DagBag from /Users/abhishekpatkar/Documents/Projects/af_file_loader/venv/lib/python3.11/site-packages/airflow/example_dags/example_setup_teardown.py
[2023-07-22T17:58:09.090-0500] {processor.py:838} WARNING - No viable dags retrieved from /Users/abhishekpatkar/Documents/Projects/af_file_loader/venv/lib/python3.11/site-packages/airflow/example_dags/example_setup_teardown.py
[2023-07-22T17:58:12.676-0500] {processor.py:179} INFO - Processing /Users/abhishekpatkar/Documents/Projects/af_file_loader/venv/lib/python3.11/site-packages/airflow/example_dags/example_setup_teardown.py took 3.600 seconds
[2023-07-22T18:02:34.046-0500] {processor.py:157} INFO - Started process (PID=24755) to work on /Users/abhishekpatkar/Documents/Projects/af_file_loader/venv/lib/python3.11/site-packages/airflow/example_dags/example_setup_teardown.py
[2023-07-22T18:02:34.057-0500] {processor.py:826} INFO - Processing file /Users/abhishekpatkar/Documents/Projects/af_file_loader/venv/lib/python3.11/site-packages/airflow/example_dags/example_setup_teardown.py for tasks to queue
[2023-07-22T18:02:34.062-0500] {logging_mixin.py:150} INFO - [2023-07-22T18:02:34.062-0500] {dagbag.py:541} INFO - Filling up the DagBag from /Users/abhishekpatkar/Documents/Projects/af_file_loader/venv/lib/python3.11/site-packages/airflow/example_dags/example_setup_teardown.py
[2023-07-22T18:02:34.083-0500] {processor.py:838} WARNING - No viable dags retrieved from /Users/abhishekpatkar/Documents/Projects/af_file_loader/venv/lib/python3.11/site-packages/airflow/example_dags/example_setup_teardown.py
[2023-07-22T18:02:37.462-0500] {processor.py:179} INFO - Processing /Users/abhishekpatkar/Documents/Projects/af_file_loader/venv/lib/python3.11/site-packages/airflow/example_dags/example_setup_teardown.py took 3.424 seconds
[2023-07-22T18:05:48.833-0500] {processor.py:157} INFO - Started process (PID=24873) to work on /Users/abhishekpatkar/Documents/Projects/af_file_loader/venv/lib/python3.11/site-packages/airflow/example_dags/example_setup_teardown.py
[2023-07-22T18:05:48.838-0500] {processor.py:826} INFO - Processing file /Users/abhishekpatkar/Documents/Projects/af_file_loader/venv/lib/python3.11/site-packages/airflow/example_dags/example_setup_teardown.py for tasks to queue
[2023-07-22T18:05:48.839-0500] {logging_mixin.py:150} INFO - [2023-07-22T18:05:48.838-0500] {dagbag.py:541} INFO - Filling up the DagBag from /Users/abhishekpatkar/Documents/Projects/af_file_loader/venv/lib/python3.11/site-packages/airflow/example_dags/example_setup_teardown.py
[2023-07-22T18:05:48.848-0500] {processor.py:838} WARNING - No viable dags retrieved from /Users/abhishekpatkar/Documents/Projects/af_file_loader/venv/lib/python3.11/site-packages/airflow/example_dags/example_setup_teardown.py
[2023-07-22T18:05:50.672-0500] {processor.py:179} INFO - Processing /Users/abhishekpatkar/Documents/Projects/af_file_loader/venv/lib/python3.11/site-packages/airflow/example_dags/example_setup_teardown.py took 1.841 seconds
