[2023-07-22T14:51:43.462-0500] {processor.py:157} INFO - Started process (PID=16631) to work on /Users/abhishekpatkar/Documents/Projects/af_file_loader/venv/lib/python3.11/site-packages/airflow/example_dags/example_params_trigger_ui.py
[2023-07-22T14:51:43.465-0500] {processor.py:826} INFO - Processing file /Users/abhishekpatkar/Documents/Projects/af_file_loader/venv/lib/python3.11/site-packages/airflow/example_dags/example_params_trigger_ui.py for tasks to queue
[2023-07-22T14:51:43.466-0500] {logging_mixin.py:150} INFO - [2023-07-22T14:51:43.466-0500] {dagbag.py:541} INFO - Filling up the DagBag from /Users/abhishekpatkar/Documents/Projects/af_file_loader/venv/lib/python3.11/site-packages/airflow/example_dags/example_params_trigger_ui.py
[2023-07-22T14:51:43.639-0500] {processor.py:836} INFO - DAG(s) dict_keys(['example_params_trigger_ui']) retrieved from /Users/abhishekpatkar/Documents/Projects/af_file_loader/venv/lib/python3.11/site-packages/airflow/example_dags/example_params_trigger_ui.py
[2023-07-22T14:51:44.820-0500] {logging_mixin.py:150} INFO - [2023-07-22T14:51:44.819-0500] {manager.py:504} INFO - Created Permission View: can delete on DAG:example_params_trigger_ui
[2023-07-22T14:51:44.832-0500] {logging_mixin.py:150} INFO - [2023-07-22T14:51:44.832-0500] {manager.py:504} INFO - Created Permission View: can read on DAG:example_params_trigger_ui
[2023-07-22T14:51:44.840-0500] {logging_mixin.py:150} INFO - [2023-07-22T14:51:44.840-0500] {manager.py:504} INFO - Created Permission View: can edit on DAG:example_params_trigger_ui
[2023-07-22T14:51:44.865-0500] {logging_mixin.py:150} INFO - [2023-07-22T14:51:44.865-0500] {dag.py:2742} INFO - Sync 1 DAGs
[2023-07-22T14:51:44.881-0500] {logging_mixin.py:150} INFO - [2023-07-22T14:51:44.881-0500] {dag.py:2763} INFO - Creating ORM DAG for example_params_trigger_ui
[2023-07-22T14:51:44.908-0500] {logging_mixin.py:150} INFO - [2023-07-22T14:51:44.907-0500] {dag.py:3504} INFO - Setting next_dagrun for example_params_trigger_ui to None, run_after=None
[2023-07-22T14:51:44.965-0500] {processor.py:179} INFO - Processing /Users/abhishekpatkar/Documents/Projects/af_file_loader/venv/lib/python3.11/site-packages/airflow/example_dags/example_params_trigger_ui.py took 1.504 seconds
[2023-07-22T14:55:07.840-0500] {processor.py:157} INFO - Started process (PID=16857) to work on /Users/abhishekpatkar/Documents/Projects/af_file_loader/venv/lib/python3.11/site-packages/airflow/example_dags/example_params_trigger_ui.py
[2023-07-22T14:55:07.845-0500] {processor.py:826} INFO - Processing file /Users/abhishekpatkar/Documents/Projects/af_file_loader/venv/lib/python3.11/site-packages/airflow/example_dags/example_params_trigger_ui.py for tasks to queue
[2023-07-22T14:55:07.846-0500] {logging_mixin.py:150} INFO - [2023-07-22T14:55:07.846-0500] {dagbag.py:541} INFO - Filling up the DagBag from /Users/abhishekpatkar/Documents/Projects/af_file_loader/venv/lib/python3.11/site-packages/airflow/example_dags/example_params_trigger_ui.py
[2023-07-22T14:55:08.092-0500] {processor.py:836} INFO - DAG(s) dict_keys(['example_params_trigger_ui']) retrieved from /Users/abhishekpatkar/Documents/Projects/af_file_loader/venv/lib/python3.11/site-packages/airflow/example_dags/example_params_trigger_ui.py
[2023-07-22T14:55:09.677-0500] {logging_mixin.py:150} INFO - [2023-07-22T14:55:09.676-0500] {dag.py:2742} INFO - Sync 1 DAGs
[2023-07-22T14:55:09.717-0500] {logging_mixin.py:150} INFO - [2023-07-22T14:55:09.717-0500] {dag.py:3504} INFO - Setting next_dagrun for example_params_trigger_ui to None, run_after=None
[2023-07-22T14:55:09.744-0500] {processor.py:179} INFO - Processing /Users/abhishekpatkar/Documents/Projects/af_file_loader/venv/lib/python3.11/site-packages/airflow/example_dags/example_params_trigger_ui.py took 1.905 seconds
[2023-07-22T14:57:46.598-0500] {processor.py:157} INFO - Started process (PID=16995) to work on /Users/abhishekpatkar/Documents/Projects/af_file_loader/venv/lib/python3.11/site-packages/airflow/example_dags/example_params_trigger_ui.py
[2023-07-22T14:57:46.602-0500] {processor.py:826} INFO - Processing file /Users/abhishekpatkar/Documents/Projects/af_file_loader/venv/lib/python3.11/site-packages/airflow/example_dags/example_params_trigger_ui.py for tasks to queue
[2023-07-22T14:57:46.603-0500] {logging_mixin.py:150} INFO - [2023-07-22T14:57:46.603-0500] {dagbag.py:541} INFO - Filling up the DagBag from /Users/abhishekpatkar/Documents/Projects/af_file_loader/venv/lib/python3.11/site-packages/airflow/example_dags/example_params_trigger_ui.py
[2023-07-22T14:57:46.765-0500] {processor.py:836} INFO - DAG(s) dict_keys(['example_params_trigger_ui']) retrieved from /Users/abhishekpatkar/Documents/Projects/af_file_loader/venv/lib/python3.11/site-packages/airflow/example_dags/example_params_trigger_ui.py
[2023-07-22T14:57:47.688-0500] {logging_mixin.py:150} INFO - [2023-07-22T14:57:47.688-0500] {dag.py:2742} INFO - Sync 1 DAGs
[2023-07-22T14:57:47.707-0500] {logging_mixin.py:150} INFO - [2023-07-22T14:57:47.707-0500] {dag.py:3504} INFO - Setting next_dagrun for example_params_trigger_ui to None, run_after=None
[2023-07-22T14:57:47.734-0500] {processor.py:179} INFO - Processing /Users/abhishekpatkar/Documents/Projects/af_file_loader/venv/lib/python3.11/site-packages/airflow/example_dags/example_params_trigger_ui.py took 1.137 seconds
[2023-07-22T15:00:03.864-0500] {processor.py:157} INFO - Started process (PID=17078) to work on /Users/abhishekpatkar/Documents/Projects/af_file_loader/venv/lib/python3.11/site-packages/airflow/example_dags/example_params_trigger_ui.py
[2023-07-22T15:00:03.870-0500] {processor.py:826} INFO - Processing file /Users/abhishekpatkar/Documents/Projects/af_file_loader/venv/lib/python3.11/site-packages/airflow/example_dags/example_params_trigger_ui.py for tasks to queue
[2023-07-22T15:00:03.871-0500] {logging_mixin.py:150} INFO - [2023-07-22T15:00:03.871-0500] {dagbag.py:541} INFO - Filling up the DagBag from /Users/abhishekpatkar/Documents/Projects/af_file_loader/venv/lib/python3.11/site-packages/airflow/example_dags/example_params_trigger_ui.py
[2023-07-22T15:00:04.124-0500] {processor.py:836} INFO - DAG(s) dict_keys(['example_params_trigger_ui']) retrieved from /Users/abhishekpatkar/Documents/Projects/af_file_loader/venv/lib/python3.11/site-packages/airflow/example_dags/example_params_trigger_ui.py
[2023-07-22T15:00:05.031-0500] {logging_mixin.py:150} INFO - [2023-07-22T15:00:05.031-0500] {dag.py:2742} INFO - Sync 1 DAGs
[2023-07-22T15:00:05.065-0500] {logging_mixin.py:150} INFO - [2023-07-22T15:00:05.065-0500] {dag.py:3504} INFO - Setting next_dagrun for example_params_trigger_ui to None, run_after=None
[2023-07-22T15:00:05.100-0500] {processor.py:179} INFO - Processing /Users/abhishekpatkar/Documents/Projects/af_file_loader/venv/lib/python3.11/site-packages/airflow/example_dags/example_params_trigger_ui.py took 1.238 seconds
[2023-07-22T15:02:29.400-0500] {processor.py:157} INFO - Started process (PID=17243) to work on /Users/abhishekpatkar/Documents/Projects/af_file_loader/venv/lib/python3.11/site-packages/airflow/example_dags/example_params_trigger_ui.py
[2023-07-22T15:02:29.406-0500] {processor.py:826} INFO - Processing file /Users/abhishekpatkar/Documents/Projects/af_file_loader/venv/lib/python3.11/site-packages/airflow/example_dags/example_params_trigger_ui.py for tasks to queue
[2023-07-22T15:02:29.407-0500] {logging_mixin.py:150} INFO - [2023-07-22T15:02:29.407-0500] {dagbag.py:541} INFO - Filling up the DagBag from /Users/abhishekpatkar/Documents/Projects/af_file_loader/venv/lib/python3.11/site-packages/airflow/example_dags/example_params_trigger_ui.py
[2023-07-22T15:02:29.589-0500] {processor.py:836} INFO - DAG(s) dict_keys(['example_params_trigger_ui']) retrieved from /Users/abhishekpatkar/Documents/Projects/af_file_loader/venv/lib/python3.11/site-packages/airflow/example_dags/example_params_trigger_ui.py
[2023-07-22T15:02:30.594-0500] {logging_mixin.py:150} INFO - [2023-07-22T15:02:30.593-0500] {dag.py:2742} INFO - Sync 1 DAGs
[2023-07-22T15:02:30.632-0500] {logging_mixin.py:150} INFO - [2023-07-22T15:02:30.632-0500] {dag.py:3504} INFO - Setting next_dagrun for example_params_trigger_ui to None, run_after=None
[2023-07-22T15:02:30.665-0500] {processor.py:179} INFO - Processing /Users/abhishekpatkar/Documents/Projects/af_file_loader/venv/lib/python3.11/site-packages/airflow/example_dags/example_params_trigger_ui.py took 1.265 seconds
[2023-07-22T15:05:16.752-0500] {processor.py:157} INFO - Started process (PID=17572) to work on /Users/abhishekpatkar/Documents/Projects/af_file_loader/venv/lib/python3.11/site-packages/airflow/example_dags/example_params_trigger_ui.py
[2023-07-22T15:05:16.756-0500] {processor.py:826} INFO - Processing file /Users/abhishekpatkar/Documents/Projects/af_file_loader/venv/lib/python3.11/site-packages/airflow/example_dags/example_params_trigger_ui.py for tasks to queue
[2023-07-22T15:05:16.757-0500] {logging_mixin.py:150} INFO - [2023-07-22T15:05:16.756-0500] {dagbag.py:541} INFO - Filling up the DagBag from /Users/abhishekpatkar/Documents/Projects/af_file_loader/venv/lib/python3.11/site-packages/airflow/example_dags/example_params_trigger_ui.py
[2023-07-22T15:05:17.024-0500] {processor.py:836} INFO - DAG(s) dict_keys(['example_params_trigger_ui']) retrieved from /Users/abhishekpatkar/Documents/Projects/af_file_loader/venv/lib/python3.11/site-packages/airflow/example_dags/example_params_trigger_ui.py
[2023-07-22T15:05:17.886-0500] {logging_mixin.py:150} INFO - [2023-07-22T15:05:17.886-0500] {dag.py:2742} INFO - Sync 1 DAGs
[2023-07-22T15:05:17.905-0500] {logging_mixin.py:150} INFO - [2023-07-22T15:05:17.905-0500] {dag.py:3504} INFO - Setting next_dagrun for example_params_trigger_ui to None, run_after=None
[2023-07-22T15:05:17.933-0500] {processor.py:179} INFO - Processing /Users/abhishekpatkar/Documents/Projects/af_file_loader/venv/lib/python3.11/site-packages/airflow/example_dags/example_params_trigger_ui.py took 1.182 seconds
[2023-07-22T15:10:48.711-0500] {processor.py:157} INFO - Started process (PID=17811) to work on /Users/abhishekpatkar/Documents/Projects/af_file_loader/venv/lib/python3.11/site-packages/airflow/example_dags/example_params_trigger_ui.py
[2023-07-22T15:10:48.715-0500] {processor.py:826} INFO - Processing file /Users/abhishekpatkar/Documents/Projects/af_file_loader/venv/lib/python3.11/site-packages/airflow/example_dags/example_params_trigger_ui.py for tasks to queue
[2023-07-22T15:10:48.716-0500] {logging_mixin.py:150} INFO - [2023-07-22T15:10:48.716-0500] {dagbag.py:541} INFO - Filling up the DagBag from /Users/abhishekpatkar/Documents/Projects/af_file_loader/venv/lib/python3.11/site-packages/airflow/example_dags/example_params_trigger_ui.py
[2023-07-22T15:10:49.001-0500] {processor.py:836} INFO - DAG(s) dict_keys(['example_params_trigger_ui']) retrieved from /Users/abhishekpatkar/Documents/Projects/af_file_loader/venv/lib/python3.11/site-packages/airflow/example_dags/example_params_trigger_ui.py
[2023-07-22T15:10:50.566-0500] {logging_mixin.py:150} INFO - [2023-07-22T15:10:50.566-0500] {dag.py:2742} INFO - Sync 1 DAGs
[2023-07-22T15:10:50.593-0500] {logging_mixin.py:150} INFO - [2023-07-22T15:10:50.592-0500] {dag.py:3504} INFO - Setting next_dagrun for example_params_trigger_ui to None, run_after=None
[2023-07-22T15:10:50.612-0500] {processor.py:179} INFO - Processing /Users/abhishekpatkar/Documents/Projects/af_file_loader/venv/lib/python3.11/site-packages/airflow/example_dags/example_params_trigger_ui.py took 1.902 seconds
[2023-07-22T15:13:41.891-0500] {processor.py:157} INFO - Started process (PID=17910) to work on /Users/abhishekpatkar/Documents/Projects/af_file_loader/venv/lib/python3.11/site-packages/airflow/example_dags/example_params_trigger_ui.py
[2023-07-22T15:13:41.896-0500] {processor.py:826} INFO - Processing file /Users/abhishekpatkar/Documents/Projects/af_file_loader/venv/lib/python3.11/site-packages/airflow/example_dags/example_params_trigger_ui.py for tasks to queue
[2023-07-22T15:13:41.897-0500] {logging_mixin.py:150} INFO - [2023-07-22T15:13:41.897-0500] {dagbag.py:541} INFO - Filling up the DagBag from /Users/abhishekpatkar/Documents/Projects/af_file_loader/venv/lib/python3.11/site-packages/airflow/example_dags/example_params_trigger_ui.py
[2023-07-22T15:13:42.024-0500] {processor.py:836} INFO - DAG(s) dict_keys(['example_params_trigger_ui']) retrieved from /Users/abhishekpatkar/Documents/Projects/af_file_loader/venv/lib/python3.11/site-packages/airflow/example_dags/example_params_trigger_ui.py
[2023-07-22T15:13:42.640-0500] {logging_mixin.py:150} INFO - [2023-07-22T15:13:42.640-0500] {dag.py:2742} INFO - Sync 1 DAGs
[2023-07-22T15:13:42.659-0500] {logging_mixin.py:150} INFO - [2023-07-22T15:13:42.659-0500] {dag.py:3504} INFO - Setting next_dagrun for example_params_trigger_ui to None, run_after=None
[2023-07-22T15:13:42.678-0500] {processor.py:179} INFO - Processing /Users/abhishekpatkar/Documents/Projects/af_file_loader/venv/lib/python3.11/site-packages/airflow/example_dags/example_params_trigger_ui.py took 0.788 seconds
[2023-07-22T15:16:32.562-0500] {processor.py:157} INFO - Started process (PID=18009) to work on /Users/abhishekpatkar/Documents/Projects/af_file_loader/venv/lib/python3.11/site-packages/airflow/example_dags/example_params_trigger_ui.py
[2023-07-22T15:16:32.566-0500] {processor.py:826} INFO - Processing file /Users/abhishekpatkar/Documents/Projects/af_file_loader/venv/lib/python3.11/site-packages/airflow/example_dags/example_params_trigger_ui.py for tasks to queue
[2023-07-22T15:16:32.566-0500] {logging_mixin.py:150} INFO - [2023-07-22T15:16:32.566-0500] {dagbag.py:541} INFO - Filling up the DagBag from /Users/abhishekpatkar/Documents/Projects/af_file_loader/venv/lib/python3.11/site-packages/airflow/example_dags/example_params_trigger_ui.py
[2023-07-22T15:16:32.740-0500] {processor.py:836} INFO - DAG(s) dict_keys(['example_params_trigger_ui']) retrieved from /Users/abhishekpatkar/Documents/Projects/af_file_loader/venv/lib/python3.11/site-packages/airflow/example_dags/example_params_trigger_ui.py
[2023-07-22T15:16:33.804-0500] {logging_mixin.py:150} INFO - [2023-07-22T15:16:33.804-0500] {dag.py:2742} INFO - Sync 1 DAGs
[2023-07-22T15:16:33.824-0500] {logging_mixin.py:150} INFO - [2023-07-22T15:16:33.824-0500] {dag.py:3504} INFO - Setting next_dagrun for example_params_trigger_ui to None, run_after=None
[2023-07-22T15:16:33.846-0500] {processor.py:179} INFO - Processing /Users/abhishekpatkar/Documents/Projects/af_file_loader/venv/lib/python3.11/site-packages/airflow/example_dags/example_params_trigger_ui.py took 1.285 seconds
[2023-07-22T15:19:32.013-0500] {processor.py:157} INFO - Started process (PID=18114) to work on /Users/abhishekpatkar/Documents/Projects/af_file_loader/venv/lib/python3.11/site-packages/airflow/example_dags/example_params_trigger_ui.py
[2023-07-22T15:19:32.017-0500] {processor.py:826} INFO - Processing file /Users/abhishekpatkar/Documents/Projects/af_file_loader/venv/lib/python3.11/site-packages/airflow/example_dags/example_params_trigger_ui.py for tasks to queue
[2023-07-22T15:19:32.019-0500] {logging_mixin.py:150} INFO - [2023-07-22T15:19:32.019-0500] {dagbag.py:541} INFO - Filling up the DagBag from /Users/abhishekpatkar/Documents/Projects/af_file_loader/venv/lib/python3.11/site-packages/airflow/example_dags/example_params_trigger_ui.py
[2023-07-22T15:19:32.267-0500] {processor.py:836} INFO - DAG(s) dict_keys(['example_params_trigger_ui']) retrieved from /Users/abhishekpatkar/Documents/Projects/af_file_loader/venv/lib/python3.11/site-packages/airflow/example_dags/example_params_trigger_ui.py
[2023-07-22T15:19:33.118-0500] {logging_mixin.py:150} INFO - [2023-07-22T15:19:33.118-0500] {dag.py:2742} INFO - Sync 1 DAGs
[2023-07-22T15:19:33.157-0500] {logging_mixin.py:150} INFO - [2023-07-22T15:19:33.157-0500] {dag.py:3504} INFO - Setting next_dagrun for example_params_trigger_ui to None, run_after=None
[2023-07-22T15:19:33.188-0500] {processor.py:179} INFO - Processing /Users/abhishekpatkar/Documents/Projects/af_file_loader/venv/lib/python3.11/site-packages/airflow/example_dags/example_params_trigger_ui.py took 1.177 seconds
[2023-07-22T15:22:12.228-0500] {processor.py:157} INFO - Started process (PID=18210) to work on /Users/abhishekpatkar/Documents/Projects/af_file_loader/venv/lib/python3.11/site-packages/airflow/example_dags/example_params_trigger_ui.py
[2023-07-22T15:22:12.234-0500] {processor.py:826} INFO - Processing file /Users/abhishekpatkar/Documents/Projects/af_file_loader/venv/lib/python3.11/site-packages/airflow/example_dags/example_params_trigger_ui.py for tasks to queue
[2023-07-22T15:22:12.235-0500] {logging_mixin.py:150} INFO - [2023-07-22T15:22:12.234-0500] {dagbag.py:541} INFO - Filling up the DagBag from /Users/abhishekpatkar/Documents/Projects/af_file_loader/venv/lib/python3.11/site-packages/airflow/example_dags/example_params_trigger_ui.py
[2023-07-22T15:22:12.396-0500] {processor.py:836} INFO - DAG(s) dict_keys(['example_params_trigger_ui']) retrieved from /Users/abhishekpatkar/Documents/Projects/af_file_loader/venv/lib/python3.11/site-packages/airflow/example_dags/example_params_trigger_ui.py
[2023-07-22T15:22:13.029-0500] {logging_mixin.py:150} INFO - [2023-07-22T15:22:13.029-0500] {dag.py:2742} INFO - Sync 1 DAGs
[2023-07-22T15:22:13.046-0500] {logging_mixin.py:150} INFO - [2023-07-22T15:22:13.046-0500] {dag.py:3504} INFO - Setting next_dagrun for example_params_trigger_ui to None, run_after=None
[2023-07-22T15:22:13.064-0500] {processor.py:179} INFO - Processing /Users/abhishekpatkar/Documents/Projects/af_file_loader/venv/lib/python3.11/site-packages/airflow/example_dags/example_params_trigger_ui.py took 0.838 seconds
[2023-07-22T15:24:19.922-0500] {processor.py:157} INFO - Started process (PID=18296) to work on /Users/abhishekpatkar/Documents/Projects/af_file_loader/venv/lib/python3.11/site-packages/airflow/example_dags/example_params_trigger_ui.py
[2023-07-22T15:24:19.927-0500] {processor.py:826} INFO - Processing file /Users/abhishekpatkar/Documents/Projects/af_file_loader/venv/lib/python3.11/site-packages/airflow/example_dags/example_params_trigger_ui.py for tasks to queue
[2023-07-22T15:24:19.928-0500] {logging_mixin.py:150} INFO - [2023-07-22T15:24:19.928-0500] {dagbag.py:541} INFO - Filling up the DagBag from /Users/abhishekpatkar/Documents/Projects/af_file_loader/venv/lib/python3.11/site-packages/airflow/example_dags/example_params_trigger_ui.py
[2023-07-22T15:24:20.081-0500] {processor.py:836} INFO - DAG(s) dict_keys(['example_params_trigger_ui']) retrieved from /Users/abhishekpatkar/Documents/Projects/af_file_loader/venv/lib/python3.11/site-packages/airflow/example_dags/example_params_trigger_ui.py
[2023-07-22T15:24:20.848-0500] {logging_mixin.py:150} INFO - [2023-07-22T15:24:20.847-0500] {dag.py:2742} INFO - Sync 1 DAGs
[2023-07-22T15:24:20.868-0500] {logging_mixin.py:150} INFO - [2023-07-22T15:24:20.868-0500] {dag.py:3504} INFO - Setting next_dagrun for example_params_trigger_ui to None, run_after=None
[2023-07-22T15:24:20.889-0500] {processor.py:179} INFO - Processing /Users/abhishekpatkar/Documents/Projects/af_file_loader/venv/lib/python3.11/site-packages/airflow/example_dags/example_params_trigger_ui.py took 0.969 seconds
[2023-07-22T15:27:19.921-0500] {processor.py:157} INFO - Started process (PID=18548) to work on /Users/abhishekpatkar/Documents/Projects/af_file_loader/venv/lib/python3.11/site-packages/airflow/example_dags/example_params_trigger_ui.py
[2023-07-22T15:27:19.929-0500] {processor.py:826} INFO - Processing file /Users/abhishekpatkar/Documents/Projects/af_file_loader/venv/lib/python3.11/site-packages/airflow/example_dags/example_params_trigger_ui.py for tasks to queue
[2023-07-22T15:27:19.932-0500] {logging_mixin.py:150} INFO - [2023-07-22T15:27:19.932-0500] {dagbag.py:541} INFO - Filling up the DagBag from /Users/abhishekpatkar/Documents/Projects/af_file_loader/venv/lib/python3.11/site-packages/airflow/example_dags/example_params_trigger_ui.py
[2023-07-22T15:27:20.231-0500] {processor.py:836} INFO - DAG(s) dict_keys(['example_params_trigger_ui']) retrieved from /Users/abhishekpatkar/Documents/Projects/af_file_loader/venv/lib/python3.11/site-packages/airflow/example_dags/example_params_trigger_ui.py
[2023-07-22T15:27:22.746-0500] {logging_mixin.py:150} INFO - [2023-07-22T15:27:22.736-0500] {dag.py:2742} INFO - Sync 1 DAGs
[2023-07-22T15:27:22.812-0500] {logging_mixin.py:150} INFO - [2023-07-22T15:27:22.811-0500] {dag.py:3504} INFO - Setting next_dagrun for example_params_trigger_ui to None, run_after=None
[2023-07-22T15:27:22.863-0500] {processor.py:179} INFO - Processing /Users/abhishekpatkar/Documents/Projects/af_file_loader/venv/lib/python3.11/site-packages/airflow/example_dags/example_params_trigger_ui.py took 2.943 seconds
[2023-07-22T15:30:33.628-0500] {processor.py:157} INFO - Started process (PID=18745) to work on /Users/abhishekpatkar/Documents/Projects/af_file_loader/venv/lib/python3.11/site-packages/airflow/example_dags/example_params_trigger_ui.py
[2023-07-22T15:30:33.633-0500] {processor.py:826} INFO - Processing file /Users/abhishekpatkar/Documents/Projects/af_file_loader/venv/lib/python3.11/site-packages/airflow/example_dags/example_params_trigger_ui.py for tasks to queue
[2023-07-22T15:30:33.634-0500] {logging_mixin.py:150} INFO - [2023-07-22T15:30:33.633-0500] {dagbag.py:541} INFO - Filling up the DagBag from /Users/abhishekpatkar/Documents/Projects/af_file_loader/venv/lib/python3.11/site-packages/airflow/example_dags/example_params_trigger_ui.py
[2023-07-22T15:30:33.816-0500] {processor.py:836} INFO - DAG(s) dict_keys(['example_params_trigger_ui']) retrieved from /Users/abhishekpatkar/Documents/Projects/af_file_loader/venv/lib/python3.11/site-packages/airflow/example_dags/example_params_trigger_ui.py
[2023-07-22T15:30:34.722-0500] {logging_mixin.py:150} INFO - [2023-07-22T15:30:34.721-0500] {dag.py:2742} INFO - Sync 1 DAGs
[2023-07-22T15:30:34.750-0500] {logging_mixin.py:150} INFO - [2023-07-22T15:30:34.749-0500] {dag.py:3504} INFO - Setting next_dagrun for example_params_trigger_ui to None, run_after=None
[2023-07-22T15:30:34.770-0500] {processor.py:179} INFO - Processing /Users/abhishekpatkar/Documents/Projects/af_file_loader/venv/lib/python3.11/site-packages/airflow/example_dags/example_params_trigger_ui.py took 1.143 seconds
[2023-07-22T15:32:52.644-0500] {processor.py:157} INFO - Started process (PID=18853) to work on /Users/abhishekpatkar/Documents/Projects/af_file_loader/venv/lib/python3.11/site-packages/airflow/example_dags/example_params_trigger_ui.py
[2023-07-22T15:32:52.648-0500] {processor.py:826} INFO - Processing file /Users/abhishekpatkar/Documents/Projects/af_file_loader/venv/lib/python3.11/site-packages/airflow/example_dags/example_params_trigger_ui.py for tasks to queue
[2023-07-22T15:32:52.648-0500] {logging_mixin.py:150} INFO - [2023-07-22T15:32:52.648-0500] {dagbag.py:541} INFO - Filling up the DagBag from /Users/abhishekpatkar/Documents/Projects/af_file_loader/venv/lib/python3.11/site-packages/airflow/example_dags/example_params_trigger_ui.py
[2023-07-22T15:32:52.778-0500] {processor.py:836} INFO - DAG(s) dict_keys(['example_params_trigger_ui']) retrieved from /Users/abhishekpatkar/Documents/Projects/af_file_loader/venv/lib/python3.11/site-packages/airflow/example_dags/example_params_trigger_ui.py
[2023-07-22T15:32:53.368-0500] {logging_mixin.py:150} INFO - [2023-07-22T15:32:53.368-0500] {dag.py:2742} INFO - Sync 1 DAGs
[2023-07-22T15:32:53.386-0500] {logging_mixin.py:150} INFO - [2023-07-22T15:32:53.385-0500] {dag.py:3504} INFO - Setting next_dagrun for example_params_trigger_ui to None, run_after=None
[2023-07-22T15:32:53.414-0500] {processor.py:179} INFO - Processing /Users/abhishekpatkar/Documents/Projects/af_file_loader/venv/lib/python3.11/site-packages/airflow/example_dags/example_params_trigger_ui.py took 0.771 seconds
[2023-07-22T15:34:48.773-0500] {processor.py:157} INFO - Started process (PID=18930) to work on /Users/abhishekpatkar/Documents/Projects/af_file_loader/venv/lib/python3.11/site-packages/airflow/example_dags/example_params_trigger_ui.py
[2023-07-22T15:34:48.777-0500] {processor.py:826} INFO - Processing file /Users/abhishekpatkar/Documents/Projects/af_file_loader/venv/lib/python3.11/site-packages/airflow/example_dags/example_params_trigger_ui.py for tasks to queue
[2023-07-22T15:34:48.778-0500] {logging_mixin.py:150} INFO - [2023-07-22T15:34:48.777-0500] {dagbag.py:541} INFO - Filling up the DagBag from /Users/abhishekpatkar/Documents/Projects/af_file_loader/venv/lib/python3.11/site-packages/airflow/example_dags/example_params_trigger_ui.py
[2023-07-22T15:34:48.910-0500] {processor.py:836} INFO - DAG(s) dict_keys(['example_params_trigger_ui']) retrieved from /Users/abhishekpatkar/Documents/Projects/af_file_loader/venv/lib/python3.11/site-packages/airflow/example_dags/example_params_trigger_ui.py
[2023-07-22T15:34:49.502-0500] {logging_mixin.py:150} INFO - [2023-07-22T15:34:49.501-0500] {dag.py:2742} INFO - Sync 1 DAGs
[2023-07-22T15:34:49.519-0500] {logging_mixin.py:150} INFO - [2023-07-22T15:34:49.519-0500] {dag.py:3504} INFO - Setting next_dagrun for example_params_trigger_ui to None, run_after=None
[2023-07-22T15:34:49.537-0500] {processor.py:179} INFO - Processing /Users/abhishekpatkar/Documents/Projects/af_file_loader/venv/lib/python3.11/site-packages/airflow/example_dags/example_params_trigger_ui.py took 0.765 seconds
[2023-07-22T15:48:26.404-0500] {processor.py:157} INFO - Started process (PID=19426) to work on /Users/abhishekpatkar/Documents/Projects/af_file_loader/venv/lib/python3.11/site-packages/airflow/example_dags/example_params_trigger_ui.py
[2023-07-22T15:48:26.410-0500] {processor.py:826} INFO - Processing file /Users/abhishekpatkar/Documents/Projects/af_file_loader/venv/lib/python3.11/site-packages/airflow/example_dags/example_params_trigger_ui.py for tasks to queue
[2023-07-22T15:48:26.411-0500] {logging_mixin.py:150} INFO - [2023-07-22T15:48:26.411-0500] {dagbag.py:541} INFO - Filling up the DagBag from /Users/abhishekpatkar/Documents/Projects/af_file_loader/venv/lib/python3.11/site-packages/airflow/example_dags/example_params_trigger_ui.py
[2023-07-22T15:48:26.556-0500] {processor.py:836} INFO - DAG(s) dict_keys(['example_params_trigger_ui']) retrieved from /Users/abhishekpatkar/Documents/Projects/af_file_loader/venv/lib/python3.11/site-packages/airflow/example_dags/example_params_trigger_ui.py
[2023-07-22T15:48:27.354-0500] {logging_mixin.py:150} INFO - [2023-07-22T15:48:27.354-0500] {dag.py:2742} INFO - Sync 1 DAGs
[2023-07-22T15:48:27.374-0500] {logging_mixin.py:150} INFO - [2023-07-22T15:48:27.374-0500] {dag.py:3504} INFO - Setting next_dagrun for example_params_trigger_ui to None, run_after=None
[2023-07-22T15:48:27.396-0500] {processor.py:179} INFO - Processing /Users/abhishekpatkar/Documents/Projects/af_file_loader/venv/lib/python3.11/site-packages/airflow/example_dags/example_params_trigger_ui.py took 0.993 seconds
[2023-07-22T15:50:51.148-0500] {processor.py:157} INFO - Started process (PID=19641) to work on /Users/abhishekpatkar/Documents/Projects/af_file_loader/venv/lib/python3.11/site-packages/airflow/example_dags/example_params_trigger_ui.py
[2023-07-22T15:50:51.154-0500] {processor.py:826} INFO - Processing file /Users/abhishekpatkar/Documents/Projects/af_file_loader/venv/lib/python3.11/site-packages/airflow/example_dags/example_params_trigger_ui.py for tasks to queue
[2023-07-22T15:50:51.156-0500] {logging_mixin.py:150} INFO - [2023-07-22T15:50:51.155-0500] {dagbag.py:541} INFO - Filling up the DagBag from /Users/abhishekpatkar/Documents/Projects/af_file_loader/venv/lib/python3.11/site-packages/airflow/example_dags/example_params_trigger_ui.py
[2023-07-22T15:50:51.343-0500] {processor.py:836} INFO - DAG(s) dict_keys(['example_params_trigger_ui']) retrieved from /Users/abhishekpatkar/Documents/Projects/af_file_loader/venv/lib/python3.11/site-packages/airflow/example_dags/example_params_trigger_ui.py
[2023-07-22T15:50:52.139-0500] {logging_mixin.py:150} INFO - [2023-07-22T15:50:52.139-0500] {dag.py:2742} INFO - Sync 1 DAGs
[2023-07-22T15:50:52.162-0500] {logging_mixin.py:150} INFO - [2023-07-22T15:50:52.161-0500] {dag.py:3504} INFO - Setting next_dagrun for example_params_trigger_ui to None, run_after=None
[2023-07-22T15:50:52.189-0500] {processor.py:179} INFO - Processing /Users/abhishekpatkar/Documents/Projects/af_file_loader/venv/lib/python3.11/site-packages/airflow/example_dags/example_params_trigger_ui.py took 1.042 seconds
[2023-07-22T15:53:30.489-0500] {processor.py:157} INFO - Started process (PID=19857) to work on /Users/abhishekpatkar/Documents/Projects/af_file_loader/venv/lib/python3.11/site-packages/airflow/example_dags/example_params_trigger_ui.py
[2023-07-22T15:53:30.495-0500] {processor.py:826} INFO - Processing file /Users/abhishekpatkar/Documents/Projects/af_file_loader/venv/lib/python3.11/site-packages/airflow/example_dags/example_params_trigger_ui.py for tasks to queue
[2023-07-22T15:53:30.496-0500] {logging_mixin.py:150} INFO - [2023-07-22T15:53:30.496-0500] {dagbag.py:541} INFO - Filling up the DagBag from /Users/abhishekpatkar/Documents/Projects/af_file_loader/venv/lib/python3.11/site-packages/airflow/example_dags/example_params_trigger_ui.py
[2023-07-22T15:53:30.657-0500] {processor.py:836} INFO - DAG(s) dict_keys(['example_params_trigger_ui']) retrieved from /Users/abhishekpatkar/Documents/Projects/af_file_loader/venv/lib/python3.11/site-packages/airflow/example_dags/example_params_trigger_ui.py
[2023-07-22T15:53:31.412-0500] {logging_mixin.py:150} INFO - [2023-07-22T15:53:31.411-0500] {dag.py:2742} INFO - Sync 1 DAGs
[2023-07-22T15:53:31.431-0500] {logging_mixin.py:150} INFO - [2023-07-22T15:53:31.431-0500] {dag.py:3504} INFO - Setting next_dagrun for example_params_trigger_ui to None, run_after=None
[2023-07-22T15:53:31.453-0500] {processor.py:179} INFO - Processing /Users/abhishekpatkar/Documents/Projects/af_file_loader/venv/lib/python3.11/site-packages/airflow/example_dags/example_params_trigger_ui.py took 0.965 seconds
[2023-07-22T15:56:10.481-0500] {processor.py:157} INFO - Started process (PID=20071) to work on /Users/abhishekpatkar/Documents/Projects/af_file_loader/venv/lib/python3.11/site-packages/airflow/example_dags/example_params_trigger_ui.py
[2023-07-22T15:56:10.487-0500] {processor.py:826} INFO - Processing file /Users/abhishekpatkar/Documents/Projects/af_file_loader/venv/lib/python3.11/site-packages/airflow/example_dags/example_params_trigger_ui.py for tasks to queue
[2023-07-22T15:56:10.487-0500] {logging_mixin.py:150} INFO - [2023-07-22T15:56:10.487-0500] {dagbag.py:541} INFO - Filling up the DagBag from /Users/abhishekpatkar/Documents/Projects/af_file_loader/venv/lib/python3.11/site-packages/airflow/example_dags/example_params_trigger_ui.py
[2023-07-22T15:56:10.671-0500] {processor.py:836} INFO - DAG(s) dict_keys(['example_params_trigger_ui']) retrieved from /Users/abhishekpatkar/Documents/Projects/af_file_loader/venv/lib/python3.11/site-packages/airflow/example_dags/example_params_trigger_ui.py
[2023-07-22T15:56:11.678-0500] {logging_mixin.py:150} INFO - [2023-07-22T15:56:11.678-0500] {dag.py:2742} INFO - Sync 1 DAGs
[2023-07-22T15:56:11.702-0500] {logging_mixin.py:150} INFO - [2023-07-22T15:56:11.701-0500] {dag.py:3504} INFO - Setting next_dagrun for example_params_trigger_ui to None, run_after=None
[2023-07-22T15:56:11.728-0500] {processor.py:179} INFO - Processing /Users/abhishekpatkar/Documents/Projects/af_file_loader/venv/lib/python3.11/site-packages/airflow/example_dags/example_params_trigger_ui.py took 1.248 seconds
[2023-07-22T15:58:45.738-0500] {processor.py:157} INFO - Started process (PID=20255) to work on /Users/abhishekpatkar/Documents/Projects/af_file_loader/venv/lib/python3.11/site-packages/airflow/example_dags/example_params_trigger_ui.py
[2023-07-22T15:58:45.744-0500] {processor.py:826} INFO - Processing file /Users/abhishekpatkar/Documents/Projects/af_file_loader/venv/lib/python3.11/site-packages/airflow/example_dags/example_params_trigger_ui.py for tasks to queue
[2023-07-22T15:58:45.744-0500] {logging_mixin.py:150} INFO - [2023-07-22T15:58:45.744-0500] {dagbag.py:541} INFO - Filling up the DagBag from /Users/abhishekpatkar/Documents/Projects/af_file_loader/venv/lib/python3.11/site-packages/airflow/example_dags/example_params_trigger_ui.py
[2023-07-22T15:58:45.907-0500] {processor.py:836} INFO - DAG(s) dict_keys(['example_params_trigger_ui']) retrieved from /Users/abhishekpatkar/Documents/Projects/af_file_loader/venv/lib/python3.11/site-packages/airflow/example_dags/example_params_trigger_ui.py
[2023-07-22T15:58:46.723-0500] {logging_mixin.py:150} INFO - [2023-07-22T15:58:46.723-0500] {dag.py:2742} INFO - Sync 1 DAGs
[2023-07-22T15:58:46.746-0500] {logging_mixin.py:150} INFO - [2023-07-22T15:58:46.746-0500] {dag.py:3504} INFO - Setting next_dagrun for example_params_trigger_ui to None, run_after=None
[2023-07-22T15:58:46.770-0500] {processor.py:179} INFO - Processing /Users/abhishekpatkar/Documents/Projects/af_file_loader/venv/lib/python3.11/site-packages/airflow/example_dags/example_params_trigger_ui.py took 1.032 seconds
[2023-07-22T16:01:13.910-0500] {processor.py:157} INFO - Started process (PID=20343) to work on /Users/abhishekpatkar/Documents/Projects/af_file_loader/venv/lib/python3.11/site-packages/airflow/example_dags/example_params_trigger_ui.py
[2023-07-22T16:01:13.916-0500] {processor.py:826} INFO - Processing file /Users/abhishekpatkar/Documents/Projects/af_file_loader/venv/lib/python3.11/site-packages/airflow/example_dags/example_params_trigger_ui.py for tasks to queue
[2023-07-22T16:01:13.916-0500] {logging_mixin.py:150} INFO - [2023-07-22T16:01:13.916-0500] {dagbag.py:541} INFO - Filling up the DagBag from /Users/abhishekpatkar/Documents/Projects/af_file_loader/venv/lib/python3.11/site-packages/airflow/example_dags/example_params_trigger_ui.py
[2023-07-22T16:01:14.084-0500] {processor.py:836} INFO - DAG(s) dict_keys(['example_params_trigger_ui']) retrieved from /Users/abhishekpatkar/Documents/Projects/af_file_loader/venv/lib/python3.11/site-packages/airflow/example_dags/example_params_trigger_ui.py
[2023-07-22T16:01:14.855-0500] {logging_mixin.py:150} INFO - [2023-07-22T16:01:14.855-0500] {dag.py:2742} INFO - Sync 1 DAGs
[2023-07-22T16:01:14.872-0500] {logging_mixin.py:150} INFO - [2023-07-22T16:01:14.872-0500] {dag.py:3504} INFO - Setting next_dagrun for example_params_trigger_ui to None, run_after=None
[2023-07-22T16:01:14.899-0500] {processor.py:179} INFO - Processing /Users/abhishekpatkar/Documents/Projects/af_file_loader/venv/lib/python3.11/site-packages/airflow/example_dags/example_params_trigger_ui.py took 0.990 seconds
[2023-07-22T16:03:23.377-0500] {processor.py:157} INFO - Started process (PID=20422) to work on /Users/abhishekpatkar/Documents/Projects/af_file_loader/venv/lib/python3.11/site-packages/airflow/example_dags/example_params_trigger_ui.py
[2023-07-22T16:03:23.381-0500] {processor.py:826} INFO - Processing file /Users/abhishekpatkar/Documents/Projects/af_file_loader/venv/lib/python3.11/site-packages/airflow/example_dags/example_params_trigger_ui.py for tasks to queue
[2023-07-22T16:03:23.382-0500] {logging_mixin.py:150} INFO - [2023-07-22T16:03:23.382-0500] {dagbag.py:541} INFO - Filling up the DagBag from /Users/abhishekpatkar/Documents/Projects/af_file_loader/venv/lib/python3.11/site-packages/airflow/example_dags/example_params_trigger_ui.py
[2023-07-22T16:03:23.510-0500] {processor.py:836} INFO - DAG(s) dict_keys(['example_params_trigger_ui']) retrieved from /Users/abhishekpatkar/Documents/Projects/af_file_loader/venv/lib/python3.11/site-packages/airflow/example_dags/example_params_trigger_ui.py
[2023-07-22T16:03:24.067-0500] {logging_mixin.py:150} INFO - [2023-07-22T16:03:24.067-0500] {dag.py:2742} INFO - Sync 1 DAGs
[2023-07-22T16:03:24.083-0500] {logging_mixin.py:150} INFO - [2023-07-22T16:03:24.083-0500] {dag.py:3504} INFO - Setting next_dagrun for example_params_trigger_ui to None, run_after=None
[2023-07-22T16:03:24.103-0500] {processor.py:179} INFO - Processing /Users/abhishekpatkar/Documents/Projects/af_file_loader/venv/lib/python3.11/site-packages/airflow/example_dags/example_params_trigger_ui.py took 0.727 seconds
[2023-07-22T16:05:16.384-0500] {processor.py:157} INFO - Started process (PID=20508) to work on /Users/abhishekpatkar/Documents/Projects/af_file_loader/venv/lib/python3.11/site-packages/airflow/example_dags/example_params_trigger_ui.py
[2023-07-22T16:05:16.389-0500] {processor.py:826} INFO - Processing file /Users/abhishekpatkar/Documents/Projects/af_file_loader/venv/lib/python3.11/site-packages/airflow/example_dags/example_params_trigger_ui.py for tasks to queue
[2023-07-22T16:05:16.389-0500] {logging_mixin.py:150} INFO - [2023-07-22T16:05:16.389-0500] {dagbag.py:541} INFO - Filling up the DagBag from /Users/abhishekpatkar/Documents/Projects/af_file_loader/venv/lib/python3.11/site-packages/airflow/example_dags/example_params_trigger_ui.py
[2023-07-22T16:05:16.518-0500] {processor.py:836} INFO - DAG(s) dict_keys(['example_params_trigger_ui']) retrieved from /Users/abhishekpatkar/Documents/Projects/af_file_loader/venv/lib/python3.11/site-packages/airflow/example_dags/example_params_trigger_ui.py
[2023-07-22T16:05:17.085-0500] {logging_mixin.py:150} INFO - [2023-07-22T16:05:17.084-0500] {dag.py:2742} INFO - Sync 1 DAGs
[2023-07-22T16:05:17.101-0500] {logging_mixin.py:150} INFO - [2023-07-22T16:05:17.101-0500] {dag.py:3504} INFO - Setting next_dagrun for example_params_trigger_ui to None, run_after=None
[2023-07-22T16:05:17.118-0500] {processor.py:179} INFO - Processing /Users/abhishekpatkar/Documents/Projects/af_file_loader/venv/lib/python3.11/site-packages/airflow/example_dags/example_params_trigger_ui.py took 0.734 seconds
[2023-07-22T16:08:55.024-0500] {processor.py:157} INFO - Started process (PID=20673) to work on /Users/abhishekpatkar/Documents/Projects/af_file_loader/venv/lib/python3.11/site-packages/airflow/example_dags/example_params_trigger_ui.py
[2023-07-22T16:08:55.029-0500] {processor.py:826} INFO - Processing file /Users/abhishekpatkar/Documents/Projects/af_file_loader/venv/lib/python3.11/site-packages/airflow/example_dags/example_params_trigger_ui.py for tasks to queue
[2023-07-22T16:08:55.030-0500] {logging_mixin.py:150} INFO - [2023-07-22T16:08:55.030-0500] {dagbag.py:541} INFO - Filling up the DagBag from /Users/abhishekpatkar/Documents/Projects/af_file_loader/venv/lib/python3.11/site-packages/airflow/example_dags/example_params_trigger_ui.py
[2023-07-22T16:08:55.157-0500] {processor.py:836} INFO - DAG(s) dict_keys(['example_params_trigger_ui']) retrieved from /Users/abhishekpatkar/Documents/Projects/af_file_loader/venv/lib/python3.11/site-packages/airflow/example_dags/example_params_trigger_ui.py
[2023-07-22T16:08:55.719-0500] {logging_mixin.py:150} INFO - [2023-07-22T16:08:55.719-0500] {dag.py:2742} INFO - Sync 1 DAGs
[2023-07-22T16:08:55.736-0500] {logging_mixin.py:150} INFO - [2023-07-22T16:08:55.736-0500] {dag.py:3504} INFO - Setting next_dagrun for example_params_trigger_ui to None, run_after=None
[2023-07-22T16:08:55.754-0500] {processor.py:179} INFO - Processing /Users/abhishekpatkar/Documents/Projects/af_file_loader/venv/lib/python3.11/site-packages/airflow/example_dags/example_params_trigger_ui.py took 0.730 seconds
[2023-07-22T16:24:28.664-0500] {processor.py:157} INFO - Started process (PID=20879) to work on /Users/abhishekpatkar/Documents/Projects/af_file_loader/venv/lib/python3.11/site-packages/airflow/example_dags/example_params_trigger_ui.py
[2023-07-22T16:24:28.669-0500] {processor.py:826} INFO - Processing file /Users/abhishekpatkar/Documents/Projects/af_file_loader/venv/lib/python3.11/site-packages/airflow/example_dags/example_params_trigger_ui.py for tasks to queue
[2023-07-22T16:24:28.670-0500] {logging_mixin.py:150} INFO - [2023-07-22T16:24:28.669-0500] {dagbag.py:541} INFO - Filling up the DagBag from /Users/abhishekpatkar/Documents/Projects/af_file_loader/venv/lib/python3.11/site-packages/airflow/example_dags/example_params_trigger_ui.py
[2023-07-22T16:24:28.828-0500] {processor.py:836} INFO - DAG(s) dict_keys(['example_params_trigger_ui']) retrieved from /Users/abhishekpatkar/Documents/Projects/af_file_loader/venv/lib/python3.11/site-packages/airflow/example_dags/example_params_trigger_ui.py
[2023-07-22T16:24:29.452-0500] {logging_mixin.py:150} INFO - [2023-07-22T16:24:29.452-0500] {dag.py:2742} INFO - Sync 1 DAGs
[2023-07-22T16:24:29.470-0500] {logging_mixin.py:150} INFO - [2023-07-22T16:24:29.470-0500] {dag.py:3504} INFO - Setting next_dagrun for example_params_trigger_ui to None, run_after=None
[2023-07-22T16:24:29.489-0500] {processor.py:179} INFO - Processing /Users/abhishekpatkar/Documents/Projects/af_file_loader/venv/lib/python3.11/site-packages/airflow/example_dags/example_params_trigger_ui.py took 0.825 seconds
[2023-07-22T16:27:47.350-0500] {processor.py:157} INFO - Started process (PID=21024) to work on /Users/abhishekpatkar/Documents/Projects/af_file_loader/venv/lib/python3.11/site-packages/airflow/example_dags/example_params_trigger_ui.py
[2023-07-22T16:27:47.356-0500] {processor.py:826} INFO - Processing file /Users/abhishekpatkar/Documents/Projects/af_file_loader/venv/lib/python3.11/site-packages/airflow/example_dags/example_params_trigger_ui.py for tasks to queue
[2023-07-22T16:27:47.357-0500] {logging_mixin.py:150} INFO - [2023-07-22T16:27:47.357-0500] {dagbag.py:541} INFO - Filling up the DagBag from /Users/abhishekpatkar/Documents/Projects/af_file_loader/venv/lib/python3.11/site-packages/airflow/example_dags/example_params_trigger_ui.py
[2023-07-22T16:27:47.709-0500] {processor.py:836} INFO - DAG(s) dict_keys(['example_params_trigger_ui']) retrieved from /Users/abhishekpatkar/Documents/Projects/af_file_loader/venv/lib/python3.11/site-packages/airflow/example_dags/example_params_trigger_ui.py
[2023-07-22T16:27:48.616-0500] {logging_mixin.py:150} INFO - [2023-07-22T16:27:48.615-0500] {dag.py:2742} INFO - Sync 1 DAGs
[2023-07-22T16:27:48.652-0500] {logging_mixin.py:150} INFO - [2023-07-22T16:27:48.651-0500] {dag.py:3504} INFO - Setting next_dagrun for example_params_trigger_ui to None, run_after=None
[2023-07-22T16:27:48.680-0500] {processor.py:179} INFO - Processing /Users/abhishekpatkar/Documents/Projects/af_file_loader/venv/lib/python3.11/site-packages/airflow/example_dags/example_params_trigger_ui.py took 1.332 seconds
[2023-07-22T16:31:02.463-0500] {processor.py:157} INFO - Started process (PID=21127) to work on /Users/abhishekpatkar/Documents/Projects/af_file_loader/venv/lib/python3.11/site-packages/airflow/example_dags/example_params_trigger_ui.py
[2023-07-22T16:31:02.468-0500] {processor.py:826} INFO - Processing file /Users/abhishekpatkar/Documents/Projects/af_file_loader/venv/lib/python3.11/site-packages/airflow/example_dags/example_params_trigger_ui.py for tasks to queue
[2023-07-22T16:31:02.469-0500] {logging_mixin.py:150} INFO - [2023-07-22T16:31:02.469-0500] {dagbag.py:541} INFO - Filling up the DagBag from /Users/abhishekpatkar/Documents/Projects/af_file_loader/venv/lib/python3.11/site-packages/airflow/example_dags/example_params_trigger_ui.py
[2023-07-22T16:31:02.717-0500] {processor.py:836} INFO - DAG(s) dict_keys(['example_params_trigger_ui']) retrieved from /Users/abhishekpatkar/Documents/Projects/af_file_loader/venv/lib/python3.11/site-packages/airflow/example_dags/example_params_trigger_ui.py
[2023-07-22T16:31:03.887-0500] {logging_mixin.py:150} INFO - [2023-07-22T16:31:03.886-0500] {dag.py:2742} INFO - Sync 1 DAGs
[2023-07-22T16:31:03.907-0500] {logging_mixin.py:150} INFO - [2023-07-22T16:31:03.906-0500] {dag.py:3504} INFO - Setting next_dagrun for example_params_trigger_ui to None, run_after=None
[2023-07-22T16:31:03.938-0500] {processor.py:179} INFO - Processing /Users/abhishekpatkar/Documents/Projects/af_file_loader/venv/lib/python3.11/site-packages/airflow/example_dags/example_params_trigger_ui.py took 1.477 seconds
[2023-07-22T16:34:22.167-0500] {processor.py:157} INFO - Started process (PID=21230) to work on /Users/abhishekpatkar/Documents/Projects/af_file_loader/venv/lib/python3.11/site-packages/airflow/example_dags/example_params_trigger_ui.py
[2023-07-22T16:34:22.183-0500] {processor.py:826} INFO - Processing file /Users/abhishekpatkar/Documents/Projects/af_file_loader/venv/lib/python3.11/site-packages/airflow/example_dags/example_params_trigger_ui.py for tasks to queue
[2023-07-22T16:34:22.185-0500] {logging_mixin.py:150} INFO - [2023-07-22T16:34:22.184-0500] {dagbag.py:541} INFO - Filling up the DagBag from /Users/abhishekpatkar/Documents/Projects/af_file_loader/venv/lib/python3.11/site-packages/airflow/example_dags/example_params_trigger_ui.py
[2023-07-22T16:34:22.654-0500] {processor.py:836} INFO - DAG(s) dict_keys(['example_params_trigger_ui']) retrieved from /Users/abhishekpatkar/Documents/Projects/af_file_loader/venv/lib/python3.11/site-packages/airflow/example_dags/example_params_trigger_ui.py
[2023-07-22T16:34:23.863-0500] {logging_mixin.py:150} INFO - [2023-07-22T16:34:23.862-0500] {dag.py:2742} INFO - Sync 1 DAGs
[2023-07-22T16:34:23.890-0500] {logging_mixin.py:150} INFO - [2023-07-22T16:34:23.890-0500] {dag.py:3504} INFO - Setting next_dagrun for example_params_trigger_ui to None, run_after=None
[2023-07-22T16:34:23.931-0500] {processor.py:179} INFO - Processing /Users/abhishekpatkar/Documents/Projects/af_file_loader/venv/lib/python3.11/site-packages/airflow/example_dags/example_params_trigger_ui.py took 1.765 seconds
[2023-07-22T16:38:44.023-0500] {processor.py:157} INFO - Started process (PID=21363) to work on /Users/abhishekpatkar/Documents/Projects/af_file_loader/venv/lib/python3.11/site-packages/airflow/example_dags/example_params_trigger_ui.py
[2023-07-22T16:38:44.028-0500] {processor.py:826} INFO - Processing file /Users/abhishekpatkar/Documents/Projects/af_file_loader/venv/lib/python3.11/site-packages/airflow/example_dags/example_params_trigger_ui.py for tasks to queue
[2023-07-22T16:38:44.029-0500] {logging_mixin.py:150} INFO - [2023-07-22T16:38:44.029-0500] {dagbag.py:541} INFO - Filling up the DagBag from /Users/abhishekpatkar/Documents/Projects/af_file_loader/venv/lib/python3.11/site-packages/airflow/example_dags/example_params_trigger_ui.py
[2023-07-22T16:38:44.250-0500] {processor.py:836} INFO - DAG(s) dict_keys(['example_params_trigger_ui']) retrieved from /Users/abhishekpatkar/Documents/Projects/af_file_loader/venv/lib/python3.11/site-packages/airflow/example_dags/example_params_trigger_ui.py
[2023-07-22T16:38:45.226-0500] {logging_mixin.py:150} INFO - [2023-07-22T16:38:45.225-0500] {dag.py:2742} INFO - Sync 1 DAGs
[2023-07-22T16:38:45.244-0500] {logging_mixin.py:150} INFO - [2023-07-22T16:38:45.244-0500] {dag.py:3504} INFO - Setting next_dagrun for example_params_trigger_ui to None, run_after=None
[2023-07-22T16:38:45.267-0500] {processor.py:179} INFO - Processing /Users/abhishekpatkar/Documents/Projects/af_file_loader/venv/lib/python3.11/site-packages/airflow/example_dags/example_params_trigger_ui.py took 1.246 seconds
[2023-07-22T16:43:04.258-0500] {processor.py:157} INFO - Started process (PID=21554) to work on /Users/abhishekpatkar/Documents/Projects/af_file_loader/venv/lib/python3.11/site-packages/airflow/example_dags/example_params_trigger_ui.py
[2023-07-22T16:43:04.282-0500] {processor.py:826} INFO - Processing file /Users/abhishekpatkar/Documents/Projects/af_file_loader/venv/lib/python3.11/site-packages/airflow/example_dags/example_params_trigger_ui.py for tasks to queue
[2023-07-22T16:43:04.290-0500] {logging_mixin.py:150} INFO - [2023-07-22T16:43:04.289-0500] {dagbag.py:541} INFO - Filling up the DagBag from /Users/abhishekpatkar/Documents/Projects/af_file_loader/venv/lib/python3.11/site-packages/airflow/example_dags/example_params_trigger_ui.py
[2023-07-22T16:43:04.559-0500] {processor.py:836} INFO - DAG(s) dict_keys(['example_params_trigger_ui']) retrieved from /Users/abhishekpatkar/Documents/Projects/af_file_loader/venv/lib/python3.11/site-packages/airflow/example_dags/example_params_trigger_ui.py
[2023-07-22T16:43:05.662-0500] {logging_mixin.py:150} INFO - [2023-07-22T16:43:05.661-0500] {dag.py:2742} INFO - Sync 1 DAGs
[2023-07-22T16:43:05.721-0500] {logging_mixin.py:150} INFO - [2023-07-22T16:43:05.721-0500] {dag.py:3504} INFO - Setting next_dagrun for example_params_trigger_ui to None, run_after=None
[2023-07-22T16:43:05.787-0500] {processor.py:179} INFO - Processing /Users/abhishekpatkar/Documents/Projects/af_file_loader/venv/lib/python3.11/site-packages/airflow/example_dags/example_params_trigger_ui.py took 1.531 seconds
[2023-07-22T16:46:55.690-0500] {processor.py:157} INFO - Started process (PID=21670) to work on /Users/abhishekpatkar/Documents/Projects/af_file_loader/venv/lib/python3.11/site-packages/airflow/example_dags/example_params_trigger_ui.py
[2023-07-22T16:46:55.696-0500] {processor.py:826} INFO - Processing file /Users/abhishekpatkar/Documents/Projects/af_file_loader/venv/lib/python3.11/site-packages/airflow/example_dags/example_params_trigger_ui.py for tasks to queue
[2023-07-22T16:46:55.697-0500] {logging_mixin.py:150} INFO - [2023-07-22T16:46:55.697-0500] {dagbag.py:541} INFO - Filling up the DagBag from /Users/abhishekpatkar/Documents/Projects/af_file_loader/venv/lib/python3.11/site-packages/airflow/example_dags/example_params_trigger_ui.py
[2023-07-22T16:46:55.931-0500] {processor.py:836} INFO - DAG(s) dict_keys(['example_params_trigger_ui']) retrieved from /Users/abhishekpatkar/Documents/Projects/af_file_loader/venv/lib/python3.11/site-packages/airflow/example_dags/example_params_trigger_ui.py
[2023-07-22T16:46:57.197-0500] {logging_mixin.py:150} INFO - [2023-07-22T16:46:57.196-0500] {dag.py:2742} INFO - Sync 1 DAGs
[2023-07-22T16:46:57.231-0500] {logging_mixin.py:150} INFO - [2023-07-22T16:46:57.231-0500] {dag.py:3504} INFO - Setting next_dagrun for example_params_trigger_ui to None, run_after=None
[2023-07-22T16:46:57.269-0500] {processor.py:179} INFO - Processing /Users/abhishekpatkar/Documents/Projects/af_file_loader/venv/lib/python3.11/site-packages/airflow/example_dags/example_params_trigger_ui.py took 1.580 seconds
[2023-07-22T16:50:39.826-0500] {processor.py:157} INFO - Started process (PID=21783) to work on /Users/abhishekpatkar/Documents/Projects/af_file_loader/venv/lib/python3.11/site-packages/airflow/example_dags/example_params_trigger_ui.py
[2023-07-22T16:50:39.841-0500] {processor.py:826} INFO - Processing file /Users/abhishekpatkar/Documents/Projects/af_file_loader/venv/lib/python3.11/site-packages/airflow/example_dags/example_params_trigger_ui.py for tasks to queue
[2023-07-22T16:50:39.843-0500] {logging_mixin.py:150} INFO - [2023-07-22T16:50:39.842-0500] {dagbag.py:541} INFO - Filling up the DagBag from /Users/abhishekpatkar/Documents/Projects/af_file_loader/venv/lib/python3.11/site-packages/airflow/example_dags/example_params_trigger_ui.py
[2023-07-22T16:50:40.238-0500] {processor.py:836} INFO - DAG(s) dict_keys(['example_params_trigger_ui']) retrieved from /Users/abhishekpatkar/Documents/Projects/af_file_loader/venv/lib/python3.11/site-packages/airflow/example_dags/example_params_trigger_ui.py
[2023-07-22T16:50:41.842-0500] {logging_mixin.py:150} INFO - [2023-07-22T16:50:41.841-0500] {dag.py:2742} INFO - Sync 1 DAGs
[2023-07-22T16:50:41.880-0500] {logging_mixin.py:150} INFO - [2023-07-22T16:50:41.880-0500] {dag.py:3504} INFO - Setting next_dagrun for example_params_trigger_ui to None, run_after=None
[2023-07-22T16:50:41.905-0500] {processor.py:179} INFO - Processing /Users/abhishekpatkar/Documents/Projects/af_file_loader/venv/lib/python3.11/site-packages/airflow/example_dags/example_params_trigger_ui.py took 2.080 seconds
[2023-07-22T16:54:25.273-0500] {processor.py:157} INFO - Started process (PID=21898) to work on /Users/abhishekpatkar/Documents/Projects/af_file_loader/venv/lib/python3.11/site-packages/airflow/example_dags/example_params_trigger_ui.py
[2023-07-22T16:54:25.277-0500] {processor.py:826} INFO - Processing file /Users/abhishekpatkar/Documents/Projects/af_file_loader/venv/lib/python3.11/site-packages/airflow/example_dags/example_params_trigger_ui.py for tasks to queue
[2023-07-22T16:54:25.278-0500] {logging_mixin.py:150} INFO - [2023-07-22T16:54:25.277-0500] {dagbag.py:541} INFO - Filling up the DagBag from /Users/abhishekpatkar/Documents/Projects/af_file_loader/venv/lib/python3.11/site-packages/airflow/example_dags/example_params_trigger_ui.py
[2023-07-22T16:54:25.516-0500] {processor.py:836} INFO - DAG(s) dict_keys(['example_params_trigger_ui']) retrieved from /Users/abhishekpatkar/Documents/Projects/af_file_loader/venv/lib/python3.11/site-packages/airflow/example_dags/example_params_trigger_ui.py
[2023-07-22T16:54:26.814-0500] {logging_mixin.py:150} INFO - [2023-07-22T16:54:26.813-0500] {dag.py:2742} INFO - Sync 1 DAGs
[2023-07-22T16:54:26.848-0500] {logging_mixin.py:150} INFO - [2023-07-22T16:54:26.848-0500] {dag.py:3504} INFO - Setting next_dagrun for example_params_trigger_ui to None, run_after=None
[2023-07-22T16:54:26.878-0500] {processor.py:179} INFO - Processing /Users/abhishekpatkar/Documents/Projects/af_file_loader/venv/lib/python3.11/site-packages/airflow/example_dags/example_params_trigger_ui.py took 1.606 seconds
[2023-07-22T16:57:30.860-0500] {processor.py:157} INFO - Started process (PID=22008) to work on /Users/abhishekpatkar/Documents/Projects/af_file_loader/venv/lib/python3.11/site-packages/airflow/example_dags/example_params_trigger_ui.py
[2023-07-22T16:57:30.866-0500] {processor.py:826} INFO - Processing file /Users/abhishekpatkar/Documents/Projects/af_file_loader/venv/lib/python3.11/site-packages/airflow/example_dags/example_params_trigger_ui.py for tasks to queue
[2023-07-22T16:57:30.866-0500] {logging_mixin.py:150} INFO - [2023-07-22T16:57:30.866-0500] {dagbag.py:541} INFO - Filling up the DagBag from /Users/abhishekpatkar/Documents/Projects/af_file_loader/venv/lib/python3.11/site-packages/airflow/example_dags/example_params_trigger_ui.py
[2023-07-22T16:57:31.081-0500] {processor.py:836} INFO - DAG(s) dict_keys(['example_params_trigger_ui']) retrieved from /Users/abhishekpatkar/Documents/Projects/af_file_loader/venv/lib/python3.11/site-packages/airflow/example_dags/example_params_trigger_ui.py
[2023-07-22T16:57:32.027-0500] {logging_mixin.py:150} INFO - [2023-07-22T16:57:32.027-0500] {dag.py:2742} INFO - Sync 1 DAGs
[2023-07-22T16:57:32.052-0500] {logging_mixin.py:150} INFO - [2023-07-22T16:57:32.052-0500] {dag.py:3504} INFO - Setting next_dagrun for example_params_trigger_ui to None, run_after=None
[2023-07-22T16:57:32.081-0500] {processor.py:179} INFO - Processing /Users/abhishekpatkar/Documents/Projects/af_file_loader/venv/lib/python3.11/site-packages/airflow/example_dags/example_params_trigger_ui.py took 1.222 seconds
[2023-07-22T17:01:32.285-0500] {processor.py:157} INFO - Started process (PID=22144) to work on /Users/abhishekpatkar/Documents/Projects/af_file_loader/venv/lib/python3.11/site-packages/airflow/example_dags/example_params_trigger_ui.py
[2023-07-22T17:01:32.291-0500] {processor.py:826} INFO - Processing file /Users/abhishekpatkar/Documents/Projects/af_file_loader/venv/lib/python3.11/site-packages/airflow/example_dags/example_params_trigger_ui.py for tasks to queue
[2023-07-22T17:01:32.296-0500] {logging_mixin.py:150} INFO - [2023-07-22T17:01:32.293-0500] {dagbag.py:541} INFO - Filling up the DagBag from /Users/abhishekpatkar/Documents/Projects/af_file_loader/venv/lib/python3.11/site-packages/airflow/example_dags/example_params_trigger_ui.py
[2023-07-22T17:01:33.296-0500] {processor.py:836} INFO - DAG(s) dict_keys(['example_params_trigger_ui']) retrieved from /Users/abhishekpatkar/Documents/Projects/af_file_loader/venv/lib/python3.11/site-packages/airflow/example_dags/example_params_trigger_ui.py
[2023-07-22T17:01:34.881-0500] {logging_mixin.py:150} INFO - [2023-07-22T17:01:34.881-0500] {dag.py:2742} INFO - Sync 1 DAGs
[2023-07-22T17:01:34.903-0500] {logging_mixin.py:150} INFO - [2023-07-22T17:01:34.903-0500] {dag.py:3504} INFO - Setting next_dagrun for example_params_trigger_ui to None, run_after=None
[2023-07-22T17:01:34.930-0500] {processor.py:179} INFO - Processing /Users/abhishekpatkar/Documents/Projects/af_file_loader/venv/lib/python3.11/site-packages/airflow/example_dags/example_params_trigger_ui.py took 2.647 seconds
[2023-07-22T17:04:17.139-0500] {processor.py:157} INFO - Started process (PID=22277) to work on /Users/abhishekpatkar/Documents/Projects/af_file_loader/venv/lib/python3.11/site-packages/airflow/example_dags/example_params_trigger_ui.py
[2023-07-22T17:04:17.144-0500] {processor.py:826} INFO - Processing file /Users/abhishekpatkar/Documents/Projects/af_file_loader/venv/lib/python3.11/site-packages/airflow/example_dags/example_params_trigger_ui.py for tasks to queue
[2023-07-22T17:04:17.144-0500] {logging_mixin.py:150} INFO - [2023-07-22T17:04:17.144-0500] {dagbag.py:541} INFO - Filling up the DagBag from /Users/abhishekpatkar/Documents/Projects/af_file_loader/venv/lib/python3.11/site-packages/airflow/example_dags/example_params_trigger_ui.py
[2023-07-22T17:04:17.293-0500] {processor.py:836} INFO - DAG(s) dict_keys(['example_params_trigger_ui']) retrieved from /Users/abhishekpatkar/Documents/Projects/af_file_loader/venv/lib/python3.11/site-packages/airflow/example_dags/example_params_trigger_ui.py
[2023-07-22T17:04:17.952-0500] {logging_mixin.py:150} INFO - [2023-07-22T17:04:17.952-0500] {dag.py:2742} INFO - Sync 1 DAGs
[2023-07-22T17:04:17.970-0500] {logging_mixin.py:150} INFO - [2023-07-22T17:04:17.970-0500] {dag.py:3504} INFO - Setting next_dagrun for example_params_trigger_ui to None, run_after=None
[2023-07-22T17:04:17.993-0500] {processor.py:179} INFO - Processing /Users/abhishekpatkar/Documents/Projects/af_file_loader/venv/lib/python3.11/site-packages/airflow/example_dags/example_params_trigger_ui.py took 0.855 seconds
[2023-07-22T17:06:25.578-0500] {processor.py:157} INFO - Started process (PID=22358) to work on /Users/abhishekpatkar/Documents/Projects/af_file_loader/venv/lib/python3.11/site-packages/airflow/example_dags/example_params_trigger_ui.py
[2023-07-22T17:06:25.582-0500] {processor.py:826} INFO - Processing file /Users/abhishekpatkar/Documents/Projects/af_file_loader/venv/lib/python3.11/site-packages/airflow/example_dags/example_params_trigger_ui.py for tasks to queue
[2023-07-22T17:06:25.582-0500] {logging_mixin.py:150} INFO - [2023-07-22T17:06:25.582-0500] {dagbag.py:541} INFO - Filling up the DagBag from /Users/abhishekpatkar/Documents/Projects/af_file_loader/venv/lib/python3.11/site-packages/airflow/example_dags/example_params_trigger_ui.py
[2023-07-22T17:06:25.753-0500] {processor.py:836} INFO - DAG(s) dict_keys(['example_params_trigger_ui']) retrieved from /Users/abhishekpatkar/Documents/Projects/af_file_loader/venv/lib/python3.11/site-packages/airflow/example_dags/example_params_trigger_ui.py
[2023-07-22T17:06:26.408-0500] {logging_mixin.py:150} INFO - [2023-07-22T17:06:26.408-0500] {dag.py:2742} INFO - Sync 1 DAGs
[2023-07-22T17:06:26.426-0500] {logging_mixin.py:150} INFO - [2023-07-22T17:06:26.426-0500] {dag.py:3504} INFO - Setting next_dagrun for example_params_trigger_ui to None, run_after=None
[2023-07-22T17:06:26.449-0500] {processor.py:179} INFO - Processing /Users/abhishekpatkar/Documents/Projects/af_file_loader/venv/lib/python3.11/site-packages/airflow/example_dags/example_params_trigger_ui.py took 0.872 seconds
[2023-07-22T17:10:23.732-0500] {processor.py:157} INFO - Started process (PID=22521) to work on /Users/abhishekpatkar/Documents/Projects/af_file_loader/venv/lib/python3.11/site-packages/airflow/example_dags/example_params_trigger_ui.py
[2023-07-22T17:10:23.737-0500] {processor.py:826} INFO - Processing file /Users/abhishekpatkar/Documents/Projects/af_file_loader/venv/lib/python3.11/site-packages/airflow/example_dags/example_params_trigger_ui.py for tasks to queue
[2023-07-22T17:10:23.738-0500] {logging_mixin.py:150} INFO - [2023-07-22T17:10:23.737-0500] {dagbag.py:541} INFO - Filling up the DagBag from /Users/abhishekpatkar/Documents/Projects/af_file_loader/venv/lib/python3.11/site-packages/airflow/example_dags/example_params_trigger_ui.py
[2023-07-22T17:10:23.887-0500] {processor.py:836} INFO - DAG(s) dict_keys(['example_params_trigger_ui']) retrieved from /Users/abhishekpatkar/Documents/Projects/af_file_loader/venv/lib/python3.11/site-packages/airflow/example_dags/example_params_trigger_ui.py
[2023-07-22T17:10:24.594-0500] {logging_mixin.py:150} INFO - [2023-07-22T17:10:24.594-0500] {dag.py:2742} INFO - Sync 1 DAGs
[2023-07-22T17:10:24.614-0500] {logging_mixin.py:150} INFO - [2023-07-22T17:10:24.613-0500] {dag.py:3504} INFO - Setting next_dagrun for example_params_trigger_ui to None, run_after=None
[2023-07-22T17:10:24.633-0500] {processor.py:179} INFO - Processing /Users/abhishekpatkar/Documents/Projects/af_file_loader/venv/lib/python3.11/site-packages/airflow/example_dags/example_params_trigger_ui.py took 0.902 seconds
[2023-07-22T17:14:23.453-0500] {processor.py:157} INFO - Started process (PID=22670) to work on /Users/abhishekpatkar/Documents/Projects/af_file_loader/venv/lib/python3.11/site-packages/airflow/example_dags/example_params_trigger_ui.py
[2023-07-22T17:14:23.458-0500] {processor.py:826} INFO - Processing file /Users/abhishekpatkar/Documents/Projects/af_file_loader/venv/lib/python3.11/site-packages/airflow/example_dags/example_params_trigger_ui.py for tasks to queue
[2023-07-22T17:14:23.459-0500] {logging_mixin.py:150} INFO - [2023-07-22T17:14:23.459-0500] {dagbag.py:541} INFO - Filling up the DagBag from /Users/abhishekpatkar/Documents/Projects/af_file_loader/venv/lib/python3.11/site-packages/airflow/example_dags/example_params_trigger_ui.py
[2023-07-22T17:14:23.611-0500] {processor.py:836} INFO - DAG(s) dict_keys(['example_params_trigger_ui']) retrieved from /Users/abhishekpatkar/Documents/Projects/af_file_loader/venv/lib/python3.11/site-packages/airflow/example_dags/example_params_trigger_ui.py
[2023-07-22T17:14:24.292-0500] {logging_mixin.py:150} INFO - [2023-07-22T17:14:24.292-0500] {dag.py:2742} INFO - Sync 1 DAGs
[2023-07-22T17:14:24.313-0500] {logging_mixin.py:150} INFO - [2023-07-22T17:14:24.313-0500] {dag.py:3504} INFO - Setting next_dagrun for example_params_trigger_ui to None, run_after=None
[2023-07-22T17:14:24.336-0500] {processor.py:179} INFO - Processing /Users/abhishekpatkar/Documents/Projects/af_file_loader/venv/lib/python3.11/site-packages/airflow/example_dags/example_params_trigger_ui.py took 0.884 seconds
[2023-07-22T17:19:05.757-0500] {processor.py:157} INFO - Started process (PID=22890) to work on /Users/abhishekpatkar/Documents/Projects/af_file_loader/venv/lib/python3.11/site-packages/airflow/example_dags/example_params_trigger_ui.py
[2023-07-22T17:19:05.762-0500] {processor.py:826} INFO - Processing file /Users/abhishekpatkar/Documents/Projects/af_file_loader/venv/lib/python3.11/site-packages/airflow/example_dags/example_params_trigger_ui.py for tasks to queue
[2023-07-22T17:19:05.763-0500] {logging_mixin.py:150} INFO - [2023-07-22T17:19:05.763-0500] {dagbag.py:541} INFO - Filling up the DagBag from /Users/abhishekpatkar/Documents/Projects/af_file_loader/venv/lib/python3.11/site-packages/airflow/example_dags/example_params_trigger_ui.py
[2023-07-22T17:19:05.913-0500] {processor.py:836} INFO - DAG(s) dict_keys(['example_params_trigger_ui']) retrieved from /Users/abhishekpatkar/Documents/Projects/af_file_loader/venv/lib/python3.11/site-packages/airflow/example_dags/example_params_trigger_ui.py
[2023-07-22T17:19:06.579-0500] {logging_mixin.py:150} INFO - [2023-07-22T17:19:06.579-0500] {dag.py:2742} INFO - Sync 1 DAGs
[2023-07-22T17:19:06.598-0500] {logging_mixin.py:150} INFO - [2023-07-22T17:19:06.597-0500] {dag.py:3504} INFO - Setting next_dagrun for example_params_trigger_ui to None, run_after=None
[2023-07-22T17:19:06.623-0500] {processor.py:179} INFO - Processing /Users/abhishekpatkar/Documents/Projects/af_file_loader/venv/lib/python3.11/site-packages/airflow/example_dags/example_params_trigger_ui.py took 0.866 seconds
[2023-07-22T17:21:15.089-0500] {processor.py:157} INFO - Started process (PID=22984) to work on /Users/abhishekpatkar/Documents/Projects/af_file_loader/venv/lib/python3.11/site-packages/airflow/example_dags/example_params_trigger_ui.py
[2023-07-22T17:21:15.094-0500] {processor.py:826} INFO - Processing file /Users/abhishekpatkar/Documents/Projects/af_file_loader/venv/lib/python3.11/site-packages/airflow/example_dags/example_params_trigger_ui.py for tasks to queue
[2023-07-22T17:21:15.095-0500] {logging_mixin.py:150} INFO - [2023-07-22T17:21:15.095-0500] {dagbag.py:541} INFO - Filling up the DagBag from /Users/abhishekpatkar/Documents/Projects/af_file_loader/venv/lib/python3.11/site-packages/airflow/example_dags/example_params_trigger_ui.py
[2023-07-22T17:21:15.245-0500] {processor.py:836} INFO - DAG(s) dict_keys(['example_params_trigger_ui']) retrieved from /Users/abhishekpatkar/Documents/Projects/af_file_loader/venv/lib/python3.11/site-packages/airflow/example_dags/example_params_trigger_ui.py
[2023-07-22T17:21:15.899-0500] {logging_mixin.py:150} INFO - [2023-07-22T17:21:15.899-0500] {dag.py:2742} INFO - Sync 1 DAGs
[2023-07-22T17:21:15.920-0500] {logging_mixin.py:150} INFO - [2023-07-22T17:21:15.920-0500] {dag.py:3504} INFO - Setting next_dagrun for example_params_trigger_ui to None, run_after=None
[2023-07-22T17:21:15.941-0500] {processor.py:179} INFO - Processing /Users/abhishekpatkar/Documents/Projects/af_file_loader/venv/lib/python3.11/site-packages/airflow/example_dags/example_params_trigger_ui.py took 0.853 seconds
[2023-07-22T17:24:02.261-0500] {processor.py:157} INFO - Started process (PID=23133) to work on /Users/abhishekpatkar/Documents/Projects/af_file_loader/venv/lib/python3.11/site-packages/airflow/example_dags/example_params_trigger_ui.py
[2023-07-22T17:24:02.266-0500] {processor.py:826} INFO - Processing file /Users/abhishekpatkar/Documents/Projects/af_file_loader/venv/lib/python3.11/site-packages/airflow/example_dags/example_params_trigger_ui.py for tasks to queue
[2023-07-22T17:24:02.270-0500] {logging_mixin.py:150} INFO - [2023-07-22T17:24:02.269-0500] {dagbag.py:541} INFO - Filling up the DagBag from /Users/abhishekpatkar/Documents/Projects/af_file_loader/venv/lib/python3.11/site-packages/airflow/example_dags/example_params_trigger_ui.py
[2023-07-22T17:24:02.761-0500] {processor.py:836} INFO - DAG(s) dict_keys(['example_params_trigger_ui']) retrieved from /Users/abhishekpatkar/Documents/Projects/af_file_loader/venv/lib/python3.11/site-packages/airflow/example_dags/example_params_trigger_ui.py
[2023-07-22T17:24:05.987-0500] {logging_mixin.py:150} INFO - [2023-07-22T17:24:05.987-0500] {dag.py:2742} INFO - Sync 1 DAGs
[2023-07-22T17:24:06.028-0500] {logging_mixin.py:150} INFO - [2023-07-22T17:24:06.028-0500] {dag.py:3504} INFO - Setting next_dagrun for example_params_trigger_ui to None, run_after=None
[2023-07-22T17:24:06.069-0500] {processor.py:179} INFO - Processing /Users/abhishekpatkar/Documents/Projects/af_file_loader/venv/lib/python3.11/site-packages/airflow/example_dags/example_params_trigger_ui.py took 3.809 seconds
[2023-07-22T17:29:06.916-0500] {processor.py:157} INFO - Started process (PID=23287) to work on /Users/abhishekpatkar/Documents/Projects/af_file_loader/venv/lib/python3.11/site-packages/airflow/example_dags/example_params_trigger_ui.py
[2023-07-22T17:29:06.922-0500] {processor.py:826} INFO - Processing file /Users/abhishekpatkar/Documents/Projects/af_file_loader/venv/lib/python3.11/site-packages/airflow/example_dags/example_params_trigger_ui.py for tasks to queue
[2023-07-22T17:29:06.922-0500] {logging_mixin.py:150} INFO - [2023-07-22T17:29:06.922-0500] {dagbag.py:541} INFO - Filling up the DagBag from /Users/abhishekpatkar/Documents/Projects/af_file_loader/venv/lib/python3.11/site-packages/airflow/example_dags/example_params_trigger_ui.py
[2023-07-22T17:29:07.073-0500] {processor.py:836} INFO - DAG(s) dict_keys(['example_params_trigger_ui']) retrieved from /Users/abhishekpatkar/Documents/Projects/af_file_loader/venv/lib/python3.11/site-packages/airflow/example_dags/example_params_trigger_ui.py
[2023-07-22T17:29:07.744-0500] {logging_mixin.py:150} INFO - [2023-07-22T17:29:07.744-0500] {dag.py:2742} INFO - Sync 1 DAGs
[2023-07-22T17:29:07.763-0500] {logging_mixin.py:150} INFO - [2023-07-22T17:29:07.763-0500] {dag.py:3504} INFO - Setting next_dagrun for example_params_trigger_ui to None, run_after=None
[2023-07-22T17:29:07.785-0500] {processor.py:179} INFO - Processing /Users/abhishekpatkar/Documents/Projects/af_file_loader/venv/lib/python3.11/site-packages/airflow/example_dags/example_params_trigger_ui.py took 0.870 seconds
[2023-07-22T17:31:47.740-0500] {processor.py:157} INFO - Started process (PID=23414) to work on /Users/abhishekpatkar/Documents/Projects/af_file_loader/venv/lib/python3.11/site-packages/airflow/example_dags/example_params_trigger_ui.py
[2023-07-22T17:31:47.744-0500] {processor.py:826} INFO - Processing file /Users/abhishekpatkar/Documents/Projects/af_file_loader/venv/lib/python3.11/site-packages/airflow/example_dags/example_params_trigger_ui.py for tasks to queue
[2023-07-22T17:31:47.744-0500] {logging_mixin.py:150} INFO - [2023-07-22T17:31:47.744-0500] {dagbag.py:541} INFO - Filling up the DagBag from /Users/abhishekpatkar/Documents/Projects/af_file_loader/venv/lib/python3.11/site-packages/airflow/example_dags/example_params_trigger_ui.py
[2023-07-22T17:31:47.886-0500] {processor.py:836} INFO - DAG(s) dict_keys(['example_params_trigger_ui']) retrieved from /Users/abhishekpatkar/Documents/Projects/af_file_loader/venv/lib/python3.11/site-packages/airflow/example_dags/example_params_trigger_ui.py
[2023-07-22T17:31:48.497-0500] {logging_mixin.py:150} INFO - [2023-07-22T17:31:48.496-0500] {dag.py:2742} INFO - Sync 1 DAGs
[2023-07-22T17:31:48.514-0500] {logging_mixin.py:150} INFO - [2023-07-22T17:31:48.514-0500] {dag.py:3504} INFO - Setting next_dagrun for example_params_trigger_ui to None, run_after=None
[2023-07-22T17:31:48.532-0500] {processor.py:179} INFO - Processing /Users/abhishekpatkar/Documents/Projects/af_file_loader/venv/lib/python3.11/site-packages/airflow/example_dags/example_params_trigger_ui.py took 0.793 seconds
[2023-07-22T17:35:42.957-0500] {processor.py:157} INFO - Started process (PID=23572) to work on /Users/abhishekpatkar/Documents/Projects/af_file_loader/venv/lib/python3.11/site-packages/airflow/example_dags/example_params_trigger_ui.py
[2023-07-22T17:35:42.962-0500] {processor.py:826} INFO - Processing file /Users/abhishekpatkar/Documents/Projects/af_file_loader/venv/lib/python3.11/site-packages/airflow/example_dags/example_params_trigger_ui.py for tasks to queue
[2023-07-22T17:35:42.963-0500] {logging_mixin.py:150} INFO - [2023-07-22T17:35:42.963-0500] {dagbag.py:541} INFO - Filling up the DagBag from /Users/abhishekpatkar/Documents/Projects/af_file_loader/venv/lib/python3.11/site-packages/airflow/example_dags/example_params_trigger_ui.py
[2023-07-22T17:35:43.131-0500] {processor.py:836} INFO - DAG(s) dict_keys(['example_params_trigger_ui']) retrieved from /Users/abhishekpatkar/Documents/Projects/af_file_loader/venv/lib/python3.11/site-packages/airflow/example_dags/example_params_trigger_ui.py
[2023-07-22T17:35:43.708-0500] {logging_mixin.py:150} INFO - [2023-07-22T17:35:43.708-0500] {dag.py:2742} INFO - Sync 1 DAGs
[2023-07-22T17:35:43.725-0500] {logging_mixin.py:150} INFO - [2023-07-22T17:35:43.725-0500] {dag.py:3504} INFO - Setting next_dagrun for example_params_trigger_ui to None, run_after=None
[2023-07-22T17:35:43.744-0500] {processor.py:179} INFO - Processing /Users/abhishekpatkar/Documents/Projects/af_file_loader/venv/lib/python3.11/site-packages/airflow/example_dags/example_params_trigger_ui.py took 0.788 seconds
[2023-07-22T17:38:52.005-0500] {processor.py:157} INFO - Started process (PID=23697) to work on /Users/abhishekpatkar/Documents/Projects/af_file_loader/venv/lib/python3.11/site-packages/airflow/example_dags/example_params_trigger_ui.py
[2023-07-22T17:38:52.026-0500] {processor.py:826} INFO - Processing file /Users/abhishekpatkar/Documents/Projects/af_file_loader/venv/lib/python3.11/site-packages/airflow/example_dags/example_params_trigger_ui.py for tasks to queue
[2023-07-22T17:38:52.028-0500] {logging_mixin.py:150} INFO - [2023-07-22T17:38:52.027-0500] {dagbag.py:541} INFO - Filling up the DagBag from /Users/abhishekpatkar/Documents/Projects/af_file_loader/venv/lib/python3.11/site-packages/airflow/example_dags/example_params_trigger_ui.py
[2023-07-22T17:38:52.576-0500] {processor.py:836} INFO - DAG(s) dict_keys(['example_params_trigger_ui']) retrieved from /Users/abhishekpatkar/Documents/Projects/af_file_loader/venv/lib/python3.11/site-packages/airflow/example_dags/example_params_trigger_ui.py
[2023-07-22T17:38:58.948-0500] {logging_mixin.py:150} INFO - [2023-07-22T17:38:58.948-0500] {dag.py:2742} INFO - Sync 1 DAGs
[2023-07-22T17:38:59.143-0500] {logging_mixin.py:150} INFO - [2023-07-22T17:38:59.133-0500] {dag.py:3504} INFO - Setting next_dagrun for example_params_trigger_ui to None, run_after=None
[2023-07-22T17:38:59.264-0500] {processor.py:179} INFO - Processing /Users/abhishekpatkar/Documents/Projects/af_file_loader/venv/lib/python3.11/site-packages/airflow/example_dags/example_params_trigger_ui.py took 7.261 seconds
[2023-07-22T17:47:21.738-0500] {processor.py:157} INFO - Started process (PID=24033) to work on /Users/abhishekpatkar/Documents/Projects/af_file_loader/venv/lib/python3.11/site-packages/airflow/example_dags/example_params_trigger_ui.py
[2023-07-22T17:47:21.747-0500] {processor.py:826} INFO - Processing file /Users/abhishekpatkar/Documents/Projects/af_file_loader/venv/lib/python3.11/site-packages/airflow/example_dags/example_params_trigger_ui.py for tasks to queue
[2023-07-22T17:47:21.752-0500] {logging_mixin.py:150} INFO - [2023-07-22T17:47:21.748-0500] {dagbag.py:541} INFO - Filling up the DagBag from /Users/abhishekpatkar/Documents/Projects/af_file_loader/venv/lib/python3.11/site-packages/airflow/example_dags/example_params_trigger_ui.py
[2023-07-22T17:47:22.258-0500] {processor.py:836} INFO - DAG(s) dict_keys(['example_params_trigger_ui']) retrieved from /Users/abhishekpatkar/Documents/Projects/af_file_loader/venv/lib/python3.11/site-packages/airflow/example_dags/example_params_trigger_ui.py
[2023-07-22T17:47:25.429-0500] {logging_mixin.py:150} INFO - [2023-07-22T17:47:25.428-0500] {dag.py:2742} INFO - Sync 1 DAGs
[2023-07-22T17:47:25.486-0500] {logging_mixin.py:150} INFO - [2023-07-22T17:47:25.485-0500] {dag.py:3504} INFO - Setting next_dagrun for example_params_trigger_ui to None, run_after=None
[2023-07-22T17:47:25.558-0500] {processor.py:179} INFO - Processing /Users/abhishekpatkar/Documents/Projects/af_file_loader/venv/lib/python3.11/site-packages/airflow/example_dags/example_params_trigger_ui.py took 3.822 seconds
[2023-07-22T17:53:09.270-0500] {processor.py:157} INFO - Started process (PID=24342) to work on /Users/abhishekpatkar/Documents/Projects/af_file_loader/venv/lib/python3.11/site-packages/airflow/example_dags/example_params_trigger_ui.py
[2023-07-22T17:53:09.274-0500] {processor.py:826} INFO - Processing file /Users/abhishekpatkar/Documents/Projects/af_file_loader/venv/lib/python3.11/site-packages/airflow/example_dags/example_params_trigger_ui.py for tasks to queue
[2023-07-22T17:53:09.275-0500] {logging_mixin.py:150} INFO - [2023-07-22T17:53:09.275-0500] {dagbag.py:541} INFO - Filling up the DagBag from /Users/abhishekpatkar/Documents/Projects/af_file_loader/venv/lib/python3.11/site-packages/airflow/example_dags/example_params_trigger_ui.py
[2023-07-22T17:53:09.442-0500] {processor.py:836} INFO - DAG(s) dict_keys(['example_params_trigger_ui']) retrieved from /Users/abhishekpatkar/Documents/Projects/af_file_loader/venv/lib/python3.11/site-packages/airflow/example_dags/example_params_trigger_ui.py
[2023-07-22T17:53:10.638-0500] {logging_mixin.py:150} INFO - [2023-07-22T17:53:10.638-0500] {dag.py:2742} INFO - Sync 1 DAGs
[2023-07-22T17:53:10.666-0500] {logging_mixin.py:150} INFO - [2023-07-22T17:53:10.665-0500] {dag.py:3504} INFO - Setting next_dagrun for example_params_trigger_ui to None, run_after=None
[2023-07-22T17:53:10.690-0500] {processor.py:179} INFO - Processing /Users/abhishekpatkar/Documents/Projects/af_file_loader/venv/lib/python3.11/site-packages/airflow/example_dags/example_params_trigger_ui.py took 1.421 seconds
[2023-07-22T17:58:48.541-0500] {processor.py:157} INFO - Started process (PID=24609) to work on /Users/abhishekpatkar/Documents/Projects/af_file_loader/venv/lib/python3.11/site-packages/airflow/example_dags/example_params_trigger_ui.py
[2023-07-22T17:58:48.547-0500] {processor.py:826} INFO - Processing file /Users/abhishekpatkar/Documents/Projects/af_file_loader/venv/lib/python3.11/site-packages/airflow/example_dags/example_params_trigger_ui.py for tasks to queue
[2023-07-22T17:58:48.548-0500] {logging_mixin.py:150} INFO - [2023-07-22T17:58:48.548-0500] {dagbag.py:541} INFO - Filling up the DagBag from /Users/abhishekpatkar/Documents/Projects/af_file_loader/venv/lib/python3.11/site-packages/airflow/example_dags/example_params_trigger_ui.py
[2023-07-22T17:58:48.878-0500] {processor.py:836} INFO - DAG(s) dict_keys(['example_params_trigger_ui']) retrieved from /Users/abhishekpatkar/Documents/Projects/af_file_loader/venv/lib/python3.11/site-packages/airflow/example_dags/example_params_trigger_ui.py
[2023-07-22T17:58:51.570-0500] {logging_mixin.py:150} INFO - [2023-07-22T17:58:51.570-0500] {dag.py:2742} INFO - Sync 1 DAGs
[2023-07-22T17:58:51.606-0500] {logging_mixin.py:150} INFO - [2023-07-22T17:58:51.606-0500] {dag.py:3504} INFO - Setting next_dagrun for example_params_trigger_ui to None, run_after=None
[2023-07-22T17:58:51.632-0500] {processor.py:179} INFO - Processing /Users/abhishekpatkar/Documents/Projects/af_file_loader/venv/lib/python3.11/site-packages/airflow/example_dags/example_params_trigger_ui.py took 3.093 seconds
[2023-07-22T18:03:05.471-0500] {processor.py:157} INFO - Started process (PID=24784) to work on /Users/abhishekpatkar/Documents/Projects/af_file_loader/venv/lib/python3.11/site-packages/airflow/example_dags/example_params_trigger_ui.py
[2023-07-22T18:03:05.478-0500] {processor.py:826} INFO - Processing file /Users/abhishekpatkar/Documents/Projects/af_file_loader/venv/lib/python3.11/site-packages/airflow/example_dags/example_params_trigger_ui.py for tasks to queue
[2023-07-22T18:03:05.479-0500] {logging_mixin.py:150} INFO - [2023-07-22T18:03:05.479-0500] {dagbag.py:541} INFO - Filling up the DagBag from /Users/abhishekpatkar/Documents/Projects/af_file_loader/venv/lib/python3.11/site-packages/airflow/example_dags/example_params_trigger_ui.py
[2023-07-22T18:03:05.707-0500] {processor.py:836} INFO - DAG(s) dict_keys(['example_params_trigger_ui']) retrieved from /Users/abhishekpatkar/Documents/Projects/af_file_loader/venv/lib/python3.11/site-packages/airflow/example_dags/example_params_trigger_ui.py
[2023-07-22T18:03:07.108-0500] {logging_mixin.py:150} INFO - [2023-07-22T18:03:07.107-0500] {dag.py:2742} INFO - Sync 1 DAGs
[2023-07-22T18:03:07.131-0500] {logging_mixin.py:150} INFO - [2023-07-22T18:03:07.130-0500] {dag.py:3504} INFO - Setting next_dagrun for example_params_trigger_ui to None, run_after=None
[2023-07-22T18:03:07.156-0500] {processor.py:179} INFO - Processing /Users/abhishekpatkar/Documents/Projects/af_file_loader/venv/lib/python3.11/site-packages/airflow/example_dags/example_params_trigger_ui.py took 1.685 seconds
[2023-07-22T18:06:15.584-0500] {processor.py:157} INFO - Started process (PID=24888) to work on /Users/abhishekpatkar/Documents/Projects/af_file_loader/venv/lib/python3.11/site-packages/airflow/example_dags/example_params_trigger_ui.py
[2023-07-22T18:06:15.589-0500] {processor.py:826} INFO - Processing file /Users/abhishekpatkar/Documents/Projects/af_file_loader/venv/lib/python3.11/site-packages/airflow/example_dags/example_params_trigger_ui.py for tasks to queue
[2023-07-22T18:06:15.590-0500] {logging_mixin.py:150} INFO - [2023-07-22T18:06:15.590-0500] {dagbag.py:541} INFO - Filling up the DagBag from /Users/abhishekpatkar/Documents/Projects/af_file_loader/venv/lib/python3.11/site-packages/airflow/example_dags/example_params_trigger_ui.py
[2023-07-22T18:06:15.867-0500] {processor.py:836} INFO - DAG(s) dict_keys(['example_params_trigger_ui']) retrieved from /Users/abhishekpatkar/Documents/Projects/af_file_loader/venv/lib/python3.11/site-packages/airflow/example_dags/example_params_trigger_ui.py
[2023-07-22T18:06:17.539-0500] {logging_mixin.py:150} INFO - [2023-07-22T18:06:17.538-0500] {dag.py:2742} INFO - Sync 1 DAGs
[2023-07-22T18:06:17.575-0500] {logging_mixin.py:150} INFO - [2023-07-22T18:06:17.574-0500] {dag.py:3504} INFO - Setting next_dagrun for example_params_trigger_ui to None, run_after=None
[2023-07-22T18:06:17.611-0500] {processor.py:179} INFO - Processing /Users/abhishekpatkar/Documents/Projects/af_file_loader/venv/lib/python3.11/site-packages/airflow/example_dags/example_params_trigger_ui.py took 2.028 seconds
