[2023-07-22T14:51:21.472-0500] {processor.py:157} INFO - Started process (PID=16609) to work on /Users/abhishekpatkar/Documents/Projects/af_file_loader/venv/lib/python3.11/site-packages/airflow/example_dags/example_sensors.py
[2023-07-22T14:51:21.478-0500] {processor.py:826} INFO - Processing file /Users/abhishekpatkar/Documents/Projects/af_file_loader/venv/lib/python3.11/site-packages/airflow/example_dags/example_sensors.py for tasks to queue
[2023-07-22T14:51:21.479-0500] {logging_mixin.py:150} INFO - [2023-07-22T14:51:21.479-0500] {dagbag.py:541} INFO - Filling up the DagBag from /Users/abhishekpatkar/Documents/Projects/af_file_loader/venv/lib/python3.11/site-packages/airflow/example_dags/example_sensors.py
[2023-07-22T14:51:21.630-0500] {processor.py:836} INFO - DAG(s) dict_keys(['example_sensors']) retrieved from /Users/abhishekpatkar/Documents/Projects/af_file_loader/venv/lib/python3.11/site-packages/airflow/example_dags/example_sensors.py
[2023-07-22T14:51:23.125-0500] {logging_mixin.py:150} INFO - [2023-07-22T14:51:23.124-0500] {manager.py:504} INFO - Created Permission View: can read on DAG:example_sensors
[2023-07-22T14:51:23.134-0500] {logging_mixin.py:150} INFO - [2023-07-22T14:51:23.134-0500] {manager.py:504} INFO - Created Permission View: can delete on DAG:example_sensors
[2023-07-22T14:51:23.141-0500] {logging_mixin.py:150} INFO - [2023-07-22T14:51:23.140-0500] {manager.py:504} INFO - Created Permission View: can edit on DAG:example_sensors
[2023-07-22T14:51:23.155-0500] {logging_mixin.py:150} INFO - [2023-07-22T14:51:23.155-0500] {dag.py:2742} INFO - Sync 1 DAGs
[2023-07-22T14:51:23.166-0500] {logging_mixin.py:150} INFO - [2023-07-22T14:51:23.165-0500] {dag.py:2763} INFO - Creating ORM DAG for example_sensors
[2023-07-22T14:51:23.174-0500] {logging_mixin.py:150} INFO - [2023-07-22T14:51:23.174-0500] {dag.py:3504} INFO - Setting next_dagrun for example_sensors to None, run_after=None
[2023-07-22T14:51:23.198-0500] {processor.py:179} INFO - Processing /Users/abhishekpatkar/Documents/Projects/af_file_loader/venv/lib/python3.11/site-packages/airflow/example_dags/example_sensors.py took 1.728 seconds
[2023-07-22T14:54:48.280-0500] {processor.py:157} INFO - Started process (PID=16835) to work on /Users/abhishekpatkar/Documents/Projects/af_file_loader/venv/lib/python3.11/site-packages/airflow/example_dags/example_sensors.py
[2023-07-22T14:54:48.289-0500] {processor.py:826} INFO - Processing file /Users/abhishekpatkar/Documents/Projects/af_file_loader/venv/lib/python3.11/site-packages/airflow/example_dags/example_sensors.py for tasks to queue
[2023-07-22T14:54:48.293-0500] {logging_mixin.py:150} INFO - [2023-07-22T14:54:48.293-0500] {dagbag.py:541} INFO - Filling up the DagBag from /Users/abhishekpatkar/Documents/Projects/af_file_loader/venv/lib/python3.11/site-packages/airflow/example_dags/example_sensors.py
[2023-07-22T14:54:48.393-0500] {processor.py:836} INFO - DAG(s) dict_keys(['example_sensors']) retrieved from /Users/abhishekpatkar/Documents/Projects/af_file_loader/venv/lib/python3.11/site-packages/airflow/example_dags/example_sensors.py
[2023-07-22T14:54:49.242-0500] {logging_mixin.py:150} INFO - [2023-07-22T14:54:49.242-0500] {dag.py:2742} INFO - Sync 1 DAGs
[2023-07-22T14:54:49.261-0500] {logging_mixin.py:150} INFO - [2023-07-22T14:54:49.261-0500] {dag.py:3504} INFO - Setting next_dagrun for example_sensors to None, run_after=None
[2023-07-22T14:54:49.284-0500] {processor.py:179} INFO - Processing /Users/abhishekpatkar/Documents/Projects/af_file_loader/venv/lib/python3.11/site-packages/airflow/example_dags/example_sensors.py took 1.006 seconds
[2023-07-22T14:57:28.042-0500] {processor.py:157} INFO - Started process (PID=16981) to work on /Users/abhishekpatkar/Documents/Projects/af_file_loader/venv/lib/python3.11/site-packages/airflow/example_dags/example_sensors.py
[2023-07-22T14:57:28.048-0500] {processor.py:826} INFO - Processing file /Users/abhishekpatkar/Documents/Projects/af_file_loader/venv/lib/python3.11/site-packages/airflow/example_dags/example_sensors.py for tasks to queue
[2023-07-22T14:57:28.049-0500] {logging_mixin.py:150} INFO - [2023-07-22T14:57:28.049-0500] {dagbag.py:541} INFO - Filling up the DagBag from /Users/abhishekpatkar/Documents/Projects/af_file_loader/venv/lib/python3.11/site-packages/airflow/example_dags/example_sensors.py
[2023-07-22T14:57:28.173-0500] {processor.py:836} INFO - DAG(s) dict_keys(['example_sensors']) retrieved from /Users/abhishekpatkar/Documents/Projects/af_file_loader/venv/lib/python3.11/site-packages/airflow/example_dags/example_sensors.py
[2023-07-22T14:57:29.328-0500] {logging_mixin.py:150} INFO - [2023-07-22T14:57:29.327-0500] {dag.py:2742} INFO - Sync 1 DAGs
[2023-07-22T14:57:29.344-0500] {logging_mixin.py:150} INFO - [2023-07-22T14:57:29.344-0500] {dag.py:3504} INFO - Setting next_dagrun for example_sensors to None, run_after=None
[2023-07-22T14:57:29.368-0500] {processor.py:179} INFO - Processing /Users/abhishekpatkar/Documents/Projects/af_file_loader/venv/lib/python3.11/site-packages/airflow/example_dags/example_sensors.py took 1.327 seconds
[2023-07-22T14:59:46.143-0500] {processor.py:157} INFO - Started process (PID=17070) to work on /Users/abhishekpatkar/Documents/Projects/af_file_loader/venv/lib/python3.11/site-packages/airflow/example_dags/example_sensors.py
[2023-07-22T14:59:46.147-0500] {processor.py:826} INFO - Processing file /Users/abhishekpatkar/Documents/Projects/af_file_loader/venv/lib/python3.11/site-packages/airflow/example_dags/example_sensors.py for tasks to queue
[2023-07-22T14:59:46.148-0500] {logging_mixin.py:150} INFO - [2023-07-22T14:59:46.148-0500] {dagbag.py:541} INFO - Filling up the DagBag from /Users/abhishekpatkar/Documents/Projects/af_file_loader/venv/lib/python3.11/site-packages/airflow/example_dags/example_sensors.py
[2023-07-22T14:59:46.217-0500] {processor.py:836} INFO - DAG(s) dict_keys(['example_sensors']) retrieved from /Users/abhishekpatkar/Documents/Projects/af_file_loader/venv/lib/python3.11/site-packages/airflow/example_dags/example_sensors.py
[2023-07-22T14:59:47.053-0500] {logging_mixin.py:150} INFO - [2023-07-22T14:59:47.052-0500] {dag.py:2742} INFO - Sync 1 DAGs
[2023-07-22T14:59:47.075-0500] {logging_mixin.py:150} INFO - [2023-07-22T14:59:47.075-0500] {dag.py:3504} INFO - Setting next_dagrun for example_sensors to None, run_after=None
[2023-07-22T14:59:47.098-0500] {processor.py:179} INFO - Processing /Users/abhishekpatkar/Documents/Projects/af_file_loader/venv/lib/python3.11/site-packages/airflow/example_dags/example_sensors.py took 0.956 seconds
[2023-07-22T15:02:12.047-0500] {processor.py:157} INFO - Started process (PID=17221) to work on /Users/abhishekpatkar/Documents/Projects/af_file_loader/venv/lib/python3.11/site-packages/airflow/example_dags/example_sensors.py
[2023-07-22T15:02:12.051-0500] {processor.py:826} INFO - Processing file /Users/abhishekpatkar/Documents/Projects/af_file_loader/venv/lib/python3.11/site-packages/airflow/example_dags/example_sensors.py for tasks to queue
[2023-07-22T15:02:12.052-0500] {logging_mixin.py:150} INFO - [2023-07-22T15:02:12.051-0500] {dagbag.py:541} INFO - Filling up the DagBag from /Users/abhishekpatkar/Documents/Projects/af_file_loader/venv/lib/python3.11/site-packages/airflow/example_dags/example_sensors.py
[2023-07-22T15:02:12.153-0500] {processor.py:836} INFO - DAG(s) dict_keys(['example_sensors']) retrieved from /Users/abhishekpatkar/Documents/Projects/af_file_loader/venv/lib/python3.11/site-packages/airflow/example_dags/example_sensors.py
[2023-07-22T15:02:12.967-0500] {logging_mixin.py:150} INFO - [2023-07-22T15:02:12.966-0500] {dag.py:2742} INFO - Sync 1 DAGs
[2023-07-22T15:02:12.988-0500] {logging_mixin.py:150} INFO - [2023-07-22T15:02:12.988-0500] {dag.py:3504} INFO - Setting next_dagrun for example_sensors to None, run_after=None
[2023-07-22T15:02:13.007-0500] {processor.py:179} INFO - Processing /Users/abhishekpatkar/Documents/Projects/af_file_loader/venv/lib/python3.11/site-packages/airflow/example_dags/example_sensors.py took 0.960 seconds
[2023-07-22T15:04:55.919-0500] {processor.py:157} INFO - Started process (PID=17524) to work on /Users/abhishekpatkar/Documents/Projects/af_file_loader/venv/lib/python3.11/site-packages/airflow/example_dags/example_sensors.py
[2023-07-22T15:04:55.927-0500] {processor.py:826} INFO - Processing file /Users/abhishekpatkar/Documents/Projects/af_file_loader/venv/lib/python3.11/site-packages/airflow/example_dags/example_sensors.py for tasks to queue
[2023-07-22T15:04:55.927-0500] {logging_mixin.py:150} INFO - [2023-07-22T15:04:55.927-0500] {dagbag.py:541} INFO - Filling up the DagBag from /Users/abhishekpatkar/Documents/Projects/af_file_loader/venv/lib/python3.11/site-packages/airflow/example_dags/example_sensors.py
[2023-07-22T15:04:56.011-0500] {processor.py:836} INFO - DAG(s) dict_keys(['example_sensors']) retrieved from /Users/abhishekpatkar/Documents/Projects/af_file_loader/venv/lib/python3.11/site-packages/airflow/example_dags/example_sensors.py
[2023-07-22T15:04:57.133-0500] {logging_mixin.py:150} INFO - [2023-07-22T15:04:57.132-0500] {dag.py:2742} INFO - Sync 1 DAGs
[2023-07-22T15:04:57.160-0500] {logging_mixin.py:150} INFO - [2023-07-22T15:04:57.159-0500] {dag.py:3504} INFO - Setting next_dagrun for example_sensors to None, run_after=None
[2023-07-22T15:04:57.204-0500] {processor.py:179} INFO - Processing /Users/abhishekpatkar/Documents/Projects/af_file_loader/venv/lib/python3.11/site-packages/airflow/example_dags/example_sensors.py took 1.286 seconds
[2023-07-22T15:10:29.695-0500] {processor.py:157} INFO - Started process (PID=17800) to work on /Users/abhishekpatkar/Documents/Projects/af_file_loader/venv/lib/python3.11/site-packages/airflow/example_dags/example_sensors.py
[2023-07-22T15:10:29.699-0500] {processor.py:826} INFO - Processing file /Users/abhishekpatkar/Documents/Projects/af_file_loader/venv/lib/python3.11/site-packages/airflow/example_dags/example_sensors.py for tasks to queue
[2023-07-22T15:10:29.700-0500] {logging_mixin.py:150} INFO - [2023-07-22T15:10:29.700-0500] {dagbag.py:541} INFO - Filling up the DagBag from /Users/abhishekpatkar/Documents/Projects/af_file_loader/venv/lib/python3.11/site-packages/airflow/example_dags/example_sensors.py
[2023-07-22T15:10:29.780-0500] {processor.py:836} INFO - DAG(s) dict_keys(['example_sensors']) retrieved from /Users/abhishekpatkar/Documents/Projects/af_file_loader/venv/lib/python3.11/site-packages/airflow/example_dags/example_sensors.py
[2023-07-22T15:10:30.755-0500] {logging_mixin.py:150} INFO - [2023-07-22T15:10:30.754-0500] {dag.py:2742} INFO - Sync 1 DAGs
[2023-07-22T15:10:30.782-0500] {logging_mixin.py:150} INFO - [2023-07-22T15:10:30.782-0500] {dag.py:3504} INFO - Setting next_dagrun for example_sensors to None, run_after=None
[2023-07-22T15:10:30.810-0500] {processor.py:179} INFO - Processing /Users/abhishekpatkar/Documents/Projects/af_file_loader/venv/lib/python3.11/site-packages/airflow/example_dags/example_sensors.py took 1.116 seconds
[2023-07-22T15:13:23.457-0500] {processor.py:157} INFO - Started process (PID=17896) to work on /Users/abhishekpatkar/Documents/Projects/af_file_loader/venv/lib/python3.11/site-packages/airflow/example_dags/example_sensors.py
[2023-07-22T15:13:23.463-0500] {processor.py:826} INFO - Processing file /Users/abhishekpatkar/Documents/Projects/af_file_loader/venv/lib/python3.11/site-packages/airflow/example_dags/example_sensors.py for tasks to queue
[2023-07-22T15:13:23.464-0500] {logging_mixin.py:150} INFO - [2023-07-22T15:13:23.463-0500] {dagbag.py:541} INFO - Filling up the DagBag from /Users/abhishekpatkar/Documents/Projects/af_file_loader/venv/lib/python3.11/site-packages/airflow/example_dags/example_sensors.py
[2023-07-22T15:13:23.572-0500] {processor.py:836} INFO - DAG(s) dict_keys(['example_sensors']) retrieved from /Users/abhishekpatkar/Documents/Projects/af_file_loader/venv/lib/python3.11/site-packages/airflow/example_dags/example_sensors.py
[2023-07-22T15:13:24.407-0500] {logging_mixin.py:150} INFO - [2023-07-22T15:13:24.407-0500] {dag.py:2742} INFO - Sync 1 DAGs
[2023-07-22T15:13:24.423-0500] {logging_mixin.py:150} INFO - [2023-07-22T15:13:24.422-0500] {dag.py:3504} INFO - Setting next_dagrun for example_sensors to None, run_after=None
[2023-07-22T15:13:24.442-0500] {processor.py:179} INFO - Processing /Users/abhishekpatkar/Documents/Projects/af_file_loader/venv/lib/python3.11/site-packages/airflow/example_dags/example_sensors.py took 0.986 seconds
[2023-07-22T15:16:11.627-0500] {processor.py:157} INFO - Started process (PID=17996) to work on /Users/abhishekpatkar/Documents/Projects/af_file_loader/venv/lib/python3.11/site-packages/airflow/example_dags/example_sensors.py
[2023-07-22T15:16:11.631-0500] {processor.py:826} INFO - Processing file /Users/abhishekpatkar/Documents/Projects/af_file_loader/venv/lib/python3.11/site-packages/airflow/example_dags/example_sensors.py for tasks to queue
[2023-07-22T15:16:11.631-0500] {logging_mixin.py:150} INFO - [2023-07-22T15:16:11.631-0500] {dagbag.py:541} INFO - Filling up the DagBag from /Users/abhishekpatkar/Documents/Projects/af_file_loader/venv/lib/python3.11/site-packages/airflow/example_dags/example_sensors.py
[2023-07-22T15:16:11.712-0500] {processor.py:836} INFO - DAG(s) dict_keys(['example_sensors']) retrieved from /Users/abhishekpatkar/Documents/Projects/af_file_loader/venv/lib/python3.11/site-packages/airflow/example_dags/example_sensors.py
[2023-07-22T15:16:12.733-0500] {logging_mixin.py:150} INFO - [2023-07-22T15:16:12.733-0500] {dag.py:2742} INFO - Sync 1 DAGs
[2023-07-22T15:16:12.750-0500] {logging_mixin.py:150} INFO - [2023-07-22T15:16:12.750-0500] {dag.py:3504} INFO - Setting next_dagrun for example_sensors to None, run_after=None
[2023-07-22T15:16:12.767-0500] {processor.py:179} INFO - Processing /Users/abhishekpatkar/Documents/Projects/af_file_loader/venv/lib/python3.11/site-packages/airflow/example_dags/example_sensors.py took 1.141 seconds
[2023-07-22T15:19:09.486-0500] {processor.py:157} INFO - Started process (PID=18100) to work on /Users/abhishekpatkar/Documents/Projects/af_file_loader/venv/lib/python3.11/site-packages/airflow/example_dags/example_sensors.py
[2023-07-22T15:19:09.494-0500] {processor.py:826} INFO - Processing file /Users/abhishekpatkar/Documents/Projects/af_file_loader/venv/lib/python3.11/site-packages/airflow/example_dags/example_sensors.py for tasks to queue
[2023-07-22T15:19:09.496-0500] {logging_mixin.py:150} INFO - [2023-07-22T15:19:09.495-0500] {dagbag.py:541} INFO - Filling up the DagBag from /Users/abhishekpatkar/Documents/Projects/af_file_loader/venv/lib/python3.11/site-packages/airflow/example_dags/example_sensors.py
[2023-07-22T15:19:09.600-0500] {processor.py:836} INFO - DAG(s) dict_keys(['example_sensors']) retrieved from /Users/abhishekpatkar/Documents/Projects/af_file_loader/venv/lib/python3.11/site-packages/airflow/example_dags/example_sensors.py
[2023-07-22T15:19:11.883-0500] {logging_mixin.py:150} INFO - [2023-07-22T15:19:11.882-0500] {dag.py:2742} INFO - Sync 1 DAGs
[2023-07-22T15:19:11.912-0500] {logging_mixin.py:150} INFO - [2023-07-22T15:19:11.912-0500] {dag.py:3504} INFO - Setting next_dagrun for example_sensors to None, run_after=None
[2023-07-22T15:19:11.938-0500] {processor.py:179} INFO - Processing /Users/abhishekpatkar/Documents/Projects/af_file_loader/venv/lib/python3.11/site-packages/airflow/example_dags/example_sensors.py took 2.458 seconds
[2023-07-22T15:21:49.913-0500] {processor.py:157} INFO - Started process (PID=18195) to work on /Users/abhishekpatkar/Documents/Projects/af_file_loader/venv/lib/python3.11/site-packages/airflow/example_dags/example_sensors.py
[2023-07-22T15:21:49.917-0500] {processor.py:826} INFO - Processing file /Users/abhishekpatkar/Documents/Projects/af_file_loader/venv/lib/python3.11/site-packages/airflow/example_dags/example_sensors.py for tasks to queue
[2023-07-22T15:21:49.918-0500] {logging_mixin.py:150} INFO - [2023-07-22T15:21:49.918-0500] {dagbag.py:541} INFO - Filling up the DagBag from /Users/abhishekpatkar/Documents/Projects/af_file_loader/venv/lib/python3.11/site-packages/airflow/example_dags/example_sensors.py
[2023-07-22T15:21:49.984-0500] {processor.py:836} INFO - DAG(s) dict_keys(['example_sensors']) retrieved from /Users/abhishekpatkar/Documents/Projects/af_file_loader/venv/lib/python3.11/site-packages/airflow/example_dags/example_sensors.py
[2023-07-22T15:21:50.713-0500] {logging_mixin.py:150} INFO - [2023-07-22T15:21:50.712-0500] {dag.py:2742} INFO - Sync 1 DAGs
[2023-07-22T15:21:50.731-0500] {logging_mixin.py:150} INFO - [2023-07-22T15:21:50.730-0500] {dag.py:3504} INFO - Setting next_dagrun for example_sensors to None, run_after=None
[2023-07-22T15:21:50.757-0500] {processor.py:179} INFO - Processing /Users/abhishekpatkar/Documents/Projects/af_file_loader/venv/lib/python3.11/site-packages/airflow/example_dags/example_sensors.py took 0.845 seconds
[2023-07-22T15:24:04.331-0500] {processor.py:157} INFO - Started process (PID=18282) to work on /Users/abhishekpatkar/Documents/Projects/af_file_loader/venv/lib/python3.11/site-packages/airflow/example_dags/example_sensors.py
[2023-07-22T15:24:04.336-0500] {processor.py:826} INFO - Processing file /Users/abhishekpatkar/Documents/Projects/af_file_loader/venv/lib/python3.11/site-packages/airflow/example_dags/example_sensors.py for tasks to queue
[2023-07-22T15:24:04.339-0500] {logging_mixin.py:150} INFO - [2023-07-22T15:24:04.338-0500] {dagbag.py:541} INFO - Filling up the DagBag from /Users/abhishekpatkar/Documents/Projects/af_file_loader/venv/lib/python3.11/site-packages/airflow/example_dags/example_sensors.py
[2023-07-22T15:24:04.418-0500] {processor.py:836} INFO - DAG(s) dict_keys(['example_sensors']) retrieved from /Users/abhishekpatkar/Documents/Projects/af_file_loader/venv/lib/python3.11/site-packages/airflow/example_dags/example_sensors.py
[2023-07-22T15:24:05.136-0500] {logging_mixin.py:150} INFO - [2023-07-22T15:24:05.136-0500] {dag.py:2742} INFO - Sync 1 DAGs
[2023-07-22T15:24:05.161-0500] {logging_mixin.py:150} INFO - [2023-07-22T15:24:05.160-0500] {dag.py:3504} INFO - Setting next_dagrun for example_sensors to None, run_after=None
[2023-07-22T15:24:05.187-0500] {processor.py:179} INFO - Processing /Users/abhishekpatkar/Documents/Projects/af_file_loader/venv/lib/python3.11/site-packages/airflow/example_dags/example_sensors.py took 0.859 seconds
[2023-07-22T15:26:49.089-0500] {processor.py:157} INFO - Started process (PID=18481) to work on /Users/abhishekpatkar/Documents/Projects/af_file_loader/venv/lib/python3.11/site-packages/airflow/example_dags/example_sensors.py
[2023-07-22T15:26:49.096-0500] {processor.py:826} INFO - Processing file /Users/abhishekpatkar/Documents/Projects/af_file_loader/venv/lib/python3.11/site-packages/airflow/example_dags/example_sensors.py for tasks to queue
[2023-07-22T15:26:49.098-0500] {logging_mixin.py:150} INFO - [2023-07-22T15:26:49.097-0500] {dagbag.py:541} INFO - Filling up the DagBag from /Users/abhishekpatkar/Documents/Projects/af_file_loader/venv/lib/python3.11/site-packages/airflow/example_dags/example_sensors.py
[2023-07-22T15:26:49.242-0500] {processor.py:836} INFO - DAG(s) dict_keys(['example_sensors']) retrieved from /Users/abhishekpatkar/Documents/Projects/af_file_loader/venv/lib/python3.11/site-packages/airflow/example_dags/example_sensors.py
[2023-07-22T15:26:50.946-0500] {logging_mixin.py:150} INFO - [2023-07-22T15:26:50.946-0500] {dag.py:2742} INFO - Sync 1 DAGs
[2023-07-22T15:26:50.980-0500] {logging_mixin.py:150} INFO - [2023-07-22T15:26:50.980-0500] {dag.py:3504} INFO - Setting next_dagrun for example_sensors to None, run_after=None
[2023-07-22T15:26:51.011-0500] {processor.py:179} INFO - Processing /Users/abhishekpatkar/Documents/Projects/af_file_loader/venv/lib/python3.11/site-packages/airflow/example_dags/example_sensors.py took 1.924 seconds
[2023-07-22T15:30:09.903-0500] {processor.py:157} INFO - Started process (PID=18707) to work on /Users/abhishekpatkar/Documents/Projects/af_file_loader/venv/lib/python3.11/site-packages/airflow/example_dags/example_sensors.py
[2023-07-22T15:30:09.907-0500] {processor.py:826} INFO - Processing file /Users/abhishekpatkar/Documents/Projects/af_file_loader/venv/lib/python3.11/site-packages/airflow/example_dags/example_sensors.py for tasks to queue
[2023-07-22T15:30:09.908-0500] {logging_mixin.py:150} INFO - [2023-07-22T15:30:09.908-0500] {dagbag.py:541} INFO - Filling up the DagBag from /Users/abhishekpatkar/Documents/Projects/af_file_loader/venv/lib/python3.11/site-packages/airflow/example_dags/example_sensors.py
[2023-07-22T15:30:09.978-0500] {processor.py:836} INFO - DAG(s) dict_keys(['example_sensors']) retrieved from /Users/abhishekpatkar/Documents/Projects/af_file_loader/venv/lib/python3.11/site-packages/airflow/example_dags/example_sensors.py
[2023-07-22T15:30:10.725-0500] {logging_mixin.py:150} INFO - [2023-07-22T15:30:10.725-0500] {dag.py:2742} INFO - Sync 1 DAGs
[2023-07-22T15:30:10.747-0500] {logging_mixin.py:150} INFO - [2023-07-22T15:30:10.747-0500] {dag.py:3504} INFO - Setting next_dagrun for example_sensors to None, run_after=None
[2023-07-22T15:30:10.773-0500] {processor.py:179} INFO - Processing /Users/abhishekpatkar/Documents/Projects/af_file_loader/venv/lib/python3.11/site-packages/airflow/example_dags/example_sensors.py took 0.871 seconds
[2023-07-22T15:32:38.289-0500] {processor.py:157} INFO - Started process (PID=18845) to work on /Users/abhishekpatkar/Documents/Projects/af_file_loader/venv/lib/python3.11/site-packages/airflow/example_dags/example_sensors.py
[2023-07-22T15:32:38.294-0500] {processor.py:826} INFO - Processing file /Users/abhishekpatkar/Documents/Projects/af_file_loader/venv/lib/python3.11/site-packages/airflow/example_dags/example_sensors.py for tasks to queue
[2023-07-22T15:32:38.294-0500] {logging_mixin.py:150} INFO - [2023-07-22T15:32:38.294-0500] {dagbag.py:541} INFO - Filling up the DagBag from /Users/abhishekpatkar/Documents/Projects/af_file_loader/venv/lib/python3.11/site-packages/airflow/example_dags/example_sensors.py
[2023-07-22T15:32:38.360-0500] {processor.py:836} INFO - DAG(s) dict_keys(['example_sensors']) retrieved from /Users/abhishekpatkar/Documents/Projects/af_file_loader/venv/lib/python3.11/site-packages/airflow/example_dags/example_sensors.py
[2023-07-22T15:32:38.961-0500] {logging_mixin.py:150} INFO - [2023-07-22T15:32:38.961-0500] {dag.py:2742} INFO - Sync 1 DAGs
[2023-07-22T15:32:38.976-0500] {logging_mixin.py:150} INFO - [2023-07-22T15:32:38.976-0500] {dag.py:3504} INFO - Setting next_dagrun for example_sensors to None, run_after=None
[2023-07-22T15:32:38.993-0500] {processor.py:179} INFO - Processing /Users/abhishekpatkar/Documents/Projects/af_file_loader/venv/lib/python3.11/site-packages/airflow/example_dags/example_sensors.py took 0.704 seconds
[2023-07-22T15:34:34.023-0500] {processor.py:157} INFO - Started process (PID=18919) to work on /Users/abhishekpatkar/Documents/Projects/af_file_loader/venv/lib/python3.11/site-packages/airflow/example_dags/example_sensors.py
[2023-07-22T15:34:34.027-0500] {processor.py:826} INFO - Processing file /Users/abhishekpatkar/Documents/Projects/af_file_loader/venv/lib/python3.11/site-packages/airflow/example_dags/example_sensors.py for tasks to queue
[2023-07-22T15:34:34.028-0500] {logging_mixin.py:150} INFO - [2023-07-22T15:34:34.028-0500] {dagbag.py:541} INFO - Filling up the DagBag from /Users/abhishekpatkar/Documents/Projects/af_file_loader/venv/lib/python3.11/site-packages/airflow/example_dags/example_sensors.py
[2023-07-22T15:34:34.093-0500] {processor.py:836} INFO - DAG(s) dict_keys(['example_sensors']) retrieved from /Users/abhishekpatkar/Documents/Projects/af_file_loader/venv/lib/python3.11/site-packages/airflow/example_dags/example_sensors.py
[2023-07-22T15:34:34.715-0500] {logging_mixin.py:150} INFO - [2023-07-22T15:34:34.714-0500] {dag.py:2742} INFO - Sync 1 DAGs
[2023-07-22T15:34:34.731-0500] {logging_mixin.py:150} INFO - [2023-07-22T15:34:34.731-0500] {dag.py:3504} INFO - Setting next_dagrun for example_sensors to None, run_after=None
[2023-07-22T15:34:34.750-0500] {processor.py:179} INFO - Processing /Users/abhishekpatkar/Documents/Projects/af_file_loader/venv/lib/python3.11/site-packages/airflow/example_dags/example_sensors.py took 0.728 seconds
[2023-07-22T15:36:26.475-0500] {processor.py:157} INFO - Started process (PID=19090) to work on /Users/abhishekpatkar/Documents/Projects/af_file_loader/venv/lib/python3.11/site-packages/airflow/example_dags/example_sensors.py
[2023-07-22T15:36:26.483-0500] {processor.py:826} INFO - Processing file /Users/abhishekpatkar/Documents/Projects/af_file_loader/venv/lib/python3.11/site-packages/airflow/example_dags/example_sensors.py for tasks to queue
[2023-07-22T15:36:26.484-0500] {logging_mixin.py:150} INFO - [2023-07-22T15:36:26.484-0500] {dagbag.py:541} INFO - Filling up the DagBag from /Users/abhishekpatkar/Documents/Projects/af_file_loader/venv/lib/python3.11/site-packages/airflow/example_dags/example_sensors.py
[2023-07-22T15:36:26.565-0500] {processor.py:836} INFO - DAG(s) dict_keys(['example_sensors']) retrieved from /Users/abhishekpatkar/Documents/Projects/af_file_loader/venv/lib/python3.11/site-packages/airflow/example_dags/example_sensors.py
[2023-07-22T15:36:27.219-0500] {logging_mixin.py:150} INFO - [2023-07-22T15:36:27.219-0500] {dag.py:2742} INFO - Sync 1 DAGs
[2023-07-22T15:36:27.234-0500] {logging_mixin.py:150} INFO - [2023-07-22T15:36:27.234-0500] {dag.py:3504} INFO - Setting next_dagrun for example_sensors to None, run_after=None
[2023-07-22T15:36:27.253-0500] {processor.py:179} INFO - Processing /Users/abhishekpatkar/Documents/Projects/af_file_loader/venv/lib/python3.11/site-packages/airflow/example_dags/example_sensors.py took 0.780 seconds
[2023-07-22T15:48:07.244-0500] {processor.py:157} INFO - Started process (PID=19401) to work on /Users/abhishekpatkar/Documents/Projects/af_file_loader/venv/lib/python3.11/site-packages/airflow/example_dags/example_sensors.py
[2023-07-22T15:48:07.249-0500] {processor.py:826} INFO - Processing file /Users/abhishekpatkar/Documents/Projects/af_file_loader/venv/lib/python3.11/site-packages/airflow/example_dags/example_sensors.py for tasks to queue
[2023-07-22T15:48:07.249-0500] {logging_mixin.py:150} INFO - [2023-07-22T15:48:07.249-0500] {dagbag.py:541} INFO - Filling up the DagBag from /Users/abhishekpatkar/Documents/Projects/af_file_loader/venv/lib/python3.11/site-packages/airflow/example_dags/example_sensors.py
[2023-07-22T15:48:07.461-0500] {processor.py:836} INFO - DAG(s) dict_keys(['example_sensors']) retrieved from /Users/abhishekpatkar/Documents/Projects/af_file_loader/venv/lib/python3.11/site-packages/airflow/example_dags/example_sensors.py
[2023-07-22T15:48:08.327-0500] {logging_mixin.py:150} INFO - [2023-07-22T15:48:08.327-0500] {dag.py:2742} INFO - Sync 1 DAGs
[2023-07-22T15:48:08.359-0500] {logging_mixin.py:150} INFO - [2023-07-22T15:48:08.358-0500] {dag.py:3504} INFO - Setting next_dagrun for example_sensors to None, run_after=None
[2023-07-22T15:48:08.387-0500] {processor.py:179} INFO - Processing /Users/abhishekpatkar/Documents/Projects/af_file_loader/venv/lib/python3.11/site-packages/airflow/example_dags/example_sensors.py took 1.144 seconds
[2023-07-22T15:50:30.939-0500] {processor.py:157} INFO - Started process (PID=19580) to work on /Users/abhishekpatkar/Documents/Projects/af_file_loader/venv/lib/python3.11/site-packages/airflow/example_dags/example_sensors.py
[2023-07-22T15:50:30.945-0500] {processor.py:826} INFO - Processing file /Users/abhishekpatkar/Documents/Projects/af_file_loader/venv/lib/python3.11/site-packages/airflow/example_dags/example_sensors.py for tasks to queue
[2023-07-22T15:50:30.945-0500] {logging_mixin.py:150} INFO - [2023-07-22T15:50:30.945-0500] {dagbag.py:541} INFO - Filling up the DagBag from /Users/abhishekpatkar/Documents/Projects/af_file_loader/venv/lib/python3.11/site-packages/airflow/example_dags/example_sensors.py
[2023-07-22T15:50:31.023-0500] {processor.py:836} INFO - DAG(s) dict_keys(['example_sensors']) retrieved from /Users/abhishekpatkar/Documents/Projects/af_file_loader/venv/lib/python3.11/site-packages/airflow/example_dags/example_sensors.py
[2023-07-22T15:50:32.148-0500] {logging_mixin.py:150} INFO - [2023-07-22T15:50:32.147-0500] {dag.py:2742} INFO - Sync 1 DAGs
[2023-07-22T15:50:32.172-0500] {logging_mixin.py:150} INFO - [2023-07-22T15:50:32.172-0500] {dag.py:3504} INFO - Setting next_dagrun for example_sensors to None, run_after=None
[2023-07-22T15:50:32.207-0500] {processor.py:179} INFO - Processing /Users/abhishekpatkar/Documents/Projects/af_file_loader/venv/lib/python3.11/site-packages/airflow/example_dags/example_sensors.py took 1.269 seconds
[2023-07-22T15:53:09.902-0500] {processor.py:157} INFO - Started process (PID=19846) to work on /Users/abhishekpatkar/Documents/Projects/af_file_loader/venv/lib/python3.11/site-packages/airflow/example_dags/example_sensors.py
[2023-07-22T15:53:09.906-0500] {processor.py:826} INFO - Processing file /Users/abhishekpatkar/Documents/Projects/af_file_loader/venv/lib/python3.11/site-packages/airflow/example_dags/example_sensors.py for tasks to queue
[2023-07-22T15:53:09.907-0500] {logging_mixin.py:150} INFO - [2023-07-22T15:53:09.906-0500] {dagbag.py:541} INFO - Filling up the DagBag from /Users/abhishekpatkar/Documents/Projects/af_file_loader/venv/lib/python3.11/site-packages/airflow/example_dags/example_sensors.py
[2023-07-22T15:53:09.995-0500] {processor.py:836} INFO - DAG(s) dict_keys(['example_sensors']) retrieved from /Users/abhishekpatkar/Documents/Projects/af_file_loader/venv/lib/python3.11/site-packages/airflow/example_dags/example_sensors.py
[2023-07-22T15:53:11.243-0500] {logging_mixin.py:150} INFO - [2023-07-22T15:53:11.243-0500] {dag.py:2742} INFO - Sync 1 DAGs
[2023-07-22T15:53:11.275-0500] {logging_mixin.py:150} INFO - [2023-07-22T15:53:11.274-0500] {dag.py:3504} INFO - Setting next_dagrun for example_sensors to None, run_after=None
[2023-07-22T15:53:11.317-0500] {processor.py:179} INFO - Processing /Users/abhishekpatkar/Documents/Projects/af_file_loader/venv/lib/python3.11/site-packages/airflow/example_dags/example_sensors.py took 1.416 seconds
[2023-07-22T15:55:49.128-0500] {processor.py:157} INFO - Started process (PID=20039) to work on /Users/abhishekpatkar/Documents/Projects/af_file_loader/venv/lib/python3.11/site-packages/airflow/example_dags/example_sensors.py
[2023-07-22T15:55:49.134-0500] {processor.py:826} INFO - Processing file /Users/abhishekpatkar/Documents/Projects/af_file_loader/venv/lib/python3.11/site-packages/airflow/example_dags/example_sensors.py for tasks to queue
[2023-07-22T15:55:49.134-0500] {logging_mixin.py:150} INFO - [2023-07-22T15:55:49.134-0500] {dagbag.py:541} INFO - Filling up the DagBag from /Users/abhishekpatkar/Documents/Projects/af_file_loader/venv/lib/python3.11/site-packages/airflow/example_dags/example_sensors.py
[2023-07-22T15:55:49.219-0500] {processor.py:836} INFO - DAG(s) dict_keys(['example_sensors']) retrieved from /Users/abhishekpatkar/Documents/Projects/af_file_loader/venv/lib/python3.11/site-packages/airflow/example_dags/example_sensors.py
[2023-07-22T15:55:50.178-0500] {logging_mixin.py:150} INFO - [2023-07-22T15:55:50.177-0500] {dag.py:2742} INFO - Sync 1 DAGs
[2023-07-22T15:55:50.200-0500] {logging_mixin.py:150} INFO - [2023-07-22T15:55:50.200-0500] {dag.py:3504} INFO - Setting next_dagrun for example_sensors to None, run_after=None
[2023-07-22T15:55:50.227-0500] {processor.py:179} INFO - Processing /Users/abhishekpatkar/Documents/Projects/af_file_loader/venv/lib/python3.11/site-packages/airflow/example_dags/example_sensors.py took 1.101 seconds
[2023-07-22T15:58:26.725-0500] {processor.py:157} INFO - Started process (PID=20243) to work on /Users/abhishekpatkar/Documents/Projects/af_file_loader/venv/lib/python3.11/site-packages/airflow/example_dags/example_sensors.py
[2023-07-22T15:58:26.731-0500] {processor.py:826} INFO - Processing file /Users/abhishekpatkar/Documents/Projects/af_file_loader/venv/lib/python3.11/site-packages/airflow/example_dags/example_sensors.py for tasks to queue
[2023-07-22T15:58:26.731-0500] {logging_mixin.py:150} INFO - [2023-07-22T15:58:26.731-0500] {dagbag.py:541} INFO - Filling up the DagBag from /Users/abhishekpatkar/Documents/Projects/af_file_loader/venv/lib/python3.11/site-packages/airflow/example_dags/example_sensors.py
[2023-07-22T15:58:26.836-0500] {processor.py:836} INFO - DAG(s) dict_keys(['example_sensors']) retrieved from /Users/abhishekpatkar/Documents/Projects/af_file_loader/venv/lib/python3.11/site-packages/airflow/example_dags/example_sensors.py
[2023-07-22T15:58:27.635-0500] {logging_mixin.py:150} INFO - [2023-07-22T15:58:27.634-0500] {dag.py:2742} INFO - Sync 1 DAGs
[2023-07-22T15:58:27.654-0500] {logging_mixin.py:150} INFO - [2023-07-22T15:58:27.654-0500] {dag.py:3504} INFO - Setting next_dagrun for example_sensors to None, run_after=None
[2023-07-22T15:58:27.679-0500] {processor.py:179} INFO - Processing /Users/abhishekpatkar/Documents/Projects/af_file_loader/venv/lib/python3.11/site-packages/airflow/example_dags/example_sensors.py took 0.955 seconds
[2023-07-22T16:00:53.904-0500] {processor.py:157} INFO - Started process (PID=20330) to work on /Users/abhishekpatkar/Documents/Projects/af_file_loader/venv/lib/python3.11/site-packages/airflow/example_dags/example_sensors.py
[2023-07-22T16:00:53.910-0500] {processor.py:826} INFO - Processing file /Users/abhishekpatkar/Documents/Projects/af_file_loader/venv/lib/python3.11/site-packages/airflow/example_dags/example_sensors.py for tasks to queue
[2023-07-22T16:00:53.911-0500] {logging_mixin.py:150} INFO - [2023-07-22T16:00:53.911-0500] {dagbag.py:541} INFO - Filling up the DagBag from /Users/abhishekpatkar/Documents/Projects/af_file_loader/venv/lib/python3.11/site-packages/airflow/example_dags/example_sensors.py
[2023-07-22T16:00:53.999-0500] {processor.py:836} INFO - DAG(s) dict_keys(['example_sensors']) retrieved from /Users/abhishekpatkar/Documents/Projects/af_file_loader/venv/lib/python3.11/site-packages/airflow/example_dags/example_sensors.py
[2023-07-22T16:00:54.869-0500] {logging_mixin.py:150} INFO - [2023-07-22T16:00:54.868-0500] {dag.py:2742} INFO - Sync 1 DAGs
[2023-07-22T16:00:54.888-0500] {logging_mixin.py:150} INFO - [2023-07-22T16:00:54.888-0500] {dag.py:3504} INFO - Setting next_dagrun for example_sensors to None, run_after=None
[2023-07-22T16:00:54.908-0500] {processor.py:179} INFO - Processing /Users/abhishekpatkar/Documents/Projects/af_file_loader/venv/lib/python3.11/site-packages/airflow/example_dags/example_sensors.py took 1.006 seconds
[2023-07-22T16:03:08.325-0500] {processor.py:157} INFO - Started process (PID=20411) to work on /Users/abhishekpatkar/Documents/Projects/af_file_loader/venv/lib/python3.11/site-packages/airflow/example_dags/example_sensors.py
[2023-07-22T16:03:08.330-0500] {processor.py:826} INFO - Processing file /Users/abhishekpatkar/Documents/Projects/af_file_loader/venv/lib/python3.11/site-packages/airflow/example_dags/example_sensors.py for tasks to queue
[2023-07-22T16:03:08.331-0500] {logging_mixin.py:150} INFO - [2023-07-22T16:03:08.330-0500] {dagbag.py:541} INFO - Filling up the DagBag from /Users/abhishekpatkar/Documents/Projects/af_file_loader/venv/lib/python3.11/site-packages/airflow/example_dags/example_sensors.py
[2023-07-22T16:03:08.397-0500] {processor.py:836} INFO - DAG(s) dict_keys(['example_sensors']) retrieved from /Users/abhishekpatkar/Documents/Projects/af_file_loader/venv/lib/python3.11/site-packages/airflow/example_dags/example_sensors.py
[2023-07-22T16:03:09.031-0500] {logging_mixin.py:150} INFO - [2023-07-22T16:03:09.031-0500] {dag.py:2742} INFO - Sync 1 DAGs
[2023-07-22T16:03:09.047-0500] {logging_mixin.py:150} INFO - [2023-07-22T16:03:09.047-0500] {dag.py:3504} INFO - Setting next_dagrun for example_sensors to None, run_after=None
[2023-07-22T16:03:09.065-0500] {processor.py:179} INFO - Processing /Users/abhishekpatkar/Documents/Projects/af_file_loader/venv/lib/python3.11/site-packages/airflow/example_dags/example_sensors.py took 0.741 seconds
[2023-07-22T16:05:01.397-0500] {processor.py:157} INFO - Started process (PID=20494) to work on /Users/abhishekpatkar/Documents/Projects/af_file_loader/venv/lib/python3.11/site-packages/airflow/example_dags/example_sensors.py
[2023-07-22T16:05:01.401-0500] {processor.py:826} INFO - Processing file /Users/abhishekpatkar/Documents/Projects/af_file_loader/venv/lib/python3.11/site-packages/airflow/example_dags/example_sensors.py for tasks to queue
[2023-07-22T16:05:01.402-0500] {logging_mixin.py:150} INFO - [2023-07-22T16:05:01.402-0500] {dagbag.py:541} INFO - Filling up the DagBag from /Users/abhishekpatkar/Documents/Projects/af_file_loader/venv/lib/python3.11/site-packages/airflow/example_dags/example_sensors.py
[2023-07-22T16:05:01.465-0500] {processor.py:836} INFO - DAG(s) dict_keys(['example_sensors']) retrieved from /Users/abhishekpatkar/Documents/Projects/af_file_loader/venv/lib/python3.11/site-packages/airflow/example_dags/example_sensors.py
[2023-07-22T16:05:02.062-0500] {logging_mixin.py:150} INFO - [2023-07-22T16:05:02.062-0500] {dag.py:2742} INFO - Sync 1 DAGs
[2023-07-22T16:05:02.077-0500] {logging_mixin.py:150} INFO - [2023-07-22T16:05:02.077-0500] {dag.py:3504} INFO - Setting next_dagrun for example_sensors to None, run_after=None
[2023-07-22T16:05:02.095-0500] {processor.py:179} INFO - Processing /Users/abhishekpatkar/Documents/Projects/af_file_loader/venv/lib/python3.11/site-packages/airflow/example_dags/example_sensors.py took 0.699 seconds
[2023-07-22T16:06:47.826-0500] {processor.py:157} INFO - Started process (PID=20578) to work on /Users/abhishekpatkar/Documents/Projects/af_file_loader/venv/lib/python3.11/site-packages/airflow/example_dags/example_sensors.py
[2023-07-22T16:06:47.830-0500] {processor.py:826} INFO - Processing file /Users/abhishekpatkar/Documents/Projects/af_file_loader/venv/lib/python3.11/site-packages/airflow/example_dags/example_sensors.py for tasks to queue
[2023-07-22T16:06:47.831-0500] {logging_mixin.py:150} INFO - [2023-07-22T16:06:47.831-0500] {dagbag.py:541} INFO - Filling up the DagBag from /Users/abhishekpatkar/Documents/Projects/af_file_loader/venv/lib/python3.11/site-packages/airflow/example_dags/example_sensors.py
[2023-07-22T16:06:47.891-0500] {processor.py:836} INFO - DAG(s) dict_keys(['example_sensors']) retrieved from /Users/abhishekpatkar/Documents/Projects/af_file_loader/venv/lib/python3.11/site-packages/airflow/example_dags/example_sensors.py
[2023-07-22T16:06:48.499-0500] {logging_mixin.py:150} INFO - [2023-07-22T16:06:48.498-0500] {dag.py:2742} INFO - Sync 1 DAGs
[2023-07-22T16:06:48.514-0500] {logging_mixin.py:150} INFO - [2023-07-22T16:06:48.514-0500] {dag.py:3504} INFO - Setting next_dagrun for example_sensors to None, run_after=None
[2023-07-22T16:06:48.532-0500] {processor.py:179} INFO - Processing /Users/abhishekpatkar/Documents/Projects/af_file_loader/venv/lib/python3.11/site-packages/airflow/example_dags/example_sensors.py took 0.706 seconds
[2023-07-22T16:08:39.961-0500] {processor.py:157} INFO - Started process (PID=20662) to work on /Users/abhishekpatkar/Documents/Projects/af_file_loader/venv/lib/python3.11/site-packages/airflow/example_dags/example_sensors.py
[2023-07-22T16:08:39.966-0500] {processor.py:826} INFO - Processing file /Users/abhishekpatkar/Documents/Projects/af_file_loader/venv/lib/python3.11/site-packages/airflow/example_dags/example_sensors.py for tasks to queue
[2023-07-22T16:08:39.967-0500] {logging_mixin.py:150} INFO - [2023-07-22T16:08:39.966-0500] {dagbag.py:541} INFO - Filling up the DagBag from /Users/abhishekpatkar/Documents/Projects/af_file_loader/venv/lib/python3.11/site-packages/airflow/example_dags/example_sensors.py
[2023-07-22T16:08:40.029-0500] {processor.py:836} INFO - DAG(s) dict_keys(['example_sensors']) retrieved from /Users/abhishekpatkar/Documents/Projects/af_file_loader/venv/lib/python3.11/site-packages/airflow/example_dags/example_sensors.py
[2023-07-22T16:08:40.630-0500] {logging_mixin.py:150} INFO - [2023-07-22T16:08:40.630-0500] {dag.py:2742} INFO - Sync 1 DAGs
[2023-07-22T16:08:40.646-0500] {logging_mixin.py:150} INFO - [2023-07-22T16:08:40.646-0500] {dag.py:3504} INFO - Setting next_dagrun for example_sensors to None, run_after=None
[2023-07-22T16:08:40.666-0500] {processor.py:179} INFO - Processing /Users/abhishekpatkar/Documents/Projects/af_file_loader/venv/lib/python3.11/site-packages/airflow/example_dags/example_sensors.py took 0.705 seconds
[2023-07-22T16:10:30.106-0500] {processor.py:157} INFO - Started process (PID=20733) to work on /Users/abhishekpatkar/Documents/Projects/af_file_loader/venv/lib/python3.11/site-packages/airflow/example_dags/example_sensors.py
[2023-07-22T16:10:30.109-0500] {processor.py:826} INFO - Processing file /Users/abhishekpatkar/Documents/Projects/af_file_loader/venv/lib/python3.11/site-packages/airflow/example_dags/example_sensors.py for tasks to queue
[2023-07-22T16:10:30.110-0500] {logging_mixin.py:150} INFO - [2023-07-22T16:10:30.110-0500] {dagbag.py:541} INFO - Filling up the DagBag from /Users/abhishekpatkar/Documents/Projects/af_file_loader/venv/lib/python3.11/site-packages/airflow/example_dags/example_sensors.py
[2023-07-22T16:10:30.170-0500] {processor.py:836} INFO - DAG(s) dict_keys(['example_sensors']) retrieved from /Users/abhishekpatkar/Documents/Projects/af_file_loader/venv/lib/python3.11/site-packages/airflow/example_dags/example_sensors.py
[2023-07-22T16:10:30.816-0500] {logging_mixin.py:150} INFO - [2023-07-22T16:10:30.816-0500] {dag.py:2742} INFO - Sync 1 DAGs
[2023-07-22T16:10:30.832-0500] {logging_mixin.py:150} INFO - [2023-07-22T16:10:30.831-0500] {dag.py:3504} INFO - Setting next_dagrun for example_sensors to None, run_after=None
[2023-07-22T16:10:30.850-0500] {processor.py:179} INFO - Processing /Users/abhishekpatkar/Documents/Projects/af_file_loader/venv/lib/python3.11/site-packages/airflow/example_dags/example_sensors.py took 0.745 seconds
[2023-07-22T16:24:19.602-0500] {processor.py:157} INFO - Started process (PID=20873) to work on /Users/abhishekpatkar/Documents/Projects/af_file_loader/venv/lib/python3.11/site-packages/airflow/example_dags/example_sensors.py
[2023-07-22T16:24:19.606-0500] {processor.py:826} INFO - Processing file /Users/abhishekpatkar/Documents/Projects/af_file_loader/venv/lib/python3.11/site-packages/airflow/example_dags/example_sensors.py for tasks to queue
[2023-07-22T16:24:19.606-0500] {logging_mixin.py:150} INFO - [2023-07-22T16:24:19.606-0500] {dagbag.py:541} INFO - Filling up the DagBag from /Users/abhishekpatkar/Documents/Projects/af_file_loader/venv/lib/python3.11/site-packages/airflow/example_dags/example_sensors.py
[2023-07-22T16:24:19.670-0500] {processor.py:836} INFO - DAG(s) dict_keys(['example_sensors']) retrieved from /Users/abhishekpatkar/Documents/Projects/af_file_loader/venv/lib/python3.11/site-packages/airflow/example_dags/example_sensors.py
[2023-07-22T16:24:20.387-0500] {logging_mixin.py:150} INFO - [2023-07-22T16:24:20.387-0500] {dag.py:2742} INFO - Sync 1 DAGs
[2023-07-22T16:24:20.403-0500] {logging_mixin.py:150} INFO - [2023-07-22T16:24:20.403-0500] {dag.py:3504} INFO - Setting next_dagrun for example_sensors to None, run_after=None
[2023-07-22T16:24:20.425-0500] {processor.py:179} INFO - Processing /Users/abhishekpatkar/Documents/Projects/af_file_loader/venv/lib/python3.11/site-packages/airflow/example_dags/example_sensors.py took 0.824 seconds
[2023-07-22T16:27:21.764-0500] {processor.py:157} INFO - Started process (PID=21010) to work on /Users/abhishekpatkar/Documents/Projects/af_file_loader/venv/lib/python3.11/site-packages/airflow/example_dags/example_sensors.py
[2023-07-22T16:27:21.772-0500] {processor.py:826} INFO - Processing file /Users/abhishekpatkar/Documents/Projects/af_file_loader/venv/lib/python3.11/site-packages/airflow/example_dags/example_sensors.py for tasks to queue
[2023-07-22T16:27:21.772-0500] {logging_mixin.py:150} INFO - [2023-07-22T16:27:21.772-0500] {dagbag.py:541} INFO - Filling up the DagBag from /Users/abhishekpatkar/Documents/Projects/af_file_loader/venv/lib/python3.11/site-packages/airflow/example_dags/example_sensors.py
[2023-07-22T16:27:21.933-0500] {processor.py:836} INFO - DAG(s) dict_keys(['example_sensors']) retrieved from /Users/abhishekpatkar/Documents/Projects/af_file_loader/venv/lib/python3.11/site-packages/airflow/example_dags/example_sensors.py
[2023-07-22T16:27:23.353-0500] {logging_mixin.py:150} INFO - [2023-07-22T16:27:23.353-0500] {dag.py:2742} INFO - Sync 1 DAGs
[2023-07-22T16:27:23.387-0500] {logging_mixin.py:150} INFO - [2023-07-22T16:27:23.387-0500] {dag.py:3504} INFO - Setting next_dagrun for example_sensors to None, run_after=None
[2023-07-22T16:27:23.422-0500] {processor.py:179} INFO - Processing /Users/abhishekpatkar/Documents/Projects/af_file_loader/venv/lib/python3.11/site-packages/airflow/example_dags/example_sensors.py took 1.666 seconds
[2023-07-22T16:30:38.929-0500] {processor.py:157} INFO - Started process (PID=21114) to work on /Users/abhishekpatkar/Documents/Projects/af_file_loader/venv/lib/python3.11/site-packages/airflow/example_dags/example_sensors.py
[2023-07-22T16:30:38.936-0500] {processor.py:826} INFO - Processing file /Users/abhishekpatkar/Documents/Projects/af_file_loader/venv/lib/python3.11/site-packages/airflow/example_dags/example_sensors.py for tasks to queue
[2023-07-22T16:30:38.937-0500] {logging_mixin.py:150} INFO - [2023-07-22T16:30:38.936-0500] {dagbag.py:541} INFO - Filling up the DagBag from /Users/abhishekpatkar/Documents/Projects/af_file_loader/venv/lib/python3.11/site-packages/airflow/example_dags/example_sensors.py
[2023-07-22T16:30:39.036-0500] {processor.py:836} INFO - DAG(s) dict_keys(['example_sensors']) retrieved from /Users/abhishekpatkar/Documents/Projects/af_file_loader/venv/lib/python3.11/site-packages/airflow/example_dags/example_sensors.py
[2023-07-22T16:30:40.226-0500] {logging_mixin.py:150} INFO - [2023-07-22T16:30:40.226-0500] {dag.py:2742} INFO - Sync 1 DAGs
[2023-07-22T16:30:40.257-0500] {logging_mixin.py:150} INFO - [2023-07-22T16:30:40.256-0500] {dag.py:3504} INFO - Setting next_dagrun for example_sensors to None, run_after=None
[2023-07-22T16:30:40.295-0500] {processor.py:179} INFO - Processing /Users/abhishekpatkar/Documents/Projects/af_file_loader/venv/lib/python3.11/site-packages/airflow/example_dags/example_sensors.py took 1.369 seconds
[2023-07-22T16:33:57.829-0500] {processor.py:157} INFO - Started process (PID=21219) to work on /Users/abhishekpatkar/Documents/Projects/af_file_loader/venv/lib/python3.11/site-packages/airflow/example_dags/example_sensors.py
[2023-07-22T16:33:57.839-0500] {processor.py:826} INFO - Processing file /Users/abhishekpatkar/Documents/Projects/af_file_loader/venv/lib/python3.11/site-packages/airflow/example_dags/example_sensors.py for tasks to queue
[2023-07-22T16:33:57.841-0500] {logging_mixin.py:150} INFO - [2023-07-22T16:33:57.841-0500] {dagbag.py:541} INFO - Filling up the DagBag from /Users/abhishekpatkar/Documents/Projects/af_file_loader/venv/lib/python3.11/site-packages/airflow/example_dags/example_sensors.py
[2023-07-22T16:33:58.116-0500] {processor.py:836} INFO - DAG(s) dict_keys(['example_sensors']) retrieved from /Users/abhishekpatkar/Documents/Projects/af_file_loader/venv/lib/python3.11/site-packages/airflow/example_dags/example_sensors.py
[2023-07-22T16:33:59.277-0500] {logging_mixin.py:150} INFO - [2023-07-22T16:33:59.277-0500] {dag.py:2742} INFO - Sync 1 DAGs
[2023-07-22T16:33:59.305-0500] {logging_mixin.py:150} INFO - [2023-07-22T16:33:59.305-0500] {dag.py:3504} INFO - Setting next_dagrun for example_sensors to None, run_after=None
[2023-07-22T16:33:59.336-0500] {processor.py:179} INFO - Processing /Users/abhishekpatkar/Documents/Projects/af_file_loader/venv/lib/python3.11/site-packages/airflow/example_dags/example_sensors.py took 1.507 seconds
[2023-07-22T16:37:55.853-0500] {processor.py:157} INFO - Started process (PID=21344) to work on /Users/abhishekpatkar/Documents/Projects/af_file_loader/venv/lib/python3.11/site-packages/airflow/example_dags/example_sensors.py
[2023-07-22T16:37:55.860-0500] {processor.py:826} INFO - Processing file /Users/abhishekpatkar/Documents/Projects/af_file_loader/venv/lib/python3.11/site-packages/airflow/example_dags/example_sensors.py for tasks to queue
[2023-07-22T16:37:55.864-0500] {logging_mixin.py:150} INFO - [2023-07-22T16:37:55.864-0500] {dagbag.py:541} INFO - Filling up the DagBag from /Users/abhishekpatkar/Documents/Projects/af_file_loader/venv/lib/python3.11/site-packages/airflow/example_dags/example_sensors.py
[2023-07-22T16:37:55.966-0500] {processor.py:836} INFO - DAG(s) dict_keys(['example_sensors']) retrieved from /Users/abhishekpatkar/Documents/Projects/af_file_loader/venv/lib/python3.11/site-packages/airflow/example_dags/example_sensors.py
[2023-07-22T16:37:56.820-0500] {logging_mixin.py:150} INFO - [2023-07-22T16:37:56.819-0500] {dag.py:2742} INFO - Sync 1 DAGs
[2023-07-22T16:37:56.844-0500] {logging_mixin.py:150} INFO - [2023-07-22T16:37:56.844-0500] {dag.py:3504} INFO - Setting next_dagrun for example_sensors to None, run_after=None
[2023-07-22T16:37:56.878-0500] {processor.py:179} INFO - Processing /Users/abhishekpatkar/Documents/Projects/af_file_loader/venv/lib/python3.11/site-packages/airflow/example_dags/example_sensors.py took 1.026 seconds
[2023-07-22T16:42:38.330-0500] {processor.py:157} INFO - Started process (PID=21542) to work on /Users/abhishekpatkar/Documents/Projects/af_file_loader/venv/lib/python3.11/site-packages/airflow/example_dags/example_sensors.py
[2023-07-22T16:42:38.336-0500] {processor.py:826} INFO - Processing file /Users/abhishekpatkar/Documents/Projects/af_file_loader/venv/lib/python3.11/site-packages/airflow/example_dags/example_sensors.py for tasks to queue
[2023-07-22T16:42:38.337-0500] {logging_mixin.py:150} INFO - [2023-07-22T16:42:38.337-0500] {dagbag.py:541} INFO - Filling up the DagBag from /Users/abhishekpatkar/Documents/Projects/af_file_loader/venv/lib/python3.11/site-packages/airflow/example_dags/example_sensors.py
[2023-07-22T16:42:38.438-0500] {processor.py:836} INFO - DAG(s) dict_keys(['example_sensors']) retrieved from /Users/abhishekpatkar/Documents/Projects/af_file_loader/venv/lib/python3.11/site-packages/airflow/example_dags/example_sensors.py
[2023-07-22T16:42:39.667-0500] {logging_mixin.py:150} INFO - [2023-07-22T16:42:39.667-0500] {dag.py:2742} INFO - Sync 1 DAGs
[2023-07-22T16:42:39.701-0500] {logging_mixin.py:150} INFO - [2023-07-22T16:42:39.701-0500] {dag.py:3504} INFO - Setting next_dagrun for example_sensors to None, run_after=None
[2023-07-22T16:42:39.732-0500] {processor.py:179} INFO - Processing /Users/abhishekpatkar/Documents/Projects/af_file_loader/venv/lib/python3.11/site-packages/airflow/example_dags/example_sensors.py took 1.403 seconds
[2023-07-22T16:46:29.549-0500] {processor.py:157} INFO - Started process (PID=21656) to work on /Users/abhishekpatkar/Documents/Projects/af_file_loader/venv/lib/python3.11/site-packages/airflow/example_dags/example_sensors.py
[2023-07-22T16:46:29.553-0500] {processor.py:826} INFO - Processing file /Users/abhishekpatkar/Documents/Projects/af_file_loader/venv/lib/python3.11/site-packages/airflow/example_dags/example_sensors.py for tasks to queue
[2023-07-22T16:46:29.554-0500] {logging_mixin.py:150} INFO - [2023-07-22T16:46:29.553-0500] {dagbag.py:541} INFO - Filling up the DagBag from /Users/abhishekpatkar/Documents/Projects/af_file_loader/venv/lib/python3.11/site-packages/airflow/example_dags/example_sensors.py
[2023-07-22T16:46:29.682-0500] {processor.py:836} INFO - DAG(s) dict_keys(['example_sensors']) retrieved from /Users/abhishekpatkar/Documents/Projects/af_file_loader/venv/lib/python3.11/site-packages/airflow/example_dags/example_sensors.py
[2023-07-22T16:46:30.967-0500] {logging_mixin.py:150} INFO - [2023-07-22T16:46:30.966-0500] {dag.py:2742} INFO - Sync 1 DAGs
[2023-07-22T16:46:30.997-0500] {logging_mixin.py:150} INFO - [2023-07-22T16:46:30.997-0500] {dag.py:3504} INFO - Setting next_dagrun for example_sensors to None, run_after=None
[2023-07-22T16:46:31.031-0500] {processor.py:179} INFO - Processing /Users/abhishekpatkar/Documents/Projects/af_file_loader/venv/lib/python3.11/site-packages/airflow/example_dags/example_sensors.py took 1.483 seconds
[2023-07-22T16:50:10.273-0500] {processor.py:157} INFO - Started process (PID=21768) to work on /Users/abhishekpatkar/Documents/Projects/af_file_loader/venv/lib/python3.11/site-packages/airflow/example_dags/example_sensors.py
[2023-07-22T16:50:10.278-0500] {processor.py:826} INFO - Processing file /Users/abhishekpatkar/Documents/Projects/af_file_loader/venv/lib/python3.11/site-packages/airflow/example_dags/example_sensors.py for tasks to queue
[2023-07-22T16:50:10.279-0500] {logging_mixin.py:150} INFO - [2023-07-22T16:50:10.279-0500] {dagbag.py:541} INFO - Filling up the DagBag from /Users/abhishekpatkar/Documents/Projects/af_file_loader/venv/lib/python3.11/site-packages/airflow/example_dags/example_sensors.py
[2023-07-22T16:50:10.421-0500] {processor.py:836} INFO - DAG(s) dict_keys(['example_sensors']) retrieved from /Users/abhishekpatkar/Documents/Projects/af_file_loader/venv/lib/python3.11/site-packages/airflow/example_dags/example_sensors.py
[2023-07-22T16:50:12.142-0500] {logging_mixin.py:150} INFO - [2023-07-22T16:50:12.141-0500] {dag.py:2742} INFO - Sync 1 DAGs
[2023-07-22T16:50:12.177-0500] {logging_mixin.py:150} INFO - [2023-07-22T16:50:12.177-0500] {dag.py:3504} INFO - Setting next_dagrun for example_sensors to None, run_after=None
[2023-07-22T16:50:12.267-0500] {processor.py:179} INFO - Processing /Users/abhishekpatkar/Documents/Projects/af_file_loader/venv/lib/python3.11/site-packages/airflow/example_dags/example_sensors.py took 1.996 seconds
[2023-07-22T16:54:02.442-0500] {processor.py:157} INFO - Started process (PID=21881) to work on /Users/abhishekpatkar/Documents/Projects/af_file_loader/venv/lib/python3.11/site-packages/airflow/example_dags/example_sensors.py
[2023-07-22T16:54:02.452-0500] {processor.py:826} INFO - Processing file /Users/abhishekpatkar/Documents/Projects/af_file_loader/venv/lib/python3.11/site-packages/airflow/example_dags/example_sensors.py for tasks to queue
[2023-07-22T16:54:02.454-0500] {logging_mixin.py:150} INFO - [2023-07-22T16:54:02.454-0500] {dagbag.py:541} INFO - Filling up the DagBag from /Users/abhishekpatkar/Documents/Projects/af_file_loader/venv/lib/python3.11/site-packages/airflow/example_dags/example_sensors.py
[2023-07-22T16:54:02.559-0500] {processor.py:836} INFO - DAG(s) dict_keys(['example_sensors']) retrieved from /Users/abhishekpatkar/Documents/Projects/af_file_loader/venv/lib/python3.11/site-packages/airflow/example_dags/example_sensors.py
[2023-07-22T16:54:03.594-0500] {logging_mixin.py:150} INFO - [2023-07-22T16:54:03.593-0500] {dag.py:2742} INFO - Sync 1 DAGs
[2023-07-22T16:54:03.621-0500] {logging_mixin.py:150} INFO - [2023-07-22T16:54:03.620-0500] {dag.py:3504} INFO - Setting next_dagrun for example_sensors to None, run_after=None
[2023-07-22T16:54:03.662-0500] {processor.py:179} INFO - Processing /Users/abhishekpatkar/Documents/Projects/af_file_loader/venv/lib/python3.11/site-packages/airflow/example_dags/example_sensors.py took 1.220 seconds
[2023-07-22T16:57:08.986-0500] {processor.py:157} INFO - Started process (PID=21997) to work on /Users/abhishekpatkar/Documents/Projects/af_file_loader/venv/lib/python3.11/site-packages/airflow/example_dags/example_sensors.py
[2023-07-22T16:57:08.999-0500] {processor.py:826} INFO - Processing file /Users/abhishekpatkar/Documents/Projects/af_file_loader/venv/lib/python3.11/site-packages/airflow/example_dags/example_sensors.py for tasks to queue
[2023-07-22T16:57:09.000-0500] {logging_mixin.py:150} INFO - [2023-07-22T16:57:09.000-0500] {dagbag.py:541} INFO - Filling up the DagBag from /Users/abhishekpatkar/Documents/Projects/af_file_loader/venv/lib/python3.11/site-packages/airflow/example_dags/example_sensors.py
[2023-07-22T16:57:09.099-0500] {processor.py:836} INFO - DAG(s) dict_keys(['example_sensors']) retrieved from /Users/abhishekpatkar/Documents/Projects/af_file_loader/venv/lib/python3.11/site-packages/airflow/example_dags/example_sensors.py
[2023-07-22T16:57:10.286-0500] {logging_mixin.py:150} INFO - [2023-07-22T16:57:10.284-0500] {dag.py:2742} INFO - Sync 1 DAGs
[2023-07-22T16:57:10.309-0500] {logging_mixin.py:150} INFO - [2023-07-22T16:57:10.309-0500] {dag.py:3504} INFO - Setting next_dagrun for example_sensors to None, run_after=None
[2023-07-22T16:57:10.344-0500] {processor.py:179} INFO - Processing /Users/abhishekpatkar/Documents/Projects/af_file_loader/venv/lib/python3.11/site-packages/airflow/example_dags/example_sensors.py took 1.360 seconds
[2023-07-22T17:00:33.554-0500] {processor.py:157} INFO - Started process (PID=22109) to work on /Users/abhishekpatkar/Documents/Projects/af_file_loader/venv/lib/python3.11/site-packages/airflow/example_dags/example_sensors.py
[2023-07-22T17:00:33.570-0500] {processor.py:826} INFO - Processing file /Users/abhishekpatkar/Documents/Projects/af_file_loader/venv/lib/python3.11/site-packages/airflow/example_dags/example_sensors.py for tasks to queue
[2023-07-22T17:00:33.572-0500] {logging_mixin.py:150} INFO - [2023-07-22T17:00:33.572-0500] {dagbag.py:541} INFO - Filling up the DagBag from /Users/abhishekpatkar/Documents/Projects/af_file_loader/venv/lib/python3.11/site-packages/airflow/example_dags/example_sensors.py
[2023-07-22T17:00:34.035-0500] {processor.py:836} INFO - DAG(s) dict_keys(['example_sensors']) retrieved from /Users/abhishekpatkar/Documents/Projects/af_file_loader/venv/lib/python3.11/site-packages/airflow/example_dags/example_sensors.py
[2023-07-22T17:00:37.769-0500] {logging_mixin.py:150} INFO - [2023-07-22T17:00:37.768-0500] {dag.py:2742} INFO - Sync 1 DAGs
[2023-07-22T17:00:37.849-0500] {logging_mixin.py:150} INFO - [2023-07-22T17:00:37.848-0500] {dag.py:3504} INFO - Setting next_dagrun for example_sensors to None, run_after=None
[2023-07-22T17:00:37.962-0500] {processor.py:179} INFO - Processing /Users/abhishekpatkar/Documents/Projects/af_file_loader/venv/lib/python3.11/site-packages/airflow/example_dags/example_sensors.py took 4.411 seconds
[2023-07-22T17:04:00.939-0500] {processor.py:157} INFO - Started process (PID=22266) to work on /Users/abhishekpatkar/Documents/Projects/af_file_loader/venv/lib/python3.11/site-packages/airflow/example_dags/example_sensors.py
[2023-07-22T17:04:00.944-0500] {processor.py:826} INFO - Processing file /Users/abhishekpatkar/Documents/Projects/af_file_loader/venv/lib/python3.11/site-packages/airflow/example_dags/example_sensors.py for tasks to queue
[2023-07-22T17:04:00.945-0500] {logging_mixin.py:150} INFO - [2023-07-22T17:04:00.945-0500] {dagbag.py:541} INFO - Filling up the DagBag from /Users/abhishekpatkar/Documents/Projects/af_file_loader/venv/lib/python3.11/site-packages/airflow/example_dags/example_sensors.py
[2023-07-22T17:04:01.017-0500] {processor.py:836} INFO - DAG(s) dict_keys(['example_sensors']) retrieved from /Users/abhishekpatkar/Documents/Projects/af_file_loader/venv/lib/python3.11/site-packages/airflow/example_dags/example_sensors.py
[2023-07-22T17:04:01.704-0500] {logging_mixin.py:150} INFO - [2023-07-22T17:04:01.703-0500] {dag.py:2742} INFO - Sync 1 DAGs
[2023-07-22T17:04:01.720-0500] {logging_mixin.py:150} INFO - [2023-07-22T17:04:01.720-0500] {dag.py:3504} INFO - Setting next_dagrun for example_sensors to None, run_after=None
[2023-07-22T17:04:01.742-0500] {processor.py:179} INFO - Processing /Users/abhishekpatkar/Documents/Projects/af_file_loader/venv/lib/python3.11/site-packages/airflow/example_dags/example_sensors.py took 0.804 seconds
[2023-07-22T17:06:10.374-0500] {processor.py:157} INFO - Started process (PID=22347) to work on /Users/abhishekpatkar/Documents/Projects/af_file_loader/venv/lib/python3.11/site-packages/airflow/example_dags/example_sensors.py
[2023-07-22T17:06:10.378-0500] {processor.py:826} INFO - Processing file /Users/abhishekpatkar/Documents/Projects/af_file_loader/venv/lib/python3.11/site-packages/airflow/example_dags/example_sensors.py for tasks to queue
[2023-07-22T17:06:10.379-0500] {logging_mixin.py:150} INFO - [2023-07-22T17:06:10.379-0500] {dagbag.py:541} INFO - Filling up the DagBag from /Users/abhishekpatkar/Documents/Projects/af_file_loader/venv/lib/python3.11/site-packages/airflow/example_dags/example_sensors.py
[2023-07-22T17:06:10.451-0500] {processor.py:836} INFO - DAG(s) dict_keys(['example_sensors']) retrieved from /Users/abhishekpatkar/Documents/Projects/af_file_loader/venv/lib/python3.11/site-packages/airflow/example_dags/example_sensors.py
[2023-07-22T17:06:11.191-0500] {logging_mixin.py:150} INFO - [2023-07-22T17:06:11.191-0500] {dag.py:2742} INFO - Sync 1 DAGs
[2023-07-22T17:06:11.222-0500] {logging_mixin.py:150} INFO - [2023-07-22T17:06:11.221-0500] {dag.py:3504} INFO - Setting next_dagrun for example_sensors to None, run_after=None
[2023-07-22T17:06:11.244-0500] {processor.py:179} INFO - Processing /Users/abhishekpatkar/Documents/Projects/af_file_loader/venv/lib/python3.11/site-packages/airflow/example_dags/example_sensors.py took 0.870 seconds
[2023-07-22T17:08:10.070-0500] {processor.py:157} INFO - Started process (PID=22431) to work on /Users/abhishekpatkar/Documents/Projects/af_file_loader/venv/lib/python3.11/site-packages/airflow/example_dags/example_sensors.py
[2023-07-22T17:08:10.075-0500] {processor.py:826} INFO - Processing file /Users/abhishekpatkar/Documents/Projects/af_file_loader/venv/lib/python3.11/site-packages/airflow/example_dags/example_sensors.py for tasks to queue
[2023-07-22T17:08:10.076-0500] {logging_mixin.py:150} INFO - [2023-07-22T17:08:10.076-0500] {dagbag.py:541} INFO - Filling up the DagBag from /Users/abhishekpatkar/Documents/Projects/af_file_loader/venv/lib/python3.11/site-packages/airflow/example_dags/example_sensors.py
[2023-07-22T17:08:10.148-0500] {processor.py:836} INFO - DAG(s) dict_keys(['example_sensors']) retrieved from /Users/abhishekpatkar/Documents/Projects/af_file_loader/venv/lib/python3.11/site-packages/airflow/example_dags/example_sensors.py
[2023-07-22T17:08:10.887-0500] {logging_mixin.py:150} INFO - [2023-07-22T17:08:10.887-0500] {dag.py:2742} INFO - Sync 1 DAGs
[2023-07-22T17:08:10.905-0500] {logging_mixin.py:150} INFO - [2023-07-22T17:08:10.905-0500] {dag.py:3504} INFO - Setting next_dagrun for example_sensors to None, run_after=None
[2023-07-22T17:08:10.927-0500] {processor.py:179} INFO - Processing /Users/abhishekpatkar/Documents/Projects/af_file_loader/venv/lib/python3.11/site-packages/airflow/example_dags/example_sensors.py took 0.857 seconds
[2023-07-22T17:10:07.836-0500] {processor.py:157} INFO - Started process (PID=22512) to work on /Users/abhishekpatkar/Documents/Projects/af_file_loader/venv/lib/python3.11/site-packages/airflow/example_dags/example_sensors.py
[2023-07-22T17:10:07.845-0500] {processor.py:826} INFO - Processing file /Users/abhishekpatkar/Documents/Projects/af_file_loader/venv/lib/python3.11/site-packages/airflow/example_dags/example_sensors.py for tasks to queue
[2023-07-22T17:10:07.845-0500] {logging_mixin.py:150} INFO - [2023-07-22T17:10:07.845-0500] {dagbag.py:541} INFO - Filling up the DagBag from /Users/abhishekpatkar/Documents/Projects/af_file_loader/venv/lib/python3.11/site-packages/airflow/example_dags/example_sensors.py
[2023-07-22T17:10:07.919-0500] {processor.py:836} INFO - DAG(s) dict_keys(['example_sensors']) retrieved from /Users/abhishekpatkar/Documents/Projects/af_file_loader/venv/lib/python3.11/site-packages/airflow/example_dags/example_sensors.py
[2023-07-22T17:10:08.670-0500] {logging_mixin.py:150} INFO - [2023-07-22T17:10:08.669-0500] {dag.py:2742} INFO - Sync 1 DAGs
[2023-07-22T17:10:08.687-0500] {logging_mixin.py:150} INFO - [2023-07-22T17:10:08.687-0500] {dag.py:3504} INFO - Setting next_dagrun for example_sensors to None, run_after=None
[2023-07-22T17:10:08.708-0500] {processor.py:179} INFO - Processing /Users/abhishekpatkar/Documents/Projects/af_file_loader/venv/lib/python3.11/site-packages/airflow/example_dags/example_sensors.py took 0.872 seconds
[2023-07-22T17:12:08.847-0500] {processor.py:157} INFO - Started process (PID=22588) to work on /Users/abhishekpatkar/Documents/Projects/af_file_loader/venv/lib/python3.11/site-packages/airflow/example_dags/example_sensors.py
[2023-07-22T17:12:08.852-0500] {processor.py:826} INFO - Processing file /Users/abhishekpatkar/Documents/Projects/af_file_loader/venv/lib/python3.11/site-packages/airflow/example_dags/example_sensors.py for tasks to queue
[2023-07-22T17:12:08.853-0500] {logging_mixin.py:150} INFO - [2023-07-22T17:12:08.853-0500] {dagbag.py:541} INFO - Filling up the DagBag from /Users/abhishekpatkar/Documents/Projects/af_file_loader/venv/lib/python3.11/site-packages/airflow/example_dags/example_sensors.py
[2023-07-22T17:12:08.927-0500] {processor.py:836} INFO - DAG(s) dict_keys(['example_sensors']) retrieved from /Users/abhishekpatkar/Documents/Projects/af_file_loader/venv/lib/python3.11/site-packages/airflow/example_dags/example_sensors.py
[2023-07-22T17:12:09.638-0500] {logging_mixin.py:150} INFO - [2023-07-22T17:12:09.638-0500] {dag.py:2742} INFO - Sync 1 DAGs
[2023-07-22T17:12:09.655-0500] {logging_mixin.py:150} INFO - [2023-07-22T17:12:09.655-0500] {dag.py:3504} INFO - Setting next_dagrun for example_sensors to None, run_after=None
[2023-07-22T17:12:09.674-0500] {processor.py:179} INFO - Processing /Users/abhishekpatkar/Documents/Projects/af_file_loader/venv/lib/python3.11/site-packages/airflow/example_dags/example_sensors.py took 0.827 seconds
[2023-07-22T17:14:07.657-0500] {processor.py:157} INFO - Started process (PID=22661) to work on /Users/abhishekpatkar/Documents/Projects/af_file_loader/venv/lib/python3.11/site-packages/airflow/example_dags/example_sensors.py
[2023-07-22T17:14:07.662-0500] {processor.py:826} INFO - Processing file /Users/abhishekpatkar/Documents/Projects/af_file_loader/venv/lib/python3.11/site-packages/airflow/example_dags/example_sensors.py for tasks to queue
[2023-07-22T17:14:07.663-0500] {logging_mixin.py:150} INFO - [2023-07-22T17:14:07.662-0500] {dagbag.py:541} INFO - Filling up the DagBag from /Users/abhishekpatkar/Documents/Projects/af_file_loader/venv/lib/python3.11/site-packages/airflow/example_dags/example_sensors.py
[2023-07-22T17:14:07.735-0500] {processor.py:836} INFO - DAG(s) dict_keys(['example_sensors']) retrieved from /Users/abhishekpatkar/Documents/Projects/af_file_loader/venv/lib/python3.11/site-packages/airflow/example_dags/example_sensors.py
[2023-07-22T17:14:08.464-0500] {logging_mixin.py:150} INFO - [2023-07-22T17:14:08.464-0500] {dag.py:2742} INFO - Sync 1 DAGs
[2023-07-22T17:14:08.485-0500] {logging_mixin.py:150} INFO - [2023-07-22T17:14:08.484-0500] {dag.py:3504} INFO - Setting next_dagrun for example_sensors to None, run_after=None
[2023-07-22T17:14:08.508-0500] {processor.py:179} INFO - Processing /Users/abhishekpatkar/Documents/Projects/af_file_loader/venv/lib/python3.11/site-packages/airflow/example_dags/example_sensors.py took 0.852 seconds
[2023-07-22T17:16:09.188-0500] {processor.py:157} INFO - Started process (PID=22738) to work on /Users/abhishekpatkar/Documents/Projects/af_file_loader/venv/lib/python3.11/site-packages/airflow/example_dags/example_sensors.py
[2023-07-22T17:16:09.192-0500] {processor.py:826} INFO - Processing file /Users/abhishekpatkar/Documents/Projects/af_file_loader/venv/lib/python3.11/site-packages/airflow/example_dags/example_sensors.py for tasks to queue
[2023-07-22T17:16:09.193-0500] {logging_mixin.py:150} INFO - [2023-07-22T17:16:09.192-0500] {dagbag.py:541} INFO - Filling up the DagBag from /Users/abhishekpatkar/Documents/Projects/af_file_loader/venv/lib/python3.11/site-packages/airflow/example_dags/example_sensors.py
[2023-07-22T17:16:09.270-0500] {processor.py:836} INFO - DAG(s) dict_keys(['example_sensors']) retrieved from /Users/abhishekpatkar/Documents/Projects/af_file_loader/venv/lib/python3.11/site-packages/airflow/example_dags/example_sensors.py
[2023-07-22T17:16:10.002-0500] {logging_mixin.py:150} INFO - [2023-07-22T17:16:10.001-0500] {dag.py:2742} INFO - Sync 1 DAGs
[2023-07-22T17:16:10.021-0500] {logging_mixin.py:150} INFO - [2023-07-22T17:16:10.021-0500] {dag.py:3504} INFO - Setting next_dagrun for example_sensors to None, run_after=None
[2023-07-22T17:16:10.044-0500] {processor.py:179} INFO - Processing /Users/abhishekpatkar/Documents/Projects/af_file_loader/venv/lib/python3.11/site-packages/airflow/example_dags/example_sensors.py took 0.857 seconds
[2023-07-22T17:18:37.709-0500] {processor.py:157} INFO - Started process (PID=22876) to work on /Users/abhishekpatkar/Documents/Projects/af_file_loader/venv/lib/python3.11/site-packages/airflow/example_dags/example_sensors.py
[2023-07-22T17:18:37.714-0500] {processor.py:826} INFO - Processing file /Users/abhishekpatkar/Documents/Projects/af_file_loader/venv/lib/python3.11/site-packages/airflow/example_dags/example_sensors.py for tasks to queue
[2023-07-22T17:18:37.715-0500] {logging_mixin.py:150} INFO - [2023-07-22T17:18:37.714-0500] {dagbag.py:541} INFO - Filling up the DagBag from /Users/abhishekpatkar/Documents/Projects/af_file_loader/venv/lib/python3.11/site-packages/airflow/example_dags/example_sensors.py
[2023-07-22T17:18:37.789-0500] {processor.py:836} INFO - DAG(s) dict_keys(['example_sensors']) retrieved from /Users/abhishekpatkar/Documents/Projects/af_file_loader/venv/lib/python3.11/site-packages/airflow/example_dags/example_sensors.py
[2023-07-22T17:18:38.875-0500] {logging_mixin.py:150} INFO - [2023-07-22T17:18:38.874-0500] {dag.py:2742} INFO - Sync 1 DAGs
[2023-07-22T17:18:38.904-0500] {logging_mixin.py:150} INFO - [2023-07-22T17:18:38.904-0500] {dag.py:3504} INFO - Setting next_dagrun for example_sensors to None, run_after=None
[2023-07-22T17:18:38.938-0500] {processor.py:179} INFO - Processing /Users/abhishekpatkar/Documents/Projects/af_file_loader/venv/lib/python3.11/site-packages/airflow/example_dags/example_sensors.py took 1.229 seconds
[2023-07-22T17:21:00.111-0500] {processor.py:157} INFO - Started process (PID=22976) to work on /Users/abhishekpatkar/Documents/Projects/af_file_loader/venv/lib/python3.11/site-packages/airflow/example_dags/example_sensors.py
[2023-07-22T17:21:00.117-0500] {processor.py:826} INFO - Processing file /Users/abhishekpatkar/Documents/Projects/af_file_loader/venv/lib/python3.11/site-packages/airflow/example_dags/example_sensors.py for tasks to queue
[2023-07-22T17:21:00.119-0500] {logging_mixin.py:150} INFO - [2023-07-22T17:21:00.118-0500] {dagbag.py:541} INFO - Filling up the DagBag from /Users/abhishekpatkar/Documents/Projects/af_file_loader/venv/lib/python3.11/site-packages/airflow/example_dags/example_sensors.py
[2023-07-22T17:21:00.193-0500] {processor.py:836} INFO - DAG(s) dict_keys(['example_sensors']) retrieved from /Users/abhishekpatkar/Documents/Projects/af_file_loader/venv/lib/python3.11/site-packages/airflow/example_dags/example_sensors.py
[2023-07-22T17:21:00.916-0500] {logging_mixin.py:150} INFO - [2023-07-22T17:21:00.916-0500] {dag.py:2742} INFO - Sync 1 DAGs
[2023-07-22T17:21:00.935-0500] {logging_mixin.py:150} INFO - [2023-07-22T17:21:00.935-0500] {dag.py:3504} INFO - Setting next_dagrun for example_sensors to None, run_after=None
[2023-07-22T17:21:00.963-0500] {processor.py:179} INFO - Processing /Users/abhishekpatkar/Documents/Projects/af_file_loader/venv/lib/python3.11/site-packages/airflow/example_dags/example_sensors.py took 0.853 seconds
[2023-07-22T17:23:08.448-0500] {processor.py:157} INFO - Started process (PID=23063) to work on /Users/abhishekpatkar/Documents/Projects/af_file_loader/venv/lib/python3.11/site-packages/airflow/example_dags/example_sensors.py
[2023-07-22T17:23:08.461-0500] {processor.py:826} INFO - Processing file /Users/abhishekpatkar/Documents/Projects/af_file_loader/venv/lib/python3.11/site-packages/airflow/example_dags/example_sensors.py for tasks to queue
[2023-07-22T17:23:08.462-0500] {logging_mixin.py:150} INFO - [2023-07-22T17:23:08.462-0500] {dagbag.py:541} INFO - Filling up the DagBag from /Users/abhishekpatkar/Documents/Projects/af_file_loader/venv/lib/python3.11/site-packages/airflow/example_dags/example_sensors.py
[2023-07-22T17:23:09.114-0500] {processor.py:836} INFO - DAG(s) dict_keys(['example_sensors']) retrieved from /Users/abhishekpatkar/Documents/Projects/af_file_loader/venv/lib/python3.11/site-packages/airflow/example_dags/example_sensors.py
[2023-07-22T17:23:12.918-0500] {logging_mixin.py:150} INFO - [2023-07-22T17:23:12.918-0500] {dag.py:2742} INFO - Sync 1 DAGs
[2023-07-22T17:23:12.951-0500] {logging_mixin.py:150} INFO - [2023-07-22T17:23:12.951-0500] {dag.py:3504} INFO - Setting next_dagrun for example_sensors to None, run_after=None
[2023-07-22T17:23:12.990-0500] {processor.py:179} INFO - Processing /Users/abhishekpatkar/Documents/Projects/af_file_loader/venv/lib/python3.11/site-packages/airflow/example_dags/example_sensors.py took 4.543 seconds
[2023-07-22T17:28:50.116-0500] {processor.py:157} INFO - Started process (PID=23278) to work on /Users/abhishekpatkar/Documents/Projects/af_file_loader/venv/lib/python3.11/site-packages/airflow/example_dags/example_sensors.py
[2023-07-22T17:28:50.120-0500] {processor.py:826} INFO - Processing file /Users/abhishekpatkar/Documents/Projects/af_file_loader/venv/lib/python3.11/site-packages/airflow/example_dags/example_sensors.py for tasks to queue
[2023-07-22T17:28:50.121-0500] {logging_mixin.py:150} INFO - [2023-07-22T17:28:50.121-0500] {dagbag.py:541} INFO - Filling up the DagBag from /Users/abhishekpatkar/Documents/Projects/af_file_loader/venv/lib/python3.11/site-packages/airflow/example_dags/example_sensors.py
[2023-07-22T17:28:50.196-0500] {processor.py:836} INFO - DAG(s) dict_keys(['example_sensors']) retrieved from /Users/abhishekpatkar/Documents/Projects/af_file_loader/venv/lib/python3.11/site-packages/airflow/example_dags/example_sensors.py
[2023-07-22T17:28:50.904-0500] {logging_mixin.py:150} INFO - [2023-07-22T17:28:50.903-0500] {dag.py:2742} INFO - Sync 1 DAGs
[2023-07-22T17:28:50.922-0500] {logging_mixin.py:150} INFO - [2023-07-22T17:28:50.922-0500] {dag.py:3504} INFO - Setting next_dagrun for example_sensors to None, run_after=None
[2023-07-22T17:28:50.946-0500] {processor.py:179} INFO - Processing /Users/abhishekpatkar/Documents/Projects/af_file_loader/venv/lib/python3.11/site-packages/airflow/example_dags/example_sensors.py took 0.831 seconds
[2023-07-22T17:31:27.073-0500] {processor.py:157} INFO - Started process (PID=23402) to work on /Users/abhishekpatkar/Documents/Projects/af_file_loader/venv/lib/python3.11/site-packages/airflow/example_dags/example_sensors.py
[2023-07-22T17:31:27.077-0500] {processor.py:826} INFO - Processing file /Users/abhishekpatkar/Documents/Projects/af_file_loader/venv/lib/python3.11/site-packages/airflow/example_dags/example_sensors.py for tasks to queue
[2023-07-22T17:31:27.078-0500] {logging_mixin.py:150} INFO - [2023-07-22T17:31:27.078-0500] {dagbag.py:541} INFO - Filling up the DagBag from /Users/abhishekpatkar/Documents/Projects/af_file_loader/venv/lib/python3.11/site-packages/airflow/example_dags/example_sensors.py
[2023-07-22T17:31:27.152-0500] {processor.py:836} INFO - DAG(s) dict_keys(['example_sensors']) retrieved from /Users/abhishekpatkar/Documents/Projects/af_file_loader/venv/lib/python3.11/site-packages/airflow/example_dags/example_sensors.py
[2023-07-22T17:31:27.903-0500] {logging_mixin.py:150} INFO - [2023-07-22T17:31:27.903-0500] {dag.py:2742} INFO - Sync 1 DAGs
[2023-07-22T17:31:27.919-0500] {logging_mixin.py:150} INFO - [2023-07-22T17:31:27.918-0500] {dag.py:3504} INFO - Setting next_dagrun for example_sensors to None, run_after=None
[2023-07-22T17:31:27.937-0500] {processor.py:179} INFO - Processing /Users/abhishekpatkar/Documents/Projects/af_file_loader/venv/lib/python3.11/site-packages/airflow/example_dags/example_sensors.py took 0.865 seconds
[2023-07-22T17:33:31.597-0500] {processor.py:157} INFO - Started process (PID=23480) to work on /Users/abhishekpatkar/Documents/Projects/af_file_loader/venv/lib/python3.11/site-packages/airflow/example_dags/example_sensors.py
[2023-07-22T17:33:31.603-0500] {processor.py:826} INFO - Processing file /Users/abhishekpatkar/Documents/Projects/af_file_loader/venv/lib/python3.11/site-packages/airflow/example_dags/example_sensors.py for tasks to queue
[2023-07-22T17:33:31.606-0500] {logging_mixin.py:150} INFO - [2023-07-22T17:33:31.604-0500] {dagbag.py:541} INFO - Filling up the DagBag from /Users/abhishekpatkar/Documents/Projects/af_file_loader/venv/lib/python3.11/site-packages/airflow/example_dags/example_sensors.py
[2023-07-22T17:33:31.691-0500] {processor.py:836} INFO - DAG(s) dict_keys(['example_sensors']) retrieved from /Users/abhishekpatkar/Documents/Projects/af_file_loader/venv/lib/python3.11/site-packages/airflow/example_dags/example_sensors.py
[2023-07-22T17:33:32.451-0500] {logging_mixin.py:150} INFO - [2023-07-22T17:33:32.451-0500] {dag.py:2742} INFO - Sync 1 DAGs
[2023-07-22T17:33:32.467-0500] {logging_mixin.py:150} INFO - [2023-07-22T17:33:32.467-0500] {dag.py:3504} INFO - Setting next_dagrun for example_sensors to None, run_after=None
[2023-07-22T17:33:32.485-0500] {processor.py:179} INFO - Processing /Users/abhishekpatkar/Documents/Projects/af_file_loader/venv/lib/python3.11/site-packages/airflow/example_dags/example_sensors.py took 0.889 seconds
[2023-07-22T17:35:29.642-0500] {processor.py:157} INFO - Started process (PID=23565) to work on /Users/abhishekpatkar/Documents/Projects/af_file_loader/venv/lib/python3.11/site-packages/airflow/example_dags/example_sensors.py
[2023-07-22T17:35:29.646-0500] {processor.py:826} INFO - Processing file /Users/abhishekpatkar/Documents/Projects/af_file_loader/venv/lib/python3.11/site-packages/airflow/example_dags/example_sensors.py for tasks to queue
[2023-07-22T17:35:29.647-0500] {logging_mixin.py:150} INFO - [2023-07-22T17:35:29.647-0500] {dagbag.py:541} INFO - Filling up the DagBag from /Users/abhishekpatkar/Documents/Projects/af_file_loader/venv/lib/python3.11/site-packages/airflow/example_dags/example_sensors.py
[2023-07-22T17:35:29.714-0500] {processor.py:836} INFO - DAG(s) dict_keys(['example_sensors']) retrieved from /Users/abhishekpatkar/Documents/Projects/af_file_loader/venv/lib/python3.11/site-packages/airflow/example_dags/example_sensors.py
[2023-07-22T17:35:30.364-0500] {logging_mixin.py:150} INFO - [2023-07-22T17:35:30.364-0500] {dag.py:2742} INFO - Sync 1 DAGs
[2023-07-22T17:35:30.380-0500] {logging_mixin.py:150} INFO - [2023-07-22T17:35:30.380-0500] {dag.py:3504} INFO - Setting next_dagrun for example_sensors to None, run_after=None
[2023-07-22T17:35:30.399-0500] {processor.py:179} INFO - Processing /Users/abhishekpatkar/Documents/Projects/af_file_loader/venv/lib/python3.11/site-packages/airflow/example_dags/example_sensors.py took 0.757 seconds
[2023-07-22T17:38:23.685-0500] {processor.py:157} INFO - Started process (PID=23679) to work on /Users/abhishekpatkar/Documents/Projects/af_file_loader/venv/lib/python3.11/site-packages/airflow/example_dags/example_sensors.py
[2023-07-22T17:38:23.690-0500] {processor.py:826} INFO - Processing file /Users/abhishekpatkar/Documents/Projects/af_file_loader/venv/lib/python3.11/site-packages/airflow/example_dags/example_sensors.py for tasks to queue
[2023-07-22T17:38:23.690-0500] {logging_mixin.py:150} INFO - [2023-07-22T17:38:23.690-0500] {dagbag.py:541} INFO - Filling up the DagBag from /Users/abhishekpatkar/Documents/Projects/af_file_loader/venv/lib/python3.11/site-packages/airflow/example_dags/example_sensors.py
[2023-07-22T17:38:23.761-0500] {processor.py:836} INFO - DAG(s) dict_keys(['example_sensors']) retrieved from /Users/abhishekpatkar/Documents/Projects/af_file_loader/venv/lib/python3.11/site-packages/airflow/example_dags/example_sensors.py
[2023-07-22T17:38:24.657-0500] {logging_mixin.py:150} INFO - [2023-07-22T17:38:24.657-0500] {dag.py:2742} INFO - Sync 1 DAGs
[2023-07-22T17:38:24.693-0500] {logging_mixin.py:150} INFO - [2023-07-22T17:38:24.693-0500] {dag.py:3504} INFO - Setting next_dagrun for example_sensors to None, run_after=None
[2023-07-22T17:38:24.729-0500] {processor.py:179} INFO - Processing /Users/abhishekpatkar/Documents/Projects/af_file_loader/venv/lib/python3.11/site-packages/airflow/example_dags/example_sensors.py took 1.045 seconds
[2023-07-22T17:46:23.159-0500] {processor.py:157} INFO - Started process (PID=23985) to work on /Users/abhishekpatkar/Documents/Projects/af_file_loader/venv/lib/python3.11/site-packages/airflow/example_dags/example_sensors.py
[2023-07-22T17:46:23.167-0500] {processor.py:826} INFO - Processing file /Users/abhishekpatkar/Documents/Projects/af_file_loader/venv/lib/python3.11/site-packages/airflow/example_dags/example_sensors.py for tasks to queue
[2023-07-22T17:46:23.168-0500] {logging_mixin.py:150} INFO - [2023-07-22T17:46:23.168-0500] {dagbag.py:541} INFO - Filling up the DagBag from /Users/abhishekpatkar/Documents/Projects/af_file_loader/venv/lib/python3.11/site-packages/airflow/example_dags/example_sensors.py
[2023-07-22T17:46:23.378-0500] {processor.py:836} INFO - DAG(s) dict_keys(['example_sensors']) retrieved from /Users/abhishekpatkar/Documents/Projects/af_file_loader/venv/lib/python3.11/site-packages/airflow/example_dags/example_sensors.py
[2023-07-22T17:46:26.720-0500] {logging_mixin.py:150} INFO - [2023-07-22T17:46:26.720-0500] {dag.py:2742} INFO - Sync 1 DAGs
[2023-07-22T17:46:26.772-0500] {logging_mixin.py:150} INFO - [2023-07-22T17:46:26.772-0500] {dag.py:3504} INFO - Setting next_dagrun for example_sensors to None, run_after=None
[2023-07-22T17:46:26.838-0500] {processor.py:179} INFO - Processing /Users/abhishekpatkar/Documents/Projects/af_file_loader/venv/lib/python3.11/site-packages/airflow/example_dags/example_sensors.py took 3.681 seconds
[2023-07-22T17:52:46.624-0500] {processor.py:157} INFO - Started process (PID=24331) to work on /Users/abhishekpatkar/Documents/Projects/af_file_loader/venv/lib/python3.11/site-packages/airflow/example_dags/example_sensors.py
[2023-07-22T17:52:46.631-0500] {processor.py:826} INFO - Processing file /Users/abhishekpatkar/Documents/Projects/af_file_loader/venv/lib/python3.11/site-packages/airflow/example_dags/example_sensors.py for tasks to queue
[2023-07-22T17:52:46.632-0500] {logging_mixin.py:150} INFO - [2023-07-22T17:52:46.632-0500] {dagbag.py:541} INFO - Filling up the DagBag from /Users/abhishekpatkar/Documents/Projects/af_file_loader/venv/lib/python3.11/site-packages/airflow/example_dags/example_sensors.py
[2023-07-22T17:52:46.747-0500] {processor.py:836} INFO - DAG(s) dict_keys(['example_sensors']) retrieved from /Users/abhishekpatkar/Documents/Projects/af_file_loader/venv/lib/python3.11/site-packages/airflow/example_dags/example_sensors.py
[2023-07-22T17:52:48.337-0500] {logging_mixin.py:150} INFO - [2023-07-22T17:52:48.337-0500] {dag.py:2742} INFO - Sync 1 DAGs
[2023-07-22T17:52:48.361-0500] {logging_mixin.py:150} INFO - [2023-07-22T17:52:48.361-0500] {dag.py:3504} INFO - Setting next_dagrun for example_sensors to None, run_after=None
[2023-07-22T17:52:48.393-0500] {processor.py:179} INFO - Processing /Users/abhishekpatkar/Documents/Projects/af_file_loader/venv/lib/python3.11/site-packages/airflow/example_dags/example_sensors.py took 1.770 seconds
[2023-07-22T17:58:16.319-0500] {processor.py:157} INFO - Started process (PID=24577) to work on /Users/abhishekpatkar/Documents/Projects/af_file_loader/venv/lib/python3.11/site-packages/airflow/example_dags/example_sensors.py
[2023-07-22T17:58:16.330-0500] {processor.py:826} INFO - Processing file /Users/abhishekpatkar/Documents/Projects/af_file_loader/venv/lib/python3.11/site-packages/airflow/example_dags/example_sensors.py for tasks to queue
[2023-07-22T17:58:16.332-0500] {logging_mixin.py:150} INFO - [2023-07-22T17:58:16.331-0500] {dagbag.py:541} INFO - Filling up the DagBag from /Users/abhishekpatkar/Documents/Projects/af_file_loader/venv/lib/python3.11/site-packages/airflow/example_dags/example_sensors.py
[2023-07-22T17:58:16.531-0500] {processor.py:836} INFO - DAG(s) dict_keys(['example_sensors']) retrieved from /Users/abhishekpatkar/Documents/Projects/af_file_loader/venv/lib/python3.11/site-packages/airflow/example_dags/example_sensors.py
[2023-07-22T17:58:17.970-0500] {logging_mixin.py:150} INFO - [2023-07-22T17:58:17.970-0500] {dag.py:2742} INFO - Sync 1 DAGs
[2023-07-22T17:58:18.021-0500] {logging_mixin.py:150} INFO - [2023-07-22T17:58:18.021-0500] {dag.py:3504} INFO - Setting next_dagrun for example_sensors to None, run_after=None
[2023-07-22T17:58:18.139-0500] {processor.py:179} INFO - Processing /Users/abhishekpatkar/Documents/Projects/af_file_loader/venv/lib/python3.11/site-packages/airflow/example_dags/example_sensors.py took 1.821 seconds
[2023-07-22T18:02:43.796-0500] {processor.py:157} INFO - Started process (PID=24761) to work on /Users/abhishekpatkar/Documents/Projects/af_file_loader/venv/lib/python3.11/site-packages/airflow/example_dags/example_sensors.py
[2023-07-22T18:02:43.804-0500] {processor.py:826} INFO - Processing file /Users/abhishekpatkar/Documents/Projects/af_file_loader/venv/lib/python3.11/site-packages/airflow/example_dags/example_sensors.py for tasks to queue
[2023-07-22T18:02:43.805-0500] {logging_mixin.py:150} INFO - [2023-07-22T18:02:43.805-0500] {dagbag.py:541} INFO - Filling up the DagBag from /Users/abhishekpatkar/Documents/Projects/af_file_loader/venv/lib/python3.11/site-packages/airflow/example_dags/example_sensors.py
[2023-07-22T18:02:43.943-0500] {processor.py:836} INFO - DAG(s) dict_keys(['example_sensors']) retrieved from /Users/abhishekpatkar/Documents/Projects/af_file_loader/venv/lib/python3.11/site-packages/airflow/example_dags/example_sensors.py
[2023-07-22T18:02:45.322-0500] {logging_mixin.py:150} INFO - [2023-07-22T18:02:45.322-0500] {dag.py:2742} INFO - Sync 1 DAGs
[2023-07-22T18:02:45.340-0500] {logging_mixin.py:150} INFO - [2023-07-22T18:02:45.340-0500] {dag.py:3504} INFO - Setting next_dagrun for example_sensors to None, run_after=None
[2023-07-22T18:02:45.377-0500] {processor.py:179} INFO - Processing /Users/abhishekpatkar/Documents/Projects/af_file_loader/venv/lib/python3.11/site-packages/airflow/example_dags/example_sensors.py took 1.582 seconds
[2023-07-22T18:05:54.064-0500] {processor.py:157} INFO - Started process (PID=24877) to work on /Users/abhishekpatkar/Documents/Projects/af_file_loader/venv/lib/python3.11/site-packages/airflow/example_dags/example_sensors.py
[2023-07-22T18:05:54.068-0500] {processor.py:826} INFO - Processing file /Users/abhishekpatkar/Documents/Projects/af_file_loader/venv/lib/python3.11/site-packages/airflow/example_dags/example_sensors.py for tasks to queue
[2023-07-22T18:05:54.069-0500] {logging_mixin.py:150} INFO - [2023-07-22T18:05:54.069-0500] {dagbag.py:541} INFO - Filling up the DagBag from /Users/abhishekpatkar/Documents/Projects/af_file_loader/venv/lib/python3.11/site-packages/airflow/example_dags/example_sensors.py
[2023-07-22T18:05:54.213-0500] {processor.py:836} INFO - DAG(s) dict_keys(['example_sensors']) retrieved from /Users/abhishekpatkar/Documents/Projects/af_file_loader/venv/lib/python3.11/site-packages/airflow/example_dags/example_sensors.py
[2023-07-22T18:05:55.581-0500] {logging_mixin.py:150} INFO - [2023-07-22T18:05:55.580-0500] {dag.py:2742} INFO - Sync 1 DAGs
[2023-07-22T18:05:55.607-0500] {logging_mixin.py:150} INFO - [2023-07-22T18:05:55.606-0500] {dag.py:3504} INFO - Setting next_dagrun for example_sensors to None, run_after=None
[2023-07-22T18:05:55.639-0500] {processor.py:179} INFO - Processing /Users/abhishekpatkar/Documents/Projects/af_file_loader/venv/lib/python3.11/site-packages/airflow/example_dags/example_sensors.py took 1.577 seconds
