[2023-07-22T14:51:58.050-0500] {processor.py:157} INFO - Started process (PID=16640) to work on /Users/abhishekpatkar/Documents/Projects/af_file_loader/venv/lib/python3.11/site-packages/airflow/example_dags/example_latest_only_with_trigger.py
[2023-07-22T14:51:58.057-0500] {processor.py:826} INFO - Processing file /Users/abhishekpatkar/Documents/Projects/af_file_loader/venv/lib/python3.11/site-packages/airflow/example_dags/example_latest_only_with_trigger.py for tasks to queue
[2023-07-22T14:51:58.058-0500] {logging_mixin.py:150} INFO - [2023-07-22T14:51:58.057-0500] {dagbag.py:541} INFO - Filling up the DagBag from /Users/abhishekpatkar/Documents/Projects/af_file_loader/venv/lib/python3.11/site-packages/airflow/example_dags/example_latest_only_with_trigger.py
[2023-07-22T14:51:58.089-0500] {processor.py:836} INFO - DAG(s) dict_keys(['latest_only_with_trigger']) retrieved from /Users/abhishekpatkar/Documents/Projects/af_file_loader/venv/lib/python3.11/site-packages/airflow/example_dags/example_latest_only_with_trigger.py
[2023-07-22T14:51:59.225-0500] {logging_mixin.py:150} INFO - [2023-07-22T14:51:59.225-0500] {manager.py:504} INFO - Created Permission View: can edit on DAG:latest_only_with_trigger
[2023-07-22T14:51:59.236-0500] {logging_mixin.py:150} INFO - [2023-07-22T14:51:59.236-0500] {manager.py:504} INFO - Created Permission View: can read on DAG:latest_only_with_trigger
[2023-07-22T14:51:59.242-0500] {logging_mixin.py:150} INFO - [2023-07-22T14:51:59.242-0500] {manager.py:504} INFO - Created Permission View: can delete on DAG:latest_only_with_trigger
[2023-07-22T14:51:59.253-0500] {logging_mixin.py:150} INFO - [2023-07-22T14:51:59.253-0500] {dag.py:2742} INFO - Sync 1 DAGs
[2023-07-22T14:51:59.262-0500] {logging_mixin.py:150} INFO - [2023-07-22T14:51:59.262-0500] {dag.py:2763} INFO - Creating ORM DAG for latest_only_with_trigger
[2023-07-22T14:51:59.272-0500] {logging_mixin.py:150} INFO - [2023-07-22T14:51:59.271-0500] {dag.py:3504} INFO - Setting next_dagrun for latest_only_with_trigger to 2023-07-22T15:51:59.271525+00:00, run_after=2023-07-22T19:51:59.271525+00:00
[2023-07-22T14:51:59.293-0500] {processor.py:179} INFO - Processing /Users/abhishekpatkar/Documents/Projects/af_file_loader/venv/lib/python3.11/site-packages/airflow/example_dags/example_latest_only_with_trigger.py took 1.244 seconds
[2023-07-22T14:55:20.023-0500] {processor.py:157} INFO - Started process (PID=16904) to work on /Users/abhishekpatkar/Documents/Projects/af_file_loader/venv/lib/python3.11/site-packages/airflow/example_dags/example_latest_only_with_trigger.py
[2023-07-22T14:55:20.029-0500] {processor.py:826} INFO - Processing file /Users/abhishekpatkar/Documents/Projects/af_file_loader/venv/lib/python3.11/site-packages/airflow/example_dags/example_latest_only_with_trigger.py for tasks to queue
[2023-07-22T14:55:20.030-0500] {logging_mixin.py:150} INFO - [2023-07-22T14:55:20.030-0500] {dagbag.py:541} INFO - Filling up the DagBag from /Users/abhishekpatkar/Documents/Projects/af_file_loader/venv/lib/python3.11/site-packages/airflow/example_dags/example_latest_only_with_trigger.py
[2023-07-22T14:55:20.066-0500] {processor.py:836} INFO - DAG(s) dict_keys(['latest_only_with_trigger']) retrieved from /Users/abhishekpatkar/Documents/Projects/af_file_loader/venv/lib/python3.11/site-packages/airflow/example_dags/example_latest_only_with_trigger.py
[2023-07-22T14:55:21.168-0500] {logging_mixin.py:150} INFO - [2023-07-22T14:55:21.167-0500] {dag.py:2742} INFO - Sync 1 DAGs
[2023-07-22T14:55:21.190-0500] {logging_mixin.py:150} INFO - [2023-07-22T14:55:21.189-0500] {dag.py:3504} INFO - Setting next_dagrun for latest_only_with_trigger to 2023-07-22T15:55:21.189403+00:00, run_after=2023-07-22T19:55:21.189403+00:00
[2023-07-22T14:55:21.219-0500] {processor.py:179} INFO - Processing /Users/abhishekpatkar/Documents/Projects/af_file_loader/venv/lib/python3.11/site-packages/airflow/example_dags/example_latest_only_with_trigger.py took 1.196 seconds
[2023-07-22T14:57:59.938-0500] {processor.py:157} INFO - Started process (PID=17001) to work on /Users/abhishekpatkar/Documents/Projects/af_file_loader/venv/lib/python3.11/site-packages/airflow/example_dags/example_latest_only_with_trigger.py
[2023-07-22T14:57:59.946-0500] {processor.py:826} INFO - Processing file /Users/abhishekpatkar/Documents/Projects/af_file_loader/venv/lib/python3.11/site-packages/airflow/example_dags/example_latest_only_with_trigger.py for tasks to queue
[2023-07-22T14:57:59.947-0500] {logging_mixin.py:150} INFO - [2023-07-22T14:57:59.947-0500] {dagbag.py:541} INFO - Filling up the DagBag from /Users/abhishekpatkar/Documents/Projects/af_file_loader/venv/lib/python3.11/site-packages/airflow/example_dags/example_latest_only_with_trigger.py
[2023-07-22T14:57:59.982-0500] {processor.py:836} INFO - DAG(s) dict_keys(['latest_only_with_trigger']) retrieved from /Users/abhishekpatkar/Documents/Projects/af_file_loader/venv/lib/python3.11/site-packages/airflow/example_dags/example_latest_only_with_trigger.py
[2023-07-22T14:58:00.860-0500] {logging_mixin.py:150} INFO - [2023-07-22T14:58:00.860-0500] {dag.py:2742} INFO - Sync 1 DAGs
[2023-07-22T14:58:00.886-0500] {logging_mixin.py:150} INFO - [2023-07-22T14:58:00.885-0500] {dag.py:3504} INFO - Setting next_dagrun for latest_only_with_trigger to 2023-07-22T15:58:00.885478+00:00, run_after=2023-07-22T19:58:00.885478+00:00
[2023-07-22T14:58:00.905-0500] {processor.py:179} INFO - Processing /Users/abhishekpatkar/Documents/Projects/af_file_loader/venv/lib/python3.11/site-packages/airflow/example_dags/example_latest_only_with_trigger.py took 0.969 seconds
[2023-07-22T15:02:40.013-0500] {processor.py:157} INFO - Started process (PID=17273) to work on /Users/abhishekpatkar/Documents/Projects/af_file_loader/venv/lib/python3.11/site-packages/airflow/example_dags/example_latest_only_with_trigger.py
[2023-07-22T15:02:40.022-0500] {processor.py:826} INFO - Processing file /Users/abhishekpatkar/Documents/Projects/af_file_loader/venv/lib/python3.11/site-packages/airflow/example_dags/example_latest_only_with_trigger.py for tasks to queue
[2023-07-22T15:02:40.023-0500] {logging_mixin.py:150} INFO - [2023-07-22T15:02:40.023-0500] {dagbag.py:541} INFO - Filling up the DagBag from /Users/abhishekpatkar/Documents/Projects/af_file_loader/venv/lib/python3.11/site-packages/airflow/example_dags/example_latest_only_with_trigger.py
[2023-07-22T15:02:40.058-0500] {processor.py:836} INFO - DAG(s) dict_keys(['latest_only_with_trigger']) retrieved from /Users/abhishekpatkar/Documents/Projects/af_file_loader/venv/lib/python3.11/site-packages/airflow/example_dags/example_latest_only_with_trigger.py
[2023-07-22T15:02:40.737-0500] {logging_mixin.py:150} INFO - [2023-07-22T15:02:40.737-0500] {dag.py:2742} INFO - Sync 1 DAGs
[2023-07-22T15:02:40.753-0500] {logging_mixin.py:150} INFO - [2023-07-22T15:02:40.753-0500] {dag.py:3504} INFO - Setting next_dagrun for latest_only_with_trigger to 2023-07-22T16:02:40.753438+00:00, run_after=2023-07-22T20:02:40.753438+00:00
[2023-07-22T15:02:40.773-0500] {processor.py:179} INFO - Processing /Users/abhishekpatkar/Documents/Projects/af_file_loader/venv/lib/python3.11/site-packages/airflow/example_dags/example_latest_only_with_trigger.py took 0.761 seconds
[2023-07-22T15:11:01.674-0500] {processor.py:157} INFO - Started process (PID=17817) to work on /Users/abhishekpatkar/Documents/Projects/af_file_loader/venv/lib/python3.11/site-packages/airflow/example_dags/example_latest_only_with_trigger.py
[2023-07-22T15:11:01.678-0500] {processor.py:826} INFO - Processing file /Users/abhishekpatkar/Documents/Projects/af_file_loader/venv/lib/python3.11/site-packages/airflow/example_dags/example_latest_only_with_trigger.py for tasks to queue
[2023-07-22T15:11:01.678-0500] {logging_mixin.py:150} INFO - [2023-07-22T15:11:01.678-0500] {dagbag.py:541} INFO - Filling up the DagBag from /Users/abhishekpatkar/Documents/Projects/af_file_loader/venv/lib/python3.11/site-packages/airflow/example_dags/example_latest_only_with_trigger.py
[2023-07-22T15:11:01.704-0500] {processor.py:836} INFO - DAG(s) dict_keys(['latest_only_with_trigger']) retrieved from /Users/abhishekpatkar/Documents/Projects/af_file_loader/venv/lib/python3.11/site-packages/airflow/example_dags/example_latest_only_with_trigger.py
[2023-07-22T15:11:02.633-0500] {logging_mixin.py:150} INFO - [2023-07-22T15:11:02.633-0500] {dag.py:2742} INFO - Sync 1 DAGs
[2023-07-22T15:11:02.655-0500] {logging_mixin.py:150} INFO - [2023-07-22T15:11:02.654-0500] {dag.py:3504} INFO - Setting next_dagrun for latest_only_with_trigger to 2023-07-22T16:11:02.654194+00:00, run_after=2023-07-22T20:11:02.654194+00:00
[2023-07-22T15:11:02.679-0500] {processor.py:179} INFO - Processing /Users/abhishekpatkar/Documents/Projects/af_file_loader/venv/lib/python3.11/site-packages/airflow/example_dags/example_latest_only_with_trigger.py took 1.006 seconds
[2023-07-22T15:13:52.089-0500] {processor.py:157} INFO - Started process (PID=17916) to work on /Users/abhishekpatkar/Documents/Projects/af_file_loader/venv/lib/python3.11/site-packages/airflow/example_dags/example_latest_only_with_trigger.py
[2023-07-22T15:13:52.093-0500] {processor.py:826} INFO - Processing file /Users/abhishekpatkar/Documents/Projects/af_file_loader/venv/lib/python3.11/site-packages/airflow/example_dags/example_latest_only_with_trigger.py for tasks to queue
[2023-07-22T15:13:52.094-0500] {logging_mixin.py:150} INFO - [2023-07-22T15:13:52.094-0500] {dagbag.py:541} INFO - Filling up the DagBag from /Users/abhishekpatkar/Documents/Projects/af_file_loader/venv/lib/python3.11/site-packages/airflow/example_dags/example_latest_only_with_trigger.py
[2023-07-22T15:13:52.117-0500] {processor.py:836} INFO - DAG(s) dict_keys(['latest_only_with_trigger']) retrieved from /Users/abhishekpatkar/Documents/Projects/af_file_loader/venv/lib/python3.11/site-packages/airflow/example_dags/example_latest_only_with_trigger.py
[2023-07-22T15:13:52.951-0500] {logging_mixin.py:150} INFO - [2023-07-22T15:13:52.951-0500] {dag.py:2742} INFO - Sync 1 DAGs
[2023-07-22T15:13:52.986-0500] {logging_mixin.py:150} INFO - [2023-07-22T15:13:52.986-0500] {dag.py:3504} INFO - Setting next_dagrun for latest_only_with_trigger to 2023-07-22T16:13:52.986120+00:00, run_after=2023-07-22T20:13:52.986120+00:00
[2023-07-22T15:13:53.053-0500] {processor.py:179} INFO - Processing /Users/abhishekpatkar/Documents/Projects/af_file_loader/venv/lib/python3.11/site-packages/airflow/example_dags/example_latest_only_with_trigger.py took 0.965 seconds
[2023-07-22T15:16:44.957-0500] {processor.py:157} INFO - Started process (PID=18015) to work on /Users/abhishekpatkar/Documents/Projects/af_file_loader/venv/lib/python3.11/site-packages/airflow/example_dags/example_latest_only_with_trigger.py
[2023-07-22T15:16:44.961-0500] {processor.py:826} INFO - Processing file /Users/abhishekpatkar/Documents/Projects/af_file_loader/venv/lib/python3.11/site-packages/airflow/example_dags/example_latest_only_with_trigger.py for tasks to queue
[2023-07-22T15:16:44.962-0500] {logging_mixin.py:150} INFO - [2023-07-22T15:16:44.962-0500] {dagbag.py:541} INFO - Filling up the DagBag from /Users/abhishekpatkar/Documents/Projects/af_file_loader/venv/lib/python3.11/site-packages/airflow/example_dags/example_latest_only_with_trigger.py
[2023-07-22T15:16:44.983-0500] {processor.py:836} INFO - DAG(s) dict_keys(['latest_only_with_trigger']) retrieved from /Users/abhishekpatkar/Documents/Projects/af_file_loader/venv/lib/python3.11/site-packages/airflow/example_dags/example_latest_only_with_trigger.py
[2023-07-22T15:16:46.180-0500] {logging_mixin.py:150} INFO - [2023-07-22T15:16:46.179-0500] {dag.py:2742} INFO - Sync 1 DAGs
[2023-07-22T15:16:46.202-0500] {logging_mixin.py:150} INFO - [2023-07-22T15:16:46.202-0500] {dag.py:3504} INFO - Setting next_dagrun for latest_only_with_trigger to 2023-07-22T16:16:46.202044+00:00, run_after=2023-07-22T20:16:46.202044+00:00
[2023-07-22T15:16:46.221-0500] {processor.py:179} INFO - Processing /Users/abhishekpatkar/Documents/Projects/af_file_loader/venv/lib/python3.11/site-packages/airflow/example_dags/example_latest_only_with_trigger.py took 1.264 seconds
[2023-07-22T15:19:43.217-0500] {processor.py:157} INFO - Started process (PID=18120) to work on /Users/abhishekpatkar/Documents/Projects/af_file_loader/venv/lib/python3.11/site-packages/airflow/example_dags/example_latest_only_with_trigger.py
[2023-07-22T15:19:43.221-0500] {processor.py:826} INFO - Processing file /Users/abhishekpatkar/Documents/Projects/af_file_loader/venv/lib/python3.11/site-packages/airflow/example_dags/example_latest_only_with_trigger.py for tasks to queue
[2023-07-22T15:19:43.222-0500] {logging_mixin.py:150} INFO - [2023-07-22T15:19:43.222-0500] {dagbag.py:541} INFO - Filling up the DagBag from /Users/abhishekpatkar/Documents/Projects/af_file_loader/venv/lib/python3.11/site-packages/airflow/example_dags/example_latest_only_with_trigger.py
[2023-07-22T15:19:43.248-0500] {processor.py:836} INFO - DAG(s) dict_keys(['latest_only_with_trigger']) retrieved from /Users/abhishekpatkar/Documents/Projects/af_file_loader/venv/lib/python3.11/site-packages/airflow/example_dags/example_latest_only_with_trigger.py
[2023-07-22T15:19:44.034-0500] {logging_mixin.py:150} INFO - [2023-07-22T15:19:44.033-0500] {dag.py:2742} INFO - Sync 1 DAGs
[2023-07-22T15:19:44.049-0500] {logging_mixin.py:150} INFO - [2023-07-22T15:19:44.049-0500] {dag.py:3504} INFO - Setting next_dagrun for latest_only_with_trigger to 2023-07-22T16:19:44.049526+00:00, run_after=2023-07-22T20:19:44.049526+00:00
[2023-07-22T15:19:44.068-0500] {processor.py:179} INFO - Processing /Users/abhishekpatkar/Documents/Projects/af_file_loader/venv/lib/python3.11/site-packages/airflow/example_dags/example_latest_only_with_trigger.py took 0.852 seconds
[2023-07-22T15:22:21.107-0500] {processor.py:157} INFO - Started process (PID=18216) to work on /Users/abhishekpatkar/Documents/Projects/af_file_loader/venv/lib/python3.11/site-packages/airflow/example_dags/example_latest_only_with_trigger.py
[2023-07-22T15:22:21.111-0500] {processor.py:826} INFO - Processing file /Users/abhishekpatkar/Documents/Projects/af_file_loader/venv/lib/python3.11/site-packages/airflow/example_dags/example_latest_only_with_trigger.py for tasks to queue
[2023-07-22T15:22:21.112-0500] {logging_mixin.py:150} INFO - [2023-07-22T15:22:21.112-0500] {dagbag.py:541} INFO - Filling up the DagBag from /Users/abhishekpatkar/Documents/Projects/af_file_loader/venv/lib/python3.11/site-packages/airflow/example_dags/example_latest_only_with_trigger.py
[2023-07-22T15:22:21.132-0500] {processor.py:836} INFO - DAG(s) dict_keys(['latest_only_with_trigger']) retrieved from /Users/abhishekpatkar/Documents/Projects/af_file_loader/venv/lib/python3.11/site-packages/airflow/example_dags/example_latest_only_with_trigger.py
[2023-07-22T15:22:21.834-0500] {logging_mixin.py:150} INFO - [2023-07-22T15:22:21.834-0500] {dag.py:2742} INFO - Sync 1 DAGs
[2023-07-22T15:22:21.857-0500] {logging_mixin.py:150} INFO - [2023-07-22T15:22:21.856-0500] {dag.py:3504} INFO - Setting next_dagrun for latest_only_with_trigger to 2023-07-22T16:22:21.856453+00:00, run_after=2023-07-22T20:22:21.856453+00:00
[2023-07-22T15:22:21.919-0500] {processor.py:179} INFO - Processing /Users/abhishekpatkar/Documents/Projects/af_file_loader/venv/lib/python3.11/site-packages/airflow/example_dags/example_latest_only_with_trigger.py took 0.813 seconds
[2023-07-22T15:27:36.385-0500] {processor.py:157} INFO - Started process (PID=18570) to work on /Users/abhishekpatkar/Documents/Projects/af_file_loader/venv/lib/python3.11/site-packages/airflow/example_dags/example_latest_only_with_trigger.py
[2023-07-22T15:27:36.393-0500] {processor.py:826} INFO - Processing file /Users/abhishekpatkar/Documents/Projects/af_file_loader/venv/lib/python3.11/site-packages/airflow/example_dags/example_latest_only_with_trigger.py for tasks to queue
[2023-07-22T15:27:36.394-0500] {logging_mixin.py:150} INFO - [2023-07-22T15:27:36.394-0500] {dagbag.py:541} INFO - Filling up the DagBag from /Users/abhishekpatkar/Documents/Projects/af_file_loader/venv/lib/python3.11/site-packages/airflow/example_dags/example_latest_only_with_trigger.py
[2023-07-22T15:27:36.418-0500] {processor.py:836} INFO - DAG(s) dict_keys(['latest_only_with_trigger']) retrieved from /Users/abhishekpatkar/Documents/Projects/af_file_loader/venv/lib/python3.11/site-packages/airflow/example_dags/example_latest_only_with_trigger.py
[2023-07-22T15:27:37.321-0500] {logging_mixin.py:150} INFO - [2023-07-22T15:27:37.241-0500] {dag.py:2742} INFO - Sync 1 DAGs
[2023-07-22T15:27:37.344-0500] {logging_mixin.py:150} INFO - [2023-07-22T15:27:37.343-0500] {dag.py:3504} INFO - Setting next_dagrun for latest_only_with_trigger to 2023-07-22T16:27:37.343789+00:00, run_after=2023-07-22T20:27:37.343789+00:00
[2023-07-22T15:27:37.363-0500] {processor.py:179} INFO - Processing /Users/abhishekpatkar/Documents/Projects/af_file_loader/venv/lib/python3.11/site-packages/airflow/example_dags/example_latest_only_with_trigger.py took 0.981 seconds
[2023-07-22T15:30:44.751-0500] {processor.py:157} INFO - Started process (PID=18767) to work on /Users/abhishekpatkar/Documents/Projects/af_file_loader/venv/lib/python3.11/site-packages/airflow/example_dags/example_latest_only_with_trigger.py
[2023-07-22T15:30:44.759-0500] {processor.py:826} INFO - Processing file /Users/abhishekpatkar/Documents/Projects/af_file_loader/venv/lib/python3.11/site-packages/airflow/example_dags/example_latest_only_with_trigger.py for tasks to queue
[2023-07-22T15:30:44.761-0500] {logging_mixin.py:150} INFO - [2023-07-22T15:30:44.761-0500] {dagbag.py:541} INFO - Filling up the DagBag from /Users/abhishekpatkar/Documents/Projects/af_file_loader/venv/lib/python3.11/site-packages/airflow/example_dags/example_latest_only_with_trigger.py
[2023-07-22T15:30:44.788-0500] {processor.py:836} INFO - DAG(s) dict_keys(['latest_only_with_trigger']) retrieved from /Users/abhishekpatkar/Documents/Projects/af_file_loader/venv/lib/python3.11/site-packages/airflow/example_dags/example_latest_only_with_trigger.py
[2023-07-22T15:30:45.559-0500] {logging_mixin.py:150} INFO - [2023-07-22T15:30:45.503-0500] {dag.py:2742} INFO - Sync 1 DAGs
[2023-07-22T15:30:45.575-0500] {logging_mixin.py:150} INFO - [2023-07-22T15:30:45.575-0500] {dag.py:3504} INFO - Setting next_dagrun for latest_only_with_trigger to 2023-07-22T16:30:45.575575+00:00, run_after=2023-07-22T20:30:45.575575+00:00
[2023-07-22T15:30:45.595-0500] {processor.py:179} INFO - Processing /Users/abhishekpatkar/Documents/Projects/af_file_loader/venv/lib/python3.11/site-packages/airflow/example_dags/example_latest_only_with_trigger.py took 0.845 seconds
[2023-07-22T15:33:01.604-0500] {processor.py:157} INFO - Started process (PID=18859) to work on /Users/abhishekpatkar/Documents/Projects/af_file_loader/venv/lib/python3.11/site-packages/airflow/example_dags/example_latest_only_with_trigger.py
[2023-07-22T15:33:01.608-0500] {processor.py:826} INFO - Processing file /Users/abhishekpatkar/Documents/Projects/af_file_loader/venv/lib/python3.11/site-packages/airflow/example_dags/example_latest_only_with_trigger.py for tasks to queue
[2023-07-22T15:33:01.609-0500] {logging_mixin.py:150} INFO - [2023-07-22T15:33:01.608-0500] {dagbag.py:541} INFO - Filling up the DagBag from /Users/abhishekpatkar/Documents/Projects/af_file_loader/venv/lib/python3.11/site-packages/airflow/example_dags/example_latest_only_with_trigger.py
[2023-07-22T15:33:01.628-0500] {processor.py:836} INFO - DAG(s) dict_keys(['latest_only_with_trigger']) retrieved from /Users/abhishekpatkar/Documents/Projects/af_file_loader/venv/lib/python3.11/site-packages/airflow/example_dags/example_latest_only_with_trigger.py
[2023-07-22T15:33:02.355-0500] {logging_mixin.py:150} INFO - [2023-07-22T15:33:02.301-0500] {dag.py:2742} INFO - Sync 1 DAGs
[2023-07-22T15:33:02.383-0500] {logging_mixin.py:150} INFO - [2023-07-22T15:33:02.383-0500] {dag.py:3504} INFO - Setting next_dagrun for latest_only_with_trigger to 2023-07-22T16:33:02.383127+00:00, run_after=2023-07-22T20:33:02.383127+00:00
[2023-07-22T15:33:02.407-0500] {processor.py:179} INFO - Processing /Users/abhishekpatkar/Documents/Projects/af_file_loader/venv/lib/python3.11/site-packages/airflow/example_dags/example_latest_only_with_trigger.py took 0.804 seconds
[2023-07-22T15:36:45.009-0500] {processor.py:157} INFO - Started process (PID=19149) to work on /Users/abhishekpatkar/Documents/Projects/af_file_loader/venv/lib/python3.11/site-packages/airflow/example_dags/example_latest_only_with_trigger.py
[2023-07-22T15:36:45.017-0500] {processor.py:826} INFO - Processing file /Users/abhishekpatkar/Documents/Projects/af_file_loader/venv/lib/python3.11/site-packages/airflow/example_dags/example_latest_only_with_trigger.py for tasks to queue
[2023-07-22T15:36:45.018-0500] {logging_mixin.py:150} INFO - [2023-07-22T15:36:45.017-0500] {dagbag.py:541} INFO - Filling up the DagBag from /Users/abhishekpatkar/Documents/Projects/af_file_loader/venv/lib/python3.11/site-packages/airflow/example_dags/example_latest_only_with_trigger.py
[2023-07-22T15:36:45.039-0500] {processor.py:836} INFO - DAG(s) dict_keys(['latest_only_with_trigger']) retrieved from /Users/abhishekpatkar/Documents/Projects/af_file_loader/venv/lib/python3.11/site-packages/airflow/example_dags/example_latest_only_with_trigger.py
[2023-07-22T15:36:45.753-0500] {logging_mixin.py:150} INFO - [2023-07-22T15:36:45.697-0500] {dag.py:2742} INFO - Sync 1 DAGs
[2023-07-22T15:36:45.768-0500] {logging_mixin.py:150} INFO - [2023-07-22T15:36:45.768-0500] {dag.py:3504} INFO - Setting next_dagrun for latest_only_with_trigger to 2023-07-22T16:36:45.768597+00:00, run_after=2023-07-22T20:36:45.768597+00:00
[2023-07-22T15:36:45.786-0500] {processor.py:179} INFO - Processing /Users/abhishekpatkar/Documents/Projects/af_file_loader/venv/lib/python3.11/site-packages/airflow/example_dags/example_latest_only_with_trigger.py took 0.779 seconds
[2023-07-22T15:51:03.964-0500] {processor.py:157} INFO - Started process (PID=19664) to work on /Users/abhishekpatkar/Documents/Projects/af_file_loader/venv/lib/python3.11/site-packages/airflow/example_dags/example_latest_only_with_trigger.py
[2023-07-22T15:51:03.970-0500] {processor.py:826} INFO - Processing file /Users/abhishekpatkar/Documents/Projects/af_file_loader/venv/lib/python3.11/site-packages/airflow/example_dags/example_latest_only_with_trigger.py for tasks to queue
[2023-07-22T15:51:03.970-0500] {logging_mixin.py:150} INFO - [2023-07-22T15:51:03.970-0500] {dagbag.py:541} INFO - Filling up the DagBag from /Users/abhishekpatkar/Documents/Projects/af_file_loader/venv/lib/python3.11/site-packages/airflow/example_dags/example_latest_only_with_trigger.py
[2023-07-22T15:51:03.996-0500] {processor.py:836} INFO - DAG(s) dict_keys(['latest_only_with_trigger']) retrieved from /Users/abhishekpatkar/Documents/Projects/af_file_loader/venv/lib/python3.11/site-packages/airflow/example_dags/example_latest_only_with_trigger.py
[2023-07-22T15:51:04.892-0500] {logging_mixin.py:150} INFO - [2023-07-22T15:51:04.818-0500] {dag.py:2742} INFO - Sync 1 DAGs
[2023-07-22T15:51:04.912-0500] {logging_mixin.py:150} INFO - [2023-07-22T15:51:04.912-0500] {dag.py:3504} INFO - Setting next_dagrun for latest_only_with_trigger to 2023-07-22T16:51:04.912040+00:00, run_after=2023-07-22T20:51:04.912040+00:00
[2023-07-22T15:51:04.941-0500] {processor.py:179} INFO - Processing /Users/abhishekpatkar/Documents/Projects/af_file_loader/venv/lib/python3.11/site-packages/airflow/example_dags/example_latest_only_with_trigger.py took 0.977 seconds
[2023-07-22T15:56:22.591-0500] {processor.py:157} INFO - Started process (PID=20102) to work on /Users/abhishekpatkar/Documents/Projects/af_file_loader/venv/lib/python3.11/site-packages/airflow/example_dags/example_latest_only_with_trigger.py
[2023-07-22T15:56:22.595-0500] {processor.py:826} INFO - Processing file /Users/abhishekpatkar/Documents/Projects/af_file_loader/venv/lib/python3.11/site-packages/airflow/example_dags/example_latest_only_with_trigger.py for tasks to queue
[2023-07-22T15:56:22.596-0500] {logging_mixin.py:150} INFO - [2023-07-22T15:56:22.595-0500] {dagbag.py:541} INFO - Filling up the DagBag from /Users/abhishekpatkar/Documents/Projects/af_file_loader/venv/lib/python3.11/site-packages/airflow/example_dags/example_latest_only_with_trigger.py
[2023-07-22T15:56:22.628-0500] {processor.py:836} INFO - DAG(s) dict_keys(['latest_only_with_trigger']) retrieved from /Users/abhishekpatkar/Documents/Projects/af_file_loader/venv/lib/python3.11/site-packages/airflow/example_dags/example_latest_only_with_trigger.py
[2023-07-22T15:56:23.540-0500] {logging_mixin.py:150} INFO - [2023-07-22T15:56:23.461-0500] {dag.py:2742} INFO - Sync 1 DAGs
[2023-07-22T15:56:23.561-0500] {logging_mixin.py:150} INFO - [2023-07-22T15:56:23.561-0500] {dag.py:3504} INFO - Setting next_dagrun for latest_only_with_trigger to 2023-07-22T16:56:23.560894+00:00, run_after=2023-07-22T20:56:23.560894+00:00
[2023-07-22T15:56:23.592-0500] {processor.py:179} INFO - Processing /Users/abhishekpatkar/Documents/Projects/af_file_loader/venv/lib/python3.11/site-packages/airflow/example_dags/example_latest_only_with_trigger.py took 1.001 seconds
[2023-07-22T16:01:25.167-0500] {processor.py:157} INFO - Started process (PID=20349) to work on /Users/abhishekpatkar/Documents/Projects/af_file_loader/venv/lib/python3.11/site-packages/airflow/example_dags/example_latest_only_with_trigger.py
[2023-07-22T16:01:25.173-0500] {processor.py:826} INFO - Processing file /Users/abhishekpatkar/Documents/Projects/af_file_loader/venv/lib/python3.11/site-packages/airflow/example_dags/example_latest_only_with_trigger.py for tasks to queue
[2023-07-22T16:01:25.174-0500] {logging_mixin.py:150} INFO - [2023-07-22T16:01:25.173-0500] {dagbag.py:541} INFO - Filling up the DagBag from /Users/abhishekpatkar/Documents/Projects/af_file_loader/venv/lib/python3.11/site-packages/airflow/example_dags/example_latest_only_with_trigger.py
[2023-07-22T16:01:25.195-0500] {processor.py:836} INFO - DAG(s) dict_keys(['latest_only_with_trigger']) retrieved from /Users/abhishekpatkar/Documents/Projects/af_file_loader/venv/lib/python3.11/site-packages/airflow/example_dags/example_latest_only_with_trigger.py
[2023-07-22T16:01:26.111-0500] {logging_mixin.py:150} INFO - [2023-07-22T16:01:26.046-0500] {dag.py:2742} INFO - Sync 1 DAGs
[2023-07-22T16:01:26.129-0500] {logging_mixin.py:150} INFO - [2023-07-22T16:01:26.129-0500] {dag.py:3504} INFO - Setting next_dagrun for latest_only_with_trigger to 2023-07-22T17:01:26.129085+00:00, run_after=2023-07-22T21:01:26.129085+00:00
[2023-07-22T16:01:26.165-0500] {processor.py:179} INFO - Processing /Users/abhishekpatkar/Documents/Projects/af_file_loader/venv/lib/python3.11/site-packages/airflow/example_dags/example_latest_only_with_trigger.py took 0.999 seconds
[2023-07-22T16:05:19.412-0500] {processor.py:157} INFO - Started process (PID=20509) to work on /Users/abhishekpatkar/Documents/Projects/af_file_loader/venv/lib/python3.11/site-packages/airflow/example_dags/example_latest_only_with_trigger.py
[2023-07-22T16:05:19.416-0500] {processor.py:826} INFO - Processing file /Users/abhishekpatkar/Documents/Projects/af_file_loader/venv/lib/python3.11/site-packages/airflow/example_dags/example_latest_only_with_trigger.py for tasks to queue
[2023-07-22T16:05:19.417-0500] {logging_mixin.py:150} INFO - [2023-07-22T16:05:19.417-0500] {dagbag.py:541} INFO - Filling up the DagBag from /Users/abhishekpatkar/Documents/Projects/af_file_loader/venv/lib/python3.11/site-packages/airflow/example_dags/example_latest_only_with_trigger.py
[2023-07-22T16:05:19.436-0500] {processor.py:836} INFO - DAG(s) dict_keys(['latest_only_with_trigger']) retrieved from /Users/abhishekpatkar/Documents/Projects/af_file_loader/venv/lib/python3.11/site-packages/airflow/example_dags/example_latest_only_with_trigger.py
[2023-07-22T16:05:20.065-0500] {logging_mixin.py:150} INFO - [2023-07-22T16:05:20.013-0500] {dag.py:2742} INFO - Sync 1 DAGs
[2023-07-22T16:05:20.081-0500] {logging_mixin.py:150} INFO - [2023-07-22T16:05:20.080-0500] {dag.py:3504} INFO - Setting next_dagrun for latest_only_with_trigger to 2023-07-22T17:05:20.080668+00:00, run_after=2023-07-22T21:05:20.080668+00:00
[2023-07-22T16:05:20.099-0500] {processor.py:179} INFO - Processing /Users/abhishekpatkar/Documents/Projects/af_file_loader/venv/lib/python3.11/site-packages/airflow/example_dags/example_latest_only_with_trigger.py took 0.688 seconds
[2023-07-22T16:09:01.025-0500] {processor.py:157} INFO - Started process (PID=20675) to work on /Users/abhishekpatkar/Documents/Projects/af_file_loader/venv/lib/python3.11/site-packages/airflow/example_dags/example_latest_only_with_trigger.py
[2023-07-22T16:09:01.030-0500] {processor.py:826} INFO - Processing file /Users/abhishekpatkar/Documents/Projects/af_file_loader/venv/lib/python3.11/site-packages/airflow/example_dags/example_latest_only_with_trigger.py for tasks to queue
[2023-07-22T16:09:01.031-0500] {logging_mixin.py:150} INFO - [2023-07-22T16:09:01.031-0500] {dagbag.py:541} INFO - Filling up the DagBag from /Users/abhishekpatkar/Documents/Projects/af_file_loader/venv/lib/python3.11/site-packages/airflow/example_dags/example_latest_only_with_trigger.py
[2023-07-22T16:09:01.049-0500] {processor.py:836} INFO - DAG(s) dict_keys(['latest_only_with_trigger']) retrieved from /Users/abhishekpatkar/Documents/Projects/af_file_loader/venv/lib/python3.11/site-packages/airflow/example_dags/example_latest_only_with_trigger.py
[2023-07-22T16:09:01.691-0500] {logging_mixin.py:150} INFO - [2023-07-22T16:09:01.636-0500] {dag.py:2742} INFO - Sync 1 DAGs
[2023-07-22T16:09:01.706-0500] {logging_mixin.py:150} INFO - [2023-07-22T16:09:01.706-0500] {dag.py:3504} INFO - Setting next_dagrun for latest_only_with_trigger to 2023-07-22T17:09:01.706432+00:00, run_after=2023-07-22T21:09:01.706432+00:00
[2023-07-22T16:09:01.724-0500] {processor.py:179} INFO - Processing /Users/abhishekpatkar/Documents/Projects/af_file_loader/venv/lib/python3.11/site-packages/airflow/example_dags/example_latest_only_with_trigger.py took 0.700 seconds
[2023-07-22T16:24:34.465-0500] {processor.py:157} INFO - Started process (PID=20884) to work on /Users/abhishekpatkar/Documents/Projects/af_file_loader/venv/lib/python3.11/site-packages/airflow/example_dags/example_latest_only_with_trigger.py
[2023-07-22T16:24:34.470-0500] {processor.py:826} INFO - Processing file /Users/abhishekpatkar/Documents/Projects/af_file_loader/venv/lib/python3.11/site-packages/airflow/example_dags/example_latest_only_with_trigger.py for tasks to queue
[2023-07-22T16:24:34.470-0500] {logging_mixin.py:150} INFO - [2023-07-22T16:24:34.470-0500] {dagbag.py:541} INFO - Filling up the DagBag from /Users/abhishekpatkar/Documents/Projects/af_file_loader/venv/lib/python3.11/site-packages/airflow/example_dags/example_latest_only_with_trigger.py
[2023-07-22T16:24:34.490-0500] {processor.py:836} INFO - DAG(s) dict_keys(['latest_only_with_trigger']) retrieved from /Users/abhishekpatkar/Documents/Projects/af_file_loader/venv/lib/python3.11/site-packages/airflow/example_dags/example_latest_only_with_trigger.py
[2023-07-22T16:24:35.162-0500] {logging_mixin.py:150} INFO - [2023-07-22T16:24:35.098-0500] {dag.py:2742} INFO - Sync 1 DAGs
[2023-07-22T16:24:35.184-0500] {logging_mixin.py:150} INFO - [2023-07-22T16:24:35.184-0500] {dag.py:3504} INFO - Setting next_dagrun for latest_only_with_trigger to 2023-07-22T17:24:35.184200+00:00, run_after=2023-07-22T21:24:35.184200+00:00
[2023-07-22T16:24:35.212-0500] {processor.py:179} INFO - Processing /Users/abhishekpatkar/Documents/Projects/af_file_loader/venv/lib/python3.11/site-packages/airflow/example_dags/example_latest_only_with_trigger.py took 0.748 seconds
[2023-07-22T16:28:02.539-0500] {processor.py:157} INFO - Started process (PID=21033) to work on /Users/abhishekpatkar/Documents/Projects/af_file_loader/venv/lib/python3.11/site-packages/airflow/example_dags/example_latest_only_with_trigger.py
[2023-07-22T16:28:02.544-0500] {processor.py:826} INFO - Processing file /Users/abhishekpatkar/Documents/Projects/af_file_loader/venv/lib/python3.11/site-packages/airflow/example_dags/example_latest_only_with_trigger.py for tasks to queue
[2023-07-22T16:28:02.545-0500] {logging_mixin.py:150} INFO - [2023-07-22T16:28:02.545-0500] {dagbag.py:541} INFO - Filling up the DagBag from /Users/abhishekpatkar/Documents/Projects/af_file_loader/venv/lib/python3.11/site-packages/airflow/example_dags/example_latest_only_with_trigger.py
[2023-07-22T16:28:02.592-0500] {processor.py:836} INFO - DAG(s) dict_keys(['latest_only_with_trigger']) retrieved from /Users/abhishekpatkar/Documents/Projects/af_file_loader/venv/lib/python3.11/site-packages/airflow/example_dags/example_latest_only_with_trigger.py
[2023-07-22T16:28:03.584-0500] {logging_mixin.py:150} INFO - [2023-07-22T16:28:03.506-0500] {dag.py:2742} INFO - Sync 1 DAGs
[2023-07-22T16:28:03.615-0500] {logging_mixin.py:150} INFO - [2023-07-22T16:28:03.615-0500] {dag.py:3504} INFO - Setting next_dagrun for latest_only_with_trigger to 2023-07-22T17:28:03.614739+00:00, run_after=2023-07-22T21:28:03.614739+00:00
[2023-07-22T16:28:03.659-0500] {processor.py:179} INFO - Processing /Users/abhishekpatkar/Documents/Projects/af_file_loader/venv/lib/python3.11/site-packages/airflow/example_dags/example_latest_only_with_trigger.py took 1.121 seconds
[2023-07-22T16:31:16.149-0500] {processor.py:157} INFO - Started process (PID=21135) to work on /Users/abhishekpatkar/Documents/Projects/af_file_loader/venv/lib/python3.11/site-packages/airflow/example_dags/example_latest_only_with_trigger.py
[2023-07-22T16:31:16.154-0500] {processor.py:826} INFO - Processing file /Users/abhishekpatkar/Documents/Projects/af_file_loader/venv/lib/python3.11/site-packages/airflow/example_dags/example_latest_only_with_trigger.py for tasks to queue
[2023-07-22T16:31:16.155-0500] {logging_mixin.py:150} INFO - [2023-07-22T16:31:16.155-0500] {dagbag.py:541} INFO - Filling up the DagBag from /Users/abhishekpatkar/Documents/Projects/af_file_loader/venv/lib/python3.11/site-packages/airflow/example_dags/example_latest_only_with_trigger.py
[2023-07-22T16:31:16.190-0500] {processor.py:836} INFO - DAG(s) dict_keys(['latest_only_with_trigger']) retrieved from /Users/abhishekpatkar/Documents/Projects/af_file_loader/venv/lib/python3.11/site-packages/airflow/example_dags/example_latest_only_with_trigger.py
[2023-07-22T16:31:17.602-0500] {logging_mixin.py:150} INFO - [2023-07-22T16:31:17.527-0500] {dag.py:2742} INFO - Sync 1 DAGs
[2023-07-22T16:31:17.622-0500] {logging_mixin.py:150} INFO - [2023-07-22T16:31:17.622-0500] {dag.py:3504} INFO - Setting next_dagrun for latest_only_with_trigger to 2023-07-22T17:31:17.622047+00:00, run_after=2023-07-22T21:31:17.622047+00:00
[2023-07-22T16:31:17.653-0500] {processor.py:179} INFO - Processing /Users/abhishekpatkar/Documents/Projects/af_file_loader/venv/lib/python3.11/site-packages/airflow/example_dags/example_latest_only_with_trigger.py took 1.505 seconds
[2023-07-22T16:34:37.708-0500] {processor.py:157} INFO - Started process (PID=21241) to work on /Users/abhishekpatkar/Documents/Projects/af_file_loader/venv/lib/python3.11/site-packages/airflow/example_dags/example_latest_only_with_trigger.py
[2023-07-22T16:34:37.718-0500] {processor.py:826} INFO - Processing file /Users/abhishekpatkar/Documents/Projects/af_file_loader/venv/lib/python3.11/site-packages/airflow/example_dags/example_latest_only_with_trigger.py for tasks to queue
[2023-07-22T16:34:37.719-0500] {logging_mixin.py:150} INFO - [2023-07-22T16:34:37.719-0500] {dagbag.py:541} INFO - Filling up the DagBag from /Users/abhishekpatkar/Documents/Projects/af_file_loader/venv/lib/python3.11/site-packages/airflow/example_dags/example_latest_only_with_trigger.py
[2023-07-22T16:34:37.765-0500] {processor.py:836} INFO - DAG(s) dict_keys(['latest_only_with_trigger']) retrieved from /Users/abhishekpatkar/Documents/Projects/af_file_loader/venv/lib/python3.11/site-packages/airflow/example_dags/example_latest_only_with_trigger.py
[2023-07-22T16:34:39.085-0500] {logging_mixin.py:150} INFO - [2023-07-22T16:34:38.991-0500] {dag.py:2742} INFO - Sync 1 DAGs
[2023-07-22T16:34:39.105-0500] {logging_mixin.py:150} INFO - [2023-07-22T16:34:39.104-0500] {dag.py:3504} INFO - Setting next_dagrun for latest_only_with_trigger to 2023-07-22T17:34:39.104663+00:00, run_after=2023-07-22T21:34:39.104663+00:00
[2023-07-22T16:34:39.139-0500] {processor.py:179} INFO - Processing /Users/abhishekpatkar/Documents/Projects/af_file_loader/venv/lib/python3.11/site-packages/airflow/example_dags/example_latest_only_with_trigger.py took 1.434 seconds
[2023-07-22T16:38:55.014-0500] {processor.py:157} INFO - Started process (PID=21375) to work on /Users/abhishekpatkar/Documents/Projects/af_file_loader/venv/lib/python3.11/site-packages/airflow/example_dags/example_latest_only_with_trigger.py
[2023-07-22T16:38:55.019-0500] {processor.py:826} INFO - Processing file /Users/abhishekpatkar/Documents/Projects/af_file_loader/venv/lib/python3.11/site-packages/airflow/example_dags/example_latest_only_with_trigger.py for tasks to queue
[2023-07-22T16:38:55.019-0500] {logging_mixin.py:150} INFO - [2023-07-22T16:38:55.019-0500] {dagbag.py:541} INFO - Filling up the DagBag from /Users/abhishekpatkar/Documents/Projects/af_file_loader/venv/lib/python3.11/site-packages/airflow/example_dags/example_latest_only_with_trigger.py
[2023-07-22T16:38:55.039-0500] {processor.py:836} INFO - DAG(s) dict_keys(['latest_only_with_trigger']) retrieved from /Users/abhishekpatkar/Documents/Projects/af_file_loader/venv/lib/python3.11/site-packages/airflow/example_dags/example_latest_only_with_trigger.py
[2023-07-22T16:38:55.869-0500] {logging_mixin.py:150} INFO - [2023-07-22T16:38:55.797-0500] {dag.py:2742} INFO - Sync 1 DAGs
[2023-07-22T16:38:55.887-0500] {logging_mixin.py:150} INFO - [2023-07-22T16:38:55.887-0500] {dag.py:3504} INFO - Setting next_dagrun for latest_only_with_trigger to 2023-07-22T17:38:55.886968+00:00, run_after=2023-07-22T21:38:55.886968+00:00
[2023-07-22T16:38:55.909-0500] {processor.py:179} INFO - Processing /Users/abhishekpatkar/Documents/Projects/af_file_loader/venv/lib/python3.11/site-packages/airflow/example_dags/example_latest_only_with_trigger.py took 0.897 seconds
[2023-07-22T16:43:21.573-0500] {processor.py:157} INFO - Started process (PID=21562) to work on /Users/abhishekpatkar/Documents/Projects/af_file_loader/venv/lib/python3.11/site-packages/airflow/example_dags/example_latest_only_with_trigger.py
[2023-07-22T16:43:21.583-0500] {processor.py:826} INFO - Processing file /Users/abhishekpatkar/Documents/Projects/af_file_loader/venv/lib/python3.11/site-packages/airflow/example_dags/example_latest_only_with_trigger.py for tasks to queue
[2023-07-22T16:43:21.584-0500] {logging_mixin.py:150} INFO - [2023-07-22T16:43:21.583-0500] {dagbag.py:541} INFO - Filling up the DagBag from /Users/abhishekpatkar/Documents/Projects/af_file_loader/venv/lib/python3.11/site-packages/airflow/example_dags/example_latest_only_with_trigger.py
[2023-07-22T16:43:21.622-0500] {processor.py:836} INFO - DAG(s) dict_keys(['latest_only_with_trigger']) retrieved from /Users/abhishekpatkar/Documents/Projects/af_file_loader/venv/lib/python3.11/site-packages/airflow/example_dags/example_latest_only_with_trigger.py
[2023-07-22T16:43:23.050-0500] {logging_mixin.py:150} INFO - [2023-07-22T16:43:22.954-0500] {dag.py:2742} INFO - Sync 1 DAGs
[2023-07-22T16:43:23.074-0500] {logging_mixin.py:150} INFO - [2023-07-22T16:43:23.074-0500] {dag.py:3504} INFO - Setting next_dagrun for latest_only_with_trigger to 2023-07-22T17:43:23.074143+00:00, run_after=2023-07-22T21:43:23.074143+00:00
[2023-07-22T16:43:23.109-0500] {processor.py:179} INFO - Processing /Users/abhishekpatkar/Documents/Projects/af_file_loader/venv/lib/python3.11/site-packages/airflow/example_dags/example_latest_only_with_trigger.py took 1.538 seconds
[2023-07-22T16:47:11.972-0500] {processor.py:157} INFO - Started process (PID=21676) to work on /Users/abhishekpatkar/Documents/Projects/af_file_loader/venv/lib/python3.11/site-packages/airflow/example_dags/example_latest_only_with_trigger.py
[2023-07-22T16:47:11.981-0500] {processor.py:826} INFO - Processing file /Users/abhishekpatkar/Documents/Projects/af_file_loader/venv/lib/python3.11/site-packages/airflow/example_dags/example_latest_only_with_trigger.py for tasks to queue
[2023-07-22T16:47:11.982-0500] {logging_mixin.py:150} INFO - [2023-07-22T16:47:11.982-0500] {dagbag.py:541} INFO - Filling up the DagBag from /Users/abhishekpatkar/Documents/Projects/af_file_loader/venv/lib/python3.11/site-packages/airflow/example_dags/example_latest_only_with_trigger.py
[2023-07-22T16:47:12.016-0500] {processor.py:836} INFO - DAG(s) dict_keys(['latest_only_with_trigger']) retrieved from /Users/abhishekpatkar/Documents/Projects/af_file_loader/venv/lib/python3.11/site-packages/airflow/example_dags/example_latest_only_with_trigger.py
[2023-07-22T16:47:13.271-0500] {logging_mixin.py:150} INFO - [2023-07-22T16:47:13.179-0500] {dag.py:2742} INFO - Sync 1 DAGs
[2023-07-22T16:47:13.303-0500] {logging_mixin.py:150} INFO - [2023-07-22T16:47:13.303-0500] {dag.py:3504} INFO - Setting next_dagrun for latest_only_with_trigger to 2023-07-22T17:47:13.303191+00:00, run_after=2023-07-22T21:47:13.303191+00:00
[2023-07-22T16:47:13.354-0500] {processor.py:179} INFO - Processing /Users/abhishekpatkar/Documents/Projects/af_file_loader/venv/lib/python3.11/site-packages/airflow/example_dags/example_latest_only_with_trigger.py took 1.383 seconds
[2023-07-22T16:50:57.544-0500] {processor.py:157} INFO - Started process (PID=21793) to work on /Users/abhishekpatkar/Documents/Projects/af_file_loader/venv/lib/python3.11/site-packages/airflow/example_dags/example_latest_only_with_trigger.py
[2023-07-22T16:50:57.551-0500] {processor.py:826} INFO - Processing file /Users/abhishekpatkar/Documents/Projects/af_file_loader/venv/lib/python3.11/site-packages/airflow/example_dags/example_latest_only_with_trigger.py for tasks to queue
[2023-07-22T16:50:57.552-0500] {logging_mixin.py:150} INFO - [2023-07-22T16:50:57.551-0500] {dagbag.py:541} INFO - Filling up the DagBag from /Users/abhishekpatkar/Documents/Projects/af_file_loader/venv/lib/python3.11/site-packages/airflow/example_dags/example_latest_only_with_trigger.py
[2023-07-22T16:50:57.611-0500] {processor.py:836} INFO - DAG(s) dict_keys(['latest_only_with_trigger']) retrieved from /Users/abhishekpatkar/Documents/Projects/af_file_loader/venv/lib/python3.11/site-packages/airflow/example_dags/example_latest_only_with_trigger.py
[2023-07-22T16:50:59.190-0500] {logging_mixin.py:150} INFO - [2023-07-22T16:50:59.116-0500] {dag.py:2742} INFO - Sync 1 DAGs
[2023-07-22T16:50:59.215-0500] {logging_mixin.py:150} INFO - [2023-07-22T16:50:59.215-0500] {dag.py:3504} INFO - Setting next_dagrun for latest_only_with_trigger to 2023-07-22T17:50:59.215269+00:00, run_after=2023-07-22T21:50:59.215269+00:00
[2023-07-22T16:50:59.249-0500] {processor.py:179} INFO - Processing /Users/abhishekpatkar/Documents/Projects/af_file_loader/venv/lib/python3.11/site-packages/airflow/example_dags/example_latest_only_with_trigger.py took 1.706 seconds
[2023-07-22T16:54:39.209-0500] {processor.py:157} INFO - Started process (PID=21911) to work on /Users/abhishekpatkar/Documents/Projects/af_file_loader/venv/lib/python3.11/site-packages/airflow/example_dags/example_latest_only_with_trigger.py
[2023-07-22T16:54:39.219-0500] {processor.py:826} INFO - Processing file /Users/abhishekpatkar/Documents/Projects/af_file_loader/venv/lib/python3.11/site-packages/airflow/example_dags/example_latest_only_with_trigger.py for tasks to queue
[2023-07-22T16:54:39.219-0500] {logging_mixin.py:150} INFO - [2023-07-22T16:54:39.219-0500] {dagbag.py:541} INFO - Filling up the DagBag from /Users/abhishekpatkar/Documents/Projects/af_file_loader/venv/lib/python3.11/site-packages/airflow/example_dags/example_latest_only_with_trigger.py
[2023-07-22T16:54:39.248-0500] {processor.py:836} INFO - DAG(s) dict_keys(['latest_only_with_trigger']) retrieved from /Users/abhishekpatkar/Documents/Projects/af_file_loader/venv/lib/python3.11/site-packages/airflow/example_dags/example_latest_only_with_trigger.py
[2023-07-22T16:54:40.371-0500] {logging_mixin.py:150} INFO - [2023-07-22T16:54:40.276-0500] {dag.py:2742} INFO - Sync 1 DAGs
[2023-07-22T16:54:40.394-0500] {logging_mixin.py:150} INFO - [2023-07-22T16:54:40.394-0500] {dag.py:3504} INFO - Setting next_dagrun for latest_only_with_trigger to 2023-07-22T17:54:40.394371+00:00, run_after=2023-07-22T21:54:40.394371+00:00
[2023-07-22T16:54:40.424-0500] {processor.py:179} INFO - Processing /Users/abhishekpatkar/Documents/Projects/af_file_loader/venv/lib/python3.11/site-packages/airflow/example_dags/example_latest_only_with_trigger.py took 1.215 seconds
[2023-07-22T16:57:44.325-0500] {processor.py:157} INFO - Started process (PID=22015) to work on /Users/abhishekpatkar/Documents/Projects/af_file_loader/venv/lib/python3.11/site-packages/airflow/example_dags/example_latest_only_with_trigger.py
[2023-07-22T16:57:44.339-0500] {processor.py:826} INFO - Processing file /Users/abhishekpatkar/Documents/Projects/af_file_loader/venv/lib/python3.11/site-packages/airflow/example_dags/example_latest_only_with_trigger.py for tasks to queue
[2023-07-22T16:57:44.341-0500] {logging_mixin.py:150} INFO - [2023-07-22T16:57:44.341-0500] {dagbag.py:541} INFO - Filling up the DagBag from /Users/abhishekpatkar/Documents/Projects/af_file_loader/venv/lib/python3.11/site-packages/airflow/example_dags/example_latest_only_with_trigger.py
[2023-07-22T16:57:44.390-0500] {processor.py:836} INFO - DAG(s) dict_keys(['latest_only_with_trigger']) retrieved from /Users/abhishekpatkar/Documents/Projects/af_file_loader/venv/lib/python3.11/site-packages/airflow/example_dags/example_latest_only_with_trigger.py
[2023-07-22T16:57:45.755-0500] {logging_mixin.py:150} INFO - [2023-07-22T16:57:45.675-0500] {dag.py:2742} INFO - Sync 1 DAGs
[2023-07-22T16:57:45.801-0500] {logging_mixin.py:150} INFO - [2023-07-22T16:57:45.800-0500] {dag.py:3504} INFO - Setting next_dagrun for latest_only_with_trigger to 2023-07-22T17:57:45.800079+00:00, run_after=2023-07-22T21:57:45.800079+00:00
[2023-07-22T16:57:45.939-0500] {processor.py:179} INFO - Processing /Users/abhishekpatkar/Documents/Projects/af_file_loader/venv/lib/python3.11/site-packages/airflow/example_dags/example_latest_only_with_trigger.py took 1.602 seconds
[2023-07-22T17:01:48.405-0500] {processor.py:157} INFO - Started process (PID=22162) to work on /Users/abhishekpatkar/Documents/Projects/af_file_loader/venv/lib/python3.11/site-packages/airflow/example_dags/example_latest_only_with_trigger.py
[2023-07-22T17:01:48.416-0500] {processor.py:826} INFO - Processing file /Users/abhishekpatkar/Documents/Projects/af_file_loader/venv/lib/python3.11/site-packages/airflow/example_dags/example_latest_only_with_trigger.py for tasks to queue
[2023-07-22T17:01:48.418-0500] {logging_mixin.py:150} INFO - [2023-07-22T17:01:48.417-0500] {dagbag.py:541} INFO - Filling up the DagBag from /Users/abhishekpatkar/Documents/Projects/af_file_loader/venv/lib/python3.11/site-packages/airflow/example_dags/example_latest_only_with_trigger.py
[2023-07-22T17:01:48.593-0500] {processor.py:836} INFO - DAG(s) dict_keys(['latest_only_with_trigger']) retrieved from /Users/abhishekpatkar/Documents/Projects/af_file_loader/venv/lib/python3.11/site-packages/airflow/example_dags/example_latest_only_with_trigger.py
[2023-07-22T17:01:52.847-0500] {logging_mixin.py:150} INFO - [2023-07-22T17:01:52.735-0500] {dag.py:2742} INFO - Sync 1 DAGs
[2023-07-22T17:01:52.873-0500] {logging_mixin.py:150} INFO - [2023-07-22T17:01:52.873-0500] {dag.py:3504} INFO - Setting next_dagrun for latest_only_with_trigger to 2023-07-22T18:01:52.872872+00:00, run_after=2023-07-22T22:01:52.872872+00:00
[2023-07-22T17:01:52.897-0500] {processor.py:179} INFO - Processing /Users/abhishekpatkar/Documents/Projects/af_file_loader/venv/lib/python3.11/site-packages/airflow/example_dags/example_latest_only_with_trigger.py took 4.493 seconds
[2023-07-22T17:04:27.049-0500] {processor.py:157} INFO - Started process (PID=22283) to work on /Users/abhishekpatkar/Documents/Projects/af_file_loader/venv/lib/python3.11/site-packages/airflow/example_dags/example_latest_only_with_trigger.py
[2023-07-22T17:04:27.054-0500] {processor.py:826} INFO - Processing file /Users/abhishekpatkar/Documents/Projects/af_file_loader/venv/lib/python3.11/site-packages/airflow/example_dags/example_latest_only_with_trigger.py for tasks to queue
[2023-07-22T17:04:27.055-0500] {logging_mixin.py:150} INFO - [2023-07-22T17:04:27.055-0500] {dagbag.py:541} INFO - Filling up the DagBag from /Users/abhishekpatkar/Documents/Projects/af_file_loader/venv/lib/python3.11/site-packages/airflow/example_dags/example_latest_only_with_trigger.py
[2023-07-22T17:04:27.077-0500] {processor.py:836} INFO - DAG(s) dict_keys(['latest_only_with_trigger']) retrieved from /Users/abhishekpatkar/Documents/Projects/af_file_loader/venv/lib/python3.11/site-packages/airflow/example_dags/example_latest_only_with_trigger.py
[2023-07-22T17:04:27.810-0500] {logging_mixin.py:150} INFO - [2023-07-22T17:04:27.748-0500] {dag.py:2742} INFO - Sync 1 DAGs
[2023-07-22T17:04:27.828-0500] {logging_mixin.py:150} INFO - [2023-07-22T17:04:27.828-0500] {dag.py:3504} INFO - Setting next_dagrun for latest_only_with_trigger to 2023-07-22T18:04:27.828386+00:00, run_after=2023-07-22T22:04:27.828386+00:00
[2023-07-22T17:04:27.849-0500] {processor.py:179} INFO - Processing /Users/abhishekpatkar/Documents/Projects/af_file_loader/venv/lib/python3.11/site-packages/airflow/example_dags/example_latest_only_with_trigger.py took 0.802 seconds
[2023-07-22T17:08:23.224-0500] {processor.py:157} INFO - Started process (PID=22438) to work on /Users/abhishekpatkar/Documents/Projects/af_file_loader/venv/lib/python3.11/site-packages/airflow/example_dags/example_latest_only_with_trigger.py
[2023-07-22T17:08:23.228-0500] {processor.py:826} INFO - Processing file /Users/abhishekpatkar/Documents/Projects/af_file_loader/venv/lib/python3.11/site-packages/airflow/example_dags/example_latest_only_with_trigger.py for tasks to queue
[2023-07-22T17:08:23.229-0500] {logging_mixin.py:150} INFO - [2023-07-22T17:08:23.229-0500] {dagbag.py:541} INFO - Filling up the DagBag from /Users/abhishekpatkar/Documents/Projects/af_file_loader/venv/lib/python3.11/site-packages/airflow/example_dags/example_latest_only_with_trigger.py
[2023-07-22T17:08:23.250-0500] {processor.py:836} INFO - DAG(s) dict_keys(['latest_only_with_trigger']) retrieved from /Users/abhishekpatkar/Documents/Projects/af_file_loader/venv/lib/python3.11/site-packages/airflow/example_dags/example_latest_only_with_trigger.py
[2023-07-22T17:08:23.995-0500] {logging_mixin.py:150} INFO - [2023-07-22T17:08:23.933-0500] {dag.py:2742} INFO - Sync 1 DAGs
[2023-07-22T17:08:24.013-0500] {logging_mixin.py:150} INFO - [2023-07-22T17:08:24.013-0500] {dag.py:3504} INFO - Setting next_dagrun for latest_only_with_trigger to 2023-07-22T18:08:24.012876+00:00, run_after=2023-07-22T22:08:24.012876+00:00
[2023-07-22T17:08:24.039-0500] {processor.py:179} INFO - Processing /Users/abhishekpatkar/Documents/Projects/af_file_loader/venv/lib/python3.11/site-packages/airflow/example_dags/example_latest_only_with_trigger.py took 0.817 seconds
[2023-07-22T17:10:32.811-0500] {processor.py:157} INFO - Started process (PID=22527) to work on /Users/abhishekpatkar/Documents/Projects/af_file_loader/venv/lib/python3.11/site-packages/airflow/example_dags/example_latest_only_with_trigger.py
[2023-07-22T17:10:32.817-0500] {processor.py:826} INFO - Processing file /Users/abhishekpatkar/Documents/Projects/af_file_loader/venv/lib/python3.11/site-packages/airflow/example_dags/example_latest_only_with_trigger.py for tasks to queue
[2023-07-22T17:10:32.818-0500] {logging_mixin.py:150} INFO - [2023-07-22T17:10:32.818-0500] {dagbag.py:541} INFO - Filling up the DagBag from /Users/abhishekpatkar/Documents/Projects/af_file_loader/venv/lib/python3.11/site-packages/airflow/example_dags/example_latest_only_with_trigger.py
[2023-07-22T17:10:32.839-0500] {processor.py:836} INFO - DAG(s) dict_keys(['latest_only_with_trigger']) retrieved from /Users/abhishekpatkar/Documents/Projects/af_file_loader/venv/lib/python3.11/site-packages/airflow/example_dags/example_latest_only_with_trigger.py
[2023-07-22T17:10:33.591-0500] {logging_mixin.py:150} INFO - [2023-07-22T17:10:33.526-0500] {dag.py:2742} INFO - Sync 1 DAGs
[2023-07-22T17:10:33.612-0500] {logging_mixin.py:150} INFO - [2023-07-22T17:10:33.611-0500] {dag.py:3504} INFO - Setting next_dagrun for latest_only_with_trigger to 2023-07-22T18:10:33.611295+00:00, run_after=2023-07-22T22:10:33.611295+00:00
[2023-07-22T17:10:33.634-0500] {processor.py:179} INFO - Processing /Users/abhishekpatkar/Documents/Projects/af_file_loader/venv/lib/python3.11/site-packages/airflow/example_dags/example_latest_only_with_trigger.py took 0.824 seconds
[2023-07-22T17:14:31.651-0500] {processor.py:157} INFO - Started process (PID=22676) to work on /Users/abhishekpatkar/Documents/Projects/af_file_loader/venv/lib/python3.11/site-packages/airflow/example_dags/example_latest_only_with_trigger.py
[2023-07-22T17:14:31.656-0500] {processor.py:826} INFO - Processing file /Users/abhishekpatkar/Documents/Projects/af_file_loader/venv/lib/python3.11/site-packages/airflow/example_dags/example_latest_only_with_trigger.py for tasks to queue
[2023-07-22T17:14:31.656-0500] {logging_mixin.py:150} INFO - [2023-07-22T17:14:31.656-0500] {dagbag.py:541} INFO - Filling up the DagBag from /Users/abhishekpatkar/Documents/Projects/af_file_loader/venv/lib/python3.11/site-packages/airflow/example_dags/example_latest_only_with_trigger.py
[2023-07-22T17:14:31.682-0500] {processor.py:836} INFO - DAG(s) dict_keys(['latest_only_with_trigger']) retrieved from /Users/abhishekpatkar/Documents/Projects/af_file_loader/venv/lib/python3.11/site-packages/airflow/example_dags/example_latest_only_with_trigger.py
[2023-07-22T17:14:32.492-0500] {logging_mixin.py:150} INFO - [2023-07-22T17:14:32.425-0500] {dag.py:2742} INFO - Sync 1 DAGs
[2023-07-22T17:14:32.515-0500] {logging_mixin.py:150} INFO - [2023-07-22T17:14:32.515-0500] {dag.py:3504} INFO - Setting next_dagrun for latest_only_with_trigger to 2023-07-22T18:14:32.515056+00:00, run_after=2023-07-22T22:14:32.515056+00:00
[2023-07-22T17:14:32.537-0500] {processor.py:179} INFO - Processing /Users/abhishekpatkar/Documents/Projects/af_file_loader/venv/lib/python3.11/site-packages/airflow/example_dags/example_latest_only_with_trigger.py took 0.886 seconds
[2023-07-22T17:19:15.814-0500] {processor.py:157} INFO - Started process (PID=22898) to work on /Users/abhishekpatkar/Documents/Projects/af_file_loader/venv/lib/python3.11/site-packages/airflow/example_dags/example_latest_only_with_trigger.py
[2023-07-22T17:19:15.819-0500] {processor.py:826} INFO - Processing file /Users/abhishekpatkar/Documents/Projects/af_file_loader/venv/lib/python3.11/site-packages/airflow/example_dags/example_latest_only_with_trigger.py for tasks to queue
[2023-07-22T17:19:15.820-0500] {logging_mixin.py:150} INFO - [2023-07-22T17:19:15.820-0500] {dagbag.py:541} INFO - Filling up the DagBag from /Users/abhishekpatkar/Documents/Projects/af_file_loader/venv/lib/python3.11/site-packages/airflow/example_dags/example_latest_only_with_trigger.py
[2023-07-22T17:19:15.843-0500] {processor.py:836} INFO - DAG(s) dict_keys(['latest_only_with_trigger']) retrieved from /Users/abhishekpatkar/Documents/Projects/af_file_loader/venv/lib/python3.11/site-packages/airflow/example_dags/example_latest_only_with_trigger.py
[2023-07-22T17:19:16.630-0500] {logging_mixin.py:150} INFO - [2023-07-22T17:19:16.571-0500] {dag.py:2742} INFO - Sync 1 DAGs
[2023-07-22T17:19:16.647-0500] {logging_mixin.py:150} INFO - [2023-07-22T17:19:16.647-0500] {dag.py:3504} INFO - Setting next_dagrun for latest_only_with_trigger to 2023-07-22T18:19:16.646878+00:00, run_after=2023-07-22T22:19:16.646878+00:00
[2023-07-22T17:19:16.670-0500] {processor.py:179} INFO - Processing /Users/abhishekpatkar/Documents/Projects/af_file_loader/venv/lib/python3.11/site-packages/airflow/example_dags/example_latest_only_with_trigger.py took 0.856 seconds
[2023-07-22T17:24:08.886-0500] {processor.py:157} INFO - Started process (PID=23139) to work on /Users/abhishekpatkar/Documents/Projects/af_file_loader/venv/lib/python3.11/site-packages/airflow/example_dags/example_latest_only_with_trigger.py
[2023-07-22T17:24:08.891-0500] {processor.py:826} INFO - Processing file /Users/abhishekpatkar/Documents/Projects/af_file_loader/venv/lib/python3.11/site-packages/airflow/example_dags/example_latest_only_with_trigger.py for tasks to queue
[2023-07-22T17:24:08.891-0500] {logging_mixin.py:150} INFO - [2023-07-22T17:24:08.891-0500] {dagbag.py:541} INFO - Filling up the DagBag from /Users/abhishekpatkar/Documents/Projects/af_file_loader/venv/lib/python3.11/site-packages/airflow/example_dags/example_latest_only_with_trigger.py
[2023-07-22T17:24:08.911-0500] {processor.py:836} INFO - DAG(s) dict_keys(['latest_only_with_trigger']) retrieved from /Users/abhishekpatkar/Documents/Projects/af_file_loader/venv/lib/python3.11/site-packages/airflow/example_dags/example_latest_only_with_trigger.py
[2023-07-22T17:24:09.733-0500] {logging_mixin.py:150} INFO - [2023-07-22T17:24:09.677-0500] {dag.py:2742} INFO - Sync 1 DAGs
[2023-07-22T17:24:09.749-0500] {logging_mixin.py:150} INFO - [2023-07-22T17:24:09.749-0500] {dag.py:3504} INFO - Setting next_dagrun for latest_only_with_trigger to 2023-07-22T18:24:09.749520+00:00, run_after=2023-07-22T22:24:09.749520+00:00
[2023-07-22T17:24:09.772-0500] {processor.py:179} INFO - Processing /Users/abhishekpatkar/Documents/Projects/af_file_loader/venv/lib/python3.11/site-packages/airflow/example_dags/example_latest_only_with_trigger.py took 0.886 seconds
[2023-07-22T17:29:16.984-0500] {processor.py:157} INFO - Started process (PID=23295) to work on /Users/abhishekpatkar/Documents/Projects/af_file_loader/venv/lib/python3.11/site-packages/airflow/example_dags/example_latest_only_with_trigger.py
[2023-07-22T17:29:16.989-0500] {processor.py:826} INFO - Processing file /Users/abhishekpatkar/Documents/Projects/af_file_loader/venv/lib/python3.11/site-packages/airflow/example_dags/example_latest_only_with_trigger.py for tasks to queue
[2023-07-22T17:29:16.989-0500] {logging_mixin.py:150} INFO - [2023-07-22T17:29:16.989-0500] {dagbag.py:541} INFO - Filling up the DagBag from /Users/abhishekpatkar/Documents/Projects/af_file_loader/venv/lib/python3.11/site-packages/airflow/example_dags/example_latest_only_with_trigger.py
[2023-07-22T17:29:17.008-0500] {processor.py:836} INFO - DAG(s) dict_keys(['latest_only_with_trigger']) retrieved from /Users/abhishekpatkar/Documents/Projects/af_file_loader/venv/lib/python3.11/site-packages/airflow/example_dags/example_latest_only_with_trigger.py
[2023-07-22T17:29:17.802-0500] {logging_mixin.py:150} INFO - [2023-07-22T17:29:17.691-0500] {dag.py:2742} INFO - Sync 1 DAGs
[2023-07-22T17:29:17.847-0500] {logging_mixin.py:150} INFO - [2023-07-22T17:29:17.845-0500] {dag.py:3504} INFO - Setting next_dagrun for latest_only_with_trigger to 2023-07-22T18:29:17.845604+00:00, run_after=2023-07-22T22:29:17.845604+00:00
[2023-07-22T17:29:17.889-0500] {processor.py:179} INFO - Processing /Users/abhishekpatkar/Documents/Projects/af_file_loader/venv/lib/python3.11/site-packages/airflow/example_dags/example_latest_only_with_trigger.py took 0.907 seconds
[2023-07-22T17:31:56.528-0500] {processor.py:157} INFO - Started process (PID=23420) to work on /Users/abhishekpatkar/Documents/Projects/af_file_loader/venv/lib/python3.11/site-packages/airflow/example_dags/example_latest_only_with_trigger.py
[2023-07-22T17:31:56.532-0500] {processor.py:826} INFO - Processing file /Users/abhishekpatkar/Documents/Projects/af_file_loader/venv/lib/python3.11/site-packages/airflow/example_dags/example_latest_only_with_trigger.py for tasks to queue
[2023-07-22T17:31:56.533-0500] {logging_mixin.py:150} INFO - [2023-07-22T17:31:56.533-0500] {dagbag.py:541} INFO - Filling up the DagBag from /Users/abhishekpatkar/Documents/Projects/af_file_loader/venv/lib/python3.11/site-packages/airflow/example_dags/example_latest_only_with_trigger.py
[2023-07-22T17:31:56.552-0500] {processor.py:836} INFO - DAG(s) dict_keys(['latest_only_with_trigger']) retrieved from /Users/abhishekpatkar/Documents/Projects/af_file_loader/venv/lib/python3.11/site-packages/airflow/example_dags/example_latest_only_with_trigger.py
[2023-07-22T17:31:57.228-0500] {logging_mixin.py:150} INFO - [2023-07-22T17:31:57.173-0500] {dag.py:2742} INFO - Sync 1 DAGs
[2023-07-22T17:31:57.244-0500] {logging_mixin.py:150} INFO - [2023-07-22T17:31:57.244-0500] {dag.py:3504} INFO - Setting next_dagrun for latest_only_with_trigger to 2023-07-22T18:31:57.243860+00:00, run_after=2023-07-22T22:31:57.243860+00:00
[2023-07-22T17:31:57.264-0500] {processor.py:179} INFO - Processing /Users/abhishekpatkar/Documents/Projects/af_file_loader/venv/lib/python3.11/site-packages/airflow/example_dags/example_latest_only_with_trigger.py took 0.737 seconds
[2023-07-22T17:35:51.880-0500] {processor.py:157} INFO - Started process (PID=23578) to work on /Users/abhishekpatkar/Documents/Projects/af_file_loader/venv/lib/python3.11/site-packages/airflow/example_dags/example_latest_only_with_trigger.py
[2023-07-22T17:35:51.885-0500] {processor.py:826} INFO - Processing file /Users/abhishekpatkar/Documents/Projects/af_file_loader/venv/lib/python3.11/site-packages/airflow/example_dags/example_latest_only_with_trigger.py for tasks to queue
[2023-07-22T17:35:51.886-0500] {logging_mixin.py:150} INFO - [2023-07-22T17:35:51.886-0500] {dagbag.py:541} INFO - Filling up the DagBag from /Users/abhishekpatkar/Documents/Projects/af_file_loader/venv/lib/python3.11/site-packages/airflow/example_dags/example_latest_only_with_trigger.py
[2023-07-22T17:35:51.905-0500] {processor.py:836} INFO - DAG(s) dict_keys(['latest_only_with_trigger']) retrieved from /Users/abhishekpatkar/Documents/Projects/af_file_loader/venv/lib/python3.11/site-packages/airflow/example_dags/example_latest_only_with_trigger.py
[2023-07-22T17:35:52.628-0500] {logging_mixin.py:150} INFO - [2023-07-22T17:35:52.571-0500] {dag.py:2742} INFO - Sync 1 DAGs
[2023-07-22T17:35:52.647-0500] {logging_mixin.py:150} INFO - [2023-07-22T17:35:52.647-0500] {dag.py:3504} INFO - Setting next_dagrun for latest_only_with_trigger to 2023-07-22T18:35:52.647298+00:00, run_after=2023-07-22T22:35:52.647298+00:00
[2023-07-22T17:35:52.669-0500] {processor.py:179} INFO - Processing /Users/abhishekpatkar/Documents/Projects/af_file_loader/venv/lib/python3.11/site-packages/airflow/example_dags/example_latest_only_with_trigger.py took 0.790 seconds
[2023-07-22T17:39:22.686-0500] {processor.py:157} INFO - Started process (PID=23715) to work on /Users/abhishekpatkar/Documents/Projects/af_file_loader/venv/lib/python3.11/site-packages/airflow/example_dags/example_latest_only_with_trigger.py
[2023-07-22T17:39:22.694-0500] {processor.py:826} INFO - Processing file /Users/abhishekpatkar/Documents/Projects/af_file_loader/venv/lib/python3.11/site-packages/airflow/example_dags/example_latest_only_with_trigger.py for tasks to queue
[2023-07-22T17:39:22.700-0500] {logging_mixin.py:150} INFO - [2023-07-22T17:39:22.700-0500] {dagbag.py:541} INFO - Filling up the DagBag from /Users/abhishekpatkar/Documents/Projects/af_file_loader/venv/lib/python3.11/site-packages/airflow/example_dags/example_latest_only_with_trigger.py
[2023-07-22T17:39:22.747-0500] {processor.py:836} INFO - DAG(s) dict_keys(['latest_only_with_trigger']) retrieved from /Users/abhishekpatkar/Documents/Projects/af_file_loader/venv/lib/python3.11/site-packages/airflow/example_dags/example_latest_only_with_trigger.py
[2023-07-22T17:39:25.067-0500] {logging_mixin.py:150} INFO - [2023-07-22T17:39:24.964-0500] {dag.py:2742} INFO - Sync 1 DAGs
[2023-07-22T17:39:25.097-0500] {logging_mixin.py:150} INFO - [2023-07-22T17:39:25.097-0500] {dag.py:3504} INFO - Setting next_dagrun for latest_only_with_trigger to 2023-07-22T18:39:25.097636+00:00, run_after=2023-07-22T22:39:25.097636+00:00
[2023-07-22T17:39:25.213-0500] {processor.py:179} INFO - Processing /Users/abhishekpatkar/Documents/Projects/af_file_loader/venv/lib/python3.11/site-packages/airflow/example_dags/example_latest_only_with_trigger.py took 2.528 seconds
[2023-07-22T17:47:53.647-0500] {processor.py:157} INFO - Started process (PID=24057) to work on /Users/abhishekpatkar/Documents/Projects/af_file_loader/venv/lib/python3.11/site-packages/airflow/example_dags/example_latest_only_with_trigger.py
[2023-07-22T17:47:53.655-0500] {processor.py:826} INFO - Processing file /Users/abhishekpatkar/Documents/Projects/af_file_loader/venv/lib/python3.11/site-packages/airflow/example_dags/example_latest_only_with_trigger.py for tasks to queue
[2023-07-22T17:47:53.655-0500] {logging_mixin.py:150} INFO - [2023-07-22T17:47:53.655-0500] {dagbag.py:541} INFO - Filling up the DagBag from /Users/abhishekpatkar/Documents/Projects/af_file_loader/venv/lib/python3.11/site-packages/airflow/example_dags/example_latest_only_with_trigger.py
[2023-07-22T17:47:53.889-0500] {processor.py:836} INFO - DAG(s) dict_keys(['latest_only_with_trigger']) retrieved from /Users/abhishekpatkar/Documents/Projects/af_file_loader/venv/lib/python3.11/site-packages/airflow/example_dags/example_latest_only_with_trigger.py
[2023-07-22T17:47:57.304-0500] {logging_mixin.py:150} INFO - [2023-07-22T17:47:57.304-0500] {dag.py:2742} INFO - Sync 1 DAGs
[2023-07-22T17:47:57.371-0500] {logging_mixin.py:150} INFO - [2023-07-22T17:47:57.371-0500] {dag.py:3504} INFO - Setting next_dagrun for latest_only_with_trigger to 2023-07-22T18:47:57.371204+00:00, run_after=2023-07-22T22:47:57.371204+00:00
[2023-07-22T17:47:57.426-0500] {processor.py:179} INFO - Processing /Users/abhishekpatkar/Documents/Projects/af_file_loader/venv/lib/python3.11/site-packages/airflow/example_dags/example_latest_only_with_trigger.py took 3.780 seconds
[2023-07-22T17:53:23.068-0500] {processor.py:157} INFO - Started process (PID=24351) to work on /Users/abhishekpatkar/Documents/Projects/af_file_loader/venv/lib/python3.11/site-packages/airflow/example_dags/example_latest_only_with_trigger.py
[2023-07-22T17:53:23.076-0500] {processor.py:826} INFO - Processing file /Users/abhishekpatkar/Documents/Projects/af_file_loader/venv/lib/python3.11/site-packages/airflow/example_dags/example_latest_only_with_trigger.py for tasks to queue
[2023-07-22T17:53:23.082-0500] {logging_mixin.py:150} INFO - [2023-07-22T17:53:23.082-0500] {dagbag.py:541} INFO - Filling up the DagBag from /Users/abhishekpatkar/Documents/Projects/af_file_loader/venv/lib/python3.11/site-packages/airflow/example_dags/example_latest_only_with_trigger.py
[2023-07-22T17:53:23.290-0500] {processor.py:836} INFO - DAG(s) dict_keys(['latest_only_with_trigger']) retrieved from /Users/abhishekpatkar/Documents/Projects/af_file_loader/venv/lib/python3.11/site-packages/airflow/example_dags/example_latest_only_with_trigger.py
[2023-07-22T17:53:25.553-0500] {logging_mixin.py:150} INFO - [2023-07-22T17:53:25.553-0500] {dag.py:2742} INFO - Sync 1 DAGs
[2023-07-22T17:53:25.604-0500] {logging_mixin.py:150} INFO - [2023-07-22T17:53:25.604-0500] {dag.py:3504} INFO - Setting next_dagrun for latest_only_with_trigger to 2023-07-22T18:53:25.603429+00:00, run_after=2023-07-22T22:53:25.603429+00:00
[2023-07-22T17:53:25.652-0500] {processor.py:179} INFO - Processing /Users/abhishekpatkar/Documents/Projects/af_file_loader/venv/lib/python3.11/site-packages/airflow/example_dags/example_latest_only_with_trigger.py took 2.585 seconds
[2023-07-22T17:59:08.002-0500] {processor.py:157} INFO - Started process (PID=24628) to work on /Users/abhishekpatkar/Documents/Projects/af_file_loader/venv/lib/python3.11/site-packages/airflow/example_dags/example_latest_only_with_trigger.py
[2023-07-22T17:59:08.010-0500] {processor.py:826} INFO - Processing file /Users/abhishekpatkar/Documents/Projects/af_file_loader/venv/lib/python3.11/site-packages/airflow/example_dags/example_latest_only_with_trigger.py for tasks to queue
[2023-07-22T17:59:08.011-0500] {logging_mixin.py:150} INFO - [2023-07-22T17:59:08.011-0500] {dagbag.py:541} INFO - Filling up the DagBag from /Users/abhishekpatkar/Documents/Projects/af_file_loader/venv/lib/python3.11/site-packages/airflow/example_dags/example_latest_only_with_trigger.py
[2023-07-22T17:59:08.101-0500] {processor.py:836} INFO - DAG(s) dict_keys(['latest_only_with_trigger']) retrieved from /Users/abhishekpatkar/Documents/Projects/af_file_loader/venv/lib/python3.11/site-packages/airflow/example_dags/example_latest_only_with_trigger.py
[2023-07-22T17:59:09.664-0500] {logging_mixin.py:150} INFO - [2023-07-22T17:59:09.664-0500] {dag.py:2742} INFO - Sync 1 DAGs
[2023-07-22T17:59:09.687-0500] {logging_mixin.py:150} INFO - [2023-07-22T17:59:09.687-0500] {dag.py:3504} INFO - Setting next_dagrun for latest_only_with_trigger to 2023-07-22T18:59:09.687280+00:00, run_after=2023-07-22T22:59:09.687280+00:00
[2023-07-22T17:59:09.719-0500] {processor.py:179} INFO - Processing /Users/abhishekpatkar/Documents/Projects/af_file_loader/venv/lib/python3.11/site-packages/airflow/example_dags/example_latest_only_with_trigger.py took 1.719 seconds
[2023-07-22T18:03:18.117-0500] {processor.py:157} INFO - Started process (PID=24790) to work on /Users/abhishekpatkar/Documents/Projects/af_file_loader/venv/lib/python3.11/site-packages/airflow/example_dags/example_latest_only_with_trigger.py
[2023-07-22T18:03:18.123-0500] {processor.py:826} INFO - Processing file /Users/abhishekpatkar/Documents/Projects/af_file_loader/venv/lib/python3.11/site-packages/airflow/example_dags/example_latest_only_with_trigger.py for tasks to queue
[2023-07-22T18:03:18.123-0500] {logging_mixin.py:150} INFO - [2023-07-22T18:03:18.123-0500] {dagbag.py:541} INFO - Filling up the DagBag from /Users/abhishekpatkar/Documents/Projects/af_file_loader/venv/lib/python3.11/site-packages/airflow/example_dags/example_latest_only_with_trigger.py
[2023-07-22T18:03:18.185-0500] {processor.py:836} INFO - DAG(s) dict_keys(['latest_only_with_trigger']) retrieved from /Users/abhishekpatkar/Documents/Projects/af_file_loader/venv/lib/python3.11/site-packages/airflow/example_dags/example_latest_only_with_trigger.py
[2023-07-22T18:03:19.440-0500] {logging_mixin.py:150} INFO - [2023-07-22T18:03:19.440-0500] {dag.py:2742} INFO - Sync 1 DAGs
[2023-07-22T18:03:19.470-0500] {logging_mixin.py:150} INFO - [2023-07-22T18:03:19.470-0500] {dag.py:3504} INFO - Setting next_dagrun for latest_only_with_trigger to 2023-07-22T19:03:19.470199+00:00, run_after=2023-07-22T23:03:19.470199+00:00
[2023-07-22T18:03:19.496-0500] {processor.py:179} INFO - Processing /Users/abhishekpatkar/Documents/Projects/af_file_loader/venv/lib/python3.11/site-packages/airflow/example_dags/example_latest_only_with_trigger.py took 1.380 seconds
[2023-07-22T18:06:30.012-0500] {processor.py:157} INFO - Started process (PID=24895) to work on /Users/abhishekpatkar/Documents/Projects/af_file_loader/venv/lib/python3.11/site-packages/airflow/example_dags/example_latest_only_with_trigger.py
[2023-07-22T18:06:30.017-0500] {processor.py:826} INFO - Processing file /Users/abhishekpatkar/Documents/Projects/af_file_loader/venv/lib/python3.11/site-packages/airflow/example_dags/example_latest_only_with_trigger.py for tasks to queue
[2023-07-22T18:06:30.018-0500] {logging_mixin.py:150} INFO - [2023-07-22T18:06:30.018-0500] {dagbag.py:541} INFO - Filling up the DagBag from /Users/abhishekpatkar/Documents/Projects/af_file_loader/venv/lib/python3.11/site-packages/airflow/example_dags/example_latest_only_with_trigger.py
[2023-07-22T18:06:30.082-0500] {processor.py:836} INFO - DAG(s) dict_keys(['latest_only_with_trigger']) retrieved from /Users/abhishekpatkar/Documents/Projects/af_file_loader/venv/lib/python3.11/site-packages/airflow/example_dags/example_latest_only_with_trigger.py
[2023-07-22T18:06:31.793-0500] {logging_mixin.py:150} INFO - [2023-07-22T18:06:31.791-0500] {dag.py:2742} INFO - Sync 1 DAGs
[2023-07-22T18:06:31.850-0500] {logging_mixin.py:150} INFO - [2023-07-22T18:06:31.849-0500] {dag.py:3504} INFO - Setting next_dagrun for latest_only_with_trigger to 2023-07-22T19:06:31.849533+00:00, run_after=2023-07-22T23:06:31.849533+00:00
[2023-07-22T18:06:31.894-0500] {processor.py:179} INFO - Processing /Users/abhishekpatkar/Documents/Projects/af_file_loader/venv/lib/python3.11/site-packages/airflow/example_dags/example_latest_only_with_trigger.py took 1.882 seconds
