[2023-07-22T14:52:24.782-0500] {processor.py:157} INFO - Started process (PID=16663) to work on /Users/abhishekpatkar/Documents/Projects/af_file_loader/venv/lib/python3.11/site-packages/airflow/example_dags/example_datasets.py
[2023-07-22T14:52:24.786-0500] {processor.py:826} INFO - Processing file /Users/abhishekpatkar/Documents/Projects/af_file_loader/venv/lib/python3.11/site-packages/airflow/example_dags/example_datasets.py for tasks to queue
[2023-07-22T14:52:24.786-0500] {logging_mixin.py:150} INFO - [2023-07-22T14:52:24.786-0500] {dagbag.py:541} INFO - Filling up the DagBag from /Users/abhishekpatkar/Documents/Projects/af_file_loader/venv/lib/python3.11/site-packages/airflow/example_dags/example_datasets.py
[2023-07-22T14:52:24.837-0500] {processor.py:836} INFO - DAG(s) dict_keys(['dataset_consumes_unknown_never_scheduled', 'dataset_consumes_1_never_scheduled', 'dataset_produces_1', 'dataset_consumes_1', 'dataset_consumes_1_and_2', 'dataset_produces_2']) retrieved from /Users/abhishekpatkar/Documents/Projects/af_file_loader/venv/lib/python3.11/site-packages/airflow/example_dags/example_datasets.py
[2023-07-22T14:52:25.933-0500] {logging_mixin.py:150} INFO - [2023-07-22T14:52:25.932-0500] {manager.py:504} INFO - Created Permission View: can delete on DAG:dataset_consumes_unknown_never_scheduled
[2023-07-22T14:52:25.954-0500] {logging_mixin.py:150} INFO - [2023-07-22T14:52:25.953-0500] {manager.py:504} INFO - Created Permission View: can read on DAG:dataset_consumes_unknown_never_scheduled
[2023-07-22T14:52:25.968-0500] {logging_mixin.py:150} INFO - [2023-07-22T14:52:25.968-0500] {manager.py:504} INFO - Created Permission View: can edit on DAG:dataset_consumes_unknown_never_scheduled
[2023-07-22T14:52:26.134-0500] {logging_mixin.py:150} INFO - [2023-07-22T14:52:26.133-0500] {manager.py:504} INFO - Created Permission View: can delete on DAG:dataset_consumes_1_never_scheduled
[2023-07-22T14:52:26.149-0500] {logging_mixin.py:150} INFO - [2023-07-22T14:52:26.148-0500] {manager.py:504} INFO - Created Permission View: can read on DAG:dataset_consumes_1_never_scheduled
[2023-07-22T14:52:26.169-0500] {logging_mixin.py:150} INFO - [2023-07-22T14:52:26.168-0500] {manager.py:504} INFO - Created Permission View: can edit on DAG:dataset_consumes_1_never_scheduled
[2023-07-22T14:52:26.231-0500] {logging_mixin.py:150} INFO - [2023-07-22T14:52:26.231-0500] {manager.py:504} INFO - Created Permission View: can delete on DAG:dataset_produces_1
[2023-07-22T14:52:26.250-0500] {logging_mixin.py:150} INFO - [2023-07-22T14:52:26.249-0500] {manager.py:504} INFO - Created Permission View: can read on DAG:dataset_produces_1
[2023-07-22T14:52:26.265-0500] {logging_mixin.py:150} INFO - [2023-07-22T14:52:26.265-0500] {manager.py:504} INFO - Created Permission View: can edit on DAG:dataset_produces_1
[2023-07-22T14:52:26.302-0500] {logging_mixin.py:150} INFO - [2023-07-22T14:52:26.302-0500] {manager.py:504} INFO - Created Permission View: can delete on DAG:dataset_consumes_1
[2023-07-22T14:52:26.314-0500] {logging_mixin.py:150} INFO - [2023-07-22T14:52:26.314-0500] {manager.py:504} INFO - Created Permission View: can read on DAG:dataset_consumes_1
[2023-07-22T14:52:26.326-0500] {logging_mixin.py:150} INFO - [2023-07-22T14:52:26.326-0500] {manager.py:504} INFO - Created Permission View: can edit on DAG:dataset_consumes_1
[2023-07-22T14:52:26.352-0500] {logging_mixin.py:150} INFO - [2023-07-22T14:52:26.351-0500] {manager.py:504} INFO - Created Permission View: can delete on DAG:dataset_consumes_1_and_2
[2023-07-22T14:52:26.361-0500] {logging_mixin.py:150} INFO - [2023-07-22T14:52:26.361-0500] {manager.py:504} INFO - Created Permission View: can read on DAG:dataset_consumes_1_and_2
[2023-07-22T14:52:26.368-0500] {logging_mixin.py:150} INFO - [2023-07-22T14:52:26.368-0500] {manager.py:504} INFO - Created Permission View: can edit on DAG:dataset_consumes_1_and_2
[2023-07-22T14:52:26.387-0500] {logging_mixin.py:150} INFO - [2023-07-22T14:52:26.387-0500] {manager.py:504} INFO - Created Permission View: can delete on DAG:dataset_produces_2
[2023-07-22T14:52:26.394-0500] {logging_mixin.py:150} INFO - [2023-07-22T14:52:26.393-0500] {manager.py:504} INFO - Created Permission View: can read on DAG:dataset_produces_2
[2023-07-22T14:52:26.402-0500] {logging_mixin.py:150} INFO - [2023-07-22T14:52:26.402-0500] {manager.py:504} INFO - Created Permission View: can edit on DAG:dataset_produces_2
[2023-07-22T14:52:26.409-0500] {logging_mixin.py:150} INFO - [2023-07-22T14:52:26.408-0500] {dag.py:2742} INFO - Sync 6 DAGs
[2023-07-22T14:52:26.417-0500] {logging_mixin.py:150} INFO - [2023-07-22T14:52:26.417-0500] {dag.py:2763} INFO - Creating ORM DAG for dataset_consumes_unknown_never_scheduled
[2023-07-22T14:52:26.418-0500] {logging_mixin.py:150} INFO - [2023-07-22T14:52:26.418-0500] {dag.py:2763} INFO - Creating ORM DAG for dataset_consumes_1_and_2
[2023-07-22T14:52:26.418-0500] {logging_mixin.py:150} INFO - [2023-07-22T14:52:26.418-0500] {dag.py:2763} INFO - Creating ORM DAG for dataset_consumes_1
[2023-07-22T14:52:26.419-0500] {logging_mixin.py:150} INFO - [2023-07-22T14:52:26.419-0500] {dag.py:2763} INFO - Creating ORM DAG for dataset_consumes_1_never_scheduled
[2023-07-22T14:52:26.419-0500] {logging_mixin.py:150} INFO - [2023-07-22T14:52:26.419-0500] {dag.py:2763} INFO - Creating ORM DAG for dataset_produces_1
[2023-07-22T14:52:26.419-0500] {logging_mixin.py:150} INFO - [2023-07-22T14:52:26.419-0500] {dag.py:2763} INFO - Creating ORM DAG for dataset_produces_2
[2023-07-22T14:52:26.427-0500] {logging_mixin.py:150} INFO - [2023-07-22T14:52:26.427-0500] {dag.py:3504} INFO - Setting next_dagrun for dataset_consumes_1 to None, run_after=None
[2023-07-22T14:52:26.428-0500] {logging_mixin.py:150} INFO - [2023-07-22T14:52:26.428-0500] {dag.py:3504} INFO - Setting next_dagrun for dataset_consumes_1_and_2 to None, run_after=None
[2023-07-22T14:52:26.428-0500] {logging_mixin.py:150} INFO - [2023-07-22T14:52:26.428-0500] {dag.py:3504} INFO - Setting next_dagrun for dataset_consumes_1_never_scheduled to None, run_after=None
[2023-07-22T14:52:26.430-0500] {logging_mixin.py:150} INFO - [2023-07-22T14:52:26.430-0500] {dag.py:3504} INFO - Setting next_dagrun for dataset_consumes_unknown_never_scheduled to None, run_after=None
[2023-07-22T14:52:26.432-0500] {logging_mixin.py:150} INFO - [2023-07-22T14:52:26.432-0500] {dag.py:3504} INFO - Setting next_dagrun for dataset_produces_1 to 2023-07-21T00:00:00+00:00, run_after=2023-07-22T00:00:00+00:00
[2023-07-22T14:52:26.433-0500] {logging_mixin.py:150} INFO - [2023-07-22T14:52:26.433-0500] {dag.py:3504} INFO - Setting next_dagrun for dataset_produces_2 to None, run_after=None
[2023-07-22T14:52:26.464-0500] {processor.py:179} INFO - Processing /Users/abhishekpatkar/Documents/Projects/af_file_loader/venv/lib/python3.11/site-packages/airflow/example_dags/example_datasets.py took 1.684 seconds
[2023-07-22T14:55:45.324-0500] {processor.py:157} INFO - Started process (PID=16919) to work on /Users/abhishekpatkar/Documents/Projects/af_file_loader/venv/lib/python3.11/site-packages/airflow/example_dags/example_datasets.py
[2023-07-22T14:55:45.334-0500] {processor.py:826} INFO - Processing file /Users/abhishekpatkar/Documents/Projects/af_file_loader/venv/lib/python3.11/site-packages/airflow/example_dags/example_datasets.py for tasks to queue
[2023-07-22T14:55:45.334-0500] {logging_mixin.py:150} INFO - [2023-07-22T14:55:45.334-0500] {dagbag.py:541} INFO - Filling up the DagBag from /Users/abhishekpatkar/Documents/Projects/af_file_loader/venv/lib/python3.11/site-packages/airflow/example_dags/example_datasets.py
[2023-07-22T14:55:45.381-0500] {processor.py:836} INFO - DAG(s) dict_keys(['dataset_consumes_1_and_2', 'dataset_produces_1', 'dataset_produces_2', 'dataset_consumes_1_never_scheduled', 'dataset_consumes_unknown_never_scheduled', 'dataset_consumes_1']) retrieved from /Users/abhishekpatkar/Documents/Projects/af_file_loader/venv/lib/python3.11/site-packages/airflow/example_dags/example_datasets.py
[2023-07-22T14:55:46.583-0500] {logging_mixin.py:150} INFO - [2023-07-22T14:55:46.583-0500] {dag.py:2742} INFO - Sync 6 DAGs
[2023-07-22T14:55:46.603-0500] {logging_mixin.py:150} INFO - [2023-07-22T14:55:46.603-0500] {dag.py:3504} INFO - Setting next_dagrun for dataset_consumes_1 to None, run_after=None
[2023-07-22T14:55:46.607-0500] {logging_mixin.py:150} INFO - [2023-07-22T14:55:46.606-0500] {dag.py:3504} INFO - Setting next_dagrun for dataset_consumes_1_and_2 to None, run_after=None
[2023-07-22T14:55:46.608-0500] {logging_mixin.py:150} INFO - [2023-07-22T14:55:46.608-0500] {dag.py:3504} INFO - Setting next_dagrun for dataset_consumes_1_never_scheduled to None, run_after=None
[2023-07-22T14:55:46.609-0500] {logging_mixin.py:150} INFO - [2023-07-22T14:55:46.609-0500] {dag.py:3504} INFO - Setting next_dagrun for dataset_consumes_unknown_never_scheduled to None, run_after=None
[2023-07-22T14:55:46.611-0500] {logging_mixin.py:150} INFO - [2023-07-22T14:55:46.611-0500] {dag.py:3504} INFO - Setting next_dagrun for dataset_produces_1 to 2023-07-21T00:00:00+00:00, run_after=2023-07-22T00:00:00+00:00
[2023-07-22T14:55:46.612-0500] {logging_mixin.py:150} INFO - [2023-07-22T14:55:46.612-0500] {dag.py:3504} INFO - Setting next_dagrun for dataset_produces_2 to None, run_after=None
[2023-07-22T14:55:46.652-0500] {processor.py:179} INFO - Processing /Users/abhishekpatkar/Documents/Projects/af_file_loader/venv/lib/python3.11/site-packages/airflow/example_dags/example_datasets.py took 1.330 seconds
[2023-07-22T15:00:39.393-0500] {processor.py:157} INFO - Started process (PID=17099) to work on /Users/abhishekpatkar/Documents/Projects/af_file_loader/venv/lib/python3.11/site-packages/airflow/example_dags/example_datasets.py
[2023-07-22T15:00:39.398-0500] {processor.py:826} INFO - Processing file /Users/abhishekpatkar/Documents/Projects/af_file_loader/venv/lib/python3.11/site-packages/airflow/example_dags/example_datasets.py for tasks to queue
[2023-07-22T15:00:39.399-0500] {logging_mixin.py:150} INFO - [2023-07-22T15:00:39.399-0500] {dagbag.py:541} INFO - Filling up the DagBag from /Users/abhishekpatkar/Documents/Projects/af_file_loader/venv/lib/python3.11/site-packages/airflow/example_dags/example_datasets.py
[2023-07-22T15:00:39.426-0500] {processor.py:836} INFO - DAG(s) dict_keys(['dataset_consumes_1_and_2', 'dataset_consumes_1_never_scheduled', 'dataset_consumes_1', 'dataset_consumes_unknown_never_scheduled', 'dataset_produces_1', 'dataset_produces_2']) retrieved from /Users/abhishekpatkar/Documents/Projects/af_file_loader/venv/lib/python3.11/site-packages/airflow/example_dags/example_datasets.py
[2023-07-22T15:00:40.392-0500] {logging_mixin.py:150} INFO - [2023-07-22T15:00:40.390-0500] {dag.py:2742} INFO - Sync 6 DAGs
[2023-07-22T15:00:40.416-0500] {logging_mixin.py:150} INFO - [2023-07-22T15:00:40.416-0500] {dag.py:3504} INFO - Setting next_dagrun for dataset_consumes_1 to None, run_after=None
[2023-07-22T15:00:40.419-0500] {logging_mixin.py:150} INFO - [2023-07-22T15:00:40.419-0500] {dag.py:3504} INFO - Setting next_dagrun for dataset_consumes_1_and_2 to None, run_after=None
[2023-07-22T15:00:40.420-0500] {logging_mixin.py:150} INFO - [2023-07-22T15:00:40.420-0500] {dag.py:3504} INFO - Setting next_dagrun for dataset_consumes_1_never_scheduled to None, run_after=None
[2023-07-22T15:00:40.421-0500] {logging_mixin.py:150} INFO - [2023-07-22T15:00:40.420-0500] {dag.py:3504} INFO - Setting next_dagrun for dataset_consumes_unknown_never_scheduled to None, run_after=None
[2023-07-22T15:00:40.425-0500] {logging_mixin.py:150} INFO - [2023-07-22T15:00:40.424-0500] {dag.py:3504} INFO - Setting next_dagrun for dataset_produces_1 to 2023-07-21T00:00:00+00:00, run_after=2023-07-22T00:00:00+00:00
[2023-07-22T15:00:40.426-0500] {logging_mixin.py:150} INFO - [2023-07-22T15:00:40.426-0500] {dag.py:3504} INFO - Setting next_dagrun for dataset_produces_2 to None, run_after=None
[2023-07-22T15:00:40.462-0500] {processor.py:179} INFO - Processing /Users/abhishekpatkar/Documents/Projects/af_file_loader/venv/lib/python3.11/site-packages/airflow/example_dags/example_datasets.py took 1.070 seconds
[2023-07-22T15:05:59.514-0500] {processor.py:157} INFO - Started process (PID=17614) to work on /Users/abhishekpatkar/Documents/Projects/af_file_loader/venv/lib/python3.11/site-packages/airflow/example_dags/example_datasets.py
[2023-07-22T15:05:59.567-0500] {processor.py:826} INFO - Processing file /Users/abhishekpatkar/Documents/Projects/af_file_loader/venv/lib/python3.11/site-packages/airflow/example_dags/example_datasets.py for tasks to queue
[2023-07-22T15:05:59.568-0500] {logging_mixin.py:150} INFO - [2023-07-22T15:05:59.568-0500] {dagbag.py:541} INFO - Filling up the DagBag from /Users/abhishekpatkar/Documents/Projects/af_file_loader/venv/lib/python3.11/site-packages/airflow/example_dags/example_datasets.py
[2023-07-22T15:05:59.733-0500] {processor.py:836} INFO - DAG(s) dict_keys(['dataset_consumes_1_and_2', 'dataset_consumes_1_never_scheduled', 'dataset_consumes_1', 'dataset_produces_2', 'dataset_produces_1', 'dataset_consumes_unknown_never_scheduled']) retrieved from /Users/abhishekpatkar/Documents/Projects/af_file_loader/venv/lib/python3.11/site-packages/airflow/example_dags/example_datasets.py
[2023-07-22T15:06:03.269-0500] {logging_mixin.py:150} INFO - [2023-07-22T15:06:03.267-0500] {dag.py:2742} INFO - Sync 6 DAGs
[2023-07-22T15:06:03.374-0500] {logging_mixin.py:150} INFO - [2023-07-22T15:06:03.374-0500] {dag.py:3504} INFO - Setting next_dagrun for dataset_consumes_1 to None, run_after=None
[2023-07-22T15:06:03.393-0500] {logging_mixin.py:150} INFO - [2023-07-22T15:06:03.393-0500] {dag.py:3504} INFO - Setting next_dagrun for dataset_consumes_1_and_2 to None, run_after=None
[2023-07-22T15:06:03.399-0500] {logging_mixin.py:150} INFO - [2023-07-22T15:06:03.398-0500] {dag.py:3504} INFO - Setting next_dagrun for dataset_consumes_1_never_scheduled to None, run_after=None
[2023-07-22T15:06:03.407-0500] {logging_mixin.py:150} INFO - [2023-07-22T15:06:03.407-0500] {dag.py:3504} INFO - Setting next_dagrun for dataset_consumes_unknown_never_scheduled to None, run_after=None
[2023-07-22T15:06:03.412-0500] {logging_mixin.py:150} INFO - [2023-07-22T15:06:03.412-0500] {dag.py:3504} INFO - Setting next_dagrun for dataset_produces_1 to 2023-07-21T00:00:00+00:00, run_after=2023-07-22T00:00:00+00:00
[2023-07-22T15:06:03.414-0500] {logging_mixin.py:150} INFO - [2023-07-22T15:06:03.414-0500] {dag.py:3504} INFO - Setting next_dagrun for dataset_produces_2 to None, run_after=None
[2023-07-22T15:06:03.575-0500] {processor.py:179} INFO - Processing /Users/abhishekpatkar/Documents/Projects/af_file_loader/venv/lib/python3.11/site-packages/airflow/example_dags/example_datasets.py took 4.062 seconds
[2023-07-22T15:14:13.654-0500] {processor.py:157} INFO - Started process (PID=17927) to work on /Users/abhishekpatkar/Documents/Projects/af_file_loader/venv/lib/python3.11/site-packages/airflow/example_dags/example_datasets.py
[2023-07-22T15:14:13.661-0500] {processor.py:826} INFO - Processing file /Users/abhishekpatkar/Documents/Projects/af_file_loader/venv/lib/python3.11/site-packages/airflow/example_dags/example_datasets.py for tasks to queue
[2023-07-22T15:14:13.661-0500] {logging_mixin.py:150} INFO - [2023-07-22T15:14:13.661-0500] {dagbag.py:541} INFO - Filling up the DagBag from /Users/abhishekpatkar/Documents/Projects/af_file_loader/venv/lib/python3.11/site-packages/airflow/example_dags/example_datasets.py
[2023-07-22T15:14:13.689-0500] {processor.py:836} INFO - DAG(s) dict_keys(['dataset_consumes_1_never_scheduled', 'dataset_produces_2', 'dataset_produces_1', 'dataset_consumes_1', 'dataset_consumes_1_and_2', 'dataset_consumes_unknown_never_scheduled']) retrieved from /Users/abhishekpatkar/Documents/Projects/af_file_loader/venv/lib/python3.11/site-packages/airflow/example_dags/example_datasets.py
[2023-07-22T15:14:14.633-0500] {logging_mixin.py:150} INFO - [2023-07-22T15:14:14.632-0500] {dag.py:2742} INFO - Sync 6 DAGs
[2023-07-22T15:14:14.671-0500] {logging_mixin.py:150} INFO - [2023-07-22T15:14:14.670-0500] {dag.py:3504} INFO - Setting next_dagrun for dataset_consumes_1 to None, run_after=None
[2023-07-22T15:14:14.675-0500] {logging_mixin.py:150} INFO - [2023-07-22T15:14:14.675-0500] {dag.py:3504} INFO - Setting next_dagrun for dataset_consumes_1_and_2 to None, run_after=None
[2023-07-22T15:14:14.677-0500] {logging_mixin.py:150} INFO - [2023-07-22T15:14:14.677-0500] {dag.py:3504} INFO - Setting next_dagrun for dataset_consumes_1_never_scheduled to None, run_after=None
[2023-07-22T15:14:14.679-0500] {logging_mixin.py:150} INFO - [2023-07-22T15:14:14.678-0500] {dag.py:3504} INFO - Setting next_dagrun for dataset_consumes_unknown_never_scheduled to None, run_after=None
[2023-07-22T15:14:14.683-0500] {logging_mixin.py:150} INFO - [2023-07-22T15:14:14.683-0500] {dag.py:3504} INFO - Setting next_dagrun for dataset_produces_1 to 2023-07-21T00:00:00+00:00, run_after=2023-07-22T00:00:00+00:00
[2023-07-22T15:14:14.685-0500] {logging_mixin.py:150} INFO - [2023-07-22T15:14:14.685-0500] {dag.py:3504} INFO - Setting next_dagrun for dataset_produces_2 to None, run_after=None
[2023-07-22T15:14:14.745-0500] {processor.py:179} INFO - Processing /Users/abhishekpatkar/Documents/Projects/af_file_loader/venv/lib/python3.11/site-packages/airflow/example_dags/example_datasets.py took 1.093 seconds
[2023-07-22T15:20:05.907-0500] {processor.py:157} INFO - Started process (PID=18135) to work on /Users/abhishekpatkar/Documents/Projects/af_file_loader/venv/lib/python3.11/site-packages/airflow/example_dags/example_datasets.py
[2023-07-22T15:20:05.918-0500] {processor.py:826} INFO - Processing file /Users/abhishekpatkar/Documents/Projects/af_file_loader/venv/lib/python3.11/site-packages/airflow/example_dags/example_datasets.py for tasks to queue
[2023-07-22T15:20:05.918-0500] {logging_mixin.py:150} INFO - [2023-07-22T15:20:05.918-0500] {dagbag.py:541} INFO - Filling up the DagBag from /Users/abhishekpatkar/Documents/Projects/af_file_loader/venv/lib/python3.11/site-packages/airflow/example_dags/example_datasets.py
[2023-07-22T15:20:05.959-0500] {processor.py:836} INFO - DAG(s) dict_keys(['dataset_produces_2', 'dataset_consumes_1_never_scheduled', 'dataset_consumes_1_and_2', 'dataset_produces_1', 'dataset_consumes_unknown_never_scheduled', 'dataset_consumes_1']) retrieved from /Users/abhishekpatkar/Documents/Projects/af_file_loader/venv/lib/python3.11/site-packages/airflow/example_dags/example_datasets.py
[2023-07-22T15:20:06.889-0500] {logging_mixin.py:150} INFO - [2023-07-22T15:20:06.889-0500] {dag.py:2742} INFO - Sync 6 DAGs
[2023-07-22T15:20:06.917-0500] {logging_mixin.py:150} INFO - [2023-07-22T15:20:06.917-0500] {dag.py:3504} INFO - Setting next_dagrun for dataset_consumes_1 to None, run_after=None
[2023-07-22T15:20:06.921-0500] {logging_mixin.py:150} INFO - [2023-07-22T15:20:06.921-0500] {dag.py:3504} INFO - Setting next_dagrun for dataset_consumes_1_and_2 to None, run_after=None
[2023-07-22T15:20:06.924-0500] {logging_mixin.py:150} INFO - [2023-07-22T15:20:06.924-0500] {dag.py:3504} INFO - Setting next_dagrun for dataset_consumes_1_never_scheduled to None, run_after=None
[2023-07-22T15:20:06.926-0500] {logging_mixin.py:150} INFO - [2023-07-22T15:20:06.925-0500] {dag.py:3504} INFO - Setting next_dagrun for dataset_consumes_unknown_never_scheduled to None, run_after=None
[2023-07-22T15:20:06.932-0500] {logging_mixin.py:150} INFO - [2023-07-22T15:20:06.932-0500] {dag.py:3504} INFO - Setting next_dagrun for dataset_produces_1 to 2023-07-21T00:00:00+00:00, run_after=2023-07-22T00:00:00+00:00
[2023-07-22T15:20:06.933-0500] {logging_mixin.py:150} INFO - [2023-07-22T15:20:06.933-0500] {dag.py:3504} INFO - Setting next_dagrun for dataset_produces_2 to None, run_after=None
[2023-07-22T15:20:06.984-0500] {processor.py:179} INFO - Processing /Users/abhishekpatkar/Documents/Projects/af_file_loader/venv/lib/python3.11/site-packages/airflow/example_dags/example_datasets.py took 1.078 seconds
[2023-07-22T15:24:49.104-0500] {processor.py:157} INFO - Started process (PID=18320) to work on /Users/abhishekpatkar/Documents/Projects/af_file_loader/venv/lib/python3.11/site-packages/airflow/example_dags/example_datasets.py
[2023-07-22T15:24:49.109-0500] {processor.py:826} INFO - Processing file /Users/abhishekpatkar/Documents/Projects/af_file_loader/venv/lib/python3.11/site-packages/airflow/example_dags/example_datasets.py for tasks to queue
[2023-07-22T15:24:49.109-0500] {logging_mixin.py:150} INFO - [2023-07-22T15:24:49.109-0500] {dagbag.py:541} INFO - Filling up the DagBag from /Users/abhishekpatkar/Documents/Projects/af_file_loader/venv/lib/python3.11/site-packages/airflow/example_dags/example_datasets.py
[2023-07-22T15:24:49.133-0500] {processor.py:836} INFO - DAG(s) dict_keys(['dataset_consumes_1_and_2', 'dataset_consumes_1', 'dataset_produces_2', 'dataset_consumes_1_never_scheduled', 'dataset_produces_1', 'dataset_consumes_unknown_never_scheduled']) retrieved from /Users/abhishekpatkar/Documents/Projects/af_file_loader/venv/lib/python3.11/site-packages/airflow/example_dags/example_datasets.py
[2023-07-22T15:24:49.947-0500] {logging_mixin.py:150} INFO - [2023-07-22T15:24:49.947-0500] {dag.py:2742} INFO - Sync 6 DAGs
[2023-07-22T15:24:49.965-0500] {logging_mixin.py:150} INFO - [2023-07-22T15:24:49.964-0500] {dag.py:3504} INFO - Setting next_dagrun for dataset_consumes_1 to None, run_after=None
[2023-07-22T15:24:49.967-0500] {logging_mixin.py:150} INFO - [2023-07-22T15:24:49.967-0500] {dag.py:3504} INFO - Setting next_dagrun for dataset_consumes_1_and_2 to None, run_after=None
[2023-07-22T15:24:49.968-0500] {logging_mixin.py:150} INFO - [2023-07-22T15:24:49.968-0500] {dag.py:3504} INFO - Setting next_dagrun for dataset_consumes_1_never_scheduled to None, run_after=None
[2023-07-22T15:24:49.969-0500] {logging_mixin.py:150} INFO - [2023-07-22T15:24:49.969-0500] {dag.py:3504} INFO - Setting next_dagrun for dataset_consumes_unknown_never_scheduled to None, run_after=None
[2023-07-22T15:24:49.972-0500] {logging_mixin.py:150} INFO - [2023-07-22T15:24:49.972-0500] {dag.py:3504} INFO - Setting next_dagrun for dataset_produces_1 to 2023-07-21T00:00:00+00:00, run_after=2023-07-22T00:00:00+00:00
[2023-07-22T15:24:49.973-0500] {logging_mixin.py:150} INFO - [2023-07-22T15:24:49.973-0500] {dag.py:3504} INFO - Setting next_dagrun for dataset_produces_2 to None, run_after=None
[2023-07-22T15:24:50.000-0500] {processor.py:179} INFO - Processing /Users/abhishekpatkar/Documents/Projects/af_file_loader/venv/lib/python3.11/site-packages/airflow/example_dags/example_datasets.py took 0.897 seconds
[2023-07-22T15:31:11.931-0500] {processor.py:157} INFO - Started process (PID=18789) to work on /Users/abhishekpatkar/Documents/Projects/af_file_loader/venv/lib/python3.11/site-packages/airflow/example_dags/example_datasets.py
[2023-07-22T15:31:11.936-0500] {processor.py:826} INFO - Processing file /Users/abhishekpatkar/Documents/Projects/af_file_loader/venv/lib/python3.11/site-packages/airflow/example_dags/example_datasets.py for tasks to queue
[2023-07-22T15:31:11.936-0500] {logging_mixin.py:150} INFO - [2023-07-22T15:31:11.936-0500] {dagbag.py:541} INFO - Filling up the DagBag from /Users/abhishekpatkar/Documents/Projects/af_file_loader/venv/lib/python3.11/site-packages/airflow/example_dags/example_datasets.py
[2023-07-22T15:31:11.982-0500] {processor.py:836} INFO - DAG(s) dict_keys(['dataset_consumes_1_and_2', 'dataset_produces_2', 'dataset_produces_1', 'dataset_consumes_unknown_never_scheduled', 'dataset_consumes_1', 'dataset_consumes_1_never_scheduled']) retrieved from /Users/abhishekpatkar/Documents/Projects/af_file_loader/venv/lib/python3.11/site-packages/airflow/example_dags/example_datasets.py
[2023-07-22T15:31:12.900-0500] {logging_mixin.py:150} INFO - [2023-07-22T15:31:12.900-0500] {dag.py:2742} INFO - Sync 6 DAGs
[2023-07-22T15:31:12.921-0500] {logging_mixin.py:150} INFO - [2023-07-22T15:31:12.921-0500] {dag.py:3504} INFO - Setting next_dagrun for dataset_consumes_1 to None, run_after=None
[2023-07-22T15:31:12.926-0500] {logging_mixin.py:150} INFO - [2023-07-22T15:31:12.926-0500] {dag.py:3504} INFO - Setting next_dagrun for dataset_consumes_1_and_2 to None, run_after=None
[2023-07-22T15:31:12.930-0500] {logging_mixin.py:150} INFO - [2023-07-22T15:31:12.929-0500] {dag.py:3504} INFO - Setting next_dagrun for dataset_consumes_1_never_scheduled to None, run_after=None
[2023-07-22T15:31:12.935-0500] {logging_mixin.py:150} INFO - [2023-07-22T15:31:12.935-0500] {dag.py:3504} INFO - Setting next_dagrun for dataset_consumes_unknown_never_scheduled to None, run_after=None
[2023-07-22T15:31:12.938-0500] {logging_mixin.py:150} INFO - [2023-07-22T15:31:12.938-0500] {dag.py:3504} INFO - Setting next_dagrun for dataset_produces_1 to 2023-07-21T00:00:00+00:00, run_after=2023-07-22T00:00:00+00:00
[2023-07-22T15:31:12.939-0500] {logging_mixin.py:150} INFO - [2023-07-22T15:31:12.939-0500] {dag.py:3504} INFO - Setting next_dagrun for dataset_produces_2 to None, run_after=None
[2023-07-22T15:31:12.990-0500] {processor.py:179} INFO - Processing /Users/abhishekpatkar/Documents/Projects/af_file_loader/venv/lib/python3.11/site-packages/airflow/example_dags/example_datasets.py took 1.061 seconds
[2023-07-22T15:35:01.023-0500] {processor.py:157} INFO - Started process (PID=18938) to work on /Users/abhishekpatkar/Documents/Projects/af_file_loader/venv/lib/python3.11/site-packages/airflow/example_dags/example_datasets.py
[2023-07-22T15:35:01.027-0500] {processor.py:826} INFO - Processing file /Users/abhishekpatkar/Documents/Projects/af_file_loader/venv/lib/python3.11/site-packages/airflow/example_dags/example_datasets.py for tasks to queue
[2023-07-22T15:35:01.028-0500] {logging_mixin.py:150} INFO - [2023-07-22T15:35:01.027-0500] {dagbag.py:541} INFO - Filling up the DagBag from /Users/abhishekpatkar/Documents/Projects/af_file_loader/venv/lib/python3.11/site-packages/airflow/example_dags/example_datasets.py
[2023-07-22T15:35:01.053-0500] {processor.py:836} INFO - DAG(s) dict_keys(['dataset_produces_1', 'dataset_consumes_1_and_2', 'dataset_consumes_1_never_scheduled', 'dataset_produces_2', 'dataset_consumes_unknown_never_scheduled', 'dataset_consumes_1']) retrieved from /Users/abhishekpatkar/Documents/Projects/af_file_loader/venv/lib/python3.11/site-packages/airflow/example_dags/example_datasets.py
[2023-07-22T15:35:01.738-0500] {logging_mixin.py:150} INFO - [2023-07-22T15:35:01.737-0500] {dag.py:2742} INFO - Sync 6 DAGs
[2023-07-22T15:35:01.760-0500] {logging_mixin.py:150} INFO - [2023-07-22T15:35:01.760-0500] {dag.py:3504} INFO - Setting next_dagrun for dataset_consumes_1 to None, run_after=None
[2023-07-22T15:35:01.763-0500] {logging_mixin.py:150} INFO - [2023-07-22T15:35:01.763-0500] {dag.py:3504} INFO - Setting next_dagrun for dataset_consumes_1_and_2 to None, run_after=None
[2023-07-22T15:35:01.764-0500] {logging_mixin.py:150} INFO - [2023-07-22T15:35:01.764-0500] {dag.py:3504} INFO - Setting next_dagrun for dataset_consumes_1_never_scheduled to None, run_after=None
[2023-07-22T15:35:01.766-0500] {logging_mixin.py:150} INFO - [2023-07-22T15:35:01.766-0500] {dag.py:3504} INFO - Setting next_dagrun for dataset_consumes_unknown_never_scheduled to None, run_after=None
[2023-07-22T15:35:01.771-0500] {logging_mixin.py:150} INFO - [2023-07-22T15:35:01.770-0500] {dag.py:3504} INFO - Setting next_dagrun for dataset_produces_1 to 2023-07-21T00:00:00+00:00, run_after=2023-07-22T00:00:00+00:00
[2023-07-22T15:35:01.772-0500] {logging_mixin.py:150} INFO - [2023-07-22T15:35:01.771-0500] {dag.py:3504} INFO - Setting next_dagrun for dataset_produces_2 to None, run_after=None
[2023-07-22T15:35:01.801-0500] {processor.py:179} INFO - Processing /Users/abhishekpatkar/Documents/Projects/af_file_loader/venv/lib/python3.11/site-packages/airflow/example_dags/example_datasets.py took 0.779 seconds
[2023-07-22T15:48:44.089-0500] {processor.py:157} INFO - Started process (PID=19451) to work on /Users/abhishekpatkar/Documents/Projects/af_file_loader/venv/lib/python3.11/site-packages/airflow/example_dags/example_datasets.py
[2023-07-22T15:48:44.093-0500] {processor.py:826} INFO - Processing file /Users/abhishekpatkar/Documents/Projects/af_file_loader/venv/lib/python3.11/site-packages/airflow/example_dags/example_datasets.py for tasks to queue
[2023-07-22T15:48:44.094-0500] {logging_mixin.py:150} INFO - [2023-07-22T15:48:44.093-0500] {dagbag.py:541} INFO - Filling up the DagBag from /Users/abhishekpatkar/Documents/Projects/af_file_loader/venv/lib/python3.11/site-packages/airflow/example_dags/example_datasets.py
[2023-07-22T15:48:44.122-0500] {processor.py:836} INFO - DAG(s) dict_keys(['dataset_produces_2', 'dataset_consumes_1_never_scheduled', 'dataset_consumes_1', 'dataset_consumes_1_and_2', 'dataset_produces_1', 'dataset_consumes_unknown_never_scheduled']) retrieved from /Users/abhishekpatkar/Documents/Projects/af_file_loader/venv/lib/python3.11/site-packages/airflow/example_dags/example_datasets.py
[2023-07-22T15:48:44.967-0500] {logging_mixin.py:150} INFO - [2023-07-22T15:48:44.965-0500] {dag.py:2742} INFO - Sync 6 DAGs
[2023-07-22T15:48:44.989-0500] {logging_mixin.py:150} INFO - [2023-07-22T15:48:44.989-0500] {dag.py:3504} INFO - Setting next_dagrun for dataset_consumes_1 to None, run_after=None
[2023-07-22T15:48:44.992-0500] {logging_mixin.py:150} INFO - [2023-07-22T15:48:44.992-0500] {dag.py:3504} INFO - Setting next_dagrun for dataset_consumes_1_and_2 to None, run_after=None
[2023-07-22T15:48:44.994-0500] {logging_mixin.py:150} INFO - [2023-07-22T15:48:44.994-0500] {dag.py:3504} INFO - Setting next_dagrun for dataset_consumes_1_never_scheduled to None, run_after=None
[2023-07-22T15:48:44.995-0500] {logging_mixin.py:150} INFO - [2023-07-22T15:48:44.995-0500] {dag.py:3504} INFO - Setting next_dagrun for dataset_consumes_unknown_never_scheduled to None, run_after=None
[2023-07-22T15:48:44.997-0500] {logging_mixin.py:150} INFO - [2023-07-22T15:48:44.997-0500] {dag.py:3504} INFO - Setting next_dagrun for dataset_produces_1 to 2023-07-21T00:00:00+00:00, run_after=2023-07-22T00:00:00+00:00
[2023-07-22T15:48:44.998-0500] {logging_mixin.py:150} INFO - [2023-07-22T15:48:44.998-0500] {dag.py:3504} INFO - Setting next_dagrun for dataset_produces_2 to None, run_after=None
[2023-07-22T15:48:45.037-0500] {processor.py:179} INFO - Processing /Users/abhishekpatkar/Documents/Projects/af_file_loader/venv/lib/python3.11/site-packages/airflow/example_dags/example_datasets.py took 0.949 seconds
[2023-07-22T15:53:54.920-0500] {processor.py:157} INFO - Started process (PID=19872) to work on /Users/abhishekpatkar/Documents/Projects/af_file_loader/venv/lib/python3.11/site-packages/airflow/example_dags/example_datasets.py
[2023-07-22T15:53:54.925-0500] {processor.py:826} INFO - Processing file /Users/abhishekpatkar/Documents/Projects/af_file_loader/venv/lib/python3.11/site-packages/airflow/example_dags/example_datasets.py for tasks to queue
[2023-07-22T15:53:54.926-0500] {logging_mixin.py:150} INFO - [2023-07-22T15:53:54.926-0500] {dagbag.py:541} INFO - Filling up the DagBag from /Users/abhishekpatkar/Documents/Projects/af_file_loader/venv/lib/python3.11/site-packages/airflow/example_dags/example_datasets.py
[2023-07-22T15:53:54.958-0500] {processor.py:836} INFO - DAG(s) dict_keys(['dataset_consumes_1', 'dataset_produces_1', 'dataset_consumes_unknown_never_scheduled', 'dataset_produces_2', 'dataset_consumes_1_and_2', 'dataset_consumes_1_never_scheduled']) retrieved from /Users/abhishekpatkar/Documents/Projects/af_file_loader/venv/lib/python3.11/site-packages/airflow/example_dags/example_datasets.py
[2023-07-22T15:53:55.948-0500] {logging_mixin.py:150} INFO - [2023-07-22T15:53:55.948-0500] {dag.py:2742} INFO - Sync 6 DAGs
[2023-07-22T15:53:55.967-0500] {logging_mixin.py:150} INFO - [2023-07-22T15:53:55.967-0500] {dag.py:3504} INFO - Setting next_dagrun for dataset_consumes_1 to None, run_after=None
[2023-07-22T15:53:55.970-0500] {logging_mixin.py:150} INFO - [2023-07-22T15:53:55.970-0500] {dag.py:3504} INFO - Setting next_dagrun for dataset_consumes_1_and_2 to None, run_after=None
[2023-07-22T15:53:55.972-0500] {logging_mixin.py:150} INFO - [2023-07-22T15:53:55.972-0500] {dag.py:3504} INFO - Setting next_dagrun for dataset_consumes_1_never_scheduled to None, run_after=None
[2023-07-22T15:53:55.975-0500] {logging_mixin.py:150} INFO - [2023-07-22T15:53:55.973-0500] {dag.py:3504} INFO - Setting next_dagrun for dataset_consumes_unknown_never_scheduled to None, run_after=None
[2023-07-22T15:53:55.980-0500] {logging_mixin.py:150} INFO - [2023-07-22T15:53:55.979-0500] {dag.py:3504} INFO - Setting next_dagrun for dataset_produces_1 to 2023-07-21T00:00:00+00:00, run_after=2023-07-22T00:00:00+00:00
[2023-07-22T15:53:55.983-0500] {logging_mixin.py:150} INFO - [2023-07-22T15:53:55.983-0500] {dag.py:3504} INFO - Setting next_dagrun for dataset_produces_2 to None, run_after=None
[2023-07-22T15:53:56.037-0500] {processor.py:179} INFO - Processing /Users/abhishekpatkar/Documents/Projects/af_file_loader/venv/lib/python3.11/site-packages/airflow/example_dags/example_datasets.py took 1.118 seconds
[2023-07-22T15:59:08.359-0500] {processor.py:157} INFO - Started process (PID=20267) to work on /Users/abhishekpatkar/Documents/Projects/af_file_loader/venv/lib/python3.11/site-packages/airflow/example_dags/example_datasets.py
[2023-07-22T15:59:08.364-0500] {processor.py:826} INFO - Processing file /Users/abhishekpatkar/Documents/Projects/af_file_loader/venv/lib/python3.11/site-packages/airflow/example_dags/example_datasets.py for tasks to queue
[2023-07-22T15:59:08.365-0500] {logging_mixin.py:150} INFO - [2023-07-22T15:59:08.365-0500] {dagbag.py:541} INFO - Filling up the DagBag from /Users/abhishekpatkar/Documents/Projects/af_file_loader/venv/lib/python3.11/site-packages/airflow/example_dags/example_datasets.py
[2023-07-22T15:59:08.396-0500] {processor.py:836} INFO - DAG(s) dict_keys(['dataset_produces_1', 'dataset_consumes_1', 'dataset_produces_2', 'dataset_consumes_1_never_scheduled', 'dataset_consumes_1_and_2', 'dataset_consumes_unknown_never_scheduled']) retrieved from /Users/abhishekpatkar/Documents/Projects/af_file_loader/venv/lib/python3.11/site-packages/airflow/example_dags/example_datasets.py
[2023-07-22T15:59:09.473-0500] {logging_mixin.py:150} INFO - [2023-07-22T15:59:09.472-0500] {dag.py:2742} INFO - Sync 6 DAGs
[2023-07-22T15:59:09.495-0500] {logging_mixin.py:150} INFO - [2023-07-22T15:59:09.495-0500] {dag.py:3504} INFO - Setting next_dagrun for dataset_consumes_1 to None, run_after=None
[2023-07-22T15:59:09.500-0500] {logging_mixin.py:150} INFO - [2023-07-22T15:59:09.500-0500] {dag.py:3504} INFO - Setting next_dagrun for dataset_consumes_1_and_2 to None, run_after=None
[2023-07-22T15:59:09.502-0500] {logging_mixin.py:150} INFO - [2023-07-22T15:59:09.501-0500] {dag.py:3504} INFO - Setting next_dagrun for dataset_consumes_1_never_scheduled to None, run_after=None
[2023-07-22T15:59:09.502-0500] {logging_mixin.py:150} INFO - [2023-07-22T15:59:09.502-0500] {dag.py:3504} INFO - Setting next_dagrun for dataset_consumes_unknown_never_scheduled to None, run_after=None
[2023-07-22T15:59:09.505-0500] {logging_mixin.py:150} INFO - [2023-07-22T15:59:09.505-0500] {dag.py:3504} INFO - Setting next_dagrun for dataset_produces_1 to 2023-07-21T00:00:00+00:00, run_after=2023-07-22T00:00:00+00:00
[2023-07-22T15:59:09.506-0500] {logging_mixin.py:150} INFO - [2023-07-22T15:59:09.506-0500] {dag.py:3504} INFO - Setting next_dagrun for dataset_produces_2 to None, run_after=None
[2023-07-22T15:59:09.545-0500] {processor.py:179} INFO - Processing /Users/abhishekpatkar/Documents/Projects/af_file_loader/venv/lib/python3.11/site-packages/airflow/example_dags/example_datasets.py took 1.188 seconds
[2023-07-22T16:03:40.426-0500] {processor.py:157} INFO - Started process (PID=20432) to work on /Users/abhishekpatkar/Documents/Projects/af_file_loader/venv/lib/python3.11/site-packages/airflow/example_dags/example_datasets.py
[2023-07-22T16:03:40.430-0500] {processor.py:826} INFO - Processing file /Users/abhishekpatkar/Documents/Projects/af_file_loader/venv/lib/python3.11/site-packages/airflow/example_dags/example_datasets.py for tasks to queue
[2023-07-22T16:03:40.431-0500] {logging_mixin.py:150} INFO - [2023-07-22T16:03:40.431-0500] {dagbag.py:541} INFO - Filling up the DagBag from /Users/abhishekpatkar/Documents/Projects/af_file_loader/venv/lib/python3.11/site-packages/airflow/example_dags/example_datasets.py
[2023-07-22T16:03:40.453-0500] {processor.py:836} INFO - DAG(s) dict_keys(['dataset_produces_1', 'dataset_consumes_1', 'dataset_consumes_unknown_never_scheduled', 'dataset_consumes_1_and_2', 'dataset_consumes_1_never_scheduled', 'dataset_produces_2']) retrieved from /Users/abhishekpatkar/Documents/Projects/af_file_loader/venv/lib/python3.11/site-packages/airflow/example_dags/example_datasets.py
[2023-07-22T16:03:41.093-0500] {logging_mixin.py:150} INFO - [2023-07-22T16:03:41.092-0500] {dag.py:2742} INFO - Sync 6 DAGs
[2023-07-22T16:03:41.110-0500] {logging_mixin.py:150} INFO - [2023-07-22T16:03:41.110-0500] {dag.py:3504} INFO - Setting next_dagrun for dataset_consumes_1 to None, run_after=None
[2023-07-22T16:03:41.113-0500] {logging_mixin.py:150} INFO - [2023-07-22T16:03:41.113-0500] {dag.py:3504} INFO - Setting next_dagrun for dataset_consumes_1_and_2 to None, run_after=None
[2023-07-22T16:03:41.114-0500] {logging_mixin.py:150} INFO - [2023-07-22T16:03:41.114-0500] {dag.py:3504} INFO - Setting next_dagrun for dataset_consumes_1_never_scheduled to None, run_after=None
[2023-07-22T16:03:41.115-0500] {logging_mixin.py:150} INFO - [2023-07-22T16:03:41.115-0500] {dag.py:3504} INFO - Setting next_dagrun for dataset_consumes_unknown_never_scheduled to None, run_after=None
[2023-07-22T16:03:41.117-0500] {logging_mixin.py:150} INFO - [2023-07-22T16:03:41.117-0500] {dag.py:3504} INFO - Setting next_dagrun for dataset_produces_1 to 2023-07-21T00:00:00+00:00, run_after=2023-07-22T00:00:00+00:00
[2023-07-22T16:03:41.118-0500] {logging_mixin.py:150} INFO - [2023-07-22T16:03:41.118-0500] {dag.py:3504} INFO - Setting next_dagrun for dataset_produces_2 to None, run_after=None
[2023-07-22T16:03:41.144-0500] {processor.py:179} INFO - Processing /Users/abhishekpatkar/Documents/Projects/af_file_loader/venv/lib/python3.11/site-packages/airflow/example_dags/example_datasets.py took 0.719 seconds
[2023-07-22T16:07:17.560-0500] {processor.py:157} INFO - Started process (PID=20608) to work on /Users/abhishekpatkar/Documents/Projects/af_file_loader/venv/lib/python3.11/site-packages/airflow/example_dags/example_datasets.py
[2023-07-22T16:07:17.565-0500] {processor.py:826} INFO - Processing file /Users/abhishekpatkar/Documents/Projects/af_file_loader/venv/lib/python3.11/site-packages/airflow/example_dags/example_datasets.py for tasks to queue
[2023-07-22T16:07:17.565-0500] {logging_mixin.py:150} INFO - [2023-07-22T16:07:17.565-0500] {dagbag.py:541} INFO - Filling up the DagBag from /Users/abhishekpatkar/Documents/Projects/af_file_loader/venv/lib/python3.11/site-packages/airflow/example_dags/example_datasets.py
[2023-07-22T16:07:17.591-0500] {processor.py:836} INFO - DAG(s) dict_keys(['dataset_produces_2', 'dataset_produces_1', 'dataset_consumes_unknown_never_scheduled', 'dataset_consumes_1', 'dataset_consumes_1_and_2', 'dataset_consumes_1_never_scheduled']) retrieved from /Users/abhishekpatkar/Documents/Projects/af_file_loader/venv/lib/python3.11/site-packages/airflow/example_dags/example_datasets.py
[2023-07-22T16:07:18.325-0500] {logging_mixin.py:150} INFO - [2023-07-22T16:07:18.324-0500] {dag.py:2742} INFO - Sync 6 DAGs
[2023-07-22T16:07:18.355-0500] {logging_mixin.py:150} INFO - [2023-07-22T16:07:18.355-0500] {dag.py:3504} INFO - Setting next_dagrun for dataset_consumes_1 to None, run_after=None
[2023-07-22T16:07:18.359-0500] {logging_mixin.py:150} INFO - [2023-07-22T16:07:18.358-0500] {dag.py:3504} INFO - Setting next_dagrun for dataset_consumes_1_and_2 to None, run_after=None
[2023-07-22T16:07:18.360-0500] {logging_mixin.py:150} INFO - [2023-07-22T16:07:18.360-0500] {dag.py:3504} INFO - Setting next_dagrun for dataset_consumes_1_never_scheduled to None, run_after=None
[2023-07-22T16:07:18.362-0500] {logging_mixin.py:150} INFO - [2023-07-22T16:07:18.361-0500] {dag.py:3504} INFO - Setting next_dagrun for dataset_consumes_unknown_never_scheduled to None, run_after=None
[2023-07-22T16:07:18.366-0500] {logging_mixin.py:150} INFO - [2023-07-22T16:07:18.365-0500] {dag.py:3504} INFO - Setting next_dagrun for dataset_produces_1 to 2023-07-21T00:00:00+00:00, run_after=2023-07-22T00:00:00+00:00
[2023-07-22T16:07:18.367-0500] {logging_mixin.py:150} INFO - [2023-07-22T16:07:18.367-0500] {dag.py:3504} INFO - Setting next_dagrun for dataset_produces_2 to None, run_after=None
[2023-07-22T16:07:18.424-0500] {processor.py:179} INFO - Processing /Users/abhishekpatkar/Documents/Projects/af_file_loader/venv/lib/python3.11/site-packages/airflow/example_dags/example_datasets.py took 0.865 seconds
[2023-07-22T16:10:54.314-0500] {processor.py:157} INFO - Started process (PID=20752) to work on /Users/abhishekpatkar/Documents/Projects/af_file_loader/venv/lib/python3.11/site-packages/airflow/example_dags/example_datasets.py
[2023-07-22T16:10:54.318-0500] {processor.py:826} INFO - Processing file /Users/abhishekpatkar/Documents/Projects/af_file_loader/venv/lib/python3.11/site-packages/airflow/example_dags/example_datasets.py for tasks to queue
[2023-07-22T16:10:54.318-0500] {logging_mixin.py:150} INFO - [2023-07-22T16:10:54.318-0500] {dagbag.py:541} INFO - Filling up the DagBag from /Users/abhishekpatkar/Documents/Projects/af_file_loader/venv/lib/python3.11/site-packages/airflow/example_dags/example_datasets.py
[2023-07-22T16:10:54.344-0500] {processor.py:836} INFO - DAG(s) dict_keys(['dataset_consumes_1', 'dataset_produces_1', 'dataset_consumes_1_and_2', 'dataset_consumes_unknown_never_scheduled', 'dataset_produces_2', 'dataset_consumes_1_never_scheduled']) retrieved from /Users/abhishekpatkar/Documents/Projects/af_file_loader/venv/lib/python3.11/site-packages/airflow/example_dags/example_datasets.py
[2023-07-22T16:10:55.015-0500] {logging_mixin.py:150} INFO - [2023-07-22T16:10:55.015-0500] {dag.py:2742} INFO - Sync 6 DAGs
[2023-07-22T16:10:55.032-0500] {logging_mixin.py:150} INFO - [2023-07-22T16:10:55.032-0500] {dag.py:3504} INFO - Setting next_dagrun for dataset_consumes_1 to None, run_after=None
[2023-07-22T16:10:55.035-0500] {logging_mixin.py:150} INFO - [2023-07-22T16:10:55.035-0500] {dag.py:3504} INFO - Setting next_dagrun for dataset_consumes_1_and_2 to None, run_after=None
[2023-07-22T16:10:55.036-0500] {logging_mixin.py:150} INFO - [2023-07-22T16:10:55.036-0500] {dag.py:3504} INFO - Setting next_dagrun for dataset_consumes_1_never_scheduled to None, run_after=None
[2023-07-22T16:10:55.037-0500] {logging_mixin.py:150} INFO - [2023-07-22T16:10:55.037-0500] {dag.py:3504} INFO - Setting next_dagrun for dataset_consumes_unknown_never_scheduled to None, run_after=None
[2023-07-22T16:10:55.039-0500] {logging_mixin.py:150} INFO - [2023-07-22T16:10:55.039-0500] {dag.py:3504} INFO - Setting next_dagrun for dataset_produces_1 to 2023-07-21T00:00:00+00:00, run_after=2023-07-22T00:00:00+00:00
[2023-07-22T16:10:55.040-0500] {logging_mixin.py:150} INFO - [2023-07-22T16:10:55.040-0500] {dag.py:3504} INFO - Setting next_dagrun for dataset_produces_2 to None, run_after=None
[2023-07-22T16:10:55.077-0500] {processor.py:179} INFO - Processing /Users/abhishekpatkar/Documents/Projects/af_file_loader/venv/lib/python3.11/site-packages/airflow/example_dags/example_datasets.py took 0.764 seconds
[2023-07-22T16:28:24.038-0500] {processor.py:157} INFO - Started process (PID=21043) to work on /Users/abhishekpatkar/Documents/Projects/af_file_loader/venv/lib/python3.11/site-packages/airflow/example_dags/example_datasets.py
[2023-07-22T16:28:24.043-0500] {processor.py:826} INFO - Processing file /Users/abhishekpatkar/Documents/Projects/af_file_loader/venv/lib/python3.11/site-packages/airflow/example_dags/example_datasets.py for tasks to queue
[2023-07-22T16:28:24.044-0500] {logging_mixin.py:150} INFO - [2023-07-22T16:28:24.044-0500] {dagbag.py:541} INFO - Filling up the DagBag from /Users/abhishekpatkar/Documents/Projects/af_file_loader/venv/lib/python3.11/site-packages/airflow/example_dags/example_datasets.py
[2023-07-22T16:28:24.081-0500] {processor.py:836} INFO - DAG(s) dict_keys(['dataset_produces_2', 'dataset_consumes_1', 'dataset_produces_1', 'dataset_consumes_1_never_scheduled', 'dataset_consumes_1_and_2', 'dataset_consumes_unknown_never_scheduled']) retrieved from /Users/abhishekpatkar/Documents/Projects/af_file_loader/venv/lib/python3.11/site-packages/airflow/example_dags/example_datasets.py
[2023-07-22T16:28:26.063-0500] {logging_mixin.py:150} INFO - [2023-07-22T16:28:26.063-0500] {dag.py:2742} INFO - Sync 6 DAGs
[2023-07-22T16:28:26.103-0500] {logging_mixin.py:150} INFO - [2023-07-22T16:28:26.103-0500] {dag.py:3504} INFO - Setting next_dagrun for dataset_consumes_1 to None, run_after=None
[2023-07-22T16:28:26.108-0500] {logging_mixin.py:150} INFO - [2023-07-22T16:28:26.108-0500] {dag.py:3504} INFO - Setting next_dagrun for dataset_consumes_1_and_2 to None, run_after=None
[2023-07-22T16:28:26.111-0500] {logging_mixin.py:150} INFO - [2023-07-22T16:28:26.110-0500] {dag.py:3504} INFO - Setting next_dagrun for dataset_consumes_1_never_scheduled to None, run_after=None
[2023-07-22T16:28:26.112-0500] {logging_mixin.py:150} INFO - [2023-07-22T16:28:26.112-0500] {dag.py:3504} INFO - Setting next_dagrun for dataset_consumes_unknown_never_scheduled to None, run_after=None
[2023-07-22T16:28:26.116-0500] {logging_mixin.py:150} INFO - [2023-07-22T16:28:26.116-0500] {dag.py:3504} INFO - Setting next_dagrun for dataset_produces_1 to 2023-07-21T00:00:00+00:00, run_after=2023-07-22T00:00:00+00:00
[2023-07-22T16:28:26.118-0500] {logging_mixin.py:150} INFO - [2023-07-22T16:28:26.117-0500] {dag.py:3504} INFO - Setting next_dagrun for dataset_produces_2 to None, run_after=None
[2023-07-22T16:28:26.161-0500] {processor.py:179} INFO - Processing /Users/abhishekpatkar/Documents/Projects/af_file_loader/venv/lib/python3.11/site-packages/airflow/example_dags/example_datasets.py took 2.124 seconds
[2023-07-22T16:34:56.903-0500] {processor.py:157} INFO - Started process (PID=21251) to work on /Users/abhishekpatkar/Documents/Projects/af_file_loader/venv/lib/python3.11/site-packages/airflow/example_dags/example_datasets.py
[2023-07-22T16:34:56.914-0500] {processor.py:826} INFO - Processing file /Users/abhishekpatkar/Documents/Projects/af_file_loader/venv/lib/python3.11/site-packages/airflow/example_dags/example_datasets.py for tasks to queue
[2023-07-22T16:34:56.915-0500] {logging_mixin.py:150} INFO - [2023-07-22T16:34:56.914-0500] {dagbag.py:541} INFO - Filling up the DagBag from /Users/abhishekpatkar/Documents/Projects/af_file_loader/venv/lib/python3.11/site-packages/airflow/example_dags/example_datasets.py
[2023-07-22T16:34:56.968-0500] {processor.py:836} INFO - DAG(s) dict_keys(['dataset_consumes_1', 'dataset_consumes_unknown_never_scheduled', 'dataset_consumes_1_and_2', 'dataset_produces_1', 'dataset_consumes_1_never_scheduled', 'dataset_produces_2']) retrieved from /Users/abhishekpatkar/Documents/Projects/af_file_loader/venv/lib/python3.11/site-packages/airflow/example_dags/example_datasets.py
[2023-07-22T16:34:58.280-0500] {logging_mixin.py:150} INFO - [2023-07-22T16:34:58.279-0500] {dag.py:2742} INFO - Sync 6 DAGs
[2023-07-22T16:34:58.303-0500] {logging_mixin.py:150} INFO - [2023-07-22T16:34:58.303-0500] {dag.py:3504} INFO - Setting next_dagrun for dataset_consumes_1 to None, run_after=None
[2023-07-22T16:34:58.307-0500] {logging_mixin.py:150} INFO - [2023-07-22T16:34:58.307-0500] {dag.py:3504} INFO - Setting next_dagrun for dataset_consumes_1_and_2 to None, run_after=None
[2023-07-22T16:34:58.309-0500] {logging_mixin.py:150} INFO - [2023-07-22T16:34:58.308-0500] {dag.py:3504} INFO - Setting next_dagrun for dataset_consumes_1_never_scheduled to None, run_after=None
[2023-07-22T16:34:58.309-0500] {logging_mixin.py:150} INFO - [2023-07-22T16:34:58.309-0500] {dag.py:3504} INFO - Setting next_dagrun for dataset_consumes_unknown_never_scheduled to None, run_after=None
[2023-07-22T16:34:58.312-0500] {logging_mixin.py:150} INFO - [2023-07-22T16:34:58.312-0500] {dag.py:3504} INFO - Setting next_dagrun for dataset_produces_1 to 2023-07-21T00:00:00+00:00, run_after=2023-07-22T00:00:00+00:00
[2023-07-22T16:34:58.314-0500] {logging_mixin.py:150} INFO - [2023-07-22T16:34:58.313-0500] {dag.py:3504} INFO - Setting next_dagrun for dataset_produces_2 to None, run_after=None
[2023-07-22T16:34:58.355-0500] {processor.py:179} INFO - Processing /Users/abhishekpatkar/Documents/Projects/af_file_loader/venv/lib/python3.11/site-packages/airflow/example_dags/example_datasets.py took 1.453 seconds
[2023-07-22T16:43:55.081-0500] {processor.py:157} INFO - Started process (PID=21580) to work on /Users/abhishekpatkar/Documents/Projects/af_file_loader/venv/lib/python3.11/site-packages/airflow/example_dags/example_datasets.py
[2023-07-22T16:43:55.089-0500] {processor.py:826} INFO - Processing file /Users/abhishekpatkar/Documents/Projects/af_file_loader/venv/lib/python3.11/site-packages/airflow/example_dags/example_datasets.py for tasks to queue
[2023-07-22T16:43:55.093-0500] {logging_mixin.py:150} INFO - [2023-07-22T16:43:55.093-0500] {dagbag.py:541} INFO - Filling up the DagBag from /Users/abhishekpatkar/Documents/Projects/af_file_loader/venv/lib/python3.11/site-packages/airflow/example_dags/example_datasets.py
[2023-07-22T16:43:55.182-0500] {processor.py:836} INFO - DAG(s) dict_keys(['dataset_consumes_1_never_scheduled', 'dataset_consumes_unknown_never_scheduled', 'dataset_consumes_1_and_2', 'dataset_produces_1', 'dataset_produces_2', 'dataset_consumes_1']) retrieved from /Users/abhishekpatkar/Documents/Projects/af_file_loader/venv/lib/python3.11/site-packages/airflow/example_dags/example_datasets.py
[2023-07-22T16:43:56.252-0500] {logging_mixin.py:150} INFO - [2023-07-22T16:43:56.252-0500] {dag.py:2742} INFO - Sync 6 DAGs
[2023-07-22T16:43:56.279-0500] {logging_mixin.py:150} INFO - [2023-07-22T16:43:56.279-0500] {dag.py:3504} INFO - Setting next_dagrun for dataset_consumes_1 to None, run_after=None
[2023-07-22T16:43:56.286-0500] {logging_mixin.py:150} INFO - [2023-07-22T16:43:56.286-0500] {dag.py:3504} INFO - Setting next_dagrun for dataset_consumes_1_and_2 to None, run_after=None
[2023-07-22T16:43:56.288-0500] {logging_mixin.py:150} INFO - [2023-07-22T16:43:56.287-0500] {dag.py:3504} INFO - Setting next_dagrun for dataset_consumes_1_never_scheduled to None, run_after=None
[2023-07-22T16:43:56.289-0500] {logging_mixin.py:150} INFO - [2023-07-22T16:43:56.289-0500] {dag.py:3504} INFO - Setting next_dagrun for dataset_consumes_unknown_never_scheduled to None, run_after=None
[2023-07-22T16:43:56.291-0500] {logging_mixin.py:150} INFO - [2023-07-22T16:43:56.291-0500] {dag.py:3504} INFO - Setting next_dagrun for dataset_produces_1 to 2023-07-21T00:00:00+00:00, run_after=2023-07-22T00:00:00+00:00
[2023-07-22T16:43:56.292-0500] {logging_mixin.py:150} INFO - [2023-07-22T16:43:56.292-0500] {dag.py:3504} INFO - Setting next_dagrun for dataset_produces_2 to None, run_after=None
[2023-07-22T16:43:56.352-0500] {processor.py:179} INFO - Processing /Users/abhishekpatkar/Documents/Projects/af_file_loader/venv/lib/python3.11/site-packages/airflow/example_dags/example_datasets.py took 1.273 seconds
[2023-07-22T16:47:44.537-0500] {processor.py:157} INFO - Started process (PID=21693) to work on /Users/abhishekpatkar/Documents/Projects/af_file_loader/venv/lib/python3.11/site-packages/airflow/example_dags/example_datasets.py
[2023-07-22T16:47:44.541-0500] {processor.py:826} INFO - Processing file /Users/abhishekpatkar/Documents/Projects/af_file_loader/venv/lib/python3.11/site-packages/airflow/example_dags/example_datasets.py for tasks to queue
[2023-07-22T16:47:44.541-0500] {logging_mixin.py:150} INFO - [2023-07-22T16:47:44.541-0500] {dagbag.py:541} INFO - Filling up the DagBag from /Users/abhishekpatkar/Documents/Projects/af_file_loader/venv/lib/python3.11/site-packages/airflow/example_dags/example_datasets.py
[2023-07-22T16:47:44.592-0500] {processor.py:836} INFO - DAG(s) dict_keys(['dataset_produces_1', 'dataset_consumes_1', 'dataset_produces_2', 'dataset_consumes_unknown_never_scheduled', 'dataset_consumes_1_and_2', 'dataset_consumes_1_never_scheduled']) retrieved from /Users/abhishekpatkar/Documents/Projects/af_file_loader/venv/lib/python3.11/site-packages/airflow/example_dags/example_datasets.py
[2023-07-22T16:47:46.181-0500] {logging_mixin.py:150} INFO - [2023-07-22T16:47:46.180-0500] {dag.py:2742} INFO - Sync 6 DAGs
[2023-07-22T16:47:46.261-0500] {logging_mixin.py:150} INFO - [2023-07-22T16:47:46.260-0500] {dag.py:3504} INFO - Setting next_dagrun for dataset_consumes_1 to None, run_after=None
[2023-07-22T16:47:46.281-0500] {logging_mixin.py:150} INFO - [2023-07-22T16:47:46.279-0500] {dag.py:3504} INFO - Setting next_dagrun for dataset_consumes_1_and_2 to None, run_after=None
[2023-07-22T16:47:46.287-0500] {logging_mixin.py:150} INFO - [2023-07-22T16:47:46.287-0500] {dag.py:3504} INFO - Setting next_dagrun for dataset_consumes_1_never_scheduled to None, run_after=None
[2023-07-22T16:47:46.292-0500] {logging_mixin.py:150} INFO - [2023-07-22T16:47:46.289-0500] {dag.py:3504} INFO - Setting next_dagrun for dataset_consumes_unknown_never_scheduled to None, run_after=None
[2023-07-22T16:47:46.301-0500] {logging_mixin.py:150} INFO - [2023-07-22T16:47:46.301-0500] {dag.py:3504} INFO - Setting next_dagrun for dataset_produces_1 to 2023-07-21T00:00:00+00:00, run_after=2023-07-22T00:00:00+00:00
[2023-07-22T16:47:46.302-0500] {logging_mixin.py:150} INFO - [2023-07-22T16:47:46.302-0500] {dag.py:3504} INFO - Setting next_dagrun for dataset_produces_2 to None, run_after=None
[2023-07-22T16:47:46.352-0500] {processor.py:179} INFO - Processing /Users/abhishekpatkar/Documents/Projects/af_file_loader/venv/lib/python3.11/site-packages/airflow/example_dags/example_datasets.py took 1.816 seconds
[2023-07-22T16:55:06.515-0500] {processor.py:157} INFO - Started process (PID=21932) to work on /Users/abhishekpatkar/Documents/Projects/af_file_loader/venv/lib/python3.11/site-packages/airflow/example_dags/example_datasets.py
[2023-07-22T16:55:06.521-0500] {processor.py:826} INFO - Processing file /Users/abhishekpatkar/Documents/Projects/af_file_loader/venv/lib/python3.11/site-packages/airflow/example_dags/example_datasets.py for tasks to queue
[2023-07-22T16:55:06.521-0500] {logging_mixin.py:150} INFO - [2023-07-22T16:55:06.521-0500] {dagbag.py:541} INFO - Filling up the DagBag from /Users/abhishekpatkar/Documents/Projects/af_file_loader/venv/lib/python3.11/site-packages/airflow/example_dags/example_datasets.py
[2023-07-22T16:55:06.556-0500] {processor.py:836} INFO - DAG(s) dict_keys(['dataset_produces_2', 'dataset_consumes_1', 'dataset_consumes_unknown_never_scheduled', 'dataset_produces_1', 'dataset_consumes_1_never_scheduled', 'dataset_consumes_1_and_2']) retrieved from /Users/abhishekpatkar/Documents/Projects/af_file_loader/venv/lib/python3.11/site-packages/airflow/example_dags/example_datasets.py
[2023-07-22T16:55:07.804-0500] {logging_mixin.py:150} INFO - [2023-07-22T16:55:07.803-0500] {dag.py:2742} INFO - Sync 6 DAGs
[2023-07-22T16:55:07.842-0500] {logging_mixin.py:150} INFO - [2023-07-22T16:55:07.842-0500] {dag.py:3504} INFO - Setting next_dagrun for dataset_consumes_1 to None, run_after=None
[2023-07-22T16:55:07.845-0500] {logging_mixin.py:150} INFO - [2023-07-22T16:55:07.845-0500] {dag.py:3504} INFO - Setting next_dagrun for dataset_consumes_1_and_2 to None, run_after=None
[2023-07-22T16:55:07.851-0500] {logging_mixin.py:150} INFO - [2023-07-22T16:55:07.851-0500] {dag.py:3504} INFO - Setting next_dagrun for dataset_consumes_1_never_scheduled to None, run_after=None
[2023-07-22T16:55:07.854-0500] {logging_mixin.py:150} INFO - [2023-07-22T16:55:07.854-0500] {dag.py:3504} INFO - Setting next_dagrun for dataset_consumes_unknown_never_scheduled to None, run_after=None
[2023-07-22T16:55:07.857-0500] {logging_mixin.py:150} INFO - [2023-07-22T16:55:07.857-0500] {dag.py:3504} INFO - Setting next_dagrun for dataset_produces_1 to 2023-07-21T00:00:00+00:00, run_after=2023-07-22T00:00:00+00:00
[2023-07-22T16:55:07.858-0500] {logging_mixin.py:150} INFO - [2023-07-22T16:55:07.858-0500] {dag.py:3504} INFO - Setting next_dagrun for dataset_produces_2 to None, run_after=None
[2023-07-22T16:55:07.906-0500] {processor.py:179} INFO - Processing /Users/abhishekpatkar/Documents/Projects/af_file_loader/venv/lib/python3.11/site-packages/airflow/example_dags/example_datasets.py took 1.392 seconds
[2023-07-22T17:02:11.412-0500] {processor.py:157} INFO - Started process (PID=22183) to work on /Users/abhishekpatkar/Documents/Projects/af_file_loader/venv/lib/python3.11/site-packages/airflow/example_dags/example_datasets.py
[2023-07-22T17:02:11.416-0500] {processor.py:826} INFO - Processing file /Users/abhishekpatkar/Documents/Projects/af_file_loader/venv/lib/python3.11/site-packages/airflow/example_dags/example_datasets.py for tasks to queue
[2023-07-22T17:02:11.417-0500] {logging_mixin.py:150} INFO - [2023-07-22T17:02:11.417-0500] {dagbag.py:541} INFO - Filling up the DagBag from /Users/abhishekpatkar/Documents/Projects/af_file_loader/venv/lib/python3.11/site-packages/airflow/example_dags/example_datasets.py
[2023-07-22T17:02:11.443-0500] {processor.py:836} INFO - DAG(s) dict_keys(['dataset_produces_1', 'dataset_produces_2', 'dataset_consumes_1_and_2', 'dataset_consumes_unknown_never_scheduled', 'dataset_consumes_1_never_scheduled', 'dataset_consumes_1']) retrieved from /Users/abhishekpatkar/Documents/Projects/af_file_loader/venv/lib/python3.11/site-packages/airflow/example_dags/example_datasets.py
[2023-07-22T17:02:12.543-0500] {logging_mixin.py:150} INFO - [2023-07-22T17:02:12.543-0500] {dag.py:2742} INFO - Sync 6 DAGs
[2023-07-22T17:02:12.561-0500] {logging_mixin.py:150} INFO - [2023-07-22T17:02:12.561-0500] {dag.py:3504} INFO - Setting next_dagrun for dataset_consumes_1 to None, run_after=None
[2023-07-22T17:02:12.565-0500] {logging_mixin.py:150} INFO - [2023-07-22T17:02:12.564-0500] {dag.py:3504} INFO - Setting next_dagrun for dataset_consumes_1_and_2 to None, run_after=None
[2023-07-22T17:02:12.566-0500] {logging_mixin.py:150} INFO - [2023-07-22T17:02:12.566-0500] {dag.py:3504} INFO - Setting next_dagrun for dataset_consumes_1_never_scheduled to None, run_after=None
[2023-07-22T17:02:12.567-0500] {logging_mixin.py:150} INFO - [2023-07-22T17:02:12.567-0500] {dag.py:3504} INFO - Setting next_dagrun for dataset_consumes_unknown_never_scheduled to None, run_after=None
[2023-07-22T17:02:12.569-0500] {logging_mixin.py:150} INFO - [2023-07-22T17:02:12.569-0500] {dag.py:3504} INFO - Setting next_dagrun for dataset_produces_1 to 2023-07-21T00:00:00+00:00, run_after=2023-07-22T00:00:00+00:00
[2023-07-22T17:02:12.570-0500] {logging_mixin.py:150} INFO - [2023-07-22T17:02:12.570-0500] {dag.py:3504} INFO - Setting next_dagrun for dataset_produces_2 to None, run_after=None
[2023-07-22T17:02:12.597-0500] {processor.py:179} INFO - Processing /Users/abhishekpatkar/Documents/Projects/af_file_loader/venv/lib/python3.11/site-packages/airflow/example_dags/example_datasets.py took 1.186 seconds
[2023-07-22T17:06:37.982-0500] {processor.py:157} INFO - Started process (PID=22367) to work on /Users/abhishekpatkar/Documents/Projects/af_file_loader/venv/lib/python3.11/site-packages/airflow/example_dags/example_datasets.py
[2023-07-22T17:06:37.988-0500] {processor.py:826} INFO - Processing file /Users/abhishekpatkar/Documents/Projects/af_file_loader/venv/lib/python3.11/site-packages/airflow/example_dags/example_datasets.py for tasks to queue
[2023-07-22T17:06:37.988-0500] {logging_mixin.py:150} INFO - [2023-07-22T17:06:37.988-0500] {dagbag.py:541} INFO - Filling up the DagBag from /Users/abhishekpatkar/Documents/Projects/af_file_loader/venv/lib/python3.11/site-packages/airflow/example_dags/example_datasets.py
[2023-07-22T17:06:38.014-0500] {processor.py:836} INFO - DAG(s) dict_keys(['dataset_consumes_1_and_2', 'dataset_produces_1', 'dataset_produces_2', 'dataset_consumes_1_never_scheduled', 'dataset_consumes_1', 'dataset_consumes_unknown_never_scheduled']) retrieved from /Users/abhishekpatkar/Documents/Projects/af_file_loader/venv/lib/python3.11/site-packages/airflow/example_dags/example_datasets.py
[2023-07-22T17:06:38.748-0500] {logging_mixin.py:150} INFO - [2023-07-22T17:06:38.748-0500] {dag.py:2742} INFO - Sync 6 DAGs
[2023-07-22T17:06:38.767-0500] {logging_mixin.py:150} INFO - [2023-07-22T17:06:38.767-0500] {dag.py:3504} INFO - Setting next_dagrun for dataset_consumes_1 to None, run_after=None
[2023-07-22T17:06:38.770-0500] {logging_mixin.py:150} INFO - [2023-07-22T17:06:38.770-0500] {dag.py:3504} INFO - Setting next_dagrun for dataset_consumes_1_and_2 to None, run_after=None
[2023-07-22T17:06:38.771-0500] {logging_mixin.py:150} INFO - [2023-07-22T17:06:38.771-0500] {dag.py:3504} INFO - Setting next_dagrun for dataset_consumes_1_never_scheduled to None, run_after=None
[2023-07-22T17:06:38.772-0500] {logging_mixin.py:150} INFO - [2023-07-22T17:06:38.772-0500] {dag.py:3504} INFO - Setting next_dagrun for dataset_consumes_unknown_never_scheduled to None, run_after=None
[2023-07-22T17:06:38.774-0500] {logging_mixin.py:150} INFO - [2023-07-22T17:06:38.774-0500] {dag.py:3504} INFO - Setting next_dagrun for dataset_produces_1 to 2023-07-21T00:00:00+00:00, run_after=2023-07-22T00:00:00+00:00
[2023-07-22T17:06:38.775-0500] {logging_mixin.py:150} INFO - [2023-07-22T17:06:38.775-0500] {dag.py:3504} INFO - Setting next_dagrun for dataset_produces_2 to None, run_after=None
[2023-07-22T17:06:38.810-0500] {processor.py:179} INFO - Processing /Users/abhishekpatkar/Documents/Projects/af_file_loader/venv/lib/python3.11/site-packages/airflow/example_dags/example_datasets.py took 0.829 seconds
[2023-07-22T17:10:39.506-0500] {processor.py:157} INFO - Started process (PID=22532) to work on /Users/abhishekpatkar/Documents/Projects/af_file_loader/venv/lib/python3.11/site-packages/airflow/example_dags/example_datasets.py
[2023-07-22T17:10:39.516-0500] {processor.py:826} INFO - Processing file /Users/abhishekpatkar/Documents/Projects/af_file_loader/venv/lib/python3.11/site-packages/airflow/example_dags/example_datasets.py for tasks to queue
[2023-07-22T17:10:39.516-0500] {logging_mixin.py:150} INFO - [2023-07-22T17:10:39.516-0500] {dagbag.py:541} INFO - Filling up the DagBag from /Users/abhishekpatkar/Documents/Projects/af_file_loader/venv/lib/python3.11/site-packages/airflow/example_dags/example_datasets.py
[2023-07-22T17:10:39.545-0500] {processor.py:836} INFO - DAG(s) dict_keys(['dataset_consumes_1', 'dataset_produces_2', 'dataset_produces_1', 'dataset_consumes_unknown_never_scheduled', 'dataset_consumes_1_and_2', 'dataset_consumes_1_never_scheduled']) retrieved from /Users/abhishekpatkar/Documents/Projects/af_file_loader/venv/lib/python3.11/site-packages/airflow/example_dags/example_datasets.py
[2023-07-22T17:10:40.332-0500] {logging_mixin.py:150} INFO - [2023-07-22T17:10:40.331-0500] {dag.py:2742} INFO - Sync 6 DAGs
[2023-07-22T17:10:40.357-0500] {logging_mixin.py:150} INFO - [2023-07-22T17:10:40.357-0500] {dag.py:3504} INFO - Setting next_dagrun for dataset_consumes_1 to None, run_after=None
[2023-07-22T17:10:40.360-0500] {logging_mixin.py:150} INFO - [2023-07-22T17:10:40.360-0500] {dag.py:3504} INFO - Setting next_dagrun for dataset_consumes_1_and_2 to None, run_after=None
[2023-07-22T17:10:40.361-0500] {logging_mixin.py:150} INFO - [2023-07-22T17:10:40.361-0500] {dag.py:3504} INFO - Setting next_dagrun for dataset_consumes_1_never_scheduled to None, run_after=None
[2023-07-22T17:10:40.362-0500] {logging_mixin.py:150} INFO - [2023-07-22T17:10:40.362-0500] {dag.py:3504} INFO - Setting next_dagrun for dataset_consumes_unknown_never_scheduled to None, run_after=None
[2023-07-22T17:10:40.365-0500] {logging_mixin.py:150} INFO - [2023-07-22T17:10:40.365-0500] {dag.py:3504} INFO - Setting next_dagrun for dataset_produces_1 to 2023-07-21T00:00:00+00:00, run_after=2023-07-22T00:00:00+00:00
[2023-07-22T17:10:40.366-0500] {logging_mixin.py:150} INFO - [2023-07-22T17:10:40.365-0500] {dag.py:3504} INFO - Setting next_dagrun for dataset_produces_2 to None, run_after=None
[2023-07-22T17:10:40.397-0500] {processor.py:179} INFO - Processing /Users/abhishekpatkar/Documents/Projects/af_file_loader/venv/lib/python3.11/site-packages/airflow/example_dags/example_datasets.py took 0.892 seconds
[2023-07-22T17:14:37.535-0500] {processor.py:157} INFO - Started process (PID=22682) to work on /Users/abhishekpatkar/Documents/Projects/af_file_loader/venv/lib/python3.11/site-packages/airflow/example_dags/example_datasets.py
[2023-07-22T17:14:37.540-0500] {processor.py:826} INFO - Processing file /Users/abhishekpatkar/Documents/Projects/af_file_loader/venv/lib/python3.11/site-packages/airflow/example_dags/example_datasets.py for tasks to queue
[2023-07-22T17:14:37.541-0500] {logging_mixin.py:150} INFO - [2023-07-22T17:14:37.540-0500] {dagbag.py:541} INFO - Filling up the DagBag from /Users/abhishekpatkar/Documents/Projects/af_file_loader/venv/lib/python3.11/site-packages/airflow/example_dags/example_datasets.py
[2023-07-22T17:14:37.568-0500] {processor.py:836} INFO - DAG(s) dict_keys(['dataset_produces_1', 'dataset_consumes_1_never_scheduled', 'dataset_consumes_unknown_never_scheduled', 'dataset_consumes_1_and_2', 'dataset_produces_2', 'dataset_consumes_1']) retrieved from /Users/abhishekpatkar/Documents/Projects/af_file_loader/venv/lib/python3.11/site-packages/airflow/example_dags/example_datasets.py
[2023-07-22T17:14:38.306-0500] {logging_mixin.py:150} INFO - [2023-07-22T17:14:38.306-0500] {dag.py:2742} INFO - Sync 6 DAGs
[2023-07-22T17:14:38.329-0500] {logging_mixin.py:150} INFO - [2023-07-22T17:14:38.328-0500] {dag.py:3504} INFO - Setting next_dagrun for dataset_consumes_1 to None, run_after=None
[2023-07-22T17:14:38.332-0500] {logging_mixin.py:150} INFO - [2023-07-22T17:14:38.331-0500] {dag.py:3504} INFO - Setting next_dagrun for dataset_consumes_1_and_2 to None, run_after=None
[2023-07-22T17:14:38.333-0500] {logging_mixin.py:150} INFO - [2023-07-22T17:14:38.333-0500] {dag.py:3504} INFO - Setting next_dagrun for dataset_consumes_1_never_scheduled to None, run_after=None
[2023-07-22T17:14:38.334-0500] {logging_mixin.py:150} INFO - [2023-07-22T17:14:38.334-0500] {dag.py:3504} INFO - Setting next_dagrun for dataset_consumes_unknown_never_scheduled to None, run_after=None
[2023-07-22T17:14:38.337-0500] {logging_mixin.py:150} INFO - [2023-07-22T17:14:38.336-0500] {dag.py:3504} INFO - Setting next_dagrun for dataset_produces_1 to 2023-07-21T00:00:00+00:00, run_after=2023-07-22T00:00:00+00:00
[2023-07-22T17:14:38.338-0500] {logging_mixin.py:150} INFO - [2023-07-22T17:14:38.337-0500] {dag.py:3504} INFO - Setting next_dagrun for dataset_produces_2 to None, run_after=None
[2023-07-22T17:14:38.371-0500] {processor.py:179} INFO - Processing /Users/abhishekpatkar/Documents/Projects/af_file_loader/venv/lib/python3.11/site-packages/airflow/example_dags/example_datasets.py took 0.837 seconds
[2023-07-22T17:19:28.050-0500] {processor.py:157} INFO - Started process (PID=22907) to work on /Users/abhishekpatkar/Documents/Projects/af_file_loader/venv/lib/python3.11/site-packages/airflow/example_dags/example_datasets.py
[2023-07-22T17:19:28.055-0500] {processor.py:826} INFO - Processing file /Users/abhishekpatkar/Documents/Projects/af_file_loader/venv/lib/python3.11/site-packages/airflow/example_dags/example_datasets.py for tasks to queue
[2023-07-22T17:19:28.056-0500] {logging_mixin.py:150} INFO - [2023-07-22T17:19:28.056-0500] {dagbag.py:541} INFO - Filling up the DagBag from /Users/abhishekpatkar/Documents/Projects/af_file_loader/venv/lib/python3.11/site-packages/airflow/example_dags/example_datasets.py
[2023-07-22T17:19:28.082-0500] {processor.py:836} INFO - DAG(s) dict_keys(['dataset_produces_1', 'dataset_consumes_unknown_never_scheduled', 'dataset_produces_2', 'dataset_consumes_1_never_scheduled', 'dataset_consumes_1', 'dataset_consumes_1_and_2']) retrieved from /Users/abhishekpatkar/Documents/Projects/af_file_loader/venv/lib/python3.11/site-packages/airflow/example_dags/example_datasets.py
[2023-07-22T17:19:28.874-0500] {logging_mixin.py:150} INFO - [2023-07-22T17:19:28.873-0500] {dag.py:2742} INFO - Sync 6 DAGs
[2023-07-22T17:19:28.897-0500] {logging_mixin.py:150} INFO - [2023-07-22T17:19:28.893-0500] {dag.py:3504} INFO - Setting next_dagrun for dataset_consumes_1 to None, run_after=None
[2023-07-22T17:19:28.901-0500] {logging_mixin.py:150} INFO - [2023-07-22T17:19:28.901-0500] {dag.py:3504} INFO - Setting next_dagrun for dataset_consumes_1_and_2 to None, run_after=None
[2023-07-22T17:19:28.902-0500] {logging_mixin.py:150} INFO - [2023-07-22T17:19:28.902-0500] {dag.py:3504} INFO - Setting next_dagrun for dataset_consumes_1_never_scheduled to None, run_after=None
[2023-07-22T17:19:28.903-0500] {logging_mixin.py:150} INFO - [2023-07-22T17:19:28.903-0500] {dag.py:3504} INFO - Setting next_dagrun for dataset_consumes_unknown_never_scheduled to None, run_after=None
[2023-07-22T17:19:28.906-0500] {logging_mixin.py:150} INFO - [2023-07-22T17:19:28.906-0500] {dag.py:3504} INFO - Setting next_dagrun for dataset_produces_1 to 2023-07-21T00:00:00+00:00, run_after=2023-07-22T00:00:00+00:00
[2023-07-22T17:19:28.907-0500] {logging_mixin.py:150} INFO - [2023-07-22T17:19:28.907-0500] {dag.py:3504} INFO - Setting next_dagrun for dataset_produces_2 to None, run_after=None
[2023-07-22T17:19:28.939-0500] {processor.py:179} INFO - Processing /Users/abhishekpatkar/Documents/Projects/af_file_loader/venv/lib/python3.11/site-packages/airflow/example_dags/example_datasets.py took 0.889 seconds
[2023-07-22T17:24:29.676-0500] {processor.py:157} INFO - Started process (PID=23150) to work on /Users/abhishekpatkar/Documents/Projects/af_file_loader/venv/lib/python3.11/site-packages/airflow/example_dags/example_datasets.py
[2023-07-22T17:24:29.680-0500] {processor.py:826} INFO - Processing file /Users/abhishekpatkar/Documents/Projects/af_file_loader/venv/lib/python3.11/site-packages/airflow/example_dags/example_datasets.py for tasks to queue
[2023-07-22T17:24:29.681-0500] {logging_mixin.py:150} INFO - [2023-07-22T17:24:29.681-0500] {dagbag.py:541} INFO - Filling up the DagBag from /Users/abhishekpatkar/Documents/Projects/af_file_loader/venv/lib/python3.11/site-packages/airflow/example_dags/example_datasets.py
[2023-07-22T17:24:29.718-0500] {processor.py:836} INFO - DAG(s) dict_keys(['dataset_consumes_1_and_2', 'dataset_produces_2', 'dataset_consumes_1_never_scheduled', 'dataset_produces_1', 'dataset_consumes_unknown_never_scheduled', 'dataset_consumes_1']) retrieved from /Users/abhishekpatkar/Documents/Projects/af_file_loader/venv/lib/python3.11/site-packages/airflow/example_dags/example_datasets.py
[2023-07-22T17:24:30.698-0500] {logging_mixin.py:150} INFO - [2023-07-22T17:24:30.698-0500] {dag.py:2742} INFO - Sync 6 DAGs
[2023-07-22T17:24:30.722-0500] {logging_mixin.py:150} INFO - [2023-07-22T17:24:30.722-0500] {dag.py:3504} INFO - Setting next_dagrun for dataset_consumes_1 to None, run_after=None
[2023-07-22T17:24:30.726-0500] {logging_mixin.py:150} INFO - [2023-07-22T17:24:30.726-0500] {dag.py:3504} INFO - Setting next_dagrun for dataset_consumes_1_and_2 to None, run_after=None
[2023-07-22T17:24:30.730-0500] {logging_mixin.py:150} INFO - [2023-07-22T17:24:30.727-0500] {dag.py:3504} INFO - Setting next_dagrun for dataset_consumes_1_never_scheduled to None, run_after=None
[2023-07-22T17:24:30.732-0500] {logging_mixin.py:150} INFO - [2023-07-22T17:24:30.732-0500] {dag.py:3504} INFO - Setting next_dagrun for dataset_consumes_unknown_never_scheduled to None, run_after=None
[2023-07-22T17:24:30.737-0500] {logging_mixin.py:150} INFO - [2023-07-22T17:24:30.736-0500] {dag.py:3504} INFO - Setting next_dagrun for dataset_produces_1 to 2023-07-21T00:00:00+00:00, run_after=2023-07-22T00:00:00+00:00
[2023-07-22T17:24:30.738-0500] {logging_mixin.py:150} INFO - [2023-07-22T17:24:30.738-0500] {dag.py:3504} INFO - Setting next_dagrun for dataset_produces_2 to None, run_after=None
[2023-07-22T17:24:30.785-0500] {processor.py:179} INFO - Processing /Users/abhishekpatkar/Documents/Projects/af_file_loader/venv/lib/python3.11/site-packages/airflow/example_dags/example_datasets.py took 1.111 seconds
[2023-07-22T17:29:42.056-0500] {processor.py:157} INFO - Started process (PID=23309) to work on /Users/abhishekpatkar/Documents/Projects/af_file_loader/venv/lib/python3.11/site-packages/airflow/example_dags/example_datasets.py
[2023-07-22T17:29:42.060-0500] {processor.py:826} INFO - Processing file /Users/abhishekpatkar/Documents/Projects/af_file_loader/venv/lib/python3.11/site-packages/airflow/example_dags/example_datasets.py for tasks to queue
[2023-07-22T17:29:42.061-0500] {logging_mixin.py:150} INFO - [2023-07-22T17:29:42.060-0500] {dagbag.py:541} INFO - Filling up the DagBag from /Users/abhishekpatkar/Documents/Projects/af_file_loader/venv/lib/python3.11/site-packages/airflow/example_dags/example_datasets.py
[2023-07-22T17:29:42.086-0500] {processor.py:836} INFO - DAG(s) dict_keys(['dataset_consumes_1_never_scheduled', 'dataset_consumes_1', 'dataset_produces_1', 'dataset_consumes_1_and_2', 'dataset_consumes_unknown_never_scheduled', 'dataset_produces_2']) retrieved from /Users/abhishekpatkar/Documents/Projects/af_file_loader/venv/lib/python3.11/site-packages/airflow/example_dags/example_datasets.py
[2023-07-22T17:29:42.805-0500] {logging_mixin.py:150} INFO - [2023-07-22T17:29:42.805-0500] {dag.py:2742} INFO - Sync 6 DAGs
[2023-07-22T17:29:42.822-0500] {logging_mixin.py:150} INFO - [2023-07-22T17:29:42.822-0500] {dag.py:3504} INFO - Setting next_dagrun for dataset_consumes_1 to None, run_after=None
[2023-07-22T17:29:42.825-0500] {logging_mixin.py:150} INFO - [2023-07-22T17:29:42.825-0500] {dag.py:3504} INFO - Setting next_dagrun for dataset_consumes_1_and_2 to None, run_after=None
[2023-07-22T17:29:42.826-0500] {logging_mixin.py:150} INFO - [2023-07-22T17:29:42.826-0500] {dag.py:3504} INFO - Setting next_dagrun for dataset_consumes_1_never_scheduled to None, run_after=None
[2023-07-22T17:29:42.826-0500] {logging_mixin.py:150} INFO - [2023-07-22T17:29:42.826-0500] {dag.py:3504} INFO - Setting next_dagrun for dataset_consumes_unknown_never_scheduled to None, run_after=None
[2023-07-22T17:29:42.829-0500] {logging_mixin.py:150} INFO - [2023-07-22T17:29:42.828-0500] {dag.py:3504} INFO - Setting next_dagrun for dataset_produces_1 to 2023-07-21T00:00:00+00:00, run_after=2023-07-22T00:00:00+00:00
[2023-07-22T17:29:42.829-0500] {logging_mixin.py:150} INFO - [2023-07-22T17:29:42.829-0500] {dag.py:3504} INFO - Setting next_dagrun for dataset_produces_2 to None, run_after=None
[2023-07-22T17:29:42.859-0500] {processor.py:179} INFO - Processing /Users/abhishekpatkar/Documents/Projects/af_file_loader/venv/lib/python3.11/site-packages/airflow/example_dags/example_datasets.py took 0.803 seconds
[2023-07-22T17:33:53.609-0500] {processor.py:157} INFO - Started process (PID=23493) to work on /Users/abhishekpatkar/Documents/Projects/af_file_loader/venv/lib/python3.11/site-packages/airflow/example_dags/example_datasets.py
[2023-07-22T17:33:53.614-0500] {processor.py:826} INFO - Processing file /Users/abhishekpatkar/Documents/Projects/af_file_loader/venv/lib/python3.11/site-packages/airflow/example_dags/example_datasets.py for tasks to queue
[2023-07-22T17:33:53.614-0500] {logging_mixin.py:150} INFO - [2023-07-22T17:33:53.614-0500] {dagbag.py:541} INFO - Filling up the DagBag from /Users/abhishekpatkar/Documents/Projects/af_file_loader/venv/lib/python3.11/site-packages/airflow/example_dags/example_datasets.py
[2023-07-22T17:33:53.637-0500] {processor.py:836} INFO - DAG(s) dict_keys(['dataset_produces_2', 'dataset_produces_1', 'dataset_consumes_1_never_scheduled', 'dataset_consumes_1', 'dataset_consumes_unknown_never_scheduled', 'dataset_consumes_1_and_2']) retrieved from /Users/abhishekpatkar/Documents/Projects/af_file_loader/venv/lib/python3.11/site-packages/airflow/example_dags/example_datasets.py
[2023-07-22T17:33:54.321-0500] {logging_mixin.py:150} INFO - [2023-07-22T17:33:54.321-0500] {dag.py:2742} INFO - Sync 6 DAGs
[2023-07-22T17:33:54.340-0500] {logging_mixin.py:150} INFO - [2023-07-22T17:33:54.339-0500] {dag.py:3504} INFO - Setting next_dagrun for dataset_consumes_1 to None, run_after=None
[2023-07-22T17:33:54.343-0500] {logging_mixin.py:150} INFO - [2023-07-22T17:33:54.343-0500] {dag.py:3504} INFO - Setting next_dagrun for dataset_consumes_1_and_2 to None, run_after=None
[2023-07-22T17:33:54.344-0500] {logging_mixin.py:150} INFO - [2023-07-22T17:33:54.344-0500] {dag.py:3504} INFO - Setting next_dagrun for dataset_consumes_1_never_scheduled to None, run_after=None
[2023-07-22T17:33:54.345-0500] {logging_mixin.py:150} INFO - [2023-07-22T17:33:54.345-0500] {dag.py:3504} INFO - Setting next_dagrun for dataset_consumes_unknown_never_scheduled to None, run_after=None
[2023-07-22T17:33:54.347-0500] {logging_mixin.py:150} INFO - [2023-07-22T17:33:54.347-0500] {dag.py:3504} INFO - Setting next_dagrun for dataset_produces_1 to 2023-07-21T00:00:00+00:00, run_after=2023-07-22T00:00:00+00:00
[2023-07-22T17:33:54.348-0500] {logging_mixin.py:150} INFO - [2023-07-22T17:33:54.348-0500] {dag.py:3504} INFO - Setting next_dagrun for dataset_produces_2 to None, run_after=None
[2023-07-22T17:33:54.378-0500] {processor.py:179} INFO - Processing /Users/abhishekpatkar/Documents/Projects/af_file_loader/venv/lib/python3.11/site-packages/airflow/example_dags/example_datasets.py took 0.769 seconds
[2023-07-22T17:40:01.156-0500] {processor.py:157} INFO - Started process (PID=23737) to work on /Users/abhishekpatkar/Documents/Projects/af_file_loader/venv/lib/python3.11/site-packages/airflow/example_dags/example_datasets.py
[2023-07-22T17:40:01.167-0500] {processor.py:826} INFO - Processing file /Users/abhishekpatkar/Documents/Projects/af_file_loader/venv/lib/python3.11/site-packages/airflow/example_dags/example_datasets.py for tasks to queue
[2023-07-22T17:40:01.169-0500] {logging_mixin.py:150} INFO - [2023-07-22T17:40:01.168-0500] {dagbag.py:541} INFO - Filling up the DagBag from /Users/abhishekpatkar/Documents/Projects/af_file_loader/venv/lib/python3.11/site-packages/airflow/example_dags/example_datasets.py
[2023-07-22T17:40:01.216-0500] {processor.py:836} INFO - DAG(s) dict_keys(['dataset_consumes_1_never_scheduled', 'dataset_produces_1', 'dataset_consumes_1', 'dataset_consumes_1_and_2', 'dataset_consumes_unknown_never_scheduled', 'dataset_produces_2']) retrieved from /Users/abhishekpatkar/Documents/Projects/af_file_loader/venv/lib/python3.11/site-packages/airflow/example_dags/example_datasets.py
[2023-07-22T17:40:02.909-0500] {logging_mixin.py:150} INFO - [2023-07-22T17:40:02.908-0500] {dag.py:2742} INFO - Sync 6 DAGs
[2023-07-22T17:40:02.966-0500] {logging_mixin.py:150} INFO - [2023-07-22T17:40:02.966-0500] {dag.py:3504} INFO - Setting next_dagrun for dataset_consumes_1 to None, run_after=None
[2023-07-22T17:40:02.980-0500] {logging_mixin.py:150} INFO - [2023-07-22T17:40:02.979-0500] {dag.py:3504} INFO - Setting next_dagrun for dataset_consumes_1_and_2 to None, run_after=None
[2023-07-22T17:40:02.985-0500] {logging_mixin.py:150} INFO - [2023-07-22T17:40:02.985-0500] {dag.py:3504} INFO - Setting next_dagrun for dataset_consumes_1_never_scheduled to None, run_after=None
[2023-07-22T17:40:02.988-0500] {logging_mixin.py:150} INFO - [2023-07-22T17:40:02.987-0500] {dag.py:3504} INFO - Setting next_dagrun for dataset_consumes_unknown_never_scheduled to None, run_after=None
[2023-07-22T17:40:03.022-0500] {logging_mixin.py:150} INFO - [2023-07-22T17:40:03.020-0500] {dag.py:3504} INFO - Setting next_dagrun for dataset_produces_1 to 2023-07-21T00:00:00+00:00, run_after=2023-07-22T00:00:00+00:00
[2023-07-22T17:40:03.026-0500] {logging_mixin.py:150} INFO - [2023-07-22T17:40:03.026-0500] {dag.py:3504} INFO - Setting next_dagrun for dataset_produces_2 to None, run_after=None
[2023-07-22T17:40:03.104-0500] {processor.py:179} INFO - Processing /Users/abhishekpatkar/Documents/Projects/af_file_loader/venv/lib/python3.11/site-packages/airflow/example_dags/example_datasets.py took 1.949 seconds
[2023-07-22T17:49:03.626-0500] {processor.py:157} INFO - Started process (PID=24107) to work on /Users/abhishekpatkar/Documents/Projects/af_file_loader/venv/lib/python3.11/site-packages/airflow/example_dags/example_datasets.py
[2023-07-22T17:49:03.634-0500] {processor.py:826} INFO - Processing file /Users/abhishekpatkar/Documents/Projects/af_file_loader/venv/lib/python3.11/site-packages/airflow/example_dags/example_datasets.py for tasks to queue
[2023-07-22T17:49:03.635-0500] {logging_mixin.py:150} INFO - [2023-07-22T17:49:03.635-0500] {dagbag.py:541} INFO - Filling up the DagBag from /Users/abhishekpatkar/Documents/Projects/af_file_loader/venv/lib/python3.11/site-packages/airflow/example_dags/example_datasets.py
[2023-07-22T17:49:03.798-0500] {processor.py:836} INFO - DAG(s) dict_keys(['dataset_consumes_1_never_scheduled', 'dataset_produces_1', 'dataset_consumes_1_and_2', 'dataset_produces_2', 'dataset_consumes_unknown_never_scheduled', 'dataset_consumes_1']) retrieved from /Users/abhishekpatkar/Documents/Projects/af_file_loader/venv/lib/python3.11/site-packages/airflow/example_dags/example_datasets.py
[2023-07-22T17:49:06.060-0500] {logging_mixin.py:150} INFO - [2023-07-22T17:49:06.060-0500] {dag.py:2742} INFO - Sync 6 DAGs
[2023-07-22T17:49:06.097-0500] {logging_mixin.py:150} INFO - [2023-07-22T17:49:06.097-0500] {dag.py:3504} INFO - Setting next_dagrun for dataset_consumes_1 to None, run_after=None
[2023-07-22T17:49:06.102-0500] {logging_mixin.py:150} INFO - [2023-07-22T17:49:06.102-0500] {dag.py:3504} INFO - Setting next_dagrun for dataset_consumes_1_and_2 to None, run_after=None
[2023-07-22T17:49:06.103-0500] {logging_mixin.py:150} INFO - [2023-07-22T17:49:06.103-0500] {dag.py:3504} INFO - Setting next_dagrun for dataset_consumes_1_never_scheduled to None, run_after=None
[2023-07-22T17:49:06.105-0500] {logging_mixin.py:150} INFO - [2023-07-22T17:49:06.104-0500] {dag.py:3504} INFO - Setting next_dagrun for dataset_consumes_unknown_never_scheduled to None, run_after=None
[2023-07-22T17:49:06.108-0500] {logging_mixin.py:150} INFO - [2023-07-22T17:49:06.107-0500] {dag.py:3504} INFO - Setting next_dagrun for dataset_produces_1 to 2023-07-21T00:00:00+00:00, run_after=2023-07-22T00:00:00+00:00
[2023-07-22T17:49:06.109-0500] {logging_mixin.py:150} INFO - [2023-07-22T17:49:06.109-0500] {dag.py:3504} INFO - Setting next_dagrun for dataset_produces_2 to None, run_after=None
[2023-07-22T17:49:06.161-0500] {processor.py:179} INFO - Processing /Users/abhishekpatkar/Documents/Projects/af_file_loader/venv/lib/python3.11/site-packages/airflow/example_dags/example_datasets.py took 2.536 seconds
[2023-07-22T17:53:56.109-0500] {processor.py:157} INFO - Started process (PID=24390) to work on /Users/abhishekpatkar/Documents/Projects/af_file_loader/venv/lib/python3.11/site-packages/airflow/example_dags/example_datasets.py
[2023-07-22T17:53:56.114-0500] {processor.py:826} INFO - Processing file /Users/abhishekpatkar/Documents/Projects/af_file_loader/venv/lib/python3.11/site-packages/airflow/example_dags/example_datasets.py for tasks to queue
[2023-07-22T17:53:56.114-0500] {logging_mixin.py:150} INFO - [2023-07-22T17:53:56.114-0500] {dagbag.py:541} INFO - Filling up the DagBag from /Users/abhishekpatkar/Documents/Projects/af_file_loader/venv/lib/python3.11/site-packages/airflow/example_dags/example_datasets.py
[2023-07-22T17:53:56.200-0500] {processor.py:836} INFO - DAG(s) dict_keys(['dataset_consumes_unknown_never_scheduled', 'dataset_produces_1', 'dataset_consumes_1_and_2', 'dataset_produces_2', 'dataset_consumes_1', 'dataset_consumes_1_never_scheduled']) retrieved from /Users/abhishekpatkar/Documents/Projects/af_file_loader/venv/lib/python3.11/site-packages/airflow/example_dags/example_datasets.py
[2023-07-22T17:53:57.865-0500] {logging_mixin.py:150} INFO - [2023-07-22T17:53:57.865-0500] {dag.py:2742} INFO - Sync 6 DAGs
[2023-07-22T17:53:57.892-0500] {logging_mixin.py:150} INFO - [2023-07-22T17:53:57.892-0500] {dag.py:3504} INFO - Setting next_dagrun for dataset_consumes_1 to None, run_after=None
[2023-07-22T17:53:57.896-0500] {logging_mixin.py:150} INFO - [2023-07-22T17:53:57.896-0500] {dag.py:3504} INFO - Setting next_dagrun for dataset_consumes_1_and_2 to None, run_after=None
[2023-07-22T17:53:57.898-0500] {logging_mixin.py:150} INFO - [2023-07-22T17:53:57.897-0500] {dag.py:3504} INFO - Setting next_dagrun for dataset_consumes_1_never_scheduled to None, run_after=None
[2023-07-22T17:53:57.899-0500] {logging_mixin.py:150} INFO - [2023-07-22T17:53:57.899-0500] {dag.py:3504} INFO - Setting next_dagrun for dataset_consumes_unknown_never_scheduled to None, run_after=None
[2023-07-22T17:53:57.902-0500] {logging_mixin.py:150} INFO - [2023-07-22T17:53:57.902-0500] {dag.py:3504} INFO - Setting next_dagrun for dataset_produces_1 to 2023-07-21T00:00:00+00:00, run_after=2023-07-22T00:00:00+00:00
[2023-07-22T17:53:57.903-0500] {logging_mixin.py:150} INFO - [2023-07-22T17:53:57.903-0500] {dag.py:3504} INFO - Setting next_dagrun for dataset_produces_2 to None, run_after=None
[2023-07-22T17:53:57.942-0500] {processor.py:179} INFO - Processing /Users/abhishekpatkar/Documents/Projects/af_file_loader/venv/lib/python3.11/site-packages/airflow/example_dags/example_datasets.py took 1.834 seconds
[2023-07-22T18:03:40.504-0500] {processor.py:157} INFO - Started process (PID=24801) to work on /Users/abhishekpatkar/Documents/Projects/af_file_loader/venv/lib/python3.11/site-packages/airflow/example_dags/example_datasets.py
[2023-07-22T18:03:40.510-0500] {processor.py:826} INFO - Processing file /Users/abhishekpatkar/Documents/Projects/af_file_loader/venv/lib/python3.11/site-packages/airflow/example_dags/example_datasets.py for tasks to queue
[2023-07-22T18:03:40.510-0500] {logging_mixin.py:150} INFO - [2023-07-22T18:03:40.510-0500] {dagbag.py:541} INFO - Filling up the DagBag from /Users/abhishekpatkar/Documents/Projects/af_file_loader/venv/lib/python3.11/site-packages/airflow/example_dags/example_datasets.py
[2023-07-22T18:03:40.587-0500] {processor.py:836} INFO - DAG(s) dict_keys(['dataset_produces_2', 'dataset_consumes_unknown_never_scheduled', 'dataset_consumes_1_and_2', 'dataset_produces_1', 'dataset_consumes_1_never_scheduled', 'dataset_consumes_1']) retrieved from /Users/abhishekpatkar/Documents/Projects/af_file_loader/venv/lib/python3.11/site-packages/airflow/example_dags/example_datasets.py
[2023-07-22T18:03:42.109-0500] {logging_mixin.py:150} INFO - [2023-07-22T18:03:42.108-0500] {dag.py:2742} INFO - Sync 6 DAGs
[2023-07-22T18:03:42.140-0500] {logging_mixin.py:150} INFO - [2023-07-22T18:03:42.140-0500] {dag.py:3504} INFO - Setting next_dagrun for dataset_consumes_1 to None, run_after=None
[2023-07-22T18:03:42.153-0500] {logging_mixin.py:150} INFO - [2023-07-22T18:03:42.153-0500] {dag.py:3504} INFO - Setting next_dagrun for dataset_consumes_1_and_2 to None, run_after=None
[2023-07-22T18:03:42.154-0500] {logging_mixin.py:150} INFO - [2023-07-22T18:03:42.154-0500] {dag.py:3504} INFO - Setting next_dagrun for dataset_consumes_1_never_scheduled to None, run_after=None
[2023-07-22T18:03:42.155-0500] {logging_mixin.py:150} INFO - [2023-07-22T18:03:42.155-0500] {dag.py:3504} INFO - Setting next_dagrun for dataset_consumes_unknown_never_scheduled to None, run_after=None
[2023-07-22T18:03:42.159-0500] {logging_mixin.py:150} INFO - [2023-07-22T18:03:42.157-0500] {dag.py:3504} INFO - Setting next_dagrun for dataset_produces_1 to 2023-07-21T00:00:00+00:00, run_after=2023-07-22T00:00:00+00:00
[2023-07-22T18:03:42.161-0500] {logging_mixin.py:150} INFO - [2023-07-22T18:03:42.161-0500] {dag.py:3504} INFO - Setting next_dagrun for dataset_produces_2 to None, run_after=None
[2023-07-22T18:03:42.204-0500] {processor.py:179} INFO - Processing /Users/abhishekpatkar/Documents/Projects/af_file_loader/venv/lib/python3.11/site-packages/airflow/example_dags/example_datasets.py took 1.701 seconds
