[2023-07-22T14:52:29.305-0500] {processor.py:157} INFO - Started process (PID=16677) to work on /Users/abhishekpatkar/Documents/Projects/af_file_loader/venv/lib/python3.11/site-packages/airflow/example_dags/example_dag_decorator.py
[2023-07-22T14:52:29.310-0500] {processor.py:826} INFO - Processing file /Users/abhishekpatkar/Documents/Projects/af_file_loader/venv/lib/python3.11/site-packages/airflow/example_dags/example_dag_decorator.py for tasks to queue
[2023-07-22T14:52:29.311-0500] {logging_mixin.py:150} INFO - [2023-07-22T14:52:29.311-0500] {dagbag.py:541} INFO - Filling up the DagBag from /Users/abhishekpatkar/Documents/Projects/af_file_loader/venv/lib/python3.11/site-packages/airflow/example_dags/example_dag_decorator.py
[2023-07-22T14:52:29.770-0500] {processor.py:836} INFO - DAG(s) dict_keys(['example_dag_decorator']) retrieved from /Users/abhishekpatkar/Documents/Projects/af_file_loader/venv/lib/python3.11/site-packages/airflow/example_dags/example_dag_decorator.py
[2023-07-22T14:52:30.366-0500] {logging_mixin.py:150} INFO - [2023-07-22T14:52:30.366-0500] {manager.py:504} INFO - Created Permission View: can delete on DAG:example_dag_decorator
[2023-07-22T14:52:30.375-0500] {logging_mixin.py:150} INFO - [2023-07-22T14:52:30.375-0500] {manager.py:504} INFO - Created Permission View: can read on DAG:example_dag_decorator
[2023-07-22T14:52:30.381-0500] {logging_mixin.py:150} INFO - [2023-07-22T14:52:30.381-0500] {manager.py:504} INFO - Created Permission View: can edit on DAG:example_dag_decorator
[2023-07-22T14:52:30.391-0500] {logging_mixin.py:150} INFO - [2023-07-22T14:52:30.391-0500] {dag.py:2742} INFO - Sync 1 DAGs
[2023-07-22T14:52:30.401-0500] {logging_mixin.py:150} INFO - [2023-07-22T14:52:30.401-0500] {dag.py:2763} INFO - Creating ORM DAG for example_dag_decorator
[2023-07-22T14:52:30.410-0500] {logging_mixin.py:150} INFO - [2023-07-22T14:52:30.410-0500] {dag.py:3504} INFO - Setting next_dagrun for example_dag_decorator to None, run_after=None
[2023-07-22T14:52:30.428-0500] {processor.py:179} INFO - Processing /Users/abhishekpatkar/Documents/Projects/af_file_loader/venv/lib/python3.11/site-packages/airflow/example_dags/example_dag_decorator.py took 1.125 seconds
[2023-07-22T14:55:49.151-0500] {processor.py:157} INFO - Started process (PID=16924) to work on /Users/abhishekpatkar/Documents/Projects/af_file_loader/venv/lib/python3.11/site-packages/airflow/example_dags/example_dag_decorator.py
[2023-07-22T14:55:49.158-0500] {processor.py:826} INFO - Processing file /Users/abhishekpatkar/Documents/Projects/af_file_loader/venv/lib/python3.11/site-packages/airflow/example_dags/example_dag_decorator.py for tasks to queue
[2023-07-22T14:55:49.159-0500] {logging_mixin.py:150} INFO - [2023-07-22T14:55:49.159-0500] {dagbag.py:541} INFO - Filling up the DagBag from /Users/abhishekpatkar/Documents/Projects/af_file_loader/venv/lib/python3.11/site-packages/airflow/example_dags/example_dag_decorator.py
[2023-07-22T14:55:49.507-0500] {processor.py:836} INFO - DAG(s) dict_keys(['example_dag_decorator']) retrieved from /Users/abhishekpatkar/Documents/Projects/af_file_loader/venv/lib/python3.11/site-packages/airflow/example_dags/example_dag_decorator.py
[2023-07-22T14:55:50.324-0500] {logging_mixin.py:150} INFO - [2023-07-22T14:55:50.323-0500] {dag.py:2742} INFO - Sync 1 DAGs
[2023-07-22T14:55:50.345-0500] {logging_mixin.py:150} INFO - [2023-07-22T14:55:50.345-0500] {dag.py:3504} INFO - Setting next_dagrun for example_dag_decorator to None, run_after=None
[2023-07-22T14:55:50.369-0500] {processor.py:179} INFO - Processing /Users/abhishekpatkar/Documents/Projects/af_file_loader/venv/lib/python3.11/site-packages/airflow/example_dags/example_dag_decorator.py took 1.220 seconds
[2023-07-22T15:00:43.591-0500] {processor.py:157} INFO - Started process (PID=17100) to work on /Users/abhishekpatkar/Documents/Projects/af_file_loader/venv/lib/python3.11/site-packages/airflow/example_dags/example_dag_decorator.py
[2023-07-22T15:00:43.595-0500] {processor.py:826} INFO - Processing file /Users/abhishekpatkar/Documents/Projects/af_file_loader/venv/lib/python3.11/site-packages/airflow/example_dags/example_dag_decorator.py for tasks to queue
[2023-07-22T15:00:43.598-0500] {logging_mixin.py:150} INFO - [2023-07-22T15:00:43.596-0500] {dagbag.py:541} INFO - Filling up the DagBag from /Users/abhishekpatkar/Documents/Projects/af_file_loader/venv/lib/python3.11/site-packages/airflow/example_dags/example_dag_decorator.py
[2023-07-22T15:00:43.895-0500] {processor.py:836} INFO - DAG(s) dict_keys(['example_dag_decorator']) retrieved from /Users/abhishekpatkar/Documents/Projects/af_file_loader/venv/lib/python3.11/site-packages/airflow/example_dags/example_dag_decorator.py
[2023-07-22T15:00:44.771-0500] {logging_mixin.py:150} INFO - [2023-07-22T15:00:44.771-0500] {dag.py:2742} INFO - Sync 1 DAGs
[2023-07-22T15:00:44.803-0500] {logging_mixin.py:150} INFO - [2023-07-22T15:00:44.802-0500] {dag.py:3504} INFO - Setting next_dagrun for example_dag_decorator to None, run_after=None
[2023-07-22T15:00:44.830-0500] {processor.py:179} INFO - Processing /Users/abhishekpatkar/Documents/Projects/af_file_loader/venv/lib/python3.11/site-packages/airflow/example_dags/example_dag_decorator.py took 1.240 seconds
[2023-07-22T15:06:10.841-0500] {processor.py:157} INFO - Started process (PID=17621) to work on /Users/abhishekpatkar/Documents/Projects/af_file_loader/venv/lib/python3.11/site-packages/airflow/example_dags/example_dag_decorator.py
[2023-07-22T15:06:10.854-0500] {processor.py:826} INFO - Processing file /Users/abhishekpatkar/Documents/Projects/af_file_loader/venv/lib/python3.11/site-packages/airflow/example_dags/example_dag_decorator.py for tasks to queue
[2023-07-22T15:06:10.855-0500] {logging_mixin.py:150} INFO - [2023-07-22T15:06:10.854-0500] {dagbag.py:541} INFO - Filling up the DagBag from /Users/abhishekpatkar/Documents/Projects/af_file_loader/venv/lib/python3.11/site-packages/airflow/example_dags/example_dag_decorator.py
[2023-07-22T15:06:12.083-0500] {processor.py:836} INFO - DAG(s) dict_keys(['example_dag_decorator']) retrieved from /Users/abhishekpatkar/Documents/Projects/af_file_loader/venv/lib/python3.11/site-packages/airflow/example_dags/example_dag_decorator.py
[2023-07-22T15:06:15.713-0500] {logging_mixin.py:150} INFO - [2023-07-22T15:06:15.712-0500] {dag.py:2742} INFO - Sync 1 DAGs
[2023-07-22T15:06:15.771-0500] {logging_mixin.py:150} INFO - [2023-07-22T15:06:15.771-0500] {dag.py:3504} INFO - Setting next_dagrun for example_dag_decorator to None, run_after=None
[2023-07-22T15:06:15.821-0500] {processor.py:179} INFO - Processing /Users/abhishekpatkar/Documents/Projects/af_file_loader/venv/lib/python3.11/site-packages/airflow/example_dags/example_dag_decorator.py took 4.981 seconds
[2023-07-22T15:14:19.624-0500] {processor.py:157} INFO - Started process (PID=17932) to work on /Users/abhishekpatkar/Documents/Projects/af_file_loader/venv/lib/python3.11/site-packages/airflow/example_dags/example_dag_decorator.py
[2023-07-22T15:14:19.628-0500] {processor.py:826} INFO - Processing file /Users/abhishekpatkar/Documents/Projects/af_file_loader/venv/lib/python3.11/site-packages/airflow/example_dags/example_dag_decorator.py for tasks to queue
[2023-07-22T15:14:19.629-0500] {logging_mixin.py:150} INFO - [2023-07-22T15:14:19.629-0500] {dagbag.py:541} INFO - Filling up the DagBag from /Users/abhishekpatkar/Documents/Projects/af_file_loader/venv/lib/python3.11/site-packages/airflow/example_dags/example_dag_decorator.py
[2023-07-22T15:14:20.208-0500] {processor.py:836} INFO - DAG(s) dict_keys(['example_dag_decorator']) retrieved from /Users/abhishekpatkar/Documents/Projects/af_file_loader/venv/lib/python3.11/site-packages/airflow/example_dags/example_dag_decorator.py
[2023-07-22T15:14:21.429-0500] {logging_mixin.py:150} INFO - [2023-07-22T15:14:21.429-0500] {dag.py:2742} INFO - Sync 1 DAGs
[2023-07-22T15:14:21.463-0500] {logging_mixin.py:150} INFO - [2023-07-22T15:14:21.462-0500] {dag.py:3504} INFO - Setting next_dagrun for example_dag_decorator to None, run_after=None
[2023-07-22T15:14:21.513-0500] {processor.py:179} INFO - Processing /Users/abhishekpatkar/Documents/Projects/af_file_loader/venv/lib/python3.11/site-packages/airflow/example_dags/example_dag_decorator.py took 1.889 seconds
[2023-07-22T15:20:09.748-0500] {processor.py:157} INFO - Started process (PID=18139) to work on /Users/abhishekpatkar/Documents/Projects/af_file_loader/venv/lib/python3.11/site-packages/airflow/example_dags/example_dag_decorator.py
[2023-07-22T15:20:09.756-0500] {processor.py:826} INFO - Processing file /Users/abhishekpatkar/Documents/Projects/af_file_loader/venv/lib/python3.11/site-packages/airflow/example_dags/example_dag_decorator.py for tasks to queue
[2023-07-22T15:20:09.757-0500] {logging_mixin.py:150} INFO - [2023-07-22T15:20:09.757-0500] {dagbag.py:541} INFO - Filling up the DagBag from /Users/abhishekpatkar/Documents/Projects/af_file_loader/venv/lib/python3.11/site-packages/airflow/example_dags/example_dag_decorator.py
[2023-07-22T15:20:10.325-0500] {processor.py:836} INFO - DAG(s) dict_keys(['example_dag_decorator']) retrieved from /Users/abhishekpatkar/Documents/Projects/af_file_loader/venv/lib/python3.11/site-packages/airflow/example_dags/example_dag_decorator.py
[2023-07-22T15:20:11.537-0500] {logging_mixin.py:150} INFO - [2023-07-22T15:20:11.536-0500] {dag.py:2742} INFO - Sync 1 DAGs
[2023-07-22T15:20:11.572-0500] {logging_mixin.py:150} INFO - [2023-07-22T15:20:11.571-0500] {dag.py:3504} INFO - Setting next_dagrun for example_dag_decorator to None, run_after=None
[2023-07-22T15:20:11.604-0500] {processor.py:179} INFO - Processing /Users/abhishekpatkar/Documents/Projects/af_file_loader/venv/lib/python3.11/site-packages/airflow/example_dags/example_dag_decorator.py took 1.858 seconds
[2023-07-22T15:24:52.029-0500] {processor.py:157} INFO - Started process (PID=18321) to work on /Users/abhishekpatkar/Documents/Projects/af_file_loader/venv/lib/python3.11/site-packages/airflow/example_dags/example_dag_decorator.py
[2023-07-22T15:24:52.034-0500] {processor.py:826} INFO - Processing file /Users/abhishekpatkar/Documents/Projects/af_file_loader/venv/lib/python3.11/site-packages/airflow/example_dags/example_dag_decorator.py for tasks to queue
[2023-07-22T15:24:52.034-0500] {logging_mixin.py:150} INFO - [2023-07-22T15:24:52.034-0500] {dagbag.py:541} INFO - Filling up the DagBag from /Users/abhishekpatkar/Documents/Projects/af_file_loader/venv/lib/python3.11/site-packages/airflow/example_dags/example_dag_decorator.py
[2023-07-22T15:24:52.317-0500] {processor.py:836} INFO - DAG(s) dict_keys(['example_dag_decorator']) retrieved from /Users/abhishekpatkar/Documents/Projects/af_file_loader/venv/lib/python3.11/site-packages/airflow/example_dags/example_dag_decorator.py
[2023-07-22T15:24:53.333-0500] {logging_mixin.py:150} INFO - [2023-07-22T15:24:53.332-0500] {dag.py:2742} INFO - Sync 1 DAGs
[2023-07-22T15:24:53.390-0500] {logging_mixin.py:150} INFO - [2023-07-22T15:24:53.388-0500] {dag.py:3504} INFO - Setting next_dagrun for example_dag_decorator to None, run_after=None
[2023-07-22T15:24:53.485-0500] {processor.py:179} INFO - Processing /Users/abhishekpatkar/Documents/Projects/af_file_loader/venv/lib/python3.11/site-packages/airflow/example_dags/example_dag_decorator.py took 1.457 seconds
[2023-07-22T15:31:15.508-0500] {processor.py:157} INFO - Started process (PID=18790) to work on /Users/abhishekpatkar/Documents/Projects/af_file_loader/venv/lib/python3.11/site-packages/airflow/example_dags/example_dag_decorator.py
[2023-07-22T15:31:15.513-0500] {processor.py:826} INFO - Processing file /Users/abhishekpatkar/Documents/Projects/af_file_loader/venv/lib/python3.11/site-packages/airflow/example_dags/example_dag_decorator.py for tasks to queue
[2023-07-22T15:31:15.514-0500] {logging_mixin.py:150} INFO - [2023-07-22T15:31:15.514-0500] {dagbag.py:541} INFO - Filling up the DagBag from /Users/abhishekpatkar/Documents/Projects/af_file_loader/venv/lib/python3.11/site-packages/airflow/example_dags/example_dag_decorator.py
[2023-07-22T15:31:15.843-0500] {processor.py:836} INFO - DAG(s) dict_keys(['example_dag_decorator']) retrieved from /Users/abhishekpatkar/Documents/Projects/af_file_loader/venv/lib/python3.11/site-packages/airflow/example_dags/example_dag_decorator.py
[2023-07-22T15:31:16.468-0500] {logging_mixin.py:150} INFO - [2023-07-22T15:31:16.467-0500] {dag.py:2742} INFO - Sync 1 DAGs
[2023-07-22T15:31:16.486-0500] {logging_mixin.py:150} INFO - [2023-07-22T15:31:16.485-0500] {dag.py:3504} INFO - Setting next_dagrun for example_dag_decorator to None, run_after=None
[2023-07-22T15:31:16.506-0500] {processor.py:179} INFO - Processing /Users/abhishekpatkar/Documents/Projects/af_file_loader/venv/lib/python3.11/site-packages/airflow/example_dags/example_dag_decorator.py took 0.998 seconds
[2023-07-22T15:35:04.106-0500] {processor.py:157} INFO - Started process (PID=18939) to work on /Users/abhishekpatkar/Documents/Projects/af_file_loader/venv/lib/python3.11/site-packages/airflow/example_dags/example_dag_decorator.py
[2023-07-22T15:35:04.111-0500] {processor.py:826} INFO - Processing file /Users/abhishekpatkar/Documents/Projects/af_file_loader/venv/lib/python3.11/site-packages/airflow/example_dags/example_dag_decorator.py for tasks to queue
[2023-07-22T15:35:04.111-0500] {logging_mixin.py:150} INFO - [2023-07-22T15:35:04.111-0500] {dagbag.py:541} INFO - Filling up the DagBag from /Users/abhishekpatkar/Documents/Projects/af_file_loader/venv/lib/python3.11/site-packages/airflow/example_dags/example_dag_decorator.py
[2023-07-22T15:35:04.359-0500] {processor.py:836} INFO - DAG(s) dict_keys(['example_dag_decorator']) retrieved from /Users/abhishekpatkar/Documents/Projects/af_file_loader/venv/lib/python3.11/site-packages/airflow/example_dags/example_dag_decorator.py
[2023-07-22T15:35:05.234-0500] {logging_mixin.py:150} INFO - [2023-07-22T15:35:05.233-0500] {dag.py:2742} INFO - Sync 1 DAGs
[2023-07-22T15:35:05.254-0500] {logging_mixin.py:150} INFO - [2023-07-22T15:35:05.254-0500] {dag.py:3504} INFO - Setting next_dagrun for example_dag_decorator to None, run_after=None
[2023-07-22T15:35:05.275-0500] {processor.py:179} INFO - Processing /Users/abhishekpatkar/Documents/Projects/af_file_loader/venv/lib/python3.11/site-packages/airflow/example_dags/example_dag_decorator.py took 1.169 seconds
[2023-07-22T15:48:47.799-0500] {processor.py:157} INFO - Started process (PID=19452) to work on /Users/abhishekpatkar/Documents/Projects/af_file_loader/venv/lib/python3.11/site-packages/airflow/example_dags/example_dag_decorator.py
[2023-07-22T15:48:47.805-0500] {processor.py:826} INFO - Processing file /Users/abhishekpatkar/Documents/Projects/af_file_loader/venv/lib/python3.11/site-packages/airflow/example_dags/example_dag_decorator.py for tasks to queue
[2023-07-22T15:48:47.806-0500] {logging_mixin.py:150} INFO - [2023-07-22T15:48:47.806-0500] {dagbag.py:541} INFO - Filling up the DagBag from /Users/abhishekpatkar/Documents/Projects/af_file_loader/venv/lib/python3.11/site-packages/airflow/example_dags/example_dag_decorator.py
[2023-07-22T15:48:48.208-0500] {processor.py:836} INFO - DAG(s) dict_keys(['example_dag_decorator']) retrieved from /Users/abhishekpatkar/Documents/Projects/af_file_loader/venv/lib/python3.11/site-packages/airflow/example_dags/example_dag_decorator.py
[2023-07-22T15:48:48.960-0500] {logging_mixin.py:150} INFO - [2023-07-22T15:48:48.960-0500] {dag.py:2742} INFO - Sync 1 DAGs
[2023-07-22T15:48:48.982-0500] {logging_mixin.py:150} INFO - [2023-07-22T15:48:48.981-0500] {dag.py:3504} INFO - Setting next_dagrun for example_dag_decorator to None, run_after=None
[2023-07-22T15:48:49.005-0500] {processor.py:179} INFO - Processing /Users/abhishekpatkar/Documents/Projects/af_file_loader/venv/lib/python3.11/site-packages/airflow/example_dags/example_dag_decorator.py took 1.207 seconds
[2023-07-22T15:53:59.128-0500] {processor.py:157} INFO - Started process (PID=19874) to work on /Users/abhishekpatkar/Documents/Projects/af_file_loader/venv/lib/python3.11/site-packages/airflow/example_dags/example_dag_decorator.py
[2023-07-22T15:53:59.135-0500] {processor.py:826} INFO - Processing file /Users/abhishekpatkar/Documents/Projects/af_file_loader/venv/lib/python3.11/site-packages/airflow/example_dags/example_dag_decorator.py for tasks to queue
[2023-07-22T15:53:59.136-0500] {logging_mixin.py:150} INFO - [2023-07-22T15:53:59.136-0500] {dagbag.py:541} INFO - Filling up the DagBag from /Users/abhishekpatkar/Documents/Projects/af_file_loader/venv/lib/python3.11/site-packages/airflow/example_dags/example_dag_decorator.py
[2023-07-22T15:53:59.526-0500] {processor.py:836} INFO - DAG(s) dict_keys(['example_dag_decorator']) retrieved from /Users/abhishekpatkar/Documents/Projects/af_file_loader/venv/lib/python3.11/site-packages/airflow/example_dags/example_dag_decorator.py
[2023-07-22T15:54:00.314-0500] {logging_mixin.py:150} INFO - [2023-07-22T15:54:00.314-0500] {dag.py:2742} INFO - Sync 1 DAGs
[2023-07-22T15:54:00.353-0500] {logging_mixin.py:150} INFO - [2023-07-22T15:54:00.352-0500] {dag.py:3504} INFO - Setting next_dagrun for example_dag_decorator to None, run_after=None
[2023-07-22T15:54:00.378-0500] {processor.py:179} INFO - Processing /Users/abhishekpatkar/Documents/Projects/af_file_loader/venv/lib/python3.11/site-packages/airflow/example_dags/example_dag_decorator.py took 1.251 seconds
[2023-07-22T15:59:12.465-0500] {processor.py:157} INFO - Started process (PID=20270) to work on /Users/abhishekpatkar/Documents/Projects/af_file_loader/venv/lib/python3.11/site-packages/airflow/example_dags/example_dag_decorator.py
[2023-07-22T15:59:12.472-0500] {processor.py:826} INFO - Processing file /Users/abhishekpatkar/Documents/Projects/af_file_loader/venv/lib/python3.11/site-packages/airflow/example_dags/example_dag_decorator.py for tasks to queue
[2023-07-22T15:59:12.473-0500] {logging_mixin.py:150} INFO - [2023-07-22T15:59:12.473-0500] {dagbag.py:541} INFO - Filling up the DagBag from /Users/abhishekpatkar/Documents/Projects/af_file_loader/venv/lib/python3.11/site-packages/airflow/example_dags/example_dag_decorator.py
[2023-07-22T15:59:13.044-0500] {processor.py:836} INFO - DAG(s) dict_keys(['example_dag_decorator']) retrieved from /Users/abhishekpatkar/Documents/Projects/af_file_loader/venv/lib/python3.11/site-packages/airflow/example_dags/example_dag_decorator.py
[2023-07-22T15:59:13.758-0500] {logging_mixin.py:150} INFO - [2023-07-22T15:59:13.757-0500] {dag.py:2742} INFO - Sync 1 DAGs
[2023-07-22T15:59:13.779-0500] {logging_mixin.py:150} INFO - [2023-07-22T15:59:13.779-0500] {dag.py:3504} INFO - Setting next_dagrun for example_dag_decorator to None, run_after=None
[2023-07-22T15:59:13.807-0500] {processor.py:179} INFO - Processing /Users/abhishekpatkar/Documents/Projects/af_file_loader/venv/lib/python3.11/site-packages/airflow/example_dags/example_dag_decorator.py took 1.343 seconds
[2023-07-22T16:03:43.434-0500] {processor.py:157} INFO - Started process (PID=20436) to work on /Users/abhishekpatkar/Documents/Projects/af_file_loader/venv/lib/python3.11/site-packages/airflow/example_dags/example_dag_decorator.py
[2023-07-22T16:03:43.438-0500] {processor.py:826} INFO - Processing file /Users/abhishekpatkar/Documents/Projects/af_file_loader/venv/lib/python3.11/site-packages/airflow/example_dags/example_dag_decorator.py for tasks to queue
[2023-07-22T16:03:43.439-0500] {logging_mixin.py:150} INFO - [2023-07-22T16:03:43.439-0500] {dagbag.py:541} INFO - Filling up the DagBag from /Users/abhishekpatkar/Documents/Projects/af_file_loader/venv/lib/python3.11/site-packages/airflow/example_dags/example_dag_decorator.py
[2023-07-22T16:03:43.693-0500] {processor.py:836} INFO - DAG(s) dict_keys(['example_dag_decorator']) retrieved from /Users/abhishekpatkar/Documents/Projects/af_file_loader/venv/lib/python3.11/site-packages/airflow/example_dags/example_dag_decorator.py
[2023-07-22T16:03:44.274-0500] {logging_mixin.py:150} INFO - [2023-07-22T16:03:44.274-0500] {dag.py:2742} INFO - Sync 1 DAGs
[2023-07-22T16:03:44.292-0500] {logging_mixin.py:150} INFO - [2023-07-22T16:03:44.292-0500] {dag.py:3504} INFO - Setting next_dagrun for example_dag_decorator to None, run_after=None
[2023-07-22T16:03:44.314-0500] {processor.py:179} INFO - Processing /Users/abhishekpatkar/Documents/Projects/af_file_loader/venv/lib/python3.11/site-packages/airflow/example_dags/example_dag_decorator.py took 0.881 seconds
[2023-07-22T16:07:20.812-0500] {processor.py:157} INFO - Started process (PID=20609) to work on /Users/abhishekpatkar/Documents/Projects/af_file_loader/venv/lib/python3.11/site-packages/airflow/example_dags/example_dag_decorator.py
[2023-07-22T16:07:20.820-0500] {processor.py:826} INFO - Processing file /Users/abhishekpatkar/Documents/Projects/af_file_loader/venv/lib/python3.11/site-packages/airflow/example_dags/example_dag_decorator.py for tasks to queue
[2023-07-22T16:07:20.820-0500] {logging_mixin.py:150} INFO - [2023-07-22T16:07:20.820-0500] {dagbag.py:541} INFO - Filling up the DagBag from /Users/abhishekpatkar/Documents/Projects/af_file_loader/venv/lib/python3.11/site-packages/airflow/example_dags/example_dag_decorator.py
[2023-07-22T16:07:21.113-0500] {processor.py:836} INFO - DAG(s) dict_keys(['example_dag_decorator']) retrieved from /Users/abhishekpatkar/Documents/Projects/af_file_loader/venv/lib/python3.11/site-packages/airflow/example_dags/example_dag_decorator.py
[2023-07-22T16:07:21.685-0500] {logging_mixin.py:150} INFO - [2023-07-22T16:07:21.684-0500] {dag.py:2742} INFO - Sync 1 DAGs
[2023-07-22T16:07:21.701-0500] {logging_mixin.py:150} INFO - [2023-07-22T16:07:21.701-0500] {dag.py:3504} INFO - Setting next_dagrun for example_dag_decorator to None, run_after=None
[2023-07-22T16:07:21.719-0500] {processor.py:179} INFO - Processing /Users/abhishekpatkar/Documents/Projects/af_file_loader/venv/lib/python3.11/site-packages/airflow/example_dags/example_dag_decorator.py took 0.908 seconds
[2023-07-22T16:10:57.335-0500] {processor.py:157} INFO - Started process (PID=20753) to work on /Users/abhishekpatkar/Documents/Projects/af_file_loader/venv/lib/python3.11/site-packages/airflow/example_dags/example_dag_decorator.py
[2023-07-22T16:10:57.339-0500] {processor.py:826} INFO - Processing file /Users/abhishekpatkar/Documents/Projects/af_file_loader/venv/lib/python3.11/site-packages/airflow/example_dags/example_dag_decorator.py for tasks to queue
[2023-07-22T16:10:57.339-0500] {logging_mixin.py:150} INFO - [2023-07-22T16:10:57.339-0500] {dagbag.py:541} INFO - Filling up the DagBag from /Users/abhishekpatkar/Documents/Projects/af_file_loader/venv/lib/python3.11/site-packages/airflow/example_dags/example_dag_decorator.py
[2023-07-22T16:10:57.591-0500] {processor.py:836} INFO - DAG(s) dict_keys(['example_dag_decorator']) retrieved from /Users/abhishekpatkar/Documents/Projects/af_file_loader/venv/lib/python3.11/site-packages/airflow/example_dags/example_dag_decorator.py
[2023-07-22T16:10:58.106-0500] {logging_mixin.py:150} INFO - [2023-07-22T16:10:58.106-0500] {dag.py:2742} INFO - Sync 1 DAGs
[2023-07-22T16:10:58.122-0500] {logging_mixin.py:150} INFO - [2023-07-22T16:10:58.122-0500] {dag.py:3504} INFO - Setting next_dagrun for example_dag_decorator to None, run_after=None
[2023-07-22T16:10:58.142-0500] {processor.py:179} INFO - Processing /Users/abhishekpatkar/Documents/Projects/af_file_loader/venv/lib/python3.11/site-packages/airflow/example_dags/example_dag_decorator.py took 0.808 seconds
[2023-07-22T16:28:30.239-0500] {processor.py:157} INFO - Started process (PID=21045) to work on /Users/abhishekpatkar/Documents/Projects/af_file_loader/venv/lib/python3.11/site-packages/airflow/example_dags/example_dag_decorator.py
[2023-07-22T16:28:30.252-0500] {processor.py:826} INFO - Processing file /Users/abhishekpatkar/Documents/Projects/af_file_loader/venv/lib/python3.11/site-packages/airflow/example_dags/example_dag_decorator.py for tasks to queue
[2023-07-22T16:28:30.253-0500] {logging_mixin.py:150} INFO - [2023-07-22T16:28:30.253-0500] {dagbag.py:541} INFO - Filling up the DagBag from /Users/abhishekpatkar/Documents/Projects/af_file_loader/venv/lib/python3.11/site-packages/airflow/example_dags/example_dag_decorator.py
[2023-07-22T16:28:30.854-0500] {processor.py:836} INFO - DAG(s) dict_keys(['example_dag_decorator']) retrieved from /Users/abhishekpatkar/Documents/Projects/af_file_loader/venv/lib/python3.11/site-packages/airflow/example_dags/example_dag_decorator.py
[2023-07-22T16:28:32.407-0500] {logging_mixin.py:150} INFO - [2023-07-22T16:28:32.406-0500] {dag.py:2742} INFO - Sync 1 DAGs
[2023-07-22T16:28:32.469-0500] {logging_mixin.py:150} INFO - [2023-07-22T16:28:32.469-0500] {dag.py:3504} INFO - Setting next_dagrun for example_dag_decorator to None, run_after=None
[2023-07-22T16:28:32.573-0500] {processor.py:179} INFO - Processing /Users/abhishekpatkar/Documents/Projects/af_file_loader/venv/lib/python3.11/site-packages/airflow/example_dags/example_dag_decorator.py took 2.335 seconds
[2023-07-22T16:35:02.170-0500] {processor.py:157} INFO - Started process (PID=21252) to work on /Users/abhishekpatkar/Documents/Projects/af_file_loader/venv/lib/python3.11/site-packages/airflow/example_dags/example_dag_decorator.py
[2023-07-22T16:35:02.175-0500] {processor.py:826} INFO - Processing file /Users/abhishekpatkar/Documents/Projects/af_file_loader/venv/lib/python3.11/site-packages/airflow/example_dags/example_dag_decorator.py for tasks to queue
[2023-07-22T16:35:02.176-0500] {logging_mixin.py:150} INFO - [2023-07-22T16:35:02.176-0500] {dagbag.py:541} INFO - Filling up the DagBag from /Users/abhishekpatkar/Documents/Projects/af_file_loader/venv/lib/python3.11/site-packages/airflow/example_dags/example_dag_decorator.py
[2023-07-22T16:35:02.533-0500] {processor.py:836} INFO - DAG(s) dict_keys(['example_dag_decorator']) retrieved from /Users/abhishekpatkar/Documents/Projects/af_file_loader/venv/lib/python3.11/site-packages/airflow/example_dags/example_dag_decorator.py
[2023-07-22T16:35:03.574-0500] {logging_mixin.py:150} INFO - [2023-07-22T16:35:03.574-0500] {dag.py:2742} INFO - Sync 1 DAGs
[2023-07-22T16:35:03.591-0500] {logging_mixin.py:150} INFO - [2023-07-22T16:35:03.591-0500] {dag.py:3504} INFO - Setting next_dagrun for example_dag_decorator to None, run_after=None
[2023-07-22T16:35:03.625-0500] {processor.py:179} INFO - Processing /Users/abhishekpatkar/Documents/Projects/af_file_loader/venv/lib/python3.11/site-packages/airflow/example_dags/example_dag_decorator.py took 1.455 seconds
[2023-07-22T16:44:00.053-0500] {processor.py:157} INFO - Started process (PID=21581) to work on /Users/abhishekpatkar/Documents/Projects/af_file_loader/venv/lib/python3.11/site-packages/airflow/example_dags/example_dag_decorator.py
[2023-07-22T16:44:00.059-0500] {processor.py:826} INFO - Processing file /Users/abhishekpatkar/Documents/Projects/af_file_loader/venv/lib/python3.11/site-packages/airflow/example_dags/example_dag_decorator.py for tasks to queue
[2023-07-22T16:44:00.066-0500] {logging_mixin.py:150} INFO - [2023-07-22T16:44:00.064-0500] {dagbag.py:541} INFO - Filling up the DagBag from /Users/abhishekpatkar/Documents/Projects/af_file_loader/venv/lib/python3.11/site-packages/airflow/example_dags/example_dag_decorator.py
[2023-07-22T16:44:00.556-0500] {processor.py:836} INFO - DAG(s) dict_keys(['example_dag_decorator']) retrieved from /Users/abhishekpatkar/Documents/Projects/af_file_loader/venv/lib/python3.11/site-packages/airflow/example_dags/example_dag_decorator.py
[2023-07-22T16:44:01.784-0500] {logging_mixin.py:150} INFO - [2023-07-22T16:44:01.783-0500] {dag.py:2742} INFO - Sync 1 DAGs
[2023-07-22T16:44:01.853-0500] {logging_mixin.py:150} INFO - [2023-07-22T16:44:01.853-0500] {dag.py:3504} INFO - Setting next_dagrun for example_dag_decorator to None, run_after=None
[2023-07-22T16:44:01.934-0500] {processor.py:179} INFO - Processing /Users/abhishekpatkar/Documents/Projects/af_file_loader/venv/lib/python3.11/site-packages/airflow/example_dags/example_dag_decorator.py took 1.881 seconds
[2023-07-22T16:51:20.609-0500] {processor.py:157} INFO - Started process (PID=21803) to work on /Users/abhishekpatkar/Documents/Projects/af_file_loader/venv/lib/python3.11/site-packages/airflow/example_dags/example_dag_decorator.py
[2023-07-22T16:51:20.613-0500] {processor.py:826} INFO - Processing file /Users/abhishekpatkar/Documents/Projects/af_file_loader/venv/lib/python3.11/site-packages/airflow/example_dags/example_dag_decorator.py for tasks to queue
[2023-07-22T16:51:20.613-0500] {logging_mixin.py:150} INFO - [2023-07-22T16:51:20.613-0500] {dagbag.py:541} INFO - Filling up the DagBag from /Users/abhishekpatkar/Documents/Projects/af_file_loader/venv/lib/python3.11/site-packages/airflow/example_dags/example_dag_decorator.py
[2023-07-22T16:51:21.263-0500] {processor.py:836} INFO - DAG(s) dict_keys(['example_dag_decorator']) retrieved from /Users/abhishekpatkar/Documents/Projects/af_file_loader/venv/lib/python3.11/site-packages/airflow/example_dags/example_dag_decorator.py
[2023-07-22T16:51:22.503-0500] {logging_mixin.py:150} INFO - [2023-07-22T16:51:22.503-0500] {dag.py:2742} INFO - Sync 1 DAGs
[2023-07-22T16:51:22.540-0500] {logging_mixin.py:150} INFO - [2023-07-22T16:51:22.540-0500] {dag.py:3504} INFO - Setting next_dagrun for example_dag_decorator to None, run_after=None
[2023-07-22T16:51:22.577-0500] {processor.py:179} INFO - Processing /Users/abhishekpatkar/Documents/Projects/af_file_loader/venv/lib/python3.11/site-packages/airflow/example_dags/example_dag_decorator.py took 1.968 seconds
[2023-07-22T16:55:10.968-0500] {processor.py:157} INFO - Started process (PID=21933) to work on /Users/abhishekpatkar/Documents/Projects/af_file_loader/venv/lib/python3.11/site-packages/airflow/example_dags/example_dag_decorator.py
[2023-07-22T16:55:10.974-0500] {processor.py:826} INFO - Processing file /Users/abhishekpatkar/Documents/Projects/af_file_loader/venv/lib/python3.11/site-packages/airflow/example_dags/example_dag_decorator.py for tasks to queue
[2023-07-22T16:55:10.975-0500] {logging_mixin.py:150} INFO - [2023-07-22T16:55:10.975-0500] {dagbag.py:541} INFO - Filling up the DagBag from /Users/abhishekpatkar/Documents/Projects/af_file_loader/venv/lib/python3.11/site-packages/airflow/example_dags/example_dag_decorator.py
[2023-07-22T16:55:11.378-0500] {processor.py:836} INFO - DAG(s) dict_keys(['example_dag_decorator']) retrieved from /Users/abhishekpatkar/Documents/Projects/af_file_loader/venv/lib/python3.11/site-packages/airflow/example_dags/example_dag_decorator.py
[2023-07-22T16:55:12.233-0500] {logging_mixin.py:150} INFO - [2023-07-22T16:55:12.233-0500] {dag.py:2742} INFO - Sync 1 DAGs
[2023-07-22T16:55:12.264-0500] {logging_mixin.py:150} INFO - [2023-07-22T16:55:12.264-0500] {dag.py:3504} INFO - Setting next_dagrun for example_dag_decorator to None, run_after=None
[2023-07-22T16:55:12.297-0500] {processor.py:179} INFO - Processing /Users/abhishekpatkar/Documents/Projects/af_file_loader/venv/lib/python3.11/site-packages/airflow/example_dags/example_dag_decorator.py took 1.330 seconds
[2023-07-22T17:02:16.734-0500] {processor.py:157} INFO - Started process (PID=22189) to work on /Users/abhishekpatkar/Documents/Projects/af_file_loader/venv/lib/python3.11/site-packages/airflow/example_dags/example_dag_decorator.py
[2023-07-22T17:02:16.741-0500] {processor.py:826} INFO - Processing file /Users/abhishekpatkar/Documents/Projects/af_file_loader/venv/lib/python3.11/site-packages/airflow/example_dags/example_dag_decorator.py for tasks to queue
[2023-07-22T17:02:16.741-0500] {logging_mixin.py:150} INFO - [2023-07-22T17:02:16.741-0500] {dagbag.py:541} INFO - Filling up the DagBag from /Users/abhishekpatkar/Documents/Projects/af_file_loader/venv/lib/python3.11/site-packages/airflow/example_dags/example_dag_decorator.py
[2023-07-22T17:02:17.149-0500] {processor.py:836} INFO - DAG(s) dict_keys(['example_dag_decorator']) retrieved from /Users/abhishekpatkar/Documents/Projects/af_file_loader/venv/lib/python3.11/site-packages/airflow/example_dags/example_dag_decorator.py
[2023-07-22T17:02:18.446-0500] {logging_mixin.py:150} INFO - [2023-07-22T17:02:18.446-0500] {dag.py:2742} INFO - Sync 1 DAGs
[2023-07-22T17:02:18.465-0500] {logging_mixin.py:150} INFO - [2023-07-22T17:02:18.464-0500] {dag.py:3504} INFO - Setting next_dagrun for example_dag_decorator to None, run_after=None
[2023-07-22T17:02:18.485-0500] {processor.py:179} INFO - Processing /Users/abhishekpatkar/Documents/Projects/af_file_loader/venv/lib/python3.11/site-packages/airflow/example_dags/example_dag_decorator.py took 1.752 seconds
[2023-07-22T17:06:41.325-0500] {processor.py:157} INFO - Started process (PID=22368) to work on /Users/abhishekpatkar/Documents/Projects/af_file_loader/venv/lib/python3.11/site-packages/airflow/example_dags/example_dag_decorator.py
[2023-07-22T17:06:41.330-0500] {processor.py:826} INFO - Processing file /Users/abhishekpatkar/Documents/Projects/af_file_loader/venv/lib/python3.11/site-packages/airflow/example_dags/example_dag_decorator.py for tasks to queue
[2023-07-22T17:06:41.330-0500] {logging_mixin.py:150} INFO - [2023-07-22T17:06:41.330-0500] {dagbag.py:541} INFO - Filling up the DagBag from /Users/abhishekpatkar/Documents/Projects/af_file_loader/venv/lib/python3.11/site-packages/airflow/example_dags/example_dag_decorator.py
[2023-07-22T17:06:41.603-0500] {processor.py:836} INFO - DAG(s) dict_keys(['example_dag_decorator']) retrieved from /Users/abhishekpatkar/Documents/Projects/af_file_loader/venv/lib/python3.11/site-packages/airflow/example_dags/example_dag_decorator.py
[2023-07-22T17:06:42.228-0500] {logging_mixin.py:150} INFO - [2023-07-22T17:06:42.228-0500] {dag.py:2742} INFO - Sync 1 DAGs
[2023-07-22T17:06:42.246-0500] {logging_mixin.py:150} INFO - [2023-07-22T17:06:42.246-0500] {dag.py:3504} INFO - Setting next_dagrun for example_dag_decorator to None, run_after=None
[2023-07-22T17:06:42.268-0500] {processor.py:179} INFO - Processing /Users/abhishekpatkar/Documents/Projects/af_file_loader/venv/lib/python3.11/site-packages/airflow/example_dags/example_dag_decorator.py took 0.944 seconds
[2023-07-22T17:10:42.940-0500] {processor.py:157} INFO - Started process (PID=22533) to work on /Users/abhishekpatkar/Documents/Projects/af_file_loader/venv/lib/python3.11/site-packages/airflow/example_dags/example_dag_decorator.py
[2023-07-22T17:10:42.945-0500] {processor.py:826} INFO - Processing file /Users/abhishekpatkar/Documents/Projects/af_file_loader/venv/lib/python3.11/site-packages/airflow/example_dags/example_dag_decorator.py for tasks to queue
[2023-07-22T17:10:42.946-0500] {logging_mixin.py:150} INFO - [2023-07-22T17:10:42.945-0500] {dagbag.py:541} INFO - Filling up the DagBag from /Users/abhishekpatkar/Documents/Projects/af_file_loader/venv/lib/python3.11/site-packages/airflow/example_dags/example_dag_decorator.py
[2023-07-22T17:10:43.229-0500] {processor.py:836} INFO - DAG(s) dict_keys(['example_dag_decorator']) retrieved from /Users/abhishekpatkar/Documents/Projects/af_file_loader/venv/lib/python3.11/site-packages/airflow/example_dags/example_dag_decorator.py
[2023-07-22T17:10:43.867-0500] {logging_mixin.py:150} INFO - [2023-07-22T17:10:43.867-0500] {dag.py:2742} INFO - Sync 1 DAGs
[2023-07-22T17:10:43.884-0500] {logging_mixin.py:150} INFO - [2023-07-22T17:10:43.884-0500] {dag.py:3504} INFO - Setting next_dagrun for example_dag_decorator to None, run_after=None
[2023-07-22T17:10:43.906-0500] {processor.py:179} INFO - Processing /Users/abhishekpatkar/Documents/Projects/af_file_loader/venv/lib/python3.11/site-packages/airflow/example_dags/example_dag_decorator.py took 0.967 seconds
[2023-07-22T17:14:40.865-0500] {processor.py:157} INFO - Started process (PID=22683) to work on /Users/abhishekpatkar/Documents/Projects/af_file_loader/venv/lib/python3.11/site-packages/airflow/example_dags/example_dag_decorator.py
[2023-07-22T17:14:40.870-0500] {processor.py:826} INFO - Processing file /Users/abhishekpatkar/Documents/Projects/af_file_loader/venv/lib/python3.11/site-packages/airflow/example_dags/example_dag_decorator.py for tasks to queue
[2023-07-22T17:14:40.871-0500] {logging_mixin.py:150} INFO - [2023-07-22T17:14:40.870-0500] {dagbag.py:541} INFO - Filling up the DagBag from /Users/abhishekpatkar/Documents/Projects/af_file_loader/venv/lib/python3.11/site-packages/airflow/example_dags/example_dag_decorator.py
[2023-07-22T17:14:41.161-0500] {processor.py:836} INFO - DAG(s) dict_keys(['example_dag_decorator']) retrieved from /Users/abhishekpatkar/Documents/Projects/af_file_loader/venv/lib/python3.11/site-packages/airflow/example_dags/example_dag_decorator.py
[2023-07-22T17:14:41.790-0500] {logging_mixin.py:150} INFO - [2023-07-22T17:14:41.790-0500] {dag.py:2742} INFO - Sync 1 DAGs
[2023-07-22T17:14:41.808-0500] {logging_mixin.py:150} INFO - [2023-07-22T17:14:41.808-0500] {dag.py:3504} INFO - Setting next_dagrun for example_dag_decorator to None, run_after=None
[2023-07-22T17:14:41.831-0500] {processor.py:179} INFO - Processing /Users/abhishekpatkar/Documents/Projects/af_file_loader/venv/lib/python3.11/site-packages/airflow/example_dags/example_dag_decorator.py took 0.968 seconds
[2023-07-22T17:19:31.404-0500] {processor.py:157} INFO - Started process (PID=22908) to work on /Users/abhishekpatkar/Documents/Projects/af_file_loader/venv/lib/python3.11/site-packages/airflow/example_dags/example_dag_decorator.py
[2023-07-22T17:19:31.409-0500] {processor.py:826} INFO - Processing file /Users/abhishekpatkar/Documents/Projects/af_file_loader/venv/lib/python3.11/site-packages/airflow/example_dags/example_dag_decorator.py for tasks to queue
[2023-07-22T17:19:31.409-0500] {logging_mixin.py:150} INFO - [2023-07-22T17:19:31.409-0500] {dagbag.py:541} INFO - Filling up the DagBag from /Users/abhishekpatkar/Documents/Projects/af_file_loader/venv/lib/python3.11/site-packages/airflow/example_dags/example_dag_decorator.py
[2023-07-22T17:19:31.692-0500] {processor.py:836} INFO - DAG(s) dict_keys(['example_dag_decorator']) retrieved from /Users/abhishekpatkar/Documents/Projects/af_file_loader/venv/lib/python3.11/site-packages/airflow/example_dags/example_dag_decorator.py
[2023-07-22T17:19:32.339-0500] {logging_mixin.py:150} INFO - [2023-07-22T17:19:32.339-0500] {dag.py:2742} INFO - Sync 1 DAGs
[2023-07-22T17:19:32.358-0500] {logging_mixin.py:150} INFO - [2023-07-22T17:19:32.358-0500] {dag.py:3504} INFO - Setting next_dagrun for example_dag_decorator to None, run_after=None
[2023-07-22T17:19:32.382-0500] {processor.py:179} INFO - Processing /Users/abhishekpatkar/Documents/Projects/af_file_loader/venv/lib/python3.11/site-packages/airflow/example_dags/example_dag_decorator.py took 0.978 seconds
[2023-07-22T17:24:33.142-0500] {processor.py:157} INFO - Started process (PID=23151) to work on /Users/abhishekpatkar/Documents/Projects/af_file_loader/venv/lib/python3.11/site-packages/airflow/example_dags/example_dag_decorator.py
[2023-07-22T17:24:33.146-0500] {processor.py:826} INFO - Processing file /Users/abhishekpatkar/Documents/Projects/af_file_loader/venv/lib/python3.11/site-packages/airflow/example_dags/example_dag_decorator.py for tasks to queue
[2023-07-22T17:24:33.147-0500] {logging_mixin.py:150} INFO - [2023-07-22T17:24:33.147-0500] {dagbag.py:541} INFO - Filling up the DagBag from /Users/abhishekpatkar/Documents/Projects/af_file_loader/venv/lib/python3.11/site-packages/airflow/example_dags/example_dag_decorator.py
[2023-07-22T17:24:33.522-0500] {processor.py:836} INFO - DAG(s) dict_keys(['example_dag_decorator']) retrieved from /Users/abhishekpatkar/Documents/Projects/af_file_loader/venv/lib/python3.11/site-packages/airflow/example_dags/example_dag_decorator.py
[2023-07-22T17:24:34.343-0500] {logging_mixin.py:150} INFO - [2023-07-22T17:24:34.342-0500] {dag.py:2742} INFO - Sync 1 DAGs
[2023-07-22T17:24:34.366-0500] {logging_mixin.py:150} INFO - [2023-07-22T17:24:34.366-0500] {dag.py:3504} INFO - Setting next_dagrun for example_dag_decorator to None, run_after=None
[2023-07-22T17:24:34.390-0500] {processor.py:179} INFO - Processing /Users/abhishekpatkar/Documents/Projects/af_file_loader/venv/lib/python3.11/site-packages/airflow/example_dags/example_dag_decorator.py took 1.249 seconds
[2023-07-22T17:29:45.252-0500] {processor.py:157} INFO - Started process (PID=23310) to work on /Users/abhishekpatkar/Documents/Projects/af_file_loader/venv/lib/python3.11/site-packages/airflow/example_dags/example_dag_decorator.py
[2023-07-22T17:29:45.257-0500] {processor.py:826} INFO - Processing file /Users/abhishekpatkar/Documents/Projects/af_file_loader/venv/lib/python3.11/site-packages/airflow/example_dags/example_dag_decorator.py for tasks to queue
[2023-07-22T17:29:45.258-0500] {logging_mixin.py:150} INFO - [2023-07-22T17:29:45.258-0500] {dagbag.py:541} INFO - Filling up the DagBag from /Users/abhishekpatkar/Documents/Projects/af_file_loader/venv/lib/python3.11/site-packages/airflow/example_dags/example_dag_decorator.py
[2023-07-22T17:29:45.509-0500] {processor.py:836} INFO - DAG(s) dict_keys(['example_dag_decorator']) retrieved from /Users/abhishekpatkar/Documents/Projects/af_file_loader/venv/lib/python3.11/site-packages/airflow/example_dags/example_dag_decorator.py
[2023-07-22T17:29:46.114-0500] {logging_mixin.py:150} INFO - [2023-07-22T17:29:46.113-0500] {dag.py:2742} INFO - Sync 1 DAGs
[2023-07-22T17:29:46.139-0500] {logging_mixin.py:150} INFO - [2023-07-22T17:29:46.139-0500] {dag.py:3504} INFO - Setting next_dagrun for example_dag_decorator to None, run_after=None
[2023-07-22T17:29:46.170-0500] {processor.py:179} INFO - Processing /Users/abhishekpatkar/Documents/Projects/af_file_loader/venv/lib/python3.11/site-packages/airflow/example_dags/example_dag_decorator.py took 0.919 seconds
[2023-07-22T17:33:56.712-0500] {processor.py:157} INFO - Started process (PID=23495) to work on /Users/abhishekpatkar/Documents/Projects/af_file_loader/venv/lib/python3.11/site-packages/airflow/example_dags/example_dag_decorator.py
[2023-07-22T17:33:56.716-0500] {processor.py:826} INFO - Processing file /Users/abhishekpatkar/Documents/Projects/af_file_loader/venv/lib/python3.11/site-packages/airflow/example_dags/example_dag_decorator.py for tasks to queue
[2023-07-22T17:33:56.717-0500] {logging_mixin.py:150} INFO - [2023-07-22T17:33:56.717-0500] {dagbag.py:541} INFO - Filling up the DagBag from /Users/abhishekpatkar/Documents/Projects/af_file_loader/venv/lib/python3.11/site-packages/airflow/example_dags/example_dag_decorator.py
[2023-07-22T17:33:56.959-0500] {processor.py:836} INFO - DAG(s) dict_keys(['example_dag_decorator']) retrieved from /Users/abhishekpatkar/Documents/Projects/af_file_loader/venv/lib/python3.11/site-packages/airflow/example_dags/example_dag_decorator.py
[2023-07-22T17:33:57.527-0500] {logging_mixin.py:150} INFO - [2023-07-22T17:33:57.527-0500] {dag.py:2742} INFO - Sync 1 DAGs
[2023-07-22T17:33:57.545-0500] {logging_mixin.py:150} INFO - [2023-07-22T17:33:57.545-0500] {dag.py:3504} INFO - Setting next_dagrun for example_dag_decorator to None, run_after=None
[2023-07-22T17:33:57.564-0500] {processor.py:179} INFO - Processing /Users/abhishekpatkar/Documents/Projects/af_file_loader/venv/lib/python3.11/site-packages/airflow/example_dags/example_dag_decorator.py took 0.853 seconds
[2023-07-22T17:40:09.924-0500] {processor.py:157} INFO - Started process (PID=23738) to work on /Users/abhishekpatkar/Documents/Projects/af_file_loader/venv/lib/python3.11/site-packages/airflow/example_dags/example_dag_decorator.py
[2023-07-22T17:40:09.933-0500] {processor.py:826} INFO - Processing file /Users/abhishekpatkar/Documents/Projects/af_file_loader/venv/lib/python3.11/site-packages/airflow/example_dags/example_dag_decorator.py for tasks to queue
[2023-07-22T17:40:09.936-0500] {logging_mixin.py:150} INFO - [2023-07-22T17:40:09.935-0500] {dagbag.py:541} INFO - Filling up the DagBag from /Users/abhishekpatkar/Documents/Projects/af_file_loader/venv/lib/python3.11/site-packages/airflow/example_dags/example_dag_decorator.py
[2023-07-22T17:40:11.779-0500] {processor.py:836} INFO - DAG(s) dict_keys(['example_dag_decorator']) retrieved from /Users/abhishekpatkar/Documents/Projects/af_file_loader/venv/lib/python3.11/site-packages/airflow/example_dags/example_dag_decorator.py
[2023-07-22T17:40:16.281-0500] {logging_mixin.py:150} INFO - [2023-07-22T17:40:16.280-0500] {dag.py:2742} INFO - Sync 1 DAGs
[2023-07-22T17:40:16.363-0500] {logging_mixin.py:150} INFO - [2023-07-22T17:40:16.362-0500] {dag.py:3504} INFO - Setting next_dagrun for example_dag_decorator to None, run_after=None
[2023-07-22T17:40:16.449-0500] {processor.py:179} INFO - Processing /Users/abhishekpatkar/Documents/Projects/af_file_loader/venv/lib/python3.11/site-packages/airflow/example_dags/example_dag_decorator.py took 6.526 seconds
[2023-07-22T17:49:15.028-0500] {processor.py:157} INFO - Started process (PID=24114) to work on /Users/abhishekpatkar/Documents/Projects/af_file_loader/venv/lib/python3.11/site-packages/airflow/example_dags/example_dag_decorator.py
[2023-07-22T17:49:15.075-0500] {processor.py:826} INFO - Processing file /Users/abhishekpatkar/Documents/Projects/af_file_loader/venv/lib/python3.11/site-packages/airflow/example_dags/example_dag_decorator.py for tasks to queue
[2023-07-22T17:49:15.077-0500] {logging_mixin.py:150} INFO - [2023-07-22T17:49:15.077-0500] {dagbag.py:541} INFO - Filling up the DagBag from /Users/abhishekpatkar/Documents/Projects/af_file_loader/venv/lib/python3.11/site-packages/airflow/example_dags/example_dag_decorator.py
[2023-07-22T17:49:16.214-0500] {processor.py:836} INFO - DAG(s) dict_keys(['example_dag_decorator']) retrieved from /Users/abhishekpatkar/Documents/Projects/af_file_loader/venv/lib/python3.11/site-packages/airflow/example_dags/example_dag_decorator.py
[2023-07-22T17:49:19.671-0500] {logging_mixin.py:150} INFO - [2023-07-22T17:49:19.670-0500] {dag.py:2742} INFO - Sync 1 DAGs
[2023-07-22T17:49:19.711-0500] {logging_mixin.py:150} INFO - [2023-07-22T17:49:19.711-0500] {dag.py:3504} INFO - Setting next_dagrun for example_dag_decorator to None, run_after=None
[2023-07-22T17:49:19.766-0500] {processor.py:179} INFO - Processing /Users/abhishekpatkar/Documents/Projects/af_file_loader/venv/lib/python3.11/site-packages/airflow/example_dags/example_dag_decorator.py took 4.740 seconds
[2023-07-22T17:54:01.406-0500] {processor.py:157} INFO - Started process (PID=24391) to work on /Users/abhishekpatkar/Documents/Projects/af_file_loader/venv/lib/python3.11/site-packages/airflow/example_dags/example_dag_decorator.py
[2023-07-22T17:54:01.422-0500] {processor.py:826} INFO - Processing file /Users/abhishekpatkar/Documents/Projects/af_file_loader/venv/lib/python3.11/site-packages/airflow/example_dags/example_dag_decorator.py for tasks to queue
[2023-07-22T17:54:01.426-0500] {logging_mixin.py:150} INFO - [2023-07-22T17:54:01.426-0500] {dagbag.py:541} INFO - Filling up the DagBag from /Users/abhishekpatkar/Documents/Projects/af_file_loader/venv/lib/python3.11/site-packages/airflow/example_dags/example_dag_decorator.py
[2023-07-22T17:54:01.805-0500] {processor.py:836} INFO - DAG(s) dict_keys(['example_dag_decorator']) retrieved from /Users/abhishekpatkar/Documents/Projects/af_file_loader/venv/lib/python3.11/site-packages/airflow/example_dags/example_dag_decorator.py
[2023-07-22T17:54:03.022-0500] {logging_mixin.py:150} INFO - [2023-07-22T17:54:03.021-0500] {dag.py:2742} INFO - Sync 1 DAGs
[2023-07-22T17:54:03.045-0500] {logging_mixin.py:150} INFO - [2023-07-22T17:54:03.045-0500] {dag.py:3504} INFO - Setting next_dagrun for example_dag_decorator to None, run_after=None
[2023-07-22T17:54:03.064-0500] {processor.py:179} INFO - Processing /Users/abhishekpatkar/Documents/Projects/af_file_loader/venv/lib/python3.11/site-packages/airflow/example_dags/example_dag_decorator.py took 1.658 seconds
[2023-07-22T18:03:45.705-0500] {processor.py:157} INFO - Started process (PID=24805) to work on /Users/abhishekpatkar/Documents/Projects/af_file_loader/venv/lib/python3.11/site-packages/airflow/example_dags/example_dag_decorator.py
[2023-07-22T18:03:45.709-0500] {processor.py:826} INFO - Processing file /Users/abhishekpatkar/Documents/Projects/af_file_loader/venv/lib/python3.11/site-packages/airflow/example_dags/example_dag_decorator.py for tasks to queue
[2023-07-22T18:03:45.710-0500] {logging_mixin.py:150} INFO - [2023-07-22T18:03:45.709-0500] {dagbag.py:541} INFO - Filling up the DagBag from /Users/abhishekpatkar/Documents/Projects/af_file_loader/venv/lib/python3.11/site-packages/airflow/example_dags/example_dag_decorator.py
[2023-07-22T18:03:46.089-0500] {processor.py:836} INFO - DAG(s) dict_keys(['example_dag_decorator']) retrieved from /Users/abhishekpatkar/Documents/Projects/af_file_loader/venv/lib/python3.11/site-packages/airflow/example_dags/example_dag_decorator.py
[2023-07-22T18:03:47.312-0500] {logging_mixin.py:150} INFO - [2023-07-22T18:03:47.312-0500] {dag.py:2742} INFO - Sync 1 DAGs
[2023-07-22T18:03:47.334-0500] {logging_mixin.py:150} INFO - [2023-07-22T18:03:47.334-0500] {dag.py:3504} INFO - Setting next_dagrun for example_dag_decorator to None, run_after=None
[2023-07-22T18:03:47.366-0500] {processor.py:179} INFO - Processing /Users/abhishekpatkar/Documents/Projects/af_file_loader/venv/lib/python3.11/site-packages/airflow/example_dags/example_dag_decorator.py took 1.662 seconds
