[2023-07-22T14:52:13.936-0500] {processor.py:157} INFO - Started process (PID=16649) to work on /Users/abhishekpatkar/Documents/Projects/af_file_loader/venv/lib/python3.11/site-packages/airflow/example_dags/example_dynamic_task_mapping_with_no_taskflow_operators.py
[2023-07-22T14:52:13.940-0500] {processor.py:826} INFO - Processing file /Users/abhishekpatkar/Documents/Projects/af_file_loader/venv/lib/python3.11/site-packages/airflow/example_dags/example_dynamic_task_mapping_with_no_taskflow_operators.py for tasks to queue
[2023-07-22T14:52:13.940-0500] {logging_mixin.py:150} INFO - [2023-07-22T14:52:13.940-0500] {dagbag.py:541} INFO - Filling up the DagBag from /Users/abhishekpatkar/Documents/Projects/af_file_loader/venv/lib/python3.11/site-packages/airflow/example_dags/example_dynamic_task_mapping_with_no_taskflow_operators.py
[2023-07-22T14:52:13.986-0500] {processor.py:836} INFO - DAG(s) dict_keys(['example_dynamic_task_mapping_with_no_taskflow_operators']) retrieved from /Users/abhishekpatkar/Documents/Projects/af_file_loader/venv/lib/python3.11/site-packages/airflow/example_dags/example_dynamic_task_mapping_with_no_taskflow_operators.py
[2023-07-22T14:52:15.052-0500] {logging_mixin.py:150} INFO - [2023-07-22T14:52:15.052-0500] {manager.py:504} INFO - Created Permission View: can edit on DAG:example_dynamic_task_mapping_with_no_taskflow_operators
[2023-07-22T14:52:15.066-0500] {logging_mixin.py:150} INFO - [2023-07-22T14:52:15.066-0500] {manager.py:504} INFO - Created Permission View: can delete on DAG:example_dynamic_task_mapping_with_no_taskflow_operators
[2023-07-22T14:52:15.073-0500] {logging_mixin.py:150} INFO - [2023-07-22T14:52:15.073-0500] {manager.py:504} INFO - Created Permission View: can read on DAG:example_dynamic_task_mapping_with_no_taskflow_operators
[2023-07-22T14:52:15.085-0500] {logging_mixin.py:150} INFO - [2023-07-22T14:52:15.085-0500] {dag.py:2742} INFO - Sync 1 DAGs
[2023-07-22T14:52:15.100-0500] {logging_mixin.py:150} INFO - [2023-07-22T14:52:15.099-0500] {dag.py:2763} INFO - Creating ORM DAG for example_dynamic_task_mapping_with_no_taskflow_operators
[2023-07-22T14:52:15.110-0500] {logging_mixin.py:150} INFO - [2023-07-22T14:52:15.110-0500] {dag.py:3504} INFO - Setting next_dagrun for example_dynamic_task_mapping_with_no_taskflow_operators to 2023-07-21T19:52:15.110306+00:00, run_after=2023-07-22T19:52:15.110306+00:00
[2023-07-22T14:52:15.133-0500] {processor.py:179} INFO - Processing /Users/abhishekpatkar/Documents/Projects/af_file_loader/venv/lib/python3.11/site-packages/airflow/example_dags/example_dynamic_task_mapping_with_no_taskflow_operators.py took 1.199 seconds
[2023-07-22T14:55:37.429-0500] {processor.py:157} INFO - Started process (PID=16917) to work on /Users/abhishekpatkar/Documents/Projects/af_file_loader/venv/lib/python3.11/site-packages/airflow/example_dags/example_dynamic_task_mapping_with_no_taskflow_operators.py
[2023-07-22T14:55:37.435-0500] {processor.py:826} INFO - Processing file /Users/abhishekpatkar/Documents/Projects/af_file_loader/venv/lib/python3.11/site-packages/airflow/example_dags/example_dynamic_task_mapping_with_no_taskflow_operators.py for tasks to queue
[2023-07-22T14:55:37.436-0500] {logging_mixin.py:150} INFO - [2023-07-22T14:55:37.436-0500] {dagbag.py:541} INFO - Filling up the DagBag from /Users/abhishekpatkar/Documents/Projects/af_file_loader/venv/lib/python3.11/site-packages/airflow/example_dags/example_dynamic_task_mapping_with_no_taskflow_operators.py
[2023-07-22T14:55:37.457-0500] {processor.py:836} INFO - DAG(s) dict_keys(['example_dynamic_task_mapping_with_no_taskflow_operators']) retrieved from /Users/abhishekpatkar/Documents/Projects/af_file_loader/venv/lib/python3.11/site-packages/airflow/example_dags/example_dynamic_task_mapping_with_no_taskflow_operators.py
[2023-07-22T14:55:39.145-0500] {logging_mixin.py:150} INFO - [2023-07-22T14:55:39.145-0500] {dag.py:2742} INFO - Sync 1 DAGs
[2023-07-22T14:55:39.177-0500] {logging_mixin.py:150} INFO - [2023-07-22T14:55:39.177-0500] {dag.py:3504} INFO - Setting next_dagrun for example_dynamic_task_mapping_with_no_taskflow_operators to 2023-07-21T19:55:39.177264+00:00, run_after=2023-07-22T19:55:39.177264+00:00
[2023-07-22T14:55:39.200-0500] {processor.py:179} INFO - Processing /Users/abhishekpatkar/Documents/Projects/af_file_loader/venv/lib/python3.11/site-packages/airflow/example_dags/example_dynamic_task_mapping_with_no_taskflow_operators.py took 1.773 seconds
[2023-07-22T15:00:31.909-0500] {processor.py:157} INFO - Started process (PID=17094) to work on /Users/abhishekpatkar/Documents/Projects/af_file_loader/venv/lib/python3.11/site-packages/airflow/example_dags/example_dynamic_task_mapping_with_no_taskflow_operators.py
[2023-07-22T15:00:31.913-0500] {processor.py:826} INFO - Processing file /Users/abhishekpatkar/Documents/Projects/af_file_loader/venv/lib/python3.11/site-packages/airflow/example_dags/example_dynamic_task_mapping_with_no_taskflow_operators.py for tasks to queue
[2023-07-22T15:00:31.914-0500] {logging_mixin.py:150} INFO - [2023-07-22T15:00:31.914-0500] {dagbag.py:541} INFO - Filling up the DagBag from /Users/abhishekpatkar/Documents/Projects/af_file_loader/venv/lib/python3.11/site-packages/airflow/example_dags/example_dynamic_task_mapping_with_no_taskflow_operators.py
[2023-07-22T15:00:31.935-0500] {processor.py:836} INFO - DAG(s) dict_keys(['example_dynamic_task_mapping_with_no_taskflow_operators']) retrieved from /Users/abhishekpatkar/Documents/Projects/af_file_loader/venv/lib/python3.11/site-packages/airflow/example_dags/example_dynamic_task_mapping_with_no_taskflow_operators.py
[2023-07-22T15:00:33.058-0500] {logging_mixin.py:150} INFO - [2023-07-22T15:00:33.057-0500] {dag.py:2742} INFO - Sync 1 DAGs
[2023-07-22T15:00:33.088-0500] {logging_mixin.py:150} INFO - [2023-07-22T15:00:33.088-0500] {dag.py:3504} INFO - Setting next_dagrun for example_dynamic_task_mapping_with_no_taskflow_operators to 2023-07-21T20:00:33.087879+00:00, run_after=2023-07-22T20:00:33.087879+00:00
[2023-07-22T15:00:33.129-0500] {processor.py:179} INFO - Processing /Users/abhishekpatkar/Documents/Projects/af_file_loader/venv/lib/python3.11/site-packages/airflow/example_dags/example_dynamic_task_mapping_with_no_taskflow_operators.py took 1.220 seconds
[2023-07-22T15:05:43.440-0500] {processor.py:157} INFO - Started process (PID=17607) to work on /Users/abhishekpatkar/Documents/Projects/af_file_loader/venv/lib/python3.11/site-packages/airflow/example_dags/example_dynamic_task_mapping_with_no_taskflow_operators.py
[2023-07-22T15:05:43.451-0500] {processor.py:826} INFO - Processing file /Users/abhishekpatkar/Documents/Projects/af_file_loader/venv/lib/python3.11/site-packages/airflow/example_dags/example_dynamic_task_mapping_with_no_taskflow_operators.py for tasks to queue
[2023-07-22T15:05:43.459-0500] {logging_mixin.py:150} INFO - [2023-07-22T15:05:43.456-0500] {dagbag.py:541} INFO - Filling up the DagBag from /Users/abhishekpatkar/Documents/Projects/af_file_loader/venv/lib/python3.11/site-packages/airflow/example_dags/example_dynamic_task_mapping_with_no_taskflow_operators.py
[2023-07-22T15:05:43.566-0500] {processor.py:836} INFO - DAG(s) dict_keys(['example_dynamic_task_mapping_with_no_taskflow_operators']) retrieved from /Users/abhishekpatkar/Documents/Projects/af_file_loader/venv/lib/python3.11/site-packages/airflow/example_dags/example_dynamic_task_mapping_with_no_taskflow_operators.py
[2023-07-22T15:05:45.076-0500] {logging_mixin.py:150} INFO - [2023-07-22T15:05:45.075-0500] {dag.py:2742} INFO - Sync 1 DAGs
[2023-07-22T15:05:45.108-0500] {logging_mixin.py:150} INFO - [2023-07-22T15:05:45.108-0500] {dag.py:3504} INFO - Setting next_dagrun for example_dynamic_task_mapping_with_no_taskflow_operators to 2023-07-21T20:05:45.107965+00:00, run_after=2023-07-22T20:05:45.107965+00:00
[2023-07-22T15:05:45.149-0500] {processor.py:179} INFO - Processing /Users/abhishekpatkar/Documents/Projects/af_file_loader/venv/lib/python3.11/site-packages/airflow/example_dags/example_dynamic_task_mapping_with_no_taskflow_operators.py took 1.714 seconds
[2023-07-22T15:11:20.434-0500] {processor.py:157} INFO - Started process (PID=17828) to work on /Users/abhishekpatkar/Documents/Projects/af_file_loader/venv/lib/python3.11/site-packages/airflow/example_dags/example_dynamic_task_mapping_with_no_taskflow_operators.py
[2023-07-22T15:11:20.441-0500] {processor.py:826} INFO - Processing file /Users/abhishekpatkar/Documents/Projects/af_file_loader/venv/lib/python3.11/site-packages/airflow/example_dags/example_dynamic_task_mapping_with_no_taskflow_operators.py for tasks to queue
[2023-07-22T15:11:20.442-0500] {logging_mixin.py:150} INFO - [2023-07-22T15:11:20.442-0500] {dagbag.py:541} INFO - Filling up the DagBag from /Users/abhishekpatkar/Documents/Projects/af_file_loader/venv/lib/python3.11/site-packages/airflow/example_dags/example_dynamic_task_mapping_with_no_taskflow_operators.py
[2023-07-22T15:11:20.472-0500] {processor.py:836} INFO - DAG(s) dict_keys(['example_dynamic_task_mapping_with_no_taskflow_operators']) retrieved from /Users/abhishekpatkar/Documents/Projects/af_file_loader/venv/lib/python3.11/site-packages/airflow/example_dags/example_dynamic_task_mapping_with_no_taskflow_operators.py
[2023-07-22T15:11:21.676-0500] {logging_mixin.py:150} INFO - [2023-07-22T15:11:21.675-0500] {dag.py:2742} INFO - Sync 1 DAGs
[2023-07-22T15:11:21.700-0500] {logging_mixin.py:150} INFO - [2023-07-22T15:11:21.700-0500] {dag.py:3504} INFO - Setting next_dagrun for example_dynamic_task_mapping_with_no_taskflow_operators to 2023-07-21T20:11:21.699949+00:00, run_after=2023-07-22T20:11:21.699949+00:00
[2023-07-22T15:11:21.722-0500] {processor.py:179} INFO - Processing /Users/abhishekpatkar/Documents/Projects/af_file_loader/venv/lib/python3.11/site-packages/airflow/example_dags/example_dynamic_task_mapping_with_no_taskflow_operators.py took 1.289 seconds
[2023-07-22T15:14:08.253-0500] {processor.py:157} INFO - Started process (PID=17926) to work on /Users/abhishekpatkar/Documents/Projects/af_file_loader/venv/lib/python3.11/site-packages/airflow/example_dags/example_dynamic_task_mapping_with_no_taskflow_operators.py
[2023-07-22T15:14:08.257-0500] {processor.py:826} INFO - Processing file /Users/abhishekpatkar/Documents/Projects/af_file_loader/venv/lib/python3.11/site-packages/airflow/example_dags/example_dynamic_task_mapping_with_no_taskflow_operators.py for tasks to queue
[2023-07-22T15:14:08.258-0500] {logging_mixin.py:150} INFO - [2023-07-22T15:14:08.258-0500] {dagbag.py:541} INFO - Filling up the DagBag from /Users/abhishekpatkar/Documents/Projects/af_file_loader/venv/lib/python3.11/site-packages/airflow/example_dags/example_dynamic_task_mapping_with_no_taskflow_operators.py
[2023-07-22T15:14:08.279-0500] {processor.py:836} INFO - DAG(s) dict_keys(['example_dynamic_task_mapping_with_no_taskflow_operators']) retrieved from /Users/abhishekpatkar/Documents/Projects/af_file_loader/venv/lib/python3.11/site-packages/airflow/example_dags/example_dynamic_task_mapping_with_no_taskflow_operators.py
[2023-07-22T15:14:09.376-0500] {logging_mixin.py:150} INFO - [2023-07-22T15:14:09.375-0500] {dag.py:2742} INFO - Sync 1 DAGs
[2023-07-22T15:14:09.393-0500] {logging_mixin.py:150} INFO - [2023-07-22T15:14:09.393-0500] {dag.py:3504} INFO - Setting next_dagrun for example_dynamic_task_mapping_with_no_taskflow_operators to 2023-07-21T20:14:09.393636+00:00, run_after=2023-07-22T20:14:09.393636+00:00
[2023-07-22T15:14:09.418-0500] {processor.py:179} INFO - Processing /Users/abhishekpatkar/Documents/Projects/af_file_loader/venv/lib/python3.11/site-packages/airflow/example_dags/example_dynamic_task_mapping_with_no_taskflow_operators.py took 1.166 seconds
[2023-07-22T15:19:57.862-0500] {processor.py:157} INFO - Started process (PID=18133) to work on /Users/abhishekpatkar/Documents/Projects/af_file_loader/venv/lib/python3.11/site-packages/airflow/example_dags/example_dynamic_task_mapping_with_no_taskflow_operators.py
[2023-07-22T15:19:57.866-0500] {processor.py:826} INFO - Processing file /Users/abhishekpatkar/Documents/Projects/af_file_loader/venv/lib/python3.11/site-packages/airflow/example_dags/example_dynamic_task_mapping_with_no_taskflow_operators.py for tasks to queue
[2023-07-22T15:19:57.867-0500] {logging_mixin.py:150} INFO - [2023-07-22T15:19:57.867-0500] {dagbag.py:541} INFO - Filling up the DagBag from /Users/abhishekpatkar/Documents/Projects/af_file_loader/venv/lib/python3.11/site-packages/airflow/example_dags/example_dynamic_task_mapping_with_no_taskflow_operators.py
[2023-07-22T15:19:57.889-0500] {processor.py:836} INFO - DAG(s) dict_keys(['example_dynamic_task_mapping_with_no_taskflow_operators']) retrieved from /Users/abhishekpatkar/Documents/Projects/af_file_loader/venv/lib/python3.11/site-packages/airflow/example_dags/example_dynamic_task_mapping_with_no_taskflow_operators.py
[2023-07-22T15:19:58.730-0500] {logging_mixin.py:150} INFO - [2023-07-22T15:19:58.730-0500] {dag.py:2742} INFO - Sync 1 DAGs
[2023-07-22T15:19:58.753-0500] {logging_mixin.py:150} INFO - [2023-07-22T15:19:58.753-0500] {dag.py:3504} INFO - Setting next_dagrun for example_dynamic_task_mapping_with_no_taskflow_operators to 2023-07-21T20:19:58.753335+00:00, run_after=2023-07-22T20:19:58.753335+00:00
[2023-07-22T15:19:58.781-0500] {processor.py:179} INFO - Processing /Users/abhishekpatkar/Documents/Projects/af_file_loader/venv/lib/python3.11/site-packages/airflow/example_dags/example_dynamic_task_mapping_with_no_taskflow_operators.py took 0.920 seconds
[2023-07-22T15:24:42.703-0500] {processor.py:157} INFO - Started process (PID=18315) to work on /Users/abhishekpatkar/Documents/Projects/af_file_loader/venv/lib/python3.11/site-packages/airflow/example_dags/example_dynamic_task_mapping_with_no_taskflow_operators.py
[2023-07-22T15:24:42.708-0500] {processor.py:826} INFO - Processing file /Users/abhishekpatkar/Documents/Projects/af_file_loader/venv/lib/python3.11/site-packages/airflow/example_dags/example_dynamic_task_mapping_with_no_taskflow_operators.py for tasks to queue
[2023-07-22T15:24:42.708-0500] {logging_mixin.py:150} INFO - [2023-07-22T15:24:42.708-0500] {dagbag.py:541} INFO - Filling up the DagBag from /Users/abhishekpatkar/Documents/Projects/af_file_loader/venv/lib/python3.11/site-packages/airflow/example_dags/example_dynamic_task_mapping_with_no_taskflow_operators.py
[2023-07-22T15:24:42.727-0500] {processor.py:836} INFO - DAG(s) dict_keys(['example_dynamic_task_mapping_with_no_taskflow_operators']) retrieved from /Users/abhishekpatkar/Documents/Projects/af_file_loader/venv/lib/python3.11/site-packages/airflow/example_dags/example_dynamic_task_mapping_with_no_taskflow_operators.py
[2023-07-22T15:24:43.376-0500] {logging_mixin.py:150} INFO - [2023-07-22T15:24:43.376-0500] {dag.py:2742} INFO - Sync 1 DAGs
[2023-07-22T15:24:43.394-0500] {logging_mixin.py:150} INFO - [2023-07-22T15:24:43.394-0500] {dag.py:3504} INFO - Setting next_dagrun for example_dynamic_task_mapping_with_no_taskflow_operators to 2023-07-21T20:24:43.394068+00:00, run_after=2023-07-22T20:24:43.394068+00:00
[2023-07-22T15:24:43.435-0500] {processor.py:179} INFO - Processing /Users/abhishekpatkar/Documents/Projects/af_file_loader/venv/lib/python3.11/site-packages/airflow/example_dags/example_dynamic_task_mapping_with_no_taskflow_operators.py took 0.733 seconds
[2023-07-22T15:31:00.927-0500] {processor.py:157} INFO - Started process (PID=18784) to work on /Users/abhishekpatkar/Documents/Projects/af_file_loader/venv/lib/python3.11/site-packages/airflow/example_dags/example_dynamic_task_mapping_with_no_taskflow_operators.py
[2023-07-22T15:31:00.937-0500] {processor.py:826} INFO - Processing file /Users/abhishekpatkar/Documents/Projects/af_file_loader/venv/lib/python3.11/site-packages/airflow/example_dags/example_dynamic_task_mapping_with_no_taskflow_operators.py for tasks to queue
[2023-07-22T15:31:00.939-0500] {logging_mixin.py:150} INFO - [2023-07-22T15:31:00.938-0500] {dagbag.py:541} INFO - Filling up the DagBag from /Users/abhishekpatkar/Documents/Projects/af_file_loader/venv/lib/python3.11/site-packages/airflow/example_dags/example_dynamic_task_mapping_with_no_taskflow_operators.py
[2023-07-22T15:31:00.982-0500] {processor.py:836} INFO - DAG(s) dict_keys(['example_dynamic_task_mapping_with_no_taskflow_operators']) retrieved from /Users/abhishekpatkar/Documents/Projects/af_file_loader/venv/lib/python3.11/site-packages/airflow/example_dags/example_dynamic_task_mapping_with_no_taskflow_operators.py
[2023-07-22T15:31:01.986-0500] {logging_mixin.py:150} INFO - [2023-07-22T15:31:01.927-0500] {dag.py:2742} INFO - Sync 1 DAGs
[2023-07-22T15:31:02.024-0500] {logging_mixin.py:150} INFO - [2023-07-22T15:31:02.024-0500] {dag.py:3504} INFO - Setting next_dagrun for example_dynamic_task_mapping_with_no_taskflow_operators to 2023-07-21T20:31:02.023865+00:00, run_after=2023-07-22T20:31:02.023865+00:00
[2023-07-22T15:31:02.047-0500] {processor.py:179} INFO - Processing /Users/abhishekpatkar/Documents/Projects/af_file_loader/venv/lib/python3.11/site-packages/airflow/example_dags/example_dynamic_task_mapping_with_no_taskflow_operators.py took 1.122 seconds
[2023-07-22T15:34:54.779-0500] {processor.py:157} INFO - Started process (PID=18933) to work on /Users/abhishekpatkar/Documents/Projects/af_file_loader/venv/lib/python3.11/site-packages/airflow/example_dags/example_dynamic_task_mapping_with_no_taskflow_operators.py
[2023-07-22T15:34:54.784-0500] {processor.py:826} INFO - Processing file /Users/abhishekpatkar/Documents/Projects/af_file_loader/venv/lib/python3.11/site-packages/airflow/example_dags/example_dynamic_task_mapping_with_no_taskflow_operators.py for tasks to queue
[2023-07-22T15:34:54.784-0500] {logging_mixin.py:150} INFO - [2023-07-22T15:34:54.784-0500] {dagbag.py:541} INFO - Filling up the DagBag from /Users/abhishekpatkar/Documents/Projects/af_file_loader/venv/lib/python3.11/site-packages/airflow/example_dags/example_dynamic_task_mapping_with_no_taskflow_operators.py
[2023-07-22T15:34:54.803-0500] {processor.py:836} INFO - DAG(s) dict_keys(['example_dynamic_task_mapping_with_no_taskflow_operators']) retrieved from /Users/abhishekpatkar/Documents/Projects/af_file_loader/venv/lib/python3.11/site-packages/airflow/example_dags/example_dynamic_task_mapping_with_no_taskflow_operators.py
[2023-07-22T15:34:55.514-0500] {logging_mixin.py:150} INFO - [2023-07-22T15:34:55.459-0500] {dag.py:2742} INFO - Sync 1 DAGs
[2023-07-22T15:34:55.529-0500] {logging_mixin.py:150} INFO - [2023-07-22T15:34:55.529-0500] {dag.py:3504} INFO - Setting next_dagrun for example_dynamic_task_mapping_with_no_taskflow_operators to 2023-07-21T20:34:55.529401+00:00, run_after=2023-07-22T20:34:55.529401+00:00
[2023-07-22T15:34:55.548-0500] {processor.py:179} INFO - Processing /Users/abhishekpatkar/Documents/Projects/af_file_loader/venv/lib/python3.11/site-packages/airflow/example_dags/example_dynamic_task_mapping_with_no_taskflow_operators.py took 0.770 seconds
[2023-07-22T15:48:37.313-0500] {processor.py:157} INFO - Started process (PID=19441) to work on /Users/abhishekpatkar/Documents/Projects/af_file_loader/venv/lib/python3.11/site-packages/airflow/example_dags/example_dynamic_task_mapping_with_no_taskflow_operators.py
[2023-07-22T15:48:37.317-0500] {processor.py:826} INFO - Processing file /Users/abhishekpatkar/Documents/Projects/af_file_loader/venv/lib/python3.11/site-packages/airflow/example_dags/example_dynamic_task_mapping_with_no_taskflow_operators.py for tasks to queue
[2023-07-22T15:48:37.318-0500] {logging_mixin.py:150} INFO - [2023-07-22T15:48:37.318-0500] {dagbag.py:541} INFO - Filling up the DagBag from /Users/abhishekpatkar/Documents/Projects/af_file_loader/venv/lib/python3.11/site-packages/airflow/example_dags/example_dynamic_task_mapping_with_no_taskflow_operators.py
[2023-07-22T15:48:37.342-0500] {processor.py:836} INFO - DAG(s) dict_keys(['example_dynamic_task_mapping_with_no_taskflow_operators']) retrieved from /Users/abhishekpatkar/Documents/Projects/af_file_loader/venv/lib/python3.11/site-packages/airflow/example_dags/example_dynamic_task_mapping_with_no_taskflow_operators.py
[2023-07-22T15:48:38.102-0500] {logging_mixin.py:150} INFO - [2023-07-22T15:48:38.039-0500] {dag.py:2742} INFO - Sync 1 DAGs
[2023-07-22T15:48:38.120-0500] {logging_mixin.py:150} INFO - [2023-07-22T15:48:38.120-0500] {dag.py:3504} INFO - Setting next_dagrun for example_dynamic_task_mapping_with_no_taskflow_operators to 2023-07-21T20:48:38.120304+00:00, run_after=2023-07-22T20:48:38.120304+00:00
[2023-07-22T15:48:38.141-0500] {processor.py:179} INFO - Processing /Users/abhishekpatkar/Documents/Projects/af_file_loader/venv/lib/python3.11/site-packages/airflow/example_dags/example_dynamic_task_mapping_with_no_taskflow_operators.py took 0.830 seconds
[2023-07-22T15:53:46.745-0500] {processor.py:157} INFO - Started process (PID=19867) to work on /Users/abhishekpatkar/Documents/Projects/af_file_loader/venv/lib/python3.11/site-packages/airflow/example_dags/example_dynamic_task_mapping_with_no_taskflow_operators.py
[2023-07-22T15:53:46.750-0500] {processor.py:826} INFO - Processing file /Users/abhishekpatkar/Documents/Projects/af_file_loader/venv/lib/python3.11/site-packages/airflow/example_dags/example_dynamic_task_mapping_with_no_taskflow_operators.py for tasks to queue
[2023-07-22T15:53:46.750-0500] {logging_mixin.py:150} INFO - [2023-07-22T15:53:46.750-0500] {dagbag.py:541} INFO - Filling up the DagBag from /Users/abhishekpatkar/Documents/Projects/af_file_loader/venv/lib/python3.11/site-packages/airflow/example_dags/example_dynamic_task_mapping_with_no_taskflow_operators.py
[2023-07-22T15:53:46.770-0500] {processor.py:836} INFO - DAG(s) dict_keys(['example_dynamic_task_mapping_with_no_taskflow_operators']) retrieved from /Users/abhishekpatkar/Documents/Projects/af_file_loader/venv/lib/python3.11/site-packages/airflow/example_dags/example_dynamic_task_mapping_with_no_taskflow_operators.py
[2023-07-22T15:53:47.746-0500] {logging_mixin.py:150} INFO - [2023-07-22T15:53:47.663-0500] {dag.py:2742} INFO - Sync 1 DAGs
[2023-07-22T15:53:47.765-0500] {logging_mixin.py:150} INFO - [2023-07-22T15:53:47.764-0500] {dag.py:3504} INFO - Setting next_dagrun for example_dynamic_task_mapping_with_no_taskflow_operators to 2023-07-21T20:53:47.764734+00:00, run_after=2023-07-22T20:53:47.764734+00:00
[2023-07-22T15:53:47.797-0500] {processor.py:179} INFO - Processing /Users/abhishekpatkar/Documents/Projects/af_file_loader/venv/lib/python3.11/site-packages/airflow/example_dags/example_dynamic_task_mapping_with_no_taskflow_operators.py took 1.052 seconds
[2023-07-22T15:59:00.905-0500] {processor.py:157} INFO - Started process (PID=20262) to work on /Users/abhishekpatkar/Documents/Projects/af_file_loader/venv/lib/python3.11/site-packages/airflow/example_dags/example_dynamic_task_mapping_with_no_taskflow_operators.py
[2023-07-22T15:59:00.911-0500] {processor.py:826} INFO - Processing file /Users/abhishekpatkar/Documents/Projects/af_file_loader/venv/lib/python3.11/site-packages/airflow/example_dags/example_dynamic_task_mapping_with_no_taskflow_operators.py for tasks to queue
[2023-07-22T15:59:00.912-0500] {logging_mixin.py:150} INFO - [2023-07-22T15:59:00.911-0500] {dagbag.py:541} INFO - Filling up the DagBag from /Users/abhishekpatkar/Documents/Projects/af_file_loader/venv/lib/python3.11/site-packages/airflow/example_dags/example_dynamic_task_mapping_with_no_taskflow_operators.py
[2023-07-22T15:59:00.934-0500] {processor.py:836} INFO - DAG(s) dict_keys(['example_dynamic_task_mapping_with_no_taskflow_operators']) retrieved from /Users/abhishekpatkar/Documents/Projects/af_file_loader/venv/lib/python3.11/site-packages/airflow/example_dags/example_dynamic_task_mapping_with_no_taskflow_operators.py
[2023-07-22T15:59:01.822-0500] {logging_mixin.py:150} INFO - [2023-07-22T15:59:01.735-0500] {dag.py:2742} INFO - Sync 1 DAGs
[2023-07-22T15:59:01.861-0500] {logging_mixin.py:150} INFO - [2023-07-22T15:59:01.860-0500] {dag.py:3504} INFO - Setting next_dagrun for example_dynamic_task_mapping_with_no_taskflow_operators to 2023-07-21T20:59:01.860866+00:00, run_after=2023-07-22T20:59:01.860866+00:00
[2023-07-22T15:59:01.894-0500] {processor.py:179} INFO - Processing /Users/abhishekpatkar/Documents/Projects/af_file_loader/venv/lib/python3.11/site-packages/airflow/example_dags/example_dynamic_task_mapping_with_no_taskflow_operators.py took 0.991 seconds
[2023-07-22T16:03:35.327-0500] {processor.py:157} INFO - Started process (PID=20430) to work on /Users/abhishekpatkar/Documents/Projects/af_file_loader/venv/lib/python3.11/site-packages/airflow/example_dags/example_dynamic_task_mapping_with_no_taskflow_operators.py
[2023-07-22T16:03:35.332-0500] {processor.py:826} INFO - Processing file /Users/abhishekpatkar/Documents/Projects/af_file_loader/venv/lib/python3.11/site-packages/airflow/example_dags/example_dynamic_task_mapping_with_no_taskflow_operators.py for tasks to queue
[2023-07-22T16:03:35.333-0500] {logging_mixin.py:150} INFO - [2023-07-22T16:03:35.332-0500] {dagbag.py:541} INFO - Filling up the DagBag from /Users/abhishekpatkar/Documents/Projects/af_file_loader/venv/lib/python3.11/site-packages/airflow/example_dags/example_dynamic_task_mapping_with_no_taskflow_operators.py
[2023-07-22T16:03:35.350-0500] {processor.py:836} INFO - DAG(s) dict_keys(['example_dynamic_task_mapping_with_no_taskflow_operators']) retrieved from /Users/abhishekpatkar/Documents/Projects/af_file_loader/venv/lib/python3.11/site-packages/airflow/example_dags/example_dynamic_task_mapping_with_no_taskflow_operators.py
[2023-07-22T16:03:35.990-0500] {logging_mixin.py:150} INFO - [2023-07-22T16:03:35.936-0500] {dag.py:2742} INFO - Sync 1 DAGs
[2023-07-22T16:03:36.005-0500] {logging_mixin.py:150} INFO - [2023-07-22T16:03:36.005-0500] {dag.py:3504} INFO - Setting next_dagrun for example_dynamic_task_mapping_with_no_taskflow_operators to 2023-07-21T21:03:36.005098+00:00, run_after=2023-07-22T21:03:36.005098+00:00
[2023-07-22T16:03:36.024-0500] {processor.py:179} INFO - Processing /Users/abhishekpatkar/Documents/Projects/af_file_loader/venv/lib/python3.11/site-packages/airflow/example_dags/example_dynamic_task_mapping_with_no_taskflow_operators.py took 0.697 seconds
[2023-07-22T16:07:10.219-0500] {processor.py:157} INFO - Started process (PID=20596) to work on /Users/abhishekpatkar/Documents/Projects/af_file_loader/venv/lib/python3.11/site-packages/airflow/example_dags/example_dynamic_task_mapping_with_no_taskflow_operators.py
[2023-07-22T16:07:10.234-0500] {processor.py:826} INFO - Processing file /Users/abhishekpatkar/Documents/Projects/af_file_loader/venv/lib/python3.11/site-packages/airflow/example_dags/example_dynamic_task_mapping_with_no_taskflow_operators.py for tasks to queue
[2023-07-22T16:07:10.236-0500] {logging_mixin.py:150} INFO - [2023-07-22T16:07:10.236-0500] {dagbag.py:541} INFO - Filling up the DagBag from /Users/abhishekpatkar/Documents/Projects/af_file_loader/venv/lib/python3.11/site-packages/airflow/example_dags/example_dynamic_task_mapping_with_no_taskflow_operators.py
[2023-07-22T16:07:10.326-0500] {processor.py:836} INFO - DAG(s) dict_keys(['example_dynamic_task_mapping_with_no_taskflow_operators']) retrieved from /Users/abhishekpatkar/Documents/Projects/af_file_loader/venv/lib/python3.11/site-packages/airflow/example_dags/example_dynamic_task_mapping_with_no_taskflow_operators.py
[2023-07-22T16:07:12.152-0500] {logging_mixin.py:150} INFO - [2023-07-22T16:07:12.079-0500] {dag.py:2742} INFO - Sync 1 DAGs
[2023-07-22T16:07:12.180-0500] {logging_mixin.py:150} INFO - [2023-07-22T16:07:12.179-0500] {dag.py:3504} INFO - Setting next_dagrun for example_dynamic_task_mapping_with_no_taskflow_operators to 2023-07-21T21:07:12.178071+00:00, run_after=2023-07-22T21:07:12.178071+00:00
[2023-07-22T16:07:12.214-0500] {processor.py:179} INFO - Processing /Users/abhishekpatkar/Documents/Projects/af_file_loader/venv/lib/python3.11/site-packages/airflow/example_dags/example_dynamic_task_mapping_with_no_taskflow_operators.py took 2.014 seconds
[2023-07-22T16:10:49.284-0500] {processor.py:157} INFO - Started process (PID=20747) to work on /Users/abhishekpatkar/Documents/Projects/af_file_loader/venv/lib/python3.11/site-packages/airflow/example_dags/example_dynamic_task_mapping_with_no_taskflow_operators.py
[2023-07-22T16:10:49.288-0500] {processor.py:826} INFO - Processing file /Users/abhishekpatkar/Documents/Projects/af_file_loader/venv/lib/python3.11/site-packages/airflow/example_dags/example_dynamic_task_mapping_with_no_taskflow_operators.py for tasks to queue
[2023-07-22T16:10:49.288-0500] {logging_mixin.py:150} INFO - [2023-07-22T16:10:49.288-0500] {dagbag.py:541} INFO - Filling up the DagBag from /Users/abhishekpatkar/Documents/Projects/af_file_loader/venv/lib/python3.11/site-packages/airflow/example_dags/example_dynamic_task_mapping_with_no_taskflow_operators.py
[2023-07-22T16:10:49.305-0500] {processor.py:836} INFO - DAG(s) dict_keys(['example_dynamic_task_mapping_with_no_taskflow_operators']) retrieved from /Users/abhishekpatkar/Documents/Projects/af_file_loader/venv/lib/python3.11/site-packages/airflow/example_dags/example_dynamic_task_mapping_with_no_taskflow_operators.py
[2023-07-22T16:10:49.963-0500] {logging_mixin.py:150} INFO - [2023-07-22T16:10:49.910-0500] {dag.py:2742} INFO - Sync 1 DAGs
[2023-07-22T16:10:49.979-0500] {logging_mixin.py:150} INFO - [2023-07-22T16:10:49.979-0500] {dag.py:3504} INFO - Setting next_dagrun for example_dynamic_task_mapping_with_no_taskflow_operators to 2023-07-21T21:10:49.978959+00:00, run_after=2023-07-22T21:10:49.978959+00:00
[2023-07-22T16:10:49.996-0500] {processor.py:179} INFO - Processing /Users/abhishekpatkar/Documents/Projects/af_file_loader/venv/lib/python3.11/site-packages/airflow/example_dags/example_dynamic_task_mapping_with_no_taskflow_operators.py took 0.713 seconds
[2023-07-22T16:28:13.886-0500] {processor.py:157} INFO - Started process (PID=21038) to work on /Users/abhishekpatkar/Documents/Projects/af_file_loader/venv/lib/python3.11/site-packages/airflow/example_dags/example_dynamic_task_mapping_with_no_taskflow_operators.py
[2023-07-22T16:28:13.891-0500] {processor.py:826} INFO - Processing file /Users/abhishekpatkar/Documents/Projects/af_file_loader/venv/lib/python3.11/site-packages/airflow/example_dags/example_dynamic_task_mapping_with_no_taskflow_operators.py for tasks to queue
[2023-07-22T16:28:13.891-0500] {logging_mixin.py:150} INFO - [2023-07-22T16:28:13.891-0500] {dagbag.py:541} INFO - Filling up the DagBag from /Users/abhishekpatkar/Documents/Projects/af_file_loader/venv/lib/python3.11/site-packages/airflow/example_dags/example_dynamic_task_mapping_with_no_taskflow_operators.py
[2023-07-22T16:28:13.914-0500] {processor.py:836} INFO - DAG(s) dict_keys(['example_dynamic_task_mapping_with_no_taskflow_operators']) retrieved from /Users/abhishekpatkar/Documents/Projects/af_file_loader/venv/lib/python3.11/site-packages/airflow/example_dags/example_dynamic_task_mapping_with_no_taskflow_operators.py
[2023-07-22T16:28:15.534-0500] {logging_mixin.py:150} INFO - [2023-07-22T16:28:15.446-0500] {dag.py:2742} INFO - Sync 1 DAGs
[2023-07-22T16:28:15.561-0500] {logging_mixin.py:150} INFO - [2023-07-22T16:28:15.561-0500] {dag.py:3504} INFO - Setting next_dagrun for example_dynamic_task_mapping_with_no_taskflow_operators to 2023-07-21T21:28:15.561177+00:00, run_after=2023-07-22T21:28:15.561177+00:00
[2023-07-22T16:28:15.580-0500] {processor.py:179} INFO - Processing /Users/abhishekpatkar/Documents/Projects/af_file_loader/venv/lib/python3.11/site-packages/airflow/example_dags/example_dynamic_task_mapping_with_no_taskflow_operators.py took 1.694 seconds
[2023-07-22T16:31:35.146-0500] {processor.py:157} INFO - Started process (PID=21146) to work on /Users/abhishekpatkar/Documents/Projects/af_file_loader/venv/lib/python3.11/site-packages/airflow/example_dags/example_dynamic_task_mapping_with_no_taskflow_operators.py
[2023-07-22T16:31:35.150-0500] {processor.py:826} INFO - Processing file /Users/abhishekpatkar/Documents/Projects/af_file_loader/venv/lib/python3.11/site-packages/airflow/example_dags/example_dynamic_task_mapping_with_no_taskflow_operators.py for tasks to queue
[2023-07-22T16:31:35.151-0500] {logging_mixin.py:150} INFO - [2023-07-22T16:31:35.151-0500] {dagbag.py:541} INFO - Filling up the DagBag from /Users/abhishekpatkar/Documents/Projects/af_file_loader/venv/lib/python3.11/site-packages/airflow/example_dags/example_dynamic_task_mapping_with_no_taskflow_operators.py
[2023-07-22T16:31:35.173-0500] {processor.py:836} INFO - DAG(s) dict_keys(['example_dynamic_task_mapping_with_no_taskflow_operators']) retrieved from /Users/abhishekpatkar/Documents/Projects/af_file_loader/venv/lib/python3.11/site-packages/airflow/example_dags/example_dynamic_task_mapping_with_no_taskflow_operators.py
[2023-07-22T16:31:36.084-0500] {logging_mixin.py:150} INFO - [2023-07-22T16:31:36.014-0500] {dag.py:2742} INFO - Sync 1 DAGs
[2023-07-22T16:31:36.128-0500] {logging_mixin.py:150} INFO - [2023-07-22T16:31:36.127-0500] {dag.py:3504} INFO - Setting next_dagrun for example_dynamic_task_mapping_with_no_taskflow_operators to 2023-07-21T21:31:36.127601+00:00, run_after=2023-07-22T21:31:36.127601+00:00
[2023-07-22T16:31:36.160-0500] {processor.py:179} INFO - Processing /Users/abhishekpatkar/Documents/Projects/af_file_loader/venv/lib/python3.11/site-packages/airflow/example_dags/example_dynamic_task_mapping_with_no_taskflow_operators.py took 1.015 seconds
[2023-07-22T16:39:09.490-0500] {processor.py:157} INFO - Started process (PID=21387) to work on /Users/abhishekpatkar/Documents/Projects/af_file_loader/venv/lib/python3.11/site-packages/airflow/example_dags/example_dynamic_task_mapping_with_no_taskflow_operators.py
[2023-07-22T16:39:09.494-0500] {processor.py:826} INFO - Processing file /Users/abhishekpatkar/Documents/Projects/af_file_loader/venv/lib/python3.11/site-packages/airflow/example_dags/example_dynamic_task_mapping_with_no_taskflow_operators.py for tasks to queue
[2023-07-22T16:39:09.495-0500] {logging_mixin.py:150} INFO - [2023-07-22T16:39:09.495-0500] {dagbag.py:541} INFO - Filling up the DagBag from /Users/abhishekpatkar/Documents/Projects/af_file_loader/venv/lib/python3.11/site-packages/airflow/example_dags/example_dynamic_task_mapping_with_no_taskflow_operators.py
[2023-07-22T16:39:09.522-0500] {processor.py:836} INFO - DAG(s) dict_keys(['example_dynamic_task_mapping_with_no_taskflow_operators']) retrieved from /Users/abhishekpatkar/Documents/Projects/af_file_loader/venv/lib/python3.11/site-packages/airflow/example_dags/example_dynamic_task_mapping_with_no_taskflow_operators.py
[2023-07-22T16:39:10.902-0500] {logging_mixin.py:150} INFO - [2023-07-22T16:39:10.813-0500] {dag.py:2742} INFO - Sync 1 DAGs
[2023-07-22T16:39:10.932-0500] {logging_mixin.py:150} INFO - [2023-07-22T16:39:10.932-0500] {dag.py:3504} INFO - Setting next_dagrun for example_dynamic_task_mapping_with_no_taskflow_operators to 2023-07-21T21:39:10.932150+00:00, run_after=2023-07-22T21:39:10.932150+00:00
[2023-07-22T16:39:10.973-0500] {processor.py:179} INFO - Processing /Users/abhishekpatkar/Documents/Projects/af_file_loader/venv/lib/python3.11/site-packages/airflow/example_dags/example_dynamic_task_mapping_with_no_taskflow_operators.py took 1.484 seconds
[2023-07-22T16:43:44.541-0500] {processor.py:157} INFO - Started process (PID=21573) to work on /Users/abhishekpatkar/Documents/Projects/af_file_loader/venv/lib/python3.11/site-packages/airflow/example_dags/example_dynamic_task_mapping_with_no_taskflow_operators.py
[2023-07-22T16:43:44.547-0500] {processor.py:826} INFO - Processing file /Users/abhishekpatkar/Documents/Projects/af_file_loader/venv/lib/python3.11/site-packages/airflow/example_dags/example_dynamic_task_mapping_with_no_taskflow_operators.py for tasks to queue
[2023-07-22T16:43:44.548-0500] {logging_mixin.py:150} INFO - [2023-07-22T16:43:44.547-0500] {dagbag.py:541} INFO - Filling up the DagBag from /Users/abhishekpatkar/Documents/Projects/af_file_loader/venv/lib/python3.11/site-packages/airflow/example_dags/example_dynamic_task_mapping_with_no_taskflow_operators.py
[2023-07-22T16:43:44.603-0500] {processor.py:836} INFO - DAG(s) dict_keys(['example_dynamic_task_mapping_with_no_taskflow_operators']) retrieved from /Users/abhishekpatkar/Documents/Projects/af_file_loader/venv/lib/python3.11/site-packages/airflow/example_dags/example_dynamic_task_mapping_with_no_taskflow_operators.py
[2023-07-22T16:43:45.648-0500] {logging_mixin.py:150} INFO - [2023-07-22T16:43:45.558-0500] {dag.py:2742} INFO - Sync 1 DAGs
[2023-07-22T16:43:45.679-0500] {logging_mixin.py:150} INFO - [2023-07-22T16:43:45.679-0500] {dag.py:3504} INFO - Setting next_dagrun for example_dynamic_task_mapping_with_no_taskflow_operators to 2023-07-21T21:43:45.678763+00:00, run_after=2023-07-22T21:43:45.678763+00:00
[2023-07-22T16:43:45.712-0500] {processor.py:179} INFO - Processing /Users/abhishekpatkar/Documents/Projects/af_file_loader/venv/lib/python3.11/site-packages/airflow/example_dags/example_dynamic_task_mapping_with_no_taskflow_operators.py took 1.173 seconds
[2023-07-22T16:47:32.927-0500] {processor.py:157} INFO - Started process (PID=21687) to work on /Users/abhishekpatkar/Documents/Projects/af_file_loader/venv/lib/python3.11/site-packages/airflow/example_dags/example_dynamic_task_mapping_with_no_taskflow_operators.py
[2023-07-22T16:47:32.932-0500] {processor.py:826} INFO - Processing file /Users/abhishekpatkar/Documents/Projects/af_file_loader/venv/lib/python3.11/site-packages/airflow/example_dags/example_dynamic_task_mapping_with_no_taskflow_operators.py for tasks to queue
[2023-07-22T16:47:32.933-0500] {logging_mixin.py:150} INFO - [2023-07-22T16:47:32.932-0500] {dagbag.py:541} INFO - Filling up the DagBag from /Users/abhishekpatkar/Documents/Projects/af_file_loader/venv/lib/python3.11/site-packages/airflow/example_dags/example_dynamic_task_mapping_with_no_taskflow_operators.py
[2023-07-22T16:47:32.969-0500] {processor.py:836} INFO - DAG(s) dict_keys(['example_dynamic_task_mapping_with_no_taskflow_operators']) retrieved from /Users/abhishekpatkar/Documents/Projects/af_file_loader/venv/lib/python3.11/site-packages/airflow/example_dags/example_dynamic_task_mapping_with_no_taskflow_operators.py
[2023-07-22T16:47:34.417-0500] {logging_mixin.py:150} INFO - [2023-07-22T16:47:34.302-0500] {dag.py:2742} INFO - Sync 1 DAGs
[2023-07-22T16:47:34.451-0500] {logging_mixin.py:150} INFO - [2023-07-22T16:47:34.451-0500] {dag.py:3504} INFO - Setting next_dagrun for example_dynamic_task_mapping_with_no_taskflow_operators to 2023-07-21T21:47:34.451292+00:00, run_after=2023-07-22T21:47:34.451292+00:00
[2023-07-22T16:47:34.487-0500] {processor.py:179} INFO - Processing /Users/abhishekpatkar/Documents/Projects/af_file_loader/venv/lib/python3.11/site-packages/airflow/example_dags/example_dynamic_task_mapping_with_no_taskflow_operators.py took 1.562 seconds
[2023-07-22T16:54:57.802-0500] {processor.py:157} INFO - Started process (PID=21923) to work on /Users/abhishekpatkar/Documents/Projects/af_file_loader/venv/lib/python3.11/site-packages/airflow/example_dags/example_dynamic_task_mapping_with_no_taskflow_operators.py
[2023-07-22T16:54:57.807-0500] {processor.py:826} INFO - Processing file /Users/abhishekpatkar/Documents/Projects/af_file_loader/venv/lib/python3.11/site-packages/airflow/example_dags/example_dynamic_task_mapping_with_no_taskflow_operators.py for tasks to queue
[2023-07-22T16:54:57.807-0500] {logging_mixin.py:150} INFO - [2023-07-22T16:54:57.807-0500] {dagbag.py:541} INFO - Filling up the DagBag from /Users/abhishekpatkar/Documents/Projects/af_file_loader/venv/lib/python3.11/site-packages/airflow/example_dags/example_dynamic_task_mapping_with_no_taskflow_operators.py
[2023-07-22T16:54:57.847-0500] {processor.py:836} INFO - DAG(s) dict_keys(['example_dynamic_task_mapping_with_no_taskflow_operators']) retrieved from /Users/abhishekpatkar/Documents/Projects/af_file_loader/venv/lib/python3.11/site-packages/airflow/example_dags/example_dynamic_task_mapping_with_no_taskflow_operators.py
[2023-07-22T16:54:58.935-0500] {logging_mixin.py:150} INFO - [2023-07-22T16:54:58.851-0500] {dag.py:2742} INFO - Sync 1 DAGs
[2023-07-22T16:54:58.969-0500] {logging_mixin.py:150} INFO - [2023-07-22T16:54:58.968-0500] {dag.py:3504} INFO - Setting next_dagrun for example_dynamic_task_mapping_with_no_taskflow_operators to 2023-07-21T21:54:58.967874+00:00, run_after=2023-07-22T21:54:58.967874+00:00
[2023-07-22T16:54:59.001-0500] {processor.py:179} INFO - Processing /Users/abhishekpatkar/Documents/Projects/af_file_loader/venv/lib/python3.11/site-packages/airflow/example_dags/example_dynamic_task_mapping_with_no_taskflow_operators.py took 1.200 seconds
[2023-07-22T17:02:03.696-0500] {processor.py:157} INFO - Started process (PID=22171) to work on /Users/abhishekpatkar/Documents/Projects/af_file_loader/venv/lib/python3.11/site-packages/airflow/example_dags/example_dynamic_task_mapping_with_no_taskflow_operators.py
[2023-07-22T17:02:03.723-0500] {processor.py:826} INFO - Processing file /Users/abhishekpatkar/Documents/Projects/af_file_loader/venv/lib/python3.11/site-packages/airflow/example_dags/example_dynamic_task_mapping_with_no_taskflow_operators.py for tasks to queue
[2023-07-22T17:02:03.724-0500] {logging_mixin.py:150} INFO - [2023-07-22T17:02:03.723-0500] {dagbag.py:541} INFO - Filling up the DagBag from /Users/abhishekpatkar/Documents/Projects/af_file_loader/venv/lib/python3.11/site-packages/airflow/example_dags/example_dynamic_task_mapping_with_no_taskflow_operators.py
[2023-07-22T17:02:03.773-0500] {processor.py:836} INFO - DAG(s) dict_keys(['example_dynamic_task_mapping_with_no_taskflow_operators']) retrieved from /Users/abhishekpatkar/Documents/Projects/af_file_loader/venv/lib/python3.11/site-packages/airflow/example_dags/example_dynamic_task_mapping_with_no_taskflow_operators.py
[2023-07-22T17:02:05.190-0500] {logging_mixin.py:150} INFO - [2023-07-22T17:02:05.128-0500] {dag.py:2742} INFO - Sync 1 DAGs
[2023-07-22T17:02:05.209-0500] {logging_mixin.py:150} INFO - [2023-07-22T17:02:05.209-0500] {dag.py:3504} INFO - Setting next_dagrun for example_dynamic_task_mapping_with_no_taskflow_operators to 2023-07-21T22:02:05.209303+00:00, run_after=2023-07-22T22:02:05.209303+00:00
[2023-07-22T17:02:05.233-0500] {processor.py:179} INFO - Processing /Users/abhishekpatkar/Documents/Projects/af_file_loader/venv/lib/python3.11/site-packages/airflow/example_dags/example_dynamic_task_mapping_with_no_taskflow_operators.py took 1.550 seconds
[2023-07-22T17:04:39.544-0500] {processor.py:157} INFO - Started process (PID=22291) to work on /Users/abhishekpatkar/Documents/Projects/af_file_loader/venv/lib/python3.11/site-packages/airflow/example_dags/example_dynamic_task_mapping_with_no_taskflow_operators.py
[2023-07-22T17:04:39.549-0500] {processor.py:826} INFO - Processing file /Users/abhishekpatkar/Documents/Projects/af_file_loader/venv/lib/python3.11/site-packages/airflow/example_dags/example_dynamic_task_mapping_with_no_taskflow_operators.py for tasks to queue
[2023-07-22T17:04:39.549-0500] {logging_mixin.py:150} INFO - [2023-07-22T17:04:39.549-0500] {dagbag.py:541} INFO - Filling up the DagBag from /Users/abhishekpatkar/Documents/Projects/af_file_loader/venv/lib/python3.11/site-packages/airflow/example_dags/example_dynamic_task_mapping_with_no_taskflow_operators.py
[2023-07-22T17:04:39.568-0500] {processor.py:836} INFO - DAG(s) dict_keys(['example_dynamic_task_mapping_with_no_taskflow_operators']) retrieved from /Users/abhishekpatkar/Documents/Projects/af_file_loader/venv/lib/python3.11/site-packages/airflow/example_dags/example_dynamic_task_mapping_with_no_taskflow_operators.py
[2023-07-22T17:04:40.297-0500] {logging_mixin.py:150} INFO - [2023-07-22T17:04:40.234-0500] {dag.py:2742} INFO - Sync 1 DAGs
[2023-07-22T17:04:40.316-0500] {logging_mixin.py:150} INFO - [2023-07-22T17:04:40.316-0500] {dag.py:3504} INFO - Setting next_dagrun for example_dynamic_task_mapping_with_no_taskflow_operators to 2023-07-21T22:04:40.315977+00:00, run_after=2023-07-22T22:04:40.315977+00:00
[2023-07-22T17:04:40.333-0500] {processor.py:179} INFO - Processing /Users/abhishekpatkar/Documents/Projects/af_file_loader/venv/lib/python3.11/site-packages/airflow/example_dags/example_dynamic_task_mapping_with_no_taskflow_operators.py took 0.790 seconds
[2023-07-22T17:08:35.650-0500] {processor.py:157} INFO - Started process (PID=22446) to work on /Users/abhishekpatkar/Documents/Projects/af_file_loader/venv/lib/python3.11/site-packages/airflow/example_dags/example_dynamic_task_mapping_with_no_taskflow_operators.py
[2023-07-22T17:08:35.655-0500] {processor.py:826} INFO - Processing file /Users/abhishekpatkar/Documents/Projects/af_file_loader/venv/lib/python3.11/site-packages/airflow/example_dags/example_dynamic_task_mapping_with_no_taskflow_operators.py for tasks to queue
[2023-07-22T17:08:35.656-0500] {logging_mixin.py:150} INFO - [2023-07-22T17:08:35.656-0500] {dagbag.py:541} INFO - Filling up the DagBag from /Users/abhishekpatkar/Documents/Projects/af_file_loader/venv/lib/python3.11/site-packages/airflow/example_dags/example_dynamic_task_mapping_with_no_taskflow_operators.py
[2023-07-22T17:08:35.676-0500] {processor.py:836} INFO - DAG(s) dict_keys(['example_dynamic_task_mapping_with_no_taskflow_operators']) retrieved from /Users/abhishekpatkar/Documents/Projects/af_file_loader/venv/lib/python3.11/site-packages/airflow/example_dags/example_dynamic_task_mapping_with_no_taskflow_operators.py
[2023-07-22T17:08:36.454-0500] {logging_mixin.py:150} INFO - [2023-07-22T17:08:36.386-0500] {dag.py:2742} INFO - Sync 1 DAGs
[2023-07-22T17:08:36.474-0500] {logging_mixin.py:150} INFO - [2023-07-22T17:08:36.474-0500] {dag.py:3504} INFO - Setting next_dagrun for example_dynamic_task_mapping_with_no_taskflow_operators to 2023-07-21T22:08:36.474024+00:00, run_after=2023-07-22T22:08:36.474024+00:00
[2023-07-22T17:08:36.496-0500] {processor.py:179} INFO - Processing /Users/abhishekpatkar/Documents/Projects/af_file_loader/venv/lib/python3.11/site-packages/airflow/example_dags/example_dynamic_task_mapping_with_no_taskflow_operators.py took 0.847 seconds
[2023-07-22T17:12:36.278-0500] {processor.py:157} INFO - Started process (PID=22605) to work on /Users/abhishekpatkar/Documents/Projects/af_file_loader/venv/lib/python3.11/site-packages/airflow/example_dags/example_dynamic_task_mapping_with_no_taskflow_operators.py
[2023-07-22T17:12:36.283-0500] {processor.py:826} INFO - Processing file /Users/abhishekpatkar/Documents/Projects/af_file_loader/venv/lib/python3.11/site-packages/airflow/example_dags/example_dynamic_task_mapping_with_no_taskflow_operators.py for tasks to queue
[2023-07-22T17:12:36.284-0500] {logging_mixin.py:150} INFO - [2023-07-22T17:12:36.284-0500] {dagbag.py:541} INFO - Filling up the DagBag from /Users/abhishekpatkar/Documents/Projects/af_file_loader/venv/lib/python3.11/site-packages/airflow/example_dags/example_dynamic_task_mapping_with_no_taskflow_operators.py
[2023-07-22T17:12:36.304-0500] {processor.py:836} INFO - DAG(s) dict_keys(['example_dynamic_task_mapping_with_no_taskflow_operators']) retrieved from /Users/abhishekpatkar/Documents/Projects/af_file_loader/venv/lib/python3.11/site-packages/airflow/example_dags/example_dynamic_task_mapping_with_no_taskflow_operators.py
[2023-07-22T17:12:37.062-0500] {logging_mixin.py:150} INFO - [2023-07-22T17:12:37.001-0500] {dag.py:2742} INFO - Sync 1 DAGs
[2023-07-22T17:12:37.080-0500] {logging_mixin.py:150} INFO - [2023-07-22T17:12:37.079-0500] {dag.py:3504} INFO - Setting next_dagrun for example_dynamic_task_mapping_with_no_taskflow_operators to 2023-07-21T22:12:37.079704+00:00, run_after=2023-07-22T22:12:37.079704+00:00
[2023-07-22T17:12:37.101-0500] {processor.py:179} INFO - Processing /Users/abhishekpatkar/Documents/Projects/af_file_loader/venv/lib/python3.11/site-packages/airflow/example_dags/example_dynamic_task_mapping_with_no_taskflow_operators.py took 0.823 seconds
[2023-07-22T17:16:34.998-0500] {processor.py:157} INFO - Started process (PID=22752) to work on /Users/abhishekpatkar/Documents/Projects/af_file_loader/venv/lib/python3.11/site-packages/airflow/example_dags/example_dynamic_task_mapping_with_no_taskflow_operators.py
[2023-07-22T17:16:35.003-0500] {processor.py:826} INFO - Processing file /Users/abhishekpatkar/Documents/Projects/af_file_loader/venv/lib/python3.11/site-packages/airflow/example_dags/example_dynamic_task_mapping_with_no_taskflow_operators.py for tasks to queue
[2023-07-22T17:16:35.003-0500] {logging_mixin.py:150} INFO - [2023-07-22T17:16:35.003-0500] {dagbag.py:541} INFO - Filling up the DagBag from /Users/abhishekpatkar/Documents/Projects/af_file_loader/venv/lib/python3.11/site-packages/airflow/example_dags/example_dynamic_task_mapping_with_no_taskflow_operators.py
[2023-07-22T17:16:35.022-0500] {processor.py:836} INFO - DAG(s) dict_keys(['example_dynamic_task_mapping_with_no_taskflow_operators']) retrieved from /Users/abhishekpatkar/Documents/Projects/af_file_loader/venv/lib/python3.11/site-packages/airflow/example_dags/example_dynamic_task_mapping_with_no_taskflow_operators.py
[2023-07-22T17:16:35.742-0500] {logging_mixin.py:150} INFO - [2023-07-22T17:16:35.680-0500] {dag.py:2742} INFO - Sync 1 DAGs
[2023-07-22T17:16:35.761-0500] {logging_mixin.py:150} INFO - [2023-07-22T17:16:35.761-0500] {dag.py:3504} INFO - Setting next_dagrun for example_dynamic_task_mapping_with_no_taskflow_operators to 2023-07-21T22:16:35.761654+00:00, run_after=2023-07-22T22:16:35.761654+00:00
[2023-07-22T17:16:35.783-0500] {processor.py:179} INFO - Processing /Users/abhishekpatkar/Documents/Projects/af_file_loader/venv/lib/python3.11/site-packages/airflow/example_dags/example_dynamic_task_mapping_with_no_taskflow_operators.py took 0.786 seconds
[2023-07-22T17:21:28.894-0500] {processor.py:157} INFO - Started process (PID=22994) to work on /Users/abhishekpatkar/Documents/Projects/af_file_loader/venv/lib/python3.11/site-packages/airflow/example_dags/example_dynamic_task_mapping_with_no_taskflow_operators.py
[2023-07-22T17:21:28.899-0500] {processor.py:826} INFO - Processing file /Users/abhishekpatkar/Documents/Projects/af_file_loader/venv/lib/python3.11/site-packages/airflow/example_dags/example_dynamic_task_mapping_with_no_taskflow_operators.py for tasks to queue
[2023-07-22T17:21:28.900-0500] {logging_mixin.py:150} INFO - [2023-07-22T17:21:28.899-0500] {dagbag.py:541} INFO - Filling up the DagBag from /Users/abhishekpatkar/Documents/Projects/af_file_loader/venv/lib/python3.11/site-packages/airflow/example_dags/example_dynamic_task_mapping_with_no_taskflow_operators.py
[2023-07-22T17:21:28.924-0500] {processor.py:836} INFO - DAG(s) dict_keys(['example_dynamic_task_mapping_with_no_taskflow_operators']) retrieved from /Users/abhishekpatkar/Documents/Projects/af_file_loader/venv/lib/python3.11/site-packages/airflow/example_dags/example_dynamic_task_mapping_with_no_taskflow_operators.py
[2023-07-22T17:21:29.651-0500] {logging_mixin.py:150} INFO - [2023-07-22T17:21:29.592-0500] {dag.py:2742} INFO - Sync 1 DAGs
[2023-07-22T17:21:29.668-0500] {logging_mixin.py:150} INFO - [2023-07-22T17:21:29.668-0500] {dag.py:3504} INFO - Setting next_dagrun for example_dynamic_task_mapping_with_no_taskflow_operators to 2023-07-21T22:21:29.668252+00:00, run_after=2023-07-22T22:21:29.668252+00:00
[2023-07-22T17:21:29.692-0500] {processor.py:179} INFO - Processing /Users/abhishekpatkar/Documents/Projects/af_file_loader/venv/lib/python3.11/site-packages/airflow/example_dags/example_dynamic_task_mapping_with_no_taskflow_operators.py took 0.798 seconds
[2023-07-22T17:29:33.836-0500] {processor.py:157} INFO - Started process (PID=23304) to work on /Users/abhishekpatkar/Documents/Projects/af_file_loader/venv/lib/python3.11/site-packages/airflow/example_dags/example_dynamic_task_mapping_with_no_taskflow_operators.py
[2023-07-22T17:29:33.846-0500] {processor.py:826} INFO - Processing file /Users/abhishekpatkar/Documents/Projects/af_file_loader/venv/lib/python3.11/site-packages/airflow/example_dags/example_dynamic_task_mapping_with_no_taskflow_operators.py for tasks to queue
[2023-07-22T17:29:33.847-0500] {logging_mixin.py:150} INFO - [2023-07-22T17:29:33.847-0500] {dagbag.py:541} INFO - Filling up the DagBag from /Users/abhishekpatkar/Documents/Projects/af_file_loader/venv/lib/python3.11/site-packages/airflow/example_dags/example_dynamic_task_mapping_with_no_taskflow_operators.py
[2023-07-22T17:29:33.987-0500] {processor.py:836} INFO - DAG(s) dict_keys(['example_dynamic_task_mapping_with_no_taskflow_operators']) retrieved from /Users/abhishekpatkar/Documents/Projects/af_file_loader/venv/lib/python3.11/site-packages/airflow/example_dags/example_dynamic_task_mapping_with_no_taskflow_operators.py
[2023-07-22T17:29:35.548-0500] {logging_mixin.py:150} INFO - [2023-07-22T17:29:35.460-0500] {dag.py:2742} INFO - Sync 1 DAGs
[2023-07-22T17:29:35.564-0500] {logging_mixin.py:150} INFO - [2023-07-22T17:29:35.564-0500] {dag.py:3504} INFO - Setting next_dagrun for example_dynamic_task_mapping_with_no_taskflow_operators to 2023-07-21T22:29:35.564095+00:00, run_after=2023-07-22T22:29:35.564095+00:00
[2023-07-22T17:29:35.583-0500] {processor.py:179} INFO - Processing /Users/abhishekpatkar/Documents/Projects/af_file_loader/venv/lib/python3.11/site-packages/airflow/example_dags/example_dynamic_task_mapping_with_no_taskflow_operators.py took 1.748 seconds
[2023-07-22T17:33:46.807-0500] {processor.py:157} INFO - Started process (PID=23489) to work on /Users/abhishekpatkar/Documents/Projects/af_file_loader/venv/lib/python3.11/site-packages/airflow/example_dags/example_dynamic_task_mapping_with_no_taskflow_operators.py
[2023-07-22T17:33:46.812-0500] {processor.py:826} INFO - Processing file /Users/abhishekpatkar/Documents/Projects/af_file_loader/venv/lib/python3.11/site-packages/airflow/example_dags/example_dynamic_task_mapping_with_no_taskflow_operators.py for tasks to queue
[2023-07-22T17:33:46.813-0500] {logging_mixin.py:150} INFO - [2023-07-22T17:33:46.813-0500] {dagbag.py:541} INFO - Filling up the DagBag from /Users/abhishekpatkar/Documents/Projects/af_file_loader/venv/lib/python3.11/site-packages/airflow/example_dags/example_dynamic_task_mapping_with_no_taskflow_operators.py
[2023-07-22T17:33:46.831-0500] {processor.py:836} INFO - DAG(s) dict_keys(['example_dynamic_task_mapping_with_no_taskflow_operators']) retrieved from /Users/abhishekpatkar/Documents/Projects/af_file_loader/venv/lib/python3.11/site-packages/airflow/example_dags/example_dynamic_task_mapping_with_no_taskflow_operators.py
[2023-07-22T17:33:47.712-0500] {logging_mixin.py:150} INFO - [2023-07-22T17:33:47.659-0500] {dag.py:2742} INFO - Sync 1 DAGs
[2023-07-22T17:33:47.729-0500] {logging_mixin.py:150} INFO - [2023-07-22T17:33:47.728-0500] {dag.py:3504} INFO - Setting next_dagrun for example_dynamic_task_mapping_with_no_taskflow_operators to 2023-07-21T22:33:47.728799+00:00, run_after=2023-07-22T22:33:47.728799+00:00
[2023-07-22T17:33:47.748-0500] {processor.py:179} INFO - Processing /Users/abhishekpatkar/Documents/Projects/af_file_loader/venv/lib/python3.11/site-packages/airflow/example_dags/example_dynamic_task_mapping_with_no_taskflow_operators.py took 0.941 seconds
[2023-07-22T17:39:47.216-0500] {processor.py:157} INFO - Started process (PID=23729) to work on /Users/abhishekpatkar/Documents/Projects/af_file_loader/venv/lib/python3.11/site-packages/airflow/example_dags/example_dynamic_task_mapping_with_no_taskflow_operators.py
[2023-07-22T17:39:47.225-0500] {processor.py:826} INFO - Processing file /Users/abhishekpatkar/Documents/Projects/af_file_loader/venv/lib/python3.11/site-packages/airflow/example_dags/example_dynamic_task_mapping_with_no_taskflow_operators.py for tasks to queue
[2023-07-22T17:39:47.229-0500] {logging_mixin.py:150} INFO - [2023-07-22T17:39:47.228-0500] {dagbag.py:541} INFO - Filling up the DagBag from /Users/abhishekpatkar/Documents/Projects/af_file_loader/venv/lib/python3.11/site-packages/airflow/example_dags/example_dynamic_task_mapping_with_no_taskflow_operators.py
[2023-07-22T17:39:47.288-0500] {processor.py:836} INFO - DAG(s) dict_keys(['example_dynamic_task_mapping_with_no_taskflow_operators']) retrieved from /Users/abhishekpatkar/Documents/Projects/af_file_loader/venv/lib/python3.11/site-packages/airflow/example_dags/example_dynamic_task_mapping_with_no_taskflow_operators.py
[2023-07-22T17:39:49.311-0500] {logging_mixin.py:150} INFO - [2023-07-22T17:39:49.191-0500] {dag.py:2742} INFO - Sync 1 DAGs
[2023-07-22T17:39:49.347-0500] {logging_mixin.py:150} INFO - [2023-07-22T17:39:49.346-0500] {dag.py:3504} INFO - Setting next_dagrun for example_dynamic_task_mapping_with_no_taskflow_operators to 2023-07-21T22:39:49.346429+00:00, run_after=2023-07-22T22:39:49.346429+00:00
[2023-07-22T17:39:49.405-0500] {processor.py:179} INFO - Processing /Users/abhishekpatkar/Documents/Projects/af_file_loader/venv/lib/python3.11/site-packages/airflow/example_dags/example_dynamic_task_mapping_with_no_taskflow_operators.py took 2.191 seconds
[2023-07-22T17:48:41.000-0500] {processor.py:157} INFO - Started process (PID=24093) to work on /Users/abhishekpatkar/Documents/Projects/af_file_loader/venv/lib/python3.11/site-packages/airflow/example_dags/example_dynamic_task_mapping_with_no_taskflow_operators.py
[2023-07-22T17:48:41.008-0500] {processor.py:826} INFO - Processing file /Users/abhishekpatkar/Documents/Projects/af_file_loader/venv/lib/python3.11/site-packages/airflow/example_dags/example_dynamic_task_mapping_with_no_taskflow_operators.py for tasks to queue
[2023-07-22T17:48:41.010-0500] {logging_mixin.py:150} INFO - [2023-07-22T17:48:41.009-0500] {dagbag.py:541} INFO - Filling up the DagBag from /Users/abhishekpatkar/Documents/Projects/af_file_loader/venv/lib/python3.11/site-packages/airflow/example_dags/example_dynamic_task_mapping_with_no_taskflow_operators.py
[2023-07-22T17:48:41.338-0500] {processor.py:836} INFO - DAG(s) dict_keys(['example_dynamic_task_mapping_with_no_taskflow_operators']) retrieved from /Users/abhishekpatkar/Documents/Projects/af_file_loader/venv/lib/python3.11/site-packages/airflow/example_dags/example_dynamic_task_mapping_with_no_taskflow_operators.py
[2023-07-22T17:48:46.786-0500] {logging_mixin.py:150} INFO - [2023-07-22T17:48:46.783-0500] {dag.py:2742} INFO - Sync 1 DAGs
[2023-07-22T17:48:46.926-0500] {logging_mixin.py:150} INFO - [2023-07-22T17:48:46.926-0500] {dag.py:3504} INFO - Setting next_dagrun for example_dynamic_task_mapping_with_no_taskflow_operators to 2023-07-21T22:48:46.925789+00:00, run_after=2023-07-22T22:48:46.925789+00:00
[2023-07-22T17:48:47.037-0500] {processor.py:179} INFO - Processing /Users/abhishekpatkar/Documents/Projects/af_file_loader/venv/lib/python3.11/site-packages/airflow/example_dags/example_dynamic_task_mapping_with_no_taskflow_operators.py took 6.042 seconds
[2023-07-22T17:53:46.221-0500] {processor.py:157} INFO - Started process (PID=24374) to work on /Users/abhishekpatkar/Documents/Projects/af_file_loader/venv/lib/python3.11/site-packages/airflow/example_dags/example_dynamic_task_mapping_with_no_taskflow_operators.py
[2023-07-22T17:53:46.227-0500] {processor.py:826} INFO - Processing file /Users/abhishekpatkar/Documents/Projects/af_file_loader/venv/lib/python3.11/site-packages/airflow/example_dags/example_dynamic_task_mapping_with_no_taskflow_operators.py for tasks to queue
[2023-07-22T17:53:46.228-0500] {logging_mixin.py:150} INFO - [2023-07-22T17:53:46.228-0500] {dagbag.py:541} INFO - Filling up the DagBag from /Users/abhishekpatkar/Documents/Projects/af_file_loader/venv/lib/python3.11/site-packages/airflow/example_dags/example_dynamic_task_mapping_with_no_taskflow_operators.py
[2023-07-22T17:53:46.294-0500] {processor.py:836} INFO - DAG(s) dict_keys(['example_dynamic_task_mapping_with_no_taskflow_operators']) retrieved from /Users/abhishekpatkar/Documents/Projects/af_file_loader/venv/lib/python3.11/site-packages/airflow/example_dags/example_dynamic_task_mapping_with_no_taskflow_operators.py
[2023-07-22T17:53:47.453-0500] {logging_mixin.py:150} INFO - [2023-07-22T17:53:47.453-0500] {dag.py:2742} INFO - Sync 1 DAGs
[2023-07-22T17:53:47.478-0500] {logging_mixin.py:150} INFO - [2023-07-22T17:53:47.478-0500] {dag.py:3504} INFO - Setting next_dagrun for example_dynamic_task_mapping_with_no_taskflow_operators to 2023-07-21T22:53:47.478365+00:00, run_after=2023-07-22T22:53:47.478365+00:00
[2023-07-22T17:53:47.520-0500] {processor.py:179} INFO - Processing /Users/abhishekpatkar/Documents/Projects/af_file_loader/venv/lib/python3.11/site-packages/airflow/example_dags/example_dynamic_task_mapping_with_no_taskflow_operators.py took 1.299 seconds
[2023-07-22T17:59:30.715-0500] {processor.py:157} INFO - Started process (PID=24650) to work on /Users/abhishekpatkar/Documents/Projects/af_file_loader/venv/lib/python3.11/site-packages/airflow/example_dags/example_dynamic_task_mapping_with_no_taskflow_operators.py
[2023-07-22T17:59:30.723-0500] {processor.py:826} INFO - Processing file /Users/abhishekpatkar/Documents/Projects/af_file_loader/venv/lib/python3.11/site-packages/airflow/example_dags/example_dynamic_task_mapping_with_no_taskflow_operators.py for tasks to queue
[2023-07-22T17:59:30.724-0500] {logging_mixin.py:150} INFO - [2023-07-22T17:59:30.723-0500] {dagbag.py:541} INFO - Filling up the DagBag from /Users/abhishekpatkar/Documents/Projects/af_file_loader/venv/lib/python3.11/site-packages/airflow/example_dags/example_dynamic_task_mapping_with_no_taskflow_operators.py
[2023-07-22T17:59:30.842-0500] {processor.py:836} INFO - DAG(s) dict_keys(['example_dynamic_task_mapping_with_no_taskflow_operators']) retrieved from /Users/abhishekpatkar/Documents/Projects/af_file_loader/venv/lib/python3.11/site-packages/airflow/example_dags/example_dynamic_task_mapping_with_no_taskflow_operators.py
[2023-07-22T17:59:33.031-0500] {logging_mixin.py:150} INFO - [2023-07-22T17:59:33.031-0500] {dag.py:2742} INFO - Sync 1 DAGs
[2023-07-22T17:59:33.068-0500] {logging_mixin.py:150} INFO - [2023-07-22T17:59:33.068-0500] {dag.py:3504} INFO - Setting next_dagrun for example_dynamic_task_mapping_with_no_taskflow_operators to 2023-07-21T22:59:33.068170+00:00, run_after=2023-07-22T22:59:33.068170+00:00
[2023-07-22T17:59:33.103-0500] {processor.py:179} INFO - Processing /Users/abhishekpatkar/Documents/Projects/af_file_loader/venv/lib/python3.11/site-packages/airflow/example_dags/example_dynamic_task_mapping_with_no_taskflow_operators.py took 2.390 seconds
[2023-07-22T18:06:49.064-0500] {processor.py:157} INFO - Started process (PID=24905) to work on /Users/abhishekpatkar/Documents/Projects/af_file_loader/venv/lib/python3.11/site-packages/airflow/example_dags/example_dynamic_task_mapping_with_no_taskflow_operators.py
[2023-07-22T18:06:49.070-0500] {processor.py:826} INFO - Processing file /Users/abhishekpatkar/Documents/Projects/af_file_loader/venv/lib/python3.11/site-packages/airflow/example_dags/example_dynamic_task_mapping_with_no_taskflow_operators.py for tasks to queue
[2023-07-22T18:06:49.071-0500] {logging_mixin.py:150} INFO - [2023-07-22T18:06:49.071-0500] {dagbag.py:541} INFO - Filling up the DagBag from /Users/abhishekpatkar/Documents/Projects/af_file_loader/venv/lib/python3.11/site-packages/airflow/example_dags/example_dynamic_task_mapping_with_no_taskflow_operators.py
[2023-07-22T18:06:49.134-0500] {processor.py:836} INFO - DAG(s) dict_keys(['example_dynamic_task_mapping_with_no_taskflow_operators']) retrieved from /Users/abhishekpatkar/Documents/Projects/af_file_loader/venv/lib/python3.11/site-packages/airflow/example_dags/example_dynamic_task_mapping_with_no_taskflow_operators.py
[2023-07-22T18:06:50.588-0500] {logging_mixin.py:150} INFO - [2023-07-22T18:06:50.588-0500] {dag.py:2742} INFO - Sync 1 DAGs
[2023-07-22T18:06:50.610-0500] {logging_mixin.py:150} INFO - [2023-07-22T18:06:50.610-0500] {dag.py:3504} INFO - Setting next_dagrun for example_dynamic_task_mapping_with_no_taskflow_operators to 2023-07-21T23:06:50.610576+00:00, run_after=2023-07-22T23:06:50.610576+00:00
[2023-07-22T18:06:50.641-0500] {processor.py:179} INFO - Processing /Users/abhishekpatkar/Documents/Projects/af_file_loader/venv/lib/python3.11/site-packages/airflow/example_dags/example_dynamic_task_mapping_with_no_taskflow_operators.py took 1.578 seconds
