[2023-07-22T14:52:18.146-0500] {processor.py:157} INFO - Started process (PID=16662) to work on /Users/abhishekpatkar/Documents/Projects/af_file_loader/venv/lib/python3.11/site-packages/airflow/example_dags/example_dynamic_task_mapping.py
[2023-07-22T14:52:18.153-0500] {processor.py:826} INFO - Processing file /Users/abhishekpatkar/Documents/Projects/af_file_loader/venv/lib/python3.11/site-packages/airflow/example_dags/example_dynamic_task_mapping.py for tasks to queue
[2023-07-22T14:52:18.154-0500] {logging_mixin.py:150} INFO - [2023-07-22T14:52:18.153-0500] {dagbag.py:541} INFO - Filling up the DagBag from /Users/abhishekpatkar/Documents/Projects/af_file_loader/venv/lib/python3.11/site-packages/airflow/example_dags/example_dynamic_task_mapping.py
[2023-07-22T14:52:18.284-0500] {processor.py:836} INFO - DAG(s) dict_keys(['example_dynamic_task_mapping']) retrieved from /Users/abhishekpatkar/Documents/Projects/af_file_loader/venv/lib/python3.11/site-packages/airflow/example_dags/example_dynamic_task_mapping.py
[2023-07-22T14:52:20.057-0500] {logging_mixin.py:150} INFO - [2023-07-22T14:52:20.057-0500] {manager.py:504} INFO - Created Permission View: can delete on DAG:example_dynamic_task_mapping
[2023-07-22T14:52:20.068-0500] {logging_mixin.py:150} INFO - [2023-07-22T14:52:20.067-0500] {manager.py:504} INFO - Created Permission View: can read on DAG:example_dynamic_task_mapping
[2023-07-22T14:52:20.075-0500] {logging_mixin.py:150} INFO - [2023-07-22T14:52:20.074-0500] {manager.py:504} INFO - Created Permission View: can edit on DAG:example_dynamic_task_mapping
[2023-07-22T14:52:20.086-0500] {logging_mixin.py:150} INFO - [2023-07-22T14:52:20.086-0500] {dag.py:2742} INFO - Sync 1 DAGs
[2023-07-22T14:52:20.100-0500] {logging_mixin.py:150} INFO - [2023-07-22T14:52:20.099-0500] {dag.py:2763} INFO - Creating ORM DAG for example_dynamic_task_mapping
[2023-07-22T14:52:20.109-0500] {logging_mixin.py:150} INFO - [2023-07-22T14:52:20.109-0500] {dag.py:3504} INFO - Setting next_dagrun for example_dynamic_task_mapping to 2022-03-04T00:00:00+00:00, run_after=2022-03-05T00:00:00+00:00
[2023-07-22T14:52:20.128-0500] {processor.py:179} INFO - Processing /Users/abhishekpatkar/Documents/Projects/af_file_loader/venv/lib/python3.11/site-packages/airflow/example_dags/example_dynamic_task_mapping.py took 1.984 seconds
[2023-07-22T14:55:41.450-0500] {processor.py:157} INFO - Started process (PID=16918) to work on /Users/abhishekpatkar/Documents/Projects/af_file_loader/venv/lib/python3.11/site-packages/airflow/example_dags/example_dynamic_task_mapping.py
[2023-07-22T14:55:41.459-0500] {processor.py:826} INFO - Processing file /Users/abhishekpatkar/Documents/Projects/af_file_loader/venv/lib/python3.11/site-packages/airflow/example_dags/example_dynamic_task_mapping.py for tasks to queue
[2023-07-22T14:55:41.460-0500] {logging_mixin.py:150} INFO - [2023-07-22T14:55:41.460-0500] {dagbag.py:541} INFO - Filling up the DagBag from /Users/abhishekpatkar/Documents/Projects/af_file_loader/venv/lib/python3.11/site-packages/airflow/example_dags/example_dynamic_task_mapping.py
[2023-07-22T14:55:41.635-0500] {processor.py:836} INFO - DAG(s) dict_keys(['example_dynamic_task_mapping']) retrieved from /Users/abhishekpatkar/Documents/Projects/af_file_loader/venv/lib/python3.11/site-packages/airflow/example_dags/example_dynamic_task_mapping.py
[2023-07-22T14:55:42.415-0500] {logging_mixin.py:150} INFO - [2023-07-22T14:55:42.415-0500] {dag.py:2742} INFO - Sync 1 DAGs
[2023-07-22T14:55:42.441-0500] {logging_mixin.py:150} INFO - [2023-07-22T14:55:42.440-0500] {dag.py:3504} INFO - Setting next_dagrun for example_dynamic_task_mapping to 2022-03-04T00:00:00+00:00, run_after=2022-03-05T00:00:00+00:00
[2023-07-22T14:55:42.464-0500] {processor.py:179} INFO - Processing /Users/abhishekpatkar/Documents/Projects/af_file_loader/venv/lib/python3.11/site-packages/airflow/example_dags/example_dynamic_task_mapping.py took 1.015 seconds
[2023-07-22T15:00:35.991-0500] {processor.py:157} INFO - Started process (PID=17098) to work on /Users/abhishekpatkar/Documents/Projects/af_file_loader/venv/lib/python3.11/site-packages/airflow/example_dags/example_dynamic_task_mapping.py
[2023-07-22T15:00:35.995-0500] {processor.py:826} INFO - Processing file /Users/abhishekpatkar/Documents/Projects/af_file_loader/venv/lib/python3.11/site-packages/airflow/example_dags/example_dynamic_task_mapping.py for tasks to queue
[2023-07-22T15:00:35.996-0500] {logging_mixin.py:150} INFO - [2023-07-22T15:00:35.995-0500] {dagbag.py:541} INFO - Filling up the DagBag from /Users/abhishekpatkar/Documents/Projects/af_file_loader/venv/lib/python3.11/site-packages/airflow/example_dags/example_dynamic_task_mapping.py
[2023-07-22T15:00:36.084-0500] {processor.py:836} INFO - DAG(s) dict_keys(['example_dynamic_task_mapping']) retrieved from /Users/abhishekpatkar/Documents/Projects/af_file_loader/venv/lib/python3.11/site-packages/airflow/example_dags/example_dynamic_task_mapping.py
[2023-07-22T15:00:36.765-0500] {logging_mixin.py:150} INFO - [2023-07-22T15:00:36.765-0500] {dag.py:2742} INFO - Sync 1 DAGs
[2023-07-22T15:00:36.783-0500] {logging_mixin.py:150} INFO - [2023-07-22T15:00:36.782-0500] {dag.py:3504} INFO - Setting next_dagrun for example_dynamic_task_mapping to 2022-03-04T00:00:00+00:00, run_after=2022-03-05T00:00:00+00:00
[2023-07-22T15:00:36.802-0500] {processor.py:179} INFO - Processing /Users/abhishekpatkar/Documents/Projects/af_file_loader/venv/lib/python3.11/site-packages/airflow/example_dags/example_dynamic_task_mapping.py took 0.812 seconds
[2023-07-22T15:05:48.759-0500] {processor.py:157} INFO - Started process (PID=17613) to work on /Users/abhishekpatkar/Documents/Projects/af_file_loader/venv/lib/python3.11/site-packages/airflow/example_dags/example_dynamic_task_mapping.py
[2023-07-22T15:05:48.788-0500] {processor.py:826} INFO - Processing file /Users/abhishekpatkar/Documents/Projects/af_file_loader/venv/lib/python3.11/site-packages/airflow/example_dags/example_dynamic_task_mapping.py for tasks to queue
[2023-07-22T15:05:48.791-0500] {logging_mixin.py:150} INFO - [2023-07-22T15:05:48.791-0500] {dagbag.py:541} INFO - Filling up the DagBag from /Users/abhishekpatkar/Documents/Projects/af_file_loader/venv/lib/python3.11/site-packages/airflow/example_dags/example_dynamic_task_mapping.py
[2023-07-22T15:05:49.295-0500] {processor.py:836} INFO - DAG(s) dict_keys(['example_dynamic_task_mapping']) retrieved from /Users/abhishekpatkar/Documents/Projects/af_file_loader/venv/lib/python3.11/site-packages/airflow/example_dags/example_dynamic_task_mapping.py
[2023-07-22T15:05:51.838-0500] {logging_mixin.py:150} INFO - [2023-07-22T15:05:51.837-0500] {dag.py:2742} INFO - Sync 1 DAGs
[2023-07-22T15:05:51.873-0500] {logging_mixin.py:150} INFO - [2023-07-22T15:05:51.873-0500] {dag.py:3504} INFO - Setting next_dagrun for example_dynamic_task_mapping to 2022-03-04T00:00:00+00:00, run_after=2022-03-05T00:00:00+00:00
[2023-07-22T15:05:51.917-0500] {processor.py:179} INFO - Processing /Users/abhishekpatkar/Documents/Projects/af_file_loader/venv/lib/python3.11/site-packages/airflow/example_dags/example_dynamic_task_mapping.py took 3.160 seconds
[2023-07-22T15:11:24.842-0500] {processor.py:157} INFO - Started process (PID=17829) to work on /Users/abhishekpatkar/Documents/Projects/af_file_loader/venv/lib/python3.11/site-packages/airflow/example_dags/example_dynamic_task_mapping.py
[2023-07-22T15:11:24.848-0500] {processor.py:826} INFO - Processing file /Users/abhishekpatkar/Documents/Projects/af_file_loader/venv/lib/python3.11/site-packages/airflow/example_dags/example_dynamic_task_mapping.py for tasks to queue
[2023-07-22T15:11:24.849-0500] {logging_mixin.py:150} INFO - [2023-07-22T15:11:24.849-0500] {dagbag.py:541} INFO - Filling up the DagBag from /Users/abhishekpatkar/Documents/Projects/af_file_loader/venv/lib/python3.11/site-packages/airflow/example_dags/example_dynamic_task_mapping.py
[2023-07-22T15:11:24.985-0500] {processor.py:836} INFO - DAG(s) dict_keys(['example_dynamic_task_mapping']) retrieved from /Users/abhishekpatkar/Documents/Projects/af_file_loader/venv/lib/python3.11/site-packages/airflow/example_dags/example_dynamic_task_mapping.py
[2023-07-22T15:11:26.237-0500] {logging_mixin.py:150} INFO - [2023-07-22T15:11:26.237-0500] {dag.py:2742} INFO - Sync 1 DAGs
[2023-07-22T15:11:26.256-0500] {logging_mixin.py:150} INFO - [2023-07-22T15:11:26.255-0500] {dag.py:3504} INFO - Setting next_dagrun for example_dynamic_task_mapping to 2022-03-04T00:00:00+00:00, run_after=2022-03-05T00:00:00+00:00
[2023-07-22T15:11:26.297-0500] {processor.py:179} INFO - Processing /Users/abhishekpatkar/Documents/Projects/af_file_loader/venv/lib/python3.11/site-packages/airflow/example_dags/example_dynamic_task_mapping.py took 1.457 seconds
[2023-07-22T15:16:52.889-0500] {processor.py:157} INFO - Started process (PID=18020) to work on /Users/abhishekpatkar/Documents/Projects/af_file_loader/venv/lib/python3.11/site-packages/airflow/example_dags/example_dynamic_task_mapping.py
[2023-07-22T15:16:52.895-0500] {processor.py:826} INFO - Processing file /Users/abhishekpatkar/Documents/Projects/af_file_loader/venv/lib/python3.11/site-packages/airflow/example_dags/example_dynamic_task_mapping.py for tasks to queue
[2023-07-22T15:16:52.898-0500] {logging_mixin.py:150} INFO - [2023-07-22T15:16:52.897-0500] {dagbag.py:541} INFO - Filling up the DagBag from /Users/abhishekpatkar/Documents/Projects/af_file_loader/venv/lib/python3.11/site-packages/airflow/example_dags/example_dynamic_task_mapping.py
[2023-07-22T15:16:53.000-0500] {processor.py:836} INFO - DAG(s) dict_keys(['example_dynamic_task_mapping']) retrieved from /Users/abhishekpatkar/Documents/Projects/af_file_loader/venv/lib/python3.11/site-packages/airflow/example_dags/example_dynamic_task_mapping.py
[2023-07-22T15:16:53.866-0500] {logging_mixin.py:150} INFO - [2023-07-22T15:16:53.865-0500] {dag.py:2742} INFO - Sync 1 DAGs
[2023-07-22T15:16:53.904-0500] {logging_mixin.py:150} INFO - [2023-07-22T15:16:53.904-0500] {dag.py:3504} INFO - Setting next_dagrun for example_dynamic_task_mapping to 2022-03-04T00:00:00+00:00, run_after=2022-03-05T00:00:00+00:00
[2023-07-22T15:16:53.968-0500] {processor.py:179} INFO - Processing /Users/abhishekpatkar/Documents/Projects/af_file_loader/venv/lib/python3.11/site-packages/airflow/example_dags/example_dynamic_task_mapping.py took 1.082 seconds
[2023-07-22T15:20:01.671-0500] {processor.py:157} INFO - Started process (PID=18134) to work on /Users/abhishekpatkar/Documents/Projects/af_file_loader/venv/lib/python3.11/site-packages/airflow/example_dags/example_dynamic_task_mapping.py
[2023-07-22T15:20:01.674-0500] {processor.py:826} INFO - Processing file /Users/abhishekpatkar/Documents/Projects/af_file_loader/venv/lib/python3.11/site-packages/airflow/example_dags/example_dynamic_task_mapping.py for tasks to queue
[2023-07-22T15:20:01.675-0500] {logging_mixin.py:150} INFO - [2023-07-22T15:20:01.675-0500] {dagbag.py:541} INFO - Filling up the DagBag from /Users/abhishekpatkar/Documents/Projects/af_file_loader/venv/lib/python3.11/site-packages/airflow/example_dags/example_dynamic_task_mapping.py
[2023-07-22T15:20:01.806-0500] {processor.py:836} INFO - DAG(s) dict_keys(['example_dynamic_task_mapping']) retrieved from /Users/abhishekpatkar/Documents/Projects/af_file_loader/venv/lib/python3.11/site-packages/airflow/example_dags/example_dynamic_task_mapping.py
[2023-07-22T15:20:02.656-0500] {logging_mixin.py:150} INFO - [2023-07-22T15:20:02.655-0500] {dag.py:2742} INFO - Sync 1 DAGs
[2023-07-22T15:20:02.672-0500] {logging_mixin.py:150} INFO - [2023-07-22T15:20:02.672-0500] {dag.py:3504} INFO - Setting next_dagrun for example_dynamic_task_mapping to 2022-03-04T00:00:00+00:00, run_after=2022-03-05T00:00:00+00:00
[2023-07-22T15:20:02.696-0500] {processor.py:179} INFO - Processing /Users/abhishekpatkar/Documents/Projects/af_file_loader/venv/lib/python3.11/site-packages/airflow/example_dags/example_dynamic_task_mapping.py took 1.026 seconds
[2023-07-22T15:24:45.732-0500] {processor.py:157} INFO - Started process (PID=18316) to work on /Users/abhishekpatkar/Documents/Projects/af_file_loader/venv/lib/python3.11/site-packages/airflow/example_dags/example_dynamic_task_mapping.py
[2023-07-22T15:24:45.737-0500] {processor.py:826} INFO - Processing file /Users/abhishekpatkar/Documents/Projects/af_file_loader/venv/lib/python3.11/site-packages/airflow/example_dags/example_dynamic_task_mapping.py for tasks to queue
[2023-07-22T15:24:45.738-0500] {logging_mixin.py:150} INFO - [2023-07-22T15:24:45.737-0500] {dagbag.py:541} INFO - Filling up the DagBag from /Users/abhishekpatkar/Documents/Projects/af_file_loader/venv/lib/python3.11/site-packages/airflow/example_dags/example_dynamic_task_mapping.py
[2023-07-22T15:24:45.818-0500] {processor.py:836} INFO - DAG(s) dict_keys(['example_dynamic_task_mapping']) retrieved from /Users/abhishekpatkar/Documents/Projects/af_file_loader/venv/lib/python3.11/site-packages/airflow/example_dags/example_dynamic_task_mapping.py
[2023-07-22T15:24:46.443-0500] {logging_mixin.py:150} INFO - [2023-07-22T15:24:46.443-0500] {dag.py:2742} INFO - Sync 1 DAGs
[2023-07-22T15:24:46.462-0500] {logging_mixin.py:150} INFO - [2023-07-22T15:24:46.462-0500] {dag.py:3504} INFO - Setting next_dagrun for example_dynamic_task_mapping to 2022-03-04T00:00:00+00:00, run_after=2022-03-05T00:00:00+00:00
[2023-07-22T15:24:46.480-0500] {processor.py:179} INFO - Processing /Users/abhishekpatkar/Documents/Projects/af_file_loader/venv/lib/python3.11/site-packages/airflow/example_dags/example_dynamic_task_mapping.py took 0.749 seconds
[2023-07-22T15:31:06.560-0500] {processor.py:157} INFO - Started process (PID=18785) to work on /Users/abhishekpatkar/Documents/Projects/af_file_loader/venv/lib/python3.11/site-packages/airflow/example_dags/example_dynamic_task_mapping.py
[2023-07-22T15:31:06.570-0500] {processor.py:826} INFO - Processing file /Users/abhishekpatkar/Documents/Projects/af_file_loader/venv/lib/python3.11/site-packages/airflow/example_dags/example_dynamic_task_mapping.py for tasks to queue
[2023-07-22T15:31:06.572-0500] {logging_mixin.py:150} INFO - [2023-07-22T15:31:06.572-0500] {dagbag.py:541} INFO - Filling up the DagBag from /Users/abhishekpatkar/Documents/Projects/af_file_loader/venv/lib/python3.11/site-packages/airflow/example_dags/example_dynamic_task_mapping.py
[2023-07-22T15:31:06.857-0500] {processor.py:836} INFO - DAG(s) dict_keys(['example_dynamic_task_mapping']) retrieved from /Users/abhishekpatkar/Documents/Projects/af_file_loader/venv/lib/python3.11/site-packages/airflow/example_dags/example_dynamic_task_mapping.py
[2023-07-22T15:31:08.953-0500] {logging_mixin.py:150} INFO - [2023-07-22T15:31:08.953-0500] {dag.py:2742} INFO - Sync 1 DAGs
[2023-07-22T15:31:09.034-0500] {logging_mixin.py:150} INFO - [2023-07-22T15:31:09.032-0500] {dag.py:3504} INFO - Setting next_dagrun for example_dynamic_task_mapping to 2022-03-04T00:00:00+00:00, run_after=2022-03-05T00:00:00+00:00
[2023-07-22T15:31:09.126-0500] {processor.py:179} INFO - Processing /Users/abhishekpatkar/Documents/Projects/af_file_loader/venv/lib/python3.11/site-packages/airflow/example_dags/example_dynamic_task_mapping.py took 2.567 seconds
[2023-07-22T15:34:57.933-0500] {processor.py:157} INFO - Started process (PID=18935) to work on /Users/abhishekpatkar/Documents/Projects/af_file_loader/venv/lib/python3.11/site-packages/airflow/example_dags/example_dynamic_task_mapping.py
[2023-07-22T15:34:57.937-0500] {processor.py:826} INFO - Processing file /Users/abhishekpatkar/Documents/Projects/af_file_loader/venv/lib/python3.11/site-packages/airflow/example_dags/example_dynamic_task_mapping.py for tasks to queue
[2023-07-22T15:34:57.938-0500] {logging_mixin.py:150} INFO - [2023-07-22T15:34:57.938-0500] {dagbag.py:541} INFO - Filling up the DagBag from /Users/abhishekpatkar/Documents/Projects/af_file_loader/venv/lib/python3.11/site-packages/airflow/example_dags/example_dynamic_task_mapping.py
[2023-07-22T15:34:58.030-0500] {processor.py:836} INFO - DAG(s) dict_keys(['example_dynamic_task_mapping']) retrieved from /Users/abhishekpatkar/Documents/Projects/af_file_loader/venv/lib/python3.11/site-packages/airflow/example_dags/example_dynamic_task_mapping.py
[2023-07-22T15:34:58.643-0500] {logging_mixin.py:150} INFO - [2023-07-22T15:34:58.642-0500] {dag.py:2742} INFO - Sync 1 DAGs
[2023-07-22T15:34:58.658-0500] {logging_mixin.py:150} INFO - [2023-07-22T15:34:58.658-0500] {dag.py:3504} INFO - Setting next_dagrun for example_dynamic_task_mapping to 2022-03-04T00:00:00+00:00, run_after=2022-03-05T00:00:00+00:00
[2023-07-22T15:34:58.677-0500] {processor.py:179} INFO - Processing /Users/abhishekpatkar/Documents/Projects/af_file_loader/venv/lib/python3.11/site-packages/airflow/example_dags/example_dynamic_task_mapping.py took 0.745 seconds
[2023-07-22T15:48:40.914-0500] {processor.py:157} INFO - Started process (PID=19446) to work on /Users/abhishekpatkar/Documents/Projects/af_file_loader/venv/lib/python3.11/site-packages/airflow/example_dags/example_dynamic_task_mapping.py
[2023-07-22T15:48:40.919-0500] {processor.py:826} INFO - Processing file /Users/abhishekpatkar/Documents/Projects/af_file_loader/venv/lib/python3.11/site-packages/airflow/example_dags/example_dynamic_task_mapping.py for tasks to queue
[2023-07-22T15:48:40.919-0500] {logging_mixin.py:150} INFO - [2023-07-22T15:48:40.919-0500] {dagbag.py:541} INFO - Filling up the DagBag from /Users/abhishekpatkar/Documents/Projects/af_file_loader/venv/lib/python3.11/site-packages/airflow/example_dags/example_dynamic_task_mapping.py
[2023-07-22T15:48:41.064-0500] {processor.py:836} INFO - DAG(s) dict_keys(['example_dynamic_task_mapping']) retrieved from /Users/abhishekpatkar/Documents/Projects/af_file_loader/venv/lib/python3.11/site-packages/airflow/example_dags/example_dynamic_task_mapping.py
[2023-07-22T15:48:41.924-0500] {logging_mixin.py:150} INFO - [2023-07-22T15:48:41.923-0500] {dag.py:2742} INFO - Sync 1 DAGs
[2023-07-22T15:48:41.943-0500] {logging_mixin.py:150} INFO - [2023-07-22T15:48:41.943-0500] {dag.py:3504} INFO - Setting next_dagrun for example_dynamic_task_mapping to 2022-03-04T00:00:00+00:00, run_after=2022-03-05T00:00:00+00:00
[2023-07-22T15:48:41.968-0500] {processor.py:179} INFO - Processing /Users/abhishekpatkar/Documents/Projects/af_file_loader/venv/lib/python3.11/site-packages/airflow/example_dags/example_dynamic_task_mapping.py took 1.055 seconds
[2023-07-22T15:53:51.018-0500] {processor.py:157} INFO - Started process (PID=19868) to work on /Users/abhishekpatkar/Documents/Projects/af_file_loader/venv/lib/python3.11/site-packages/airflow/example_dags/example_dynamic_task_mapping.py
[2023-07-22T15:53:51.026-0500] {processor.py:826} INFO - Processing file /Users/abhishekpatkar/Documents/Projects/af_file_loader/venv/lib/python3.11/site-packages/airflow/example_dags/example_dynamic_task_mapping.py for tasks to queue
[2023-07-22T15:53:51.027-0500] {logging_mixin.py:150} INFO - [2023-07-22T15:53:51.027-0500] {dagbag.py:541} INFO - Filling up the DagBag from /Users/abhishekpatkar/Documents/Projects/af_file_loader/venv/lib/python3.11/site-packages/airflow/example_dags/example_dynamic_task_mapping.py
[2023-07-22T15:53:51.138-0500] {processor.py:836} INFO - DAG(s) dict_keys(['example_dynamic_task_mapping']) retrieved from /Users/abhishekpatkar/Documents/Projects/af_file_loader/venv/lib/python3.11/site-packages/airflow/example_dags/example_dynamic_task_mapping.py
[2023-07-22T15:53:52.269-0500] {logging_mixin.py:150} INFO - [2023-07-22T15:53:52.268-0500] {dag.py:2742} INFO - Sync 1 DAGs
[2023-07-22T15:53:52.300-0500] {logging_mixin.py:150} INFO - [2023-07-22T15:53:52.299-0500] {dag.py:3504} INFO - Setting next_dagrun for example_dynamic_task_mapping to 2022-03-04T00:00:00+00:00, run_after=2022-03-05T00:00:00+00:00
[2023-07-22T15:53:52.330-0500] {processor.py:179} INFO - Processing /Users/abhishekpatkar/Documents/Projects/af_file_loader/venv/lib/python3.11/site-packages/airflow/example_dags/example_dynamic_task_mapping.py took 1.313 seconds
[2023-07-22T15:59:04.693-0500] {processor.py:157} INFO - Started process (PID=20266) to work on /Users/abhishekpatkar/Documents/Projects/af_file_loader/venv/lib/python3.11/site-packages/airflow/example_dags/example_dynamic_task_mapping.py
[2023-07-22T15:59:04.700-0500] {processor.py:826} INFO - Processing file /Users/abhishekpatkar/Documents/Projects/af_file_loader/venv/lib/python3.11/site-packages/airflow/example_dags/example_dynamic_task_mapping.py for tasks to queue
[2023-07-22T15:59:04.700-0500] {logging_mixin.py:150} INFO - [2023-07-22T15:59:04.700-0500] {dagbag.py:541} INFO - Filling up the DagBag from /Users/abhishekpatkar/Documents/Projects/af_file_loader/venv/lib/python3.11/site-packages/airflow/example_dags/example_dynamic_task_mapping.py
[2023-07-22T15:59:04.814-0500] {processor.py:836} INFO - DAG(s) dict_keys(['example_dynamic_task_mapping']) retrieved from /Users/abhishekpatkar/Documents/Projects/af_file_loader/venv/lib/python3.11/site-packages/airflow/example_dags/example_dynamic_task_mapping.py
[2023-07-22T15:59:05.694-0500] {logging_mixin.py:150} INFO - [2023-07-22T15:59:05.694-0500] {dag.py:2742} INFO - Sync 1 DAGs
[2023-07-22T15:59:05.713-0500] {logging_mixin.py:150} INFO - [2023-07-22T15:59:05.713-0500] {dag.py:3504} INFO - Setting next_dagrun for example_dynamic_task_mapping to 2022-03-04T00:00:00+00:00, run_after=2022-03-05T00:00:00+00:00
[2023-07-22T15:59:05.742-0500] {processor.py:179} INFO - Processing /Users/abhishekpatkar/Documents/Projects/af_file_loader/venv/lib/python3.11/site-packages/airflow/example_dags/example_dynamic_task_mapping.py took 1.051 seconds
[2023-07-22T16:03:38.328-0500] {processor.py:157} INFO - Started process (PID=20431) to work on /Users/abhishekpatkar/Documents/Projects/af_file_loader/venv/lib/python3.11/site-packages/airflow/example_dags/example_dynamic_task_mapping.py
[2023-07-22T16:03:38.332-0500] {processor.py:826} INFO - Processing file /Users/abhishekpatkar/Documents/Projects/af_file_loader/venv/lib/python3.11/site-packages/airflow/example_dags/example_dynamic_task_mapping.py for tasks to queue
[2023-07-22T16:03:38.333-0500] {logging_mixin.py:150} INFO - [2023-07-22T16:03:38.333-0500] {dagbag.py:541} INFO - Filling up the DagBag from /Users/abhishekpatkar/Documents/Projects/af_file_loader/venv/lib/python3.11/site-packages/airflow/example_dags/example_dynamic_task_mapping.py
[2023-07-22T16:03:38.422-0500] {processor.py:836} INFO - DAG(s) dict_keys(['example_dynamic_task_mapping']) retrieved from /Users/abhishekpatkar/Documents/Projects/af_file_loader/venv/lib/python3.11/site-packages/airflow/example_dags/example_dynamic_task_mapping.py
[2023-07-22T16:03:39.005-0500] {logging_mixin.py:150} INFO - [2023-07-22T16:03:39.005-0500] {dag.py:2742} INFO - Sync 1 DAGs
[2023-07-22T16:03:39.020-0500] {logging_mixin.py:150} INFO - [2023-07-22T16:03:39.020-0500] {dag.py:3504} INFO - Setting next_dagrun for example_dynamic_task_mapping to 2022-03-04T00:00:00+00:00, run_after=2022-03-05T00:00:00+00:00
[2023-07-22T16:03:39.039-0500] {processor.py:179} INFO - Processing /Users/abhishekpatkar/Documents/Projects/af_file_loader/venv/lib/python3.11/site-packages/airflow/example_dags/example_dynamic_task_mapping.py took 0.712 seconds
[2023-07-22T16:07:14.770-0500] {processor.py:157} INFO - Started process (PID=20607) to work on /Users/abhishekpatkar/Documents/Projects/af_file_loader/venv/lib/python3.11/site-packages/airflow/example_dags/example_dynamic_task_mapping.py
[2023-07-22T16:07:14.774-0500] {processor.py:826} INFO - Processing file /Users/abhishekpatkar/Documents/Projects/af_file_loader/venv/lib/python3.11/site-packages/airflow/example_dags/example_dynamic_task_mapping.py for tasks to queue
[2023-07-22T16:07:14.774-0500] {logging_mixin.py:150} INFO - [2023-07-22T16:07:14.774-0500] {dagbag.py:541} INFO - Filling up the DagBag from /Users/abhishekpatkar/Documents/Projects/af_file_loader/venv/lib/python3.11/site-packages/airflow/example_dags/example_dynamic_task_mapping.py
[2023-07-22T16:07:14.865-0500] {processor.py:836} INFO - DAG(s) dict_keys(['example_dynamic_task_mapping']) retrieved from /Users/abhishekpatkar/Documents/Projects/af_file_loader/venv/lib/python3.11/site-packages/airflow/example_dags/example_dynamic_task_mapping.py
[2023-07-22T16:07:15.517-0500] {logging_mixin.py:150} INFO - [2023-07-22T16:07:15.516-0500] {dag.py:2742} INFO - Sync 1 DAGs
[2023-07-22T16:07:15.533-0500] {logging_mixin.py:150} INFO - [2023-07-22T16:07:15.533-0500] {dag.py:3504} INFO - Setting next_dagrun for example_dynamic_task_mapping to 2022-03-04T00:00:00+00:00, run_after=2022-03-05T00:00:00+00:00
[2023-07-22T16:07:15.554-0500] {processor.py:179} INFO - Processing /Users/abhishekpatkar/Documents/Projects/af_file_loader/venv/lib/python3.11/site-packages/airflow/example_dags/example_dynamic_task_mapping.py took 0.784 seconds
[2023-07-22T16:10:52.224-0500] {processor.py:157} INFO - Started process (PID=20748) to work on /Users/abhishekpatkar/Documents/Projects/af_file_loader/venv/lib/python3.11/site-packages/airflow/example_dags/example_dynamic_task_mapping.py
[2023-07-22T16:10:52.228-0500] {processor.py:826} INFO - Processing file /Users/abhishekpatkar/Documents/Projects/af_file_loader/venv/lib/python3.11/site-packages/airflow/example_dags/example_dynamic_task_mapping.py for tasks to queue
[2023-07-22T16:10:52.228-0500] {logging_mixin.py:150} INFO - [2023-07-22T16:10:52.228-0500] {dagbag.py:541} INFO - Filling up the DagBag from /Users/abhishekpatkar/Documents/Projects/af_file_loader/venv/lib/python3.11/site-packages/airflow/example_dags/example_dynamic_task_mapping.py
[2023-07-22T16:10:52.306-0500] {processor.py:836} INFO - DAG(s) dict_keys(['example_dynamic_task_mapping']) retrieved from /Users/abhishekpatkar/Documents/Projects/af_file_loader/venv/lib/python3.11/site-packages/airflow/example_dags/example_dynamic_task_mapping.py
[2023-07-22T16:10:52.891-0500] {logging_mixin.py:150} INFO - [2023-07-22T16:10:52.890-0500] {dag.py:2742} INFO - Sync 1 DAGs
[2023-07-22T16:10:52.906-0500] {logging_mixin.py:150} INFO - [2023-07-22T16:10:52.905-0500] {dag.py:3504} INFO - Setting next_dagrun for example_dynamic_task_mapping to 2022-03-04T00:00:00+00:00, run_after=2022-03-05T00:00:00+00:00
[2023-07-22T16:10:52.925-0500] {processor.py:179} INFO - Processing /Users/abhishekpatkar/Documents/Projects/af_file_loader/venv/lib/python3.11/site-packages/airflow/example_dags/example_dynamic_task_mapping.py took 0.702 seconds
[2023-07-22T16:28:19.364-0500] {processor.py:157} INFO - Started process (PID=21039) to work on /Users/abhishekpatkar/Documents/Projects/af_file_loader/venv/lib/python3.11/site-packages/airflow/example_dags/example_dynamic_task_mapping.py
[2023-07-22T16:28:19.369-0500] {processor.py:826} INFO - Processing file /Users/abhishekpatkar/Documents/Projects/af_file_loader/venv/lib/python3.11/site-packages/airflow/example_dags/example_dynamic_task_mapping.py for tasks to queue
[2023-07-22T16:28:19.370-0500] {logging_mixin.py:150} INFO - [2023-07-22T16:28:19.370-0500] {dagbag.py:541} INFO - Filling up the DagBag from /Users/abhishekpatkar/Documents/Projects/af_file_loader/venv/lib/python3.11/site-packages/airflow/example_dags/example_dynamic_task_mapping.py
[2023-07-22T16:28:19.518-0500] {processor.py:836} INFO - DAG(s) dict_keys(['example_dynamic_task_mapping']) retrieved from /Users/abhishekpatkar/Documents/Projects/af_file_loader/venv/lib/python3.11/site-packages/airflow/example_dags/example_dynamic_task_mapping.py
[2023-07-22T16:28:20.454-0500] {logging_mixin.py:150} INFO - [2023-07-22T16:28:20.453-0500] {dag.py:2742} INFO - Sync 1 DAGs
[2023-07-22T16:28:20.475-0500] {logging_mixin.py:150} INFO - [2023-07-22T16:28:20.474-0500] {dag.py:3504} INFO - Setting next_dagrun for example_dynamic_task_mapping to 2022-03-04T00:00:00+00:00, run_after=2022-03-05T00:00:00+00:00
[2023-07-22T16:28:20.516-0500] {processor.py:179} INFO - Processing /Users/abhishekpatkar/Documents/Projects/af_file_loader/venv/lib/python3.11/site-packages/airflow/example_dags/example_dynamic_task_mapping.py took 1.152 seconds
[2023-07-22T16:34:52.104-0500] {processor.py:157} INFO - Started process (PID=21248) to work on /Users/abhishekpatkar/Documents/Projects/af_file_loader/venv/lib/python3.11/site-packages/airflow/example_dags/example_dynamic_task_mapping.py
[2023-07-22T16:34:52.109-0500] {processor.py:826} INFO - Processing file /Users/abhishekpatkar/Documents/Projects/af_file_loader/venv/lib/python3.11/site-packages/airflow/example_dags/example_dynamic_task_mapping.py for tasks to queue
[2023-07-22T16:34:52.110-0500] {logging_mixin.py:150} INFO - [2023-07-22T16:34:52.110-0500] {dagbag.py:541} INFO - Filling up the DagBag from /Users/abhishekpatkar/Documents/Projects/af_file_loader/venv/lib/python3.11/site-packages/airflow/example_dags/example_dynamic_task_mapping.py
[2023-07-22T16:34:52.225-0500] {processor.py:836} INFO - DAG(s) dict_keys(['example_dynamic_task_mapping']) retrieved from /Users/abhishekpatkar/Documents/Projects/af_file_loader/venv/lib/python3.11/site-packages/airflow/example_dags/example_dynamic_task_mapping.py
[2023-07-22T16:34:53.778-0500] {logging_mixin.py:150} INFO - [2023-07-22T16:34:53.778-0500] {dag.py:2742} INFO - Sync 1 DAGs
[2023-07-22T16:34:53.804-0500] {logging_mixin.py:150} INFO - [2023-07-22T16:34:53.803-0500] {dag.py:3504} INFO - Setting next_dagrun for example_dynamic_task_mapping to 2022-03-04T00:00:00+00:00, run_after=2022-03-05T00:00:00+00:00
[2023-07-22T16:34:53.846-0500] {processor.py:179} INFO - Processing /Users/abhishekpatkar/Documents/Projects/af_file_loader/venv/lib/python3.11/site-packages/airflow/example_dags/example_dynamic_task_mapping.py took 1.743 seconds
[2023-07-22T16:43:49.231-0500] {processor.py:157} INFO - Started process (PID=21576) to work on /Users/abhishekpatkar/Documents/Projects/af_file_loader/venv/lib/python3.11/site-packages/airflow/example_dags/example_dynamic_task_mapping.py
[2023-07-22T16:43:49.241-0500] {processor.py:826} INFO - Processing file /Users/abhishekpatkar/Documents/Projects/af_file_loader/venv/lib/python3.11/site-packages/airflow/example_dags/example_dynamic_task_mapping.py for tasks to queue
[2023-07-22T16:43:49.242-0500] {logging_mixin.py:150} INFO - [2023-07-22T16:43:49.242-0500] {dagbag.py:541} INFO - Filling up the DagBag from /Users/abhishekpatkar/Documents/Projects/af_file_loader/venv/lib/python3.11/site-packages/airflow/example_dags/example_dynamic_task_mapping.py
[2023-07-22T16:43:49.401-0500] {processor.py:836} INFO - DAG(s) dict_keys(['example_dynamic_task_mapping']) retrieved from /Users/abhishekpatkar/Documents/Projects/af_file_loader/venv/lib/python3.11/site-packages/airflow/example_dags/example_dynamic_task_mapping.py
[2023-07-22T16:43:50.703-0500] {logging_mixin.py:150} INFO - [2023-07-22T16:43:50.702-0500] {dag.py:2742} INFO - Sync 1 DAGs
[2023-07-22T16:43:50.737-0500] {logging_mixin.py:150} INFO - [2023-07-22T16:43:50.736-0500] {dag.py:3504} INFO - Setting next_dagrun for example_dynamic_task_mapping to 2022-03-04T00:00:00+00:00, run_after=2022-03-05T00:00:00+00:00
[2023-07-22T16:43:50.799-0500] {processor.py:179} INFO - Processing /Users/abhishekpatkar/Documents/Projects/af_file_loader/venv/lib/python3.11/site-packages/airflow/example_dags/example_dynamic_task_mapping.py took 1.570 seconds
[2023-07-22T16:47:38.597-0500] {processor.py:157} INFO - Started process (PID=21691) to work on /Users/abhishekpatkar/Documents/Projects/af_file_loader/venv/lib/python3.11/site-packages/airflow/example_dags/example_dynamic_task_mapping.py
[2023-07-22T16:47:38.602-0500] {processor.py:826} INFO - Processing file /Users/abhishekpatkar/Documents/Projects/af_file_loader/venv/lib/python3.11/site-packages/airflow/example_dags/example_dynamic_task_mapping.py for tasks to queue
[2023-07-22T16:47:38.603-0500] {logging_mixin.py:150} INFO - [2023-07-22T16:47:38.602-0500] {dagbag.py:541} INFO - Filling up the DagBag from /Users/abhishekpatkar/Documents/Projects/af_file_loader/venv/lib/python3.11/site-packages/airflow/example_dags/example_dynamic_task_mapping.py
[2023-07-22T16:47:38.825-0500] {processor.py:836} INFO - DAG(s) dict_keys(['example_dynamic_task_mapping']) retrieved from /Users/abhishekpatkar/Documents/Projects/af_file_loader/venv/lib/python3.11/site-packages/airflow/example_dags/example_dynamic_task_mapping.py
[2023-07-22T16:47:40.211-0500] {logging_mixin.py:150} INFO - [2023-07-22T16:47:40.211-0500] {dag.py:2742} INFO - Sync 1 DAGs
[2023-07-22T16:47:40.241-0500] {logging_mixin.py:150} INFO - [2023-07-22T16:47:40.240-0500] {dag.py:3504} INFO - Setting next_dagrun for example_dynamic_task_mapping to 2022-03-04T00:00:00+00:00, run_after=2022-03-05T00:00:00+00:00
[2023-07-22T16:47:40.280-0500] {processor.py:179} INFO - Processing /Users/abhishekpatkar/Documents/Projects/af_file_loader/venv/lib/python3.11/site-packages/airflow/example_dags/example_dynamic_task_mapping.py took 1.686 seconds
[2023-07-22T16:55:01.908-0500] {processor.py:157} INFO - Started process (PID=21924) to work on /Users/abhishekpatkar/Documents/Projects/af_file_loader/venv/lib/python3.11/site-packages/airflow/example_dags/example_dynamic_task_mapping.py
[2023-07-22T16:55:01.917-0500] {processor.py:826} INFO - Processing file /Users/abhishekpatkar/Documents/Projects/af_file_loader/venv/lib/python3.11/site-packages/airflow/example_dags/example_dynamic_task_mapping.py for tasks to queue
[2023-07-22T16:55:01.918-0500] {logging_mixin.py:150} INFO - [2023-07-22T16:55:01.918-0500] {dagbag.py:541} INFO - Filling up the DagBag from /Users/abhishekpatkar/Documents/Projects/af_file_loader/venv/lib/python3.11/site-packages/airflow/example_dags/example_dynamic_task_mapping.py
[2023-07-22T16:55:02.054-0500] {processor.py:836} INFO - DAG(s) dict_keys(['example_dynamic_task_mapping']) retrieved from /Users/abhishekpatkar/Documents/Projects/af_file_loader/venv/lib/python3.11/site-packages/airflow/example_dags/example_dynamic_task_mapping.py
[2023-07-22T16:55:03.065-0500] {logging_mixin.py:150} INFO - [2023-07-22T16:55:03.065-0500] {dag.py:2742} INFO - Sync 1 DAGs
[2023-07-22T16:55:03.091-0500] {logging_mixin.py:150} INFO - [2023-07-22T16:55:03.091-0500] {dag.py:3504} INFO - Setting next_dagrun for example_dynamic_task_mapping to 2022-03-04T00:00:00+00:00, run_after=2022-03-05T00:00:00+00:00
[2023-07-22T16:55:03.120-0500] {processor.py:179} INFO - Processing /Users/abhishekpatkar/Documents/Projects/af_file_loader/venv/lib/python3.11/site-packages/airflow/example_dags/example_dynamic_task_mapping.py took 1.214 seconds
[2023-07-22T17:02:07.817-0500] {processor.py:157} INFO - Started process (PID=22181) to work on /Users/abhishekpatkar/Documents/Projects/af_file_loader/venv/lib/python3.11/site-packages/airflow/example_dags/example_dynamic_task_mapping.py
[2023-07-22T17:02:07.822-0500] {processor.py:826} INFO - Processing file /Users/abhishekpatkar/Documents/Projects/af_file_loader/venv/lib/python3.11/site-packages/airflow/example_dags/example_dynamic_task_mapping.py for tasks to queue
[2023-07-22T17:02:07.823-0500] {logging_mixin.py:150} INFO - [2023-07-22T17:02:07.822-0500] {dagbag.py:541} INFO - Filling up the DagBag from /Users/abhishekpatkar/Documents/Projects/af_file_loader/venv/lib/python3.11/site-packages/airflow/example_dags/example_dynamic_task_mapping.py
[2023-07-22T17:02:07.932-0500] {processor.py:836} INFO - DAG(s) dict_keys(['example_dynamic_task_mapping']) retrieved from /Users/abhishekpatkar/Documents/Projects/af_file_loader/venv/lib/python3.11/site-packages/airflow/example_dags/example_dynamic_task_mapping.py
[2023-07-22T17:02:08.630-0500] {logging_mixin.py:150} INFO - [2023-07-22T17:02:08.630-0500] {dag.py:2742} INFO - Sync 1 DAGs
[2023-07-22T17:02:08.677-0500] {logging_mixin.py:150} INFO - [2023-07-22T17:02:08.674-0500] {dag.py:3504} INFO - Setting next_dagrun for example_dynamic_task_mapping to 2022-03-04T00:00:00+00:00, run_after=2022-03-05T00:00:00+00:00
[2023-07-22T17:02:08.701-0500] {processor.py:179} INFO - Processing /Users/abhishekpatkar/Documents/Projects/af_file_loader/venv/lib/python3.11/site-packages/airflow/example_dags/example_dynamic_task_mapping.py took 0.885 seconds
[2023-07-22T17:06:35.529-0500] {processor.py:157} INFO - Started process (PID=22364) to work on /Users/abhishekpatkar/Documents/Projects/af_file_loader/venv/lib/python3.11/site-packages/airflow/example_dags/example_dynamic_task_mapping.py
[2023-07-22T17:06:35.534-0500] {processor.py:826} INFO - Processing file /Users/abhishekpatkar/Documents/Projects/af_file_loader/venv/lib/python3.11/site-packages/airflow/example_dags/example_dynamic_task_mapping.py for tasks to queue
[2023-07-22T17:06:35.535-0500] {logging_mixin.py:150} INFO - [2023-07-22T17:06:35.535-0500] {dagbag.py:541} INFO - Filling up the DagBag from /Users/abhishekpatkar/Documents/Projects/af_file_loader/venv/lib/python3.11/site-packages/airflow/example_dags/example_dynamic_task_mapping.py
[2023-07-22T17:06:35.627-0500] {processor.py:836} INFO - DAG(s) dict_keys(['example_dynamic_task_mapping']) retrieved from /Users/abhishekpatkar/Documents/Projects/af_file_loader/venv/lib/python3.11/site-packages/airflow/example_dags/example_dynamic_task_mapping.py
[2023-07-22T17:06:36.353-0500] {logging_mixin.py:150} INFO - [2023-07-22T17:06:36.353-0500] {dag.py:2742} INFO - Sync 1 DAGs
[2023-07-22T17:06:36.373-0500] {logging_mixin.py:150} INFO - [2023-07-22T17:06:36.372-0500] {dag.py:3504} INFO - Setting next_dagrun for example_dynamic_task_mapping to 2022-03-04T00:00:00+00:00, run_after=2022-03-05T00:00:00+00:00
[2023-07-22T17:06:36.403-0500] {processor.py:179} INFO - Processing /Users/abhishekpatkar/Documents/Projects/af_file_loader/venv/lib/python3.11/site-packages/airflow/example_dags/example_dynamic_task_mapping.py took 0.875 seconds
[2023-07-22T17:10:36.133-0500] {processor.py:157} INFO - Started process (PID=22531) to work on /Users/abhishekpatkar/Documents/Projects/af_file_loader/venv/lib/python3.11/site-packages/airflow/example_dags/example_dynamic_task_mapping.py
[2023-07-22T17:10:36.138-0500] {processor.py:826} INFO - Processing file /Users/abhishekpatkar/Documents/Projects/af_file_loader/venv/lib/python3.11/site-packages/airflow/example_dags/example_dynamic_task_mapping.py for tasks to queue
[2023-07-22T17:10:36.142-0500] {logging_mixin.py:150} INFO - [2023-07-22T17:10:36.142-0500] {dagbag.py:541} INFO - Filling up the DagBag from /Users/abhishekpatkar/Documents/Projects/af_file_loader/venv/lib/python3.11/site-packages/airflow/example_dags/example_dynamic_task_mapping.py
[2023-07-22T17:10:36.251-0500] {processor.py:836} INFO - DAG(s) dict_keys(['example_dynamic_task_mapping']) retrieved from /Users/abhishekpatkar/Documents/Projects/af_file_loader/venv/lib/python3.11/site-packages/airflow/example_dags/example_dynamic_task_mapping.py
[2023-07-22T17:10:36.967-0500] {logging_mixin.py:150} INFO - [2023-07-22T17:10:36.966-0500] {dag.py:2742} INFO - Sync 1 DAGs
[2023-07-22T17:10:36.986-0500] {logging_mixin.py:150} INFO - [2023-07-22T17:10:36.985-0500] {dag.py:3504} INFO - Setting next_dagrun for example_dynamic_task_mapping to 2022-03-04T00:00:00+00:00, run_after=2022-03-05T00:00:00+00:00
[2023-07-22T17:10:37.009-0500] {processor.py:179} INFO - Processing /Users/abhishekpatkar/Documents/Projects/af_file_loader/venv/lib/python3.11/site-packages/airflow/example_dags/example_dynamic_task_mapping.py took 0.876 seconds
[2023-07-22T17:14:34.193-0500] {processor.py:157} INFO - Started process (PID=22677) to work on /Users/abhishekpatkar/Documents/Projects/af_file_loader/venv/lib/python3.11/site-packages/airflow/example_dags/example_dynamic_task_mapping.py
[2023-07-22T17:14:34.198-0500] {processor.py:826} INFO - Processing file /Users/abhishekpatkar/Documents/Projects/af_file_loader/venv/lib/python3.11/site-packages/airflow/example_dags/example_dynamic_task_mapping.py for tasks to queue
[2023-07-22T17:14:34.199-0500] {logging_mixin.py:150} INFO - [2023-07-22T17:14:34.199-0500] {dagbag.py:541} INFO - Filling up the DagBag from /Users/abhishekpatkar/Documents/Projects/af_file_loader/venv/lib/python3.11/site-packages/airflow/example_dags/example_dynamic_task_mapping.py
[2023-07-22T17:14:34.293-0500] {processor.py:836} INFO - DAG(s) dict_keys(['example_dynamic_task_mapping']) retrieved from /Users/abhishekpatkar/Documents/Projects/af_file_loader/venv/lib/python3.11/site-packages/airflow/example_dags/example_dynamic_task_mapping.py
[2023-07-22T17:14:34.962-0500] {logging_mixin.py:150} INFO - [2023-07-22T17:14:34.962-0500] {dag.py:2742} INFO - Sync 1 DAGs
[2023-07-22T17:14:34.979-0500] {logging_mixin.py:150} INFO - [2023-07-22T17:14:34.979-0500] {dag.py:3504} INFO - Setting next_dagrun for example_dynamic_task_mapping to 2022-03-04T00:00:00+00:00, run_after=2022-03-05T00:00:00+00:00
[2023-07-22T17:14:35.000-0500] {processor.py:179} INFO - Processing /Users/abhishekpatkar/Documents/Projects/af_file_loader/venv/lib/python3.11/site-packages/airflow/example_dags/example_dynamic_task_mapping.py took 0.810 seconds
[2023-07-22T17:19:24.811-0500] {processor.py:157} INFO - Started process (PID=22903) to work on /Users/abhishekpatkar/Documents/Projects/af_file_loader/venv/lib/python3.11/site-packages/airflow/example_dags/example_dynamic_task_mapping.py
[2023-07-22T17:19:24.816-0500] {processor.py:826} INFO - Processing file /Users/abhishekpatkar/Documents/Projects/af_file_loader/venv/lib/python3.11/site-packages/airflow/example_dags/example_dynamic_task_mapping.py for tasks to queue
[2023-07-22T17:19:24.816-0500] {logging_mixin.py:150} INFO - [2023-07-22T17:19:24.816-0500] {dagbag.py:541} INFO - Filling up the DagBag from /Users/abhishekpatkar/Documents/Projects/af_file_loader/venv/lib/python3.11/site-packages/airflow/example_dags/example_dynamic_task_mapping.py
[2023-07-22T17:19:24.911-0500] {processor.py:836} INFO - DAG(s) dict_keys(['example_dynamic_task_mapping']) retrieved from /Users/abhishekpatkar/Documents/Projects/af_file_loader/venv/lib/python3.11/site-packages/airflow/example_dags/example_dynamic_task_mapping.py
[2023-07-22T17:19:25.589-0500] {logging_mixin.py:150} INFO - [2023-07-22T17:19:25.589-0500] {dag.py:2742} INFO - Sync 1 DAGs
[2023-07-22T17:19:25.605-0500] {logging_mixin.py:150} INFO - [2023-07-22T17:19:25.605-0500] {dag.py:3504} INFO - Setting next_dagrun for example_dynamic_task_mapping to 2022-03-04T00:00:00+00:00, run_after=2022-03-05T00:00:00+00:00
[2023-07-22T17:19:25.626-0500] {processor.py:179} INFO - Processing /Users/abhishekpatkar/Documents/Projects/af_file_loader/venv/lib/python3.11/site-packages/airflow/example_dags/example_dynamic_task_mapping.py took 0.816 seconds
[2023-07-22T17:24:24.367-0500] {processor.py:157} INFO - Started process (PID=23146) to work on /Users/abhishekpatkar/Documents/Projects/af_file_loader/venv/lib/python3.11/site-packages/airflow/example_dags/example_dynamic_task_mapping.py
[2023-07-22T17:24:24.374-0500] {processor.py:826} INFO - Processing file /Users/abhishekpatkar/Documents/Projects/af_file_loader/venv/lib/python3.11/site-packages/airflow/example_dags/example_dynamic_task_mapping.py for tasks to queue
[2023-07-22T17:24:24.375-0500] {logging_mixin.py:150} INFO - [2023-07-22T17:24:24.375-0500] {dagbag.py:541} INFO - Filling up the DagBag from /Users/abhishekpatkar/Documents/Projects/af_file_loader/venv/lib/python3.11/site-packages/airflow/example_dags/example_dynamic_task_mapping.py
[2023-07-22T17:24:24.521-0500] {processor.py:836} INFO - DAG(s) dict_keys(['example_dynamic_task_mapping']) retrieved from /Users/abhishekpatkar/Documents/Projects/af_file_loader/venv/lib/python3.11/site-packages/airflow/example_dags/example_dynamic_task_mapping.py
[2023-07-22T17:24:25.437-0500] {logging_mixin.py:150} INFO - [2023-07-22T17:24:25.436-0500] {dag.py:2742} INFO - Sync 1 DAGs
[2023-07-22T17:24:25.458-0500] {logging_mixin.py:150} INFO - [2023-07-22T17:24:25.458-0500] {dag.py:3504} INFO - Setting next_dagrun for example_dynamic_task_mapping to 2022-03-04T00:00:00+00:00, run_after=2022-03-05T00:00:00+00:00
[2023-07-22T17:24:25.485-0500] {processor.py:179} INFO - Processing /Users/abhishekpatkar/Documents/Projects/af_file_loader/venv/lib/python3.11/site-packages/airflow/example_dags/example_dynamic_task_mapping.py took 1.118 seconds
[2023-07-22T17:29:38.395-0500] {processor.py:157} INFO - Started process (PID=23308) to work on /Users/abhishekpatkar/Documents/Projects/af_file_loader/venv/lib/python3.11/site-packages/airflow/example_dags/example_dynamic_task_mapping.py
[2023-07-22T17:29:38.401-0500] {processor.py:826} INFO - Processing file /Users/abhishekpatkar/Documents/Projects/af_file_loader/venv/lib/python3.11/site-packages/airflow/example_dags/example_dynamic_task_mapping.py for tasks to queue
[2023-07-22T17:29:38.401-0500] {logging_mixin.py:150} INFO - [2023-07-22T17:29:38.401-0500] {dagbag.py:541} INFO - Filling up the DagBag from /Users/abhishekpatkar/Documents/Projects/af_file_loader/venv/lib/python3.11/site-packages/airflow/example_dags/example_dynamic_task_mapping.py
[2023-07-22T17:29:38.507-0500] {processor.py:836} INFO - DAG(s) dict_keys(['example_dynamic_task_mapping']) retrieved from /Users/abhishekpatkar/Documents/Projects/af_file_loader/venv/lib/python3.11/site-packages/airflow/example_dags/example_dynamic_task_mapping.py
[2023-07-22T17:29:39.267-0500] {logging_mixin.py:150} INFO - [2023-07-22T17:29:39.267-0500] {dag.py:2742} INFO - Sync 1 DAGs
[2023-07-22T17:29:39.294-0500] {logging_mixin.py:150} INFO - [2023-07-22T17:29:39.293-0500] {dag.py:3504} INFO - Setting next_dagrun for example_dynamic_task_mapping to 2022-03-04T00:00:00+00:00, run_after=2022-03-05T00:00:00+00:00
[2023-07-22T17:29:39.322-0500] {processor.py:179} INFO - Processing /Users/abhishekpatkar/Documents/Projects/af_file_loader/venv/lib/python3.11/site-packages/airflow/example_dags/example_dynamic_task_mapping.py took 0.928 seconds
[2023-07-22T17:33:50.338-0500] {processor.py:157} INFO - Started process (PID=23492) to work on /Users/abhishekpatkar/Documents/Projects/af_file_loader/venv/lib/python3.11/site-packages/airflow/example_dags/example_dynamic_task_mapping.py
[2023-07-22T17:33:50.343-0500] {processor.py:826} INFO - Processing file /Users/abhishekpatkar/Documents/Projects/af_file_loader/venv/lib/python3.11/site-packages/airflow/example_dags/example_dynamic_task_mapping.py for tasks to queue
[2023-07-22T17:33:50.343-0500] {logging_mixin.py:150} INFO - [2023-07-22T17:33:50.343-0500] {dagbag.py:541} INFO - Filling up the DagBag from /Users/abhishekpatkar/Documents/Projects/af_file_loader/venv/lib/python3.11/site-packages/airflow/example_dags/example_dynamic_task_mapping.py
[2023-07-22T17:33:50.423-0500] {processor.py:836} INFO - DAG(s) dict_keys(['example_dynamic_task_mapping']) retrieved from /Users/abhishekpatkar/Documents/Projects/af_file_loader/venv/lib/python3.11/site-packages/airflow/example_dags/example_dynamic_task_mapping.py
[2023-07-22T17:33:51.058-0500] {logging_mixin.py:150} INFO - [2023-07-22T17:33:51.057-0500] {dag.py:2742} INFO - Sync 1 DAGs
[2023-07-22T17:33:51.077-0500] {logging_mixin.py:150} INFO - [2023-07-22T17:33:51.077-0500] {dag.py:3504} INFO - Setting next_dagrun for example_dynamic_task_mapping to 2022-03-04T00:00:00+00:00, run_after=2022-03-05T00:00:00+00:00
[2023-07-22T17:33:51.097-0500] {processor.py:179} INFO - Processing /Users/abhishekpatkar/Documents/Projects/af_file_loader/venv/lib/python3.11/site-packages/airflow/example_dags/example_dynamic_task_mapping.py took 0.760 seconds
[2023-07-22T17:39:54.168-0500] {processor.py:157} INFO - Started process (PID=23733) to work on /Users/abhishekpatkar/Documents/Projects/af_file_loader/venv/lib/python3.11/site-packages/airflow/example_dags/example_dynamic_task_mapping.py
[2023-07-22T17:39:54.176-0500] {processor.py:826} INFO - Processing file /Users/abhishekpatkar/Documents/Projects/af_file_loader/venv/lib/python3.11/site-packages/airflow/example_dags/example_dynamic_task_mapping.py for tasks to queue
[2023-07-22T17:39:54.177-0500] {logging_mixin.py:150} INFO - [2023-07-22T17:39:54.177-0500] {dagbag.py:541} INFO - Filling up the DagBag from /Users/abhishekpatkar/Documents/Projects/af_file_loader/venv/lib/python3.11/site-packages/airflow/example_dags/example_dynamic_task_mapping.py
[2023-07-22T17:39:54.395-0500] {processor.py:836} INFO - DAG(s) dict_keys(['example_dynamic_task_mapping']) retrieved from /Users/abhishekpatkar/Documents/Projects/af_file_loader/venv/lib/python3.11/site-packages/airflow/example_dags/example_dynamic_task_mapping.py
[2023-07-22T17:39:56.199-0500] {logging_mixin.py:150} INFO - [2023-07-22T17:39:56.199-0500] {dag.py:2742} INFO - Sync 1 DAGs
[2023-07-22T17:39:56.269-0500] {logging_mixin.py:150} INFO - [2023-07-22T17:39:56.269-0500] {dag.py:3504} INFO - Setting next_dagrun for example_dynamic_task_mapping to 2022-03-04T00:00:00+00:00, run_after=2022-03-05T00:00:00+00:00
[2023-07-22T17:39:56.331-0500] {processor.py:179} INFO - Processing /Users/abhishekpatkar/Documents/Projects/af_file_loader/venv/lib/python3.11/site-packages/airflow/example_dags/example_dynamic_task_mapping.py took 2.163 seconds
[2023-07-22T17:48:54.470-0500] {processor.py:157} INFO - Started process (PID=24103) to work on /Users/abhishekpatkar/Documents/Projects/af_file_loader/venv/lib/python3.11/site-packages/airflow/example_dags/example_dynamic_task_mapping.py
[2023-07-22T17:48:54.478-0500] {processor.py:826} INFO - Processing file /Users/abhishekpatkar/Documents/Projects/af_file_loader/venv/lib/python3.11/site-packages/airflow/example_dags/example_dynamic_task_mapping.py for tasks to queue
[2023-07-22T17:48:54.479-0500] {logging_mixin.py:150} INFO - [2023-07-22T17:48:54.479-0500] {dagbag.py:541} INFO - Filling up the DagBag from /Users/abhishekpatkar/Documents/Projects/af_file_loader/venv/lib/python3.11/site-packages/airflow/example_dags/example_dynamic_task_mapping.py
[2023-07-22T17:48:54.597-0500] {processor.py:836} INFO - DAG(s) dict_keys(['example_dynamic_task_mapping']) retrieved from /Users/abhishekpatkar/Documents/Projects/af_file_loader/venv/lib/python3.11/site-packages/airflow/example_dags/example_dynamic_task_mapping.py
[2023-07-22T17:48:55.998-0500] {logging_mixin.py:150} INFO - [2023-07-22T17:48:55.997-0500] {dag.py:2742} INFO - Sync 1 DAGs
[2023-07-22T17:48:56.022-0500] {logging_mixin.py:150} INFO - [2023-07-22T17:48:56.022-0500] {dag.py:3504} INFO - Setting next_dagrun for example_dynamic_task_mapping to 2022-03-04T00:00:00+00:00, run_after=2022-03-05T00:00:00+00:00
[2023-07-22T17:48:56.044-0500] {processor.py:179} INFO - Processing /Users/abhishekpatkar/Documents/Projects/af_file_loader/venv/lib/python3.11/site-packages/airflow/example_dags/example_dynamic_task_mapping.py took 1.575 seconds
[2023-07-22T17:53:50.350-0500] {processor.py:157} INFO - Started process (PID=24382) to work on /Users/abhishekpatkar/Documents/Projects/af_file_loader/venv/lib/python3.11/site-packages/airflow/example_dags/example_dynamic_task_mapping.py
[2023-07-22T17:53:50.356-0500] {processor.py:826} INFO - Processing file /Users/abhishekpatkar/Documents/Projects/af_file_loader/venv/lib/python3.11/site-packages/airflow/example_dags/example_dynamic_task_mapping.py for tasks to queue
[2023-07-22T17:53:50.357-0500] {logging_mixin.py:150} INFO - [2023-07-22T17:53:50.357-0500] {dagbag.py:541} INFO - Filling up the DagBag from /Users/abhishekpatkar/Documents/Projects/af_file_loader/venv/lib/python3.11/site-packages/airflow/example_dags/example_dynamic_task_mapping.py
[2023-07-22T17:53:50.485-0500] {processor.py:836} INFO - DAG(s) dict_keys(['example_dynamic_task_mapping']) retrieved from /Users/abhishekpatkar/Documents/Projects/af_file_loader/venv/lib/python3.11/site-packages/airflow/example_dags/example_dynamic_task_mapping.py
[2023-07-22T17:53:52.248-0500] {logging_mixin.py:150} INFO - [2023-07-22T17:53:52.247-0500] {dag.py:2742} INFO - Sync 1 DAGs
[2023-07-22T17:53:52.310-0500] {logging_mixin.py:150} INFO - [2023-07-22T17:53:52.310-0500] {dag.py:3504} INFO - Setting next_dagrun for example_dynamic_task_mapping to 2022-03-04T00:00:00+00:00, run_after=2022-03-05T00:00:00+00:00
[2023-07-22T17:53:52.346-0500] {processor.py:179} INFO - Processing /Users/abhishekpatkar/Documents/Projects/af_file_loader/venv/lib/python3.11/site-packages/airflow/example_dags/example_dynamic_task_mapping.py took 1.998 seconds
[2023-07-22T18:03:36.435-0500] {processor.py:157} INFO - Started process (PID=24800) to work on /Users/abhishekpatkar/Documents/Projects/af_file_loader/venv/lib/python3.11/site-packages/airflow/example_dags/example_dynamic_task_mapping.py
[2023-07-22T18:03:36.469-0500] {processor.py:826} INFO - Processing file /Users/abhishekpatkar/Documents/Projects/af_file_loader/venv/lib/python3.11/site-packages/airflow/example_dags/example_dynamic_task_mapping.py for tasks to queue
[2023-07-22T18:03:36.472-0500] {logging_mixin.py:150} INFO - [2023-07-22T18:03:36.471-0500] {dagbag.py:541} INFO - Filling up the DagBag from /Users/abhishekpatkar/Documents/Projects/af_file_loader/venv/lib/python3.11/site-packages/airflow/example_dags/example_dynamic_task_mapping.py
[2023-07-22T18:03:36.627-0500] {processor.py:836} INFO - DAG(s) dict_keys(['example_dynamic_task_mapping']) retrieved from /Users/abhishekpatkar/Documents/Projects/af_file_loader/venv/lib/python3.11/site-packages/airflow/example_dags/example_dynamic_task_mapping.py
[2023-07-22T18:03:38.002-0500] {logging_mixin.py:150} INFO - [2023-07-22T18:03:38.002-0500] {dag.py:2742} INFO - Sync 1 DAGs
[2023-07-22T18:03:38.027-0500] {logging_mixin.py:150} INFO - [2023-07-22T18:03:38.027-0500] {dag.py:3504} INFO - Setting next_dagrun for example_dynamic_task_mapping to 2022-03-04T00:00:00+00:00, run_after=2022-03-05T00:00:00+00:00
[2023-07-22T18:03:38.058-0500] {processor.py:179} INFO - Processing /Users/abhishekpatkar/Documents/Projects/af_file_loader/venv/lib/python3.11/site-packages/airflow/example_dags/example_dynamic_task_mapping.py took 1.624 seconds
