[2023-07-22T14:51:38.275-0500] {processor.py:157} INFO - Started process (PID=16622) to work on /Users/abhishekpatkar/Documents/Projects/af_file_loader/venv/lib/python3.11/site-packages/airflow/example_dags/example_params_ui_tutorial.py
[2023-07-22T14:51:38.279-0500] {processor.py:826} INFO - Processing file /Users/abhishekpatkar/Documents/Projects/af_file_loader/venv/lib/python3.11/site-packages/airflow/example_dags/example_params_ui_tutorial.py for tasks to queue
[2023-07-22T14:51:38.279-0500] {logging_mixin.py:150} INFO - [2023-07-22T14:51:38.279-0500] {dagbag.py:541} INFO - Filling up the DagBag from /Users/abhishekpatkar/Documents/Projects/af_file_loader/venv/lib/python3.11/site-packages/airflow/example_dags/example_params_ui_tutorial.py
[2023-07-22T14:51:38.607-0500] {processor.py:836} INFO - DAG(s) dict_keys(['example_params_ui_tutorial']) retrieved from /Users/abhishekpatkar/Documents/Projects/af_file_loader/venv/lib/python3.11/site-packages/airflow/example_dags/example_params_ui_tutorial.py
[2023-07-22T14:51:40.007-0500] {logging_mixin.py:150} INFO - [2023-07-22T14:51:40.007-0500] {manager.py:504} INFO - Created Permission View: can read on DAG:example_params_ui_tutorial
[2023-07-22T14:51:40.026-0500] {logging_mixin.py:150} INFO - [2023-07-22T14:51:40.026-0500] {manager.py:504} INFO - Created Permission View: can edit on DAG:example_params_ui_tutorial
[2023-07-22T14:51:40.064-0500] {logging_mixin.py:150} INFO - [2023-07-22T14:51:40.063-0500] {manager.py:504} INFO - Created Permission View: can delete on DAG:example_params_ui_tutorial
[2023-07-22T14:51:40.098-0500] {logging_mixin.py:150} INFO - [2023-07-22T14:51:40.098-0500] {dag.py:2742} INFO - Sync 1 DAGs
[2023-07-22T14:51:40.123-0500] {logging_mixin.py:150} INFO - [2023-07-22T14:51:40.122-0500] {dag.py:2763} INFO - Creating ORM DAG for example_params_ui_tutorial
[2023-07-22T14:51:40.134-0500] {logging_mixin.py:150} INFO - [2023-07-22T14:51:40.133-0500] {dag.py:3504} INFO - Setting next_dagrun for example_params_ui_tutorial to None, run_after=None
[2023-07-22T14:51:40.167-0500] {processor.py:179} INFO - Processing /Users/abhishekpatkar/Documents/Projects/af_file_loader/venv/lib/python3.11/site-packages/airflow/example_dags/example_params_ui_tutorial.py took 1.893 seconds
[2023-07-22T14:55:03.668-0500] {processor.py:157} INFO - Started process (PID=16853) to work on /Users/abhishekpatkar/Documents/Projects/af_file_loader/venv/lib/python3.11/site-packages/airflow/example_dags/example_params_ui_tutorial.py
[2023-07-22T14:55:03.674-0500] {processor.py:826} INFO - Processing file /Users/abhishekpatkar/Documents/Projects/af_file_loader/venv/lib/python3.11/site-packages/airflow/example_dags/example_params_ui_tutorial.py for tasks to queue
[2023-07-22T14:55:03.674-0500] {logging_mixin.py:150} INFO - [2023-07-22T14:55:03.674-0500] {dagbag.py:541} INFO - Filling up the DagBag from /Users/abhishekpatkar/Documents/Projects/af_file_loader/venv/lib/python3.11/site-packages/airflow/example_dags/example_params_ui_tutorial.py
[2023-07-22T14:55:03.842-0500] {processor.py:836} INFO - DAG(s) dict_keys(['example_params_ui_tutorial']) retrieved from /Users/abhishekpatkar/Documents/Projects/af_file_loader/venv/lib/python3.11/site-packages/airflow/example_dags/example_params_ui_tutorial.py
[2023-07-22T14:55:04.477-0500] {logging_mixin.py:150} INFO - [2023-07-22T14:55:04.477-0500] {dag.py:2742} INFO - Sync 1 DAGs
[2023-07-22T14:55:04.494-0500] {logging_mixin.py:150} INFO - [2023-07-22T14:55:04.494-0500] {dag.py:3504} INFO - Setting next_dagrun for example_params_ui_tutorial to None, run_after=None
[2023-07-22T14:55:04.513-0500] {processor.py:179} INFO - Processing /Users/abhishekpatkar/Documents/Projects/af_file_loader/venv/lib/python3.11/site-packages/airflow/example_dags/example_params_ui_tutorial.py took 0.846 seconds
[2023-07-22T14:57:42.673-0500] {processor.py:157} INFO - Started process (PID=16991) to work on /Users/abhishekpatkar/Documents/Projects/af_file_loader/venv/lib/python3.11/site-packages/airflow/example_dags/example_params_ui_tutorial.py
[2023-07-22T14:57:42.677-0500] {processor.py:826} INFO - Processing file /Users/abhishekpatkar/Documents/Projects/af_file_loader/venv/lib/python3.11/site-packages/airflow/example_dags/example_params_ui_tutorial.py for tasks to queue
[2023-07-22T14:57:42.678-0500] {logging_mixin.py:150} INFO - [2023-07-22T14:57:42.678-0500] {dagbag.py:541} INFO - Filling up the DagBag from /Users/abhishekpatkar/Documents/Projects/af_file_loader/venv/lib/python3.11/site-packages/airflow/example_dags/example_params_ui_tutorial.py
[2023-07-22T14:57:42.838-0500] {processor.py:836} INFO - DAG(s) dict_keys(['example_params_ui_tutorial']) retrieved from /Users/abhishekpatkar/Documents/Projects/af_file_loader/venv/lib/python3.11/site-packages/airflow/example_dags/example_params_ui_tutorial.py
[2023-07-22T14:57:43.840-0500] {logging_mixin.py:150} INFO - [2023-07-22T14:57:43.840-0500] {dag.py:2742} INFO - Sync 1 DAGs
[2023-07-22T14:57:43.868-0500] {logging_mixin.py:150} INFO - [2023-07-22T14:57:43.867-0500] {dag.py:3504} INFO - Setting next_dagrun for example_params_ui_tutorial to None, run_after=None
[2023-07-22T14:57:43.890-0500] {processor.py:179} INFO - Processing /Users/abhishekpatkar/Documents/Projects/af_file_loader/venv/lib/python3.11/site-packages/airflow/example_dags/example_params_ui_tutorial.py took 1.217 seconds
[2023-07-22T15:00:00.144-0500] {processor.py:157} INFO - Started process (PID=17077) to work on /Users/abhishekpatkar/Documents/Projects/af_file_loader/venv/lib/python3.11/site-packages/airflow/example_dags/example_params_ui_tutorial.py
[2023-07-22T15:00:00.149-0500] {processor.py:826} INFO - Processing file /Users/abhishekpatkar/Documents/Projects/af_file_loader/venv/lib/python3.11/site-packages/airflow/example_dags/example_params_ui_tutorial.py for tasks to queue
[2023-07-22T15:00:00.149-0500] {logging_mixin.py:150} INFO - [2023-07-22T15:00:00.149-0500] {dagbag.py:541} INFO - Filling up the DagBag from /Users/abhishekpatkar/Documents/Projects/af_file_loader/venv/lib/python3.11/site-packages/airflow/example_dags/example_params_ui_tutorial.py
[2023-07-22T15:00:00.419-0500] {processor.py:836} INFO - DAG(s) dict_keys(['example_params_ui_tutorial']) retrieved from /Users/abhishekpatkar/Documents/Projects/af_file_loader/venv/lib/python3.11/site-packages/airflow/example_dags/example_params_ui_tutorial.py
[2023-07-22T15:00:01.198-0500] {logging_mixin.py:150} INFO - [2023-07-22T15:00:01.198-0500] {dag.py:2742} INFO - Sync 1 DAGs
[2023-07-22T15:00:01.232-0500] {logging_mixin.py:150} INFO - [2023-07-22T15:00:01.232-0500] {dag.py:3504} INFO - Setting next_dagrun for example_params_ui_tutorial to None, run_after=None
[2023-07-22T15:00:01.264-0500] {processor.py:179} INFO - Processing /Users/abhishekpatkar/Documents/Projects/af_file_loader/venv/lib/python3.11/site-packages/airflow/example_dags/example_params_ui_tutorial.py took 1.120 seconds
[2023-07-22T15:02:26.064-0500] {processor.py:157} INFO - Started process (PID=17234) to work on /Users/abhishekpatkar/Documents/Projects/af_file_loader/venv/lib/python3.11/site-packages/airflow/example_dags/example_params_ui_tutorial.py
[2023-07-22T15:02:26.070-0500] {processor.py:826} INFO - Processing file /Users/abhishekpatkar/Documents/Projects/af_file_loader/venv/lib/python3.11/site-packages/airflow/example_dags/example_params_ui_tutorial.py for tasks to queue
[2023-07-22T15:02:26.071-0500] {logging_mixin.py:150} INFO - [2023-07-22T15:02:26.071-0500] {dagbag.py:541} INFO - Filling up the DagBag from /Users/abhishekpatkar/Documents/Projects/af_file_loader/venv/lib/python3.11/site-packages/airflow/example_dags/example_params_ui_tutorial.py
[2023-07-22T15:02:26.254-0500] {processor.py:836} INFO - DAG(s) dict_keys(['example_params_ui_tutorial']) retrieved from /Users/abhishekpatkar/Documents/Projects/af_file_loader/venv/lib/python3.11/site-packages/airflow/example_dags/example_params_ui_tutorial.py
[2023-07-22T15:02:26.856-0500] {logging_mixin.py:150} INFO - [2023-07-22T15:02:26.855-0500] {dag.py:2742} INFO - Sync 1 DAGs
[2023-07-22T15:02:26.883-0500] {logging_mixin.py:150} INFO - [2023-07-22T15:02:26.883-0500] {dag.py:3504} INFO - Setting next_dagrun for example_params_ui_tutorial to None, run_after=None
[2023-07-22T15:02:26.903-0500] {processor.py:179} INFO - Processing /Users/abhishekpatkar/Documents/Projects/af_file_loader/venv/lib/python3.11/site-packages/airflow/example_dags/example_params_ui_tutorial.py took 0.841 seconds
[2023-07-22T15:05:13.317-0500] {processor.py:157} INFO - Started process (PID=17555) to work on /Users/abhishekpatkar/Documents/Projects/af_file_loader/venv/lib/python3.11/site-packages/airflow/example_dags/example_params_ui_tutorial.py
[2023-07-22T15:05:13.323-0500] {processor.py:826} INFO - Processing file /Users/abhishekpatkar/Documents/Projects/af_file_loader/venv/lib/python3.11/site-packages/airflow/example_dags/example_params_ui_tutorial.py for tasks to queue
[2023-07-22T15:05:13.324-0500] {logging_mixin.py:150} INFO - [2023-07-22T15:05:13.324-0500] {dagbag.py:541} INFO - Filling up the DagBag from /Users/abhishekpatkar/Documents/Projects/af_file_loader/venv/lib/python3.11/site-packages/airflow/example_dags/example_params_ui_tutorial.py
[2023-07-22T15:05:13.508-0500] {processor.py:836} INFO - DAG(s) dict_keys(['example_params_ui_tutorial']) retrieved from /Users/abhishekpatkar/Documents/Projects/af_file_loader/venv/lib/python3.11/site-packages/airflow/example_dags/example_params_ui_tutorial.py
[2023-07-22T15:05:14.666-0500] {logging_mixin.py:150} INFO - [2023-07-22T15:05:14.665-0500] {dag.py:2742} INFO - Sync 1 DAGs
[2023-07-22T15:05:14.694-0500] {logging_mixin.py:150} INFO - [2023-07-22T15:05:14.694-0500] {dag.py:3504} INFO - Setting next_dagrun for example_params_ui_tutorial to None, run_after=None
[2023-07-22T15:05:14.716-0500] {processor.py:179} INFO - Processing /Users/abhishekpatkar/Documents/Projects/af_file_loader/venv/lib/python3.11/site-packages/airflow/example_dags/example_params_ui_tutorial.py took 1.401 seconds
[2023-07-22T15:10:44.726-0500] {processor.py:157} INFO - Started process (PID=17807) to work on /Users/abhishekpatkar/Documents/Projects/af_file_loader/venv/lib/python3.11/site-packages/airflow/example_dags/example_params_ui_tutorial.py
[2023-07-22T15:10:44.730-0500] {processor.py:826} INFO - Processing file /Users/abhishekpatkar/Documents/Projects/af_file_loader/venv/lib/python3.11/site-packages/airflow/example_dags/example_params_ui_tutorial.py for tasks to queue
[2023-07-22T15:10:44.731-0500] {logging_mixin.py:150} INFO - [2023-07-22T15:10:44.731-0500] {dagbag.py:541} INFO - Filling up the DagBag from /Users/abhishekpatkar/Documents/Projects/af_file_loader/venv/lib/python3.11/site-packages/airflow/example_dags/example_params_ui_tutorial.py
[2023-07-22T15:10:44.871-0500] {processor.py:836} INFO - DAG(s) dict_keys(['example_params_ui_tutorial']) retrieved from /Users/abhishekpatkar/Documents/Projects/af_file_loader/venv/lib/python3.11/site-packages/airflow/example_dags/example_params_ui_tutorial.py
[2023-07-22T15:10:45.762-0500] {logging_mixin.py:150} INFO - [2023-07-22T15:10:45.761-0500] {dag.py:2742} INFO - Sync 1 DAGs
[2023-07-22T15:10:45.789-0500] {logging_mixin.py:150} INFO - [2023-07-22T15:10:45.789-0500] {dag.py:3504} INFO - Setting next_dagrun for example_params_ui_tutorial to None, run_after=None
[2023-07-22T15:10:45.814-0500] {processor.py:179} INFO - Processing /Users/abhishekpatkar/Documents/Projects/af_file_loader/venv/lib/python3.11/site-packages/airflow/example_dags/example_params_ui_tutorial.py took 1.089 seconds
[2023-07-22T15:13:38.529-0500] {processor.py:157} INFO - Started process (PID=17909) to work on /Users/abhishekpatkar/Documents/Projects/af_file_loader/venv/lib/python3.11/site-packages/airflow/example_dags/example_params_ui_tutorial.py
[2023-07-22T15:13:38.533-0500] {processor.py:826} INFO - Processing file /Users/abhishekpatkar/Documents/Projects/af_file_loader/venv/lib/python3.11/site-packages/airflow/example_dags/example_params_ui_tutorial.py for tasks to queue
[2023-07-22T15:13:38.534-0500] {logging_mixin.py:150} INFO - [2023-07-22T15:13:38.534-0500] {dagbag.py:541} INFO - Filling up the DagBag from /Users/abhishekpatkar/Documents/Projects/af_file_loader/venv/lib/python3.11/site-packages/airflow/example_dags/example_params_ui_tutorial.py
[2023-07-22T15:13:38.676-0500] {processor.py:836} INFO - DAG(s) dict_keys(['example_params_ui_tutorial']) retrieved from /Users/abhishekpatkar/Documents/Projects/af_file_loader/venv/lib/python3.11/site-packages/airflow/example_dags/example_params_ui_tutorial.py
[2023-07-22T15:13:39.504-0500] {logging_mixin.py:150} INFO - [2023-07-22T15:13:39.504-0500] {dag.py:2742} INFO - Sync 1 DAGs
[2023-07-22T15:13:39.539-0500] {logging_mixin.py:150} INFO - [2023-07-22T15:13:39.538-0500] {dag.py:3504} INFO - Setting next_dagrun for example_params_ui_tutorial to None, run_after=None
[2023-07-22T15:13:39.568-0500] {processor.py:179} INFO - Processing /Users/abhishekpatkar/Documents/Projects/af_file_loader/venv/lib/python3.11/site-packages/airflow/example_dags/example_params_ui_tutorial.py took 1.040 seconds
[2023-07-22T15:16:28.911-0500] {processor.py:157} INFO - Started process (PID=18008) to work on /Users/abhishekpatkar/Documents/Projects/af_file_loader/venv/lib/python3.11/site-packages/airflow/example_dags/example_params_ui_tutorial.py
[2023-07-22T15:16:28.915-0500] {processor.py:826} INFO - Processing file /Users/abhishekpatkar/Documents/Projects/af_file_loader/venv/lib/python3.11/site-packages/airflow/example_dags/example_params_ui_tutorial.py for tasks to queue
[2023-07-22T15:16:28.916-0500] {logging_mixin.py:150} INFO - [2023-07-22T15:16:28.915-0500] {dagbag.py:541} INFO - Filling up the DagBag from /Users/abhishekpatkar/Documents/Projects/af_file_loader/venv/lib/python3.11/site-packages/airflow/example_dags/example_params_ui_tutorial.py
[2023-07-22T15:16:29.144-0500] {processor.py:836} INFO - DAG(s) dict_keys(['example_params_ui_tutorial']) retrieved from /Users/abhishekpatkar/Documents/Projects/af_file_loader/venv/lib/python3.11/site-packages/airflow/example_dags/example_params_ui_tutorial.py
[2023-07-22T15:16:30.171-0500] {logging_mixin.py:150} INFO - [2023-07-22T15:16:30.170-0500] {dag.py:2742} INFO - Sync 1 DAGs
[2023-07-22T15:16:30.192-0500] {logging_mixin.py:150} INFO - [2023-07-22T15:16:30.192-0500] {dag.py:3504} INFO - Setting next_dagrun for example_params_ui_tutorial to None, run_after=None
[2023-07-22T15:16:30.214-0500] {processor.py:179} INFO - Processing /Users/abhishekpatkar/Documents/Projects/af_file_loader/venv/lib/python3.11/site-packages/airflow/example_dags/example_params_ui_tutorial.py took 1.304 seconds
[2023-07-22T15:19:27.798-0500] {processor.py:157} INFO - Started process (PID=18112) to work on /Users/abhishekpatkar/Documents/Projects/af_file_loader/venv/lib/python3.11/site-packages/airflow/example_dags/example_params_ui_tutorial.py
[2023-07-22T15:19:27.801-0500] {processor.py:826} INFO - Processing file /Users/abhishekpatkar/Documents/Projects/af_file_loader/venv/lib/python3.11/site-packages/airflow/example_dags/example_params_ui_tutorial.py for tasks to queue
[2023-07-22T15:19:27.802-0500] {logging_mixin.py:150} INFO - [2023-07-22T15:19:27.802-0500] {dagbag.py:541} INFO - Filling up the DagBag from /Users/abhishekpatkar/Documents/Projects/af_file_loader/venv/lib/python3.11/site-packages/airflow/example_dags/example_params_ui_tutorial.py
[2023-07-22T15:19:27.946-0500] {processor.py:836} INFO - DAG(s) dict_keys(['example_params_ui_tutorial']) retrieved from /Users/abhishekpatkar/Documents/Projects/af_file_loader/venv/lib/python3.11/site-packages/airflow/example_dags/example_params_ui_tutorial.py
[2023-07-22T15:19:28.781-0500] {logging_mixin.py:150} INFO - [2023-07-22T15:19:28.780-0500] {dag.py:2742} INFO - Sync 1 DAGs
[2023-07-22T15:19:28.850-0500] {logging_mixin.py:150} INFO - [2023-07-22T15:19:28.849-0500] {dag.py:3504} INFO - Setting next_dagrun for example_params_ui_tutorial to None, run_after=None
[2023-07-22T15:19:28.892-0500] {processor.py:179} INFO - Processing /Users/abhishekpatkar/Documents/Projects/af_file_loader/venv/lib/python3.11/site-packages/airflow/example_dags/example_params_ui_tutorial.py took 1.095 seconds
[2023-07-22T15:22:06.629-0500] {processor.py:157} INFO - Started process (PID=18202) to work on /Users/abhishekpatkar/Documents/Projects/af_file_loader/venv/lib/python3.11/site-packages/airflow/example_dags/example_params_ui_tutorial.py
[2023-07-22T15:22:06.633-0500] {processor.py:826} INFO - Processing file /Users/abhishekpatkar/Documents/Projects/af_file_loader/venv/lib/python3.11/site-packages/airflow/example_dags/example_params_ui_tutorial.py for tasks to queue
[2023-07-22T15:22:06.634-0500] {logging_mixin.py:150} INFO - [2023-07-22T15:22:06.634-0500] {dagbag.py:541} INFO - Filling up the DagBag from /Users/abhishekpatkar/Documents/Projects/af_file_loader/venv/lib/python3.11/site-packages/airflow/example_dags/example_params_ui_tutorial.py
[2023-07-22T15:22:07.102-0500] {processor.py:836} INFO - DAG(s) dict_keys(['example_params_ui_tutorial']) retrieved from /Users/abhishekpatkar/Documents/Projects/af_file_loader/venv/lib/python3.11/site-packages/airflow/example_dags/example_params_ui_tutorial.py
[2023-07-22T15:22:09.032-0500] {logging_mixin.py:150} INFO - [2023-07-22T15:22:09.032-0500] {dag.py:2742} INFO - Sync 1 DAGs
[2023-07-22T15:22:09.069-0500] {logging_mixin.py:150} INFO - [2023-07-22T15:22:09.068-0500] {dag.py:3504} INFO - Setting next_dagrun for example_params_ui_tutorial to None, run_after=None
[2023-07-22T15:22:09.122-0500] {processor.py:179} INFO - Processing /Users/abhishekpatkar/Documents/Projects/af_file_loader/venv/lib/python3.11/site-packages/airflow/example_dags/example_params_ui_tutorial.py took 2.493 seconds
[2023-07-22T15:24:16.560-0500] {processor.py:157} INFO - Started process (PID=18292) to work on /Users/abhishekpatkar/Documents/Projects/af_file_loader/venv/lib/python3.11/site-packages/airflow/example_dags/example_params_ui_tutorial.py
[2023-07-22T15:24:16.568-0500] {processor.py:826} INFO - Processing file /Users/abhishekpatkar/Documents/Projects/af_file_loader/venv/lib/python3.11/site-packages/airflow/example_dags/example_params_ui_tutorial.py for tasks to queue
[2023-07-22T15:24:16.569-0500] {logging_mixin.py:150} INFO - [2023-07-22T15:24:16.569-0500] {dagbag.py:541} INFO - Filling up the DagBag from /Users/abhishekpatkar/Documents/Projects/af_file_loader/venv/lib/python3.11/site-packages/airflow/example_dags/example_params_ui_tutorial.py
[2023-07-22T15:24:16.726-0500] {processor.py:836} INFO - DAG(s) dict_keys(['example_params_ui_tutorial']) retrieved from /Users/abhishekpatkar/Documents/Projects/af_file_loader/venv/lib/python3.11/site-packages/airflow/example_dags/example_params_ui_tutorial.py
[2023-07-22T15:24:17.286-0500] {logging_mixin.py:150} INFO - [2023-07-22T15:24:17.286-0500] {dag.py:2742} INFO - Sync 1 DAGs
[2023-07-22T15:24:17.303-0500] {logging_mixin.py:150} INFO - [2023-07-22T15:24:17.303-0500] {dag.py:3504} INFO - Setting next_dagrun for example_params_ui_tutorial to None, run_after=None
[2023-07-22T15:24:17.322-0500] {processor.py:179} INFO - Processing /Users/abhishekpatkar/Documents/Projects/af_file_loader/venv/lib/python3.11/site-packages/airflow/example_dags/example_params_ui_tutorial.py took 0.763 seconds
[2023-07-22T15:27:11.596-0500] {processor.py:157} INFO - Started process (PID=18534) to work on /Users/abhishekpatkar/Documents/Projects/af_file_loader/venv/lib/python3.11/site-packages/airflow/example_dags/example_params_ui_tutorial.py
[2023-07-22T15:27:11.604-0500] {processor.py:826} INFO - Processing file /Users/abhishekpatkar/Documents/Projects/af_file_loader/venv/lib/python3.11/site-packages/airflow/example_dags/example_params_ui_tutorial.py for tasks to queue
[2023-07-22T15:27:11.605-0500] {logging_mixin.py:150} INFO - [2023-07-22T15:27:11.605-0500] {dagbag.py:541} INFO - Filling up the DagBag from /Users/abhishekpatkar/Documents/Projects/af_file_loader/venv/lib/python3.11/site-packages/airflow/example_dags/example_params_ui_tutorial.py
[2023-07-22T15:27:11.947-0500] {processor.py:836} INFO - DAG(s) dict_keys(['example_params_ui_tutorial']) retrieved from /Users/abhishekpatkar/Documents/Projects/af_file_loader/venv/lib/python3.11/site-packages/airflow/example_dags/example_params_ui_tutorial.py
[2023-07-22T15:27:13.036-0500] {logging_mixin.py:150} INFO - [2023-07-22T15:27:13.036-0500] {dag.py:2742} INFO - Sync 1 DAGs
[2023-07-22T15:27:13.070-0500] {logging_mixin.py:150} INFO - [2023-07-22T15:27:13.070-0500] {dag.py:3504} INFO - Setting next_dagrun for example_params_ui_tutorial to None, run_after=None
[2023-07-22T15:27:13.099-0500] {processor.py:179} INFO - Processing /Users/abhishekpatkar/Documents/Projects/af_file_loader/venv/lib/python3.11/site-packages/airflow/example_dags/example_params_ui_tutorial.py took 1.504 seconds
[2023-07-22T15:30:29.068-0500] {processor.py:157} INFO - Started process (PID=18736) to work on /Users/abhishekpatkar/Documents/Projects/af_file_loader/venv/lib/python3.11/site-packages/airflow/example_dags/example_params_ui_tutorial.py
[2023-07-22T15:30:29.074-0500] {processor.py:826} INFO - Processing file /Users/abhishekpatkar/Documents/Projects/af_file_loader/venv/lib/python3.11/site-packages/airflow/example_dags/example_params_ui_tutorial.py for tasks to queue
[2023-07-22T15:30:29.075-0500] {logging_mixin.py:150} INFO - [2023-07-22T15:30:29.075-0500] {dagbag.py:541} INFO - Filling up the DagBag from /Users/abhishekpatkar/Documents/Projects/af_file_loader/venv/lib/python3.11/site-packages/airflow/example_dags/example_params_ui_tutorial.py
[2023-07-22T15:30:29.293-0500] {processor.py:836} INFO - DAG(s) dict_keys(['example_params_ui_tutorial']) retrieved from /Users/abhishekpatkar/Documents/Projects/af_file_loader/venv/lib/python3.11/site-packages/airflow/example_dags/example_params_ui_tutorial.py
[2023-07-22T15:30:30.449-0500] {logging_mixin.py:150} INFO - [2023-07-22T15:30:30.449-0500] {dag.py:2742} INFO - Sync 1 DAGs
[2023-07-22T15:30:30.469-0500] {logging_mixin.py:150} INFO - [2023-07-22T15:30:30.469-0500] {dag.py:3504} INFO - Setting next_dagrun for example_params_ui_tutorial to None, run_after=None
[2023-07-22T15:30:30.492-0500] {processor.py:179} INFO - Processing /Users/abhishekpatkar/Documents/Projects/af_file_loader/venv/lib/python3.11/site-packages/airflow/example_dags/example_params_ui_tutorial.py took 1.424 seconds
[2023-07-22T15:32:49.525-0500] {processor.py:157} INFO - Started process (PID=18852) to work on /Users/abhishekpatkar/Documents/Projects/af_file_loader/venv/lib/python3.11/site-packages/airflow/example_dags/example_params_ui_tutorial.py
[2023-07-22T15:32:49.530-0500] {processor.py:826} INFO - Processing file /Users/abhishekpatkar/Documents/Projects/af_file_loader/venv/lib/python3.11/site-packages/airflow/example_dags/example_params_ui_tutorial.py for tasks to queue
[2023-07-22T15:32:49.531-0500] {logging_mixin.py:150} INFO - [2023-07-22T15:32:49.531-0500] {dagbag.py:541} INFO - Filling up the DagBag from /Users/abhishekpatkar/Documents/Projects/af_file_loader/venv/lib/python3.11/site-packages/airflow/example_dags/example_params_ui_tutorial.py
[2023-07-22T15:32:49.671-0500] {processor.py:836} INFO - DAG(s) dict_keys(['example_params_ui_tutorial']) retrieved from /Users/abhishekpatkar/Documents/Projects/af_file_loader/venv/lib/python3.11/site-packages/airflow/example_dags/example_params_ui_tutorial.py
[2023-07-22T15:32:50.235-0500] {logging_mixin.py:150} INFO - [2023-07-22T15:32:50.235-0500] {dag.py:2742} INFO - Sync 1 DAGs
[2023-07-22T15:32:50.252-0500] {logging_mixin.py:150} INFO - [2023-07-22T15:32:50.251-0500] {dag.py:3504} INFO - Setting next_dagrun for example_params_ui_tutorial to None, run_after=None
[2023-07-22T15:32:50.273-0500] {processor.py:179} INFO - Processing /Users/abhishekpatkar/Documents/Projects/af_file_loader/venv/lib/python3.11/site-packages/airflow/example_dags/example_params_ui_tutorial.py took 0.749 seconds
[2023-07-22T15:34:45.687-0500] {processor.py:157} INFO - Started process (PID=18926) to work on /Users/abhishekpatkar/Documents/Projects/af_file_loader/venv/lib/python3.11/site-packages/airflow/example_dags/example_params_ui_tutorial.py
[2023-07-22T15:34:45.691-0500] {processor.py:826} INFO - Processing file /Users/abhishekpatkar/Documents/Projects/af_file_loader/venv/lib/python3.11/site-packages/airflow/example_dags/example_params_ui_tutorial.py for tasks to queue
[2023-07-22T15:34:45.692-0500] {logging_mixin.py:150} INFO - [2023-07-22T15:34:45.692-0500] {dagbag.py:541} INFO - Filling up the DagBag from /Users/abhishekpatkar/Documents/Projects/af_file_loader/venv/lib/python3.11/site-packages/airflow/example_dags/example_params_ui_tutorial.py
[2023-07-22T15:34:45.830-0500] {processor.py:836} INFO - DAG(s) dict_keys(['example_params_ui_tutorial']) retrieved from /Users/abhishekpatkar/Documents/Projects/af_file_loader/venv/lib/python3.11/site-packages/airflow/example_dags/example_params_ui_tutorial.py
[2023-07-22T15:34:46.403-0500] {logging_mixin.py:150} INFO - [2023-07-22T15:34:46.402-0500] {dag.py:2742} INFO - Sync 1 DAGs
[2023-07-22T15:34:46.418-0500] {logging_mixin.py:150} INFO - [2023-07-22T15:34:46.418-0500] {dag.py:3504} INFO - Setting next_dagrun for example_params_ui_tutorial to None, run_after=None
[2023-07-22T15:34:46.438-0500] {processor.py:179} INFO - Processing /Users/abhishekpatkar/Documents/Projects/af_file_loader/venv/lib/python3.11/site-packages/airflow/example_dags/example_params_ui_tutorial.py took 0.752 seconds
[2023-07-22T15:48:22.635-0500] {processor.py:157} INFO - Started process (PID=19421) to work on /Users/abhishekpatkar/Documents/Projects/af_file_loader/venv/lib/python3.11/site-packages/airflow/example_dags/example_params_ui_tutorial.py
[2023-07-22T15:48:22.640-0500] {processor.py:826} INFO - Processing file /Users/abhishekpatkar/Documents/Projects/af_file_loader/venv/lib/python3.11/site-packages/airflow/example_dags/example_params_ui_tutorial.py for tasks to queue
[2023-07-22T15:48:22.642-0500] {logging_mixin.py:150} INFO - [2023-07-22T15:48:22.641-0500] {dagbag.py:541} INFO - Filling up the DagBag from /Users/abhishekpatkar/Documents/Projects/af_file_loader/venv/lib/python3.11/site-packages/airflow/example_dags/example_params_ui_tutorial.py
[2023-07-22T15:48:22.858-0500] {processor.py:836} INFO - DAG(s) dict_keys(['example_params_ui_tutorial']) retrieved from /Users/abhishekpatkar/Documents/Projects/af_file_loader/venv/lib/python3.11/site-packages/airflow/example_dags/example_params_ui_tutorial.py
[2023-07-22T15:48:23.766-0500] {logging_mixin.py:150} INFO - [2023-07-22T15:48:23.766-0500] {dag.py:2742} INFO - Sync 1 DAGs
[2023-07-22T15:48:23.789-0500] {logging_mixin.py:150} INFO - [2023-07-22T15:48:23.789-0500] {dag.py:3504} INFO - Setting next_dagrun for example_params_ui_tutorial to None, run_after=None
[2023-07-22T15:48:23.813-0500] {processor.py:179} INFO - Processing /Users/abhishekpatkar/Documents/Projects/af_file_loader/venv/lib/python3.11/site-packages/airflow/example_dags/example_params_ui_tutorial.py took 1.179 seconds
[2023-07-22T15:50:47.373-0500] {processor.py:157} INFO - Started process (PID=19629) to work on /Users/abhishekpatkar/Documents/Projects/af_file_loader/venv/lib/python3.11/site-packages/airflow/example_dags/example_params_ui_tutorial.py
[2023-07-22T15:50:47.377-0500] {processor.py:826} INFO - Processing file /Users/abhishekpatkar/Documents/Projects/af_file_loader/venv/lib/python3.11/site-packages/airflow/example_dags/example_params_ui_tutorial.py for tasks to queue
[2023-07-22T15:50:47.378-0500] {logging_mixin.py:150} INFO - [2023-07-22T15:50:47.377-0500] {dagbag.py:541} INFO - Filling up the DagBag from /Users/abhishekpatkar/Documents/Projects/af_file_loader/venv/lib/python3.11/site-packages/airflow/example_dags/example_params_ui_tutorial.py
[2023-07-22T15:50:47.550-0500] {processor.py:836} INFO - DAG(s) dict_keys(['example_params_ui_tutorial']) retrieved from /Users/abhishekpatkar/Documents/Projects/af_file_loader/venv/lib/python3.11/site-packages/airflow/example_dags/example_params_ui_tutorial.py
[2023-07-22T15:50:48.282-0500] {logging_mixin.py:150} INFO - [2023-07-22T15:50:48.281-0500] {dag.py:2742} INFO - Sync 1 DAGs
[2023-07-22T15:50:48.308-0500] {logging_mixin.py:150} INFO - [2023-07-22T15:50:48.307-0500] {dag.py:3504} INFO - Setting next_dagrun for example_params_ui_tutorial to None, run_after=None
[2023-07-22T15:50:48.338-0500] {processor.py:179} INFO - Processing /Users/abhishekpatkar/Documents/Projects/af_file_loader/venv/lib/python3.11/site-packages/airflow/example_dags/example_params_ui_tutorial.py took 0.966 seconds
[2023-07-22T15:53:26.477-0500] {processor.py:157} INFO - Started process (PID=19856) to work on /Users/abhishekpatkar/Documents/Projects/af_file_loader/venv/lib/python3.11/site-packages/airflow/example_dags/example_params_ui_tutorial.py
[2023-07-22T15:53:26.483-0500] {processor.py:826} INFO - Processing file /Users/abhishekpatkar/Documents/Projects/af_file_loader/venv/lib/python3.11/site-packages/airflow/example_dags/example_params_ui_tutorial.py for tasks to queue
[2023-07-22T15:53:26.484-0500] {logging_mixin.py:150} INFO - [2023-07-22T15:53:26.484-0500] {dagbag.py:541} INFO - Filling up the DagBag from /Users/abhishekpatkar/Documents/Projects/af_file_loader/venv/lib/python3.11/site-packages/airflow/example_dags/example_params_ui_tutorial.py
[2023-07-22T15:53:26.673-0500] {processor.py:836} INFO - DAG(s) dict_keys(['example_params_ui_tutorial']) retrieved from /Users/abhishekpatkar/Documents/Projects/af_file_loader/venv/lib/python3.11/site-packages/airflow/example_dags/example_params_ui_tutorial.py
[2023-07-22T15:53:27.546-0500] {logging_mixin.py:150} INFO - [2023-07-22T15:53:27.546-0500] {dag.py:2742} INFO - Sync 1 DAGs
[2023-07-22T15:53:27.565-0500] {logging_mixin.py:150} INFO - [2023-07-22T15:53:27.564-0500] {dag.py:3504} INFO - Setting next_dagrun for example_params_ui_tutorial to None, run_after=None
[2023-07-22T15:53:27.591-0500] {processor.py:179} INFO - Processing /Users/abhishekpatkar/Documents/Projects/af_file_loader/venv/lib/python3.11/site-packages/airflow/example_dags/example_params_ui_tutorial.py took 1.116 seconds
[2023-07-22T15:56:06.195-0500] {processor.py:157} INFO - Started process (PID=20061) to work on /Users/abhishekpatkar/Documents/Projects/af_file_loader/venv/lib/python3.11/site-packages/airflow/example_dags/example_params_ui_tutorial.py
[2023-07-22T15:56:06.199-0500] {processor.py:826} INFO - Processing file /Users/abhishekpatkar/Documents/Projects/af_file_loader/venv/lib/python3.11/site-packages/airflow/example_dags/example_params_ui_tutorial.py for tasks to queue
[2023-07-22T15:56:06.200-0500] {logging_mixin.py:150} INFO - [2023-07-22T15:56:06.200-0500] {dagbag.py:541} INFO - Filling up the DagBag from /Users/abhishekpatkar/Documents/Projects/af_file_loader/venv/lib/python3.11/site-packages/airflow/example_dags/example_params_ui_tutorial.py
[2023-07-22T15:56:06.388-0500] {processor.py:836} INFO - DAG(s) dict_keys(['example_params_ui_tutorial']) retrieved from /Users/abhishekpatkar/Documents/Projects/af_file_loader/venv/lib/python3.11/site-packages/airflow/example_dags/example_params_ui_tutorial.py
[2023-07-22T15:56:07.305-0500] {logging_mixin.py:150} INFO - [2023-07-22T15:56:07.304-0500] {dag.py:2742} INFO - Sync 1 DAGs
[2023-07-22T15:56:07.338-0500] {logging_mixin.py:150} INFO - [2023-07-22T15:56:07.338-0500] {dag.py:3504} INFO - Setting next_dagrun for example_params_ui_tutorial to None, run_after=None
[2023-07-22T15:56:07.369-0500] {processor.py:179} INFO - Processing /Users/abhishekpatkar/Documents/Projects/af_file_loader/venv/lib/python3.11/site-packages/airflow/example_dags/example_params_ui_tutorial.py took 1.175 seconds
[2023-07-22T15:58:41.904-0500] {processor.py:157} INFO - Started process (PID=20251) to work on /Users/abhishekpatkar/Documents/Projects/af_file_loader/venv/lib/python3.11/site-packages/airflow/example_dags/example_params_ui_tutorial.py
[2023-07-22T15:58:41.909-0500] {processor.py:826} INFO - Processing file /Users/abhishekpatkar/Documents/Projects/af_file_loader/venv/lib/python3.11/site-packages/airflow/example_dags/example_params_ui_tutorial.py for tasks to queue
[2023-07-22T15:58:41.910-0500] {logging_mixin.py:150} INFO - [2023-07-22T15:58:41.910-0500] {dagbag.py:541} INFO - Filling up the DagBag from /Users/abhishekpatkar/Documents/Projects/af_file_loader/venv/lib/python3.11/site-packages/airflow/example_dags/example_params_ui_tutorial.py
[2023-07-22T15:58:42.109-0500] {processor.py:836} INFO - DAG(s) dict_keys(['example_params_ui_tutorial']) retrieved from /Users/abhishekpatkar/Documents/Projects/af_file_loader/venv/lib/python3.11/site-packages/airflow/example_dags/example_params_ui_tutorial.py
[2023-07-22T15:58:42.879-0500] {logging_mixin.py:150} INFO - [2023-07-22T15:58:42.879-0500] {dag.py:2742} INFO - Sync 1 DAGs
[2023-07-22T15:58:42.903-0500] {logging_mixin.py:150} INFO - [2023-07-22T15:58:42.903-0500] {dag.py:3504} INFO - Setting next_dagrun for example_params_ui_tutorial to None, run_after=None
[2023-07-22T15:58:42.938-0500] {processor.py:179} INFO - Processing /Users/abhishekpatkar/Documents/Projects/af_file_loader/venv/lib/python3.11/site-packages/airflow/example_dags/example_params_ui_tutorial.py took 1.034 seconds
[2023-07-22T16:01:09.915-0500] {processor.py:157} INFO - Started process (PID=20338) to work on /Users/abhishekpatkar/Documents/Projects/af_file_loader/venv/lib/python3.11/site-packages/airflow/example_dags/example_params_ui_tutorial.py
[2023-07-22T16:01:09.923-0500] {processor.py:826} INFO - Processing file /Users/abhishekpatkar/Documents/Projects/af_file_loader/venv/lib/python3.11/site-packages/airflow/example_dags/example_params_ui_tutorial.py for tasks to queue
[2023-07-22T16:01:09.926-0500] {logging_mixin.py:150} INFO - [2023-07-22T16:01:09.924-0500] {dagbag.py:541} INFO - Filling up the DagBag from /Users/abhishekpatkar/Documents/Projects/af_file_loader/venv/lib/python3.11/site-packages/airflow/example_dags/example_params_ui_tutorial.py
[2023-07-22T16:01:10.146-0500] {processor.py:836} INFO - DAG(s) dict_keys(['example_params_ui_tutorial']) retrieved from /Users/abhishekpatkar/Documents/Projects/af_file_loader/venv/lib/python3.11/site-packages/airflow/example_dags/example_params_ui_tutorial.py
[2023-07-22T16:01:10.949-0500] {logging_mixin.py:150} INFO - [2023-07-22T16:01:10.949-0500] {dag.py:2742} INFO - Sync 1 DAGs
[2023-07-22T16:01:10.973-0500] {logging_mixin.py:150} INFO - [2023-07-22T16:01:10.972-0500] {dag.py:3504} INFO - Setting next_dagrun for example_params_ui_tutorial to None, run_after=None
[2023-07-22T16:01:11.004-0500] {processor.py:179} INFO - Processing /Users/abhishekpatkar/Documents/Projects/af_file_loader/venv/lib/python3.11/site-packages/airflow/example_dags/example_params_ui_tutorial.py took 1.092 seconds
[2023-07-22T16:03:20.380-0500] {processor.py:157} INFO - Started process (PID=20418) to work on /Users/abhishekpatkar/Documents/Projects/af_file_loader/venv/lib/python3.11/site-packages/airflow/example_dags/example_params_ui_tutorial.py
[2023-07-22T16:03:20.384-0500] {processor.py:826} INFO - Processing file /Users/abhishekpatkar/Documents/Projects/af_file_loader/venv/lib/python3.11/site-packages/airflow/example_dags/example_params_ui_tutorial.py for tasks to queue
[2023-07-22T16:03:20.385-0500] {logging_mixin.py:150} INFO - [2023-07-22T16:03:20.385-0500] {dagbag.py:541} INFO - Filling up the DagBag from /Users/abhishekpatkar/Documents/Projects/af_file_loader/venv/lib/python3.11/site-packages/airflow/example_dags/example_params_ui_tutorial.py
[2023-07-22T16:03:20.523-0500] {processor.py:836} INFO - DAG(s) dict_keys(['example_params_ui_tutorial']) retrieved from /Users/abhishekpatkar/Documents/Projects/af_file_loader/venv/lib/python3.11/site-packages/airflow/example_dags/example_params_ui_tutorial.py
[2023-07-22T16:03:21.107-0500] {logging_mixin.py:150} INFO - [2023-07-22T16:03:21.107-0500] {dag.py:2742} INFO - Sync 1 DAGs
[2023-07-22T16:03:21.123-0500] {logging_mixin.py:150} INFO - [2023-07-22T16:03:21.123-0500] {dag.py:3504} INFO - Setting next_dagrun for example_params_ui_tutorial to None, run_after=None
[2023-07-22T16:03:21.148-0500] {processor.py:179} INFO - Processing /Users/abhishekpatkar/Documents/Projects/af_file_loader/venv/lib/python3.11/site-packages/airflow/example_dags/example_params_ui_tutorial.py took 0.769 seconds
[2023-07-22T16:05:13.401-0500] {processor.py:157} INFO - Started process (PID=20507) to work on /Users/abhishekpatkar/Documents/Projects/af_file_loader/venv/lib/python3.11/site-packages/airflow/example_dags/example_params_ui_tutorial.py
[2023-07-22T16:05:13.406-0500] {processor.py:826} INFO - Processing file /Users/abhishekpatkar/Documents/Projects/af_file_loader/venv/lib/python3.11/site-packages/airflow/example_dags/example_params_ui_tutorial.py for tasks to queue
[2023-07-22T16:05:13.407-0500] {logging_mixin.py:150} INFO - [2023-07-22T16:05:13.406-0500] {dagbag.py:541} INFO - Filling up the DagBag from /Users/abhishekpatkar/Documents/Projects/af_file_loader/venv/lib/python3.11/site-packages/airflow/example_dags/example_params_ui_tutorial.py
[2023-07-22T16:05:13.541-0500] {processor.py:836} INFO - DAG(s) dict_keys(['example_params_ui_tutorial']) retrieved from /Users/abhishekpatkar/Documents/Projects/af_file_loader/venv/lib/python3.11/site-packages/airflow/example_dags/example_params_ui_tutorial.py
[2023-07-22T16:05:14.095-0500] {logging_mixin.py:150} INFO - [2023-07-22T16:05:14.095-0500] {dag.py:2742} INFO - Sync 1 DAGs
[2023-07-22T16:05:14.110-0500] {logging_mixin.py:150} INFO - [2023-07-22T16:05:14.110-0500] {dag.py:3504} INFO - Setting next_dagrun for example_params_ui_tutorial to None, run_after=None
[2023-07-22T16:05:14.130-0500] {processor.py:179} INFO - Processing /Users/abhishekpatkar/Documents/Projects/af_file_loader/venv/lib/python3.11/site-packages/airflow/example_dags/example_params_ui_tutorial.py took 0.729 seconds
[2023-07-22T16:08:52.017-0500] {processor.py:157} INFO - Started process (PID=20669) to work on /Users/abhishekpatkar/Documents/Projects/af_file_loader/venv/lib/python3.11/site-packages/airflow/example_dags/example_params_ui_tutorial.py
[2023-07-22T16:08:52.022-0500] {processor.py:826} INFO - Processing file /Users/abhishekpatkar/Documents/Projects/af_file_loader/venv/lib/python3.11/site-packages/airflow/example_dags/example_params_ui_tutorial.py for tasks to queue
[2023-07-22T16:08:52.022-0500] {logging_mixin.py:150} INFO - [2023-07-22T16:08:52.022-0500] {dagbag.py:541} INFO - Filling up the DagBag from /Users/abhishekpatkar/Documents/Projects/af_file_loader/venv/lib/python3.11/site-packages/airflow/example_dags/example_params_ui_tutorial.py
[2023-07-22T16:08:52.157-0500] {processor.py:836} INFO - DAG(s) dict_keys(['example_params_ui_tutorial']) retrieved from /Users/abhishekpatkar/Documents/Projects/af_file_loader/venv/lib/python3.11/site-packages/airflow/example_dags/example_params_ui_tutorial.py
[2023-07-22T16:08:52.716-0500] {logging_mixin.py:150} INFO - [2023-07-22T16:08:52.716-0500] {dag.py:2742} INFO - Sync 1 DAGs
[2023-07-22T16:08:52.732-0500] {logging_mixin.py:150} INFO - [2023-07-22T16:08:52.732-0500] {dag.py:3504} INFO - Setting next_dagrun for example_params_ui_tutorial to None, run_after=None
[2023-07-22T16:08:52.750-0500] {processor.py:179} INFO - Processing /Users/abhishekpatkar/Documents/Projects/af_file_loader/venv/lib/python3.11/site-packages/airflow/example_dags/example_params_ui_tutorial.py took 0.734 seconds
[2023-07-22T16:10:42.144-0500] {processor.py:157} INFO - Started process (PID=20741) to work on /Users/abhishekpatkar/Documents/Projects/af_file_loader/venv/lib/python3.11/site-packages/airflow/example_dags/example_params_ui_tutorial.py
[2023-07-22T16:10:42.148-0500] {processor.py:826} INFO - Processing file /Users/abhishekpatkar/Documents/Projects/af_file_loader/venv/lib/python3.11/site-packages/airflow/example_dags/example_params_ui_tutorial.py for tasks to queue
[2023-07-22T16:10:42.148-0500] {logging_mixin.py:150} INFO - [2023-07-22T16:10:42.148-0500] {dagbag.py:541} INFO - Filling up the DagBag from /Users/abhishekpatkar/Documents/Projects/af_file_loader/venv/lib/python3.11/site-packages/airflow/example_dags/example_params_ui_tutorial.py
[2023-07-22T16:10:42.282-0500] {processor.py:836} INFO - DAG(s) dict_keys(['example_params_ui_tutorial']) retrieved from /Users/abhishekpatkar/Documents/Projects/af_file_loader/venv/lib/python3.11/site-packages/airflow/example_dags/example_params_ui_tutorial.py
[2023-07-22T16:10:42.880-0500] {logging_mixin.py:150} INFO - [2023-07-22T16:10:42.880-0500] {dag.py:2742} INFO - Sync 1 DAGs
[2023-07-22T16:10:42.896-0500] {logging_mixin.py:150} INFO - [2023-07-22T16:10:42.896-0500] {dag.py:3504} INFO - Setting next_dagrun for example_params_ui_tutorial to None, run_after=None
[2023-07-22T16:10:42.915-0500] {processor.py:179} INFO - Processing /Users/abhishekpatkar/Documents/Projects/af_file_loader/venv/lib/python3.11/site-packages/airflow/example_dags/example_params_ui_tutorial.py took 0.771 seconds
[2023-07-22T16:27:43.191-0500] {processor.py:157} INFO - Started process (PID=21023) to work on /Users/abhishekpatkar/Documents/Projects/af_file_loader/venv/lib/python3.11/site-packages/airflow/example_dags/example_params_ui_tutorial.py
[2023-07-22T16:27:43.197-0500] {processor.py:826} INFO - Processing file /Users/abhishekpatkar/Documents/Projects/af_file_loader/venv/lib/python3.11/site-packages/airflow/example_dags/example_params_ui_tutorial.py for tasks to queue
[2023-07-22T16:27:43.198-0500] {logging_mixin.py:150} INFO - [2023-07-22T16:27:43.198-0500] {dagbag.py:541} INFO - Filling up the DagBag from /Users/abhishekpatkar/Documents/Projects/af_file_loader/venv/lib/python3.11/site-packages/airflow/example_dags/example_params_ui_tutorial.py
[2023-07-22T16:27:43.563-0500] {processor.py:836} INFO - DAG(s) dict_keys(['example_params_ui_tutorial']) retrieved from /Users/abhishekpatkar/Documents/Projects/af_file_loader/venv/lib/python3.11/site-packages/airflow/example_dags/example_params_ui_tutorial.py
[2023-07-22T16:27:44.699-0500] {logging_mixin.py:150} INFO - [2023-07-22T16:27:44.699-0500] {dag.py:2742} INFO - Sync 1 DAGs
[2023-07-22T16:27:44.722-0500] {logging_mixin.py:150} INFO - [2023-07-22T16:27:44.722-0500] {dag.py:3504} INFO - Setting next_dagrun for example_params_ui_tutorial to None, run_after=None
[2023-07-22T16:27:44.746-0500] {processor.py:179} INFO - Processing /Users/abhishekpatkar/Documents/Projects/af_file_loader/venv/lib/python3.11/site-packages/airflow/example_dags/example_params_ui_tutorial.py took 1.558 seconds
[2023-07-22T16:30:58.258-0500] {processor.py:157} INFO - Started process (PID=21124) to work on /Users/abhishekpatkar/Documents/Projects/af_file_loader/venv/lib/python3.11/site-packages/airflow/example_dags/example_params_ui_tutorial.py
[2023-07-22T16:30:58.265-0500] {processor.py:826} INFO - Processing file /Users/abhishekpatkar/Documents/Projects/af_file_loader/venv/lib/python3.11/site-packages/airflow/example_dags/example_params_ui_tutorial.py for tasks to queue
[2023-07-22T16:30:58.266-0500] {logging_mixin.py:150} INFO - [2023-07-22T16:30:58.266-0500] {dagbag.py:541} INFO - Filling up the DagBag from /Users/abhishekpatkar/Documents/Projects/af_file_loader/venv/lib/python3.11/site-packages/airflow/example_dags/example_params_ui_tutorial.py
[2023-07-22T16:30:58.512-0500] {processor.py:836} INFO - DAG(s) dict_keys(['example_params_ui_tutorial']) retrieved from /Users/abhishekpatkar/Documents/Projects/af_file_loader/venv/lib/python3.11/site-packages/airflow/example_dags/example_params_ui_tutorial.py
[2023-07-22T16:31:00.068-0500] {logging_mixin.py:150} INFO - [2023-07-22T16:31:00.068-0500] {dag.py:2742} INFO - Sync 1 DAGs
[2023-07-22T16:31:00.096-0500] {logging_mixin.py:150} INFO - [2023-07-22T16:31:00.096-0500] {dag.py:3504} INFO - Setting next_dagrun for example_params_ui_tutorial to None, run_after=None
[2023-07-22T16:31:00.128-0500] {processor.py:179} INFO - Processing /Users/abhishekpatkar/Documents/Projects/af_file_loader/venv/lib/python3.11/site-packages/airflow/example_dags/example_params_ui_tutorial.py took 1.871 seconds
[2023-07-22T16:34:17.177-0500] {processor.py:157} INFO - Started process (PID=21229) to work on /Users/abhishekpatkar/Documents/Projects/af_file_loader/venv/lib/python3.11/site-packages/airflow/example_dags/example_params_ui_tutorial.py
[2023-07-22T16:34:17.182-0500] {processor.py:826} INFO - Processing file /Users/abhishekpatkar/Documents/Projects/af_file_loader/venv/lib/python3.11/site-packages/airflow/example_dags/example_params_ui_tutorial.py for tasks to queue
[2023-07-22T16:34:17.184-0500] {logging_mixin.py:150} INFO - [2023-07-22T16:34:17.184-0500] {dagbag.py:541} INFO - Filling up the DagBag from /Users/abhishekpatkar/Documents/Projects/af_file_loader/venv/lib/python3.11/site-packages/airflow/example_dags/example_params_ui_tutorial.py
[2023-07-22T16:34:17.378-0500] {processor.py:836} INFO - DAG(s) dict_keys(['example_params_ui_tutorial']) retrieved from /Users/abhishekpatkar/Documents/Projects/af_file_loader/venv/lib/python3.11/site-packages/airflow/example_dags/example_params_ui_tutorial.py
[2023-07-22T16:34:18.163-0500] {logging_mixin.py:150} INFO - [2023-07-22T16:34:18.163-0500] {dag.py:2742} INFO - Sync 1 DAGs
[2023-07-22T16:34:18.201-0500] {logging_mixin.py:150} INFO - [2023-07-22T16:34:18.201-0500] {dag.py:3504} INFO - Setting next_dagrun for example_params_ui_tutorial to None, run_after=None
[2023-07-22T16:34:18.260-0500] {processor.py:179} INFO - Processing /Users/abhishekpatkar/Documents/Projects/af_file_loader/venv/lib/python3.11/site-packages/airflow/example_dags/example_params_ui_tutorial.py took 1.087 seconds
[2023-07-22T16:38:31.753-0500] {processor.py:157} INFO - Started process (PID=21357) to work on /Users/abhishekpatkar/Documents/Projects/af_file_loader/venv/lib/python3.11/site-packages/airflow/example_dags/example_params_ui_tutorial.py
[2023-07-22T16:38:31.774-0500] {processor.py:826} INFO - Processing file /Users/abhishekpatkar/Documents/Projects/af_file_loader/venv/lib/python3.11/site-packages/airflow/example_dags/example_params_ui_tutorial.py for tasks to queue
[2023-07-22T16:38:31.775-0500] {logging_mixin.py:150} INFO - [2023-07-22T16:38:31.775-0500] {dagbag.py:541} INFO - Filling up the DagBag from /Users/abhishekpatkar/Documents/Projects/af_file_loader/venv/lib/python3.11/site-packages/airflow/example_dags/example_params_ui_tutorial.py
[2023-07-22T16:38:32.540-0500] {processor.py:836} INFO - DAG(s) dict_keys(['example_params_ui_tutorial']) retrieved from /Users/abhishekpatkar/Documents/Projects/af_file_loader/venv/lib/python3.11/site-packages/airflow/example_dags/example_params_ui_tutorial.py
[2023-07-22T16:38:35.573-0500] {logging_mixin.py:150} INFO - [2023-07-22T16:38:35.572-0500] {dag.py:2742} INFO - Sync 1 DAGs
[2023-07-22T16:38:35.619-0500] {logging_mixin.py:150} INFO - [2023-07-22T16:38:35.618-0500] {dag.py:3504} INFO - Setting next_dagrun for example_params_ui_tutorial to None, run_after=None
[2023-07-22T16:38:35.711-0500] {processor.py:179} INFO - Processing /Users/abhishekpatkar/Documents/Projects/af_file_loader/venv/lib/python3.11/site-packages/airflow/example_dags/example_params_ui_tutorial.py took 3.961 seconds
[2023-07-22T16:42:58.612-0500] {processor.py:157} INFO - Started process (PID=21552) to work on /Users/abhishekpatkar/Documents/Projects/af_file_loader/venv/lib/python3.11/site-packages/airflow/example_dags/example_params_ui_tutorial.py
[2023-07-22T16:42:58.627-0500] {processor.py:826} INFO - Processing file /Users/abhishekpatkar/Documents/Projects/af_file_loader/venv/lib/python3.11/site-packages/airflow/example_dags/example_params_ui_tutorial.py for tasks to queue
[2023-07-22T16:42:58.628-0500] {logging_mixin.py:150} INFO - [2023-07-22T16:42:58.628-0500] {dagbag.py:541} INFO - Filling up the DagBag from /Users/abhishekpatkar/Documents/Projects/af_file_loader/venv/lib/python3.11/site-packages/airflow/example_dags/example_params_ui_tutorial.py
[2023-07-22T16:42:59.057-0500] {processor.py:836} INFO - DAG(s) dict_keys(['example_params_ui_tutorial']) retrieved from /Users/abhishekpatkar/Documents/Projects/af_file_loader/venv/lib/python3.11/site-packages/airflow/example_dags/example_params_ui_tutorial.py
[2023-07-22T16:43:00.429-0500] {logging_mixin.py:150} INFO - [2023-07-22T16:43:00.429-0500] {dag.py:2742} INFO - Sync 1 DAGs
[2023-07-22T16:43:00.455-0500] {logging_mixin.py:150} INFO - [2023-07-22T16:43:00.455-0500] {dag.py:3504} INFO - Setting next_dagrun for example_params_ui_tutorial to None, run_after=None
[2023-07-22T16:43:00.513-0500] {processor.py:179} INFO - Processing /Users/abhishekpatkar/Documents/Projects/af_file_loader/venv/lib/python3.11/site-packages/airflow/example_dags/example_params_ui_tutorial.py took 1.902 seconds
[2023-07-22T16:46:50.607-0500] {processor.py:157} INFO - Started process (PID=21666) to work on /Users/abhishekpatkar/Documents/Projects/af_file_loader/venv/lib/python3.11/site-packages/airflow/example_dags/example_params_ui_tutorial.py
[2023-07-22T16:46:50.612-0500] {processor.py:826} INFO - Processing file /Users/abhishekpatkar/Documents/Projects/af_file_loader/venv/lib/python3.11/site-packages/airflow/example_dags/example_params_ui_tutorial.py for tasks to queue
[2023-07-22T16:46:50.613-0500] {logging_mixin.py:150} INFO - [2023-07-22T16:46:50.612-0500] {dagbag.py:541} INFO - Filling up the DagBag from /Users/abhishekpatkar/Documents/Projects/af_file_loader/venv/lib/python3.11/site-packages/airflow/example_dags/example_params_ui_tutorial.py
[2023-07-22T16:46:50.874-0500] {processor.py:836} INFO - DAG(s) dict_keys(['example_params_ui_tutorial']) retrieved from /Users/abhishekpatkar/Documents/Projects/af_file_loader/venv/lib/python3.11/site-packages/airflow/example_dags/example_params_ui_tutorial.py
[2023-07-22T16:46:52.095-0500] {logging_mixin.py:150} INFO - [2023-07-22T16:46:52.094-0500] {dag.py:2742} INFO - Sync 1 DAGs
[2023-07-22T16:46:52.125-0500] {logging_mixin.py:150} INFO - [2023-07-22T16:46:52.125-0500] {dag.py:3504} INFO - Setting next_dagrun for example_params_ui_tutorial to None, run_after=None
[2023-07-22T16:46:52.192-0500] {processor.py:179} INFO - Processing /Users/abhishekpatkar/Documents/Projects/af_file_loader/venv/lib/python3.11/site-packages/airflow/example_dags/example_params_ui_tutorial.py took 1.588 seconds
[2023-07-22T16:50:34.190-0500] {processor.py:157} INFO - Started process (PID=21780) to work on /Users/abhishekpatkar/Documents/Projects/af_file_loader/venv/lib/python3.11/site-packages/airflow/example_dags/example_params_ui_tutorial.py
[2023-07-22T16:50:34.203-0500] {processor.py:826} INFO - Processing file /Users/abhishekpatkar/Documents/Projects/af_file_loader/venv/lib/python3.11/site-packages/airflow/example_dags/example_params_ui_tutorial.py for tasks to queue
[2023-07-22T16:50:34.204-0500] {logging_mixin.py:150} INFO - [2023-07-22T16:50:34.204-0500] {dagbag.py:541} INFO - Filling up the DagBag from /Users/abhishekpatkar/Documents/Projects/af_file_loader/venv/lib/python3.11/site-packages/airflow/example_dags/example_params_ui_tutorial.py
[2023-07-22T16:50:34.536-0500] {processor.py:836} INFO - DAG(s) dict_keys(['example_params_ui_tutorial']) retrieved from /Users/abhishekpatkar/Documents/Projects/af_file_loader/venv/lib/python3.11/site-packages/airflow/example_dags/example_params_ui_tutorial.py
[2023-07-22T16:50:35.955-0500] {logging_mixin.py:150} INFO - [2023-07-22T16:50:35.954-0500] {dag.py:2742} INFO - Sync 1 DAGs
[2023-07-22T16:50:36.004-0500] {logging_mixin.py:150} INFO - [2023-07-22T16:50:36.004-0500] {dag.py:3504} INFO - Setting next_dagrun for example_params_ui_tutorial to None, run_after=None
[2023-07-22T16:50:36.074-0500] {processor.py:179} INFO - Processing /Users/abhishekpatkar/Documents/Projects/af_file_loader/venv/lib/python3.11/site-packages/airflow/example_dags/example_params_ui_tutorial.py took 1.884 seconds
[2023-07-22T16:54:21.076-0500] {processor.py:157} INFO - Started process (PID=21895) to work on /Users/abhishekpatkar/Documents/Projects/af_file_loader/venv/lib/python3.11/site-packages/airflow/example_dags/example_params_ui_tutorial.py
[2023-07-22T16:54:21.084-0500] {processor.py:826} INFO - Processing file /Users/abhishekpatkar/Documents/Projects/af_file_loader/venv/lib/python3.11/site-packages/airflow/example_dags/example_params_ui_tutorial.py for tasks to queue
[2023-07-22T16:54:21.086-0500] {logging_mixin.py:150} INFO - [2023-07-22T16:54:21.086-0500] {dagbag.py:541} INFO - Filling up the DagBag from /Users/abhishekpatkar/Documents/Projects/af_file_loader/venv/lib/python3.11/site-packages/airflow/example_dags/example_params_ui_tutorial.py
[2023-07-22T16:54:21.376-0500] {processor.py:836} INFO - DAG(s) dict_keys(['example_params_ui_tutorial']) retrieved from /Users/abhishekpatkar/Documents/Projects/af_file_loader/venv/lib/python3.11/site-packages/airflow/example_dags/example_params_ui_tutorial.py
[2023-07-22T16:54:22.543-0500] {logging_mixin.py:150} INFO - [2023-07-22T16:54:22.542-0500] {dag.py:2742} INFO - Sync 1 DAGs
[2023-07-22T16:54:22.569-0500] {logging_mixin.py:150} INFO - [2023-07-22T16:54:22.568-0500] {dag.py:3504} INFO - Setting next_dagrun for example_params_ui_tutorial to None, run_after=None
[2023-07-22T16:54:22.615-0500] {processor.py:179} INFO - Processing /Users/abhishekpatkar/Documents/Projects/af_file_loader/venv/lib/python3.11/site-packages/airflow/example_dags/example_params_ui_tutorial.py took 1.539 seconds
[2023-07-22T16:57:26.677-0500] {processor.py:157} INFO - Started process (PID=22007) to work on /Users/abhishekpatkar/Documents/Projects/af_file_loader/venv/lib/python3.11/site-packages/airflow/example_dags/example_params_ui_tutorial.py
[2023-07-22T16:57:26.682-0500] {processor.py:826} INFO - Processing file /Users/abhishekpatkar/Documents/Projects/af_file_loader/venv/lib/python3.11/site-packages/airflow/example_dags/example_params_ui_tutorial.py for tasks to queue
[2023-07-22T16:57:26.682-0500] {logging_mixin.py:150} INFO - [2023-07-22T16:57:26.682-0500] {dagbag.py:541} INFO - Filling up the DagBag from /Users/abhishekpatkar/Documents/Projects/af_file_loader/venv/lib/python3.11/site-packages/airflow/example_dags/example_params_ui_tutorial.py
[2023-07-22T16:57:26.986-0500] {processor.py:836} INFO - DAG(s) dict_keys(['example_params_ui_tutorial']) retrieved from /Users/abhishekpatkar/Documents/Projects/af_file_loader/venv/lib/python3.11/site-packages/airflow/example_dags/example_params_ui_tutorial.py
[2023-07-22T16:57:28.105-0500] {logging_mixin.py:150} INFO - [2023-07-22T16:57:28.104-0500] {dag.py:2742} INFO - Sync 1 DAGs
[2023-07-22T16:57:28.132-0500] {logging_mixin.py:150} INFO - [2023-07-22T16:57:28.131-0500] {dag.py:3504} INFO - Setting next_dagrun for example_params_ui_tutorial to None, run_after=None
[2023-07-22T16:57:28.164-0500] {processor.py:179} INFO - Processing /Users/abhishekpatkar/Documents/Projects/af_file_loader/venv/lib/python3.11/site-packages/airflow/example_dags/example_params_ui_tutorial.py took 1.490 seconds
[2023-07-22T17:01:15.929-0500] {processor.py:157} INFO - Started process (PID=22133) to work on /Users/abhishekpatkar/Documents/Projects/af_file_loader/venv/lib/python3.11/site-packages/airflow/example_dags/example_params_ui_tutorial.py
[2023-07-22T17:01:15.947-0500] {processor.py:826} INFO - Processing file /Users/abhishekpatkar/Documents/Projects/af_file_loader/venv/lib/python3.11/site-packages/airflow/example_dags/example_params_ui_tutorial.py for tasks to queue
[2023-07-22T17:01:15.947-0500] {logging_mixin.py:150} INFO - [2023-07-22T17:01:15.947-0500] {dagbag.py:541} INFO - Filling up the DagBag from /Users/abhishekpatkar/Documents/Projects/af_file_loader/venv/lib/python3.11/site-packages/airflow/example_dags/example_params_ui_tutorial.py
[2023-07-22T17:01:16.853-0500] {processor.py:836} INFO - DAG(s) dict_keys(['example_params_ui_tutorial']) retrieved from /Users/abhishekpatkar/Documents/Projects/af_file_loader/venv/lib/python3.11/site-packages/airflow/example_dags/example_params_ui_tutorial.py
[2023-07-22T17:01:20.574-0500] {logging_mixin.py:150} INFO - [2023-07-22T17:01:20.574-0500] {dag.py:2742} INFO - Sync 1 DAGs
[2023-07-22T17:01:20.616-0500] {logging_mixin.py:150} INFO - [2023-07-22T17:01:20.615-0500] {dag.py:3504} INFO - Setting next_dagrun for example_params_ui_tutorial to None, run_after=None
[2023-07-22T17:01:20.651-0500] {processor.py:179} INFO - Processing /Users/abhishekpatkar/Documents/Projects/af_file_loader/venv/lib/python3.11/site-packages/airflow/example_dags/example_params_ui_tutorial.py took 4.724 seconds
[2023-07-22T17:04:13.697-0500] {processor.py:157} INFO - Started process (PID=22273) to work on /Users/abhishekpatkar/Documents/Projects/af_file_loader/venv/lib/python3.11/site-packages/airflow/example_dags/example_params_ui_tutorial.py
[2023-07-22T17:04:13.703-0500] {processor.py:826} INFO - Processing file /Users/abhishekpatkar/Documents/Projects/af_file_loader/venv/lib/python3.11/site-packages/airflow/example_dags/example_params_ui_tutorial.py for tasks to queue
[2023-07-22T17:04:13.703-0500] {logging_mixin.py:150} INFO - [2023-07-22T17:04:13.703-0500] {dagbag.py:541} INFO - Filling up the DagBag from /Users/abhishekpatkar/Documents/Projects/af_file_loader/venv/lib/python3.11/site-packages/airflow/example_dags/example_params_ui_tutorial.py
[2023-07-22T17:04:13.863-0500] {processor.py:836} INFO - DAG(s) dict_keys(['example_params_ui_tutorial']) retrieved from /Users/abhishekpatkar/Documents/Projects/af_file_loader/venv/lib/python3.11/site-packages/airflow/example_dags/example_params_ui_tutorial.py
[2023-07-22T17:04:14.512-0500] {logging_mixin.py:150} INFO - [2023-07-22T17:04:14.511-0500] {dag.py:2742} INFO - Sync 1 DAGs
[2023-07-22T17:04:14.528-0500] {logging_mixin.py:150} INFO - [2023-07-22T17:04:14.528-0500] {dag.py:3504} INFO - Setting next_dagrun for example_params_ui_tutorial to None, run_after=None
[2023-07-22T17:04:14.551-0500] {processor.py:179} INFO - Processing /Users/abhishekpatkar/Documents/Projects/af_file_loader/venv/lib/python3.11/site-packages/airflow/example_dags/example_params_ui_tutorial.py took 0.854 seconds
[2023-07-22T17:06:22.745-0500] {processor.py:157} INFO - Started process (PID=22356) to work on /Users/abhishekpatkar/Documents/Projects/af_file_loader/venv/lib/python3.11/site-packages/airflow/example_dags/example_params_ui_tutorial.py
[2023-07-22T17:06:22.749-0500] {processor.py:826} INFO - Processing file /Users/abhishekpatkar/Documents/Projects/af_file_loader/venv/lib/python3.11/site-packages/airflow/example_dags/example_params_ui_tutorial.py for tasks to queue
[2023-07-22T17:06:22.749-0500] {logging_mixin.py:150} INFO - [2023-07-22T17:06:22.749-0500] {dagbag.py:541} INFO - Filling up the DagBag from /Users/abhishekpatkar/Documents/Projects/af_file_loader/venv/lib/python3.11/site-packages/airflow/example_dags/example_params_ui_tutorial.py
[2023-07-22T17:06:22.905-0500] {processor.py:836} INFO - DAG(s) dict_keys(['example_params_ui_tutorial']) retrieved from /Users/abhishekpatkar/Documents/Projects/af_file_loader/venv/lib/python3.11/site-packages/airflow/example_dags/example_params_ui_tutorial.py
[2023-07-22T17:06:23.549-0500] {logging_mixin.py:150} INFO - [2023-07-22T17:06:23.549-0500] {dag.py:2742} INFO - Sync 1 DAGs
[2023-07-22T17:06:23.566-0500] {logging_mixin.py:150} INFO - [2023-07-22T17:06:23.566-0500] {dag.py:3504} INFO - Setting next_dagrun for example_params_ui_tutorial to None, run_after=None
[2023-07-22T17:06:23.589-0500] {processor.py:179} INFO - Processing /Users/abhishekpatkar/Documents/Projects/af_file_loader/venv/lib/python3.11/site-packages/airflow/example_dags/example_params_ui_tutorial.py took 0.845 seconds
[2023-07-22T17:10:20.403-0500] {processor.py:157} INFO - Started process (PID=22520) to work on /Users/abhishekpatkar/Documents/Projects/af_file_loader/venv/lib/python3.11/site-packages/airflow/example_dags/example_params_ui_tutorial.py
[2023-07-22T17:10:20.408-0500] {processor.py:826} INFO - Processing file /Users/abhishekpatkar/Documents/Projects/af_file_loader/venv/lib/python3.11/site-packages/airflow/example_dags/example_params_ui_tutorial.py for tasks to queue
[2023-07-22T17:10:20.408-0500] {logging_mixin.py:150} INFO - [2023-07-22T17:10:20.408-0500] {dagbag.py:541} INFO - Filling up the DagBag from /Users/abhishekpatkar/Documents/Projects/af_file_loader/venv/lib/python3.11/site-packages/airflow/example_dags/example_params_ui_tutorial.py
[2023-07-22T17:10:20.578-0500] {processor.py:836} INFO - DAG(s) dict_keys(['example_params_ui_tutorial']) retrieved from /Users/abhishekpatkar/Documents/Projects/af_file_loader/venv/lib/python3.11/site-packages/airflow/example_dags/example_params_ui_tutorial.py
[2023-07-22T17:10:21.260-0500] {logging_mixin.py:150} INFO - [2023-07-22T17:10:21.259-0500] {dag.py:2742} INFO - Sync 1 DAGs
[2023-07-22T17:10:21.280-0500] {logging_mixin.py:150} INFO - [2023-07-22T17:10:21.280-0500] {dag.py:3504} INFO - Setting next_dagrun for example_params_ui_tutorial to None, run_after=None
[2023-07-22T17:10:21.305-0500] {processor.py:179} INFO - Processing /Users/abhishekpatkar/Documents/Projects/af_file_loader/venv/lib/python3.11/site-packages/airflow/example_dags/example_params_ui_tutorial.py took 0.902 seconds
[2023-07-22T17:12:22.359-0500] {processor.py:157} INFO - Started process (PID=22595) to work on /Users/abhishekpatkar/Documents/Projects/af_file_loader/venv/lib/python3.11/site-packages/airflow/example_dags/example_params_ui_tutorial.py
[2023-07-22T17:12:22.363-0500] {processor.py:826} INFO - Processing file /Users/abhishekpatkar/Documents/Projects/af_file_loader/venv/lib/python3.11/site-packages/airflow/example_dags/example_params_ui_tutorial.py for tasks to queue
[2023-07-22T17:12:22.364-0500] {logging_mixin.py:150} INFO - [2023-07-22T17:12:22.364-0500] {dagbag.py:541} INFO - Filling up the DagBag from /Users/abhishekpatkar/Documents/Projects/af_file_loader/venv/lib/python3.11/site-packages/airflow/example_dags/example_params_ui_tutorial.py
[2023-07-22T17:12:22.525-0500] {processor.py:836} INFO - DAG(s) dict_keys(['example_params_ui_tutorial']) retrieved from /Users/abhishekpatkar/Documents/Projects/af_file_loader/venv/lib/python3.11/site-packages/airflow/example_dags/example_params_ui_tutorial.py
[2023-07-22T17:12:23.262-0500] {logging_mixin.py:150} INFO - [2023-07-22T17:12:23.261-0500] {dag.py:2742} INFO - Sync 1 DAGs
[2023-07-22T17:12:23.280-0500] {logging_mixin.py:150} INFO - [2023-07-22T17:12:23.279-0500] {dag.py:3504} INFO - Setting next_dagrun for example_params_ui_tutorial to None, run_after=None
[2023-07-22T17:12:23.302-0500] {processor.py:179} INFO - Processing /Users/abhishekpatkar/Documents/Projects/af_file_loader/venv/lib/python3.11/site-packages/airflow/example_dags/example_params_ui_tutorial.py took 0.944 seconds
[2023-07-22T17:14:20.147-0500] {processor.py:157} INFO - Started process (PID=22669) to work on /Users/abhishekpatkar/Documents/Projects/af_file_loader/venv/lib/python3.11/site-packages/airflow/example_dags/example_params_ui_tutorial.py
[2023-07-22T17:14:20.151-0500] {processor.py:826} INFO - Processing file /Users/abhishekpatkar/Documents/Projects/af_file_loader/venv/lib/python3.11/site-packages/airflow/example_dags/example_params_ui_tutorial.py for tasks to queue
[2023-07-22T17:14:20.152-0500] {logging_mixin.py:150} INFO - [2023-07-22T17:14:20.152-0500] {dagbag.py:541} INFO - Filling up the DagBag from /Users/abhishekpatkar/Documents/Projects/af_file_loader/venv/lib/python3.11/site-packages/airflow/example_dags/example_params_ui_tutorial.py
[2023-07-22T17:14:20.314-0500] {processor.py:836} INFO - DAG(s) dict_keys(['example_params_ui_tutorial']) retrieved from /Users/abhishekpatkar/Documents/Projects/af_file_loader/venv/lib/python3.11/site-packages/airflow/example_dags/example_params_ui_tutorial.py
[2023-07-22T17:14:21.001-0500] {logging_mixin.py:150} INFO - [2023-07-22T17:14:21.001-0500] {dag.py:2742} INFO - Sync 1 DAGs
[2023-07-22T17:14:21.021-0500] {logging_mixin.py:150} INFO - [2023-07-22T17:14:21.021-0500] {dag.py:3504} INFO - Setting next_dagrun for example_params_ui_tutorial to None, run_after=None
[2023-07-22T17:14:21.045-0500] {processor.py:179} INFO - Processing /Users/abhishekpatkar/Documents/Projects/af_file_loader/venv/lib/python3.11/site-packages/airflow/example_dags/example_params_ui_tutorial.py took 0.898 seconds
[2023-07-22T17:16:22.759-0500] {processor.py:157} INFO - Started process (PID=22745) to work on /Users/abhishekpatkar/Documents/Projects/af_file_loader/venv/lib/python3.11/site-packages/airflow/example_dags/example_params_ui_tutorial.py
[2023-07-22T17:16:22.766-0500] {processor.py:826} INFO - Processing file /Users/abhishekpatkar/Documents/Projects/af_file_loader/venv/lib/python3.11/site-packages/airflow/example_dags/example_params_ui_tutorial.py for tasks to queue
[2023-07-22T17:16:22.766-0500] {logging_mixin.py:150} INFO - [2023-07-22T17:16:22.766-0500] {dagbag.py:541} INFO - Filling up the DagBag from /Users/abhishekpatkar/Documents/Projects/af_file_loader/venv/lib/python3.11/site-packages/airflow/example_dags/example_params_ui_tutorial.py
[2023-07-22T17:16:22.917-0500] {processor.py:836} INFO - DAG(s) dict_keys(['example_params_ui_tutorial']) retrieved from /Users/abhishekpatkar/Documents/Projects/af_file_loader/venv/lib/python3.11/site-packages/airflow/example_dags/example_params_ui_tutorial.py
[2023-07-22T17:16:23.579-0500] {logging_mixin.py:150} INFO - [2023-07-22T17:16:23.578-0500] {dag.py:2742} INFO - Sync 1 DAGs
[2023-07-22T17:16:23.596-0500] {logging_mixin.py:150} INFO - [2023-07-22T17:16:23.595-0500] {dag.py:3504} INFO - Setting next_dagrun for example_params_ui_tutorial to None, run_after=None
[2023-07-22T17:16:23.616-0500] {processor.py:179} INFO - Processing /Users/abhishekpatkar/Documents/Projects/af_file_loader/venv/lib/python3.11/site-packages/airflow/example_dags/example_params_ui_tutorial.py took 0.858 seconds
[2023-07-22T17:19:02.278-0500] {processor.py:157} INFO - Started process (PID=22888) to work on /Users/abhishekpatkar/Documents/Projects/af_file_loader/venv/lib/python3.11/site-packages/airflow/example_dags/example_params_ui_tutorial.py
[2023-07-22T17:19:02.283-0500] {processor.py:826} INFO - Processing file /Users/abhishekpatkar/Documents/Projects/af_file_loader/venv/lib/python3.11/site-packages/airflow/example_dags/example_params_ui_tutorial.py for tasks to queue
[2023-07-22T17:19:02.284-0500] {logging_mixin.py:150} INFO - [2023-07-22T17:19:02.284-0500] {dagbag.py:541} INFO - Filling up the DagBag from /Users/abhishekpatkar/Documents/Projects/af_file_loader/venv/lib/python3.11/site-packages/airflow/example_dags/example_params_ui_tutorial.py
[2023-07-22T17:19:02.440-0500] {processor.py:836} INFO - DAG(s) dict_keys(['example_params_ui_tutorial']) retrieved from /Users/abhishekpatkar/Documents/Projects/af_file_loader/venv/lib/python3.11/site-packages/airflow/example_dags/example_params_ui_tutorial.py
[2023-07-22T17:19:03.222-0500] {logging_mixin.py:150} INFO - [2023-07-22T17:19:03.222-0500] {dag.py:2742} INFO - Sync 1 DAGs
[2023-07-22T17:19:03.241-0500] {logging_mixin.py:150} INFO - [2023-07-22T17:19:03.241-0500] {dag.py:3504} INFO - Setting next_dagrun for example_params_ui_tutorial to None, run_after=None
[2023-07-22T17:19:03.264-0500] {processor.py:179} INFO - Processing /Users/abhishekpatkar/Documents/Projects/af_file_loader/venv/lib/python3.11/site-packages/airflow/example_dags/example_params_ui_tutorial.py took 0.987 seconds
[2023-07-22T17:21:12.200-0500] {processor.py:157} INFO - Started process (PID=22983) to work on /Users/abhishekpatkar/Documents/Projects/af_file_loader/venv/lib/python3.11/site-packages/airflow/example_dags/example_params_ui_tutorial.py
[2023-07-22T17:21:12.205-0500] {processor.py:826} INFO - Processing file /Users/abhishekpatkar/Documents/Projects/af_file_loader/venv/lib/python3.11/site-packages/airflow/example_dags/example_params_ui_tutorial.py for tasks to queue
[2023-07-22T17:21:12.206-0500] {logging_mixin.py:150} INFO - [2023-07-22T17:21:12.205-0500] {dagbag.py:541} INFO - Filling up the DagBag from /Users/abhishekpatkar/Documents/Projects/af_file_loader/venv/lib/python3.11/site-packages/airflow/example_dags/example_params_ui_tutorial.py
[2023-07-22T17:21:12.374-0500] {processor.py:836} INFO - DAG(s) dict_keys(['example_params_ui_tutorial']) retrieved from /Users/abhishekpatkar/Documents/Projects/af_file_loader/venv/lib/python3.11/site-packages/airflow/example_dags/example_params_ui_tutorial.py
[2023-07-22T17:21:13.051-0500] {logging_mixin.py:150} INFO - [2023-07-22T17:21:13.050-0500] {dag.py:2742} INFO - Sync 1 DAGs
[2023-07-22T17:21:13.071-0500] {logging_mixin.py:150} INFO - [2023-07-22T17:21:13.070-0500] {dag.py:3504} INFO - Setting next_dagrun for example_params_ui_tutorial to None, run_after=None
[2023-07-22T17:21:13.093-0500] {processor.py:179} INFO - Processing /Users/abhishekpatkar/Documents/Projects/af_file_loader/venv/lib/python3.11/site-packages/airflow/example_dags/example_params_ui_tutorial.py took 0.893 seconds
[2023-07-22T17:23:55.989-0500] {processor.py:157} INFO - Started process (PID=23129) to work on /Users/abhishekpatkar/Documents/Projects/af_file_loader/venv/lib/python3.11/site-packages/airflow/example_dags/example_params_ui_tutorial.py
[2023-07-22T17:23:55.993-0500] {processor.py:826} INFO - Processing file /Users/abhishekpatkar/Documents/Projects/af_file_loader/venv/lib/python3.11/site-packages/airflow/example_dags/example_params_ui_tutorial.py for tasks to queue
[2023-07-22T17:23:55.994-0500] {logging_mixin.py:150} INFO - [2023-07-22T17:23:55.994-0500] {dagbag.py:541} INFO - Filling up the DagBag from /Users/abhishekpatkar/Documents/Projects/af_file_loader/venv/lib/python3.11/site-packages/airflow/example_dags/example_params_ui_tutorial.py
[2023-07-22T17:23:56.281-0500] {processor.py:836} INFO - DAG(s) dict_keys(['example_params_ui_tutorial']) retrieved from /Users/abhishekpatkar/Documents/Projects/af_file_loader/venv/lib/python3.11/site-packages/airflow/example_dags/example_params_ui_tutorial.py
[2023-07-22T17:23:57.785-0500] {logging_mixin.py:150} INFO - [2023-07-22T17:23:57.784-0500] {dag.py:2742} INFO - Sync 1 DAGs
[2023-07-22T17:23:57.808-0500] {logging_mixin.py:150} INFO - [2023-07-22T17:23:57.808-0500] {dag.py:3504} INFO - Setting next_dagrun for example_params_ui_tutorial to None, run_after=None
[2023-07-22T17:23:57.838-0500] {processor.py:179} INFO - Processing /Users/abhishekpatkar/Documents/Projects/af_file_loader/venv/lib/python3.11/site-packages/airflow/example_dags/example_params_ui_tutorial.py took 1.850 seconds
[2023-07-22T17:29:03.523-0500] {processor.py:157} INFO - Started process (PID=23285) to work on /Users/abhishekpatkar/Documents/Projects/af_file_loader/venv/lib/python3.11/site-packages/airflow/example_dags/example_params_ui_tutorial.py
[2023-07-22T17:29:03.528-0500] {processor.py:826} INFO - Processing file /Users/abhishekpatkar/Documents/Projects/af_file_loader/venv/lib/python3.11/site-packages/airflow/example_dags/example_params_ui_tutorial.py for tasks to queue
[2023-07-22T17:29:03.529-0500] {logging_mixin.py:150} INFO - [2023-07-22T17:29:03.528-0500] {dagbag.py:541} INFO - Filling up the DagBag from /Users/abhishekpatkar/Documents/Projects/af_file_loader/venv/lib/python3.11/site-packages/airflow/example_dags/example_params_ui_tutorial.py
[2023-07-22T17:29:03.681-0500] {processor.py:836} INFO - DAG(s) dict_keys(['example_params_ui_tutorial']) retrieved from /Users/abhishekpatkar/Documents/Projects/af_file_loader/venv/lib/python3.11/site-packages/airflow/example_dags/example_params_ui_tutorial.py
[2023-07-22T17:29:04.348-0500] {logging_mixin.py:150} INFO - [2023-07-22T17:29:04.347-0500] {dag.py:2742} INFO - Sync 1 DAGs
[2023-07-22T17:29:04.369-0500] {logging_mixin.py:150} INFO - [2023-07-22T17:29:04.369-0500] {dag.py:3504} INFO - Setting next_dagrun for example_params_ui_tutorial to None, run_after=None
[2023-07-22T17:29:04.393-0500] {processor.py:179} INFO - Processing /Users/abhishekpatkar/Documents/Projects/af_file_loader/venv/lib/python3.11/site-packages/airflow/example_dags/example_params_ui_tutorial.py took 0.871 seconds
[2023-07-22T17:31:44.626-0500] {processor.py:157} INFO - Started process (PID=23412) to work on /Users/abhishekpatkar/Documents/Projects/af_file_loader/venv/lib/python3.11/site-packages/airflow/example_dags/example_params_ui_tutorial.py
[2023-07-22T17:31:44.630-0500] {processor.py:826} INFO - Processing file /Users/abhishekpatkar/Documents/Projects/af_file_loader/venv/lib/python3.11/site-packages/airflow/example_dags/example_params_ui_tutorial.py for tasks to queue
[2023-07-22T17:31:44.631-0500] {logging_mixin.py:150} INFO - [2023-07-22T17:31:44.631-0500] {dagbag.py:541} INFO - Filling up the DagBag from /Users/abhishekpatkar/Documents/Projects/af_file_loader/venv/lib/python3.11/site-packages/airflow/example_dags/example_params_ui_tutorial.py
[2023-07-22T17:31:44.777-0500] {processor.py:836} INFO - DAG(s) dict_keys(['example_params_ui_tutorial']) retrieved from /Users/abhishekpatkar/Documents/Projects/af_file_loader/venv/lib/python3.11/site-packages/airflow/example_dags/example_params_ui_tutorial.py
[2023-07-22T17:31:45.370-0500] {logging_mixin.py:150} INFO - [2023-07-22T17:31:45.370-0500] {dag.py:2742} INFO - Sync 1 DAGs
[2023-07-22T17:31:45.385-0500] {logging_mixin.py:150} INFO - [2023-07-22T17:31:45.385-0500] {dag.py:3504} INFO - Setting next_dagrun for example_params_ui_tutorial to None, run_after=None
[2023-07-22T17:31:45.404-0500] {processor.py:179} INFO - Processing /Users/abhishekpatkar/Documents/Projects/af_file_loader/venv/lib/python3.11/site-packages/airflow/example_dags/example_params_ui_tutorial.py took 0.779 seconds
[2023-07-22T17:33:43.978-0500] {processor.py:157} INFO - Started process (PID=23487) to work on /Users/abhishekpatkar/Documents/Projects/af_file_loader/venv/lib/python3.11/site-packages/airflow/example_dags/example_params_ui_tutorial.py
[2023-07-22T17:33:43.982-0500] {processor.py:826} INFO - Processing file /Users/abhishekpatkar/Documents/Projects/af_file_loader/venv/lib/python3.11/site-packages/airflow/example_dags/example_params_ui_tutorial.py for tasks to queue
[2023-07-22T17:33:43.983-0500] {logging_mixin.py:150} INFO - [2023-07-22T17:33:43.983-0500] {dagbag.py:541} INFO - Filling up the DagBag from /Users/abhishekpatkar/Documents/Projects/af_file_loader/venv/lib/python3.11/site-packages/airflow/example_dags/example_params_ui_tutorial.py
[2023-07-22T17:33:44.126-0500] {processor.py:836} INFO - DAG(s) dict_keys(['example_params_ui_tutorial']) retrieved from /Users/abhishekpatkar/Documents/Projects/af_file_loader/venv/lib/python3.11/site-packages/airflow/example_dags/example_params_ui_tutorial.py
[2023-07-22T17:33:44.713-0500] {logging_mixin.py:150} INFO - [2023-07-22T17:33:44.713-0500] {dag.py:2742} INFO - Sync 1 DAGs
[2023-07-22T17:33:44.729-0500] {logging_mixin.py:150} INFO - [2023-07-22T17:33:44.729-0500] {dag.py:3504} INFO - Setting next_dagrun for example_params_ui_tutorial to None, run_after=None
[2023-07-22T17:33:44.750-0500] {processor.py:179} INFO - Processing /Users/abhishekpatkar/Documents/Projects/af_file_loader/venv/lib/python3.11/site-packages/airflow/example_dags/example_params_ui_tutorial.py took 0.773 seconds
[2023-07-22T17:38:44.926-0500] {processor.py:157} INFO - Started process (PID=23692) to work on /Users/abhishekpatkar/Documents/Projects/af_file_loader/venv/lib/python3.11/site-packages/airflow/example_dags/example_params_ui_tutorial.py
[2023-07-22T17:38:44.932-0500] {processor.py:826} INFO - Processing file /Users/abhishekpatkar/Documents/Projects/af_file_loader/venv/lib/python3.11/site-packages/airflow/example_dags/example_params_ui_tutorial.py for tasks to queue
[2023-07-22T17:38:44.933-0500] {logging_mixin.py:150} INFO - [2023-07-22T17:38:44.933-0500] {dagbag.py:541} INFO - Filling up the DagBag from /Users/abhishekpatkar/Documents/Projects/af_file_loader/venv/lib/python3.11/site-packages/airflow/example_dags/example_params_ui_tutorial.py
[2023-07-22T17:38:45.337-0500] {processor.py:836} INFO - DAG(s) dict_keys(['example_params_ui_tutorial']) retrieved from /Users/abhishekpatkar/Documents/Projects/af_file_loader/venv/lib/python3.11/site-packages/airflow/example_dags/example_params_ui_tutorial.py
[2023-07-22T17:38:46.886-0500] {logging_mixin.py:150} INFO - [2023-07-22T17:38:46.885-0500] {dag.py:2742} INFO - Sync 1 DAGs
[2023-07-22T17:38:46.921-0500] {logging_mixin.py:150} INFO - [2023-07-22T17:38:46.921-0500] {dag.py:3504} INFO - Setting next_dagrun for example_params_ui_tutorial to None, run_after=None
[2023-07-22T17:38:46.974-0500] {processor.py:179} INFO - Processing /Users/abhishekpatkar/Documents/Projects/af_file_loader/venv/lib/python3.11/site-packages/airflow/example_dags/example_params_ui_tutorial.py took 2.048 seconds
[2023-07-22T17:47:09.291-0500] {processor.py:157} INFO - Started process (PID=24026) to work on /Users/abhishekpatkar/Documents/Projects/af_file_loader/venv/lib/python3.11/site-packages/airflow/example_dags/example_params_ui_tutorial.py
[2023-07-22T17:47:09.298-0500] {processor.py:826} INFO - Processing file /Users/abhishekpatkar/Documents/Projects/af_file_loader/venv/lib/python3.11/site-packages/airflow/example_dags/example_params_ui_tutorial.py for tasks to queue
[2023-07-22T17:47:09.300-0500] {logging_mixin.py:150} INFO - [2023-07-22T17:47:09.299-0500] {dagbag.py:541} INFO - Filling up the DagBag from /Users/abhishekpatkar/Documents/Projects/af_file_loader/venv/lib/python3.11/site-packages/airflow/example_dags/example_params_ui_tutorial.py
[2023-07-22T17:47:09.959-0500] {processor.py:836} INFO - DAG(s) dict_keys(['example_params_ui_tutorial']) retrieved from /Users/abhishekpatkar/Documents/Projects/af_file_loader/venv/lib/python3.11/site-packages/airflow/example_dags/example_params_ui_tutorial.py
[2023-07-22T17:47:13.778-0500] {logging_mixin.py:150} INFO - [2023-07-22T17:47:13.778-0500] {dag.py:2742} INFO - Sync 1 DAGs
[2023-07-22T17:47:13.912-0500] {logging_mixin.py:150} INFO - [2023-07-22T17:47:13.912-0500] {dag.py:3504} INFO - Setting next_dagrun for example_params_ui_tutorial to None, run_after=None
[2023-07-22T17:47:13.991-0500] {processor.py:179} INFO - Processing /Users/abhishekpatkar/Documents/Projects/af_file_loader/venv/lib/python3.11/site-packages/airflow/example_dags/example_params_ui_tutorial.py took 4.701 seconds
[2023-07-22T17:53:05.217-0500] {processor.py:157} INFO - Started process (PID=24341) to work on /Users/abhishekpatkar/Documents/Projects/af_file_loader/venv/lib/python3.11/site-packages/airflow/example_dags/example_params_ui_tutorial.py
[2023-07-22T17:53:05.227-0500] {processor.py:826} INFO - Processing file /Users/abhishekpatkar/Documents/Projects/af_file_loader/venv/lib/python3.11/site-packages/airflow/example_dags/example_params_ui_tutorial.py for tasks to queue
[2023-07-22T17:53:05.233-0500] {logging_mixin.py:150} INFO - [2023-07-22T17:53:05.233-0500] {dagbag.py:541} INFO - Filling up the DagBag from /Users/abhishekpatkar/Documents/Projects/af_file_loader/venv/lib/python3.11/site-packages/airflow/example_dags/example_params_ui_tutorial.py
[2023-07-22T17:53:05.442-0500] {processor.py:836} INFO - DAG(s) dict_keys(['example_params_ui_tutorial']) retrieved from /Users/abhishekpatkar/Documents/Projects/af_file_loader/venv/lib/python3.11/site-packages/airflow/example_dags/example_params_ui_tutorial.py
[2023-07-22T17:53:06.644-0500] {logging_mixin.py:150} INFO - [2023-07-22T17:53:06.644-0500] {dag.py:2742} INFO - Sync 1 DAGs
[2023-07-22T17:53:06.671-0500] {logging_mixin.py:150} INFO - [2023-07-22T17:53:06.671-0500] {dag.py:3504} INFO - Setting next_dagrun for example_params_ui_tutorial to None, run_after=None
[2023-07-22T17:53:06.701-0500] {processor.py:179} INFO - Processing /Users/abhishekpatkar/Documents/Projects/af_file_loader/venv/lib/python3.11/site-packages/airflow/example_dags/example_params_ui_tutorial.py took 1.486 seconds
[2023-07-22T17:58:40.229-0500] {processor.py:157} INFO - Started process (PID=24600) to work on /Users/abhishekpatkar/Documents/Projects/af_file_loader/venv/lib/python3.11/site-packages/airflow/example_dags/example_params_ui_tutorial.py
[2023-07-22T17:58:40.236-0500] {processor.py:826} INFO - Processing file /Users/abhishekpatkar/Documents/Projects/af_file_loader/venv/lib/python3.11/site-packages/airflow/example_dags/example_params_ui_tutorial.py for tasks to queue
[2023-07-22T17:58:40.237-0500] {logging_mixin.py:150} INFO - [2023-07-22T17:58:40.237-0500] {dagbag.py:541} INFO - Filling up the DagBag from /Users/abhishekpatkar/Documents/Projects/af_file_loader/venv/lib/python3.11/site-packages/airflow/example_dags/example_params_ui_tutorial.py
[2023-07-22T17:58:40.882-0500] {processor.py:836} INFO - DAG(s) dict_keys(['example_params_ui_tutorial']) retrieved from /Users/abhishekpatkar/Documents/Projects/af_file_loader/venv/lib/python3.11/site-packages/airflow/example_dags/example_params_ui_tutorial.py
[2023-07-22T17:58:43.744-0500] {logging_mixin.py:150} INFO - [2023-07-22T17:58:43.743-0500] {dag.py:2742} INFO - Sync 1 DAGs
[2023-07-22T17:58:43.789-0500] {logging_mixin.py:150} INFO - [2023-07-22T17:58:43.788-0500] {dag.py:3504} INFO - Setting next_dagrun for example_params_ui_tutorial to None, run_after=None
[2023-07-22T17:58:43.822-0500] {processor.py:179} INFO - Processing /Users/abhishekpatkar/Documents/Projects/af_file_loader/venv/lib/python3.11/site-packages/airflow/example_dags/example_params_ui_tutorial.py took 3.594 seconds
[2023-07-22T18:03:01.084-0500] {processor.py:157} INFO - Started process (PID=24780) to work on /Users/abhishekpatkar/Documents/Projects/af_file_loader/venv/lib/python3.11/site-packages/airflow/example_dags/example_params_ui_tutorial.py
[2023-07-22T18:03:01.090-0500] {processor.py:826} INFO - Processing file /Users/abhishekpatkar/Documents/Projects/af_file_loader/venv/lib/python3.11/site-packages/airflow/example_dags/example_params_ui_tutorial.py for tasks to queue
[2023-07-22T18:03:01.092-0500] {logging_mixin.py:150} INFO - [2023-07-22T18:03:01.091-0500] {dagbag.py:541} INFO - Filling up the DagBag from /Users/abhishekpatkar/Documents/Projects/af_file_loader/venv/lib/python3.11/site-packages/airflow/example_dags/example_params_ui_tutorial.py
[2023-07-22T18:03:01.337-0500] {processor.py:836} INFO - DAG(s) dict_keys(['example_params_ui_tutorial']) retrieved from /Users/abhishekpatkar/Documents/Projects/af_file_loader/venv/lib/python3.11/site-packages/airflow/example_dags/example_params_ui_tutorial.py
[2023-07-22T18:03:02.566-0500] {logging_mixin.py:150} INFO - [2023-07-22T18:03:02.566-0500] {dag.py:2742} INFO - Sync 1 DAGs
[2023-07-22T18:03:02.591-0500] {logging_mixin.py:150} INFO - [2023-07-22T18:03:02.590-0500] {dag.py:3504} INFO - Setting next_dagrun for example_params_ui_tutorial to None, run_after=None
[2023-07-22T18:03:02.617-0500] {processor.py:179} INFO - Processing /Users/abhishekpatkar/Documents/Projects/af_file_loader/venv/lib/python3.11/site-packages/airflow/example_dags/example_params_ui_tutorial.py took 1.534 seconds
[2023-07-22T18:06:10.949-0500] {processor.py:157} INFO - Started process (PID=24884) to work on /Users/abhishekpatkar/Documents/Projects/af_file_loader/venv/lib/python3.11/site-packages/airflow/example_dags/example_params_ui_tutorial.py
[2023-07-22T18:06:10.958-0500] {processor.py:826} INFO - Processing file /Users/abhishekpatkar/Documents/Projects/af_file_loader/venv/lib/python3.11/site-packages/airflow/example_dags/example_params_ui_tutorial.py for tasks to queue
[2023-07-22T18:06:10.959-0500] {logging_mixin.py:150} INFO - [2023-07-22T18:06:10.959-0500] {dagbag.py:541} INFO - Filling up the DagBag from /Users/abhishekpatkar/Documents/Projects/af_file_loader/venv/lib/python3.11/site-packages/airflow/example_dags/example_params_ui_tutorial.py
[2023-07-22T18:06:11.145-0500] {processor.py:836} INFO - DAG(s) dict_keys(['example_params_ui_tutorial']) retrieved from /Users/abhishekpatkar/Documents/Projects/af_file_loader/venv/lib/python3.11/site-packages/airflow/example_dags/example_params_ui_tutorial.py
[2023-07-22T18:06:12.123-0500] {logging_mixin.py:150} INFO - [2023-07-22T18:06:12.123-0500] {dag.py:2742} INFO - Sync 1 DAGs
[2023-07-22T18:06:12.139-0500] {logging_mixin.py:150} INFO - [2023-07-22T18:06:12.139-0500] {dag.py:3504} INFO - Setting next_dagrun for example_params_ui_tutorial to None, run_after=None
[2023-07-22T18:06:12.159-0500] {processor.py:179} INFO - Processing /Users/abhishekpatkar/Documents/Projects/af_file_loader/venv/lib/python3.11/site-packages/airflow/example_dags/example_params_ui_tutorial.py took 1.211 seconds
