[2023-07-22T14:50:21.432-0500] {processor.py:157} INFO - Started process (PID=16571) to work on /Users/abhishekpatkar/Documents/Projects/af_file_loader/venv/lib/python3.11/site-packages/airflow/example_dags/example_trigger_target_dag.py
[2023-07-22T14:50:21.436-0500] {processor.py:826} INFO - Processing file /Users/abhishekpatkar/Documents/Projects/af_file_loader/venv/lib/python3.11/site-packages/airflow/example_dags/example_trigger_target_dag.py for tasks to queue
[2023-07-22T14:50:21.437-0500] {logging_mixin.py:150} INFO - [2023-07-22T14:50:21.436-0500] {dagbag.py:541} INFO - Filling up the DagBag from /Users/abhishekpatkar/Documents/Projects/af_file_loader/venv/lib/python3.11/site-packages/airflow/example_dags/example_trigger_target_dag.py
[2023-07-22T14:50:21.599-0500] {processor.py:836} INFO - DAG(s) dict_keys(['example_trigger_target_dag']) retrieved from /Users/abhishekpatkar/Documents/Projects/af_file_loader/venv/lib/python3.11/site-packages/airflow/example_dags/example_trigger_target_dag.py
[2023-07-22T14:50:23.147-0500] {logging_mixin.py:150} INFO - [2023-07-22T14:50:23.147-0500] {manager.py:504} INFO - Created Permission View: can edit on DAG:example_trigger_target_dag
[2023-07-22T14:50:23.156-0500] {logging_mixin.py:150} INFO - [2023-07-22T14:50:23.156-0500] {manager.py:504} INFO - Created Permission View: can delete on DAG:example_trigger_target_dag
[2023-07-22T14:50:23.162-0500] {logging_mixin.py:150} INFO - [2023-07-22T14:50:23.161-0500] {manager.py:504} INFO - Created Permission View: can read on DAG:example_trigger_target_dag
[2023-07-22T14:50:23.172-0500] {logging_mixin.py:150} INFO - [2023-07-22T14:50:23.171-0500] {dag.py:2742} INFO - Sync 1 DAGs
[2023-07-22T14:50:23.188-0500] {logging_mixin.py:150} INFO - [2023-07-22T14:50:23.187-0500] {dag.py:2763} INFO - Creating ORM DAG for example_trigger_target_dag
[2023-07-22T14:50:23.196-0500] {logging_mixin.py:150} INFO - [2023-07-22T14:50:23.196-0500] {dag.py:3504} INFO - Setting next_dagrun for example_trigger_target_dag to None, run_after=None
[2023-07-22T14:50:23.221-0500] {processor.py:179} INFO - Processing /Users/abhishekpatkar/Documents/Projects/af_file_loader/venv/lib/python3.11/site-packages/airflow/example_dags/example_trigger_target_dag.py took 1.790 seconds
[2023-07-22T14:53:50.136-0500] {processor.py:157} INFO - Started process (PID=16747) to work on /Users/abhishekpatkar/Documents/Projects/af_file_loader/venv/lib/python3.11/site-packages/airflow/example_dags/example_trigger_target_dag.py
[2023-07-22T14:53:50.143-0500] {processor.py:826} INFO - Processing file /Users/abhishekpatkar/Documents/Projects/af_file_loader/venv/lib/python3.11/site-packages/airflow/example_dags/example_trigger_target_dag.py for tasks to queue
[2023-07-22T14:53:50.144-0500] {logging_mixin.py:150} INFO - [2023-07-22T14:53:50.144-0500] {dagbag.py:541} INFO - Filling up the DagBag from /Users/abhishekpatkar/Documents/Projects/af_file_loader/venv/lib/python3.11/site-packages/airflow/example_dags/example_trigger_target_dag.py
[2023-07-22T14:53:50.533-0500] {processor.py:836} INFO - DAG(s) dict_keys(['example_trigger_target_dag']) retrieved from /Users/abhishekpatkar/Documents/Projects/af_file_loader/venv/lib/python3.11/site-packages/airflow/example_dags/example_trigger_target_dag.py
[2023-07-22T14:53:51.655-0500] {logging_mixin.py:150} INFO - [2023-07-22T14:53:51.654-0500] {dag.py:2742} INFO - Sync 1 DAGs
[2023-07-22T14:53:51.674-0500] {logging_mixin.py:150} INFO - [2023-07-22T14:53:51.674-0500] {dag.py:3504} INFO - Setting next_dagrun for example_trigger_target_dag to None, run_after=None
[2023-07-22T14:53:51.701-0500] {processor.py:179} INFO - Processing /Users/abhishekpatkar/Documents/Projects/af_file_loader/venv/lib/python3.11/site-packages/airflow/example_dags/example_trigger_target_dag.py took 1.566 seconds
[2023-07-22T14:56:37.444-0500] {processor.py:157} INFO - Started process (PID=16953) to work on /Users/abhishekpatkar/Documents/Projects/af_file_loader/venv/lib/python3.11/site-packages/airflow/example_dags/example_trigger_target_dag.py
[2023-07-22T14:56:37.454-0500] {processor.py:826} INFO - Processing file /Users/abhishekpatkar/Documents/Projects/af_file_loader/venv/lib/python3.11/site-packages/airflow/example_dags/example_trigger_target_dag.py for tasks to queue
[2023-07-22T14:56:37.455-0500] {logging_mixin.py:150} INFO - [2023-07-22T14:56:37.454-0500] {dagbag.py:541} INFO - Filling up the DagBag from /Users/abhishekpatkar/Documents/Projects/af_file_loader/venv/lib/python3.11/site-packages/airflow/example_dags/example_trigger_target_dag.py
[2023-07-22T14:56:37.600-0500] {processor.py:836} INFO - DAG(s) dict_keys(['example_trigger_target_dag']) retrieved from /Users/abhishekpatkar/Documents/Projects/af_file_loader/venv/lib/python3.11/site-packages/airflow/example_dags/example_trigger_target_dag.py
[2023-07-22T14:56:38.440-0500] {logging_mixin.py:150} INFO - [2023-07-22T14:56:38.440-0500] {dag.py:2742} INFO - Sync 1 DAGs
[2023-07-22T14:56:38.463-0500] {logging_mixin.py:150} INFO - [2023-07-22T14:56:38.463-0500] {dag.py:3504} INFO - Setting next_dagrun for example_trigger_target_dag to None, run_after=None
[2023-07-22T14:56:38.490-0500] {processor.py:179} INFO - Processing /Users/abhishekpatkar/Documents/Projects/af_file_loader/venv/lib/python3.11/site-packages/airflow/example_dags/example_trigger_target_dag.py took 1.048 seconds
[2023-07-22T14:59:06.326-0500] {processor.py:157} INFO - Started process (PID=17046) to work on /Users/abhishekpatkar/Documents/Projects/af_file_loader/venv/lib/python3.11/site-packages/airflow/example_dags/example_trigger_target_dag.py
[2023-07-22T14:59:06.331-0500] {processor.py:826} INFO - Processing file /Users/abhishekpatkar/Documents/Projects/af_file_loader/venv/lib/python3.11/site-packages/airflow/example_dags/example_trigger_target_dag.py for tasks to queue
[2023-07-22T14:59:06.331-0500] {logging_mixin.py:150} INFO - [2023-07-22T14:59:06.331-0500] {dagbag.py:541} INFO - Filling up the DagBag from /Users/abhishekpatkar/Documents/Projects/af_file_loader/venv/lib/python3.11/site-packages/airflow/example_dags/example_trigger_target_dag.py
[2023-07-22T14:59:06.416-0500] {processor.py:836} INFO - DAG(s) dict_keys(['example_trigger_target_dag']) retrieved from /Users/abhishekpatkar/Documents/Projects/af_file_loader/venv/lib/python3.11/site-packages/airflow/example_dags/example_trigger_target_dag.py
[2023-07-22T14:59:07.042-0500] {logging_mixin.py:150} INFO - [2023-07-22T14:59:07.042-0500] {dag.py:2742} INFO - Sync 1 DAGs
[2023-07-22T14:59:07.062-0500] {logging_mixin.py:150} INFO - [2023-07-22T14:59:07.062-0500] {dag.py:3504} INFO - Setting next_dagrun for example_trigger_target_dag to None, run_after=None
[2023-07-22T14:59:07.085-0500] {processor.py:179} INFO - Processing /Users/abhishekpatkar/Documents/Projects/af_file_loader/venv/lib/python3.11/site-packages/airflow/example_dags/example_trigger_target_dag.py took 0.760 seconds
[2023-07-22T15:01:28.908-0500] {processor.py:157} INFO - Started process (PID=17127) to work on /Users/abhishekpatkar/Documents/Projects/af_file_loader/venv/lib/python3.11/site-packages/airflow/example_dags/example_trigger_target_dag.py
[2023-07-22T15:01:28.915-0500] {processor.py:826} INFO - Processing file /Users/abhishekpatkar/Documents/Projects/af_file_loader/venv/lib/python3.11/site-packages/airflow/example_dags/example_trigger_target_dag.py for tasks to queue
[2023-07-22T15:01:28.916-0500] {logging_mixin.py:150} INFO - [2023-07-22T15:01:28.916-0500] {dagbag.py:541} INFO - Filling up the DagBag from /Users/abhishekpatkar/Documents/Projects/af_file_loader/venv/lib/python3.11/site-packages/airflow/example_dags/example_trigger_target_dag.py
[2023-07-22T15:01:29.031-0500] {processor.py:836} INFO - DAG(s) dict_keys(['example_trigger_target_dag']) retrieved from /Users/abhishekpatkar/Documents/Projects/af_file_loader/venv/lib/python3.11/site-packages/airflow/example_dags/example_trigger_target_dag.py
[2023-07-22T15:01:29.960-0500] {logging_mixin.py:150} INFO - [2023-07-22T15:01:29.959-0500] {dag.py:2742} INFO - Sync 1 DAGs
[2023-07-22T15:01:29.983-0500] {logging_mixin.py:150} INFO - [2023-07-22T15:01:29.983-0500] {dag.py:3504} INFO - Setting next_dagrun for example_trigger_target_dag to None, run_after=None
[2023-07-22T15:01:30.008-0500] {processor.py:179} INFO - Processing /Users/abhishekpatkar/Documents/Projects/af_file_loader/venv/lib/python3.11/site-packages/airflow/example_dags/example_trigger_target_dag.py took 1.101 seconds
[2023-07-22T15:04:03.544-0500] {processor.py:157} INFO - Started process (PID=17427) to work on /Users/abhishekpatkar/Documents/Projects/af_file_loader/venv/lib/python3.11/site-packages/airflow/example_dags/example_trigger_target_dag.py
[2023-07-22T15:04:03.549-0500] {processor.py:826} INFO - Processing file /Users/abhishekpatkar/Documents/Projects/af_file_loader/venv/lib/python3.11/site-packages/airflow/example_dags/example_trigger_target_dag.py for tasks to queue
[2023-07-22T15:04:03.550-0500] {logging_mixin.py:150} INFO - [2023-07-22T15:04:03.550-0500] {dagbag.py:541} INFO - Filling up the DagBag from /Users/abhishekpatkar/Documents/Projects/af_file_loader/venv/lib/python3.11/site-packages/airflow/example_dags/example_trigger_target_dag.py
[2023-07-22T15:04:03.648-0500] {processor.py:836} INFO - DAG(s) dict_keys(['example_trigger_target_dag']) retrieved from /Users/abhishekpatkar/Documents/Projects/af_file_loader/venv/lib/python3.11/site-packages/airflow/example_dags/example_trigger_target_dag.py
[2023-07-22T15:04:04.597-0500] {logging_mixin.py:150} INFO - [2023-07-22T15:04:04.596-0500] {dag.py:2742} INFO - Sync 1 DAGs
[2023-07-22T15:04:04.622-0500] {logging_mixin.py:150} INFO - [2023-07-22T15:04:04.622-0500] {dag.py:3504} INFO - Setting next_dagrun for example_trigger_target_dag to None, run_after=None
[2023-07-22T15:04:04.647-0500] {processor.py:179} INFO - Processing /Users/abhishekpatkar/Documents/Projects/af_file_loader/venv/lib/python3.11/site-packages/airflow/example_dags/example_trigger_target_dag.py took 1.105 seconds
[2023-07-22T15:08:14.157-0500] {processor.py:157} INFO - Started process (PID=17703) to work on /Users/abhishekpatkar/Documents/Projects/af_file_loader/venv/lib/python3.11/site-packages/airflow/example_dags/example_trigger_target_dag.py
[2023-07-22T15:08:14.169-0500] {processor.py:826} INFO - Processing file /Users/abhishekpatkar/Documents/Projects/af_file_loader/venv/lib/python3.11/site-packages/airflow/example_dags/example_trigger_target_dag.py for tasks to queue
[2023-07-22T15:08:14.170-0500] {logging_mixin.py:150} INFO - [2023-07-22T15:08:14.170-0500] {dagbag.py:541} INFO - Filling up the DagBag from /Users/abhishekpatkar/Documents/Projects/af_file_loader/venv/lib/python3.11/site-packages/airflow/example_dags/example_trigger_target_dag.py
[2023-07-22T15:08:14.824-0500] {processor.py:836} INFO - DAG(s) dict_keys(['example_trigger_target_dag']) retrieved from /Users/abhishekpatkar/Documents/Projects/af_file_loader/venv/lib/python3.11/site-packages/airflow/example_dags/example_trigger_target_dag.py
[2023-07-22T15:08:17.857-0500] {logging_mixin.py:150} INFO - [2023-07-22T15:08:17.857-0500] {dag.py:2742} INFO - Sync 1 DAGs
[2023-07-22T15:08:18.032-0500] {logging_mixin.py:150} INFO - [2023-07-22T15:08:18.031-0500] {dag.py:3504} INFO - Setting next_dagrun for example_trigger_target_dag to None, run_after=None
[2023-07-22T15:08:18.198-0500] {processor.py:179} INFO - Processing /Users/abhishekpatkar/Documents/Projects/af_file_loader/venv/lib/python3.11/site-packages/airflow/example_dags/example_trigger_target_dag.py took 4.169 seconds
[2023-07-22T15:12:37.650-0500] {processor.py:157} INFO - Started process (PID=17869) to work on /Users/abhishekpatkar/Documents/Projects/af_file_loader/venv/lib/python3.11/site-packages/airflow/example_dags/example_trigger_target_dag.py
[2023-07-22T15:12:37.654-0500] {processor.py:826} INFO - Processing file /Users/abhishekpatkar/Documents/Projects/af_file_loader/venv/lib/python3.11/site-packages/airflow/example_dags/example_trigger_target_dag.py for tasks to queue
[2023-07-22T15:12:37.655-0500] {logging_mixin.py:150} INFO - [2023-07-22T15:12:37.655-0500] {dagbag.py:541} INFO - Filling up the DagBag from /Users/abhishekpatkar/Documents/Projects/af_file_loader/venv/lib/python3.11/site-packages/airflow/example_dags/example_trigger_target_dag.py
[2023-07-22T15:12:37.782-0500] {processor.py:836} INFO - DAG(s) dict_keys(['example_trigger_target_dag']) retrieved from /Users/abhishekpatkar/Documents/Projects/af_file_loader/venv/lib/python3.11/site-packages/airflow/example_dags/example_trigger_target_dag.py
[2023-07-22T15:12:39.151-0500] {logging_mixin.py:150} INFO - [2023-07-22T15:12:39.150-0500] {dag.py:2742} INFO - Sync 1 DAGs
[2023-07-22T15:12:39.195-0500] {logging_mixin.py:150} INFO - [2023-07-22T15:12:39.194-0500] {dag.py:3504} INFO - Setting next_dagrun for example_trigger_target_dag to None, run_after=None
[2023-07-22T15:12:39.220-0500] {processor.py:179} INFO - Processing /Users/abhishekpatkar/Documents/Projects/af_file_loader/venv/lib/python3.11/site-packages/airflow/example_dags/example_trigger_target_dag.py took 1.571 seconds
[2023-07-22T15:15:21.377-0500] {processor.py:157} INFO - Started process (PID=17963) to work on /Users/abhishekpatkar/Documents/Projects/af_file_loader/venv/lib/python3.11/site-packages/airflow/example_dags/example_trigger_target_dag.py
[2023-07-22T15:15:21.382-0500] {processor.py:826} INFO - Processing file /Users/abhishekpatkar/Documents/Projects/af_file_loader/venv/lib/python3.11/site-packages/airflow/example_dags/example_trigger_target_dag.py for tasks to queue
[2023-07-22T15:15:21.383-0500] {logging_mixin.py:150} INFO - [2023-07-22T15:15:21.383-0500] {dagbag.py:541} INFO - Filling up the DagBag from /Users/abhishekpatkar/Documents/Projects/af_file_loader/venv/lib/python3.11/site-packages/airflow/example_dags/example_trigger_target_dag.py
[2023-07-22T15:15:21.538-0500] {processor.py:836} INFO - DAG(s) dict_keys(['example_trigger_target_dag']) retrieved from /Users/abhishekpatkar/Documents/Projects/af_file_loader/venv/lib/python3.11/site-packages/airflow/example_dags/example_trigger_target_dag.py
[2023-07-22T15:15:22.387-0500] {logging_mixin.py:150} INFO - [2023-07-22T15:15:22.386-0500] {dag.py:2742} INFO - Sync 1 DAGs
[2023-07-22T15:15:22.416-0500] {logging_mixin.py:150} INFO - [2023-07-22T15:15:22.416-0500] {dag.py:3504} INFO - Setting next_dagrun for example_trigger_target_dag to None, run_after=None
[2023-07-22T15:15:22.453-0500] {processor.py:179} INFO - Processing /Users/abhishekpatkar/Documents/Projects/af_file_loader/venv/lib/python3.11/site-packages/airflow/example_dags/example_trigger_target_dag.py took 1.077 seconds
[2023-07-22T15:18:10.548-0500] {processor.py:157} INFO - Started process (PID=18064) to work on /Users/abhishekpatkar/Documents/Projects/af_file_loader/venv/lib/python3.11/site-packages/airflow/example_dags/example_trigger_target_dag.py
[2023-07-22T15:18:10.555-0500] {processor.py:826} INFO - Processing file /Users/abhishekpatkar/Documents/Projects/af_file_loader/venv/lib/python3.11/site-packages/airflow/example_dags/example_trigger_target_dag.py for tasks to queue
[2023-07-22T15:18:10.555-0500] {logging_mixin.py:150} INFO - [2023-07-22T15:18:10.555-0500] {dagbag.py:541} INFO - Filling up the DagBag from /Users/abhishekpatkar/Documents/Projects/af_file_loader/venv/lib/python3.11/site-packages/airflow/example_dags/example_trigger_target_dag.py
[2023-07-22T15:18:10.730-0500] {processor.py:836} INFO - DAG(s) dict_keys(['example_trigger_target_dag']) retrieved from /Users/abhishekpatkar/Documents/Projects/af_file_loader/venv/lib/python3.11/site-packages/airflow/example_dags/example_trigger_target_dag.py
[2023-07-22T15:18:11.784-0500] {logging_mixin.py:150} INFO - [2023-07-22T15:18:11.784-0500] {dag.py:2742} INFO - Sync 1 DAGs
[2023-07-22T15:18:11.806-0500] {logging_mixin.py:150} INFO - [2023-07-22T15:18:11.806-0500] {dag.py:3504} INFO - Setting next_dagrun for example_trigger_target_dag to None, run_after=None
[2023-07-22T15:18:11.831-0500] {processor.py:179} INFO - Processing /Users/abhishekpatkar/Documents/Projects/af_file_loader/venv/lib/python3.11/site-packages/airflow/example_dags/example_trigger_target_dag.py took 1.285 seconds
[2023-07-22T15:20:59.640-0500] {processor.py:157} INFO - Started process (PID=18167) to work on /Users/abhishekpatkar/Documents/Projects/af_file_loader/venv/lib/python3.11/site-packages/airflow/example_dags/example_trigger_target_dag.py
[2023-07-22T15:20:59.645-0500] {processor.py:826} INFO - Processing file /Users/abhishekpatkar/Documents/Projects/af_file_loader/venv/lib/python3.11/site-packages/airflow/example_dags/example_trigger_target_dag.py for tasks to queue
[2023-07-22T15:20:59.645-0500] {logging_mixin.py:150} INFO - [2023-07-22T15:20:59.645-0500] {dagbag.py:541} INFO - Filling up the DagBag from /Users/abhishekpatkar/Documents/Projects/af_file_loader/venv/lib/python3.11/site-packages/airflow/example_dags/example_trigger_target_dag.py
[2023-07-22T15:20:59.737-0500] {processor.py:836} INFO - DAG(s) dict_keys(['example_trigger_target_dag']) retrieved from /Users/abhishekpatkar/Documents/Projects/af_file_loader/venv/lib/python3.11/site-packages/airflow/example_dags/example_trigger_target_dag.py
[2023-07-22T15:21:00.730-0500] {logging_mixin.py:150} INFO - [2023-07-22T15:21:00.729-0500] {dag.py:2742} INFO - Sync 1 DAGs
[2023-07-22T15:21:00.749-0500] {logging_mixin.py:150} INFO - [2023-07-22T15:21:00.749-0500] {dag.py:3504} INFO - Setting next_dagrun for example_trigger_target_dag to None, run_after=None
[2023-07-22T15:21:00.780-0500] {processor.py:179} INFO - Processing /Users/abhishekpatkar/Documents/Projects/af_file_loader/venv/lib/python3.11/site-packages/airflow/example_dags/example_trigger_target_dag.py took 1.141 seconds
[2023-07-22T15:23:26.724-0500] {processor.py:157} INFO - Started process (PID=18258) to work on /Users/abhishekpatkar/Documents/Projects/af_file_loader/venv/lib/python3.11/site-packages/airflow/example_dags/example_trigger_target_dag.py
[2023-07-22T15:23:26.728-0500] {processor.py:826} INFO - Processing file /Users/abhishekpatkar/Documents/Projects/af_file_loader/venv/lib/python3.11/site-packages/airflow/example_dags/example_trigger_target_dag.py for tasks to queue
[2023-07-22T15:23:26.729-0500] {logging_mixin.py:150} INFO - [2023-07-22T15:23:26.729-0500] {dagbag.py:541} INFO - Filling up the DagBag from /Users/abhishekpatkar/Documents/Projects/af_file_loader/venv/lib/python3.11/site-packages/airflow/example_dags/example_trigger_target_dag.py
[2023-07-22T15:23:26.827-0500] {processor.py:836} INFO - DAG(s) dict_keys(['example_trigger_target_dag']) retrieved from /Users/abhishekpatkar/Documents/Projects/af_file_loader/venv/lib/python3.11/site-packages/airflow/example_dags/example_trigger_target_dag.py
[2023-07-22T15:23:27.491-0500] {logging_mixin.py:150} INFO - [2023-07-22T15:23:27.491-0500] {dag.py:2742} INFO - Sync 1 DAGs
[2023-07-22T15:23:27.506-0500] {logging_mixin.py:150} INFO - [2023-07-22T15:23:27.506-0500] {dag.py:3504} INFO - Setting next_dagrun for example_trigger_target_dag to None, run_after=None
[2023-07-22T15:23:27.526-0500] {processor.py:179} INFO - Processing /Users/abhishekpatkar/Documents/Projects/af_file_loader/venv/lib/python3.11/site-packages/airflow/example_dags/example_trigger_target_dag.py took 0.803 seconds
[2023-07-22T15:25:38.464-0500] {processor.py:157} INFO - Started process (PID=18350) to work on /Users/abhishekpatkar/Documents/Projects/af_file_loader/venv/lib/python3.11/site-packages/airflow/example_dags/example_trigger_target_dag.py
[2023-07-22T15:25:38.470-0500] {processor.py:826} INFO - Processing file /Users/abhishekpatkar/Documents/Projects/af_file_loader/venv/lib/python3.11/site-packages/airflow/example_dags/example_trigger_target_dag.py for tasks to queue
[2023-07-22T15:25:38.470-0500] {logging_mixin.py:150} INFO - [2023-07-22T15:25:38.470-0500] {dagbag.py:541} INFO - Filling up the DagBag from /Users/abhishekpatkar/Documents/Projects/af_file_loader/venv/lib/python3.11/site-packages/airflow/example_dags/example_trigger_target_dag.py
[2023-07-22T15:25:38.604-0500] {processor.py:836} INFO - DAG(s) dict_keys(['example_trigger_target_dag']) retrieved from /Users/abhishekpatkar/Documents/Projects/af_file_loader/venv/lib/python3.11/site-packages/airflow/example_dags/example_trigger_target_dag.py
[2023-07-22T15:25:39.442-0500] {logging_mixin.py:150} INFO - [2023-07-22T15:25:39.442-0500] {dag.py:2742} INFO - Sync 1 DAGs
[2023-07-22T15:25:39.469-0500] {logging_mixin.py:150} INFO - [2023-07-22T15:25:39.469-0500] {dag.py:3504} INFO - Setting next_dagrun for example_trigger_target_dag to None, run_after=None
[2023-07-22T15:25:39.495-0500] {processor.py:179} INFO - Processing /Users/abhishekpatkar/Documents/Projects/af_file_loader/venv/lib/python3.11/site-packages/airflow/example_dags/example_trigger_target_dag.py took 1.032 seconds
[2023-07-22T15:29:20.257-0500] {processor.py:157} INFO - Started process (PID=18661) to work on /Users/abhishekpatkar/Documents/Projects/af_file_loader/venv/lib/python3.11/site-packages/airflow/example_dags/example_trigger_target_dag.py
[2023-07-22T15:29:20.260-0500] {processor.py:826} INFO - Processing file /Users/abhishekpatkar/Documents/Projects/af_file_loader/venv/lib/python3.11/site-packages/airflow/example_dags/example_trigger_target_dag.py for tasks to queue
[2023-07-22T15:29:20.261-0500] {logging_mixin.py:150} INFO - [2023-07-22T15:29:20.261-0500] {dagbag.py:541} INFO - Filling up the DagBag from /Users/abhishekpatkar/Documents/Projects/af_file_loader/venv/lib/python3.11/site-packages/airflow/example_dags/example_trigger_target_dag.py
[2023-07-22T15:29:20.601-0500] {processor.py:836} INFO - DAG(s) dict_keys(['example_trigger_target_dag']) retrieved from /Users/abhishekpatkar/Documents/Projects/af_file_loader/venv/lib/python3.11/site-packages/airflow/example_dags/example_trigger_target_dag.py
[2023-07-22T15:29:22.640-0500] {logging_mixin.py:150} INFO - [2023-07-22T15:29:22.639-0500] {dag.py:2742} INFO - Sync 1 DAGs
[2023-07-22T15:29:22.659-0500] {logging_mixin.py:150} INFO - [2023-07-22T15:29:22.659-0500] {dag.py:3504} INFO - Setting next_dagrun for example_trigger_target_dag to None, run_after=None
[2023-07-22T15:29:22.707-0500] {processor.py:179} INFO - Processing /Users/abhishekpatkar/Documents/Projects/af_file_loader/venv/lib/python3.11/site-packages/airflow/example_dags/example_trigger_target_dag.py took 2.451 seconds
[2023-07-22T15:32:00.728-0500] {processor.py:157} INFO - Started process (PID=18821) to work on /Users/abhishekpatkar/Documents/Projects/af_file_loader/venv/lib/python3.11/site-packages/airflow/example_dags/example_trigger_target_dag.py
[2023-07-22T15:32:00.732-0500] {processor.py:826} INFO - Processing file /Users/abhishekpatkar/Documents/Projects/af_file_loader/venv/lib/python3.11/site-packages/airflow/example_dags/example_trigger_target_dag.py for tasks to queue
[2023-07-22T15:32:00.733-0500] {logging_mixin.py:150} INFO - [2023-07-22T15:32:00.733-0500] {dagbag.py:541} INFO - Filling up the DagBag from /Users/abhishekpatkar/Documents/Projects/af_file_loader/venv/lib/python3.11/site-packages/airflow/example_dags/example_trigger_target_dag.py
[2023-07-22T15:32:00.817-0500] {processor.py:836} INFO - DAG(s) dict_keys(['example_trigger_target_dag']) retrieved from /Users/abhishekpatkar/Documents/Projects/af_file_loader/venv/lib/python3.11/site-packages/airflow/example_dags/example_trigger_target_dag.py
[2023-07-22T15:32:01.436-0500] {logging_mixin.py:150} INFO - [2023-07-22T15:32:01.436-0500] {dag.py:2742} INFO - Sync 1 DAGs
[2023-07-22T15:32:01.451-0500] {logging_mixin.py:150} INFO - [2023-07-22T15:32:01.451-0500] {dag.py:3504} INFO - Setting next_dagrun for example_trigger_target_dag to None, run_after=None
[2023-07-22T15:32:01.470-0500] {processor.py:179} INFO - Processing /Users/abhishekpatkar/Documents/Projects/af_file_loader/venv/lib/python3.11/site-packages/airflow/example_dags/example_trigger_target_dag.py took 0.743 seconds
[2023-07-22T15:33:58.120-0500] {processor.py:157} INFO - Started process (PID=18895) to work on /Users/abhishekpatkar/Documents/Projects/af_file_loader/venv/lib/python3.11/site-packages/airflow/example_dags/example_trigger_target_dag.py
[2023-07-22T15:33:58.125-0500] {processor.py:826} INFO - Processing file /Users/abhishekpatkar/Documents/Projects/af_file_loader/venv/lib/python3.11/site-packages/airflow/example_dags/example_trigger_target_dag.py for tasks to queue
[2023-07-22T15:33:58.125-0500] {logging_mixin.py:150} INFO - [2023-07-22T15:33:58.125-0500] {dagbag.py:541} INFO - Filling up the DagBag from /Users/abhishekpatkar/Documents/Projects/af_file_loader/venv/lib/python3.11/site-packages/airflow/example_dags/example_trigger_target_dag.py
[2023-07-22T15:33:58.219-0500] {processor.py:836} INFO - DAG(s) dict_keys(['example_trigger_target_dag']) retrieved from /Users/abhishekpatkar/Documents/Projects/af_file_loader/venv/lib/python3.11/site-packages/airflow/example_dags/example_trigger_target_dag.py
[2023-07-22T15:33:58.890-0500] {logging_mixin.py:150} INFO - [2023-07-22T15:33:58.889-0500] {dag.py:2742} INFO - Sync 1 DAGs
[2023-07-22T15:33:58.905-0500] {logging_mixin.py:150} INFO - [2023-07-22T15:33:58.905-0500] {dag.py:3504} INFO - Setting next_dagrun for example_trigger_target_dag to None, run_after=None
[2023-07-22T15:33:58.928-0500] {processor.py:179} INFO - Processing /Users/abhishekpatkar/Documents/Projects/af_file_loader/venv/lib/python3.11/site-packages/airflow/example_dags/example_trigger_target_dag.py took 0.809 seconds
[2023-07-22T15:35:49.253-0500] {processor.py:157} INFO - Started process (PID=19007) to work on /Users/abhishekpatkar/Documents/Projects/af_file_loader/venv/lib/python3.11/site-packages/airflow/example_dags/example_trigger_target_dag.py
[2023-07-22T15:35:49.259-0500] {processor.py:826} INFO - Processing file /Users/abhishekpatkar/Documents/Projects/af_file_loader/venv/lib/python3.11/site-packages/airflow/example_dags/example_trigger_target_dag.py for tasks to queue
[2023-07-22T15:35:49.260-0500] {logging_mixin.py:150} INFO - [2023-07-22T15:35:49.260-0500] {dagbag.py:541} INFO - Filling up the DagBag from /Users/abhishekpatkar/Documents/Projects/af_file_loader/venv/lib/python3.11/site-packages/airflow/example_dags/example_trigger_target_dag.py
[2023-07-22T15:35:49.345-0500] {processor.py:836} INFO - DAG(s) dict_keys(['example_trigger_target_dag']) retrieved from /Users/abhishekpatkar/Documents/Projects/af_file_loader/venv/lib/python3.11/site-packages/airflow/example_dags/example_trigger_target_dag.py
[2023-07-22T15:35:49.978-0500] {logging_mixin.py:150} INFO - [2023-07-22T15:35:49.977-0500] {dag.py:2742} INFO - Sync 1 DAGs
[2023-07-22T15:35:49.993-0500] {logging_mixin.py:150} INFO - [2023-07-22T15:35:49.993-0500] {dag.py:3504} INFO - Setting next_dagrun for example_trigger_target_dag to None, run_after=None
[2023-07-22T15:35:50.015-0500] {processor.py:179} INFO - Processing /Users/abhishekpatkar/Documents/Projects/af_file_loader/venv/lib/python3.11/site-packages/airflow/example_dags/example_trigger_target_dag.py took 0.764 seconds
[2023-07-22T15:47:20.375-0500] {processor.py:157} INFO - Started process (PID=19314) to work on /Users/abhishekpatkar/Documents/Projects/af_file_loader/venv/lib/python3.11/site-packages/airflow/example_dags/example_trigger_target_dag.py
[2023-07-22T15:47:20.384-0500] {processor.py:826} INFO - Processing file /Users/abhishekpatkar/Documents/Projects/af_file_loader/venv/lib/python3.11/site-packages/airflow/example_dags/example_trigger_target_dag.py for tasks to queue
[2023-07-22T15:47:20.392-0500] {logging_mixin.py:150} INFO - [2023-07-22T15:47:20.390-0500] {dagbag.py:541} INFO - Filling up the DagBag from /Users/abhishekpatkar/Documents/Projects/af_file_loader/venv/lib/python3.11/site-packages/airflow/example_dags/example_trigger_target_dag.py
[2023-07-22T15:47:20.686-0500] {processor.py:836} INFO - DAG(s) dict_keys(['example_trigger_target_dag']) retrieved from /Users/abhishekpatkar/Documents/Projects/af_file_loader/venv/lib/python3.11/site-packages/airflow/example_dags/example_trigger_target_dag.py
[2023-07-22T15:47:22.293-0500] {logging_mixin.py:150} INFO - [2023-07-22T15:47:22.292-0500] {dag.py:2742} INFO - Sync 1 DAGs
[2023-07-22T15:47:22.315-0500] {logging_mixin.py:150} INFO - [2023-07-22T15:47:22.315-0500] {dag.py:3504} INFO - Setting next_dagrun for example_trigger_target_dag to None, run_after=None
[2023-07-22T15:47:22.344-0500] {processor.py:179} INFO - Processing /Users/abhishekpatkar/Documents/Projects/af_file_loader/venv/lib/python3.11/site-packages/airflow/example_dags/example_trigger_target_dag.py took 1.971 seconds
[2023-07-22T15:49:44.110-0500] {processor.py:157} INFO - Started process (PID=19512) to work on /Users/abhishekpatkar/Documents/Projects/af_file_loader/venv/lib/python3.11/site-packages/airflow/example_dags/example_trigger_target_dag.py
[2023-07-22T15:49:44.115-0500] {processor.py:826} INFO - Processing file /Users/abhishekpatkar/Documents/Projects/af_file_loader/venv/lib/python3.11/site-packages/airflow/example_dags/example_trigger_target_dag.py for tasks to queue
[2023-07-22T15:49:44.116-0500] {logging_mixin.py:150} INFO - [2023-07-22T15:49:44.116-0500] {dagbag.py:541} INFO - Filling up the DagBag from /Users/abhishekpatkar/Documents/Projects/af_file_loader/venv/lib/python3.11/site-packages/airflow/example_dags/example_trigger_target_dag.py
[2023-07-22T15:49:44.226-0500] {processor.py:836} INFO - DAG(s) dict_keys(['example_trigger_target_dag']) retrieved from /Users/abhishekpatkar/Documents/Projects/af_file_loader/venv/lib/python3.11/site-packages/airflow/example_dags/example_trigger_target_dag.py
[2023-07-22T15:49:45.044-0500] {logging_mixin.py:150} INFO - [2023-07-22T15:49:45.043-0500] {dag.py:2742} INFO - Sync 1 DAGs
[2023-07-22T15:49:45.063-0500] {logging_mixin.py:150} INFO - [2023-07-22T15:49:45.063-0500] {dag.py:3504} INFO - Setting next_dagrun for example_trigger_target_dag to None, run_after=None
[2023-07-22T15:49:45.090-0500] {processor.py:179} INFO - Processing /Users/abhishekpatkar/Documents/Projects/af_file_loader/venv/lib/python3.11/site-packages/airflow/example_dags/example_trigger_target_dag.py took 0.981 seconds
[2023-07-22T15:52:20.266-0500] {processor.py:157} INFO - Started process (PID=19794) to work on /Users/abhishekpatkar/Documents/Projects/af_file_loader/venv/lib/python3.11/site-packages/airflow/example_dags/example_trigger_target_dag.py
[2023-07-22T15:52:20.271-0500] {processor.py:826} INFO - Processing file /Users/abhishekpatkar/Documents/Projects/af_file_loader/venv/lib/python3.11/site-packages/airflow/example_dags/example_trigger_target_dag.py for tasks to queue
[2023-07-22T15:52:20.271-0500] {logging_mixin.py:150} INFO - [2023-07-22T15:52:20.271-0500] {dagbag.py:541} INFO - Filling up the DagBag from /Users/abhishekpatkar/Documents/Projects/af_file_loader/venv/lib/python3.11/site-packages/airflow/example_dags/example_trigger_target_dag.py
[2023-07-22T15:52:20.401-0500] {processor.py:836} INFO - DAG(s) dict_keys(['example_trigger_target_dag']) retrieved from /Users/abhishekpatkar/Documents/Projects/af_file_loader/venv/lib/python3.11/site-packages/airflow/example_dags/example_trigger_target_dag.py
[2023-07-22T15:52:21.650-0500] {logging_mixin.py:150} INFO - [2023-07-22T15:52:21.649-0500] {dag.py:2742} INFO - Sync 1 DAGs
[2023-07-22T15:52:21.679-0500] {logging_mixin.py:150} INFO - [2023-07-22T15:52:21.679-0500] {dag.py:3504} INFO - Setting next_dagrun for example_trigger_target_dag to None, run_after=None
[2023-07-22T15:52:21.729-0500] {processor.py:179} INFO - Processing /Users/abhishekpatkar/Documents/Projects/af_file_loader/venv/lib/python3.11/site-packages/airflow/example_dags/example_trigger_target_dag.py took 1.464 seconds
[2023-07-22T15:54:59.846-0500] {processor.py:157} INFO - Started process (PID=19956) to work on /Users/abhishekpatkar/Documents/Projects/af_file_loader/venv/lib/python3.11/site-packages/airflow/example_dags/example_trigger_target_dag.py
[2023-07-22T15:54:59.851-0500] {processor.py:826} INFO - Processing file /Users/abhishekpatkar/Documents/Projects/af_file_loader/venv/lib/python3.11/site-packages/airflow/example_dags/example_trigger_target_dag.py for tasks to queue
[2023-07-22T15:54:59.852-0500] {logging_mixin.py:150} INFO - [2023-07-22T15:54:59.852-0500] {dagbag.py:541} INFO - Filling up the DagBag from /Users/abhishekpatkar/Documents/Projects/af_file_loader/venv/lib/python3.11/site-packages/airflow/example_dags/example_trigger_target_dag.py
[2023-07-22T15:54:59.968-0500] {processor.py:836} INFO - DAG(s) dict_keys(['example_trigger_target_dag']) retrieved from /Users/abhishekpatkar/Documents/Projects/af_file_loader/venv/lib/python3.11/site-packages/airflow/example_dags/example_trigger_target_dag.py
[2023-07-22T15:55:00.862-0500] {logging_mixin.py:150} INFO - [2023-07-22T15:55:00.860-0500] {dag.py:2742} INFO - Sync 1 DAGs
[2023-07-22T15:55:00.888-0500] {logging_mixin.py:150} INFO - [2023-07-22T15:55:00.888-0500] {dag.py:3504} INFO - Setting next_dagrun for example_trigger_target_dag to None, run_after=None
[2023-07-22T15:55:00.914-0500] {processor.py:179} INFO - Processing /Users/abhishekpatkar/Documents/Projects/af_file_loader/venv/lib/python3.11/site-packages/airflow/example_dags/example_trigger_target_dag.py took 1.068 seconds
[2023-07-22T15:57:39.994-0500] {processor.py:157} INFO - Started process (PID=20202) to work on /Users/abhishekpatkar/Documents/Projects/af_file_loader/venv/lib/python3.11/site-packages/airflow/example_dags/example_trigger_target_dag.py
[2023-07-22T15:57:39.999-0500] {processor.py:826} INFO - Processing file /Users/abhishekpatkar/Documents/Projects/af_file_loader/venv/lib/python3.11/site-packages/airflow/example_dags/example_trigger_target_dag.py for tasks to queue
[2023-07-22T15:57:39.999-0500] {logging_mixin.py:150} INFO - [2023-07-22T15:57:39.999-0500] {dagbag.py:541} INFO - Filling up the DagBag from /Users/abhishekpatkar/Documents/Projects/af_file_loader/venv/lib/python3.11/site-packages/airflow/example_dags/example_trigger_target_dag.py
[2023-07-22T15:57:40.099-0500] {processor.py:836} INFO - DAG(s) dict_keys(['example_trigger_target_dag']) retrieved from /Users/abhishekpatkar/Documents/Projects/af_file_loader/venv/lib/python3.11/site-packages/airflow/example_dags/example_trigger_target_dag.py
[2023-07-22T15:57:40.896-0500] {logging_mixin.py:150} INFO - [2023-07-22T15:57:40.895-0500] {dag.py:2742} INFO - Sync 1 DAGs
[2023-07-22T15:57:40.919-0500] {logging_mixin.py:150} INFO - [2023-07-22T15:57:40.919-0500] {dag.py:3504} INFO - Setting next_dagrun for example_trigger_target_dag to None, run_after=None
[2023-07-22T15:57:40.946-0500] {processor.py:179} INFO - Processing /Users/abhishekpatkar/Documents/Projects/af_file_loader/venv/lib/python3.11/site-packages/airflow/example_dags/example_trigger_target_dag.py took 0.954 seconds
[2023-07-22T16:00:07.901-0500] {processor.py:157} INFO - Started process (PID=20302) to work on /Users/abhishekpatkar/Documents/Projects/af_file_loader/venv/lib/python3.11/site-packages/airflow/example_dags/example_trigger_target_dag.py
[2023-07-22T16:00:07.906-0500] {processor.py:826} INFO - Processing file /Users/abhishekpatkar/Documents/Projects/af_file_loader/venv/lib/python3.11/site-packages/airflow/example_dags/example_trigger_target_dag.py for tasks to queue
[2023-07-22T16:00:07.907-0500] {logging_mixin.py:150} INFO - [2023-07-22T16:00:07.907-0500] {dagbag.py:541} INFO - Filling up the DagBag from /Users/abhishekpatkar/Documents/Projects/af_file_loader/venv/lib/python3.11/site-packages/airflow/example_dags/example_trigger_target_dag.py
[2023-07-22T16:00:08.011-0500] {processor.py:836} INFO - DAG(s) dict_keys(['example_trigger_target_dag']) retrieved from /Users/abhishekpatkar/Documents/Projects/af_file_loader/venv/lib/python3.11/site-packages/airflow/example_dags/example_trigger_target_dag.py
[2023-07-22T16:00:08.997-0500] {logging_mixin.py:150} INFO - [2023-07-22T16:00:08.996-0500] {dag.py:2742} INFO - Sync 1 DAGs
[2023-07-22T16:00:09.017-0500] {logging_mixin.py:150} INFO - [2023-07-22T16:00:09.016-0500] {dag.py:3504} INFO - Setting next_dagrun for example_trigger_target_dag to None, run_after=None
[2023-07-22T16:00:09.041-0500] {processor.py:179} INFO - Processing /Users/abhishekpatkar/Documents/Projects/af_file_loader/venv/lib/python3.11/site-packages/airflow/example_dags/example_trigger_target_dag.py took 1.141 seconds
[2023-07-22T16:02:34.131-0500] {processor.py:157} INFO - Started process (PID=20390) to work on /Users/abhishekpatkar/Documents/Projects/af_file_loader/venv/lib/python3.11/site-packages/airflow/example_dags/example_trigger_target_dag.py
[2023-07-22T16:02:34.136-0500] {processor.py:826} INFO - Processing file /Users/abhishekpatkar/Documents/Projects/af_file_loader/venv/lib/python3.11/site-packages/airflow/example_dags/example_trigger_target_dag.py for tasks to queue
[2023-07-22T16:02:34.136-0500] {logging_mixin.py:150} INFO - [2023-07-22T16:02:34.136-0500] {dagbag.py:541} INFO - Filling up the DagBag from /Users/abhishekpatkar/Documents/Projects/af_file_loader/venv/lib/python3.11/site-packages/airflow/example_dags/example_trigger_target_dag.py
[2023-07-22T16:02:34.218-0500] {processor.py:836} INFO - DAG(s) dict_keys(['example_trigger_target_dag']) retrieved from /Users/abhishekpatkar/Documents/Projects/af_file_loader/venv/lib/python3.11/site-packages/airflow/example_dags/example_trigger_target_dag.py
[2023-07-22T16:02:34.808-0500] {logging_mixin.py:150} INFO - [2023-07-22T16:02:34.808-0500] {dag.py:2742} INFO - Sync 1 DAGs
[2023-07-22T16:02:34.828-0500] {logging_mixin.py:150} INFO - [2023-07-22T16:02:34.828-0500] {dag.py:3504} INFO - Setting next_dagrun for example_trigger_target_dag to None, run_after=None
[2023-07-22T16:02:34.848-0500] {processor.py:179} INFO - Processing /Users/abhishekpatkar/Documents/Projects/af_file_loader/venv/lib/python3.11/site-packages/airflow/example_dags/example_trigger_target_dag.py took 0.718 seconds
[2023-07-22T16:04:25.336-0500] {processor.py:157} INFO - Started process (PID=20464) to work on /Users/abhishekpatkar/Documents/Projects/af_file_loader/venv/lib/python3.11/site-packages/airflow/example_dags/example_trigger_target_dag.py
[2023-07-22T16:04:25.340-0500] {processor.py:826} INFO - Processing file /Users/abhishekpatkar/Documents/Projects/af_file_loader/venv/lib/python3.11/site-packages/airflow/example_dags/example_trigger_target_dag.py for tasks to queue
[2023-07-22T16:04:25.341-0500] {logging_mixin.py:150} INFO - [2023-07-22T16:04:25.340-0500] {dagbag.py:541} INFO - Filling up the DagBag from /Users/abhishekpatkar/Documents/Projects/af_file_loader/venv/lib/python3.11/site-packages/airflow/example_dags/example_trigger_target_dag.py
[2023-07-22T16:04:25.422-0500] {processor.py:836} INFO - DAG(s) dict_keys(['example_trigger_target_dag']) retrieved from /Users/abhishekpatkar/Documents/Projects/af_file_loader/venv/lib/python3.11/site-packages/airflow/example_dags/example_trigger_target_dag.py
[2023-07-22T16:04:26.011-0500] {logging_mixin.py:150} INFO - [2023-07-22T16:04:26.011-0500] {dag.py:2742} INFO - Sync 1 DAGs
[2023-07-22T16:04:26.027-0500] {logging_mixin.py:150} INFO - [2023-07-22T16:04:26.026-0500] {dag.py:3504} INFO - Setting next_dagrun for example_trigger_target_dag to None, run_after=None
[2023-07-22T16:04:26.047-0500] {processor.py:179} INFO - Processing /Users/abhishekpatkar/Documents/Projects/af_file_loader/venv/lib/python3.11/site-packages/airflow/example_dags/example_trigger_target_dag.py took 0.711 seconds
[2023-07-22T16:06:13.055-0500] {processor.py:157} INFO - Started process (PID=20544) to work on /Users/abhishekpatkar/Documents/Projects/af_file_loader/venv/lib/python3.11/site-packages/airflow/example_dags/example_trigger_target_dag.py
[2023-07-22T16:06:13.060-0500] {processor.py:826} INFO - Processing file /Users/abhishekpatkar/Documents/Projects/af_file_loader/venv/lib/python3.11/site-packages/airflow/example_dags/example_trigger_target_dag.py for tasks to queue
[2023-07-22T16:06:13.061-0500] {logging_mixin.py:150} INFO - [2023-07-22T16:06:13.061-0500] {dagbag.py:541} INFO - Filling up the DagBag from /Users/abhishekpatkar/Documents/Projects/af_file_loader/venv/lib/python3.11/site-packages/airflow/example_dags/example_trigger_target_dag.py
[2023-07-22T16:06:13.143-0500] {processor.py:836} INFO - DAG(s) dict_keys(['example_trigger_target_dag']) retrieved from /Users/abhishekpatkar/Documents/Projects/af_file_loader/venv/lib/python3.11/site-packages/airflow/example_dags/example_trigger_target_dag.py
[2023-07-22T16:06:13.735-0500] {logging_mixin.py:150} INFO - [2023-07-22T16:06:13.735-0500] {dag.py:2742} INFO - Sync 1 DAGs
[2023-07-22T16:06:13.751-0500] {logging_mixin.py:150} INFO - [2023-07-22T16:06:13.751-0500] {dag.py:3504} INFO - Setting next_dagrun for example_trigger_target_dag to None, run_after=None
[2023-07-22T16:06:13.771-0500] {processor.py:179} INFO - Processing /Users/abhishekpatkar/Documents/Projects/af_file_loader/venv/lib/python3.11/site-packages/airflow/example_dags/example_trigger_target_dag.py took 0.716 seconds
[2023-07-22T16:08:03.984-0500] {processor.py:157} INFO - Started process (PID=20640) to work on /Users/abhishekpatkar/Documents/Projects/af_file_loader/venv/lib/python3.11/site-packages/airflow/example_dags/example_trigger_target_dag.py
[2023-07-22T16:08:03.989-0500] {processor.py:826} INFO - Processing file /Users/abhishekpatkar/Documents/Projects/af_file_loader/venv/lib/python3.11/site-packages/airflow/example_dags/example_trigger_target_dag.py for tasks to queue
[2023-07-22T16:08:03.989-0500] {logging_mixin.py:150} INFO - [2023-07-22T16:08:03.989-0500] {dagbag.py:541} INFO - Filling up the DagBag from /Users/abhishekpatkar/Documents/Projects/af_file_loader/venv/lib/python3.11/site-packages/airflow/example_dags/example_trigger_target_dag.py
[2023-07-22T16:08:04.071-0500] {processor.py:836} INFO - DAG(s) dict_keys(['example_trigger_target_dag']) retrieved from /Users/abhishekpatkar/Documents/Projects/af_file_loader/venv/lib/python3.11/site-packages/airflow/example_dags/example_trigger_target_dag.py
[2023-07-22T16:08:04.647-0500] {logging_mixin.py:150} INFO - [2023-07-22T16:08:04.646-0500] {dag.py:2742} INFO - Sync 1 DAGs
[2023-07-22T16:08:04.662-0500] {logging_mixin.py:150} INFO - [2023-07-22T16:08:04.662-0500] {dag.py:3504} INFO - Setting next_dagrun for example_trigger_target_dag to None, run_after=None
[2023-07-22T16:08:04.682-0500] {processor.py:179} INFO - Processing /Users/abhishekpatkar/Documents/Projects/af_file_loader/venv/lib/python3.11/site-packages/airflow/example_dags/example_trigger_target_dag.py took 0.699 seconds
[2023-07-22T16:09:56.036-0500] {processor.py:157} INFO - Started process (PID=20712) to work on /Users/abhishekpatkar/Documents/Projects/af_file_loader/venv/lib/python3.11/site-packages/airflow/example_dags/example_trigger_target_dag.py
[2023-07-22T16:09:56.040-0500] {processor.py:826} INFO - Processing file /Users/abhishekpatkar/Documents/Projects/af_file_loader/venv/lib/python3.11/site-packages/airflow/example_dags/example_trigger_target_dag.py for tasks to queue
[2023-07-22T16:09:56.040-0500] {logging_mixin.py:150} INFO - [2023-07-22T16:09:56.040-0500] {dagbag.py:541} INFO - Filling up the DagBag from /Users/abhishekpatkar/Documents/Projects/af_file_loader/venv/lib/python3.11/site-packages/airflow/example_dags/example_trigger_target_dag.py
[2023-07-22T16:09:56.121-0500] {processor.py:836} INFO - DAG(s) dict_keys(['example_trigger_target_dag']) retrieved from /Users/abhishekpatkar/Documents/Projects/af_file_loader/venv/lib/python3.11/site-packages/airflow/example_dags/example_trigger_target_dag.py
[2023-07-22T16:09:56.714-0500] {logging_mixin.py:150} INFO - [2023-07-22T16:09:56.714-0500] {dag.py:2742} INFO - Sync 1 DAGs
[2023-07-22T16:09:56.729-0500] {logging_mixin.py:150} INFO - [2023-07-22T16:09:56.729-0500] {dag.py:3504} INFO - Setting next_dagrun for example_trigger_target_dag to None, run_after=None
[2023-07-22T16:09:56.748-0500] {processor.py:179} INFO - Processing /Users/abhishekpatkar/Documents/Projects/af_file_loader/venv/lib/python3.11/site-packages/airflow/example_dags/example_trigger_target_dag.py took 0.713 seconds
[2023-07-22T16:23:30.261-0500] {processor.py:157} INFO - Started process (PID=20829) to work on /Users/abhishekpatkar/Documents/Projects/af_file_loader/venv/lib/python3.11/site-packages/airflow/example_dags/example_trigger_target_dag.py
[2023-07-22T16:23:30.270-0500] {processor.py:826} INFO - Processing file /Users/abhishekpatkar/Documents/Projects/af_file_loader/venv/lib/python3.11/site-packages/airflow/example_dags/example_trigger_target_dag.py for tasks to queue
[2023-07-22T16:23:30.271-0500] {logging_mixin.py:150} INFO - [2023-07-22T16:23:30.271-0500] {dagbag.py:541} INFO - Filling up the DagBag from /Users/abhishekpatkar/Documents/Projects/af_file_loader/venv/lib/python3.11/site-packages/airflow/example_dags/example_trigger_target_dag.py
[2023-07-22T16:23:30.600-0500] {processor.py:836} INFO - DAG(s) dict_keys(['example_trigger_target_dag']) retrieved from /Users/abhishekpatkar/Documents/Projects/af_file_loader/venv/lib/python3.11/site-packages/airflow/example_dags/example_trigger_target_dag.py
[2023-07-22T16:23:34.639-0500] {logging_mixin.py:150} INFO - [2023-07-22T16:23:34.638-0500] {dag.py:2742} INFO - Sync 1 DAGs
[2023-07-22T16:23:34.674-0500] {logging_mixin.py:150} INFO - [2023-07-22T16:23:34.673-0500] {dag.py:3504} INFO - Setting next_dagrun for example_trigger_target_dag to None, run_after=None
[2023-07-22T16:23:34.712-0500] {processor.py:179} INFO - Processing /Users/abhishekpatkar/Documents/Projects/af_file_loader/venv/lib/python3.11/site-packages/airflow/example_dags/example_trigger_target_dag.py took 4.453 seconds
[2023-07-22T16:26:18.338-0500] {processor.py:157} INFO - Started process (PID=20965) to work on /Users/abhishekpatkar/Documents/Projects/af_file_loader/venv/lib/python3.11/site-packages/airflow/example_dags/example_trigger_target_dag.py
[2023-07-22T16:26:18.343-0500] {processor.py:826} INFO - Processing file /Users/abhishekpatkar/Documents/Projects/af_file_loader/venv/lib/python3.11/site-packages/airflow/example_dags/example_trigger_target_dag.py for tasks to queue
[2023-07-22T16:26:18.347-0500] {logging_mixin.py:150} INFO - [2023-07-22T16:26:18.347-0500] {dagbag.py:541} INFO - Filling up the DagBag from /Users/abhishekpatkar/Documents/Projects/af_file_loader/venv/lib/python3.11/site-packages/airflow/example_dags/example_trigger_target_dag.py
[2023-07-22T16:26:18.487-0500] {processor.py:836} INFO - DAG(s) dict_keys(['example_trigger_target_dag']) retrieved from /Users/abhishekpatkar/Documents/Projects/af_file_loader/venv/lib/python3.11/site-packages/airflow/example_dags/example_trigger_target_dag.py
[2023-07-22T16:26:19.857-0500] {logging_mixin.py:150} INFO - [2023-07-22T16:26:19.857-0500] {dag.py:2742} INFO - Sync 1 DAGs
[2023-07-22T16:26:19.901-0500] {logging_mixin.py:150} INFO - [2023-07-22T16:26:19.901-0500] {dag.py:3504} INFO - Setting next_dagrun for example_trigger_target_dag to None, run_after=None
[2023-07-22T16:26:19.959-0500] {processor.py:179} INFO - Processing /Users/abhishekpatkar/Documents/Projects/af_file_loader/venv/lib/python3.11/site-packages/airflow/example_dags/example_trigger_target_dag.py took 1.623 seconds
[2023-07-22T16:29:43.640-0500] {processor.py:157} INFO - Started process (PID=21085) to work on /Users/abhishekpatkar/Documents/Projects/af_file_loader/venv/lib/python3.11/site-packages/airflow/example_dags/example_trigger_target_dag.py
[2023-07-22T16:29:43.645-0500] {processor.py:826} INFO - Processing file /Users/abhishekpatkar/Documents/Projects/af_file_loader/venv/lib/python3.11/site-packages/airflow/example_dags/example_trigger_target_dag.py for tasks to queue
[2023-07-22T16:29:43.645-0500] {logging_mixin.py:150} INFO - [2023-07-22T16:29:43.645-0500] {dagbag.py:541} INFO - Filling up the DagBag from /Users/abhishekpatkar/Documents/Projects/af_file_loader/venv/lib/python3.11/site-packages/airflow/example_dags/example_trigger_target_dag.py
[2023-07-22T16:29:43.750-0500] {processor.py:836} INFO - DAG(s) dict_keys(['example_trigger_target_dag']) retrieved from /Users/abhishekpatkar/Documents/Projects/af_file_loader/venv/lib/python3.11/site-packages/airflow/example_dags/example_trigger_target_dag.py
[2023-07-22T16:29:44.549-0500] {logging_mixin.py:150} INFO - [2023-07-22T16:29:44.549-0500] {dag.py:2742} INFO - Sync 1 DAGs
[2023-07-22T16:29:44.583-0500] {logging_mixin.py:150} INFO - [2023-07-22T16:29:44.583-0500] {dag.py:3504} INFO - Setting next_dagrun for example_trigger_target_dag to None, run_after=None
[2023-07-22T16:29:44.618-0500] {processor.py:179} INFO - Processing /Users/abhishekpatkar/Documents/Projects/af_file_loader/venv/lib/python3.11/site-packages/airflow/example_dags/example_trigger_target_dag.py took 0.979 seconds
[2023-07-22T16:32:55.748-0500] {processor.py:157} INFO - Started process (PID=21188) to work on /Users/abhishekpatkar/Documents/Projects/af_file_loader/venv/lib/python3.11/site-packages/airflow/example_dags/example_trigger_target_dag.py
[2023-07-22T16:32:55.757-0500] {processor.py:826} INFO - Processing file /Users/abhishekpatkar/Documents/Projects/af_file_loader/venv/lib/python3.11/site-packages/airflow/example_dags/example_trigger_target_dag.py for tasks to queue
[2023-07-22T16:32:55.759-0500] {logging_mixin.py:150} INFO - [2023-07-22T16:32:55.759-0500] {dagbag.py:541} INFO - Filling up the DagBag from /Users/abhishekpatkar/Documents/Projects/af_file_loader/venv/lib/python3.11/site-packages/airflow/example_dags/example_trigger_target_dag.py
[2023-07-22T16:32:55.978-0500] {processor.py:836} INFO - DAG(s) dict_keys(['example_trigger_target_dag']) retrieved from /Users/abhishekpatkar/Documents/Projects/af_file_loader/venv/lib/python3.11/site-packages/airflow/example_dags/example_trigger_target_dag.py
[2023-07-22T16:32:56.992-0500] {logging_mixin.py:150} INFO - [2023-07-22T16:32:56.991-0500] {dag.py:2742} INFO - Sync 1 DAGs
[2023-07-22T16:32:57.015-0500] {logging_mixin.py:150} INFO - [2023-07-22T16:32:57.015-0500] {dag.py:3504} INFO - Setting next_dagrun for example_trigger_target_dag to None, run_after=None
[2023-07-22T16:32:57.054-0500] {processor.py:179} INFO - Processing /Users/abhishekpatkar/Documents/Projects/af_file_loader/venv/lib/python3.11/site-packages/airflow/example_dags/example_trigger_target_dag.py took 1.306 seconds
[2023-07-22T16:36:22.290-0500] {processor.py:157} INFO - Started process (PID=21295) to work on /Users/abhishekpatkar/Documents/Projects/af_file_loader/venv/lib/python3.11/site-packages/airflow/example_dags/example_trigger_target_dag.py
[2023-07-22T16:36:22.294-0500] {processor.py:826} INFO - Processing file /Users/abhishekpatkar/Documents/Projects/af_file_loader/venv/lib/python3.11/site-packages/airflow/example_dags/example_trigger_target_dag.py for tasks to queue
[2023-07-22T16:36:22.295-0500] {logging_mixin.py:150} INFO - [2023-07-22T16:36:22.295-0500] {dagbag.py:541} INFO - Filling up the DagBag from /Users/abhishekpatkar/Documents/Projects/af_file_loader/venv/lib/python3.11/site-packages/airflow/example_dags/example_trigger_target_dag.py
[2023-07-22T16:36:22.435-0500] {processor.py:836} INFO - DAG(s) dict_keys(['example_trigger_target_dag']) retrieved from /Users/abhishekpatkar/Documents/Projects/af_file_loader/venv/lib/python3.11/site-packages/airflow/example_dags/example_trigger_target_dag.py
[2023-07-22T16:36:23.395-0500] {logging_mixin.py:150} INFO - [2023-07-22T16:36:23.393-0500] {dag.py:2742} INFO - Sync 1 DAGs
[2023-07-22T16:36:23.430-0500] {logging_mixin.py:150} INFO - [2023-07-22T16:36:23.429-0500] {dag.py:3504} INFO - Setting next_dagrun for example_trigger_target_dag to None, run_after=None
[2023-07-22T16:36:23.462-0500] {processor.py:179} INFO - Processing /Users/abhishekpatkar/Documents/Projects/af_file_loader/venv/lib/python3.11/site-packages/airflow/example_dags/example_trigger_target_dag.py took 1.173 seconds
[2023-07-22T16:41:32.321-0500] {processor.py:157} INFO - Started process (PID=21502) to work on /Users/abhishekpatkar/Documents/Projects/af_file_loader/venv/lib/python3.11/site-packages/airflow/example_dags/example_trigger_target_dag.py
[2023-07-22T16:41:32.327-0500] {processor.py:826} INFO - Processing file /Users/abhishekpatkar/Documents/Projects/af_file_loader/venv/lib/python3.11/site-packages/airflow/example_dags/example_trigger_target_dag.py for tasks to queue
[2023-07-22T16:41:32.329-0500] {logging_mixin.py:150} INFO - [2023-07-22T16:41:32.329-0500] {dagbag.py:541} INFO - Filling up the DagBag from /Users/abhishekpatkar/Documents/Projects/af_file_loader/venv/lib/python3.11/site-packages/airflow/example_dags/example_trigger_target_dag.py
[2023-07-22T16:41:32.514-0500] {processor.py:836} INFO - DAG(s) dict_keys(['example_trigger_target_dag']) retrieved from /Users/abhishekpatkar/Documents/Projects/af_file_loader/venv/lib/python3.11/site-packages/airflow/example_dags/example_trigger_target_dag.py
[2023-07-22T16:41:33.753-0500] {logging_mixin.py:150} INFO - [2023-07-22T16:41:33.752-0500] {dag.py:2742} INFO - Sync 1 DAGs
[2023-07-22T16:41:33.785-0500] {logging_mixin.py:150} INFO - [2023-07-22T16:41:33.785-0500] {dag.py:3504} INFO - Setting next_dagrun for example_trigger_target_dag to None, run_after=None
[2023-07-22T16:41:33.887-0500] {processor.py:179} INFO - Processing /Users/abhishekpatkar/Documents/Projects/af_file_loader/venv/lib/python3.11/site-packages/airflow/example_dags/example_trigger_target_dag.py took 1.567 seconds
[2023-07-22T16:45:26.317-0500] {processor.py:157} INFO - Started process (PID=21625) to work on /Users/abhishekpatkar/Documents/Projects/af_file_loader/venv/lib/python3.11/site-packages/airflow/example_dags/example_trigger_target_dag.py
[2023-07-22T16:45:26.327-0500] {processor.py:826} INFO - Processing file /Users/abhishekpatkar/Documents/Projects/af_file_loader/venv/lib/python3.11/site-packages/airflow/example_dags/example_trigger_target_dag.py for tasks to queue
[2023-07-22T16:45:26.328-0500] {logging_mixin.py:150} INFO - [2023-07-22T16:45:26.327-0500] {dagbag.py:541} INFO - Filling up the DagBag from /Users/abhishekpatkar/Documents/Projects/af_file_loader/venv/lib/python3.11/site-packages/airflow/example_dags/example_trigger_target_dag.py
[2023-07-22T16:45:26.463-0500] {processor.py:836} INFO - DAG(s) dict_keys(['example_trigger_target_dag']) retrieved from /Users/abhishekpatkar/Documents/Projects/af_file_loader/venv/lib/python3.11/site-packages/airflow/example_dags/example_trigger_target_dag.py
[2023-07-22T16:45:27.499-0500] {logging_mixin.py:150} INFO - [2023-07-22T16:45:27.499-0500] {dag.py:2742} INFO - Sync 1 DAGs
[2023-07-22T16:45:27.520-0500] {logging_mixin.py:150} INFO - [2023-07-22T16:45:27.520-0500] {dag.py:3504} INFO - Setting next_dagrun for example_trigger_target_dag to None, run_after=None
[2023-07-22T16:45:27.572-0500] {processor.py:179} INFO - Processing /Users/abhishekpatkar/Documents/Projects/af_file_loader/venv/lib/python3.11/site-packages/airflow/example_dags/example_trigger_target_dag.py took 1.255 seconds
[2023-07-22T16:49:04.458-0500] {processor.py:157} INFO - Started process (PID=21734) to work on /Users/abhishekpatkar/Documents/Projects/af_file_loader/venv/lib/python3.11/site-packages/airflow/example_dags/example_trigger_target_dag.py
[2023-07-22T16:49:04.463-0500] {processor.py:826} INFO - Processing file /Users/abhishekpatkar/Documents/Projects/af_file_loader/venv/lib/python3.11/site-packages/airflow/example_dags/example_trigger_target_dag.py for tasks to queue
[2023-07-22T16:49:04.463-0500] {logging_mixin.py:150} INFO - [2023-07-22T16:49:04.463-0500] {dagbag.py:541} INFO - Filling up the DagBag from /Users/abhishekpatkar/Documents/Projects/af_file_loader/venv/lib/python3.11/site-packages/airflow/example_dags/example_trigger_target_dag.py
[2023-07-22T16:49:04.648-0500] {processor.py:836} INFO - DAG(s) dict_keys(['example_trigger_target_dag']) retrieved from /Users/abhishekpatkar/Documents/Projects/af_file_loader/venv/lib/python3.11/site-packages/airflow/example_dags/example_trigger_target_dag.py
[2023-07-22T16:49:06.270-0500] {logging_mixin.py:150} INFO - [2023-07-22T16:49:06.269-0500] {dag.py:2742} INFO - Sync 1 DAGs
[2023-07-22T16:49:06.316-0500] {logging_mixin.py:150} INFO - [2023-07-22T16:49:06.316-0500] {dag.py:3504} INFO - Setting next_dagrun for example_trigger_target_dag to None, run_after=None
[2023-07-22T16:49:06.445-0500] {processor.py:179} INFO - Processing /Users/abhishekpatkar/Documents/Projects/af_file_loader/venv/lib/python3.11/site-packages/airflow/example_dags/example_trigger_target_dag.py took 1.990 seconds
[2023-07-22T16:53:00.026-0500] {processor.py:157} INFO - Started process (PID=21851) to work on /Users/abhishekpatkar/Documents/Projects/af_file_loader/venv/lib/python3.11/site-packages/airflow/example_dags/example_trigger_target_dag.py
[2023-07-22T16:53:00.031-0500] {processor.py:826} INFO - Processing file /Users/abhishekpatkar/Documents/Projects/af_file_loader/venv/lib/python3.11/site-packages/airflow/example_dags/example_trigger_target_dag.py for tasks to queue
[2023-07-22T16:53:00.031-0500] {logging_mixin.py:150} INFO - [2023-07-22T16:53:00.031-0500] {dagbag.py:541} INFO - Filling up the DagBag from /Users/abhishekpatkar/Documents/Projects/af_file_loader/venv/lib/python3.11/site-packages/airflow/example_dags/example_trigger_target_dag.py
[2023-07-22T16:53:00.193-0500] {processor.py:836} INFO - DAG(s) dict_keys(['example_trigger_target_dag']) retrieved from /Users/abhishekpatkar/Documents/Projects/af_file_loader/venv/lib/python3.11/site-packages/airflow/example_dags/example_trigger_target_dag.py
[2023-07-22T16:53:01.681-0500] {logging_mixin.py:150} INFO - [2023-07-22T16:53:01.681-0500] {dag.py:2742} INFO - Sync 1 DAGs
[2023-07-22T16:53:01.746-0500] {logging_mixin.py:150} INFO - [2023-07-22T16:53:01.745-0500] {dag.py:3504} INFO - Setting next_dagrun for example_trigger_target_dag to None, run_after=None
[2023-07-22T16:53:01.819-0500] {processor.py:179} INFO - Processing /Users/abhishekpatkar/Documents/Projects/af_file_loader/venv/lib/python3.11/site-packages/airflow/example_dags/example_trigger_target_dag.py took 1.796 seconds
[2023-07-22T16:56:15.888-0500] {processor.py:157} INFO - Started process (PID=21970) to work on /Users/abhishekpatkar/Documents/Projects/af_file_loader/venv/lib/python3.11/site-packages/airflow/example_dags/example_trigger_target_dag.py
[2023-07-22T16:56:15.894-0500] {processor.py:826} INFO - Processing file /Users/abhishekpatkar/Documents/Projects/af_file_loader/venv/lib/python3.11/site-packages/airflow/example_dags/example_trigger_target_dag.py for tasks to queue
[2023-07-22T16:56:15.895-0500] {logging_mixin.py:150} INFO - [2023-07-22T16:56:15.895-0500] {dagbag.py:541} INFO - Filling up the DagBag from /Users/abhishekpatkar/Documents/Projects/af_file_loader/venv/lib/python3.11/site-packages/airflow/example_dags/example_trigger_target_dag.py
[2023-07-22T16:56:16.011-0500] {processor.py:836} INFO - DAG(s) dict_keys(['example_trigger_target_dag']) retrieved from /Users/abhishekpatkar/Documents/Projects/af_file_loader/venv/lib/python3.11/site-packages/airflow/example_dags/example_trigger_target_dag.py
[2023-07-22T16:56:17.140-0500] {logging_mixin.py:150} INFO - [2023-07-22T16:56:17.139-0500] {dag.py:2742} INFO - Sync 1 DAGs
[2023-07-22T16:56:17.165-0500] {logging_mixin.py:150} INFO - [2023-07-22T16:56:17.165-0500] {dag.py:3504} INFO - Setting next_dagrun for example_trigger_target_dag to None, run_after=None
[2023-07-22T16:56:17.204-0500] {processor.py:179} INFO - Processing /Users/abhishekpatkar/Documents/Projects/af_file_loader/venv/lib/python3.11/site-packages/airflow/example_dags/example_trigger_target_dag.py took 1.321 seconds
[2023-07-22T16:59:13.035-0500] {processor.py:157} INFO - Started process (PID=22064) to work on /Users/abhishekpatkar/Documents/Projects/af_file_loader/venv/lib/python3.11/site-packages/airflow/example_dags/example_trigger_target_dag.py
[2023-07-22T16:59:13.039-0500] {processor.py:826} INFO - Processing file /Users/abhishekpatkar/Documents/Projects/af_file_loader/venv/lib/python3.11/site-packages/airflow/example_dags/example_trigger_target_dag.py for tasks to queue
[2023-07-22T16:59:13.040-0500] {logging_mixin.py:150} INFO - [2023-07-22T16:59:13.040-0500] {dagbag.py:541} INFO - Filling up the DagBag from /Users/abhishekpatkar/Documents/Projects/af_file_loader/venv/lib/python3.11/site-packages/airflow/example_dags/example_trigger_target_dag.py
[2023-07-22T16:59:13.163-0500] {processor.py:836} INFO - DAG(s) dict_keys(['example_trigger_target_dag']) retrieved from /Users/abhishekpatkar/Documents/Projects/af_file_loader/venv/lib/python3.11/site-packages/airflow/example_dags/example_trigger_target_dag.py
[2023-07-22T16:59:14.266-0500] {logging_mixin.py:150} INFO - [2023-07-22T16:59:14.265-0500] {dag.py:2742} INFO - Sync 1 DAGs
[2023-07-22T16:59:14.298-0500] {logging_mixin.py:150} INFO - [2023-07-22T16:59:14.298-0500] {dag.py:3504} INFO - Setting next_dagrun for example_trigger_target_dag to None, run_after=None
[2023-07-22T16:59:14.330-0500] {processor.py:179} INFO - Processing /Users/abhishekpatkar/Documents/Projects/af_file_loader/venv/lib/python3.11/site-packages/airflow/example_dags/example_trigger_target_dag.py took 1.296 seconds
[2023-07-22T17:03:18.285-0500] {processor.py:157} INFO - Started process (PID=22240) to work on /Users/abhishekpatkar/Documents/Projects/af_file_loader/venv/lib/python3.11/site-packages/airflow/example_dags/example_trigger_target_dag.py
[2023-07-22T17:03:18.289-0500] {processor.py:826} INFO - Processing file /Users/abhishekpatkar/Documents/Projects/af_file_loader/venv/lib/python3.11/site-packages/airflow/example_dags/example_trigger_target_dag.py for tasks to queue
[2023-07-22T17:03:18.290-0500] {logging_mixin.py:150} INFO - [2023-07-22T17:03:18.290-0500] {dagbag.py:541} INFO - Filling up the DagBag from /Users/abhishekpatkar/Documents/Projects/af_file_loader/venv/lib/python3.11/site-packages/airflow/example_dags/example_trigger_target_dag.py
[2023-07-22T17:03:18.386-0500] {processor.py:836} INFO - DAG(s) dict_keys(['example_trigger_target_dag']) retrieved from /Users/abhishekpatkar/Documents/Projects/af_file_loader/venv/lib/python3.11/site-packages/airflow/example_dags/example_trigger_target_dag.py
[2023-07-22T17:03:19.102-0500] {logging_mixin.py:150} INFO - [2023-07-22T17:03:19.101-0500] {dag.py:2742} INFO - Sync 1 DAGs
[2023-07-22T17:03:19.118-0500] {logging_mixin.py:150} INFO - [2023-07-22T17:03:19.118-0500] {dag.py:3504} INFO - Setting next_dagrun for example_trigger_target_dag to None, run_after=None
[2023-07-22T17:03:19.139-0500] {processor.py:179} INFO - Processing /Users/abhishekpatkar/Documents/Projects/af_file_loader/venv/lib/python3.11/site-packages/airflow/example_dags/example_trigger_target_dag.py took 0.854 seconds
[2023-07-22T17:05:33.251-0500] {processor.py:157} INFO - Started process (PID=22323) to work on /Users/abhishekpatkar/Documents/Projects/af_file_loader/venv/lib/python3.11/site-packages/airflow/example_dags/example_trigger_target_dag.py
[2023-07-22T17:05:33.255-0500] {processor.py:826} INFO - Processing file /Users/abhishekpatkar/Documents/Projects/af_file_loader/venv/lib/python3.11/site-packages/airflow/example_dags/example_trigger_target_dag.py for tasks to queue
[2023-07-22T17:05:33.256-0500] {logging_mixin.py:150} INFO - [2023-07-22T17:05:33.256-0500] {dagbag.py:541} INFO - Filling up the DagBag from /Users/abhishekpatkar/Documents/Projects/af_file_loader/venv/lib/python3.11/site-packages/airflow/example_dags/example_trigger_target_dag.py
[2023-07-22T17:05:33.346-0500] {processor.py:836} INFO - DAG(s) dict_keys(['example_trigger_target_dag']) retrieved from /Users/abhishekpatkar/Documents/Projects/af_file_loader/venv/lib/python3.11/site-packages/airflow/example_dags/example_trigger_target_dag.py
[2023-07-22T17:05:34.028-0500] {logging_mixin.py:150} INFO - [2023-07-22T17:05:34.027-0500] {dag.py:2742} INFO - Sync 1 DAGs
[2023-07-22T17:05:34.044-0500] {logging_mixin.py:150} INFO - [2023-07-22T17:05:34.044-0500] {dag.py:3504} INFO - Setting next_dagrun for example_trigger_target_dag to None, run_after=None
[2023-07-22T17:05:34.068-0500] {processor.py:179} INFO - Processing /Users/abhishekpatkar/Documents/Projects/af_file_loader/venv/lib/python3.11/site-packages/airflow/example_dags/example_trigger_target_dag.py took 0.819 seconds
[2023-07-22T17:07:28.478-0500] {processor.py:157} INFO - Started process (PID=22402) to work on /Users/abhishekpatkar/Documents/Projects/af_file_loader/venv/lib/python3.11/site-packages/airflow/example_dags/example_trigger_target_dag.py
[2023-07-22T17:07:28.483-0500] {processor.py:826} INFO - Processing file /Users/abhishekpatkar/Documents/Projects/af_file_loader/venv/lib/python3.11/site-packages/airflow/example_dags/example_trigger_target_dag.py for tasks to queue
[2023-07-22T17:07:28.483-0500] {logging_mixin.py:150} INFO - [2023-07-22T17:07:28.483-0500] {dagbag.py:541} INFO - Filling up the DagBag from /Users/abhishekpatkar/Documents/Projects/af_file_loader/venv/lib/python3.11/site-packages/airflow/example_dags/example_trigger_target_dag.py
[2023-07-22T17:07:28.586-0500] {processor.py:836} INFO - DAG(s) dict_keys(['example_trigger_target_dag']) retrieved from /Users/abhishekpatkar/Documents/Projects/af_file_loader/venv/lib/python3.11/site-packages/airflow/example_dags/example_trigger_target_dag.py
[2023-07-22T17:07:29.295-0500] {logging_mixin.py:150} INFO - [2023-07-22T17:07:29.294-0500] {dag.py:2742} INFO - Sync 1 DAGs
[2023-07-22T17:07:29.313-0500] {logging_mixin.py:150} INFO - [2023-07-22T17:07:29.313-0500] {dag.py:3504} INFO - Setting next_dagrun for example_trigger_target_dag to None, run_after=None
[2023-07-22T17:07:29.333-0500] {processor.py:179} INFO - Processing /Users/abhishekpatkar/Documents/Projects/af_file_loader/venv/lib/python3.11/site-packages/airflow/example_dags/example_trigger_target_dag.py took 0.855 seconds
[2023-07-22T17:09:30.718-0500] {processor.py:157} INFO - Started process (PID=22488) to work on /Users/abhishekpatkar/Documents/Projects/af_file_loader/venv/lib/python3.11/site-packages/airflow/example_dags/example_trigger_target_dag.py
[2023-07-22T17:09:30.724-0500] {processor.py:826} INFO - Processing file /Users/abhishekpatkar/Documents/Projects/af_file_loader/venv/lib/python3.11/site-packages/airflow/example_dags/example_trigger_target_dag.py for tasks to queue
[2023-07-22T17:09:30.724-0500] {logging_mixin.py:150} INFO - [2023-07-22T17:09:30.724-0500] {dagbag.py:541} INFO - Filling up the DagBag from /Users/abhishekpatkar/Documents/Projects/af_file_loader/venv/lib/python3.11/site-packages/airflow/example_dags/example_trigger_target_dag.py
[2023-07-22T17:09:30.818-0500] {processor.py:836} INFO - DAG(s) dict_keys(['example_trigger_target_dag']) retrieved from /Users/abhishekpatkar/Documents/Projects/af_file_loader/venv/lib/python3.11/site-packages/airflow/example_dags/example_trigger_target_dag.py
[2023-07-22T17:09:31.518-0500] {logging_mixin.py:150} INFO - [2023-07-22T17:09:31.518-0500] {dag.py:2742} INFO - Sync 1 DAGs
[2023-07-22T17:09:31.535-0500] {logging_mixin.py:150} INFO - [2023-07-22T17:09:31.535-0500] {dag.py:3504} INFO - Setting next_dagrun for example_trigger_target_dag to None, run_after=None
[2023-07-22T17:09:31.558-0500] {processor.py:179} INFO - Processing /Users/abhishekpatkar/Documents/Projects/af_file_loader/venv/lib/python3.11/site-packages/airflow/example_dags/example_trigger_target_dag.py took 0.841 seconds
[2023-07-22T17:11:31.679-0500] {processor.py:157} INFO - Started process (PID=22564) to work on /Users/abhishekpatkar/Documents/Projects/af_file_loader/venv/lib/python3.11/site-packages/airflow/example_dags/example_trigger_target_dag.py
[2023-07-22T17:11:31.683-0500] {processor.py:826} INFO - Processing file /Users/abhishekpatkar/Documents/Projects/af_file_loader/venv/lib/python3.11/site-packages/airflow/example_dags/example_trigger_target_dag.py for tasks to queue
[2023-07-22T17:11:31.684-0500] {logging_mixin.py:150} INFO - [2023-07-22T17:11:31.684-0500] {dagbag.py:541} INFO - Filling up the DagBag from /Users/abhishekpatkar/Documents/Projects/af_file_loader/venv/lib/python3.11/site-packages/airflow/example_dags/example_trigger_target_dag.py
[2023-07-22T17:11:31.779-0500] {processor.py:836} INFO - DAG(s) dict_keys(['example_trigger_target_dag']) retrieved from /Users/abhishekpatkar/Documents/Projects/af_file_loader/venv/lib/python3.11/site-packages/airflow/example_dags/example_trigger_target_dag.py
[2023-07-22T17:11:32.483-0500] {logging_mixin.py:150} INFO - [2023-07-22T17:11:32.482-0500] {dag.py:2742} INFO - Sync 1 DAGs
[2023-07-22T17:11:32.502-0500] {logging_mixin.py:150} INFO - [2023-07-22T17:11:32.502-0500] {dag.py:3504} INFO - Setting next_dagrun for example_trigger_target_dag to None, run_after=None
[2023-07-22T17:11:32.528-0500] {processor.py:179} INFO - Processing /Users/abhishekpatkar/Documents/Projects/af_file_loader/venv/lib/python3.11/site-packages/airflow/example_dags/example_trigger_target_dag.py took 0.850 seconds
[2023-07-22T17:13:29.547-0500] {processor.py:157} INFO - Started process (PID=22637) to work on /Users/abhishekpatkar/Documents/Projects/af_file_loader/venv/lib/python3.11/site-packages/airflow/example_dags/example_trigger_target_dag.py
[2023-07-22T17:13:29.553-0500] {processor.py:826} INFO - Processing file /Users/abhishekpatkar/Documents/Projects/af_file_loader/venv/lib/python3.11/site-packages/airflow/example_dags/example_trigger_target_dag.py for tasks to queue
[2023-07-22T17:13:29.553-0500] {logging_mixin.py:150} INFO - [2023-07-22T17:13:29.553-0500] {dagbag.py:541} INFO - Filling up the DagBag from /Users/abhishekpatkar/Documents/Projects/af_file_loader/venv/lib/python3.11/site-packages/airflow/example_dags/example_trigger_target_dag.py
[2023-07-22T17:13:29.647-0500] {processor.py:836} INFO - DAG(s) dict_keys(['example_trigger_target_dag']) retrieved from /Users/abhishekpatkar/Documents/Projects/af_file_loader/venv/lib/python3.11/site-packages/airflow/example_dags/example_trigger_target_dag.py
[2023-07-22T17:13:30.330-0500] {logging_mixin.py:150} INFO - [2023-07-22T17:13:30.330-0500] {dag.py:2742} INFO - Sync 1 DAGs
[2023-07-22T17:13:30.348-0500] {logging_mixin.py:150} INFO - [2023-07-22T17:13:30.348-0500] {dag.py:3504} INFO - Setting next_dagrun for example_trigger_target_dag to None, run_after=None
[2023-07-22T17:13:30.369-0500] {processor.py:179} INFO - Processing /Users/abhishekpatkar/Documents/Projects/af_file_loader/venv/lib/python3.11/site-packages/airflow/example_dags/example_trigger_target_dag.py took 0.822 seconds
[2023-07-22T17:15:29.213-0500] {processor.py:157} INFO - Started process (PID=22714) to work on /Users/abhishekpatkar/Documents/Projects/af_file_loader/venv/lib/python3.11/site-packages/airflow/example_dags/example_trigger_target_dag.py
[2023-07-22T17:15:29.216-0500] {processor.py:826} INFO - Processing file /Users/abhishekpatkar/Documents/Projects/af_file_loader/venv/lib/python3.11/site-packages/airflow/example_dags/example_trigger_target_dag.py for tasks to queue
[2023-07-22T17:15:29.218-0500] {logging_mixin.py:150} INFO - [2023-07-22T17:15:29.217-0500] {dagbag.py:541} INFO - Filling up the DagBag from /Users/abhishekpatkar/Documents/Projects/af_file_loader/venv/lib/python3.11/site-packages/airflow/example_dags/example_trigger_target_dag.py
[2023-07-22T17:15:29.316-0500] {processor.py:836} INFO - DAG(s) dict_keys(['example_trigger_target_dag']) retrieved from /Users/abhishekpatkar/Documents/Projects/af_file_loader/venv/lib/python3.11/site-packages/airflow/example_dags/example_trigger_target_dag.py
[2023-07-22T17:15:30.001-0500] {logging_mixin.py:150} INFO - [2023-07-22T17:15:30.000-0500] {dag.py:2742} INFO - Sync 1 DAGs
[2023-07-22T17:15:30.021-0500] {logging_mixin.py:150} INFO - [2023-07-22T17:15:30.021-0500] {dag.py:3504} INFO - Setting next_dagrun for example_trigger_target_dag to None, run_after=None
[2023-07-22T17:15:30.045-0500] {processor.py:179} INFO - Processing /Users/abhishekpatkar/Documents/Projects/af_file_loader/venv/lib/python3.11/site-packages/airflow/example_dags/example_trigger_target_dag.py took 0.833 seconds
[2023-07-22T17:17:46.201-0500] {processor.py:157} INFO - Started process (PID=22812) to work on /Users/abhishekpatkar/Documents/Projects/af_file_loader/venv/lib/python3.11/site-packages/airflow/example_dags/example_trigger_target_dag.py
[2023-07-22T17:17:46.207-0500] {processor.py:826} INFO - Processing file /Users/abhishekpatkar/Documents/Projects/af_file_loader/venv/lib/python3.11/site-packages/airflow/example_dags/example_trigger_target_dag.py for tasks to queue
[2023-07-22T17:17:46.208-0500] {logging_mixin.py:150} INFO - [2023-07-22T17:17:46.208-0500] {dagbag.py:541} INFO - Filling up the DagBag from /Users/abhishekpatkar/Documents/Projects/af_file_loader/venv/lib/python3.11/site-packages/airflow/example_dags/example_trigger_target_dag.py
[2023-07-22T17:17:46.321-0500] {processor.py:836} INFO - DAG(s) dict_keys(['example_trigger_target_dag']) retrieved from /Users/abhishekpatkar/Documents/Projects/af_file_loader/venv/lib/python3.11/site-packages/airflow/example_dags/example_trigger_target_dag.py
[2023-07-22T17:17:47.024-0500] {logging_mixin.py:150} INFO - [2023-07-22T17:17:47.023-0500] {dag.py:2742} INFO - Sync 1 DAGs
[2023-07-22T17:17:47.044-0500] {logging_mixin.py:150} INFO - [2023-07-22T17:17:47.044-0500] {dag.py:3504} INFO - Setting next_dagrun for example_trigger_target_dag to None, run_after=None
[2023-07-22T17:17:47.072-0500] {processor.py:179} INFO - Processing /Users/abhishekpatkar/Documents/Projects/af_file_loader/venv/lib/python3.11/site-packages/airflow/example_dags/example_trigger_target_dag.py took 0.871 seconds
[2023-07-22T17:20:20.782-0500] {processor.py:157} INFO - Started process (PID=22947) to work on /Users/abhishekpatkar/Documents/Projects/af_file_loader/venv/lib/python3.11/site-packages/airflow/example_dags/example_trigger_target_dag.py
[2023-07-22T17:20:20.787-0500] {processor.py:826} INFO - Processing file /Users/abhishekpatkar/Documents/Projects/af_file_loader/venv/lib/python3.11/site-packages/airflow/example_dags/example_trigger_target_dag.py for tasks to queue
[2023-07-22T17:20:20.787-0500] {logging_mixin.py:150} INFO - [2023-07-22T17:20:20.787-0500] {dagbag.py:541} INFO - Filling up the DagBag from /Users/abhishekpatkar/Documents/Projects/af_file_loader/venv/lib/python3.11/site-packages/airflow/example_dags/example_trigger_target_dag.py
[2023-07-22T17:20:20.889-0500] {processor.py:836} INFO - DAG(s) dict_keys(['example_trigger_target_dag']) retrieved from /Users/abhishekpatkar/Documents/Projects/af_file_loader/venv/lib/python3.11/site-packages/airflow/example_dags/example_trigger_target_dag.py
[2023-07-22T17:20:21.614-0500] {logging_mixin.py:150} INFO - [2023-07-22T17:20:21.614-0500] {dag.py:2742} INFO - Sync 1 DAGs
[2023-07-22T17:20:21.631-0500] {logging_mixin.py:150} INFO - [2023-07-22T17:20:21.631-0500] {dag.py:3504} INFO - Setting next_dagrun for example_trigger_target_dag to None, run_after=None
[2023-07-22T17:20:21.655-0500] {processor.py:179} INFO - Processing /Users/abhishekpatkar/Documents/Projects/af_file_loader/venv/lib/python3.11/site-packages/airflow/example_dags/example_trigger_target_dag.py took 0.874 seconds
[2023-07-22T17:22:21.345-0500] {processor.py:157} INFO - Started process (PID=23027) to work on /Users/abhishekpatkar/Documents/Projects/af_file_loader/venv/lib/python3.11/site-packages/airflow/example_dags/example_trigger_target_dag.py
[2023-07-22T17:22:21.348-0500] {processor.py:826} INFO - Processing file /Users/abhishekpatkar/Documents/Projects/af_file_loader/venv/lib/python3.11/site-packages/airflow/example_dags/example_trigger_target_dag.py for tasks to queue
[2023-07-22T17:22:21.349-0500] {logging_mixin.py:150} INFO - [2023-07-22T17:22:21.349-0500] {dagbag.py:541} INFO - Filling up the DagBag from /Users/abhishekpatkar/Documents/Projects/af_file_loader/venv/lib/python3.11/site-packages/airflow/example_dags/example_trigger_target_dag.py
[2023-07-22T17:22:21.442-0500] {processor.py:836} INFO - DAG(s) dict_keys(['example_trigger_target_dag']) retrieved from /Users/abhishekpatkar/Documents/Projects/af_file_loader/venv/lib/python3.11/site-packages/airflow/example_dags/example_trigger_target_dag.py
[2023-07-22T17:22:22.149-0500] {logging_mixin.py:150} INFO - [2023-07-22T17:22:22.149-0500] {dag.py:2742} INFO - Sync 1 DAGs
[2023-07-22T17:22:22.168-0500] {logging_mixin.py:150} INFO - [2023-07-22T17:22:22.168-0500] {dag.py:3504} INFO - Setting next_dagrun for example_trigger_target_dag to None, run_after=None
[2023-07-22T17:22:22.188-0500] {processor.py:179} INFO - Processing /Users/abhishekpatkar/Documents/Projects/af_file_loader/venv/lib/python3.11/site-packages/airflow/example_dags/example_trigger_target_dag.py took 0.844 seconds
[2023-07-22T17:26:53.920-0500] {processor.py:157} INFO - Started process (PID=23212) to work on /Users/abhishekpatkar/Documents/Projects/af_file_loader/venv/lib/python3.11/site-packages/airflow/example_dags/example_trigger_target_dag.py
[2023-07-22T17:26:53.949-0500] {processor.py:826} INFO - Processing file /Users/abhishekpatkar/Documents/Projects/af_file_loader/venv/lib/python3.11/site-packages/airflow/example_dags/example_trigger_target_dag.py for tasks to queue
[2023-07-22T17:26:53.961-0500] {logging_mixin.py:150} INFO - [2023-07-22T17:26:53.956-0500] {dagbag.py:541} INFO - Filling up the DagBag from /Users/abhishekpatkar/Documents/Projects/af_file_loader/venv/lib/python3.11/site-packages/airflow/example_dags/example_trigger_target_dag.py
[2023-07-22T17:26:54.310-0500] {processor.py:836} INFO - DAG(s) dict_keys(['example_trigger_target_dag']) retrieved from /Users/abhishekpatkar/Documents/Projects/af_file_loader/venv/lib/python3.11/site-packages/airflow/example_dags/example_trigger_target_dag.py
[2023-07-22T17:26:56.999-0500] {logging_mixin.py:150} INFO - [2023-07-22T17:26:56.999-0500] {dag.py:2742} INFO - Sync 1 DAGs
[2023-07-22T17:26:57.057-0500] {logging_mixin.py:150} INFO - [2023-07-22T17:26:57.056-0500] {dag.py:3504} INFO - Setting next_dagrun for example_trigger_target_dag to None, run_after=None
[2023-07-22T17:26:57.132-0500] {processor.py:179} INFO - Processing /Users/abhishekpatkar/Documents/Projects/af_file_loader/venv/lib/python3.11/site-packages/airflow/example_dags/example_trigger_target_dag.py took 3.218 seconds
[2023-07-22T17:30:44.036-0500] {processor.py:157} INFO - Started process (PID=23372) to work on /Users/abhishekpatkar/Documents/Projects/af_file_loader/venv/lib/python3.11/site-packages/airflow/example_dags/example_trigger_target_dag.py
[2023-07-22T17:30:44.041-0500] {processor.py:826} INFO - Processing file /Users/abhishekpatkar/Documents/Projects/af_file_loader/venv/lib/python3.11/site-packages/airflow/example_dags/example_trigger_target_dag.py for tasks to queue
[2023-07-22T17:30:44.042-0500] {logging_mixin.py:150} INFO - [2023-07-22T17:30:44.041-0500] {dagbag.py:541} INFO - Filling up the DagBag from /Users/abhishekpatkar/Documents/Projects/af_file_loader/venv/lib/python3.11/site-packages/airflow/example_dags/example_trigger_target_dag.py
[2023-07-22T17:30:44.140-0500] {processor.py:836} INFO - DAG(s) dict_keys(['example_trigger_target_dag']) retrieved from /Users/abhishekpatkar/Documents/Projects/af_file_loader/venv/lib/python3.11/site-packages/airflow/example_dags/example_trigger_target_dag.py
[2023-07-22T17:30:44.849-0500] {logging_mixin.py:150} INFO - [2023-07-22T17:30:44.848-0500] {dag.py:2742} INFO - Sync 1 DAGs
[2023-07-22T17:30:44.885-0500] {logging_mixin.py:150} INFO - [2023-07-22T17:30:44.885-0500] {dag.py:3504} INFO - Setting next_dagrun for example_trigger_target_dag to None, run_after=None
[2023-07-22T17:30:44.911-0500] {processor.py:179} INFO - Processing /Users/abhishekpatkar/Documents/Projects/af_file_loader/venv/lib/python3.11/site-packages/airflow/example_dags/example_trigger_target_dag.py took 0.876 seconds
[2023-07-22T17:32:53.455-0500] {processor.py:157} INFO - Started process (PID=23456) to work on /Users/abhishekpatkar/Documents/Projects/af_file_loader/venv/lib/python3.11/site-packages/airflow/example_dags/example_trigger_target_dag.py
[2023-07-22T17:32:53.459-0500] {processor.py:826} INFO - Processing file /Users/abhishekpatkar/Documents/Projects/af_file_loader/venv/lib/python3.11/site-packages/airflow/example_dags/example_trigger_target_dag.py for tasks to queue
[2023-07-22T17:32:53.460-0500] {logging_mixin.py:150} INFO - [2023-07-22T17:32:53.460-0500] {dagbag.py:541} INFO - Filling up the DagBag from /Users/abhishekpatkar/Documents/Projects/af_file_loader/venv/lib/python3.11/site-packages/airflow/example_dags/example_trigger_target_dag.py
[2023-07-22T17:32:53.600-0500] {processor.py:836} INFO - DAG(s) dict_keys(['example_trigger_target_dag']) retrieved from /Users/abhishekpatkar/Documents/Projects/af_file_loader/venv/lib/python3.11/site-packages/airflow/example_dags/example_trigger_target_dag.py
[2023-07-22T17:32:54.592-0500] {logging_mixin.py:150} INFO - [2023-07-22T17:32:54.589-0500] {dag.py:2742} INFO - Sync 1 DAGs
[2023-07-22T17:32:54.636-0500] {logging_mixin.py:150} INFO - [2023-07-22T17:32:54.636-0500] {dag.py:3504} INFO - Setting next_dagrun for example_trigger_target_dag to None, run_after=None
[2023-07-22T17:32:54.675-0500] {processor.py:179} INFO - Processing /Users/abhishekpatkar/Documents/Projects/af_file_loader/venv/lib/python3.11/site-packages/airflow/example_dags/example_trigger_target_dag.py took 1.221 seconds
[2023-07-22T17:34:48.814-0500] {processor.py:157} INFO - Started process (PID=23530) to work on /Users/abhishekpatkar/Documents/Projects/af_file_loader/venv/lib/python3.11/site-packages/airflow/example_dags/example_trigger_target_dag.py
[2023-07-22T17:34:48.818-0500] {processor.py:826} INFO - Processing file /Users/abhishekpatkar/Documents/Projects/af_file_loader/venv/lib/python3.11/site-packages/airflow/example_dags/example_trigger_target_dag.py for tasks to queue
[2023-07-22T17:34:48.819-0500] {logging_mixin.py:150} INFO - [2023-07-22T17:34:48.819-0500] {dagbag.py:541} INFO - Filling up the DagBag from /Users/abhishekpatkar/Documents/Projects/af_file_loader/venv/lib/python3.11/site-packages/airflow/example_dags/example_trigger_target_dag.py
[2023-07-22T17:34:48.910-0500] {processor.py:836} INFO - DAG(s) dict_keys(['example_trigger_target_dag']) retrieved from /Users/abhishekpatkar/Documents/Projects/af_file_loader/venv/lib/python3.11/site-packages/airflow/example_dags/example_trigger_target_dag.py
[2023-07-22T17:34:49.589-0500] {logging_mixin.py:150} INFO - [2023-07-22T17:34:49.589-0500] {dag.py:2742} INFO - Sync 1 DAGs
[2023-07-22T17:34:49.606-0500] {logging_mixin.py:150} INFO - [2023-07-22T17:34:49.606-0500] {dag.py:3504} INFO - Setting next_dagrun for example_trigger_target_dag to None, run_after=None
[2023-07-22T17:34:49.631-0500] {processor.py:179} INFO - Processing /Users/abhishekpatkar/Documents/Projects/af_file_loader/venv/lib/python3.11/site-packages/airflow/example_dags/example_trigger_target_dag.py took 0.818 seconds
[2023-07-22T17:37:43.899-0500] {processor.py:157} INFO - Started process (PID=23652) to work on /Users/abhishekpatkar/Documents/Projects/af_file_loader/venv/lib/python3.11/site-packages/airflow/example_dags/example_trigger_target_dag.py
[2023-07-22T17:37:43.903-0500] {processor.py:826} INFO - Processing file /Users/abhishekpatkar/Documents/Projects/af_file_loader/venv/lib/python3.11/site-packages/airflow/example_dags/example_trigger_target_dag.py for tasks to queue
[2023-07-22T17:37:43.904-0500] {logging_mixin.py:150} INFO - [2023-07-22T17:37:43.904-0500] {dagbag.py:541} INFO - Filling up the DagBag from /Users/abhishekpatkar/Documents/Projects/af_file_loader/venv/lib/python3.11/site-packages/airflow/example_dags/example_trigger_target_dag.py
[2023-07-22T17:37:43.995-0500] {processor.py:836} INFO - DAG(s) dict_keys(['example_trigger_target_dag']) retrieved from /Users/abhishekpatkar/Documents/Projects/af_file_loader/venv/lib/python3.11/site-packages/airflow/example_dags/example_trigger_target_dag.py
[2023-07-22T17:37:44.689-0500] {logging_mixin.py:150} INFO - [2023-07-22T17:37:44.688-0500] {dag.py:2742} INFO - Sync 1 DAGs
[2023-07-22T17:37:44.706-0500] {logging_mixin.py:150} INFO - [2023-07-22T17:37:44.706-0500] {dag.py:3504} INFO - Setting next_dagrun for example_trigger_target_dag to None, run_after=None
[2023-07-22T17:37:44.728-0500] {processor.py:179} INFO - Processing /Users/abhishekpatkar/Documents/Projects/af_file_loader/venv/lib/python3.11/site-packages/airflow/example_dags/example_trigger_target_dag.py took 0.830 seconds
[2023-07-22T17:43:18.877-0500] {processor.py:157} INFO - Started process (PID=23867) to work on /Users/abhishekpatkar/Documents/Projects/af_file_loader/venv/lib/python3.11/site-packages/airflow/example_dags/example_trigger_target_dag.py
[2023-07-22T17:43:18.882-0500] {processor.py:826} INFO - Processing file /Users/abhishekpatkar/Documents/Projects/af_file_loader/venv/lib/python3.11/site-packages/airflow/example_dags/example_trigger_target_dag.py for tasks to queue
[2023-07-22T17:43:18.883-0500] {logging_mixin.py:150} INFO - [2023-07-22T17:43:18.883-0500] {dagbag.py:541} INFO - Filling up the DagBag from /Users/abhishekpatkar/Documents/Projects/af_file_loader/venv/lib/python3.11/site-packages/airflow/example_dags/example_trigger_target_dag.py
[2023-07-22T17:43:19.061-0500] {processor.py:836} INFO - DAG(s) dict_keys(['example_trigger_target_dag']) retrieved from /Users/abhishekpatkar/Documents/Projects/af_file_loader/venv/lib/python3.11/site-packages/airflow/example_dags/example_trigger_target_dag.py
[2023-07-22T17:43:20.523-0500] {logging_mixin.py:150} INFO - [2023-07-22T17:43:20.522-0500] {dag.py:2742} INFO - Sync 1 DAGs
[2023-07-22T17:43:20.552-0500] {logging_mixin.py:150} INFO - [2023-07-22T17:43:20.552-0500] {dag.py:3504} INFO - Setting next_dagrun for example_trigger_target_dag to None, run_after=None
[2023-07-22T17:43:20.581-0500] {processor.py:179} INFO - Processing /Users/abhishekpatkar/Documents/Projects/af_file_loader/venv/lib/python3.11/site-packages/airflow/example_dags/example_trigger_target_dag.py took 1.705 seconds
[2023-07-22T17:51:25.179-0500] {processor.py:157} INFO - Started process (PID=24251) to work on /Users/abhishekpatkar/Documents/Projects/af_file_loader/venv/lib/python3.11/site-packages/airflow/example_dags/example_trigger_target_dag.py
[2023-07-22T17:51:25.200-0500] {processor.py:826} INFO - Processing file /Users/abhishekpatkar/Documents/Projects/af_file_loader/venv/lib/python3.11/site-packages/airflow/example_dags/example_trigger_target_dag.py for tasks to queue
[2023-07-22T17:51:25.202-0500] {logging_mixin.py:150} INFO - [2023-07-22T17:51:25.201-0500] {dagbag.py:541} INFO - Filling up the DagBag from /Users/abhishekpatkar/Documents/Projects/af_file_loader/venv/lib/python3.11/site-packages/airflow/example_dags/example_trigger_target_dag.py
[2023-07-22T17:51:25.346-0500] {processor.py:836} INFO - DAG(s) dict_keys(['example_trigger_target_dag']) retrieved from /Users/abhishekpatkar/Documents/Projects/af_file_loader/venv/lib/python3.11/site-packages/airflow/example_dags/example_trigger_target_dag.py
[2023-07-22T17:51:28.107-0500] {logging_mixin.py:150} INFO - [2023-07-22T17:51:28.107-0500] {dag.py:2742} INFO - Sync 1 DAGs
[2023-07-22T17:51:28.165-0500] {logging_mixin.py:150} INFO - [2023-07-22T17:51:28.165-0500] {dag.py:3504} INFO - Setting next_dagrun for example_trigger_target_dag to None, run_after=None
[2023-07-22T17:51:28.208-0500] {processor.py:179} INFO - Processing /Users/abhishekpatkar/Documents/Projects/af_file_loader/venv/lib/python3.11/site-packages/airflow/example_dags/example_trigger_target_dag.py took 3.031 seconds
[2023-07-22T17:56:40.898-0500] {processor.py:157} INFO - Started process (PID=24508) to work on /Users/abhishekpatkar/Documents/Projects/af_file_loader/venv/lib/python3.11/site-packages/airflow/example_dags/example_trigger_target_dag.py
[2023-07-22T17:56:40.910-0500] {processor.py:826} INFO - Processing file /Users/abhishekpatkar/Documents/Projects/af_file_loader/venv/lib/python3.11/site-packages/airflow/example_dags/example_trigger_target_dag.py for tasks to queue
[2023-07-22T17:56:40.910-0500] {logging_mixin.py:150} INFO - [2023-07-22T17:56:40.910-0500] {dagbag.py:541} INFO - Filling up the DagBag from /Users/abhishekpatkar/Documents/Projects/af_file_loader/venv/lib/python3.11/site-packages/airflow/example_dags/example_trigger_target_dag.py
[2023-07-22T17:56:41.108-0500] {processor.py:836} INFO - DAG(s) dict_keys(['example_trigger_target_dag']) retrieved from /Users/abhishekpatkar/Documents/Projects/af_file_loader/venv/lib/python3.11/site-packages/airflow/example_dags/example_trigger_target_dag.py
[2023-07-22T17:56:43.718-0500] {logging_mixin.py:150} INFO - [2023-07-22T17:56:43.717-0500] {dag.py:2742} INFO - Sync 1 DAGs
[2023-07-22T17:56:43.759-0500] {logging_mixin.py:150} INFO - [2023-07-22T17:56:43.759-0500] {dag.py:3504} INFO - Setting next_dagrun for example_trigger_target_dag to None, run_after=None
[2023-07-22T17:56:43.828-0500] {processor.py:179} INFO - Processing /Users/abhishekpatkar/Documents/Projects/af_file_loader/venv/lib/python3.11/site-packages/airflow/example_dags/example_trigger_target_dag.py took 2.931 seconds
[2023-07-22T18:00:55.526-0500] {processor.py:157} INFO - Started process (PID=24702) to work on /Users/abhishekpatkar/Documents/Projects/af_file_loader/venv/lib/python3.11/site-packages/airflow/example_dags/example_trigger_target_dag.py
[2023-07-22T18:00:55.531-0500] {processor.py:826} INFO - Processing file /Users/abhishekpatkar/Documents/Projects/af_file_loader/venv/lib/python3.11/site-packages/airflow/example_dags/example_trigger_target_dag.py for tasks to queue
[2023-07-22T18:00:55.531-0500] {logging_mixin.py:150} INFO - [2023-07-22T18:00:55.531-0500] {dagbag.py:541} INFO - Filling up the DagBag from /Users/abhishekpatkar/Documents/Projects/af_file_loader/venv/lib/python3.11/site-packages/airflow/example_dags/example_trigger_target_dag.py
[2023-07-22T18:00:55.622-0500] {processor.py:836} INFO - DAG(s) dict_keys(['example_trigger_target_dag']) retrieved from /Users/abhishekpatkar/Documents/Projects/af_file_loader/venv/lib/python3.11/site-packages/airflow/example_dags/example_trigger_target_dag.py
[2023-07-22T18:00:56.665-0500] {logging_mixin.py:150} INFO - [2023-07-22T18:00:56.665-0500] {dag.py:2742} INFO - Sync 1 DAGs
[2023-07-22T18:00:56.689-0500] {logging_mixin.py:150} INFO - [2023-07-22T18:00:56.689-0500] {dag.py:3504} INFO - Setting next_dagrun for example_trigger_target_dag to None, run_after=None
[2023-07-22T18:00:56.715-0500] {processor.py:179} INFO - Processing /Users/abhishekpatkar/Documents/Projects/af_file_loader/venv/lib/python3.11/site-packages/airflow/example_dags/example_trigger_target_dag.py took 1.189 seconds
[2023-07-22T18:04:59.485-0500] {processor.py:157} INFO - Started process (PID=24842) to work on /Users/abhishekpatkar/Documents/Projects/af_file_loader/venv/lib/python3.11/site-packages/airflow/example_dags/example_trigger_target_dag.py
[2023-07-22T18:04:59.490-0500] {processor.py:826} INFO - Processing file /Users/abhishekpatkar/Documents/Projects/af_file_loader/venv/lib/python3.11/site-packages/airflow/example_dags/example_trigger_target_dag.py for tasks to queue
[2023-07-22T18:04:59.490-0500] {logging_mixin.py:150} INFO - [2023-07-22T18:04:59.490-0500] {dagbag.py:541} INFO - Filling up the DagBag from /Users/abhishekpatkar/Documents/Projects/af_file_loader/venv/lib/python3.11/site-packages/airflow/example_dags/example_trigger_target_dag.py
[2023-07-22T18:04:59.577-0500] {processor.py:836} INFO - DAG(s) dict_keys(['example_trigger_target_dag']) retrieved from /Users/abhishekpatkar/Documents/Projects/af_file_loader/venv/lib/python3.11/site-packages/airflow/example_dags/example_trigger_target_dag.py
[2023-07-22T18:05:00.765-0500] {logging_mixin.py:150} INFO - [2023-07-22T18:05:00.765-0500] {dag.py:2742} INFO - Sync 1 DAGs
[2023-07-22T18:05:00.794-0500] {logging_mixin.py:150} INFO - [2023-07-22T18:05:00.793-0500] {dag.py:3504} INFO - Setting next_dagrun for example_trigger_target_dag to None, run_after=None
[2023-07-22T18:05:00.815-0500] {processor.py:179} INFO - Processing /Users/abhishekpatkar/Documents/Projects/af_file_loader/venv/lib/python3.11/site-packages/airflow/example_dags/example_trigger_target_dag.py took 1.331 seconds
[2023-07-22T18:07:58.083-0500] {processor.py:157} INFO - Started process (PID=24943) to work on /Users/abhishekpatkar/Documents/Projects/af_file_loader/venv/lib/python3.11/site-packages/airflow/example_dags/example_trigger_target_dag.py
[2023-07-22T18:07:58.092-0500] {processor.py:826} INFO - Processing file /Users/abhishekpatkar/Documents/Projects/af_file_loader/venv/lib/python3.11/site-packages/airflow/example_dags/example_trigger_target_dag.py for tasks to queue
[2023-07-22T18:07:58.093-0500] {logging_mixin.py:150} INFO - [2023-07-22T18:07:58.092-0500] {dagbag.py:541} INFO - Filling up the DagBag from /Users/abhishekpatkar/Documents/Projects/af_file_loader/venv/lib/python3.11/site-packages/airflow/example_dags/example_trigger_target_dag.py
[2023-07-22T18:07:58.437-0500] {processor.py:836} INFO - DAG(s) dict_keys(['example_trigger_target_dag']) retrieved from /Users/abhishekpatkar/Documents/Projects/af_file_loader/venv/lib/python3.11/site-packages/airflow/example_dags/example_trigger_target_dag.py
[2023-07-22T18:07:59.558-0500] {logging_mixin.py:150} INFO - [2023-07-22T18:07:59.557-0500] {dag.py:2742} INFO - Sync 1 DAGs
[2023-07-22T18:07:59.582-0500] {logging_mixin.py:150} INFO - [2023-07-22T18:07:59.582-0500] {dag.py:3504} INFO - Setting next_dagrun for example_trigger_target_dag to None, run_after=None
[2023-07-22T18:07:59.608-0500] {processor.py:179} INFO - Processing /Users/abhishekpatkar/Documents/Projects/af_file_loader/venv/lib/python3.11/site-packages/airflow/example_dags/example_trigger_target_dag.py took 1.526 seconds
