[2023-07-22T14:52:45.929-0500] {processor.py:157} INFO - Started process (PID=16703) to work on /Users/abhishekpatkar/Documents/Projects/af_file_loader/venv/lib/python3.11/site-packages/airflow/example_dags/example_branch_operator.py
[2023-07-22T14:52:45.934-0500] {processor.py:826} INFO - Processing file /Users/abhishekpatkar/Documents/Projects/af_file_loader/venv/lib/python3.11/site-packages/airflow/example_dags/example_branch_operator.py for tasks to queue
[2023-07-22T14:52:45.935-0500] {logging_mixin.py:150} INFO - [2023-07-22T14:52:45.935-0500] {dagbag.py:541} INFO - Filling up the DagBag from /Users/abhishekpatkar/Documents/Projects/af_file_loader/venv/lib/python3.11/site-packages/airflow/example_dags/example_branch_operator.py
[2023-07-22T14:52:46.054-0500] {processor.py:836} INFO - DAG(s) dict_keys(['example_branch_operator']) retrieved from /Users/abhishekpatkar/Documents/Projects/af_file_loader/venv/lib/python3.11/site-packages/airflow/example_dags/example_branch_operator.py
[2023-07-22T14:52:47.449-0500] {logging_mixin.py:150} INFO - [2023-07-22T14:52:47.449-0500] {manager.py:504} INFO - Created Permission View: can delete on DAG:example_branch_operator
[2023-07-22T14:52:47.465-0500] {logging_mixin.py:150} INFO - [2023-07-22T14:52:47.465-0500] {manager.py:504} INFO - Created Permission View: can read on DAG:example_branch_operator
[2023-07-22T14:52:47.475-0500] {logging_mixin.py:150} INFO - [2023-07-22T14:52:47.474-0500] {manager.py:504} INFO - Created Permission View: can edit on DAG:example_branch_operator
[2023-07-22T14:52:47.485-0500] {logging_mixin.py:150} INFO - [2023-07-22T14:52:47.485-0500] {dag.py:2742} INFO - Sync 1 DAGs
[2023-07-22T14:52:47.495-0500] {logging_mixin.py:150} INFO - [2023-07-22T14:52:47.495-0500] {dag.py:2763} INFO - Creating ORM DAG for example_branch_operator
[2023-07-22T14:52:47.506-0500] {logging_mixin.py:150} INFO - [2023-07-22T14:52:47.506-0500] {dag.py:3504} INFO - Setting next_dagrun for example_branch_operator to 2023-07-21T00:00:00+00:00, run_after=2023-07-22T00:00:00+00:00
[2023-07-22T14:52:47.527-0500] {processor.py:179} INFO - Processing /Users/abhishekpatkar/Documents/Projects/af_file_loader/venv/lib/python3.11/site-packages/airflow/example_dags/example_branch_operator.py took 1.600 seconds
[2023-07-22T14:58:10.494-0500] {processor.py:157} INFO - Started process (PID=17007) to work on /Users/abhishekpatkar/Documents/Projects/af_file_loader/venv/lib/python3.11/site-packages/airflow/example_dags/example_branch_operator.py
[2023-07-22T14:58:10.500-0500] {processor.py:826} INFO - Processing file /Users/abhishekpatkar/Documents/Projects/af_file_loader/venv/lib/python3.11/site-packages/airflow/example_dags/example_branch_operator.py for tasks to queue
[2023-07-22T14:58:10.500-0500] {logging_mixin.py:150} INFO - [2023-07-22T14:58:10.500-0500] {dagbag.py:541} INFO - Filling up the DagBag from /Users/abhishekpatkar/Documents/Projects/af_file_loader/venv/lib/python3.11/site-packages/airflow/example_dags/example_branch_operator.py
[2023-07-22T14:58:10.623-0500] {processor.py:836} INFO - DAG(s) dict_keys(['example_branch_operator']) retrieved from /Users/abhishekpatkar/Documents/Projects/af_file_loader/venv/lib/python3.11/site-packages/airflow/example_dags/example_branch_operator.py
[2023-07-22T14:58:11.486-0500] {logging_mixin.py:150} INFO - [2023-07-22T14:58:11.486-0500] {dag.py:2742} INFO - Sync 1 DAGs
[2023-07-22T14:58:11.523-0500] {logging_mixin.py:150} INFO - [2023-07-22T14:58:11.522-0500] {dag.py:3504} INFO - Setting next_dagrun for example_branch_operator to 2023-07-21T00:00:00+00:00, run_after=2023-07-22T00:00:00+00:00
[2023-07-22T14:58:11.550-0500] {processor.py:179} INFO - Processing /Users/abhishekpatkar/Documents/Projects/af_file_loader/venv/lib/python3.11/site-packages/airflow/example_dags/example_branch_operator.py took 1.057 seconds
[2023-07-22T15:02:53.892-0500] {processor.py:157} INFO - Started process (PID=17300) to work on /Users/abhishekpatkar/Documents/Projects/af_file_loader/venv/lib/python3.11/site-packages/airflow/example_dags/example_branch_operator.py
[2023-07-22T15:02:53.896-0500] {processor.py:826} INFO - Processing file /Users/abhishekpatkar/Documents/Projects/af_file_loader/venv/lib/python3.11/site-packages/airflow/example_dags/example_branch_operator.py for tasks to queue
[2023-07-22T15:02:53.897-0500] {logging_mixin.py:150} INFO - [2023-07-22T15:02:53.897-0500] {dagbag.py:541} INFO - Filling up the DagBag from /Users/abhishekpatkar/Documents/Projects/af_file_loader/venv/lib/python3.11/site-packages/airflow/example_dags/example_branch_operator.py
[2023-07-22T15:02:53.964-0500] {processor.py:836} INFO - DAG(s) dict_keys(['example_branch_operator']) retrieved from /Users/abhishekpatkar/Documents/Projects/af_file_loader/venv/lib/python3.11/site-packages/airflow/example_dags/example_branch_operator.py
[2023-07-22T15:02:54.813-0500] {logging_mixin.py:150} INFO - [2023-07-22T15:02:54.812-0500] {dag.py:2742} INFO - Sync 1 DAGs
[2023-07-22T15:02:54.848-0500] {logging_mixin.py:150} INFO - [2023-07-22T15:02:54.848-0500] {dag.py:3504} INFO - Setting next_dagrun for example_branch_operator to 2023-07-21T00:00:00+00:00, run_after=2023-07-22T00:00:00+00:00
[2023-07-22T15:02:54.883-0500] {processor.py:179} INFO - Processing /Users/abhishekpatkar/Documents/Projects/af_file_loader/venv/lib/python3.11/site-packages/airflow/example_dags/example_branch_operator.py took 0.992 seconds
[2023-07-22T15:11:35.741-0500] {processor.py:157} INFO - Started process (PID=17835) to work on /Users/abhishekpatkar/Documents/Projects/af_file_loader/venv/lib/python3.11/site-packages/airflow/example_dags/example_branch_operator.py
[2023-07-22T15:11:35.744-0500] {processor.py:826} INFO - Processing file /Users/abhishekpatkar/Documents/Projects/af_file_loader/venv/lib/python3.11/site-packages/airflow/example_dags/example_branch_operator.py for tasks to queue
[2023-07-22T15:11:35.745-0500] {logging_mixin.py:150} INFO - [2023-07-22T15:11:35.745-0500] {dagbag.py:541} INFO - Filling up the DagBag from /Users/abhishekpatkar/Documents/Projects/af_file_loader/venv/lib/python3.11/site-packages/airflow/example_dags/example_branch_operator.py
[2023-07-22T15:11:35.820-0500] {processor.py:836} INFO - DAG(s) dict_keys(['example_branch_operator']) retrieved from /Users/abhishekpatkar/Documents/Projects/af_file_loader/venv/lib/python3.11/site-packages/airflow/example_dags/example_branch_operator.py
[2023-07-22T15:11:36.990-0500] {logging_mixin.py:150} INFO - [2023-07-22T15:11:36.989-0500] {dag.py:2742} INFO - Sync 1 DAGs
[2023-07-22T15:11:37.055-0500] {logging_mixin.py:150} INFO - [2023-07-22T15:11:37.055-0500] {dag.py:3504} INFO - Setting next_dagrun for example_branch_operator to 2023-07-21T00:00:00+00:00, run_after=2023-07-22T00:00:00+00:00
[2023-07-22T15:11:37.109-0500] {processor.py:179} INFO - Processing /Users/abhishekpatkar/Documents/Projects/af_file_loader/venv/lib/python3.11/site-packages/airflow/example_dags/example_branch_operator.py took 1.369 seconds
[2023-07-22T15:17:05.340-0500] {processor.py:157} INFO - Started process (PID=18026) to work on /Users/abhishekpatkar/Documents/Projects/af_file_loader/venv/lib/python3.11/site-packages/airflow/example_dags/example_branch_operator.py
[2023-07-22T15:17:05.347-0500] {processor.py:826} INFO - Processing file /Users/abhishekpatkar/Documents/Projects/af_file_loader/venv/lib/python3.11/site-packages/airflow/example_dags/example_branch_operator.py for tasks to queue
[2023-07-22T15:17:05.349-0500] {logging_mixin.py:150} INFO - [2023-07-22T15:17:05.349-0500] {dagbag.py:541} INFO - Filling up the DagBag from /Users/abhishekpatkar/Documents/Projects/af_file_loader/venv/lib/python3.11/site-packages/airflow/example_dags/example_branch_operator.py
[2023-07-22T15:17:05.503-0500] {processor.py:836} INFO - DAG(s) dict_keys(['example_branch_operator']) retrieved from /Users/abhishekpatkar/Documents/Projects/af_file_loader/venv/lib/python3.11/site-packages/airflow/example_dags/example_branch_operator.py
[2023-07-22T15:17:06.638-0500] {logging_mixin.py:150} INFO - [2023-07-22T15:17:06.638-0500] {dag.py:2742} INFO - Sync 1 DAGs
[2023-07-22T15:17:06.668-0500] {logging_mixin.py:150} INFO - [2023-07-22T15:17:06.667-0500] {dag.py:3504} INFO - Setting next_dagrun for example_branch_operator to 2023-07-21T00:00:00+00:00, run_after=2023-07-22T00:00:00+00:00
[2023-07-22T15:17:06.696-0500] {processor.py:179} INFO - Processing /Users/abhishekpatkar/Documents/Projects/af_file_loader/venv/lib/python3.11/site-packages/airflow/example_dags/example_branch_operator.py took 1.360 seconds
[2023-07-22T15:22:31.703-0500] {processor.py:157} INFO - Started process (PID=18222) to work on /Users/abhishekpatkar/Documents/Projects/af_file_loader/venv/lib/python3.11/site-packages/airflow/example_dags/example_branch_operator.py
[2023-07-22T15:22:31.707-0500] {processor.py:826} INFO - Processing file /Users/abhishekpatkar/Documents/Projects/af_file_loader/venv/lib/python3.11/site-packages/airflow/example_dags/example_branch_operator.py for tasks to queue
[2023-07-22T15:22:31.708-0500] {logging_mixin.py:150} INFO - [2023-07-22T15:22:31.708-0500] {dagbag.py:541} INFO - Filling up the DagBag from /Users/abhishekpatkar/Documents/Projects/af_file_loader/venv/lib/python3.11/site-packages/airflow/example_dags/example_branch_operator.py
[2023-07-22T15:22:31.786-0500] {processor.py:836} INFO - DAG(s) dict_keys(['example_branch_operator']) retrieved from /Users/abhishekpatkar/Documents/Projects/af_file_loader/venv/lib/python3.11/site-packages/airflow/example_dags/example_branch_operator.py
[2023-07-22T15:22:32.535-0500] {logging_mixin.py:150} INFO - [2023-07-22T15:22:32.534-0500] {dag.py:2742} INFO - Sync 1 DAGs
[2023-07-22T15:22:32.559-0500] {logging_mixin.py:150} INFO - [2023-07-22T15:22:32.559-0500] {dag.py:3504} INFO - Setting next_dagrun for example_branch_operator to 2023-07-21T00:00:00+00:00, run_after=2023-07-22T00:00:00+00:00
[2023-07-22T15:22:32.579-0500] {processor.py:179} INFO - Processing /Users/abhishekpatkar/Documents/Projects/af_file_loader/venv/lib/python3.11/site-packages/airflow/example_dags/example_branch_operator.py took 0.877 seconds
[2023-07-22T15:27:53.978-0500] {processor.py:157} INFO - Started process (PID=18591) to work on /Users/abhishekpatkar/Documents/Projects/af_file_loader/venv/lib/python3.11/site-packages/airflow/example_dags/example_branch_operator.py
[2023-07-22T15:27:53.988-0500] {processor.py:826} INFO - Processing file /Users/abhishekpatkar/Documents/Projects/af_file_loader/venv/lib/python3.11/site-packages/airflow/example_dags/example_branch_operator.py for tasks to queue
[2023-07-22T15:27:53.989-0500] {logging_mixin.py:150} INFO - [2023-07-22T15:27:53.989-0500] {dagbag.py:541} INFO - Filling up the DagBag from /Users/abhishekpatkar/Documents/Projects/af_file_loader/venv/lib/python3.11/site-packages/airflow/example_dags/example_branch_operator.py
[2023-07-22T15:27:54.093-0500] {processor.py:836} INFO - DAG(s) dict_keys(['example_branch_operator']) retrieved from /Users/abhishekpatkar/Documents/Projects/af_file_loader/venv/lib/python3.11/site-packages/airflow/example_dags/example_branch_operator.py
[2023-07-22T15:27:55.614-0500] {logging_mixin.py:150} INFO - [2023-07-22T15:27:55.613-0500] {dag.py:2742} INFO - Sync 1 DAGs
[2023-07-22T15:27:55.645-0500] {logging_mixin.py:150} INFO - [2023-07-22T15:27:55.645-0500] {dag.py:3504} INFO - Setting next_dagrun for example_branch_operator to 2023-07-21T00:00:00+00:00, run_after=2023-07-22T00:00:00+00:00
[2023-07-22T15:27:55.736-0500] {processor.py:179} INFO - Processing /Users/abhishekpatkar/Documents/Projects/af_file_loader/venv/lib/python3.11/site-packages/airflow/example_dags/example_branch_operator.py took 1.759 seconds
[2023-07-22T15:33:10.491-0500] {processor.py:157} INFO - Started process (PID=18865) to work on /Users/abhishekpatkar/Documents/Projects/af_file_loader/venv/lib/python3.11/site-packages/airflow/example_dags/example_branch_operator.py
[2023-07-22T15:33:10.495-0500] {processor.py:826} INFO - Processing file /Users/abhishekpatkar/Documents/Projects/af_file_loader/venv/lib/python3.11/site-packages/airflow/example_dags/example_branch_operator.py for tasks to queue
[2023-07-22T15:33:10.496-0500] {logging_mixin.py:150} INFO - [2023-07-22T15:33:10.496-0500] {dagbag.py:541} INFO - Filling up the DagBag from /Users/abhishekpatkar/Documents/Projects/af_file_loader/venv/lib/python3.11/site-packages/airflow/example_dags/example_branch_operator.py
[2023-07-22T15:33:10.563-0500] {processor.py:836} INFO - DAG(s) dict_keys(['example_branch_operator']) retrieved from /Users/abhishekpatkar/Documents/Projects/af_file_loader/venv/lib/python3.11/site-packages/airflow/example_dags/example_branch_operator.py
[2023-07-22T15:33:11.169-0500] {logging_mixin.py:150} INFO - [2023-07-22T15:33:11.169-0500] {dag.py:2742} INFO - Sync 1 DAGs
[2023-07-22T15:33:11.187-0500] {logging_mixin.py:150} INFO - [2023-07-22T15:33:11.187-0500] {dag.py:3504} INFO - Setting next_dagrun for example_branch_operator to 2023-07-21T00:00:00+00:00, run_after=2023-07-22T00:00:00+00:00
[2023-07-22T15:33:11.207-0500] {processor.py:179} INFO - Processing /Users/abhishekpatkar/Documents/Projects/af_file_loader/venv/lib/python3.11/site-packages/airflow/example_dags/example_branch_operator.py took 0.717 seconds
[2023-07-22T15:36:54.168-0500] {processor.py:157} INFO - Started process (PID=19183) to work on /Users/abhishekpatkar/Documents/Projects/af_file_loader/venv/lib/python3.11/site-packages/airflow/example_dags/example_branch_operator.py
[2023-07-22T15:36:54.175-0500] {processor.py:826} INFO - Processing file /Users/abhishekpatkar/Documents/Projects/af_file_loader/venv/lib/python3.11/site-packages/airflow/example_dags/example_branch_operator.py for tasks to queue
[2023-07-22T15:36:54.176-0500] {logging_mixin.py:150} INFO - [2023-07-22T15:36:54.176-0500] {dagbag.py:541} INFO - Filling up the DagBag from /Users/abhishekpatkar/Documents/Projects/af_file_loader/venv/lib/python3.11/site-packages/airflow/example_dags/example_branch_operator.py
[2023-07-22T15:36:54.254-0500] {processor.py:836} INFO - DAG(s) dict_keys(['example_branch_operator']) retrieved from /Users/abhishekpatkar/Documents/Projects/af_file_loader/venv/lib/python3.11/site-packages/airflow/example_dags/example_branch_operator.py
[2023-07-22T15:36:55.043-0500] {logging_mixin.py:150} INFO - [2023-07-22T15:36:55.042-0500] {dag.py:2742} INFO - Sync 1 DAGs
[2023-07-22T15:36:55.252-0500] {logging_mixin.py:150} INFO - [2023-07-22T15:36:55.252-0500] {dag.py:3504} INFO - Setting next_dagrun for example_branch_operator to 2023-07-21T00:00:00+00:00, run_after=2023-07-22T00:00:00+00:00
[2023-07-22T15:36:55.298-0500] {processor.py:179} INFO - Processing /Users/abhishekpatkar/Documents/Projects/af_file_loader/venv/lib/python3.11/site-packages/airflow/example_dags/example_branch_operator.py took 1.131 seconds
[2023-07-22T15:51:15.647-0500] {processor.py:157} INFO - Started process (PID=19706) to work on /Users/abhishekpatkar/Documents/Projects/af_file_loader/venv/lib/python3.11/site-packages/airflow/example_dags/example_branch_operator.py
[2023-07-22T15:51:15.658-0500] {processor.py:826} INFO - Processing file /Users/abhishekpatkar/Documents/Projects/af_file_loader/venv/lib/python3.11/site-packages/airflow/example_dags/example_branch_operator.py for tasks to queue
[2023-07-22T15:51:15.659-0500] {logging_mixin.py:150} INFO - [2023-07-22T15:51:15.658-0500] {dagbag.py:541} INFO - Filling up the DagBag from /Users/abhishekpatkar/Documents/Projects/af_file_loader/venv/lib/python3.11/site-packages/airflow/example_dags/example_branch_operator.py
[2023-07-22T15:51:15.799-0500] {processor.py:836} INFO - DAG(s) dict_keys(['example_branch_operator']) retrieved from /Users/abhishekpatkar/Documents/Projects/af_file_loader/venv/lib/python3.11/site-packages/airflow/example_dags/example_branch_operator.py
[2023-07-22T15:51:16.769-0500] {logging_mixin.py:150} INFO - [2023-07-22T15:51:16.768-0500] {dag.py:2742} INFO - Sync 1 DAGs
[2023-07-22T15:51:16.793-0500] {logging_mixin.py:150} INFO - [2023-07-22T15:51:16.792-0500] {dag.py:3504} INFO - Setting next_dagrun for example_branch_operator to 2023-07-21T00:00:00+00:00, run_after=2023-07-22T00:00:00+00:00
[2023-07-22T15:51:16.842-0500] {processor.py:179} INFO - Processing /Users/abhishekpatkar/Documents/Projects/af_file_loader/venv/lib/python3.11/site-packages/airflow/example_dags/example_branch_operator.py took 1.199 seconds
[2023-07-22T15:56:34.807-0500] {processor.py:157} INFO - Started process (PID=20116) to work on /Users/abhishekpatkar/Documents/Projects/af_file_loader/venv/lib/python3.11/site-packages/airflow/example_dags/example_branch_operator.py
[2023-07-22T15:56:34.816-0500] {processor.py:826} INFO - Processing file /Users/abhishekpatkar/Documents/Projects/af_file_loader/venv/lib/python3.11/site-packages/airflow/example_dags/example_branch_operator.py for tasks to queue
[2023-07-22T15:56:34.817-0500] {logging_mixin.py:150} INFO - [2023-07-22T15:56:34.817-0500] {dagbag.py:541} INFO - Filling up the DagBag from /Users/abhishekpatkar/Documents/Projects/af_file_loader/venv/lib/python3.11/site-packages/airflow/example_dags/example_branch_operator.py
[2023-07-22T15:56:34.953-0500] {processor.py:836} INFO - DAG(s) dict_keys(['example_branch_operator']) retrieved from /Users/abhishekpatkar/Documents/Projects/af_file_loader/venv/lib/python3.11/site-packages/airflow/example_dags/example_branch_operator.py
[2023-07-22T15:56:35.936-0500] {logging_mixin.py:150} INFO - [2023-07-22T15:56:35.936-0500] {dag.py:2742} INFO - Sync 1 DAGs
[2023-07-22T15:56:35.960-0500] {logging_mixin.py:150} INFO - [2023-07-22T15:56:35.960-0500] {dag.py:3504} INFO - Setting next_dagrun for example_branch_operator to 2023-07-21T00:00:00+00:00, run_after=2023-07-22T00:00:00+00:00
[2023-07-22T15:56:35.983-0500] {processor.py:179} INFO - Processing /Users/abhishekpatkar/Documents/Projects/af_file_loader/venv/lib/python3.11/site-packages/airflow/example_dags/example_branch_operator.py took 1.177 seconds
[2023-07-22T16:01:36.294-0500] {processor.py:157} INFO - Started process (PID=20356) to work on /Users/abhishekpatkar/Documents/Projects/af_file_loader/venv/lib/python3.11/site-packages/airflow/example_dags/example_branch_operator.py
[2023-07-22T16:01:36.299-0500] {processor.py:826} INFO - Processing file /Users/abhishekpatkar/Documents/Projects/af_file_loader/venv/lib/python3.11/site-packages/airflow/example_dags/example_branch_operator.py for tasks to queue
[2023-07-22T16:01:36.299-0500] {logging_mixin.py:150} INFO - [2023-07-22T16:01:36.299-0500] {dagbag.py:541} INFO - Filling up the DagBag from /Users/abhishekpatkar/Documents/Projects/af_file_loader/venv/lib/python3.11/site-packages/airflow/example_dags/example_branch_operator.py
[2023-07-22T16:01:36.387-0500] {processor.py:836} INFO - DAG(s) dict_keys(['example_branch_operator']) retrieved from /Users/abhishekpatkar/Documents/Projects/af_file_loader/venv/lib/python3.11/site-packages/airflow/example_dags/example_branch_operator.py
[2023-07-22T16:01:37.271-0500] {logging_mixin.py:150} INFO - [2023-07-22T16:01:37.270-0500] {dag.py:2742} INFO - Sync 1 DAGs
[2023-07-22T16:01:37.290-0500] {logging_mixin.py:150} INFO - [2023-07-22T16:01:37.290-0500] {dag.py:3504} INFO - Setting next_dagrun for example_branch_operator to 2023-07-21T00:00:00+00:00, run_after=2023-07-22T00:00:00+00:00
[2023-07-22T16:01:37.325-0500] {processor.py:179} INFO - Processing /Users/abhishekpatkar/Documents/Projects/af_file_loader/venv/lib/python3.11/site-packages/airflow/example_dags/example_branch_operator.py took 1.033 seconds
[2023-07-22T16:05:28.197-0500] {processor.py:157} INFO - Started process (PID=20515) to work on /Users/abhishekpatkar/Documents/Projects/af_file_loader/venv/lib/python3.11/site-packages/airflow/example_dags/example_branch_operator.py
[2023-07-22T16:05:28.202-0500] {processor.py:826} INFO - Processing file /Users/abhishekpatkar/Documents/Projects/af_file_loader/venv/lib/python3.11/site-packages/airflow/example_dags/example_branch_operator.py for tasks to queue
[2023-07-22T16:05:28.202-0500] {logging_mixin.py:150} INFO - [2023-07-22T16:05:28.202-0500] {dagbag.py:541} INFO - Filling up the DagBag from /Users/abhishekpatkar/Documents/Projects/af_file_loader/venv/lib/python3.11/site-packages/airflow/example_dags/example_branch_operator.py
[2023-07-22T16:05:28.269-0500] {processor.py:836} INFO - DAG(s) dict_keys(['example_branch_operator']) retrieved from /Users/abhishekpatkar/Documents/Projects/af_file_loader/venv/lib/python3.11/site-packages/airflow/example_dags/example_branch_operator.py
[2023-07-22T16:05:28.856-0500] {logging_mixin.py:150} INFO - [2023-07-22T16:05:28.855-0500] {dag.py:2742} INFO - Sync 1 DAGs
[2023-07-22T16:05:28.872-0500] {logging_mixin.py:150} INFO - [2023-07-22T16:05:28.872-0500] {dag.py:3504} INFO - Setting next_dagrun for example_branch_operator to 2023-07-21T00:00:00+00:00, run_after=2023-07-22T00:00:00+00:00
[2023-07-22T16:05:28.892-0500] {processor.py:179} INFO - Processing /Users/abhishekpatkar/Documents/Projects/af_file_loader/venv/lib/python3.11/site-packages/airflow/example_dags/example_branch_operator.py took 0.695 seconds
[2023-07-22T16:09:08.998-0500] {processor.py:157} INFO - Started process (PID=20681) to work on /Users/abhishekpatkar/Documents/Projects/af_file_loader/venv/lib/python3.11/site-packages/airflow/example_dags/example_branch_operator.py
[2023-07-22T16:09:09.003-0500] {processor.py:826} INFO - Processing file /Users/abhishekpatkar/Documents/Projects/af_file_loader/venv/lib/python3.11/site-packages/airflow/example_dags/example_branch_operator.py for tasks to queue
[2023-07-22T16:09:09.003-0500] {logging_mixin.py:150} INFO - [2023-07-22T16:09:09.003-0500] {dagbag.py:541} INFO - Filling up the DagBag from /Users/abhishekpatkar/Documents/Projects/af_file_loader/venv/lib/python3.11/site-packages/airflow/example_dags/example_branch_operator.py
[2023-07-22T16:09:09.071-0500] {processor.py:836} INFO - DAG(s) dict_keys(['example_branch_operator']) retrieved from /Users/abhishekpatkar/Documents/Projects/af_file_loader/venv/lib/python3.11/site-packages/airflow/example_dags/example_branch_operator.py
[2023-07-22T16:09:09.655-0500] {logging_mixin.py:150} INFO - [2023-07-22T16:09:09.654-0500] {dag.py:2742} INFO - Sync 1 DAGs
[2023-07-22T16:09:09.671-0500] {logging_mixin.py:150} INFO - [2023-07-22T16:09:09.671-0500] {dag.py:3504} INFO - Setting next_dagrun for example_branch_operator to 2023-07-21T00:00:00+00:00, run_after=2023-07-22T00:00:00+00:00
[2023-07-22T16:09:09.690-0500] {processor.py:179} INFO - Processing /Users/abhishekpatkar/Documents/Projects/af_file_loader/venv/lib/python3.11/site-packages/airflow/example_dags/example_branch_operator.py took 0.693 seconds
[2023-07-22T16:24:46.191-0500] {processor.py:157} INFO - Started process (PID=20899) to work on /Users/abhishekpatkar/Documents/Projects/af_file_loader/venv/lib/python3.11/site-packages/airflow/example_dags/example_branch_operator.py
[2023-07-22T16:24:46.195-0500] {processor.py:826} INFO - Processing file /Users/abhishekpatkar/Documents/Projects/af_file_loader/venv/lib/python3.11/site-packages/airflow/example_dags/example_branch_operator.py for tasks to queue
[2023-07-22T16:24:46.195-0500] {logging_mixin.py:150} INFO - [2023-07-22T16:24:46.195-0500] {dagbag.py:541} INFO - Filling up the DagBag from /Users/abhishekpatkar/Documents/Projects/af_file_loader/venv/lib/python3.11/site-packages/airflow/example_dags/example_branch_operator.py
[2023-07-22T16:24:46.262-0500] {processor.py:836} INFO - DAG(s) dict_keys(['example_branch_operator']) retrieved from /Users/abhishekpatkar/Documents/Projects/af_file_loader/venv/lib/python3.11/site-packages/airflow/example_dags/example_branch_operator.py
[2023-07-22T16:24:47.125-0500] {logging_mixin.py:150} INFO - [2023-07-22T16:24:47.124-0500] {dag.py:2742} INFO - Sync 1 DAGs
[2023-07-22T16:24:47.144-0500] {logging_mixin.py:150} INFO - [2023-07-22T16:24:47.143-0500] {dag.py:3504} INFO - Setting next_dagrun for example_branch_operator to 2023-07-21T00:00:00+00:00, run_after=2023-07-22T00:00:00+00:00
[2023-07-22T16:24:47.165-0500] {processor.py:179} INFO - Processing /Users/abhishekpatkar/Documents/Projects/af_file_loader/venv/lib/python3.11/site-packages/airflow/example_dags/example_branch_operator.py took 0.974 seconds
[2023-07-22T16:31:39.434-0500] {processor.py:157} INFO - Started process (PID=21147) to work on /Users/abhishekpatkar/Documents/Projects/af_file_loader/venv/lib/python3.11/site-packages/airflow/example_dags/example_branch_operator.py
[2023-07-22T16:31:39.450-0500] {processor.py:826} INFO - Processing file /Users/abhishekpatkar/Documents/Projects/af_file_loader/venv/lib/python3.11/site-packages/airflow/example_dags/example_branch_operator.py for tasks to queue
[2023-07-22T16:31:39.451-0500] {logging_mixin.py:150} INFO - [2023-07-22T16:31:39.450-0500] {dagbag.py:541} INFO - Filling up the DagBag from /Users/abhishekpatkar/Documents/Projects/af_file_loader/venv/lib/python3.11/site-packages/airflow/example_dags/example_branch_operator.py
[2023-07-22T16:31:39.573-0500] {processor.py:836} INFO - DAG(s) dict_keys(['example_branch_operator']) retrieved from /Users/abhishekpatkar/Documents/Projects/af_file_loader/venv/lib/python3.11/site-packages/airflow/example_dags/example_branch_operator.py
[2023-07-22T16:31:40.549-0500] {logging_mixin.py:150} INFO - [2023-07-22T16:31:40.549-0500] {dag.py:2742} INFO - Sync 1 DAGs
[2023-07-22T16:31:40.585-0500] {logging_mixin.py:150} INFO - [2023-07-22T16:31:40.585-0500] {dag.py:3504} INFO - Setting next_dagrun for example_branch_operator to 2023-07-21T00:00:00+00:00, run_after=2023-07-22T00:00:00+00:00
[2023-07-22T16:31:40.648-0500] {processor.py:179} INFO - Processing /Users/abhishekpatkar/Documents/Projects/af_file_loader/venv/lib/python3.11/site-packages/airflow/example_dags/example_branch_operator.py took 1.215 seconds
[2023-07-22T16:39:18.784-0500] {processor.py:157} INFO - Started process (PID=21393) to work on /Users/abhishekpatkar/Documents/Projects/af_file_loader/venv/lib/python3.11/site-packages/airflow/example_dags/example_branch_operator.py
[2023-07-22T16:39:18.803-0500] {processor.py:826} INFO - Processing file /Users/abhishekpatkar/Documents/Projects/af_file_loader/venv/lib/python3.11/site-packages/airflow/example_dags/example_branch_operator.py for tasks to queue
[2023-07-22T16:39:18.822-0500] {logging_mixin.py:150} INFO - [2023-07-22T16:39:18.817-0500] {dagbag.py:541} INFO - Filling up the DagBag from /Users/abhishekpatkar/Documents/Projects/af_file_loader/venv/lib/python3.11/site-packages/airflow/example_dags/example_branch_operator.py
[2023-07-22T16:39:19.250-0500] {processor.py:836} INFO - DAG(s) dict_keys(['example_branch_operator']) retrieved from /Users/abhishekpatkar/Documents/Projects/af_file_loader/venv/lib/python3.11/site-packages/airflow/example_dags/example_branch_operator.py
[2023-07-22T16:39:27.207-0500] {logging_mixin.py:150} INFO - [2023-07-22T16:39:27.202-0500] {dag.py:2742} INFO - Sync 1 DAGs
[2023-07-22T16:39:27.619-0500] {logging_mixin.py:150} INFO - [2023-07-22T16:39:27.618-0500] {dag.py:3504} INFO - Setting next_dagrun for example_branch_operator to 2023-07-21T00:00:00+00:00, run_after=2023-07-22T00:00:00+00:00
[2023-07-22T16:39:27.858-0500] {processor.py:179} INFO - Processing /Users/abhishekpatkar/Documents/Projects/af_file_loader/venv/lib/python3.11/site-packages/airflow/example_dags/example_branch_operator.py took 9.076 seconds
[2023-07-22T16:44:21.200-0500] {processor.py:157} INFO - Started process (PID=21591) to work on /Users/abhishekpatkar/Documents/Projects/af_file_loader/venv/lib/python3.11/site-packages/airflow/example_dags/example_branch_operator.py
[2023-07-22T16:44:21.206-0500] {processor.py:826} INFO - Processing file /Users/abhishekpatkar/Documents/Projects/af_file_loader/venv/lib/python3.11/site-packages/airflow/example_dags/example_branch_operator.py for tasks to queue
[2023-07-22T16:44:21.207-0500] {logging_mixin.py:150} INFO - [2023-07-22T16:44:21.207-0500] {dagbag.py:541} INFO - Filling up the DagBag from /Users/abhishekpatkar/Documents/Projects/af_file_loader/venv/lib/python3.11/site-packages/airflow/example_dags/example_branch_operator.py
[2023-07-22T16:44:21.319-0500] {processor.py:836} INFO - DAG(s) dict_keys(['example_branch_operator']) retrieved from /Users/abhishekpatkar/Documents/Projects/af_file_loader/venv/lib/python3.11/site-packages/airflow/example_dags/example_branch_operator.py
[2023-07-22T16:44:22.635-0500] {logging_mixin.py:150} INFO - [2023-07-22T16:44:22.634-0500] {dag.py:2742} INFO - Sync 1 DAGs
[2023-07-22T16:44:22.670-0500] {logging_mixin.py:150} INFO - [2023-07-22T16:44:22.670-0500] {dag.py:3504} INFO - Setting next_dagrun for example_branch_operator to 2023-07-21T00:00:00+00:00, run_after=2023-07-22T00:00:00+00:00
[2023-07-22T16:44:22.712-0500] {processor.py:179} INFO - Processing /Users/abhishekpatkar/Documents/Projects/af_file_loader/venv/lib/python3.11/site-packages/airflow/example_dags/example_branch_operator.py took 1.513 seconds
[2023-07-22T16:51:44.692-0500] {processor.py:157} INFO - Started process (PID=21814) to work on /Users/abhishekpatkar/Documents/Projects/af_file_loader/venv/lib/python3.11/site-packages/airflow/example_dags/example_branch_operator.py
[2023-07-22T16:51:44.703-0500] {processor.py:826} INFO - Processing file /Users/abhishekpatkar/Documents/Projects/af_file_loader/venv/lib/python3.11/site-packages/airflow/example_dags/example_branch_operator.py for tasks to queue
[2023-07-22T16:51:44.704-0500] {logging_mixin.py:150} INFO - [2023-07-22T16:51:44.704-0500] {dagbag.py:541} INFO - Filling up the DagBag from /Users/abhishekpatkar/Documents/Projects/af_file_loader/venv/lib/python3.11/site-packages/airflow/example_dags/example_branch_operator.py
[2023-07-22T16:51:44.891-0500] {processor.py:836} INFO - DAG(s) dict_keys(['example_branch_operator']) retrieved from /Users/abhishekpatkar/Documents/Projects/af_file_loader/venv/lib/python3.11/site-packages/airflow/example_dags/example_branch_operator.py
[2023-07-22T16:51:46.524-0500] {logging_mixin.py:150} INFO - [2023-07-22T16:51:46.523-0500] {dag.py:2742} INFO - Sync 1 DAGs
[2023-07-22T16:51:46.564-0500] {logging_mixin.py:150} INFO - [2023-07-22T16:51:46.564-0500] {dag.py:3504} INFO - Setting next_dagrun for example_branch_operator to 2023-07-21T00:00:00+00:00, run_after=2023-07-22T00:00:00+00:00
[2023-07-22T16:51:46.638-0500] {processor.py:179} INFO - Processing /Users/abhishekpatkar/Documents/Projects/af_file_loader/venv/lib/python3.11/site-packages/airflow/example_dags/example_branch_operator.py took 1.947 seconds
[2023-07-22T16:58:16.373-0500] {processor.py:157} INFO - Started process (PID=22034) to work on /Users/abhishekpatkar/Documents/Projects/af_file_loader/venv/lib/python3.11/site-packages/airflow/example_dags/example_branch_operator.py
[2023-07-22T16:58:16.380-0500] {processor.py:826} INFO - Processing file /Users/abhishekpatkar/Documents/Projects/af_file_loader/venv/lib/python3.11/site-packages/airflow/example_dags/example_branch_operator.py for tasks to queue
[2023-07-22T16:58:16.383-0500] {logging_mixin.py:150} INFO - [2023-07-22T16:58:16.382-0500] {dagbag.py:541} INFO - Filling up the DagBag from /Users/abhishekpatkar/Documents/Projects/af_file_loader/venv/lib/python3.11/site-packages/airflow/example_dags/example_branch_operator.py
[2023-07-22T16:58:16.504-0500] {processor.py:836} INFO - DAG(s) dict_keys(['example_branch_operator']) retrieved from /Users/abhishekpatkar/Documents/Projects/af_file_loader/venv/lib/python3.11/site-packages/airflow/example_dags/example_branch_operator.py
[2023-07-22T16:58:17.693-0500] {logging_mixin.py:150} INFO - [2023-07-22T16:58:17.693-0500] {dag.py:2742} INFO - Sync 1 DAGs
[2023-07-22T16:58:17.721-0500] {logging_mixin.py:150} INFO - [2023-07-22T16:58:17.721-0500] {dag.py:3504} INFO - Setting next_dagrun for example_branch_operator to 2023-07-21T00:00:00+00:00, run_after=2023-07-22T00:00:00+00:00
[2023-07-22T16:58:17.746-0500] {processor.py:179} INFO - Processing /Users/abhishekpatkar/Documents/Projects/af_file_loader/venv/lib/python3.11/site-packages/airflow/example_dags/example_branch_operator.py took 1.374 seconds
[2023-07-22T17:04:51.899-0500] {processor.py:157} INFO - Started process (PID=22298) to work on /Users/abhishekpatkar/Documents/Projects/af_file_loader/venv/lib/python3.11/site-packages/airflow/example_dags/example_branch_operator.py
[2023-07-22T17:04:51.904-0500] {processor.py:826} INFO - Processing file /Users/abhishekpatkar/Documents/Projects/af_file_loader/venv/lib/python3.11/site-packages/airflow/example_dags/example_branch_operator.py for tasks to queue
[2023-07-22T17:04:51.905-0500] {logging_mixin.py:150} INFO - [2023-07-22T17:04:51.905-0500] {dagbag.py:541} INFO - Filling up the DagBag from /Users/abhishekpatkar/Documents/Projects/af_file_loader/venv/lib/python3.11/site-packages/airflow/example_dags/example_branch_operator.py
[2023-07-22T17:04:51.980-0500] {processor.py:836} INFO - DAG(s) dict_keys(['example_branch_operator']) retrieved from /Users/abhishekpatkar/Documents/Projects/af_file_loader/venv/lib/python3.11/site-packages/airflow/example_dags/example_branch_operator.py
[2023-07-22T17:04:52.710-0500] {logging_mixin.py:150} INFO - [2023-07-22T17:04:52.710-0500] {dag.py:2742} INFO - Sync 1 DAGs
[2023-07-22T17:04:52.731-0500] {logging_mixin.py:150} INFO - [2023-07-22T17:04:52.731-0500] {dag.py:3504} INFO - Setting next_dagrun for example_branch_operator to 2023-07-21T00:00:00+00:00, run_after=2023-07-22T00:00:00+00:00
[2023-07-22T17:04:52.760-0500] {processor.py:179} INFO - Processing /Users/abhishekpatkar/Documents/Projects/af_file_loader/venv/lib/python3.11/site-packages/airflow/example_dags/example_branch_operator.py took 0.861 seconds
[2023-07-22T17:08:49.068-0500] {processor.py:157} INFO - Started process (PID=22455) to work on /Users/abhishekpatkar/Documents/Projects/af_file_loader/venv/lib/python3.11/site-packages/airflow/example_dags/example_branch_operator.py
[2023-07-22T17:08:49.072-0500] {processor.py:826} INFO - Processing file /Users/abhishekpatkar/Documents/Projects/af_file_loader/venv/lib/python3.11/site-packages/airflow/example_dags/example_branch_operator.py for tasks to queue
[2023-07-22T17:08:49.072-0500] {logging_mixin.py:150} INFO - [2023-07-22T17:08:49.072-0500] {dagbag.py:541} INFO - Filling up the DagBag from /Users/abhishekpatkar/Documents/Projects/af_file_loader/venv/lib/python3.11/site-packages/airflow/example_dags/example_branch_operator.py
[2023-07-22T17:08:49.152-0500] {processor.py:836} INFO - DAG(s) dict_keys(['example_branch_operator']) retrieved from /Users/abhishekpatkar/Documents/Projects/af_file_loader/venv/lib/python3.11/site-packages/airflow/example_dags/example_branch_operator.py
[2023-07-22T17:08:49.888-0500] {logging_mixin.py:150} INFO - [2023-07-22T17:08:49.887-0500] {dag.py:2742} INFO - Sync 1 DAGs
[2023-07-22T17:08:49.908-0500] {logging_mixin.py:150} INFO - [2023-07-22T17:08:49.908-0500] {dag.py:3504} INFO - Setting next_dagrun for example_branch_operator to 2023-07-21T00:00:00+00:00, run_after=2023-07-22T00:00:00+00:00
[2023-07-22T17:08:49.929-0500] {processor.py:179} INFO - Processing /Users/abhishekpatkar/Documents/Projects/af_file_loader/venv/lib/python3.11/site-packages/airflow/example_dags/example_branch_operator.py took 0.862 seconds
[2023-07-22T17:12:49.659-0500] {processor.py:157} INFO - Started process (PID=22612) to work on /Users/abhishekpatkar/Documents/Projects/af_file_loader/venv/lib/python3.11/site-packages/airflow/example_dags/example_branch_operator.py
[2023-07-22T17:12:49.664-0500] {processor.py:826} INFO - Processing file /Users/abhishekpatkar/Documents/Projects/af_file_loader/venv/lib/python3.11/site-packages/airflow/example_dags/example_branch_operator.py for tasks to queue
[2023-07-22T17:12:49.665-0500] {logging_mixin.py:150} INFO - [2023-07-22T17:12:49.665-0500] {dagbag.py:541} INFO - Filling up the DagBag from /Users/abhishekpatkar/Documents/Projects/af_file_loader/venv/lib/python3.11/site-packages/airflow/example_dags/example_branch_operator.py
[2023-07-22T17:12:49.742-0500] {processor.py:836} INFO - DAG(s) dict_keys(['example_branch_operator']) retrieved from /Users/abhishekpatkar/Documents/Projects/af_file_loader/venv/lib/python3.11/site-packages/airflow/example_dags/example_branch_operator.py
[2023-07-22T17:12:50.425-0500] {logging_mixin.py:150} INFO - [2023-07-22T17:12:50.424-0500] {dag.py:2742} INFO - Sync 1 DAGs
[2023-07-22T17:12:50.447-0500] {logging_mixin.py:150} INFO - [2023-07-22T17:12:50.446-0500] {dag.py:3504} INFO - Setting next_dagrun for example_branch_operator to 2023-07-21T00:00:00+00:00, run_after=2023-07-22T00:00:00+00:00
[2023-07-22T17:12:50.467-0500] {processor.py:179} INFO - Processing /Users/abhishekpatkar/Documents/Projects/af_file_loader/venv/lib/python3.11/site-packages/airflow/example_dags/example_branch_operator.py took 0.809 seconds
[2023-07-22T17:16:54.552-0500] {processor.py:157} INFO - Started process (PID=22767) to work on /Users/abhishekpatkar/Documents/Projects/af_file_loader/venv/lib/python3.11/site-packages/airflow/example_dags/example_branch_operator.py
[2023-07-22T17:16:54.564-0500] {processor.py:826} INFO - Processing file /Users/abhishekpatkar/Documents/Projects/af_file_loader/venv/lib/python3.11/site-packages/airflow/example_dags/example_branch_operator.py for tasks to queue
[2023-07-22T17:16:54.565-0500] {logging_mixin.py:150} INFO - [2023-07-22T17:16:54.565-0500] {dagbag.py:541} INFO - Filling up the DagBag from /Users/abhishekpatkar/Documents/Projects/af_file_loader/venv/lib/python3.11/site-packages/airflow/example_dags/example_branch_operator.py
[2023-07-22T17:16:54.713-0500] {processor.py:836} INFO - DAG(s) dict_keys(['example_branch_operator']) retrieved from /Users/abhishekpatkar/Documents/Projects/af_file_loader/venv/lib/python3.11/site-packages/airflow/example_dags/example_branch_operator.py
[2023-07-22T17:16:56.153-0500] {logging_mixin.py:150} INFO - [2023-07-22T17:16:56.152-0500] {dag.py:2742} INFO - Sync 1 DAGs
[2023-07-22T17:16:56.193-0500] {logging_mixin.py:150} INFO - [2023-07-22T17:16:56.193-0500] {dag.py:3504} INFO - Setting next_dagrun for example_branch_operator to 2023-07-21T00:00:00+00:00, run_after=2023-07-22T00:00:00+00:00
[2023-07-22T17:16:56.227-0500] {processor.py:179} INFO - Processing /Users/abhishekpatkar/Documents/Projects/af_file_loader/venv/lib/python3.11/site-packages/airflow/example_dags/example_branch_operator.py took 1.676 seconds
[2023-07-22T17:21:41.221-0500] {processor.py:157} INFO - Started process (PID=23002) to work on /Users/abhishekpatkar/Documents/Projects/af_file_loader/venv/lib/python3.11/site-packages/airflow/example_dags/example_branch_operator.py
[2023-07-22T17:21:41.226-0500] {processor.py:826} INFO - Processing file /Users/abhishekpatkar/Documents/Projects/af_file_loader/venv/lib/python3.11/site-packages/airflow/example_dags/example_branch_operator.py for tasks to queue
[2023-07-22T17:21:41.227-0500] {logging_mixin.py:150} INFO - [2023-07-22T17:21:41.227-0500] {dagbag.py:541} INFO - Filling up the DagBag from /Users/abhishekpatkar/Documents/Projects/af_file_loader/venv/lib/python3.11/site-packages/airflow/example_dags/example_branch_operator.py
[2023-07-22T17:21:41.303-0500] {processor.py:836} INFO - DAG(s) dict_keys(['example_branch_operator']) retrieved from /Users/abhishekpatkar/Documents/Projects/af_file_loader/venv/lib/python3.11/site-packages/airflow/example_dags/example_branch_operator.py
[2023-07-22T17:21:41.990-0500] {logging_mixin.py:150} INFO - [2023-07-22T17:21:41.989-0500] {dag.py:2742} INFO - Sync 1 DAGs
[2023-07-22T17:21:42.008-0500] {logging_mixin.py:150} INFO - [2023-07-22T17:21:42.007-0500] {dag.py:3504} INFO - Setting next_dagrun for example_branch_operator to 2023-07-21T00:00:00+00:00, run_after=2023-07-22T00:00:00+00:00
[2023-07-22T17:21:42.032-0500] {processor.py:179} INFO - Processing /Users/abhishekpatkar/Documents/Projects/af_file_loader/venv/lib/python3.11/site-packages/airflow/example_dags/example_branch_operator.py took 0.811 seconds
[2023-07-22T17:29:57.785-0500] {processor.py:157} INFO - Started process (PID=23323) to work on /Users/abhishekpatkar/Documents/Projects/af_file_loader/venv/lib/python3.11/site-packages/airflow/example_dags/example_branch_operator.py
[2023-07-22T17:29:57.788-0500] {processor.py:826} INFO - Processing file /Users/abhishekpatkar/Documents/Projects/af_file_loader/venv/lib/python3.11/site-packages/airflow/example_dags/example_branch_operator.py for tasks to queue
[2023-07-22T17:29:57.789-0500] {logging_mixin.py:150} INFO - [2023-07-22T17:29:57.789-0500] {dagbag.py:541} INFO - Filling up the DagBag from /Users/abhishekpatkar/Documents/Projects/af_file_loader/venv/lib/python3.11/site-packages/airflow/example_dags/example_branch_operator.py
[2023-07-22T17:29:57.857-0500] {processor.py:836} INFO - DAG(s) dict_keys(['example_branch_operator']) retrieved from /Users/abhishekpatkar/Documents/Projects/af_file_loader/venv/lib/python3.11/site-packages/airflow/example_dags/example_branch_operator.py
[2023-07-22T17:29:58.615-0500] {logging_mixin.py:150} INFO - [2023-07-22T17:29:58.614-0500] {dag.py:2742} INFO - Sync 1 DAGs
[2023-07-22T17:29:58.632-0500] {logging_mixin.py:150} INFO - [2023-07-22T17:29:58.632-0500] {dag.py:3504} INFO - Setting next_dagrun for example_branch_operator to 2023-07-21T00:00:00+00:00, run_after=2023-07-22T00:00:00+00:00
[2023-07-22T17:29:58.649-0500] {processor.py:179} INFO - Processing /Users/abhishekpatkar/Documents/Projects/af_file_loader/venv/lib/python3.11/site-packages/airflow/example_dags/example_branch_operator.py took 0.865 seconds
[2023-07-22T17:34:09.282-0500] {processor.py:157} INFO - Started process (PID=23505) to work on /Users/abhishekpatkar/Documents/Projects/af_file_loader/venv/lib/python3.11/site-packages/airflow/example_dags/example_branch_operator.py
[2023-07-22T17:34:09.287-0500] {processor.py:826} INFO - Processing file /Users/abhishekpatkar/Documents/Projects/af_file_loader/venv/lib/python3.11/site-packages/airflow/example_dags/example_branch_operator.py for tasks to queue
[2023-07-22T17:34:09.287-0500] {logging_mixin.py:150} INFO - [2023-07-22T17:34:09.287-0500] {dagbag.py:541} INFO - Filling up the DagBag from /Users/abhishekpatkar/Documents/Projects/af_file_loader/venv/lib/python3.11/site-packages/airflow/example_dags/example_branch_operator.py
[2023-07-22T17:34:09.356-0500] {processor.py:836} INFO - DAG(s) dict_keys(['example_branch_operator']) retrieved from /Users/abhishekpatkar/Documents/Projects/af_file_loader/venv/lib/python3.11/site-packages/airflow/example_dags/example_branch_operator.py
[2023-07-22T17:34:10.006-0500] {logging_mixin.py:150} INFO - [2023-07-22T17:34:10.006-0500] {dag.py:2742} INFO - Sync 1 DAGs
[2023-07-22T17:34:10.024-0500] {logging_mixin.py:150} INFO - [2023-07-22T17:34:10.023-0500] {dag.py:3504} INFO - Setting next_dagrun for example_branch_operator to 2023-07-21T00:00:00+00:00, run_after=2023-07-22T00:00:00+00:00
[2023-07-22T17:34:10.044-0500] {processor.py:179} INFO - Processing /Users/abhishekpatkar/Documents/Projects/af_file_loader/venv/lib/python3.11/site-packages/airflow/example_dags/example_branch_operator.py took 0.762 seconds
[2023-07-22T17:40:58.685-0500] {processor.py:157} INFO - Started process (PID=23777) to work on /Users/abhishekpatkar/Documents/Projects/af_file_loader/venv/lib/python3.11/site-packages/airflow/example_dags/example_branch_operator.py
[2023-07-22T17:40:58.700-0500] {processor.py:826} INFO - Processing file /Users/abhishekpatkar/Documents/Projects/af_file_loader/venv/lib/python3.11/site-packages/airflow/example_dags/example_branch_operator.py for tasks to queue
[2023-07-22T17:40:58.701-0500] {logging_mixin.py:150} INFO - [2023-07-22T17:40:58.701-0500] {dagbag.py:541} INFO - Filling up the DagBag from /Users/abhishekpatkar/Documents/Projects/af_file_loader/venv/lib/python3.11/site-packages/airflow/example_dags/example_branch_operator.py
[2023-07-22T17:40:59.206-0500] {processor.py:836} INFO - DAG(s) dict_keys(['example_branch_operator']) retrieved from /Users/abhishekpatkar/Documents/Projects/af_file_loader/venv/lib/python3.11/site-packages/airflow/example_dags/example_branch_operator.py
[2023-07-22T17:41:06.155-0500] {logging_mixin.py:150} INFO - [2023-07-22T17:41:06.155-0500] {dag.py:2742} INFO - Sync 1 DAGs
[2023-07-22T17:41:06.219-0500] {logging_mixin.py:150} INFO - [2023-07-22T17:41:06.219-0500] {dag.py:3504} INFO - Setting next_dagrun for example_branch_operator to 2023-07-21T00:00:00+00:00, run_after=2023-07-22T00:00:00+00:00
[2023-07-22T17:41:06.258-0500] {processor.py:179} INFO - Processing /Users/abhishekpatkar/Documents/Projects/af_file_loader/venv/lib/python3.11/site-packages/airflow/example_dags/example_branch_operator.py took 7.579 seconds
[2023-07-22T17:54:14.788-0500] {processor.py:157} INFO - Started process (PID=24413) to work on /Users/abhishekpatkar/Documents/Projects/af_file_loader/venv/lib/python3.11/site-packages/airflow/example_dags/example_branch_operator.py
[2023-07-22T17:54:14.793-0500] {processor.py:826} INFO - Processing file /Users/abhishekpatkar/Documents/Projects/af_file_loader/venv/lib/python3.11/site-packages/airflow/example_dags/example_branch_operator.py for tasks to queue
[2023-07-22T17:54:14.794-0500] {logging_mixin.py:150} INFO - [2023-07-22T17:54:14.794-0500] {dagbag.py:541} INFO - Filling up the DagBag from /Users/abhishekpatkar/Documents/Projects/af_file_loader/venv/lib/python3.11/site-packages/airflow/example_dags/example_branch_operator.py
[2023-07-22T17:54:14.888-0500] {processor.py:836} INFO - DAG(s) dict_keys(['example_branch_operator']) retrieved from /Users/abhishekpatkar/Documents/Projects/af_file_loader/venv/lib/python3.11/site-packages/airflow/example_dags/example_branch_operator.py
[2023-07-22T17:54:16.168-0500] {logging_mixin.py:150} INFO - [2023-07-22T17:54:16.167-0500] {dag.py:2742} INFO - Sync 1 DAGs
[2023-07-22T17:54:16.196-0500] {logging_mixin.py:150} INFO - [2023-07-22T17:54:16.196-0500] {dag.py:3504} INFO - Setting next_dagrun for example_branch_operator to 2023-07-21T00:00:00+00:00, run_after=2023-07-22T00:00:00+00:00
[2023-07-22T17:54:16.222-0500] {processor.py:179} INFO - Processing /Users/abhishekpatkar/Documents/Projects/af_file_loader/venv/lib/python3.11/site-packages/airflow/example_dags/example_branch_operator.py took 1.435 seconds
[2023-07-22T18:04:00.732-0500] {processor.py:157} INFO - Started process (PID=24811) to work on /Users/abhishekpatkar/Documents/Projects/af_file_loader/venv/lib/python3.11/site-packages/airflow/example_dags/example_branch_operator.py
[2023-07-22T18:04:00.745-0500] {processor.py:826} INFO - Processing file /Users/abhishekpatkar/Documents/Projects/af_file_loader/venv/lib/python3.11/site-packages/airflow/example_dags/example_branch_operator.py for tasks to queue
[2023-07-22T18:04:00.745-0500] {logging_mixin.py:150} INFO - [2023-07-22T18:04:00.745-0500] {dagbag.py:541} INFO - Filling up the DagBag from /Users/abhishekpatkar/Documents/Projects/af_file_loader/venv/lib/python3.11/site-packages/airflow/example_dags/example_branch_operator.py
[2023-07-22T18:04:00.846-0500] {processor.py:836} INFO - DAG(s) dict_keys(['example_branch_operator']) retrieved from /Users/abhishekpatkar/Documents/Projects/af_file_loader/venv/lib/python3.11/site-packages/airflow/example_dags/example_branch_operator.py
[2023-07-22T18:04:02.196-0500] {logging_mixin.py:150} INFO - [2023-07-22T18:04:02.195-0500] {dag.py:2742} INFO - Sync 1 DAGs
[2023-07-22T18:04:02.223-0500] {logging_mixin.py:150} INFO - [2023-07-22T18:04:02.223-0500] {dag.py:3504} INFO - Setting next_dagrun for example_branch_operator to 2023-07-21T00:00:00+00:00, run_after=2023-07-22T00:00:00+00:00
[2023-07-22T18:04:02.246-0500] {processor.py:179} INFO - Processing /Users/abhishekpatkar/Documents/Projects/af_file_loader/venv/lib/python3.11/site-packages/airflow/example_dags/example_branch_operator.py took 1.516 seconds
