[2023-07-22T14:49:57.398-0500] {processor.py:157} INFO - Started process (PID=16553) to work on /Users/abhishekpatkar/Documents/Projects/af_file_loader/venv/lib/python3.11/site-packages/airflow/example_dags/tutorial_taskflow_api.py
[2023-07-22T14:49:57.402-0500] {processor.py:826} INFO - Processing file /Users/abhishekpatkar/Documents/Projects/af_file_loader/venv/lib/python3.11/site-packages/airflow/example_dags/tutorial_taskflow_api.py for tasks to queue
[2023-07-22T14:49:57.403-0500] {logging_mixin.py:150} INFO - [2023-07-22T14:49:57.403-0500] {dagbag.py:541} INFO - Filling up the DagBag from /Users/abhishekpatkar/Documents/Projects/af_file_loader/venv/lib/python3.11/site-packages/airflow/example_dags/tutorial_taskflow_api.py
[2023-07-22T14:49:57.539-0500] {processor.py:836} INFO - DAG(s) dict_keys(['tutorial_taskflow_api']) retrieved from /Users/abhishekpatkar/Documents/Projects/af_file_loader/venv/lib/python3.11/site-packages/airflow/example_dags/tutorial_taskflow_api.py
[2023-07-22T14:49:58.539-0500] {logging_mixin.py:150} INFO - [2023-07-22T14:49:58.538-0500] {manager.py:504} INFO - Created Permission View: can read on DAG:tutorial_taskflow_api
[2023-07-22T14:49:58.550-0500] {logging_mixin.py:150} INFO - [2023-07-22T14:49:58.550-0500] {manager.py:504} INFO - Created Permission View: can edit on DAG:tutorial_taskflow_api
[2023-07-22T14:49:58.558-0500] {logging_mixin.py:150} INFO - [2023-07-22T14:49:58.558-0500] {manager.py:504} INFO - Created Permission View: can delete on DAG:tutorial_taskflow_api
[2023-07-22T14:49:58.577-0500] {logging_mixin.py:150} INFO - [2023-07-22T14:49:58.576-0500] {dag.py:2742} INFO - Sync 1 DAGs
[2023-07-22T14:49:58.630-0500] {logging_mixin.py:150} INFO - [2023-07-22T14:49:58.630-0500] {dag.py:2763} INFO - Creating ORM DAG for tutorial_taskflow_api
[2023-07-22T14:49:58.654-0500] {logging_mixin.py:150} INFO - [2023-07-22T14:49:58.654-0500] {dag.py:3504} INFO - Setting next_dagrun for tutorial_taskflow_api to None, run_after=None
[2023-07-22T14:49:58.698-0500] {processor.py:179} INFO - Processing /Users/abhishekpatkar/Documents/Projects/af_file_loader/venv/lib/python3.11/site-packages/airflow/example_dags/tutorial_taskflow_api.py took 1.301 seconds
[2023-07-22T14:53:29.699-0500] {processor.py:157} INFO - Started process (PID=16733) to work on /Users/abhishekpatkar/Documents/Projects/af_file_loader/venv/lib/python3.11/site-packages/airflow/example_dags/tutorial_taskflow_api.py
[2023-07-22T14:53:29.707-0500] {processor.py:826} INFO - Processing file /Users/abhishekpatkar/Documents/Projects/af_file_loader/venv/lib/python3.11/site-packages/airflow/example_dags/tutorial_taskflow_api.py for tasks to queue
[2023-07-22T14:53:29.708-0500] {logging_mixin.py:150} INFO - [2023-07-22T14:53:29.708-0500] {dagbag.py:541} INFO - Filling up the DagBag from /Users/abhishekpatkar/Documents/Projects/af_file_loader/venv/lib/python3.11/site-packages/airflow/example_dags/tutorial_taskflow_api.py
[2023-07-22T14:53:29.857-0500] {processor.py:836} INFO - DAG(s) dict_keys(['tutorial_taskflow_api']) retrieved from /Users/abhishekpatkar/Documents/Projects/af_file_loader/venv/lib/python3.11/site-packages/airflow/example_dags/tutorial_taskflow_api.py
[2023-07-22T14:53:30.668-0500] {logging_mixin.py:150} INFO - [2023-07-22T14:53:30.668-0500] {dag.py:2742} INFO - Sync 1 DAGs
[2023-07-22T14:53:30.684-0500] {logging_mixin.py:150} INFO - [2023-07-22T14:53:30.684-0500] {dag.py:3504} INFO - Setting next_dagrun for tutorial_taskflow_api to None, run_after=None
[2023-07-22T14:53:30.703-0500] {processor.py:179} INFO - Processing /Users/abhishekpatkar/Documents/Projects/af_file_loader/venv/lib/python3.11/site-packages/airflow/example_dags/tutorial_taskflow_api.py took 1.006 seconds
[2023-07-22T14:56:17.435-0500] {processor.py:157} INFO - Started process (PID=16942) to work on /Users/abhishekpatkar/Documents/Projects/af_file_loader/venv/lib/python3.11/site-packages/airflow/example_dags/tutorial_taskflow_api.py
[2023-07-22T14:56:17.442-0500] {processor.py:826} INFO - Processing file /Users/abhishekpatkar/Documents/Projects/af_file_loader/venv/lib/python3.11/site-packages/airflow/example_dags/tutorial_taskflow_api.py for tasks to queue
[2023-07-22T14:56:17.443-0500] {logging_mixin.py:150} INFO - [2023-07-22T14:56:17.443-0500] {dagbag.py:541} INFO - Filling up the DagBag from /Users/abhishekpatkar/Documents/Projects/af_file_loader/venv/lib/python3.11/site-packages/airflow/example_dags/tutorial_taskflow_api.py
[2023-07-22T14:56:17.587-0500] {processor.py:836} INFO - DAG(s) dict_keys(['tutorial_taskflow_api']) retrieved from /Users/abhishekpatkar/Documents/Projects/af_file_loader/venv/lib/python3.11/site-packages/airflow/example_dags/tutorial_taskflow_api.py
[2023-07-22T14:56:18.828-0500] {logging_mixin.py:150} INFO - [2023-07-22T14:56:18.828-0500] {dag.py:2742} INFO - Sync 1 DAGs
[2023-07-22T14:56:18.867-0500] {logging_mixin.py:150} INFO - [2023-07-22T14:56:18.867-0500] {dag.py:3504} INFO - Setting next_dagrun for tutorial_taskflow_api to None, run_after=None
[2023-07-22T14:56:18.934-0500] {processor.py:179} INFO - Processing /Users/abhishekpatkar/Documents/Projects/af_file_loader/venv/lib/python3.11/site-packages/airflow/example_dags/tutorial_taskflow_api.py took 1.500 seconds
[2023-07-22T14:58:49.470-0500] {processor.py:157} INFO - Started process (PID=17035) to work on /Users/abhishekpatkar/Documents/Projects/af_file_loader/venv/lib/python3.11/site-packages/airflow/example_dags/tutorial_taskflow_api.py
[2023-07-22T14:58:49.477-0500] {processor.py:826} INFO - Processing file /Users/abhishekpatkar/Documents/Projects/af_file_loader/venv/lib/python3.11/site-packages/airflow/example_dags/tutorial_taskflow_api.py for tasks to queue
[2023-07-22T14:58:49.478-0500] {logging_mixin.py:150} INFO - [2023-07-22T14:58:49.478-0500] {dagbag.py:541} INFO - Filling up the DagBag from /Users/abhishekpatkar/Documents/Projects/af_file_loader/venv/lib/python3.11/site-packages/airflow/example_dags/tutorial_taskflow_api.py
[2023-07-22T14:58:49.623-0500] {processor.py:836} INFO - DAG(s) dict_keys(['tutorial_taskflow_api']) retrieved from /Users/abhishekpatkar/Documents/Projects/af_file_loader/venv/lib/python3.11/site-packages/airflow/example_dags/tutorial_taskflow_api.py
[2023-07-22T14:58:50.397-0500] {logging_mixin.py:150} INFO - [2023-07-22T14:58:50.396-0500] {dag.py:2742} INFO - Sync 1 DAGs
[2023-07-22T14:58:50.416-0500] {logging_mixin.py:150} INFO - [2023-07-22T14:58:50.416-0500] {dag.py:3504} INFO - Setting next_dagrun for tutorial_taskflow_api to None, run_after=None
[2023-07-22T14:58:50.449-0500] {processor.py:179} INFO - Processing /Users/abhishekpatkar/Documents/Projects/af_file_loader/venv/lib/python3.11/site-packages/airflow/example_dags/tutorial_taskflow_api.py took 0.981 seconds
[2023-07-22T15:01:10.086-0500] {processor.py:157} INFO - Started process (PID=17116) to work on /Users/abhishekpatkar/Documents/Projects/af_file_loader/venv/lib/python3.11/site-packages/airflow/example_dags/tutorial_taskflow_api.py
[2023-07-22T15:01:10.092-0500] {processor.py:826} INFO - Processing file /Users/abhishekpatkar/Documents/Projects/af_file_loader/venv/lib/python3.11/site-packages/airflow/example_dags/tutorial_taskflow_api.py for tasks to queue
[2023-07-22T15:01:10.093-0500] {logging_mixin.py:150} INFO - [2023-07-22T15:01:10.092-0500] {dagbag.py:541} INFO - Filling up the DagBag from /Users/abhishekpatkar/Documents/Projects/af_file_loader/venv/lib/python3.11/site-packages/airflow/example_dags/tutorial_taskflow_api.py
[2023-07-22T15:01:10.215-0500] {processor.py:836} INFO - DAG(s) dict_keys(['tutorial_taskflow_api']) retrieved from /Users/abhishekpatkar/Documents/Projects/af_file_loader/venv/lib/python3.11/site-packages/airflow/example_dags/tutorial_taskflow_api.py
[2023-07-22T15:01:11.283-0500] {logging_mixin.py:150} INFO - [2023-07-22T15:01:11.283-0500] {dag.py:2742} INFO - Sync 1 DAGs
[2023-07-22T15:01:11.311-0500] {logging_mixin.py:150} INFO - [2023-07-22T15:01:11.310-0500] {dag.py:3504} INFO - Setting next_dagrun for tutorial_taskflow_api to None, run_after=None
[2023-07-22T15:01:11.363-0500] {processor.py:179} INFO - Processing /Users/abhishekpatkar/Documents/Projects/af_file_loader/venv/lib/python3.11/site-packages/airflow/example_dags/tutorial_taskflow_api.py took 1.278 seconds
[2023-07-22T15:03:40.080-0500] {processor.py:157} INFO - Started process (PID=17396) to work on /Users/abhishekpatkar/Documents/Projects/af_file_loader/venv/lib/python3.11/site-packages/airflow/example_dags/tutorial_taskflow_api.py
[2023-07-22T15:03:40.086-0500] {processor.py:826} INFO - Processing file /Users/abhishekpatkar/Documents/Projects/af_file_loader/venv/lib/python3.11/site-packages/airflow/example_dags/tutorial_taskflow_api.py for tasks to queue
[2023-07-22T15:03:40.087-0500] {logging_mixin.py:150} INFO - [2023-07-22T15:03:40.086-0500] {dagbag.py:541} INFO - Filling up the DagBag from /Users/abhishekpatkar/Documents/Projects/af_file_loader/venv/lib/python3.11/site-packages/airflow/example_dags/tutorial_taskflow_api.py
[2023-07-22T15:03:40.210-0500] {processor.py:836} INFO - DAG(s) dict_keys(['tutorial_taskflow_api']) retrieved from /Users/abhishekpatkar/Documents/Projects/af_file_loader/venv/lib/python3.11/site-packages/airflow/example_dags/tutorial_taskflow_api.py
[2023-07-22T15:03:41.298-0500] {logging_mixin.py:150} INFO - [2023-07-22T15:03:41.297-0500] {dag.py:2742} INFO - Sync 1 DAGs
[2023-07-22T15:03:41.314-0500] {logging_mixin.py:150} INFO - [2023-07-22T15:03:41.313-0500] {dag.py:3504} INFO - Setting next_dagrun for tutorial_taskflow_api to None, run_after=None
[2023-07-22T15:03:41.333-0500] {processor.py:179} INFO - Processing /Users/abhishekpatkar/Documents/Projects/af_file_loader/venv/lib/python3.11/site-packages/airflow/example_dags/tutorial_taskflow_api.py took 1.255 seconds
[2023-07-22T15:07:18.188-0500] {processor.py:157} INFO - Started process (PID=17646) to work on /Users/abhishekpatkar/Documents/Projects/af_file_loader/venv/lib/python3.11/site-packages/airflow/example_dags/tutorial_taskflow_api.py
[2023-07-22T15:07:18.195-0500] {processor.py:826} INFO - Processing file /Users/abhishekpatkar/Documents/Projects/af_file_loader/venv/lib/python3.11/site-packages/airflow/example_dags/tutorial_taskflow_api.py for tasks to queue
[2023-07-22T15:07:18.196-0500] {logging_mixin.py:150} INFO - [2023-07-22T15:07:18.196-0500] {dagbag.py:541} INFO - Filling up the DagBag from /Users/abhishekpatkar/Documents/Projects/af_file_loader/venv/lib/python3.11/site-packages/airflow/example_dags/tutorial_taskflow_api.py
[2023-07-22T15:07:18.453-0500] {processor.py:836} INFO - DAG(s) dict_keys(['tutorial_taskflow_api']) retrieved from /Users/abhishekpatkar/Documents/Projects/af_file_loader/venv/lib/python3.11/site-packages/airflow/example_dags/tutorial_taskflow_api.py
[2023-07-22T15:07:22.826-0500] {logging_mixin.py:150} INFO - [2023-07-22T15:07:22.824-0500] {dag.py:2742} INFO - Sync 1 DAGs
[2023-07-22T15:07:22.879-0500] {logging_mixin.py:150} INFO - [2023-07-22T15:07:22.874-0500] {dag.py:3504} INFO - Setting next_dagrun for tutorial_taskflow_api to None, run_after=None
[2023-07-22T15:07:22.981-0500] {processor.py:179} INFO - Processing /Users/abhishekpatkar/Documents/Projects/af_file_loader/venv/lib/python3.11/site-packages/airflow/example_dags/tutorial_taskflow_api.py took 4.796 seconds
[2023-07-22T15:12:16.971-0500] {processor.py:157} INFO - Started process (PID=17861) to work on /Users/abhishekpatkar/Documents/Projects/af_file_loader/venv/lib/python3.11/site-packages/airflow/example_dags/tutorial_taskflow_api.py
[2023-07-22T15:12:16.976-0500] {processor.py:826} INFO - Processing file /Users/abhishekpatkar/Documents/Projects/af_file_loader/venv/lib/python3.11/site-packages/airflow/example_dags/tutorial_taskflow_api.py for tasks to queue
[2023-07-22T15:12:16.977-0500] {logging_mixin.py:150} INFO - [2023-07-22T15:12:16.976-0500] {dagbag.py:541} INFO - Filling up the DagBag from /Users/abhishekpatkar/Documents/Projects/af_file_loader/venv/lib/python3.11/site-packages/airflow/example_dags/tutorial_taskflow_api.py
[2023-07-22T15:12:17.062-0500] {processor.py:836} INFO - DAG(s) dict_keys(['tutorial_taskflow_api']) retrieved from /Users/abhishekpatkar/Documents/Projects/af_file_loader/venv/lib/python3.11/site-packages/airflow/example_dags/tutorial_taskflow_api.py
[2023-07-22T15:12:17.899-0500] {logging_mixin.py:150} INFO - [2023-07-22T15:12:17.899-0500] {dag.py:2742} INFO - Sync 1 DAGs
[2023-07-22T15:12:17.917-0500] {logging_mixin.py:150} INFO - [2023-07-22T15:12:17.917-0500] {dag.py:3504} INFO - Setting next_dagrun for tutorial_taskflow_api to None, run_after=None
[2023-07-22T15:12:17.936-0500] {processor.py:179} INFO - Processing /Users/abhishekpatkar/Documents/Projects/af_file_loader/venv/lib/python3.11/site-packages/airflow/example_dags/tutorial_taskflow_api.py took 0.966 seconds
[2023-07-22T15:14:58.939-0500] {processor.py:157} INFO - Started process (PID=17952) to work on /Users/abhishekpatkar/Documents/Projects/af_file_loader/venv/lib/python3.11/site-packages/airflow/example_dags/tutorial_taskflow_api.py
[2023-07-22T15:14:58.944-0500] {processor.py:826} INFO - Processing file /Users/abhishekpatkar/Documents/Projects/af_file_loader/venv/lib/python3.11/site-packages/airflow/example_dags/tutorial_taskflow_api.py for tasks to queue
[2023-07-22T15:14:58.944-0500] {logging_mixin.py:150} INFO - [2023-07-22T15:14:58.944-0500] {dagbag.py:541} INFO - Filling up the DagBag from /Users/abhishekpatkar/Documents/Projects/af_file_loader/venv/lib/python3.11/site-packages/airflow/example_dags/tutorial_taskflow_api.py
[2023-07-22T15:14:59.061-0500] {processor.py:836} INFO - DAG(s) dict_keys(['tutorial_taskflow_api']) retrieved from /Users/abhishekpatkar/Documents/Projects/af_file_loader/venv/lib/python3.11/site-packages/airflow/example_dags/tutorial_taskflow_api.py
[2023-07-22T15:15:00.102-0500] {logging_mixin.py:150} INFO - [2023-07-22T15:15:00.102-0500] {dag.py:2742} INFO - Sync 1 DAGs
[2023-07-22T15:15:00.125-0500] {logging_mixin.py:150} INFO - [2023-07-22T15:15:00.125-0500] {dag.py:3504} INFO - Setting next_dagrun for tutorial_taskflow_api to None, run_after=None
[2023-07-22T15:15:00.157-0500] {processor.py:179} INFO - Processing /Users/abhishekpatkar/Documents/Projects/af_file_loader/venv/lib/python3.11/site-packages/airflow/example_dags/tutorial_taskflow_api.py took 1.218 seconds
[2023-07-22T15:17:48.783-0500] {processor.py:157} INFO - Started process (PID=18052) to work on /Users/abhishekpatkar/Documents/Projects/af_file_loader/venv/lib/python3.11/site-packages/airflow/example_dags/tutorial_taskflow_api.py
[2023-07-22T15:17:48.791-0500] {processor.py:826} INFO - Processing file /Users/abhishekpatkar/Documents/Projects/af_file_loader/venv/lib/python3.11/site-packages/airflow/example_dags/tutorial_taskflow_api.py for tasks to queue
[2023-07-22T15:17:48.792-0500] {logging_mixin.py:150} INFO - [2023-07-22T15:17:48.791-0500] {dagbag.py:541} INFO - Filling up the DagBag from /Users/abhishekpatkar/Documents/Projects/af_file_loader/venv/lib/python3.11/site-packages/airflow/example_dags/tutorial_taskflow_api.py
[2023-07-22T15:17:48.987-0500] {processor.py:836} INFO - DAG(s) dict_keys(['tutorial_taskflow_api']) retrieved from /Users/abhishekpatkar/Documents/Projects/af_file_loader/venv/lib/python3.11/site-packages/airflow/example_dags/tutorial_taskflow_api.py
[2023-07-22T15:17:50.454-0500] {logging_mixin.py:150} INFO - [2023-07-22T15:17:50.453-0500] {dag.py:2742} INFO - Sync 1 DAGs
[2023-07-22T15:17:50.487-0500] {logging_mixin.py:150} INFO - [2023-07-22T15:17:50.487-0500] {dag.py:3504} INFO - Setting next_dagrun for tutorial_taskflow_api to None, run_after=None
[2023-07-22T15:17:50.548-0500] {processor.py:179} INFO - Processing /Users/abhishekpatkar/Documents/Projects/af_file_loader/venv/lib/python3.11/site-packages/airflow/example_dags/tutorial_taskflow_api.py took 1.767 seconds
[2023-07-22T15:20:39.235-0500] {processor.py:157} INFO - Started process (PID=18156) to work on /Users/abhishekpatkar/Documents/Projects/af_file_loader/venv/lib/python3.11/site-packages/airflow/example_dags/tutorial_taskflow_api.py
[2023-07-22T15:20:39.243-0500] {processor.py:826} INFO - Processing file /Users/abhishekpatkar/Documents/Projects/af_file_loader/venv/lib/python3.11/site-packages/airflow/example_dags/tutorial_taskflow_api.py for tasks to queue
[2023-07-22T15:20:39.244-0500] {logging_mixin.py:150} INFO - [2023-07-22T15:20:39.244-0500] {dagbag.py:541} INFO - Filling up the DagBag from /Users/abhishekpatkar/Documents/Projects/af_file_loader/venv/lib/python3.11/site-packages/airflow/example_dags/tutorial_taskflow_api.py
[2023-07-22T15:20:39.451-0500] {processor.py:836} INFO - DAG(s) dict_keys(['tutorial_taskflow_api']) retrieved from /Users/abhishekpatkar/Documents/Projects/af_file_loader/venv/lib/python3.11/site-packages/airflow/example_dags/tutorial_taskflow_api.py
[2023-07-22T15:20:40.525-0500] {logging_mixin.py:150} INFO - [2023-07-22T15:20:40.525-0500] {dag.py:2742} INFO - Sync 1 DAGs
[2023-07-22T15:20:40.542-0500] {logging_mixin.py:150} INFO - [2023-07-22T15:20:40.542-0500] {dag.py:3504} INFO - Setting next_dagrun for tutorial_taskflow_api to None, run_after=None
[2023-07-22T15:20:40.574-0500] {processor.py:179} INFO - Processing /Users/abhishekpatkar/Documents/Projects/af_file_loader/venv/lib/python3.11/site-packages/airflow/example_dags/tutorial_taskflow_api.py took 1.341 seconds
[2023-07-22T15:23:10.490-0500] {processor.py:157} INFO - Started process (PID=18249) to work on /Users/abhishekpatkar/Documents/Projects/af_file_loader/venv/lib/python3.11/site-packages/airflow/example_dags/tutorial_taskflow_api.py
[2023-07-22T15:23:10.498-0500] {processor.py:826} INFO - Processing file /Users/abhishekpatkar/Documents/Projects/af_file_loader/venv/lib/python3.11/site-packages/airflow/example_dags/tutorial_taskflow_api.py for tasks to queue
[2023-07-22T15:23:10.499-0500] {logging_mixin.py:150} INFO - [2023-07-22T15:23:10.499-0500] {dagbag.py:541} INFO - Filling up the DagBag from /Users/abhishekpatkar/Documents/Projects/af_file_loader/venv/lib/python3.11/site-packages/airflow/example_dags/tutorial_taskflow_api.py
[2023-07-22T15:23:10.609-0500] {processor.py:836} INFO - DAG(s) dict_keys(['tutorial_taskflow_api']) retrieved from /Users/abhishekpatkar/Documents/Projects/af_file_loader/venv/lib/python3.11/site-packages/airflow/example_dags/tutorial_taskflow_api.py
[2023-07-22T15:23:11.284-0500] {logging_mixin.py:150} INFO - [2023-07-22T15:23:11.283-0500] {dag.py:2742} INFO - Sync 1 DAGs
[2023-07-22T15:23:11.300-0500] {logging_mixin.py:150} INFO - [2023-07-22T15:23:11.299-0500] {dag.py:3504} INFO - Setting next_dagrun for tutorial_taskflow_api to None, run_after=None
[2023-07-22T15:23:11.321-0500] {processor.py:179} INFO - Processing /Users/abhishekpatkar/Documents/Projects/af_file_loader/venv/lib/python3.11/site-packages/airflow/example_dags/tutorial_taskflow_api.py took 0.832 seconds
[2023-07-22T15:25:19.540-0500] {processor.py:157} INFO - Started process (PID=18339) to work on /Users/abhishekpatkar/Documents/Projects/af_file_loader/venv/lib/python3.11/site-packages/airflow/example_dags/tutorial_taskflow_api.py
[2023-07-22T15:25:19.545-0500] {processor.py:826} INFO - Processing file /Users/abhishekpatkar/Documents/Projects/af_file_loader/venv/lib/python3.11/site-packages/airflow/example_dags/tutorial_taskflow_api.py for tasks to queue
[2023-07-22T15:25:19.545-0500] {logging_mixin.py:150} INFO - [2023-07-22T15:25:19.545-0500] {dagbag.py:541} INFO - Filling up the DagBag from /Users/abhishekpatkar/Documents/Projects/af_file_loader/venv/lib/python3.11/site-packages/airflow/example_dags/tutorial_taskflow_api.py
[2023-07-22T15:25:19.643-0500] {processor.py:836} INFO - DAG(s) dict_keys(['tutorial_taskflow_api']) retrieved from /Users/abhishekpatkar/Documents/Projects/af_file_loader/venv/lib/python3.11/site-packages/airflow/example_dags/tutorial_taskflow_api.py
[2023-07-22T15:25:20.388-0500] {logging_mixin.py:150} INFO - [2023-07-22T15:25:20.387-0500] {dag.py:2742} INFO - Sync 1 DAGs
[2023-07-22T15:25:20.410-0500] {logging_mixin.py:150} INFO - [2023-07-22T15:25:20.410-0500] {dag.py:3504} INFO - Setting next_dagrun for tutorial_taskflow_api to None, run_after=None
[2023-07-22T15:25:20.439-0500] {processor.py:179} INFO - Processing /Users/abhishekpatkar/Documents/Projects/af_file_loader/venv/lib/python3.11/site-packages/airflow/example_dags/tutorial_taskflow_api.py took 0.900 seconds
[2023-07-22T15:28:49.801-0500] {processor.py:157} INFO - Started process (PID=18630) to work on /Users/abhishekpatkar/Documents/Projects/af_file_loader/venv/lib/python3.11/site-packages/airflow/example_dags/tutorial_taskflow_api.py
[2023-07-22T15:28:49.809-0500] {processor.py:826} INFO - Processing file /Users/abhishekpatkar/Documents/Projects/af_file_loader/venv/lib/python3.11/site-packages/airflow/example_dags/tutorial_taskflow_api.py for tasks to queue
[2023-07-22T15:28:49.810-0500] {logging_mixin.py:150} INFO - [2023-07-22T15:28:49.810-0500] {dagbag.py:541} INFO - Filling up the DagBag from /Users/abhishekpatkar/Documents/Projects/af_file_loader/venv/lib/python3.11/site-packages/airflow/example_dags/tutorial_taskflow_api.py
[2023-07-22T15:28:50.029-0500] {processor.py:836} INFO - DAG(s) dict_keys(['tutorial_taskflow_api']) retrieved from /Users/abhishekpatkar/Documents/Projects/af_file_loader/venv/lib/python3.11/site-packages/airflow/example_dags/tutorial_taskflow_api.py
[2023-07-22T15:28:52.563-0500] {logging_mixin.py:150} INFO - [2023-07-22T15:28:52.562-0500] {dag.py:2742} INFO - Sync 1 DAGs
[2023-07-22T15:28:52.594-0500] {logging_mixin.py:150} INFO - [2023-07-22T15:28:52.594-0500] {dag.py:3504} INFO - Setting next_dagrun for tutorial_taskflow_api to None, run_after=None
[2023-07-22T15:28:52.632-0500] {processor.py:179} INFO - Processing /Users/abhishekpatkar/Documents/Projects/af_file_loader/venv/lib/python3.11/site-packages/airflow/example_dags/tutorial_taskflow_api.py took 2.832 seconds
[2023-07-22T15:31:46.521-0500] {processor.py:157} INFO - Started process (PID=18810) to work on /Users/abhishekpatkar/Documents/Projects/af_file_loader/venv/lib/python3.11/site-packages/airflow/example_dags/tutorial_taskflow_api.py
[2023-07-22T15:31:46.526-0500] {processor.py:826} INFO - Processing file /Users/abhishekpatkar/Documents/Projects/af_file_loader/venv/lib/python3.11/site-packages/airflow/example_dags/tutorial_taskflow_api.py for tasks to queue
[2023-07-22T15:31:46.527-0500] {logging_mixin.py:150} INFO - [2023-07-22T15:31:46.526-0500] {dagbag.py:541} INFO - Filling up the DagBag from /Users/abhishekpatkar/Documents/Projects/af_file_loader/venv/lib/python3.11/site-packages/airflow/example_dags/tutorial_taskflow_api.py
[2023-07-22T15:31:46.609-0500] {processor.py:836} INFO - DAG(s) dict_keys(['tutorial_taskflow_api']) retrieved from /Users/abhishekpatkar/Documents/Projects/af_file_loader/venv/lib/python3.11/site-packages/airflow/example_dags/tutorial_taskflow_api.py
[2023-07-22T15:31:47.236-0500] {logging_mixin.py:150} INFO - [2023-07-22T15:31:47.236-0500] {dag.py:2742} INFO - Sync 1 DAGs
[2023-07-22T15:31:47.251-0500] {logging_mixin.py:150} INFO - [2023-07-22T15:31:47.251-0500] {dag.py:3504} INFO - Setting next_dagrun for tutorial_taskflow_api to None, run_after=None
[2023-07-22T15:31:47.269-0500] {processor.py:179} INFO - Processing /Users/abhishekpatkar/Documents/Projects/af_file_loader/venv/lib/python3.11/site-packages/airflow/example_dags/tutorial_taskflow_api.py took 0.749 seconds
[2023-07-22T15:33:41.774-0500] {processor.py:157} INFO - Started process (PID=18885) to work on /Users/abhishekpatkar/Documents/Projects/af_file_loader/venv/lib/python3.11/site-packages/airflow/example_dags/tutorial_taskflow_api.py
[2023-07-22T15:33:41.778-0500] {processor.py:826} INFO - Processing file /Users/abhishekpatkar/Documents/Projects/af_file_loader/venv/lib/python3.11/site-packages/airflow/example_dags/tutorial_taskflow_api.py for tasks to queue
[2023-07-22T15:33:41.779-0500] {logging_mixin.py:150} INFO - [2023-07-22T15:33:41.779-0500] {dagbag.py:541} INFO - Filling up the DagBag from /Users/abhishekpatkar/Documents/Projects/af_file_loader/venv/lib/python3.11/site-packages/airflow/example_dags/tutorial_taskflow_api.py
[2023-07-22T15:33:41.882-0500] {processor.py:836} INFO - DAG(s) dict_keys(['tutorial_taskflow_api']) retrieved from /Users/abhishekpatkar/Documents/Projects/af_file_loader/venv/lib/python3.11/site-packages/airflow/example_dags/tutorial_taskflow_api.py
[2023-07-22T15:33:42.503-0500] {logging_mixin.py:150} INFO - [2023-07-22T15:33:42.503-0500] {dag.py:2742} INFO - Sync 1 DAGs
[2023-07-22T15:33:42.518-0500] {logging_mixin.py:150} INFO - [2023-07-22T15:33:42.518-0500] {dag.py:3504} INFO - Setting next_dagrun for tutorial_taskflow_api to None, run_after=None
[2023-07-22T15:33:42.537-0500] {processor.py:179} INFO - Processing /Users/abhishekpatkar/Documents/Projects/af_file_loader/venv/lib/python3.11/site-packages/airflow/example_dags/tutorial_taskflow_api.py took 0.763 seconds
[2023-07-22T15:35:33.458-0500] {processor.py:157} INFO - Started process (PID=18979) to work on /Users/abhishekpatkar/Documents/Projects/af_file_loader/venv/lib/python3.11/site-packages/airflow/example_dags/tutorial_taskflow_api.py
[2023-07-22T15:35:33.463-0500] {processor.py:826} INFO - Processing file /Users/abhishekpatkar/Documents/Projects/af_file_loader/venv/lib/python3.11/site-packages/airflow/example_dags/tutorial_taskflow_api.py for tasks to queue
[2023-07-22T15:35:33.463-0500] {logging_mixin.py:150} INFO - [2023-07-22T15:35:33.463-0500] {dagbag.py:541} INFO - Filling up the DagBag from /Users/abhishekpatkar/Documents/Projects/af_file_loader/venv/lib/python3.11/site-packages/airflow/example_dags/tutorial_taskflow_api.py
[2023-07-22T15:35:33.547-0500] {processor.py:836} INFO - DAG(s) dict_keys(['tutorial_taskflow_api']) retrieved from /Users/abhishekpatkar/Documents/Projects/af_file_loader/venv/lib/python3.11/site-packages/airflow/example_dags/tutorial_taskflow_api.py
[2023-07-22T15:35:34.189-0500] {logging_mixin.py:150} INFO - [2023-07-22T15:35:34.189-0500] {dag.py:2742} INFO - Sync 1 DAGs
[2023-07-22T15:35:34.209-0500] {logging_mixin.py:150} INFO - [2023-07-22T15:35:34.209-0500] {dag.py:3504} INFO - Setting next_dagrun for tutorial_taskflow_api to None, run_after=None
[2023-07-22T15:35:34.226-0500] {processor.py:179} INFO - Processing /Users/abhishekpatkar/Documents/Projects/af_file_loader/venv/lib/python3.11/site-packages/airflow/example_dags/tutorial_taskflow_api.py took 0.769 seconds
[2023-07-22T15:46:50.103-0500] {processor.py:157} INFO - Started process (PID=19287) to work on /Users/abhishekpatkar/Documents/Projects/af_file_loader/venv/lib/python3.11/site-packages/airflow/example_dags/tutorial_taskflow_api.py
[2023-07-22T15:46:50.108-0500] {processor.py:826} INFO - Processing file /Users/abhishekpatkar/Documents/Projects/af_file_loader/venv/lib/python3.11/site-packages/airflow/example_dags/tutorial_taskflow_api.py for tasks to queue
[2023-07-22T15:46:50.108-0500] {logging_mixin.py:150} INFO - [2023-07-22T15:46:50.108-0500] {dagbag.py:541} INFO - Filling up the DagBag from /Users/abhishekpatkar/Documents/Projects/af_file_loader/venv/lib/python3.11/site-packages/airflow/example_dags/tutorial_taskflow_api.py
[2023-07-22T15:46:50.233-0500] {processor.py:836} INFO - DAG(s) dict_keys(['tutorial_taskflow_api']) retrieved from /Users/abhishekpatkar/Documents/Projects/af_file_loader/venv/lib/python3.11/site-packages/airflow/example_dags/tutorial_taskflow_api.py
[2023-07-22T15:46:53.276-0500] {logging_mixin.py:150} INFO - [2023-07-22T15:46:53.275-0500] {dag.py:2742} INFO - Sync 1 DAGs
[2023-07-22T15:46:53.316-0500] {logging_mixin.py:150} INFO - [2023-07-22T15:46:53.316-0500] {dag.py:3504} INFO - Setting next_dagrun for tutorial_taskflow_api to None, run_after=None
[2023-07-22T15:46:53.458-0500] {processor.py:179} INFO - Processing /Users/abhishekpatkar/Documents/Projects/af_file_loader/venv/lib/python3.11/site-packages/airflow/example_dags/tutorial_taskflow_api.py took 3.356 seconds
[2023-07-22T15:49:25.694-0500] {processor.py:157} INFO - Started process (PID=19501) to work on /Users/abhishekpatkar/Documents/Projects/af_file_loader/venv/lib/python3.11/site-packages/airflow/example_dags/tutorial_taskflow_api.py
[2023-07-22T15:49:25.698-0500] {processor.py:826} INFO - Processing file /Users/abhishekpatkar/Documents/Projects/af_file_loader/venv/lib/python3.11/site-packages/airflow/example_dags/tutorial_taskflow_api.py for tasks to queue
[2023-07-22T15:49:25.700-0500] {logging_mixin.py:150} INFO - [2023-07-22T15:49:25.699-0500] {dagbag.py:541} INFO - Filling up the DagBag from /Users/abhishekpatkar/Documents/Projects/af_file_loader/venv/lib/python3.11/site-packages/airflow/example_dags/tutorial_taskflow_api.py
[2023-07-22T15:49:25.806-0500] {processor.py:836} INFO - DAG(s) dict_keys(['tutorial_taskflow_api']) retrieved from /Users/abhishekpatkar/Documents/Projects/af_file_loader/venv/lib/python3.11/site-packages/airflow/example_dags/tutorial_taskflow_api.py
[2023-07-22T15:49:26.610-0500] {logging_mixin.py:150} INFO - [2023-07-22T15:49:26.609-0500] {dag.py:2742} INFO - Sync 1 DAGs
[2023-07-22T15:49:26.628-0500] {logging_mixin.py:150} INFO - [2023-07-22T15:49:26.628-0500] {dag.py:3504} INFO - Setting next_dagrun for tutorial_taskflow_api to None, run_after=None
[2023-07-22T15:49:26.654-0500] {processor.py:179} INFO - Processing /Users/abhishekpatkar/Documents/Projects/af_file_loader/venv/lib/python3.11/site-packages/airflow/example_dags/tutorial_taskflow_api.py took 0.961 seconds
[2023-07-22T15:51:59.562-0500] {processor.py:157} INFO - Started process (PID=19771) to work on /Users/abhishekpatkar/Documents/Projects/af_file_loader/venv/lib/python3.11/site-packages/airflow/example_dags/tutorial_taskflow_api.py
[2023-07-22T15:51:59.567-0500] {processor.py:826} INFO - Processing file /Users/abhishekpatkar/Documents/Projects/af_file_loader/venv/lib/python3.11/site-packages/airflow/example_dags/tutorial_taskflow_api.py for tasks to queue
[2023-07-22T15:51:59.567-0500] {logging_mixin.py:150} INFO - [2023-07-22T15:51:59.567-0500] {dagbag.py:541} INFO - Filling up the DagBag from /Users/abhishekpatkar/Documents/Projects/af_file_loader/venv/lib/python3.11/site-packages/airflow/example_dags/tutorial_taskflow_api.py
[2023-07-22T15:51:59.683-0500] {processor.py:836} INFO - DAG(s) dict_keys(['tutorial_taskflow_api']) retrieved from /Users/abhishekpatkar/Documents/Projects/af_file_loader/venv/lib/python3.11/site-packages/airflow/example_dags/tutorial_taskflow_api.py
[2023-07-22T15:52:00.753-0500] {logging_mixin.py:150} INFO - [2023-07-22T15:52:00.753-0500] {dag.py:2742} INFO - Sync 1 DAGs
[2023-07-22T15:52:00.790-0500] {logging_mixin.py:150} INFO - [2023-07-22T15:52:00.788-0500] {dag.py:3504} INFO - Setting next_dagrun for tutorial_taskflow_api to None, run_after=None
[2023-07-22T15:52:00.840-0500] {processor.py:179} INFO - Processing /Users/abhishekpatkar/Documents/Projects/af_file_loader/venv/lib/python3.11/site-packages/airflow/example_dags/tutorial_taskflow_api.py took 1.279 seconds
[2023-07-22T15:54:39.357-0500] {processor.py:157} INFO - Started process (PID=19931) to work on /Users/abhishekpatkar/Documents/Projects/af_file_loader/venv/lib/python3.11/site-packages/airflow/example_dags/tutorial_taskflow_api.py
[2023-07-22T15:54:39.361-0500] {processor.py:826} INFO - Processing file /Users/abhishekpatkar/Documents/Projects/af_file_loader/venv/lib/python3.11/site-packages/airflow/example_dags/tutorial_taskflow_api.py for tasks to queue
[2023-07-22T15:54:39.362-0500] {logging_mixin.py:150} INFO - [2023-07-22T15:54:39.362-0500] {dagbag.py:541} INFO - Filling up the DagBag from /Users/abhishekpatkar/Documents/Projects/af_file_loader/venv/lib/python3.11/site-packages/airflow/example_dags/tutorial_taskflow_api.py
[2023-07-22T15:54:39.493-0500] {processor.py:836} INFO - DAG(s) dict_keys(['tutorial_taskflow_api']) retrieved from /Users/abhishekpatkar/Documents/Projects/af_file_loader/venv/lib/python3.11/site-packages/airflow/example_dags/tutorial_taskflow_api.py
[2023-07-22T15:54:40.506-0500] {logging_mixin.py:150} INFO - [2023-07-22T15:54:40.506-0500] {dag.py:2742} INFO - Sync 1 DAGs
[2023-07-22T15:54:40.540-0500] {logging_mixin.py:150} INFO - [2023-07-22T15:54:40.540-0500] {dag.py:3504} INFO - Setting next_dagrun for tutorial_taskflow_api to None, run_after=None
[2023-07-22T15:54:40.564-0500] {processor.py:179} INFO - Processing /Users/abhishekpatkar/Documents/Projects/af_file_loader/venv/lib/python3.11/site-packages/airflow/example_dags/tutorial_taskflow_api.py took 1.207 seconds
[2023-07-22T15:57:20.014-0500] {processor.py:157} INFO - Started process (PID=20177) to work on /Users/abhishekpatkar/Documents/Projects/af_file_loader/venv/lib/python3.11/site-packages/airflow/example_dags/tutorial_taskflow_api.py
[2023-07-22T15:57:20.021-0500] {processor.py:826} INFO - Processing file /Users/abhishekpatkar/Documents/Projects/af_file_loader/venv/lib/python3.11/site-packages/airflow/example_dags/tutorial_taskflow_api.py for tasks to queue
[2023-07-22T15:57:20.022-0500] {logging_mixin.py:150} INFO - [2023-07-22T15:57:20.022-0500] {dagbag.py:541} INFO - Filling up the DagBag from /Users/abhishekpatkar/Documents/Projects/af_file_loader/venv/lib/python3.11/site-packages/airflow/example_dags/tutorial_taskflow_api.py
[2023-07-22T15:57:20.153-0500] {processor.py:836} INFO - DAG(s) dict_keys(['tutorial_taskflow_api']) retrieved from /Users/abhishekpatkar/Documents/Projects/af_file_loader/venv/lib/python3.11/site-packages/airflow/example_dags/tutorial_taskflow_api.py
[2023-07-22T15:57:21.088-0500] {logging_mixin.py:150} INFO - [2023-07-22T15:57:21.087-0500] {dag.py:2742} INFO - Sync 1 DAGs
[2023-07-22T15:57:21.106-0500] {logging_mixin.py:150} INFO - [2023-07-22T15:57:21.106-0500] {dag.py:3504} INFO - Setting next_dagrun for tutorial_taskflow_api to None, run_after=None
[2023-07-22T15:57:21.135-0500] {processor.py:179} INFO - Processing /Users/abhishekpatkar/Documents/Projects/af_file_loader/venv/lib/python3.11/site-packages/airflow/example_dags/tutorial_taskflow_api.py took 1.124 seconds
[2023-07-22T15:59:49.518-0500] {processor.py:157} INFO - Started process (PID=20291) to work on /Users/abhishekpatkar/Documents/Projects/af_file_loader/venv/lib/python3.11/site-packages/airflow/example_dags/tutorial_taskflow_api.py
[2023-07-22T15:59:49.523-0500] {processor.py:826} INFO - Processing file /Users/abhishekpatkar/Documents/Projects/af_file_loader/venv/lib/python3.11/site-packages/airflow/example_dags/tutorial_taskflow_api.py for tasks to queue
[2023-07-22T15:59:49.525-0500] {logging_mixin.py:150} INFO - [2023-07-22T15:59:49.524-0500] {dagbag.py:541} INFO - Filling up the DagBag from /Users/abhishekpatkar/Documents/Projects/af_file_loader/venv/lib/python3.11/site-packages/airflow/example_dags/tutorial_taskflow_api.py
[2023-07-22T15:59:49.625-0500] {processor.py:836} INFO - DAG(s) dict_keys(['tutorial_taskflow_api']) retrieved from /Users/abhishekpatkar/Documents/Projects/af_file_loader/venv/lib/python3.11/site-packages/airflow/example_dags/tutorial_taskflow_api.py
[2023-07-22T15:59:50.414-0500] {logging_mixin.py:150} INFO - [2023-07-22T15:59:50.414-0500] {dag.py:2742} INFO - Sync 1 DAGs
[2023-07-22T15:59:50.430-0500] {logging_mixin.py:150} INFO - [2023-07-22T15:59:50.430-0500] {dag.py:3504} INFO - Setting next_dagrun for tutorial_taskflow_api to None, run_after=None
[2023-07-22T15:59:50.452-0500] {processor.py:179} INFO - Processing /Users/abhishekpatkar/Documents/Projects/af_file_loader/venv/lib/python3.11/site-packages/airflow/example_dags/tutorial_taskflow_api.py took 0.934 seconds
[2023-07-22T16:02:17.072-0500] {processor.py:157} INFO - Started process (PID=20379) to work on /Users/abhishekpatkar/Documents/Projects/af_file_loader/venv/lib/python3.11/site-packages/airflow/example_dags/tutorial_taskflow_api.py
[2023-07-22T16:02:17.077-0500] {processor.py:826} INFO - Processing file /Users/abhishekpatkar/Documents/Projects/af_file_loader/venv/lib/python3.11/site-packages/airflow/example_dags/tutorial_taskflow_api.py for tasks to queue
[2023-07-22T16:02:17.078-0500] {logging_mixin.py:150} INFO - [2023-07-22T16:02:17.077-0500] {dagbag.py:541} INFO - Filling up the DagBag from /Users/abhishekpatkar/Documents/Projects/af_file_loader/venv/lib/python3.11/site-packages/airflow/example_dags/tutorial_taskflow_api.py
[2023-07-22T16:02:17.181-0500] {processor.py:836} INFO - DAG(s) dict_keys(['tutorial_taskflow_api']) retrieved from /Users/abhishekpatkar/Documents/Projects/af_file_loader/venv/lib/python3.11/site-packages/airflow/example_dags/tutorial_taskflow_api.py
[2023-07-22T16:02:18.227-0500] {logging_mixin.py:150} INFO - [2023-07-22T16:02:18.227-0500] {dag.py:2742} INFO - Sync 1 DAGs
[2023-07-22T16:02:18.249-0500] {logging_mixin.py:150} INFO - [2023-07-22T16:02:18.249-0500] {dag.py:3504} INFO - Setting next_dagrun for tutorial_taskflow_api to None, run_after=None
[2023-07-22T16:02:18.285-0500] {processor.py:179} INFO - Processing /Users/abhishekpatkar/Documents/Projects/af_file_loader/venv/lib/python3.11/site-packages/airflow/example_dags/tutorial_taskflow_api.py took 1.213 seconds
[2023-07-22T16:04:11.213-0500] {processor.py:157} INFO - Started process (PID=20452) to work on /Users/abhishekpatkar/Documents/Projects/af_file_loader/venv/lib/python3.11/site-packages/airflow/example_dags/tutorial_taskflow_api.py
[2023-07-22T16:04:11.217-0500] {processor.py:826} INFO - Processing file /Users/abhishekpatkar/Documents/Projects/af_file_loader/venv/lib/python3.11/site-packages/airflow/example_dags/tutorial_taskflow_api.py for tasks to queue
[2023-07-22T16:04:11.218-0500] {logging_mixin.py:150} INFO - [2023-07-22T16:04:11.218-0500] {dagbag.py:541} INFO - Filling up the DagBag from /Users/abhishekpatkar/Documents/Projects/af_file_loader/venv/lib/python3.11/site-packages/airflow/example_dags/tutorial_taskflow_api.py
[2023-07-22T16:04:11.302-0500] {processor.py:836} INFO - DAG(s) dict_keys(['tutorial_taskflow_api']) retrieved from /Users/abhishekpatkar/Documents/Projects/af_file_loader/venv/lib/python3.11/site-packages/airflow/example_dags/tutorial_taskflow_api.py
[2023-07-22T16:04:11.891-0500] {logging_mixin.py:150} INFO - [2023-07-22T16:04:11.890-0500] {dag.py:2742} INFO - Sync 1 DAGs
[2023-07-22T16:04:11.906-0500] {logging_mixin.py:150} INFO - [2023-07-22T16:04:11.905-0500] {dag.py:3504} INFO - Setting next_dagrun for tutorial_taskflow_api to None, run_after=None
[2023-07-22T16:04:11.925-0500] {processor.py:179} INFO - Processing /Users/abhishekpatkar/Documents/Projects/af_file_loader/venv/lib/python3.11/site-packages/airflow/example_dags/tutorial_taskflow_api.py took 0.713 seconds
[2023-07-22T16:05:59.028-0500] {processor.py:157} INFO - Started process (PID=20535) to work on /Users/abhishekpatkar/Documents/Projects/af_file_loader/venv/lib/python3.11/site-packages/airflow/example_dags/tutorial_taskflow_api.py
[2023-07-22T16:05:59.033-0500] {processor.py:826} INFO - Processing file /Users/abhishekpatkar/Documents/Projects/af_file_loader/venv/lib/python3.11/site-packages/airflow/example_dags/tutorial_taskflow_api.py for tasks to queue
[2023-07-22T16:05:59.033-0500] {logging_mixin.py:150} INFO - [2023-07-22T16:05:59.033-0500] {dagbag.py:541} INFO - Filling up the DagBag from /Users/abhishekpatkar/Documents/Projects/af_file_loader/venv/lib/python3.11/site-packages/airflow/example_dags/tutorial_taskflow_api.py
[2023-07-22T16:05:59.112-0500] {processor.py:836} INFO - DAG(s) dict_keys(['tutorial_taskflow_api']) retrieved from /Users/abhishekpatkar/Documents/Projects/af_file_loader/venv/lib/python3.11/site-packages/airflow/example_dags/tutorial_taskflow_api.py
[2023-07-22T16:05:59.690-0500] {logging_mixin.py:150} INFO - [2023-07-22T16:05:59.690-0500] {dag.py:2742} INFO - Sync 1 DAGs
[2023-07-22T16:05:59.705-0500] {logging_mixin.py:150} INFO - [2023-07-22T16:05:59.705-0500] {dag.py:3504} INFO - Setting next_dagrun for tutorial_taskflow_api to None, run_after=None
[2023-07-22T16:05:59.724-0500] {processor.py:179} INFO - Processing /Users/abhishekpatkar/Documents/Projects/af_file_loader/venv/lib/python3.11/site-packages/airflow/example_dags/tutorial_taskflow_api.py took 0.696 seconds
[2023-07-22T16:07:49.835-0500] {processor.py:157} INFO - Started process (PID=20629) to work on /Users/abhishekpatkar/Documents/Projects/af_file_loader/venv/lib/python3.11/site-packages/airflow/example_dags/tutorial_taskflow_api.py
[2023-07-22T16:07:49.839-0500] {processor.py:826} INFO - Processing file /Users/abhishekpatkar/Documents/Projects/af_file_loader/venv/lib/python3.11/site-packages/airflow/example_dags/tutorial_taskflow_api.py for tasks to queue
[2023-07-22T16:07:49.840-0500] {logging_mixin.py:150} INFO - [2023-07-22T16:07:49.840-0500] {dagbag.py:541} INFO - Filling up the DagBag from /Users/abhishekpatkar/Documents/Projects/af_file_loader/venv/lib/python3.11/site-packages/airflow/example_dags/tutorial_taskflow_api.py
[2023-07-22T16:07:49.920-0500] {processor.py:836} INFO - DAG(s) dict_keys(['tutorial_taskflow_api']) retrieved from /Users/abhishekpatkar/Documents/Projects/af_file_loader/venv/lib/python3.11/site-packages/airflow/example_dags/tutorial_taskflow_api.py
[2023-07-22T16:07:50.506-0500] {logging_mixin.py:150} INFO - [2023-07-22T16:07:50.506-0500] {dag.py:2742} INFO - Sync 1 DAGs
[2023-07-22T16:07:50.522-0500] {logging_mixin.py:150} INFO - [2023-07-22T16:07:50.522-0500] {dag.py:3504} INFO - Setting next_dagrun for tutorial_taskflow_api to None, run_after=None
[2023-07-22T16:07:50.542-0500] {processor.py:179} INFO - Processing /Users/abhishekpatkar/Documents/Projects/af_file_loader/venv/lib/python3.11/site-packages/airflow/example_dags/tutorial_taskflow_api.py took 0.707 seconds
[2023-07-22T16:09:41.985-0500] {processor.py:157} INFO - Started process (PID=20701) to work on /Users/abhishekpatkar/Documents/Projects/af_file_loader/venv/lib/python3.11/site-packages/airflow/example_dags/tutorial_taskflow_api.py
[2023-07-22T16:09:41.989-0500] {processor.py:826} INFO - Processing file /Users/abhishekpatkar/Documents/Projects/af_file_loader/venv/lib/python3.11/site-packages/airflow/example_dags/tutorial_taskflow_api.py for tasks to queue
[2023-07-22T16:09:41.990-0500] {logging_mixin.py:150} INFO - [2023-07-22T16:09:41.990-0500] {dagbag.py:541} INFO - Filling up the DagBag from /Users/abhishekpatkar/Documents/Projects/af_file_loader/venv/lib/python3.11/site-packages/airflow/example_dags/tutorial_taskflow_api.py
[2023-07-22T16:09:42.076-0500] {processor.py:836} INFO - DAG(s) dict_keys(['tutorial_taskflow_api']) retrieved from /Users/abhishekpatkar/Documents/Projects/af_file_loader/venv/lib/python3.11/site-packages/airflow/example_dags/tutorial_taskflow_api.py
[2023-07-22T16:09:42.691-0500] {logging_mixin.py:150} INFO - [2023-07-22T16:09:42.691-0500] {dag.py:2742} INFO - Sync 1 DAGs
[2023-07-22T16:09:42.707-0500] {logging_mixin.py:150} INFO - [2023-07-22T16:09:42.706-0500] {dag.py:3504} INFO - Setting next_dagrun for tutorial_taskflow_api to None, run_after=None
[2023-07-22T16:09:42.725-0500] {processor.py:179} INFO - Processing /Users/abhishekpatkar/Documents/Projects/af_file_loader/venv/lib/python3.11/site-packages/airflow/example_dags/tutorial_taskflow_api.py took 0.740 seconds
[2023-07-22T16:11:28.381-0500] {processor.py:157} INFO - Started process (PID=20774) to work on /Users/abhishekpatkar/Documents/Projects/af_file_loader/venv/lib/python3.11/site-packages/airflow/example_dags/tutorial_taskflow_api.py
[2023-07-22T16:11:28.384-0500] {processor.py:826} INFO - Processing file /Users/abhishekpatkar/Documents/Projects/af_file_loader/venv/lib/python3.11/site-packages/airflow/example_dags/tutorial_taskflow_api.py for tasks to queue
[2023-07-22T16:11:28.385-0500] {logging_mixin.py:150} INFO - [2023-07-22T16:11:28.385-0500] {dagbag.py:541} INFO - Filling up the DagBag from /Users/abhishekpatkar/Documents/Projects/af_file_loader/venv/lib/python3.11/site-packages/airflow/example_dags/tutorial_taskflow_api.py
[2023-07-22T16:11:28.466-0500] {processor.py:836} INFO - DAG(s) dict_keys(['tutorial_taskflow_api']) retrieved from /Users/abhishekpatkar/Documents/Projects/af_file_loader/venv/lib/python3.11/site-packages/airflow/example_dags/tutorial_taskflow_api.py
[2023-07-22T16:11:29.056-0500] {logging_mixin.py:150} INFO - [2023-07-22T16:11:29.056-0500] {dag.py:2742} INFO - Sync 1 DAGs
[2023-07-22T16:11:29.071-0500] {logging_mixin.py:150} INFO - [2023-07-22T16:11:29.071-0500] {dag.py:3504} INFO - Setting next_dagrun for tutorial_taskflow_api to None, run_after=None
[2023-07-22T16:11:29.091-0500] {processor.py:179} INFO - Processing /Users/abhishekpatkar/Documents/Projects/af_file_loader/venv/lib/python3.11/site-packages/airflow/example_dags/tutorial_taskflow_api.py took 0.711 seconds
[2023-07-22T16:25:53.729-0500] {processor.py:157} INFO - Started process (PID=20954) to work on /Users/abhishekpatkar/Documents/Projects/af_file_loader/venv/lib/python3.11/site-packages/airflow/example_dags/tutorial_taskflow_api.py
[2023-07-22T16:25:53.735-0500] {processor.py:826} INFO - Processing file /Users/abhishekpatkar/Documents/Projects/af_file_loader/venv/lib/python3.11/site-packages/airflow/example_dags/tutorial_taskflow_api.py for tasks to queue
[2023-07-22T16:25:53.735-0500] {logging_mixin.py:150} INFO - [2023-07-22T16:25:53.735-0500] {dagbag.py:541} INFO - Filling up the DagBag from /Users/abhishekpatkar/Documents/Projects/af_file_loader/venv/lib/python3.11/site-packages/airflow/example_dags/tutorial_taskflow_api.py
[2023-07-22T16:25:53.840-0500] {processor.py:836} INFO - DAG(s) dict_keys(['tutorial_taskflow_api']) retrieved from /Users/abhishekpatkar/Documents/Projects/af_file_loader/venv/lib/python3.11/site-packages/airflow/example_dags/tutorial_taskflow_api.py
[2023-07-22T16:25:54.649-0500] {logging_mixin.py:150} INFO - [2023-07-22T16:25:54.649-0500] {dag.py:2742} INFO - Sync 1 DAGs
[2023-07-22T16:25:54.679-0500] {logging_mixin.py:150} INFO - [2023-07-22T16:25:54.678-0500] {dag.py:3504} INFO - Setting next_dagrun for tutorial_taskflow_api to None, run_after=None
[2023-07-22T16:25:54.704-0500] {processor.py:179} INFO - Processing /Users/abhishekpatkar/Documents/Projects/af_file_loader/venv/lib/python3.11/site-packages/airflow/example_dags/tutorial_taskflow_api.py took 0.976 seconds
[2023-07-22T16:29:17.394-0500] {processor.py:157} INFO - Started process (PID=21070) to work on /Users/abhishekpatkar/Documents/Projects/af_file_loader/venv/lib/python3.11/site-packages/airflow/example_dags/tutorial_taskflow_api.py
[2023-07-22T16:29:17.407-0500] {processor.py:826} INFO - Processing file /Users/abhishekpatkar/Documents/Projects/af_file_loader/venv/lib/python3.11/site-packages/airflow/example_dags/tutorial_taskflow_api.py for tasks to queue
[2023-07-22T16:29:17.408-0500] {logging_mixin.py:150} INFO - [2023-07-22T16:29:17.408-0500] {dagbag.py:541} INFO - Filling up the DagBag from /Users/abhishekpatkar/Documents/Projects/af_file_loader/venv/lib/python3.11/site-packages/airflow/example_dags/tutorial_taskflow_api.py
[2023-07-22T16:29:17.609-0500] {processor.py:836} INFO - DAG(s) dict_keys(['tutorial_taskflow_api']) retrieved from /Users/abhishekpatkar/Documents/Projects/af_file_loader/venv/lib/python3.11/site-packages/airflow/example_dags/tutorial_taskflow_api.py
[2023-07-22T16:29:18.927-0500] {logging_mixin.py:150} INFO - [2023-07-22T16:29:18.927-0500] {dag.py:2742} INFO - Sync 1 DAGs
[2023-07-22T16:29:18.951-0500] {logging_mixin.py:150} INFO - [2023-07-22T16:29:18.951-0500] {dag.py:3504} INFO - Setting next_dagrun for tutorial_taskflow_api to None, run_after=None
[2023-07-22T16:29:19.023-0500] {processor.py:179} INFO - Processing /Users/abhishekpatkar/Documents/Projects/af_file_loader/venv/lib/python3.11/site-packages/airflow/example_dags/tutorial_taskflow_api.py took 1.630 seconds
[2023-07-22T16:32:29.950-0500] {processor.py:157} INFO - Started process (PID=21173) to work on /Users/abhishekpatkar/Documents/Projects/af_file_loader/venv/lib/python3.11/site-packages/airflow/example_dags/tutorial_taskflow_api.py
[2023-07-22T16:32:29.956-0500] {processor.py:826} INFO - Processing file /Users/abhishekpatkar/Documents/Projects/af_file_loader/venv/lib/python3.11/site-packages/airflow/example_dags/tutorial_taskflow_api.py for tasks to queue
[2023-07-22T16:32:29.957-0500] {logging_mixin.py:150} INFO - [2023-07-22T16:32:29.957-0500] {dagbag.py:541} INFO - Filling up the DagBag from /Users/abhishekpatkar/Documents/Projects/af_file_loader/venv/lib/python3.11/site-packages/airflow/example_dags/tutorial_taskflow_api.py
[2023-07-22T16:32:30.239-0500] {processor.py:836} INFO - DAG(s) dict_keys(['tutorial_taskflow_api']) retrieved from /Users/abhishekpatkar/Documents/Projects/af_file_loader/venv/lib/python3.11/site-packages/airflow/example_dags/tutorial_taskflow_api.py
[2023-07-22T16:32:31.613-0500] {logging_mixin.py:150} INFO - [2023-07-22T16:32:31.613-0500] {dag.py:2742} INFO - Sync 1 DAGs
[2023-07-22T16:32:31.642-0500] {logging_mixin.py:150} INFO - [2023-07-22T16:32:31.642-0500] {dag.py:3504} INFO - Setting next_dagrun for tutorial_taskflow_api to None, run_after=None
[2023-07-22T16:32:31.677-0500] {processor.py:179} INFO - Processing /Users/abhishekpatkar/Documents/Projects/af_file_loader/venv/lib/python3.11/site-packages/airflow/example_dags/tutorial_taskflow_api.py took 1.728 seconds
[2023-07-22T16:35:55.022-0500] {processor.py:157} INFO - Started process (PID=21282) to work on /Users/abhishekpatkar/Documents/Projects/af_file_loader/venv/lib/python3.11/site-packages/airflow/example_dags/tutorial_taskflow_api.py
[2023-07-22T16:35:55.026-0500] {processor.py:826} INFO - Processing file /Users/abhishekpatkar/Documents/Projects/af_file_loader/venv/lib/python3.11/site-packages/airflow/example_dags/tutorial_taskflow_api.py for tasks to queue
[2023-07-22T16:35:55.026-0500] {logging_mixin.py:150} INFO - [2023-07-22T16:35:55.026-0500] {dagbag.py:541} INFO - Filling up the DagBag from /Users/abhishekpatkar/Documents/Projects/af_file_loader/venv/lib/python3.11/site-packages/airflow/example_dags/tutorial_taskflow_api.py
[2023-07-22T16:35:55.179-0500] {processor.py:836} INFO - DAG(s) dict_keys(['tutorial_taskflow_api']) retrieved from /Users/abhishekpatkar/Documents/Projects/af_file_loader/venv/lib/python3.11/site-packages/airflow/example_dags/tutorial_taskflow_api.py
[2023-07-22T16:35:56.456-0500] {logging_mixin.py:150} INFO - [2023-07-22T16:35:56.450-0500] {dag.py:2742} INFO - Sync 1 DAGs
[2023-07-22T16:35:56.500-0500] {logging_mixin.py:150} INFO - [2023-07-22T16:35:56.500-0500] {dag.py:3504} INFO - Setting next_dagrun for tutorial_taskflow_api to None, run_after=None
[2023-07-22T16:35:56.597-0500] {processor.py:179} INFO - Processing /Users/abhishekpatkar/Documents/Projects/af_file_loader/venv/lib/python3.11/site-packages/airflow/example_dags/tutorial_taskflow_api.py took 1.576 seconds
[2023-07-22T16:41:05.026-0500] {processor.py:157} INFO - Started process (PID=21491) to work on /Users/abhishekpatkar/Documents/Projects/af_file_loader/venv/lib/python3.11/site-packages/airflow/example_dags/tutorial_taskflow_api.py
[2023-07-22T16:41:05.032-0500] {processor.py:826} INFO - Processing file /Users/abhishekpatkar/Documents/Projects/af_file_loader/venv/lib/python3.11/site-packages/airflow/example_dags/tutorial_taskflow_api.py for tasks to queue
[2023-07-22T16:41:05.033-0500] {logging_mixin.py:150} INFO - [2023-07-22T16:41:05.033-0500] {dagbag.py:541} INFO - Filling up the DagBag from /Users/abhishekpatkar/Documents/Projects/af_file_loader/venv/lib/python3.11/site-packages/airflow/example_dags/tutorial_taskflow_api.py
[2023-07-22T16:41:05.212-0500] {processor.py:836} INFO - DAG(s) dict_keys(['tutorial_taskflow_api']) retrieved from /Users/abhishekpatkar/Documents/Projects/af_file_loader/venv/lib/python3.11/site-packages/airflow/example_dags/tutorial_taskflow_api.py
[2023-07-22T16:41:06.540-0500] {logging_mixin.py:150} INFO - [2023-07-22T16:41:06.539-0500] {dag.py:2742} INFO - Sync 1 DAGs
[2023-07-22T16:41:06.609-0500] {logging_mixin.py:150} INFO - [2023-07-22T16:41:06.607-0500] {dag.py:3504} INFO - Setting next_dagrun for tutorial_taskflow_api to None, run_after=None
[2023-07-22T16:41:06.769-0500] {processor.py:179} INFO - Processing /Users/abhishekpatkar/Documents/Projects/af_file_loader/venv/lib/python3.11/site-packages/airflow/example_dags/tutorial_taskflow_api.py took 1.747 seconds
[2023-07-22T16:45:02.369-0500] {processor.py:157} INFO - Started process (PID=21611) to work on /Users/abhishekpatkar/Documents/Projects/af_file_loader/venv/lib/python3.11/site-packages/airflow/example_dags/tutorial_taskflow_api.py
[2023-07-22T16:45:02.374-0500] {processor.py:826} INFO - Processing file /Users/abhishekpatkar/Documents/Projects/af_file_loader/venv/lib/python3.11/site-packages/airflow/example_dags/tutorial_taskflow_api.py for tasks to queue
[2023-07-22T16:45:02.375-0500] {logging_mixin.py:150} INFO - [2023-07-22T16:45:02.374-0500] {dagbag.py:541} INFO - Filling up the DagBag from /Users/abhishekpatkar/Documents/Projects/af_file_loader/venv/lib/python3.11/site-packages/airflow/example_dags/tutorial_taskflow_api.py
[2023-07-22T16:45:02.556-0500] {processor.py:836} INFO - DAG(s) dict_keys(['tutorial_taskflow_api']) retrieved from /Users/abhishekpatkar/Documents/Projects/af_file_loader/venv/lib/python3.11/site-packages/airflow/example_dags/tutorial_taskflow_api.py
[2023-07-22T16:45:03.694-0500] {logging_mixin.py:150} INFO - [2023-07-22T16:45:03.694-0500] {dag.py:2742} INFO - Sync 1 DAGs
[2023-07-22T16:45:03.719-0500] {logging_mixin.py:150} INFO - [2023-07-22T16:45:03.718-0500] {dag.py:3504} INFO - Setting next_dagrun for tutorial_taskflow_api to None, run_after=None
[2023-07-22T16:45:03.759-0500] {processor.py:179} INFO - Processing /Users/abhishekpatkar/Documents/Projects/af_file_loader/venv/lib/python3.11/site-packages/airflow/example_dags/tutorial_taskflow_api.py took 1.390 seconds
[2023-07-22T16:48:37.038-0500] {processor.py:157} INFO - Started process (PID=21721) to work on /Users/abhishekpatkar/Documents/Projects/af_file_loader/venv/lib/python3.11/site-packages/airflow/example_dags/tutorial_taskflow_api.py
[2023-07-22T16:48:37.044-0500] {processor.py:826} INFO - Processing file /Users/abhishekpatkar/Documents/Projects/af_file_loader/venv/lib/python3.11/site-packages/airflow/example_dags/tutorial_taskflow_api.py for tasks to queue
[2023-07-22T16:48:37.045-0500] {logging_mixin.py:150} INFO - [2023-07-22T16:48:37.044-0500] {dagbag.py:541} INFO - Filling up the DagBag from /Users/abhishekpatkar/Documents/Projects/af_file_loader/venv/lib/python3.11/site-packages/airflow/example_dags/tutorial_taskflow_api.py
[2023-07-22T16:48:37.207-0500] {processor.py:836} INFO - DAG(s) dict_keys(['tutorial_taskflow_api']) retrieved from /Users/abhishekpatkar/Documents/Projects/af_file_loader/venv/lib/python3.11/site-packages/airflow/example_dags/tutorial_taskflow_api.py
[2023-07-22T16:48:38.540-0500] {logging_mixin.py:150} INFO - [2023-07-22T16:48:38.540-0500] {dag.py:2742} INFO - Sync 1 DAGs
[2023-07-22T16:48:38.574-0500] {logging_mixin.py:150} INFO - [2023-07-22T16:48:38.573-0500] {dag.py:3504} INFO - Setting next_dagrun for tutorial_taskflow_api to None, run_after=None
[2023-07-22T16:48:38.625-0500] {processor.py:179} INFO - Processing /Users/abhishekpatkar/Documents/Projects/af_file_loader/venv/lib/python3.11/site-packages/airflow/example_dags/tutorial_taskflow_api.py took 1.589 seconds
[2023-07-22T16:52:30.529-0500] {processor.py:157} INFO - Started process (PID=21837) to work on /Users/abhishekpatkar/Documents/Projects/af_file_loader/venv/lib/python3.11/site-packages/airflow/example_dags/tutorial_taskflow_api.py
[2023-07-22T16:52:30.538-0500] {processor.py:826} INFO - Processing file /Users/abhishekpatkar/Documents/Projects/af_file_loader/venv/lib/python3.11/site-packages/airflow/example_dags/tutorial_taskflow_api.py for tasks to queue
[2023-07-22T16:52:30.544-0500] {logging_mixin.py:150} INFO - [2023-07-22T16:52:30.543-0500] {dagbag.py:541} INFO - Filling up the DagBag from /Users/abhishekpatkar/Documents/Projects/af_file_loader/venv/lib/python3.11/site-packages/airflow/example_dags/tutorial_taskflow_api.py
[2023-07-22T16:52:30.759-0500] {processor.py:836} INFO - DAG(s) dict_keys(['tutorial_taskflow_api']) retrieved from /Users/abhishekpatkar/Documents/Projects/af_file_loader/venv/lib/python3.11/site-packages/airflow/example_dags/tutorial_taskflow_api.py
[2023-07-22T16:52:32.294-0500] {logging_mixin.py:150} INFO - [2023-07-22T16:52:32.293-0500] {dag.py:2742} INFO - Sync 1 DAGs
[2023-07-22T16:52:32.331-0500] {logging_mixin.py:150} INFO - [2023-07-22T16:52:32.331-0500] {dag.py:3504} INFO - Setting next_dagrun for tutorial_taskflow_api to None, run_after=None
[2023-07-22T16:52:32.383-0500] {processor.py:179} INFO - Processing /Users/abhishekpatkar/Documents/Projects/af_file_loader/venv/lib/python3.11/site-packages/airflow/example_dags/tutorial_taskflow_api.py took 1.855 seconds
[2023-07-22T16:55:53.795-0500] {processor.py:157} INFO - Started process (PID=21955) to work on /Users/abhishekpatkar/Documents/Projects/af_file_loader/venv/lib/python3.11/site-packages/airflow/example_dags/tutorial_taskflow_api.py
[2023-07-22T16:55:53.800-0500] {processor.py:826} INFO - Processing file /Users/abhishekpatkar/Documents/Projects/af_file_loader/venv/lib/python3.11/site-packages/airflow/example_dags/tutorial_taskflow_api.py for tasks to queue
[2023-07-22T16:55:53.801-0500] {logging_mixin.py:150} INFO - [2023-07-22T16:55:53.801-0500] {dagbag.py:541} INFO - Filling up the DagBag from /Users/abhishekpatkar/Documents/Projects/af_file_loader/venv/lib/python3.11/site-packages/airflow/example_dags/tutorial_taskflow_api.py
[2023-07-22T16:55:53.935-0500] {processor.py:836} INFO - DAG(s) dict_keys(['tutorial_taskflow_api']) retrieved from /Users/abhishekpatkar/Documents/Projects/af_file_loader/venv/lib/python3.11/site-packages/airflow/example_dags/tutorial_taskflow_api.py
[2023-07-22T16:55:54.901-0500] {logging_mixin.py:150} INFO - [2023-07-22T16:55:54.901-0500] {dag.py:2742} INFO - Sync 1 DAGs
[2023-07-22T16:55:54.925-0500] {logging_mixin.py:150} INFO - [2023-07-22T16:55:54.925-0500] {dag.py:3504} INFO - Setting next_dagrun for tutorial_taskflow_api to None, run_after=None
[2023-07-22T16:55:54.955-0500] {processor.py:179} INFO - Processing /Users/abhishekpatkar/Documents/Projects/af_file_loader/venv/lib/python3.11/site-packages/airflow/example_dags/tutorial_taskflow_api.py took 1.161 seconds
[2023-07-22T16:58:50.481-0500] {processor.py:157} INFO - Started process (PID=22051) to work on /Users/abhishekpatkar/Documents/Projects/af_file_loader/venv/lib/python3.11/site-packages/airflow/example_dags/tutorial_taskflow_api.py
[2023-07-22T16:58:50.487-0500] {processor.py:826} INFO - Processing file /Users/abhishekpatkar/Documents/Projects/af_file_loader/venv/lib/python3.11/site-packages/airflow/example_dags/tutorial_taskflow_api.py for tasks to queue
[2023-07-22T16:58:50.488-0500] {logging_mixin.py:150} INFO - [2023-07-22T16:58:50.488-0500] {dagbag.py:541} INFO - Filling up the DagBag from /Users/abhishekpatkar/Documents/Projects/af_file_loader/venv/lib/python3.11/site-packages/airflow/example_dags/tutorial_taskflow_api.py
[2023-07-22T16:58:50.618-0500] {processor.py:836} INFO - DAG(s) dict_keys(['tutorial_taskflow_api']) retrieved from /Users/abhishekpatkar/Documents/Projects/af_file_loader/venv/lib/python3.11/site-packages/airflow/example_dags/tutorial_taskflow_api.py
[2023-07-22T16:58:51.824-0500] {logging_mixin.py:150} INFO - [2023-07-22T16:58:51.824-0500] {dag.py:2742} INFO - Sync 1 DAGs
[2023-07-22T16:58:51.853-0500] {logging_mixin.py:150} INFO - [2023-07-22T16:58:51.853-0500] {dag.py:3504} INFO - Setting next_dagrun for tutorial_taskflow_api to None, run_after=None
[2023-07-22T16:58:51.891-0500] {processor.py:179} INFO - Processing /Users/abhishekpatkar/Documents/Projects/af_file_loader/venv/lib/python3.11/site-packages/airflow/example_dags/tutorial_taskflow_api.py took 1.411 seconds
[2023-07-22T17:03:01.876-0500] {processor.py:157} INFO - Started process (PID=22229) to work on /Users/abhishekpatkar/Documents/Projects/af_file_loader/venv/lib/python3.11/site-packages/airflow/example_dags/tutorial_taskflow_api.py
[2023-07-22T17:03:01.881-0500] {processor.py:826} INFO - Processing file /Users/abhishekpatkar/Documents/Projects/af_file_loader/venv/lib/python3.11/site-packages/airflow/example_dags/tutorial_taskflow_api.py for tasks to queue
[2023-07-22T17:03:01.882-0500] {logging_mixin.py:150} INFO - [2023-07-22T17:03:01.882-0500] {dagbag.py:541} INFO - Filling up the DagBag from /Users/abhishekpatkar/Documents/Projects/af_file_loader/venv/lib/python3.11/site-packages/airflow/example_dags/tutorial_taskflow_api.py
[2023-07-22T17:03:01.965-0500] {processor.py:836} INFO - DAG(s) dict_keys(['tutorial_taskflow_api']) retrieved from /Users/abhishekpatkar/Documents/Projects/af_file_loader/venv/lib/python3.11/site-packages/airflow/example_dags/tutorial_taskflow_api.py
[2023-07-22T17:03:02.589-0500] {logging_mixin.py:150} INFO - [2023-07-22T17:03:02.588-0500] {dag.py:2742} INFO - Sync 1 DAGs
[2023-07-22T17:03:02.612-0500] {logging_mixin.py:150} INFO - [2023-07-22T17:03:02.612-0500] {dag.py:3504} INFO - Setting next_dagrun for tutorial_taskflow_api to None, run_after=None
[2023-07-22T17:03:02.636-0500] {processor.py:179} INFO - Processing /Users/abhishekpatkar/Documents/Projects/af_file_loader/venv/lib/python3.11/site-packages/airflow/example_dags/tutorial_taskflow_api.py took 0.760 seconds
[2023-07-22T17:05:17.454-0500] {processor.py:157} INFO - Started process (PID=22315) to work on /Users/abhishekpatkar/Documents/Projects/af_file_loader/venv/lib/python3.11/site-packages/airflow/example_dags/tutorial_taskflow_api.py
[2023-07-22T17:05:17.460-0500] {processor.py:826} INFO - Processing file /Users/abhishekpatkar/Documents/Projects/af_file_loader/venv/lib/python3.11/site-packages/airflow/example_dags/tutorial_taskflow_api.py for tasks to queue
[2023-07-22T17:05:17.461-0500] {logging_mixin.py:150} INFO - [2023-07-22T17:05:17.460-0500] {dagbag.py:541} INFO - Filling up the DagBag from /Users/abhishekpatkar/Documents/Projects/af_file_loader/venv/lib/python3.11/site-packages/airflow/example_dags/tutorial_taskflow_api.py
[2023-07-22T17:05:17.559-0500] {processor.py:836} INFO - DAG(s) dict_keys(['tutorial_taskflow_api']) retrieved from /Users/abhishekpatkar/Documents/Projects/af_file_loader/venv/lib/python3.11/site-packages/airflow/example_dags/tutorial_taskflow_api.py
[2023-07-22T17:05:18.281-0500] {logging_mixin.py:150} INFO - [2023-07-22T17:05:18.281-0500] {dag.py:2742} INFO - Sync 1 DAGs
[2023-07-22T17:05:18.298-0500] {logging_mixin.py:150} INFO - [2023-07-22T17:05:18.298-0500] {dag.py:3504} INFO - Setting next_dagrun for tutorial_taskflow_api to None, run_after=None
[2023-07-22T17:05:18.321-0500] {processor.py:179} INFO - Processing /Users/abhishekpatkar/Documents/Projects/af_file_loader/venv/lib/python3.11/site-packages/airflow/example_dags/tutorial_taskflow_api.py took 0.868 seconds
[2023-07-22T17:07:12.836-0500] {processor.py:157} INFO - Started process (PID=22388) to work on /Users/abhishekpatkar/Documents/Projects/af_file_loader/venv/lib/python3.11/site-packages/airflow/example_dags/tutorial_taskflow_api.py
[2023-07-22T17:07:12.840-0500] {processor.py:826} INFO - Processing file /Users/abhishekpatkar/Documents/Projects/af_file_loader/venv/lib/python3.11/site-packages/airflow/example_dags/tutorial_taskflow_api.py for tasks to queue
[2023-07-22T17:07:12.840-0500] {logging_mixin.py:150} INFO - [2023-07-22T17:07:12.840-0500] {dagbag.py:541} INFO - Filling up the DagBag from /Users/abhishekpatkar/Documents/Projects/af_file_loader/venv/lib/python3.11/site-packages/airflow/example_dags/tutorial_taskflow_api.py
[2023-07-22T17:07:12.949-0500] {processor.py:836} INFO - DAG(s) dict_keys(['tutorial_taskflow_api']) retrieved from /Users/abhishekpatkar/Documents/Projects/af_file_loader/venv/lib/python3.11/site-packages/airflow/example_dags/tutorial_taskflow_api.py
[2023-07-22T17:07:13.625-0500] {logging_mixin.py:150} INFO - [2023-07-22T17:07:13.624-0500] {dag.py:2742} INFO - Sync 1 DAGs
[2023-07-22T17:07:13.642-0500] {logging_mixin.py:150} INFO - [2023-07-22T17:07:13.642-0500] {dag.py:3504} INFO - Setting next_dagrun for tutorial_taskflow_api to None, run_after=None
[2023-07-22T17:07:13.670-0500] {processor.py:179} INFO - Processing /Users/abhishekpatkar/Documents/Projects/af_file_loader/venv/lib/python3.11/site-packages/airflow/example_dags/tutorial_taskflow_api.py took 0.835 seconds
[2023-07-22T17:09:14.817-0500] {processor.py:157} INFO - Started process (PID=22470) to work on /Users/abhishekpatkar/Documents/Projects/af_file_loader/venv/lib/python3.11/site-packages/airflow/example_dags/tutorial_taskflow_api.py
[2023-07-22T17:09:14.822-0500] {processor.py:826} INFO - Processing file /Users/abhishekpatkar/Documents/Projects/af_file_loader/venv/lib/python3.11/site-packages/airflow/example_dags/tutorial_taskflow_api.py for tasks to queue
[2023-07-22T17:09:14.822-0500] {logging_mixin.py:150} INFO - [2023-07-22T17:09:14.822-0500] {dagbag.py:541} INFO - Filling up the DagBag from /Users/abhishekpatkar/Documents/Projects/af_file_loader/venv/lib/python3.11/site-packages/airflow/example_dags/tutorial_taskflow_api.py
[2023-07-22T17:09:14.914-0500] {processor.py:836} INFO - DAG(s) dict_keys(['tutorial_taskflow_api']) retrieved from /Users/abhishekpatkar/Documents/Projects/af_file_loader/venv/lib/python3.11/site-packages/airflow/example_dags/tutorial_taskflow_api.py
[2023-07-22T17:09:15.612-0500] {logging_mixin.py:150} INFO - [2023-07-22T17:09:15.611-0500] {dag.py:2742} INFO - Sync 1 DAGs
[2023-07-22T17:09:15.630-0500] {logging_mixin.py:150} INFO - [2023-07-22T17:09:15.630-0500] {dag.py:3504} INFO - Setting next_dagrun for tutorial_taskflow_api to None, run_after=None
[2023-07-22T17:09:15.653-0500] {processor.py:179} INFO - Processing /Users/abhishekpatkar/Documents/Projects/af_file_loader/venv/lib/python3.11/site-packages/airflow/example_dags/tutorial_taskflow_api.py took 0.837 seconds
[2023-07-22T17:11:14.321-0500] {processor.py:157} INFO - Started process (PID=22552) to work on /Users/abhishekpatkar/Documents/Projects/af_file_loader/venv/lib/python3.11/site-packages/airflow/example_dags/tutorial_taskflow_api.py
[2023-07-22T17:11:14.325-0500] {processor.py:826} INFO - Processing file /Users/abhishekpatkar/Documents/Projects/af_file_loader/venv/lib/python3.11/site-packages/airflow/example_dags/tutorial_taskflow_api.py for tasks to queue
[2023-07-22T17:11:14.326-0500] {logging_mixin.py:150} INFO - [2023-07-22T17:11:14.325-0500] {dagbag.py:541} INFO - Filling up the DagBag from /Users/abhishekpatkar/Documents/Projects/af_file_loader/venv/lib/python3.11/site-packages/airflow/example_dags/tutorial_taskflow_api.py
[2023-07-22T17:11:14.419-0500] {processor.py:836} INFO - DAG(s) dict_keys(['tutorial_taskflow_api']) retrieved from /Users/abhishekpatkar/Documents/Projects/af_file_loader/venv/lib/python3.11/site-packages/airflow/example_dags/tutorial_taskflow_api.py
[2023-07-22T17:11:15.123-0500] {logging_mixin.py:150} INFO - [2023-07-22T17:11:15.122-0500] {dag.py:2742} INFO - Sync 1 DAGs
[2023-07-22T17:11:15.139-0500] {logging_mixin.py:150} INFO - [2023-07-22T17:11:15.139-0500] {dag.py:3504} INFO - Setting next_dagrun for tutorial_taskflow_api to None, run_after=None
[2023-07-22T17:11:15.164-0500] {processor.py:179} INFO - Processing /Users/abhishekpatkar/Documents/Projects/af_file_loader/venv/lib/python3.11/site-packages/airflow/example_dags/tutorial_taskflow_api.py took 0.844 seconds
[2023-07-22T17:13:14.138-0500] {processor.py:157} INFO - Started process (PID=22626) to work on /Users/abhishekpatkar/Documents/Projects/af_file_loader/venv/lib/python3.11/site-packages/airflow/example_dags/tutorial_taskflow_api.py
[2023-07-22T17:13:14.144-0500] {processor.py:826} INFO - Processing file /Users/abhishekpatkar/Documents/Projects/af_file_loader/venv/lib/python3.11/site-packages/airflow/example_dags/tutorial_taskflow_api.py for tasks to queue
[2023-07-22T17:13:14.145-0500] {logging_mixin.py:150} INFO - [2023-07-22T17:13:14.144-0500] {dagbag.py:541} INFO - Filling up the DagBag from /Users/abhishekpatkar/Documents/Projects/af_file_loader/venv/lib/python3.11/site-packages/airflow/example_dags/tutorial_taskflow_api.py
[2023-07-22T17:13:14.234-0500] {processor.py:836} INFO - DAG(s) dict_keys(['tutorial_taskflow_api']) retrieved from /Users/abhishekpatkar/Documents/Projects/af_file_loader/venv/lib/python3.11/site-packages/airflow/example_dags/tutorial_taskflow_api.py
[2023-07-22T17:13:14.904-0500] {logging_mixin.py:150} INFO - [2023-07-22T17:13:14.904-0500] {dag.py:2742} INFO - Sync 1 DAGs
[2023-07-22T17:13:14.925-0500] {logging_mixin.py:150} INFO - [2023-07-22T17:13:14.925-0500] {dag.py:3504} INFO - Setting next_dagrun for tutorial_taskflow_api to None, run_after=None
[2023-07-22T17:13:14.954-0500] {processor.py:179} INFO - Processing /Users/abhishekpatkar/Documents/Projects/af_file_loader/venv/lib/python3.11/site-packages/airflow/example_dags/tutorial_taskflow_api.py took 0.817 seconds
[2023-07-22T17:15:12.553-0500] {processor.py:157} INFO - Started process (PID=22703) to work on /Users/abhishekpatkar/Documents/Projects/af_file_loader/venv/lib/python3.11/site-packages/airflow/example_dags/tutorial_taskflow_api.py
[2023-07-22T17:15:12.558-0500] {processor.py:826} INFO - Processing file /Users/abhishekpatkar/Documents/Projects/af_file_loader/venv/lib/python3.11/site-packages/airflow/example_dags/tutorial_taskflow_api.py for tasks to queue
[2023-07-22T17:15:12.558-0500] {logging_mixin.py:150} INFO - [2023-07-22T17:15:12.558-0500] {dagbag.py:541} INFO - Filling up the DagBag from /Users/abhishekpatkar/Documents/Projects/af_file_loader/venv/lib/python3.11/site-packages/airflow/example_dags/tutorial_taskflow_api.py
[2023-07-22T17:15:12.668-0500] {processor.py:836} INFO - DAG(s) dict_keys(['tutorial_taskflow_api']) retrieved from /Users/abhishekpatkar/Documents/Projects/af_file_loader/venv/lib/python3.11/site-packages/airflow/example_dags/tutorial_taskflow_api.py
[2023-07-22T17:15:13.399-0500] {logging_mixin.py:150} INFO - [2023-07-22T17:15:13.399-0500] {dag.py:2742} INFO - Sync 1 DAGs
[2023-07-22T17:15:13.417-0500] {logging_mixin.py:150} INFO - [2023-07-22T17:15:13.417-0500] {dag.py:3504} INFO - Setting next_dagrun for tutorial_taskflow_api to None, run_after=None
[2023-07-22T17:15:13.439-0500] {processor.py:179} INFO - Processing /Users/abhishekpatkar/Documents/Projects/af_file_loader/venv/lib/python3.11/site-packages/airflow/example_dags/tutorial_taskflow_api.py took 0.887 seconds
[2023-07-22T17:17:27.464-0500] {processor.py:157} INFO - Started process (PID=22796) to work on /Users/abhishekpatkar/Documents/Projects/af_file_loader/venv/lib/python3.11/site-packages/airflow/example_dags/tutorial_taskflow_api.py
[2023-07-22T17:17:27.474-0500] {processor.py:826} INFO - Processing file /Users/abhishekpatkar/Documents/Projects/af_file_loader/venv/lib/python3.11/site-packages/airflow/example_dags/tutorial_taskflow_api.py for tasks to queue
[2023-07-22T17:17:27.477-0500] {logging_mixin.py:150} INFO - [2023-07-22T17:17:27.477-0500] {dagbag.py:541} INFO - Filling up the DagBag from /Users/abhishekpatkar/Documents/Projects/af_file_loader/venv/lib/python3.11/site-packages/airflow/example_dags/tutorial_taskflow_api.py
[2023-07-22T17:17:27.663-0500] {processor.py:836} INFO - DAG(s) dict_keys(['tutorial_taskflow_api']) retrieved from /Users/abhishekpatkar/Documents/Projects/af_file_loader/venv/lib/python3.11/site-packages/airflow/example_dags/tutorial_taskflow_api.py
[2023-07-22T17:17:28.763-0500] {logging_mixin.py:150} INFO - [2023-07-22T17:17:28.759-0500] {dag.py:2742} INFO - Sync 1 DAGs
[2023-07-22T17:17:28.796-0500] {logging_mixin.py:150} INFO - [2023-07-22T17:17:28.796-0500] {dag.py:3504} INFO - Setting next_dagrun for tutorial_taskflow_api to None, run_after=None
[2023-07-22T17:17:28.895-0500] {processor.py:179} INFO - Processing /Users/abhishekpatkar/Documents/Projects/af_file_loader/venv/lib/python3.11/site-packages/airflow/example_dags/tutorial_taskflow_api.py took 1.434 seconds
[2023-07-22T17:20:03.679-0500] {processor.py:157} INFO - Started process (PID=22927) to work on /Users/abhishekpatkar/Documents/Projects/af_file_loader/venv/lib/python3.11/site-packages/airflow/example_dags/tutorial_taskflow_api.py
[2023-07-22T17:20:03.683-0500] {processor.py:826} INFO - Processing file /Users/abhishekpatkar/Documents/Projects/af_file_loader/venv/lib/python3.11/site-packages/airflow/example_dags/tutorial_taskflow_api.py for tasks to queue
[2023-07-22T17:20:03.684-0500] {logging_mixin.py:150} INFO - [2023-07-22T17:20:03.684-0500] {dagbag.py:541} INFO - Filling up the DagBag from /Users/abhishekpatkar/Documents/Projects/af_file_loader/venv/lib/python3.11/site-packages/airflow/example_dags/tutorial_taskflow_api.py
[2023-07-22T17:20:03.779-0500] {processor.py:836} INFO - DAG(s) dict_keys(['tutorial_taskflow_api']) retrieved from /Users/abhishekpatkar/Documents/Projects/af_file_loader/venv/lib/python3.11/site-packages/airflow/example_dags/tutorial_taskflow_api.py
[2023-07-22T17:20:04.466-0500] {logging_mixin.py:150} INFO - [2023-07-22T17:20:04.465-0500] {dag.py:2742} INFO - Sync 1 DAGs
[2023-07-22T17:20:04.502-0500] {logging_mixin.py:150} INFO - [2023-07-22T17:20:04.502-0500] {dag.py:3504} INFO - Setting next_dagrun for tutorial_taskflow_api to None, run_after=None
[2023-07-22T17:20:04.528-0500] {processor.py:179} INFO - Processing /Users/abhishekpatkar/Documents/Projects/af_file_loader/venv/lib/python3.11/site-packages/airflow/example_dags/tutorial_taskflow_api.py took 0.850 seconds
[2023-07-22T17:22:05.718-0500] {processor.py:157} INFO - Started process (PID=23017) to work on /Users/abhishekpatkar/Documents/Projects/af_file_loader/venv/lib/python3.11/site-packages/airflow/example_dags/tutorial_taskflow_api.py
[2023-07-22T17:22:05.725-0500] {processor.py:826} INFO - Processing file /Users/abhishekpatkar/Documents/Projects/af_file_loader/venv/lib/python3.11/site-packages/airflow/example_dags/tutorial_taskflow_api.py for tasks to queue
[2023-07-22T17:22:05.725-0500] {logging_mixin.py:150} INFO - [2023-07-22T17:22:05.725-0500] {dagbag.py:541} INFO - Filling up the DagBag from /Users/abhishekpatkar/Documents/Projects/af_file_loader/venv/lib/python3.11/site-packages/airflow/example_dags/tutorial_taskflow_api.py
[2023-07-22T17:22:05.816-0500] {processor.py:836} INFO - DAG(s) dict_keys(['tutorial_taskflow_api']) retrieved from /Users/abhishekpatkar/Documents/Projects/af_file_loader/venv/lib/python3.11/site-packages/airflow/example_dags/tutorial_taskflow_api.py
[2023-07-22T17:22:06.487-0500] {logging_mixin.py:150} INFO - [2023-07-22T17:22:06.487-0500] {dag.py:2742} INFO - Sync 1 DAGs
[2023-07-22T17:22:06.504-0500] {logging_mixin.py:150} INFO - [2023-07-22T17:22:06.504-0500] {dag.py:3504} INFO - Setting next_dagrun for tutorial_taskflow_api to None, run_after=None
[2023-07-22T17:22:06.528-0500] {processor.py:179} INFO - Processing /Users/abhishekpatkar/Documents/Projects/af_file_loader/venv/lib/python3.11/site-packages/airflow/example_dags/tutorial_taskflow_api.py took 0.810 seconds
[2023-07-22T17:26:04.424-0500] {processor.py:157} INFO - Started process (PID=23191) to work on /Users/abhishekpatkar/Documents/Projects/af_file_loader/venv/lib/python3.11/site-packages/airflow/example_dags/tutorial_taskflow_api.py
[2023-07-22T17:26:04.439-0500] {processor.py:826} INFO - Processing file /Users/abhishekpatkar/Documents/Projects/af_file_loader/venv/lib/python3.11/site-packages/airflow/example_dags/tutorial_taskflow_api.py for tasks to queue
[2023-07-22T17:26:04.440-0500] {logging_mixin.py:150} INFO - [2023-07-22T17:26:04.439-0500] {dagbag.py:541} INFO - Filling up the DagBag from /Users/abhishekpatkar/Documents/Projects/af_file_loader/venv/lib/python3.11/site-packages/airflow/example_dags/tutorial_taskflow_api.py
[2023-07-22T17:26:04.820-0500] {processor.py:836} INFO - DAG(s) dict_keys(['tutorial_taskflow_api']) retrieved from /Users/abhishekpatkar/Documents/Projects/af_file_loader/venv/lib/python3.11/site-packages/airflow/example_dags/tutorial_taskflow_api.py
[2023-07-22T17:26:07.529-0500] {logging_mixin.py:150} INFO - [2023-07-22T17:26:07.528-0500] {dag.py:2742} INFO - Sync 1 DAGs
[2023-07-22T17:26:07.596-0500] {logging_mixin.py:150} INFO - [2023-07-22T17:26:07.596-0500] {dag.py:3504} INFO - Setting next_dagrun for tutorial_taskflow_api to None, run_after=None
[2023-07-22T17:26:07.659-0500] {processor.py:179} INFO - Processing /Users/abhishekpatkar/Documents/Projects/af_file_loader/venv/lib/python3.11/site-packages/airflow/example_dags/tutorial_taskflow_api.py took 3.237 seconds
[2023-07-22T17:30:27.693-0500] {processor.py:157} INFO - Started process (PID=23362) to work on /Users/abhishekpatkar/Documents/Projects/af_file_loader/venv/lib/python3.11/site-packages/airflow/example_dags/tutorial_taskflow_api.py
[2023-07-22T17:30:27.697-0500] {processor.py:826} INFO - Processing file /Users/abhishekpatkar/Documents/Projects/af_file_loader/venv/lib/python3.11/site-packages/airflow/example_dags/tutorial_taskflow_api.py for tasks to queue
[2023-07-22T17:30:27.698-0500] {logging_mixin.py:150} INFO - [2023-07-22T17:30:27.698-0500] {dagbag.py:541} INFO - Filling up the DagBag from /Users/abhishekpatkar/Documents/Projects/af_file_loader/venv/lib/python3.11/site-packages/airflow/example_dags/tutorial_taskflow_api.py
[2023-07-22T17:30:27.782-0500] {processor.py:836} INFO - DAG(s) dict_keys(['tutorial_taskflow_api']) retrieved from /Users/abhishekpatkar/Documents/Projects/af_file_loader/venv/lib/python3.11/site-packages/airflow/example_dags/tutorial_taskflow_api.py
[2023-07-22T17:30:28.414-0500] {logging_mixin.py:150} INFO - [2023-07-22T17:30:28.414-0500] {dag.py:2742} INFO - Sync 1 DAGs
[2023-07-22T17:30:28.430-0500] {logging_mixin.py:150} INFO - [2023-07-22T17:30:28.430-0500] {dag.py:3504} INFO - Setting next_dagrun for tutorial_taskflow_api to None, run_after=None
[2023-07-22T17:30:28.451-0500] {processor.py:179} INFO - Processing /Users/abhishekpatkar/Documents/Projects/af_file_loader/venv/lib/python3.11/site-packages/airflow/example_dags/tutorial_taskflow_api.py took 0.758 seconds
[2023-07-22T17:32:37.802-0500] {processor.py:157} INFO - Started process (PID=23446) to work on /Users/abhishekpatkar/Documents/Projects/af_file_loader/venv/lib/python3.11/site-packages/airflow/example_dags/tutorial_taskflow_api.py
[2023-07-22T17:32:37.807-0500] {processor.py:826} INFO - Processing file /Users/abhishekpatkar/Documents/Projects/af_file_loader/venv/lib/python3.11/site-packages/airflow/example_dags/tutorial_taskflow_api.py for tasks to queue
[2023-07-22T17:32:37.808-0500] {logging_mixin.py:150} INFO - [2023-07-22T17:32:37.808-0500] {dagbag.py:541} INFO - Filling up the DagBag from /Users/abhishekpatkar/Documents/Projects/af_file_loader/venv/lib/python3.11/site-packages/airflow/example_dags/tutorial_taskflow_api.py
[2023-07-22T17:32:37.933-0500] {processor.py:836} INFO - DAG(s) dict_keys(['tutorial_taskflow_api']) retrieved from /Users/abhishekpatkar/Documents/Projects/af_file_loader/venv/lib/python3.11/site-packages/airflow/example_dags/tutorial_taskflow_api.py
[2023-07-22T17:32:38.579-0500] {logging_mixin.py:150} INFO - [2023-07-22T17:32:38.579-0500] {dag.py:2742} INFO - Sync 1 DAGs
[2023-07-22T17:32:38.598-0500] {logging_mixin.py:150} INFO - [2023-07-22T17:32:38.598-0500] {dag.py:3504} INFO - Setting next_dagrun for tutorial_taskflow_api to None, run_after=None
[2023-07-22T17:32:38.620-0500] {processor.py:179} INFO - Processing /Users/abhishekpatkar/Documents/Projects/af_file_loader/venv/lib/python3.11/site-packages/airflow/example_dags/tutorial_taskflow_api.py took 0.819 seconds
[2023-07-22T17:34:32.807-0500] {processor.py:157} INFO - Started process (PID=23519) to work on /Users/abhishekpatkar/Documents/Projects/af_file_loader/venv/lib/python3.11/site-packages/airflow/example_dags/tutorial_taskflow_api.py
[2023-07-22T17:34:32.811-0500] {processor.py:826} INFO - Processing file /Users/abhishekpatkar/Documents/Projects/af_file_loader/venv/lib/python3.11/site-packages/airflow/example_dags/tutorial_taskflow_api.py for tasks to queue
[2023-07-22T17:34:32.812-0500] {logging_mixin.py:150} INFO - [2023-07-22T17:34:32.812-0500] {dagbag.py:541} INFO - Filling up the DagBag from /Users/abhishekpatkar/Documents/Projects/af_file_loader/venv/lib/python3.11/site-packages/airflow/example_dags/tutorial_taskflow_api.py
[2023-07-22T17:34:32.896-0500] {processor.py:836} INFO - DAG(s) dict_keys(['tutorial_taskflow_api']) retrieved from /Users/abhishekpatkar/Documents/Projects/af_file_loader/venv/lib/python3.11/site-packages/airflow/example_dags/tutorial_taskflow_api.py
[2023-07-22T17:34:33.515-0500] {logging_mixin.py:150} INFO - [2023-07-22T17:34:33.515-0500] {dag.py:2742} INFO - Sync 1 DAGs
[2023-07-22T17:34:33.532-0500] {logging_mixin.py:150} INFO - [2023-07-22T17:34:33.532-0500] {dag.py:3504} INFO - Setting next_dagrun for tutorial_taskflow_api to None, run_after=None
[2023-07-22T17:34:33.556-0500] {processor.py:179} INFO - Processing /Users/abhishekpatkar/Documents/Projects/af_file_loader/venv/lib/python3.11/site-packages/airflow/example_dags/tutorial_taskflow_api.py took 0.750 seconds
[2023-07-22T17:37:24.212-0500] {processor.py:157} INFO - Started process (PID=23641) to work on /Users/abhishekpatkar/Documents/Projects/af_file_loader/venv/lib/python3.11/site-packages/airflow/example_dags/tutorial_taskflow_api.py
[2023-07-22T17:37:24.217-0500] {processor.py:826} INFO - Processing file /Users/abhishekpatkar/Documents/Projects/af_file_loader/venv/lib/python3.11/site-packages/airflow/example_dags/tutorial_taskflow_api.py for tasks to queue
[2023-07-22T17:37:24.219-0500] {logging_mixin.py:150} INFO - [2023-07-22T17:37:24.218-0500] {dagbag.py:541} INFO - Filling up the DagBag from /Users/abhishekpatkar/Documents/Projects/af_file_loader/venv/lib/python3.11/site-packages/airflow/example_dags/tutorial_taskflow_api.py
[2023-07-22T17:37:24.421-0500] {processor.py:836} INFO - DAG(s) dict_keys(['tutorial_taskflow_api']) retrieved from /Users/abhishekpatkar/Documents/Projects/af_file_loader/venv/lib/python3.11/site-packages/airflow/example_dags/tutorial_taskflow_api.py
[2023-07-22T17:37:27.341-0500] {logging_mixin.py:150} INFO - [2023-07-22T17:37:27.341-0500] {dag.py:2742} INFO - Sync 1 DAGs
[2023-07-22T17:37:27.359-0500] {logging_mixin.py:150} INFO - [2023-07-22T17:37:27.359-0500] {dag.py:3504} INFO - Setting next_dagrun for tutorial_taskflow_api to None, run_after=None
[2023-07-22T17:37:27.404-0500] {processor.py:179} INFO - Processing /Users/abhishekpatkar/Documents/Projects/af_file_loader/venv/lib/python3.11/site-packages/airflow/example_dags/tutorial_taskflow_api.py took 3.192 seconds
[2023-07-22T17:42:42.470-0500] {processor.py:157} INFO - Started process (PID=23842) to work on /Users/abhishekpatkar/Documents/Projects/af_file_loader/venv/lib/python3.11/site-packages/airflow/example_dags/tutorial_taskflow_api.py
[2023-07-22T17:42:42.474-0500] {processor.py:826} INFO - Processing file /Users/abhishekpatkar/Documents/Projects/af_file_loader/venv/lib/python3.11/site-packages/airflow/example_dags/tutorial_taskflow_api.py for tasks to queue
[2023-07-22T17:42:42.474-0500] {logging_mixin.py:150} INFO - [2023-07-22T17:42:42.474-0500] {dagbag.py:541} INFO - Filling up the DagBag from /Users/abhishekpatkar/Documents/Projects/af_file_loader/venv/lib/python3.11/site-packages/airflow/example_dags/tutorial_taskflow_api.py
[2023-07-22T17:42:42.714-0500] {processor.py:836} INFO - DAG(s) dict_keys(['tutorial_taskflow_api']) retrieved from /Users/abhishekpatkar/Documents/Projects/af_file_loader/venv/lib/python3.11/site-packages/airflow/example_dags/tutorial_taskflow_api.py
[2023-07-22T17:42:44.325-0500] {logging_mixin.py:150} INFO - [2023-07-22T17:42:44.324-0500] {dag.py:2742} INFO - Sync 1 DAGs
[2023-07-22T17:42:44.355-0500] {logging_mixin.py:150} INFO - [2023-07-22T17:42:44.354-0500] {dag.py:3504} INFO - Setting next_dagrun for tutorial_taskflow_api to None, run_after=None
[2023-07-22T17:42:44.389-0500] {processor.py:179} INFO - Processing /Users/abhishekpatkar/Documents/Projects/af_file_loader/venv/lib/python3.11/site-packages/airflow/example_dags/tutorial_taskflow_api.py took 1.921 seconds
[2023-07-22T17:51:00.745-0500] {processor.py:157} INFO - Started process (PID=24223) to work on /Users/abhishekpatkar/Documents/Projects/af_file_loader/venv/lib/python3.11/site-packages/airflow/example_dags/tutorial_taskflow_api.py
[2023-07-22T17:51:00.749-0500] {processor.py:826} INFO - Processing file /Users/abhishekpatkar/Documents/Projects/af_file_loader/venv/lib/python3.11/site-packages/airflow/example_dags/tutorial_taskflow_api.py for tasks to queue
[2023-07-22T17:51:00.750-0500] {logging_mixin.py:150} INFO - [2023-07-22T17:51:00.750-0500] {dagbag.py:541} INFO - Filling up the DagBag from /Users/abhishekpatkar/Documents/Projects/af_file_loader/venv/lib/python3.11/site-packages/airflow/example_dags/tutorial_taskflow_api.py
[2023-07-22T17:51:00.855-0500] {processor.py:836} INFO - DAG(s) dict_keys(['tutorial_taskflow_api']) retrieved from /Users/abhishekpatkar/Documents/Projects/af_file_loader/venv/lib/python3.11/site-packages/airflow/example_dags/tutorial_taskflow_api.py
[2023-07-22T17:51:02.356-0500] {logging_mixin.py:150} INFO - [2023-07-22T17:51:02.356-0500] {dag.py:2742} INFO - Sync 1 DAGs
[2023-07-22T17:51:02.380-0500] {logging_mixin.py:150} INFO - [2023-07-22T17:51:02.380-0500] {dag.py:3504} INFO - Setting next_dagrun for tutorial_taskflow_api to None, run_after=None
[2023-07-22T17:51:02.406-0500] {processor.py:179} INFO - Processing /Users/abhishekpatkar/Documents/Projects/af_file_loader/venv/lib/python3.11/site-packages/airflow/example_dags/tutorial_taskflow_api.py took 1.662 seconds
[2023-07-22T17:54:53.599-0500] {processor.py:157} INFO - Started process (PID=24463) to work on /Users/abhishekpatkar/Documents/Projects/af_file_loader/venv/lib/python3.11/site-packages/airflow/example_dags/tutorial_taskflow_api.py
[2023-07-22T17:54:53.607-0500] {processor.py:826} INFO - Processing file /Users/abhishekpatkar/Documents/Projects/af_file_loader/venv/lib/python3.11/site-packages/airflow/example_dags/tutorial_taskflow_api.py for tasks to queue
[2023-07-22T17:54:53.608-0500] {logging_mixin.py:150} INFO - [2023-07-22T17:54:53.607-0500] {dagbag.py:541} INFO - Filling up the DagBag from /Users/abhishekpatkar/Documents/Projects/af_file_loader/venv/lib/python3.11/site-packages/airflow/example_dags/tutorial_taskflow_api.py
[2023-07-22T17:54:54.030-0500] {processor.py:836} INFO - DAG(s) dict_keys(['tutorial_taskflow_api']) retrieved from /Users/abhishekpatkar/Documents/Projects/af_file_loader/venv/lib/python3.11/site-packages/airflow/example_dags/tutorial_taskflow_api.py
[2023-07-22T17:55:01.552-0500] {logging_mixin.py:150} INFO - [2023-07-22T17:55:01.551-0500] {dag.py:2742} INFO - Sync 1 DAGs
[2023-07-22T17:55:01.733-0500] {logging_mixin.py:150} INFO - [2023-07-22T17:55:01.732-0500] {dag.py:3504} INFO - Setting next_dagrun for tutorial_taskflow_api to None, run_after=None
[2023-07-22T17:55:01.843-0500] {processor.py:179} INFO - Processing /Users/abhishekpatkar/Documents/Projects/af_file_loader/venv/lib/python3.11/site-packages/airflow/example_dags/tutorial_taskflow_api.py took 8.249 seconds
[2023-07-22T18:00:31.170-0500] {processor.py:157} INFO - Started process (PID=24682) to work on /Users/abhishekpatkar/Documents/Projects/af_file_loader/venv/lib/python3.11/site-packages/airflow/example_dags/tutorial_taskflow_api.py
[2023-07-22T18:00:31.176-0500] {processor.py:826} INFO - Processing file /Users/abhishekpatkar/Documents/Projects/af_file_loader/venv/lib/python3.11/site-packages/airflow/example_dags/tutorial_taskflow_api.py for tasks to queue
[2023-07-22T18:00:31.177-0500] {logging_mixin.py:150} INFO - [2023-07-22T18:00:31.177-0500] {dagbag.py:541} INFO - Filling up the DagBag from /Users/abhishekpatkar/Documents/Projects/af_file_loader/venv/lib/python3.11/site-packages/airflow/example_dags/tutorial_taskflow_api.py
[2023-07-22T18:00:31.376-0500] {processor.py:836} INFO - DAG(s) dict_keys(['tutorial_taskflow_api']) retrieved from /Users/abhishekpatkar/Documents/Projects/af_file_loader/venv/lib/python3.11/site-packages/airflow/example_dags/tutorial_taskflow_api.py
[2023-07-22T18:00:32.859-0500] {logging_mixin.py:150} INFO - [2023-07-22T18:00:32.859-0500] {dag.py:2742} INFO - Sync 1 DAGs
[2023-07-22T18:00:32.885-0500] {logging_mixin.py:150} INFO - [2023-07-22T18:00:32.885-0500] {dag.py:3504} INFO - Setting next_dagrun for tutorial_taskflow_api to None, run_after=None
[2023-07-22T18:00:32.911-0500] {processor.py:179} INFO - Processing /Users/abhishekpatkar/Documents/Projects/af_file_loader/venv/lib/python3.11/site-packages/airflow/example_dags/tutorial_taskflow_api.py took 1.742 seconds
[2023-07-22T18:04:37.575-0500] {processor.py:157} INFO - Started process (PID=24831) to work on /Users/abhishekpatkar/Documents/Projects/af_file_loader/venv/lib/python3.11/site-packages/airflow/example_dags/tutorial_taskflow_api.py
[2023-07-22T18:04:37.580-0500] {processor.py:826} INFO - Processing file /Users/abhishekpatkar/Documents/Projects/af_file_loader/venv/lib/python3.11/site-packages/airflow/example_dags/tutorial_taskflow_api.py for tasks to queue
[2023-07-22T18:04:37.581-0500] {logging_mixin.py:150} INFO - [2023-07-22T18:04:37.581-0500] {dagbag.py:541} INFO - Filling up the DagBag from /Users/abhishekpatkar/Documents/Projects/af_file_loader/venv/lib/python3.11/site-packages/airflow/example_dags/tutorial_taskflow_api.py
[2023-07-22T18:04:37.708-0500] {processor.py:836} INFO - DAG(s) dict_keys(['tutorial_taskflow_api']) retrieved from /Users/abhishekpatkar/Documents/Projects/af_file_loader/venv/lib/python3.11/site-packages/airflow/example_dags/tutorial_taskflow_api.py
[2023-07-22T18:04:39.198-0500] {logging_mixin.py:150} INFO - [2023-07-22T18:04:39.198-0500] {dag.py:2742} INFO - Sync 1 DAGs
[2023-07-22T18:04:39.231-0500] {logging_mixin.py:150} INFO - [2023-07-22T18:04:39.231-0500] {dag.py:3504} INFO - Setting next_dagrun for tutorial_taskflow_api to None, run_after=None
[2023-07-22T18:04:39.282-0500] {processor.py:179} INFO - Processing /Users/abhishekpatkar/Documents/Projects/af_file_loader/venv/lib/python3.11/site-packages/airflow/example_dags/tutorial_taskflow_api.py took 1.709 seconds
[2023-07-22T18:07:35.422-0500] {processor.py:157} INFO - Started process (PID=24932) to work on /Users/abhishekpatkar/Documents/Projects/af_file_loader/venv/lib/python3.11/site-packages/airflow/example_dags/tutorial_taskflow_api.py
[2023-07-22T18:07:35.426-0500] {processor.py:826} INFO - Processing file /Users/abhishekpatkar/Documents/Projects/af_file_loader/venv/lib/python3.11/site-packages/airflow/example_dags/tutorial_taskflow_api.py for tasks to queue
[2023-07-22T18:07:35.427-0500] {logging_mixin.py:150} INFO - [2023-07-22T18:07:35.427-0500] {dagbag.py:541} INFO - Filling up the DagBag from /Users/abhishekpatkar/Documents/Projects/af_file_loader/venv/lib/python3.11/site-packages/airflow/example_dags/tutorial_taskflow_api.py
[2023-07-22T18:07:35.522-0500] {processor.py:836} INFO - DAG(s) dict_keys(['tutorial_taskflow_api']) retrieved from /Users/abhishekpatkar/Documents/Projects/af_file_loader/venv/lib/python3.11/site-packages/airflow/example_dags/tutorial_taskflow_api.py
[2023-07-22T18:07:36.715-0500] {logging_mixin.py:150} INFO - [2023-07-22T18:07:36.714-0500] {dag.py:2742} INFO - Sync 1 DAGs
[2023-07-22T18:07:36.735-0500] {logging_mixin.py:150} INFO - [2023-07-22T18:07:36.734-0500] {dag.py:3504} INFO - Setting next_dagrun for tutorial_taskflow_api to None, run_after=None
[2023-07-22T18:07:36.761-0500] {processor.py:179} INFO - Processing /Users/abhishekpatkar/Documents/Projects/af_file_loader/venv/lib/python3.11/site-packages/airflow/example_dags/tutorial_taskflow_api.py took 1.340 seconds
