[2023-07-22T14:50:01.912-0500] {processor.py:157} INFO - Started process (PID=16554) to work on /Users/abhishekpatkar/Documents/Projects/af_file_loader/venv/lib/python3.11/site-packages/airflow/example_dags/tutorial_dag.py
[2023-07-22T14:50:01.918-0500] {processor.py:826} INFO - Processing file /Users/abhishekpatkar/Documents/Projects/af_file_loader/venv/lib/python3.11/site-packages/airflow/example_dags/tutorial_dag.py for tasks to queue
[2023-07-22T14:50:01.923-0500] {logging_mixin.py:150} INFO - [2023-07-22T14:50:01.919-0500] {dagbag.py:541} INFO - Filling up the DagBag from /Users/abhishekpatkar/Documents/Projects/af_file_loader/venv/lib/python3.11/site-packages/airflow/example_dags/tutorial_dag.py
[2023-07-22T14:50:02.130-0500] {processor.py:836} INFO - DAG(s) dict_keys(['tutorial_dag']) retrieved from /Users/abhishekpatkar/Documents/Projects/af_file_loader/venv/lib/python3.11/site-packages/airflow/example_dags/tutorial_dag.py
[2023-07-22T14:50:03.675-0500] {logging_mixin.py:150} INFO - [2023-07-22T14:50:03.675-0500] {manager.py:504} INFO - Created Permission View: can edit on DAG:tutorial_dag
[2023-07-22T14:50:03.684-0500] {logging_mixin.py:150} INFO - [2023-07-22T14:50:03.684-0500] {manager.py:504} INFO - Created Permission View: can delete on DAG:tutorial_dag
[2023-07-22T14:50:03.691-0500] {logging_mixin.py:150} INFO - [2023-07-22T14:50:03.691-0500] {manager.py:504} INFO - Created Permission View: can read on DAG:tutorial_dag
[2023-07-22T14:50:03.705-0500] {logging_mixin.py:150} INFO - [2023-07-22T14:50:03.704-0500] {dag.py:2742} INFO - Sync 1 DAGs
[2023-07-22T14:50:03.715-0500] {logging_mixin.py:150} INFO - [2023-07-22T14:50:03.715-0500] {dag.py:2763} INFO - Creating ORM DAG for tutorial_dag
[2023-07-22T14:50:03.723-0500] {logging_mixin.py:150} INFO - [2023-07-22T14:50:03.723-0500] {dag.py:3504} INFO - Setting next_dagrun for tutorial_dag to None, run_after=None
[2023-07-22T14:50:03.740-0500] {processor.py:179} INFO - Processing /Users/abhishekpatkar/Documents/Projects/af_file_loader/venv/lib/python3.11/site-packages/airflow/example_dags/tutorial_dag.py took 1.830 seconds
[2023-07-22T14:53:33.681-0500] {processor.py:157} INFO - Started process (PID=16734) to work on /Users/abhishekpatkar/Documents/Projects/af_file_loader/venv/lib/python3.11/site-packages/airflow/example_dags/tutorial_dag.py
[2023-07-22T14:53:33.692-0500] {processor.py:826} INFO - Processing file /Users/abhishekpatkar/Documents/Projects/af_file_loader/venv/lib/python3.11/site-packages/airflow/example_dags/tutorial_dag.py for tasks to queue
[2023-07-22T14:53:33.692-0500] {logging_mixin.py:150} INFO - [2023-07-22T14:53:33.692-0500] {dagbag.py:541} INFO - Filling up the DagBag from /Users/abhishekpatkar/Documents/Projects/af_file_loader/venv/lib/python3.11/site-packages/airflow/example_dags/tutorial_dag.py
[2023-07-22T14:53:33.796-0500] {processor.py:836} INFO - DAG(s) dict_keys(['tutorial_dag']) retrieved from /Users/abhishekpatkar/Documents/Projects/af_file_loader/venv/lib/python3.11/site-packages/airflow/example_dags/tutorial_dag.py
[2023-07-22T14:53:34.915-0500] {logging_mixin.py:150} INFO - [2023-07-22T14:53:34.915-0500] {dag.py:2742} INFO - Sync 1 DAGs
[2023-07-22T14:53:34.940-0500] {logging_mixin.py:150} INFO - [2023-07-22T14:53:34.940-0500] {dag.py:3504} INFO - Setting next_dagrun for tutorial_dag to None, run_after=None
[2023-07-22T14:53:34.972-0500] {processor.py:179} INFO - Processing /Users/abhishekpatkar/Documents/Projects/af_file_loader/venv/lib/python3.11/site-packages/airflow/example_dags/tutorial_dag.py took 1.292 seconds
[2023-07-22T14:56:21.079-0500] {processor.py:157} INFO - Started process (PID=16943) to work on /Users/abhishekpatkar/Documents/Projects/af_file_loader/venv/lib/python3.11/site-packages/airflow/example_dags/tutorial_dag.py
[2023-07-22T14:56:21.084-0500] {processor.py:826} INFO - Processing file /Users/abhishekpatkar/Documents/Projects/af_file_loader/venv/lib/python3.11/site-packages/airflow/example_dags/tutorial_dag.py for tasks to queue
[2023-07-22T14:56:21.085-0500] {logging_mixin.py:150} INFO - [2023-07-22T14:56:21.085-0500] {dagbag.py:541} INFO - Filling up the DagBag from /Users/abhishekpatkar/Documents/Projects/af_file_loader/venv/lib/python3.11/site-packages/airflow/example_dags/tutorial_dag.py
[2023-07-22T14:56:21.169-0500] {processor.py:836} INFO - DAG(s) dict_keys(['tutorial_dag']) retrieved from /Users/abhishekpatkar/Documents/Projects/af_file_loader/venv/lib/python3.11/site-packages/airflow/example_dags/tutorial_dag.py
[2023-07-22T14:56:21.984-0500] {logging_mixin.py:150} INFO - [2023-07-22T14:56:21.983-0500] {dag.py:2742} INFO - Sync 1 DAGs
[2023-07-22T14:56:22.002-0500] {logging_mixin.py:150} INFO - [2023-07-22T14:56:22.002-0500] {dag.py:3504} INFO - Setting next_dagrun for tutorial_dag to None, run_after=None
[2023-07-22T14:56:22.030-0500] {processor.py:179} INFO - Processing /Users/abhishekpatkar/Documents/Projects/af_file_loader/venv/lib/python3.11/site-packages/airflow/example_dags/tutorial_dag.py took 0.952 seconds
[2023-07-22T14:58:53.005-0500] {processor.py:157} INFO - Started process (PID=17036) to work on /Users/abhishekpatkar/Documents/Projects/af_file_loader/venv/lib/python3.11/site-packages/airflow/example_dags/tutorial_dag.py
[2023-07-22T14:58:53.010-0500] {processor.py:826} INFO - Processing file /Users/abhishekpatkar/Documents/Projects/af_file_loader/venv/lib/python3.11/site-packages/airflow/example_dags/tutorial_dag.py for tasks to queue
[2023-07-22T14:58:53.010-0500] {logging_mixin.py:150} INFO - [2023-07-22T14:58:53.010-0500] {dagbag.py:541} INFO - Filling up the DagBag from /Users/abhishekpatkar/Documents/Projects/af_file_loader/venv/lib/python3.11/site-packages/airflow/example_dags/tutorial_dag.py
[2023-07-22T14:58:53.080-0500] {processor.py:836} INFO - DAG(s) dict_keys(['tutorial_dag']) retrieved from /Users/abhishekpatkar/Documents/Projects/af_file_loader/venv/lib/python3.11/site-packages/airflow/example_dags/tutorial_dag.py
[2023-07-22T14:58:53.954-0500] {logging_mixin.py:150} INFO - [2023-07-22T14:58:53.954-0500] {dag.py:2742} INFO - Sync 1 DAGs
[2023-07-22T14:58:53.975-0500] {logging_mixin.py:150} INFO - [2023-07-22T14:58:53.975-0500] {dag.py:3504} INFO - Setting next_dagrun for tutorial_dag to None, run_after=None
[2023-07-22T14:58:53.997-0500] {processor.py:179} INFO - Processing /Users/abhishekpatkar/Documents/Projects/af_file_loader/venv/lib/python3.11/site-packages/airflow/example_dags/tutorial_dag.py took 0.993 seconds
[2023-07-22T15:01:14.256-0500] {processor.py:157} INFO - Started process (PID=17117) to work on /Users/abhishekpatkar/Documents/Projects/af_file_loader/venv/lib/python3.11/site-packages/airflow/example_dags/tutorial_dag.py
[2023-07-22T15:01:14.264-0500] {processor.py:826} INFO - Processing file /Users/abhishekpatkar/Documents/Projects/af_file_loader/venv/lib/python3.11/site-packages/airflow/example_dags/tutorial_dag.py for tasks to queue
[2023-07-22T15:01:14.265-0500] {logging_mixin.py:150} INFO - [2023-07-22T15:01:14.265-0500] {dagbag.py:541} INFO - Filling up the DagBag from /Users/abhishekpatkar/Documents/Projects/af_file_loader/venv/lib/python3.11/site-packages/airflow/example_dags/tutorial_dag.py
[2023-07-22T15:01:14.359-0500] {processor.py:836} INFO - DAG(s) dict_keys(['tutorial_dag']) retrieved from /Users/abhishekpatkar/Documents/Projects/af_file_loader/venv/lib/python3.11/site-packages/airflow/example_dags/tutorial_dag.py
[2023-07-22T15:01:15.202-0500] {logging_mixin.py:150} INFO - [2023-07-22T15:01:15.202-0500] {dag.py:2742} INFO - Sync 1 DAGs
[2023-07-22T15:01:15.225-0500] {logging_mixin.py:150} INFO - [2023-07-22T15:01:15.225-0500] {dag.py:3504} INFO - Setting next_dagrun for tutorial_dag to None, run_after=None
[2023-07-22T15:01:15.260-0500] {processor.py:179} INFO - Processing /Users/abhishekpatkar/Documents/Projects/af_file_loader/venv/lib/python3.11/site-packages/airflow/example_dags/tutorial_dag.py took 1.005 seconds
[2023-07-22T15:03:43.411-0500] {processor.py:157} INFO - Started process (PID=17398) to work on /Users/abhishekpatkar/Documents/Projects/af_file_loader/venv/lib/python3.11/site-packages/airflow/example_dags/tutorial_dag.py
[2023-07-22T15:03:43.418-0500] {processor.py:826} INFO - Processing file /Users/abhishekpatkar/Documents/Projects/af_file_loader/venv/lib/python3.11/site-packages/airflow/example_dags/tutorial_dag.py for tasks to queue
[2023-07-22T15:03:43.419-0500] {logging_mixin.py:150} INFO - [2023-07-22T15:03:43.419-0500] {dagbag.py:541} INFO - Filling up the DagBag from /Users/abhishekpatkar/Documents/Projects/af_file_loader/venv/lib/python3.11/site-packages/airflow/example_dags/tutorial_dag.py
[2023-07-22T15:03:43.529-0500] {processor.py:836} INFO - DAG(s) dict_keys(['tutorial_dag']) retrieved from /Users/abhishekpatkar/Documents/Projects/af_file_loader/venv/lib/python3.11/site-packages/airflow/example_dags/tutorial_dag.py
[2023-07-22T15:03:45.179-0500] {logging_mixin.py:150} INFO - [2023-07-22T15:03:45.178-0500] {dag.py:2742} INFO - Sync 1 DAGs
[2023-07-22T15:03:45.214-0500] {logging_mixin.py:150} INFO - [2023-07-22T15:03:45.213-0500] {dag.py:3504} INFO - Setting next_dagrun for tutorial_dag to None, run_after=None
[2023-07-22T15:03:45.267-0500] {processor.py:179} INFO - Processing /Users/abhishekpatkar/Documents/Projects/af_file_loader/venv/lib/python3.11/site-packages/airflow/example_dags/tutorial_dag.py took 1.857 seconds
[2023-07-22T15:07:29.905-0500] {processor.py:157} INFO - Started process (PID=17653) to work on /Users/abhishekpatkar/Documents/Projects/af_file_loader/venv/lib/python3.11/site-packages/airflow/example_dags/tutorial_dag.py
[2023-07-22T15:07:29.917-0500] {processor.py:826} INFO - Processing file /Users/abhishekpatkar/Documents/Projects/af_file_loader/venv/lib/python3.11/site-packages/airflow/example_dags/tutorial_dag.py for tasks to queue
[2023-07-22T15:07:29.918-0500] {logging_mixin.py:150} INFO - [2023-07-22T15:07:29.917-0500] {dagbag.py:541} INFO - Filling up the DagBag from /Users/abhishekpatkar/Documents/Projects/af_file_loader/venv/lib/python3.11/site-packages/airflow/example_dags/tutorial_dag.py
[2023-07-22T15:07:30.247-0500] {processor.py:836} INFO - DAG(s) dict_keys(['tutorial_dag']) retrieved from /Users/abhishekpatkar/Documents/Projects/af_file_loader/venv/lib/python3.11/site-packages/airflow/example_dags/tutorial_dag.py
[2023-07-22T15:07:32.656-0500] {logging_mixin.py:150} INFO - [2023-07-22T15:07:32.656-0500] {dag.py:2742} INFO - Sync 1 DAGs
[2023-07-22T15:07:32.731-0500] {logging_mixin.py:150} INFO - [2023-07-22T15:07:32.731-0500] {dag.py:3504} INFO - Setting next_dagrun for tutorial_dag to None, run_after=None
[2023-07-22T15:07:32.806-0500] {processor.py:179} INFO - Processing /Users/abhishekpatkar/Documents/Projects/af_file_loader/venv/lib/python3.11/site-packages/airflow/example_dags/tutorial_dag.py took 2.903 seconds
[2023-07-22T15:12:20.730-0500] {processor.py:157} INFO - Started process (PID=17862) to work on /Users/abhishekpatkar/Documents/Projects/af_file_loader/venv/lib/python3.11/site-packages/airflow/example_dags/tutorial_dag.py
[2023-07-22T15:12:20.735-0500] {processor.py:826} INFO - Processing file /Users/abhishekpatkar/Documents/Projects/af_file_loader/venv/lib/python3.11/site-packages/airflow/example_dags/tutorial_dag.py for tasks to queue
[2023-07-22T15:12:20.735-0500] {logging_mixin.py:150} INFO - [2023-07-22T15:12:20.735-0500] {dagbag.py:541} INFO - Filling up the DagBag from /Users/abhishekpatkar/Documents/Projects/af_file_loader/venv/lib/python3.11/site-packages/airflow/example_dags/tutorial_dag.py
[2023-07-22T15:12:20.799-0500] {processor.py:836} INFO - DAG(s) dict_keys(['tutorial_dag']) retrieved from /Users/abhishekpatkar/Documents/Projects/af_file_loader/venv/lib/python3.11/site-packages/airflow/example_dags/tutorial_dag.py
[2023-07-22T15:12:21.595-0500] {logging_mixin.py:150} INFO - [2023-07-22T15:12:21.594-0500] {dag.py:2742} INFO - Sync 1 DAGs
[2023-07-22T15:12:21.616-0500] {logging_mixin.py:150} INFO - [2023-07-22T15:12:21.616-0500] {dag.py:3504} INFO - Setting next_dagrun for tutorial_dag to None, run_after=None
[2023-07-22T15:12:21.640-0500] {processor.py:179} INFO - Processing /Users/abhishekpatkar/Documents/Projects/af_file_loader/venv/lib/python3.11/site-packages/airflow/example_dags/tutorial_dag.py took 0.912 seconds
[2023-07-22T15:15:03.190-0500] {processor.py:157} INFO - Started process (PID=17953) to work on /Users/abhishekpatkar/Documents/Projects/af_file_loader/venv/lib/python3.11/site-packages/airflow/example_dags/tutorial_dag.py
[2023-07-22T15:15:03.195-0500] {processor.py:826} INFO - Processing file /Users/abhishekpatkar/Documents/Projects/af_file_loader/venv/lib/python3.11/site-packages/airflow/example_dags/tutorial_dag.py for tasks to queue
[2023-07-22T15:15:03.197-0500] {logging_mixin.py:150} INFO - [2023-07-22T15:15:03.197-0500] {dagbag.py:541} INFO - Filling up the DagBag from /Users/abhishekpatkar/Documents/Projects/af_file_loader/venv/lib/python3.11/site-packages/airflow/example_dags/tutorial_dag.py
[2023-07-22T15:15:03.279-0500] {processor.py:836} INFO - DAG(s) dict_keys(['tutorial_dag']) retrieved from /Users/abhishekpatkar/Documents/Projects/af_file_loader/venv/lib/python3.11/site-packages/airflow/example_dags/tutorial_dag.py
[2023-07-22T15:15:04.200-0500] {logging_mixin.py:150} INFO - [2023-07-22T15:15:04.199-0500] {dag.py:2742} INFO - Sync 1 DAGs
[2023-07-22T15:15:04.225-0500] {logging_mixin.py:150} INFO - [2023-07-22T15:15:04.225-0500] {dag.py:3504} INFO - Setting next_dagrun for tutorial_dag to None, run_after=None
[2023-07-22T15:15:04.256-0500] {processor.py:179} INFO - Processing /Users/abhishekpatkar/Documents/Projects/af_file_loader/venv/lib/python3.11/site-packages/airflow/example_dags/tutorial_dag.py took 1.067 seconds
[2023-07-22T15:17:54.339-0500] {processor.py:157} INFO - Started process (PID=18054) to work on /Users/abhishekpatkar/Documents/Projects/af_file_loader/venv/lib/python3.11/site-packages/airflow/example_dags/tutorial_dag.py
[2023-07-22T15:17:54.346-0500] {processor.py:826} INFO - Processing file /Users/abhishekpatkar/Documents/Projects/af_file_loader/venv/lib/python3.11/site-packages/airflow/example_dags/tutorial_dag.py for tasks to queue
[2023-07-22T15:17:54.347-0500] {logging_mixin.py:150} INFO - [2023-07-22T15:17:54.347-0500] {dagbag.py:541} INFO - Filling up the DagBag from /Users/abhishekpatkar/Documents/Projects/af_file_loader/venv/lib/python3.11/site-packages/airflow/example_dags/tutorial_dag.py
[2023-07-22T15:17:54.482-0500] {processor.py:836} INFO - DAG(s) dict_keys(['tutorial_dag']) retrieved from /Users/abhishekpatkar/Documents/Projects/af_file_loader/venv/lib/python3.11/site-packages/airflow/example_dags/tutorial_dag.py
[2023-07-22T15:17:55.958-0500] {logging_mixin.py:150} INFO - [2023-07-22T15:17:55.956-0500] {dag.py:2742} INFO - Sync 1 DAGs
[2023-07-22T15:17:55.986-0500] {logging_mixin.py:150} INFO - [2023-07-22T15:17:55.985-0500] {dag.py:3504} INFO - Setting next_dagrun for tutorial_dag to None, run_after=None
[2023-07-22T15:17:56.026-0500] {processor.py:179} INFO - Processing /Users/abhishekpatkar/Documents/Projects/af_file_loader/venv/lib/python3.11/site-packages/airflow/example_dags/tutorial_dag.py took 1.689 seconds
[2023-07-22T15:20:44.061-0500] {processor.py:157} INFO - Started process (PID=18157) to work on /Users/abhishekpatkar/Documents/Projects/af_file_loader/venv/lib/python3.11/site-packages/airflow/example_dags/tutorial_dag.py
[2023-07-22T15:20:44.072-0500] {processor.py:826} INFO - Processing file /Users/abhishekpatkar/Documents/Projects/af_file_loader/venv/lib/python3.11/site-packages/airflow/example_dags/tutorial_dag.py for tasks to queue
[2023-07-22T15:20:44.074-0500] {logging_mixin.py:150} INFO - [2023-07-22T15:20:44.073-0500] {dagbag.py:541} INFO - Filling up the DagBag from /Users/abhishekpatkar/Documents/Projects/af_file_loader/venv/lib/python3.11/site-packages/airflow/example_dags/tutorial_dag.py
[2023-07-22T15:20:44.210-0500] {processor.py:836} INFO - DAG(s) dict_keys(['tutorial_dag']) retrieved from /Users/abhishekpatkar/Documents/Projects/af_file_loader/venv/lib/python3.11/site-packages/airflow/example_dags/tutorial_dag.py
[2023-07-22T15:20:45.308-0500] {logging_mixin.py:150} INFO - [2023-07-22T15:20:45.307-0500] {dag.py:2742} INFO - Sync 1 DAGs
[2023-07-22T15:20:45.324-0500] {logging_mixin.py:150} INFO - [2023-07-22T15:20:45.324-0500] {dag.py:3504} INFO - Setting next_dagrun for tutorial_dag to None, run_after=None
[2023-07-22T15:20:45.346-0500] {processor.py:179} INFO - Processing /Users/abhishekpatkar/Documents/Projects/af_file_loader/venv/lib/python3.11/site-packages/airflow/example_dags/tutorial_dag.py took 1.287 seconds
[2023-07-22T15:23:13.980-0500] {processor.py:157} INFO - Started process (PID=18250) to work on /Users/abhishekpatkar/Documents/Projects/af_file_loader/venv/lib/python3.11/site-packages/airflow/example_dags/tutorial_dag.py
[2023-07-22T15:23:13.991-0500] {processor.py:826} INFO - Processing file /Users/abhishekpatkar/Documents/Projects/af_file_loader/venv/lib/python3.11/site-packages/airflow/example_dags/tutorial_dag.py for tasks to queue
[2023-07-22T15:23:13.993-0500] {logging_mixin.py:150} INFO - [2023-07-22T15:23:13.992-0500] {dagbag.py:541} INFO - Filling up the DagBag from /Users/abhishekpatkar/Documents/Projects/af_file_loader/venv/lib/python3.11/site-packages/airflow/example_dags/tutorial_dag.py
[2023-07-22T15:23:14.077-0500] {processor.py:836} INFO - DAG(s) dict_keys(['tutorial_dag']) retrieved from /Users/abhishekpatkar/Documents/Projects/af_file_loader/venv/lib/python3.11/site-packages/airflow/example_dags/tutorial_dag.py
[2023-07-22T15:23:14.786-0500] {logging_mixin.py:150} INFO - [2023-07-22T15:23:14.786-0500] {dag.py:2742} INFO - Sync 1 DAGs
[2023-07-22T15:23:14.806-0500] {logging_mixin.py:150} INFO - [2023-07-22T15:23:14.806-0500] {dag.py:3504} INFO - Setting next_dagrun for tutorial_dag to None, run_after=None
[2023-07-22T15:23:14.825-0500] {processor.py:179} INFO - Processing /Users/abhishekpatkar/Documents/Projects/af_file_loader/venv/lib/python3.11/site-packages/airflow/example_dags/tutorial_dag.py took 0.847 seconds
[2023-07-22T15:25:23.125-0500] {processor.py:157} INFO - Started process (PID=18340) to work on /Users/abhishekpatkar/Documents/Projects/af_file_loader/venv/lib/python3.11/site-packages/airflow/example_dags/tutorial_dag.py
[2023-07-22T15:25:23.131-0500] {processor.py:826} INFO - Processing file /Users/abhishekpatkar/Documents/Projects/af_file_loader/venv/lib/python3.11/site-packages/airflow/example_dags/tutorial_dag.py for tasks to queue
[2023-07-22T15:25:23.132-0500] {logging_mixin.py:150} INFO - [2023-07-22T15:25:23.131-0500] {dagbag.py:541} INFO - Filling up the DagBag from /Users/abhishekpatkar/Documents/Projects/af_file_loader/venv/lib/python3.11/site-packages/airflow/example_dags/tutorial_dag.py
[2023-07-22T15:25:23.211-0500] {processor.py:836} INFO - DAG(s) dict_keys(['tutorial_dag']) retrieved from /Users/abhishekpatkar/Documents/Projects/af_file_loader/venv/lib/python3.11/site-packages/airflow/example_dags/tutorial_dag.py
[2023-07-22T15:25:23.992-0500] {logging_mixin.py:150} INFO - [2023-07-22T15:25:23.992-0500] {dag.py:2742} INFO - Sync 1 DAGs
[2023-07-22T15:25:24.016-0500] {logging_mixin.py:150} INFO - [2023-07-22T15:25:24.015-0500] {dag.py:3504} INFO - Setting next_dagrun for tutorial_dag to None, run_after=None
[2023-07-22T15:25:24.052-0500] {processor.py:179} INFO - Processing /Users/abhishekpatkar/Documents/Projects/af_file_loader/venv/lib/python3.11/site-packages/airflow/example_dags/tutorial_dag.py took 0.929 seconds
[2023-07-22T15:28:55.945-0500] {processor.py:157} INFO - Started process (PID=18641) to work on /Users/abhishekpatkar/Documents/Projects/af_file_loader/venv/lib/python3.11/site-packages/airflow/example_dags/tutorial_dag.py
[2023-07-22T15:28:55.949-0500] {processor.py:826} INFO - Processing file /Users/abhishekpatkar/Documents/Projects/af_file_loader/venv/lib/python3.11/site-packages/airflow/example_dags/tutorial_dag.py for tasks to queue
[2023-07-22T15:28:55.949-0500] {logging_mixin.py:150} INFO - [2023-07-22T15:28:55.949-0500] {dagbag.py:541} INFO - Filling up the DagBag from /Users/abhishekpatkar/Documents/Projects/af_file_loader/venv/lib/python3.11/site-packages/airflow/example_dags/tutorial_dag.py
[2023-07-22T15:28:56.018-0500] {processor.py:836} INFO - DAG(s) dict_keys(['tutorial_dag']) retrieved from /Users/abhishekpatkar/Documents/Projects/af_file_loader/venv/lib/python3.11/site-packages/airflow/example_dags/tutorial_dag.py
[2023-07-22T15:28:57.418-0500] {logging_mixin.py:150} INFO - [2023-07-22T15:28:57.418-0500] {dag.py:2742} INFO - Sync 1 DAGs
[2023-07-22T15:28:57.462-0500] {logging_mixin.py:150} INFO - [2023-07-22T15:28:57.462-0500] {dag.py:3504} INFO - Setting next_dagrun for tutorial_dag to None, run_after=None
[2023-07-22T15:28:57.517-0500] {processor.py:179} INFO - Processing /Users/abhishekpatkar/Documents/Projects/af_file_loader/venv/lib/python3.11/site-packages/airflow/example_dags/tutorial_dag.py took 1.573 seconds
[2023-07-22T15:31:48.680-0500] {processor.py:157} INFO - Started process (PID=18814) to work on /Users/abhishekpatkar/Documents/Projects/af_file_loader/venv/lib/python3.11/site-packages/airflow/example_dags/tutorial_dag.py
[2023-07-22T15:31:48.684-0500] {processor.py:826} INFO - Processing file /Users/abhishekpatkar/Documents/Projects/af_file_loader/venv/lib/python3.11/site-packages/airflow/example_dags/tutorial_dag.py for tasks to queue
[2023-07-22T15:31:48.684-0500] {logging_mixin.py:150} INFO - [2023-07-22T15:31:48.684-0500] {dagbag.py:541} INFO - Filling up the DagBag from /Users/abhishekpatkar/Documents/Projects/af_file_loader/venv/lib/python3.11/site-packages/airflow/example_dags/tutorial_dag.py
[2023-07-22T15:31:48.746-0500] {processor.py:836} INFO - DAG(s) dict_keys(['tutorial_dag']) retrieved from /Users/abhishekpatkar/Documents/Projects/af_file_loader/venv/lib/python3.11/site-packages/airflow/example_dags/tutorial_dag.py
[2023-07-22T15:31:49.375-0500] {logging_mixin.py:150} INFO - [2023-07-22T15:31:49.375-0500] {dag.py:2742} INFO - Sync 1 DAGs
[2023-07-22T15:31:49.391-0500] {logging_mixin.py:150} INFO - [2023-07-22T15:31:49.390-0500] {dag.py:3504} INFO - Setting next_dagrun for tutorial_dag to None, run_after=None
[2023-07-22T15:31:49.410-0500] {processor.py:179} INFO - Processing /Users/abhishekpatkar/Documents/Projects/af_file_loader/venv/lib/python3.11/site-packages/airflow/example_dags/tutorial_dag.py took 0.731 seconds
[2023-07-22T15:33:44.809-0500] {processor.py:157} INFO - Started process (PID=18886) to work on /Users/abhishekpatkar/Documents/Projects/af_file_loader/venv/lib/python3.11/site-packages/airflow/example_dags/tutorial_dag.py
[2023-07-22T15:33:44.813-0500] {processor.py:826} INFO - Processing file /Users/abhishekpatkar/Documents/Projects/af_file_loader/venv/lib/python3.11/site-packages/airflow/example_dags/tutorial_dag.py for tasks to queue
[2023-07-22T15:33:44.814-0500] {logging_mixin.py:150} INFO - [2023-07-22T15:33:44.814-0500] {dagbag.py:541} INFO - Filling up the DagBag from /Users/abhishekpatkar/Documents/Projects/af_file_loader/venv/lib/python3.11/site-packages/airflow/example_dags/tutorial_dag.py
[2023-07-22T15:33:44.880-0500] {processor.py:836} INFO - DAG(s) dict_keys(['tutorial_dag']) retrieved from /Users/abhishekpatkar/Documents/Projects/af_file_loader/venv/lib/python3.11/site-packages/airflow/example_dags/tutorial_dag.py
[2023-07-22T15:33:45.481-0500] {logging_mixin.py:150} INFO - [2023-07-22T15:33:45.481-0500] {dag.py:2742} INFO - Sync 1 DAGs
[2023-07-22T15:33:45.497-0500] {logging_mixin.py:150} INFO - [2023-07-22T15:33:45.497-0500] {dag.py:3504} INFO - Setting next_dagrun for tutorial_dag to None, run_after=None
[2023-07-22T15:33:45.518-0500] {processor.py:179} INFO - Processing /Users/abhishekpatkar/Documents/Projects/af_file_loader/venv/lib/python3.11/site-packages/airflow/example_dags/tutorial_dag.py took 0.711 seconds
[2023-07-22T15:35:36.556-0500] {processor.py:157} INFO - Started process (PID=18983) to work on /Users/abhishekpatkar/Documents/Projects/af_file_loader/venv/lib/python3.11/site-packages/airflow/example_dags/tutorial_dag.py
[2023-07-22T15:35:36.561-0500] {processor.py:826} INFO - Processing file /Users/abhishekpatkar/Documents/Projects/af_file_loader/venv/lib/python3.11/site-packages/airflow/example_dags/tutorial_dag.py for tasks to queue
[2023-07-22T15:35:36.562-0500] {logging_mixin.py:150} INFO - [2023-07-22T15:35:36.561-0500] {dagbag.py:541} INFO - Filling up the DagBag from /Users/abhishekpatkar/Documents/Projects/af_file_loader/venv/lib/python3.11/site-packages/airflow/example_dags/tutorial_dag.py
[2023-07-22T15:35:36.625-0500] {processor.py:836} INFO - DAG(s) dict_keys(['tutorial_dag']) retrieved from /Users/abhishekpatkar/Documents/Projects/af_file_loader/venv/lib/python3.11/site-packages/airflow/example_dags/tutorial_dag.py
[2023-07-22T15:35:37.282-0500] {logging_mixin.py:150} INFO - [2023-07-22T15:35:37.282-0500] {dag.py:2742} INFO - Sync 1 DAGs
[2023-07-22T15:35:37.300-0500] {logging_mixin.py:150} INFO - [2023-07-22T15:35:37.300-0500] {dag.py:3504} INFO - Setting next_dagrun for tutorial_dag to None, run_after=None
[2023-07-22T15:35:37.320-0500] {processor.py:179} INFO - Processing /Users/abhishekpatkar/Documents/Projects/af_file_loader/venv/lib/python3.11/site-packages/airflow/example_dags/tutorial_dag.py took 0.764 seconds
[2023-07-22T15:46:57.393-0500] {processor.py:157} INFO - Started process (PID=19297) to work on /Users/abhishekpatkar/Documents/Projects/af_file_loader/venv/lib/python3.11/site-packages/airflow/example_dags/tutorial_dag.py
[2023-07-22T15:46:57.398-0500] {processor.py:826} INFO - Processing file /Users/abhishekpatkar/Documents/Projects/af_file_loader/venv/lib/python3.11/site-packages/airflow/example_dags/tutorial_dag.py for tasks to queue
[2023-07-22T15:46:57.399-0500] {logging_mixin.py:150} INFO - [2023-07-22T15:46:57.399-0500] {dagbag.py:541} INFO - Filling up the DagBag from /Users/abhishekpatkar/Documents/Projects/af_file_loader/venv/lib/python3.11/site-packages/airflow/example_dags/tutorial_dag.py
[2023-07-22T15:46:57.493-0500] {processor.py:836} INFO - DAG(s) dict_keys(['tutorial_dag']) retrieved from /Users/abhishekpatkar/Documents/Projects/af_file_loader/venv/lib/python3.11/site-packages/airflow/example_dags/tutorial_dag.py
[2023-07-22T15:46:58.447-0500] {logging_mixin.py:150} INFO - [2023-07-22T15:46:58.446-0500] {dag.py:2742} INFO - Sync 1 DAGs
[2023-07-22T15:46:58.492-0500] {logging_mixin.py:150} INFO - [2023-07-22T15:46:58.492-0500] {dag.py:3504} INFO - Setting next_dagrun for tutorial_dag to None, run_after=None
[2023-07-22T15:46:58.577-0500] {processor.py:179} INFO - Processing /Users/abhishekpatkar/Documents/Projects/af_file_loader/venv/lib/python3.11/site-packages/airflow/example_dags/tutorial_dag.py took 1.185 seconds
[2023-07-22T15:49:29.288-0500] {processor.py:157} INFO - Started process (PID=19502) to work on /Users/abhishekpatkar/Documents/Projects/af_file_loader/venv/lib/python3.11/site-packages/airflow/example_dags/tutorial_dag.py
[2023-07-22T15:49:29.293-0500] {processor.py:826} INFO - Processing file /Users/abhishekpatkar/Documents/Projects/af_file_loader/venv/lib/python3.11/site-packages/airflow/example_dags/tutorial_dag.py for tasks to queue
[2023-07-22T15:49:29.294-0500] {logging_mixin.py:150} INFO - [2023-07-22T15:49:29.294-0500] {dagbag.py:541} INFO - Filling up the DagBag from /Users/abhishekpatkar/Documents/Projects/af_file_loader/venv/lib/python3.11/site-packages/airflow/example_dags/tutorial_dag.py
[2023-07-22T15:49:29.366-0500] {processor.py:836} INFO - DAG(s) dict_keys(['tutorial_dag']) retrieved from /Users/abhishekpatkar/Documents/Projects/af_file_loader/venv/lib/python3.11/site-packages/airflow/example_dags/tutorial_dag.py
[2023-07-22T15:49:30.164-0500] {logging_mixin.py:150} INFO - [2023-07-22T15:49:30.164-0500] {dag.py:2742} INFO - Sync 1 DAGs
[2023-07-22T15:49:30.192-0500] {logging_mixin.py:150} INFO - [2023-07-22T15:49:30.191-0500] {dag.py:3504} INFO - Setting next_dagrun for tutorial_dag to None, run_after=None
[2023-07-22T15:49:30.218-0500] {processor.py:179} INFO - Processing /Users/abhishekpatkar/Documents/Projects/af_file_loader/venv/lib/python3.11/site-packages/airflow/example_dags/tutorial_dag.py took 0.931 seconds
[2023-07-22T15:52:04.090-0500] {processor.py:157} INFO - Started process (PID=19779) to work on /Users/abhishekpatkar/Documents/Projects/af_file_loader/venv/lib/python3.11/site-packages/airflow/example_dags/tutorial_dag.py
[2023-07-22T15:52:04.094-0500] {processor.py:826} INFO - Processing file /Users/abhishekpatkar/Documents/Projects/af_file_loader/venv/lib/python3.11/site-packages/airflow/example_dags/tutorial_dag.py for tasks to queue
[2023-07-22T15:52:04.095-0500] {logging_mixin.py:150} INFO - [2023-07-22T15:52:04.094-0500] {dagbag.py:541} INFO - Filling up the DagBag from /Users/abhishekpatkar/Documents/Projects/af_file_loader/venv/lib/python3.11/site-packages/airflow/example_dags/tutorial_dag.py
[2023-07-22T15:52:04.196-0500] {processor.py:836} INFO - DAG(s) dict_keys(['tutorial_dag']) retrieved from /Users/abhishekpatkar/Documents/Projects/af_file_loader/venv/lib/python3.11/site-packages/airflow/example_dags/tutorial_dag.py
[2023-07-22T15:52:05.310-0500] {logging_mixin.py:150} INFO - [2023-07-22T15:52:05.309-0500] {dag.py:2742} INFO - Sync 1 DAGs
[2023-07-22T15:52:05.408-0500] {logging_mixin.py:150} INFO - [2023-07-22T15:52:05.408-0500] {dag.py:3504} INFO - Setting next_dagrun for tutorial_dag to None, run_after=None
[2023-07-22T15:52:05.431-0500] {processor.py:179} INFO - Processing /Users/abhishekpatkar/Documents/Projects/af_file_loader/venv/lib/python3.11/site-packages/airflow/example_dags/tutorial_dag.py took 1.342 seconds
[2023-07-22T15:54:43.421-0500] {processor.py:157} INFO - Started process (PID=19941) to work on /Users/abhishekpatkar/Documents/Projects/af_file_loader/venv/lib/python3.11/site-packages/airflow/example_dags/tutorial_dag.py
[2023-07-22T15:54:43.428-0500] {processor.py:826} INFO - Processing file /Users/abhishekpatkar/Documents/Projects/af_file_loader/venv/lib/python3.11/site-packages/airflow/example_dags/tutorial_dag.py for tasks to queue
[2023-07-22T15:54:43.429-0500] {logging_mixin.py:150} INFO - [2023-07-22T15:54:43.429-0500] {dagbag.py:541} INFO - Filling up the DagBag from /Users/abhishekpatkar/Documents/Projects/af_file_loader/venv/lib/python3.11/site-packages/airflow/example_dags/tutorial_dag.py
[2023-07-22T15:54:43.661-0500] {processor.py:836} INFO - DAG(s) dict_keys(['tutorial_dag']) retrieved from /Users/abhishekpatkar/Documents/Projects/af_file_loader/venv/lib/python3.11/site-packages/airflow/example_dags/tutorial_dag.py
[2023-07-22T15:54:44.658-0500] {logging_mixin.py:150} INFO - [2023-07-22T15:54:44.658-0500] {dag.py:2742} INFO - Sync 1 DAGs
[2023-07-22T15:54:44.685-0500] {logging_mixin.py:150} INFO - [2023-07-22T15:54:44.684-0500] {dag.py:3504} INFO - Setting next_dagrun for tutorial_dag to None, run_after=None
[2023-07-22T15:54:44.711-0500] {processor.py:179} INFO - Processing /Users/abhishekpatkar/Documents/Projects/af_file_loader/venv/lib/python3.11/site-packages/airflow/example_dags/tutorial_dag.py took 1.292 seconds
[2023-07-22T15:57:24.613-0500] {processor.py:157} INFO - Started process (PID=20181) to work on /Users/abhishekpatkar/Documents/Projects/af_file_loader/venv/lib/python3.11/site-packages/airflow/example_dags/tutorial_dag.py
[2023-07-22T15:57:24.621-0500] {processor.py:826} INFO - Processing file /Users/abhishekpatkar/Documents/Projects/af_file_loader/venv/lib/python3.11/site-packages/airflow/example_dags/tutorial_dag.py for tasks to queue
[2023-07-22T15:57:24.622-0500] {logging_mixin.py:150} INFO - [2023-07-22T15:57:24.622-0500] {dagbag.py:541} INFO - Filling up the DagBag from /Users/abhishekpatkar/Documents/Projects/af_file_loader/venv/lib/python3.11/site-packages/airflow/example_dags/tutorial_dag.py
[2023-07-22T15:57:24.725-0500] {processor.py:836} INFO - DAG(s) dict_keys(['tutorial_dag']) retrieved from /Users/abhishekpatkar/Documents/Projects/af_file_loader/venv/lib/python3.11/site-packages/airflow/example_dags/tutorial_dag.py
[2023-07-22T15:57:25.679-0500] {logging_mixin.py:150} INFO - [2023-07-22T15:57:25.678-0500] {dag.py:2742} INFO - Sync 1 DAGs
[2023-07-22T15:57:25.705-0500] {logging_mixin.py:150} INFO - [2023-07-22T15:57:25.704-0500] {dag.py:3504} INFO - Setting next_dagrun for tutorial_dag to None, run_after=None
[2023-07-22T15:57:25.740-0500] {processor.py:179} INFO - Processing /Users/abhishekpatkar/Documents/Projects/af_file_loader/venv/lib/python3.11/site-packages/airflow/example_dags/tutorial_dag.py took 1.129 seconds
[2023-07-22T15:59:52.567-0500] {processor.py:157} INFO - Started process (PID=20293) to work on /Users/abhishekpatkar/Documents/Projects/af_file_loader/venv/lib/python3.11/site-packages/airflow/example_dags/tutorial_dag.py
[2023-07-22T15:59:52.571-0500] {processor.py:826} INFO - Processing file /Users/abhishekpatkar/Documents/Projects/af_file_loader/venv/lib/python3.11/site-packages/airflow/example_dags/tutorial_dag.py for tasks to queue
[2023-07-22T15:59:52.572-0500] {logging_mixin.py:150} INFO - [2023-07-22T15:59:52.572-0500] {dagbag.py:541} INFO - Filling up the DagBag from /Users/abhishekpatkar/Documents/Projects/af_file_loader/venv/lib/python3.11/site-packages/airflow/example_dags/tutorial_dag.py
[2023-07-22T15:59:52.662-0500] {processor.py:836} INFO - DAG(s) dict_keys(['tutorial_dag']) retrieved from /Users/abhishekpatkar/Documents/Projects/af_file_loader/venv/lib/python3.11/site-packages/airflow/example_dags/tutorial_dag.py
[2023-07-22T15:59:53.475-0500] {logging_mixin.py:150} INFO - [2023-07-22T15:59:53.474-0500] {dag.py:2742} INFO - Sync 1 DAGs
[2023-07-22T15:59:53.502-0500] {logging_mixin.py:150} INFO - [2023-07-22T15:59:53.502-0500] {dag.py:3504} INFO - Setting next_dagrun for tutorial_dag to None, run_after=None
[2023-07-22T15:59:53.534-0500] {processor.py:179} INFO - Processing /Users/abhishekpatkar/Documents/Projects/af_file_loader/venv/lib/python3.11/site-packages/airflow/example_dags/tutorial_dag.py took 0.970 seconds
[2023-07-22T16:02:21.654-0500] {processor.py:157} INFO - Started process (PID=20380) to work on /Users/abhishekpatkar/Documents/Projects/af_file_loader/venv/lib/python3.11/site-packages/airflow/example_dags/tutorial_dag.py
[2023-07-22T16:02:21.659-0500] {processor.py:826} INFO - Processing file /Users/abhishekpatkar/Documents/Projects/af_file_loader/venv/lib/python3.11/site-packages/airflow/example_dags/tutorial_dag.py for tasks to queue
[2023-07-22T16:02:21.660-0500] {logging_mixin.py:150} INFO - [2023-07-22T16:02:21.660-0500] {dagbag.py:541} INFO - Filling up the DagBag from /Users/abhishekpatkar/Documents/Projects/af_file_loader/venv/lib/python3.11/site-packages/airflow/example_dags/tutorial_dag.py
[2023-07-22T16:02:21.729-0500] {processor.py:836} INFO - DAG(s) dict_keys(['tutorial_dag']) retrieved from /Users/abhishekpatkar/Documents/Projects/af_file_loader/venv/lib/python3.11/site-packages/airflow/example_dags/tutorial_dag.py
[2023-07-22T16:02:22.405-0500] {logging_mixin.py:150} INFO - [2023-07-22T16:02:22.404-0500] {dag.py:2742} INFO - Sync 1 DAGs
[2023-07-22T16:02:22.422-0500] {logging_mixin.py:150} INFO - [2023-07-22T16:02:22.422-0500] {dag.py:3504} INFO - Setting next_dagrun for tutorial_dag to None, run_after=None
[2023-07-22T16:02:22.442-0500] {processor.py:179} INFO - Processing /Users/abhishekpatkar/Documents/Projects/af_file_loader/venv/lib/python3.11/site-packages/airflow/example_dags/tutorial_dag.py took 0.789 seconds
[2023-07-22T16:04:13.347-0500] {processor.py:157} INFO - Started process (PID=20456) to work on /Users/abhishekpatkar/Documents/Projects/af_file_loader/venv/lib/python3.11/site-packages/airflow/example_dags/tutorial_dag.py
[2023-07-22T16:04:13.351-0500] {processor.py:826} INFO - Processing file /Users/abhishekpatkar/Documents/Projects/af_file_loader/venv/lib/python3.11/site-packages/airflow/example_dags/tutorial_dag.py for tasks to queue
[2023-07-22T16:04:13.352-0500] {logging_mixin.py:150} INFO - [2023-07-22T16:04:13.352-0500] {dagbag.py:541} INFO - Filling up the DagBag from /Users/abhishekpatkar/Documents/Projects/af_file_loader/venv/lib/python3.11/site-packages/airflow/example_dags/tutorial_dag.py
[2023-07-22T16:04:13.416-0500] {processor.py:836} INFO - DAG(s) dict_keys(['tutorial_dag']) retrieved from /Users/abhishekpatkar/Documents/Projects/af_file_loader/venv/lib/python3.11/site-packages/airflow/example_dags/tutorial_dag.py
[2023-07-22T16:04:14.030-0500] {logging_mixin.py:150} INFO - [2023-07-22T16:04:14.030-0500] {dag.py:2742} INFO - Sync 1 DAGs
[2023-07-22T16:04:14.046-0500] {logging_mixin.py:150} INFO - [2023-07-22T16:04:14.046-0500] {dag.py:3504} INFO - Setting next_dagrun for tutorial_dag to None, run_after=None
[2023-07-22T16:04:14.066-0500] {processor.py:179} INFO - Processing /Users/abhishekpatkar/Documents/Projects/af_file_loader/venv/lib/python3.11/site-packages/airflow/example_dags/tutorial_dag.py took 0.720 seconds
[2023-07-22T16:06:01.184-0500] {processor.py:157} INFO - Started process (PID=20536) to work on /Users/abhishekpatkar/Documents/Projects/af_file_loader/venv/lib/python3.11/site-packages/airflow/example_dags/tutorial_dag.py
[2023-07-22T16:06:01.188-0500] {processor.py:826} INFO - Processing file /Users/abhishekpatkar/Documents/Projects/af_file_loader/venv/lib/python3.11/site-packages/airflow/example_dags/tutorial_dag.py for tasks to queue
[2023-07-22T16:06:01.189-0500] {logging_mixin.py:150} INFO - [2023-07-22T16:06:01.188-0500] {dagbag.py:541} INFO - Filling up the DagBag from /Users/abhishekpatkar/Documents/Projects/af_file_loader/venv/lib/python3.11/site-packages/airflow/example_dags/tutorial_dag.py
[2023-07-22T16:06:01.252-0500] {processor.py:836} INFO - DAG(s) dict_keys(['tutorial_dag']) retrieved from /Users/abhishekpatkar/Documents/Projects/af_file_loader/venv/lib/python3.11/site-packages/airflow/example_dags/tutorial_dag.py
[2023-07-22T16:06:01.864-0500] {logging_mixin.py:150} INFO - [2023-07-22T16:06:01.864-0500] {dag.py:2742} INFO - Sync 1 DAGs
[2023-07-22T16:06:01.881-0500] {logging_mixin.py:150} INFO - [2023-07-22T16:06:01.880-0500] {dag.py:3504} INFO - Setting next_dagrun for tutorial_dag to None, run_after=None
[2023-07-22T16:06:01.900-0500] {processor.py:179} INFO - Processing /Users/abhishekpatkar/Documents/Projects/af_file_loader/venv/lib/python3.11/site-packages/airflow/example_dags/tutorial_dag.py took 0.717 seconds
[2023-07-22T16:07:52.781-0500] {processor.py:157} INFO - Started process (PID=20631) to work on /Users/abhishekpatkar/Documents/Projects/af_file_loader/venv/lib/python3.11/site-packages/airflow/example_dags/tutorial_dag.py
[2023-07-22T16:07:52.786-0500] {processor.py:826} INFO - Processing file /Users/abhishekpatkar/Documents/Projects/af_file_loader/venv/lib/python3.11/site-packages/airflow/example_dags/tutorial_dag.py for tasks to queue
[2023-07-22T16:07:52.786-0500] {logging_mixin.py:150} INFO - [2023-07-22T16:07:52.786-0500] {dagbag.py:541} INFO - Filling up the DagBag from /Users/abhishekpatkar/Documents/Projects/af_file_loader/venv/lib/python3.11/site-packages/airflow/example_dags/tutorial_dag.py
[2023-07-22T16:07:52.850-0500] {processor.py:836} INFO - DAG(s) dict_keys(['tutorial_dag']) retrieved from /Users/abhishekpatkar/Documents/Projects/af_file_loader/venv/lib/python3.11/site-packages/airflow/example_dags/tutorial_dag.py
[2023-07-22T16:07:53.475-0500] {logging_mixin.py:150} INFO - [2023-07-22T16:07:53.474-0500] {dag.py:2742} INFO - Sync 1 DAGs
[2023-07-22T16:07:53.490-0500] {logging_mixin.py:150} INFO - [2023-07-22T16:07:53.490-0500] {dag.py:3504} INFO - Setting next_dagrun for tutorial_dag to None, run_after=None
[2023-07-22T16:07:53.510-0500] {processor.py:179} INFO - Processing /Users/abhishekpatkar/Documents/Projects/af_file_loader/venv/lib/python3.11/site-packages/airflow/example_dags/tutorial_dag.py took 0.729 seconds
[2023-07-22T16:09:44.975-0500] {processor.py:157} INFO - Started process (PID=20705) to work on /Users/abhishekpatkar/Documents/Projects/af_file_loader/venv/lib/python3.11/site-packages/airflow/example_dags/tutorial_dag.py
[2023-07-22T16:09:44.978-0500] {processor.py:826} INFO - Processing file /Users/abhishekpatkar/Documents/Projects/af_file_loader/venv/lib/python3.11/site-packages/airflow/example_dags/tutorial_dag.py for tasks to queue
[2023-07-22T16:09:44.979-0500] {logging_mixin.py:150} INFO - [2023-07-22T16:09:44.979-0500] {dagbag.py:541} INFO - Filling up the DagBag from /Users/abhishekpatkar/Documents/Projects/af_file_loader/venv/lib/python3.11/site-packages/airflow/example_dags/tutorial_dag.py
[2023-07-22T16:09:45.040-0500] {processor.py:836} INFO - DAG(s) dict_keys(['tutorial_dag']) retrieved from /Users/abhishekpatkar/Documents/Projects/af_file_loader/venv/lib/python3.11/site-packages/airflow/example_dags/tutorial_dag.py
[2023-07-22T16:09:45.632-0500] {logging_mixin.py:150} INFO - [2023-07-22T16:09:45.632-0500] {dag.py:2742} INFO - Sync 1 DAGs
[2023-07-22T16:09:45.647-0500] {logging_mixin.py:150} INFO - [2023-07-22T16:09:45.647-0500] {dag.py:3504} INFO - Setting next_dagrun for tutorial_dag to None, run_after=None
[2023-07-22T16:09:45.666-0500] {processor.py:179} INFO - Processing /Users/abhishekpatkar/Documents/Projects/af_file_loader/venv/lib/python3.11/site-packages/airflow/example_dags/tutorial_dag.py took 0.692 seconds
[2023-07-22T16:23:13.405-0500] {processor.py:157} INFO - Started process (PID=20775) to work on /Users/abhishekpatkar/Documents/Projects/af_file_loader/venv/lib/python3.11/site-packages/airflow/example_dags/tutorial_dag.py
[2023-07-22T16:23:13.412-0500] {processor.py:826} INFO - Processing file /Users/abhishekpatkar/Documents/Projects/af_file_loader/venv/lib/python3.11/site-packages/airflow/example_dags/tutorial_dag.py for tasks to queue
[2023-07-22T16:23:13.413-0500] {logging_mixin.py:150} INFO - [2023-07-22T16:23:13.413-0500] {dagbag.py:541} INFO - Filling up the DagBag from /Users/abhishekpatkar/Documents/Projects/af_file_loader/venv/lib/python3.11/site-packages/airflow/example_dags/tutorial_dag.py
[2023-07-22T16:23:13.489-0500] {processor.py:836} INFO - DAG(s) dict_keys(['tutorial_dag']) retrieved from /Users/abhishekpatkar/Documents/Projects/af_file_loader/venv/lib/python3.11/site-packages/airflow/example_dags/tutorial_dag.py
[2023-07-22T16:23:14.274-0500] {logging_mixin.py:150} INFO - [2023-07-22T16:23:14.273-0500] {dag.py:2742} INFO - Sync 1 DAGs
[2023-07-22T16:23:14.304-0500] {logging_mixin.py:150} INFO - [2023-07-22T16:23:14.304-0500] {dag.py:3504} INFO - Setting next_dagrun for tutorial_dag to None, run_after=None
[2023-07-22T16:23:14.338-0500] {processor.py:179} INFO - Processing /Users/abhishekpatkar/Documents/Projects/af_file_loader/venv/lib/python3.11/site-packages/airflow/example_dags/tutorial_dag.py took 0.934 seconds
[2023-07-22T16:25:58.070-0500] {processor.py:157} INFO - Started process (PID=20955) to work on /Users/abhishekpatkar/Documents/Projects/af_file_loader/venv/lib/python3.11/site-packages/airflow/example_dags/tutorial_dag.py
[2023-07-22T16:25:58.077-0500] {processor.py:826} INFO - Processing file /Users/abhishekpatkar/Documents/Projects/af_file_loader/venv/lib/python3.11/site-packages/airflow/example_dags/tutorial_dag.py for tasks to queue
[2023-07-22T16:25:58.078-0500] {logging_mixin.py:150} INFO - [2023-07-22T16:25:58.077-0500] {dagbag.py:541} INFO - Filling up the DagBag from /Users/abhishekpatkar/Documents/Projects/af_file_loader/venv/lib/python3.11/site-packages/airflow/example_dags/tutorial_dag.py
[2023-07-22T16:25:58.199-0500] {processor.py:836} INFO - DAG(s) dict_keys(['tutorial_dag']) retrieved from /Users/abhishekpatkar/Documents/Projects/af_file_loader/venv/lib/python3.11/site-packages/airflow/example_dags/tutorial_dag.py
[2023-07-22T16:25:59.994-0500] {logging_mixin.py:150} INFO - [2023-07-22T16:25:59.994-0500] {dag.py:2742} INFO - Sync 1 DAGs
[2023-07-22T16:26:00.018-0500] {logging_mixin.py:150} INFO - [2023-07-22T16:26:00.017-0500] {dag.py:3504} INFO - Setting next_dagrun for tutorial_dag to None, run_after=None
[2023-07-22T16:26:00.050-0500] {processor.py:179} INFO - Processing /Users/abhishekpatkar/Documents/Projects/af_file_loader/venv/lib/python3.11/site-packages/airflow/example_dags/tutorial_dag.py took 1.986 seconds
[2023-07-22T16:29:22.799-0500] {processor.py:157} INFO - Started process (PID=21074) to work on /Users/abhishekpatkar/Documents/Projects/af_file_loader/venv/lib/python3.11/site-packages/airflow/example_dags/tutorial_dag.py
[2023-07-22T16:29:22.804-0500] {processor.py:826} INFO - Processing file /Users/abhishekpatkar/Documents/Projects/af_file_loader/venv/lib/python3.11/site-packages/airflow/example_dags/tutorial_dag.py for tasks to queue
[2023-07-22T16:29:22.805-0500] {logging_mixin.py:150} INFO - [2023-07-22T16:29:22.805-0500] {dagbag.py:541} INFO - Filling up the DagBag from /Users/abhishekpatkar/Documents/Projects/af_file_loader/venv/lib/python3.11/site-packages/airflow/example_dags/tutorial_dag.py
[2023-07-22T16:29:22.896-0500] {processor.py:836} INFO - DAG(s) dict_keys(['tutorial_dag']) retrieved from /Users/abhishekpatkar/Documents/Projects/af_file_loader/venv/lib/python3.11/site-packages/airflow/example_dags/tutorial_dag.py
[2023-07-22T16:29:24.067-0500] {logging_mixin.py:150} INFO - [2023-07-22T16:29:24.066-0500] {dag.py:2742} INFO - Sync 1 DAGs
[2023-07-22T16:29:24.089-0500] {logging_mixin.py:150} INFO - [2023-07-22T16:29:24.089-0500] {dag.py:3504} INFO - Setting next_dagrun for tutorial_dag to None, run_after=None
[2023-07-22T16:29:24.114-0500] {processor.py:179} INFO - Processing /Users/abhishekpatkar/Documents/Projects/af_file_loader/venv/lib/python3.11/site-packages/airflow/example_dags/tutorial_dag.py took 1.316 seconds
[2023-07-22T16:32:35.329-0500] {processor.py:157} INFO - Started process (PID=21178) to work on /Users/abhishekpatkar/Documents/Projects/af_file_loader/venv/lib/python3.11/site-packages/airflow/example_dags/tutorial_dag.py
[2023-07-22T16:32:35.334-0500] {processor.py:826} INFO - Processing file /Users/abhishekpatkar/Documents/Projects/af_file_loader/venv/lib/python3.11/site-packages/airflow/example_dags/tutorial_dag.py for tasks to queue
[2023-07-22T16:32:35.335-0500] {logging_mixin.py:150} INFO - [2023-07-22T16:32:35.335-0500] {dagbag.py:541} INFO - Filling up the DagBag from /Users/abhishekpatkar/Documents/Projects/af_file_loader/venv/lib/python3.11/site-packages/airflow/example_dags/tutorial_dag.py
[2023-07-22T16:32:35.427-0500] {processor.py:836} INFO - DAG(s) dict_keys(['tutorial_dag']) retrieved from /Users/abhishekpatkar/Documents/Projects/af_file_loader/venv/lib/python3.11/site-packages/airflow/example_dags/tutorial_dag.py
[2023-07-22T16:32:36.268-0500] {logging_mixin.py:150} INFO - [2023-07-22T16:32:36.267-0500] {dag.py:2742} INFO - Sync 1 DAGs
[2023-07-22T16:32:36.294-0500] {logging_mixin.py:150} INFO - [2023-07-22T16:32:36.293-0500] {dag.py:3504} INFO - Setting next_dagrun for tutorial_dag to None, run_after=None
[2023-07-22T16:32:36.323-0500] {processor.py:179} INFO - Processing /Users/abhishekpatkar/Documents/Projects/af_file_loader/venv/lib/python3.11/site-packages/airflow/example_dags/tutorial_dag.py took 0.995 seconds
[2023-07-22T16:36:00.884-0500] {processor.py:157} INFO - Started process (PID=21283) to work on /Users/abhishekpatkar/Documents/Projects/af_file_loader/venv/lib/python3.11/site-packages/airflow/example_dags/tutorial_dag.py
[2023-07-22T16:36:00.898-0500] {processor.py:826} INFO - Processing file /Users/abhishekpatkar/Documents/Projects/af_file_loader/venv/lib/python3.11/site-packages/airflow/example_dags/tutorial_dag.py for tasks to queue
[2023-07-22T16:36:00.899-0500] {logging_mixin.py:150} INFO - [2023-07-22T16:36:00.899-0500] {dagbag.py:541} INFO - Filling up the DagBag from /Users/abhishekpatkar/Documents/Projects/af_file_loader/venv/lib/python3.11/site-packages/airflow/example_dags/tutorial_dag.py
[2023-07-22T16:36:01.027-0500] {processor.py:836} INFO - DAG(s) dict_keys(['tutorial_dag']) retrieved from /Users/abhishekpatkar/Documents/Projects/af_file_loader/venv/lib/python3.11/site-packages/airflow/example_dags/tutorial_dag.py
[2023-07-22T16:36:02.058-0500] {logging_mixin.py:150} INFO - [2023-07-22T16:36:02.058-0500] {dag.py:2742} INFO - Sync 1 DAGs
[2023-07-22T16:36:02.082-0500] {logging_mixin.py:150} INFO - [2023-07-22T16:36:02.082-0500] {dag.py:3504} INFO - Setting next_dagrun for tutorial_dag to None, run_after=None
[2023-07-22T16:36:02.120-0500] {processor.py:179} INFO - Processing /Users/abhishekpatkar/Documents/Projects/af_file_loader/venv/lib/python3.11/site-packages/airflow/example_dags/tutorial_dag.py took 1.237 seconds
[2023-07-22T16:41:10.952-0500] {processor.py:157} INFO - Started process (PID=21492) to work on /Users/abhishekpatkar/Documents/Projects/af_file_loader/venv/lib/python3.11/site-packages/airflow/example_dags/tutorial_dag.py
[2023-07-22T16:41:10.958-0500] {processor.py:826} INFO - Processing file /Users/abhishekpatkar/Documents/Projects/af_file_loader/venv/lib/python3.11/site-packages/airflow/example_dags/tutorial_dag.py for tasks to queue
[2023-07-22T16:41:10.959-0500] {logging_mixin.py:150} INFO - [2023-07-22T16:41:10.958-0500] {dagbag.py:541} INFO - Filling up the DagBag from /Users/abhishekpatkar/Documents/Projects/af_file_loader/venv/lib/python3.11/site-packages/airflow/example_dags/tutorial_dag.py
[2023-07-22T16:41:11.069-0500] {processor.py:836} INFO - DAG(s) dict_keys(['tutorial_dag']) retrieved from /Users/abhishekpatkar/Documents/Projects/af_file_loader/venv/lib/python3.11/site-packages/airflow/example_dags/tutorial_dag.py
[2023-07-22T16:41:12.239-0500] {logging_mixin.py:150} INFO - [2023-07-22T16:41:12.238-0500] {dag.py:2742} INFO - Sync 1 DAGs
[2023-07-22T16:41:12.273-0500] {logging_mixin.py:150} INFO - [2023-07-22T16:41:12.273-0500] {dag.py:3504} INFO - Setting next_dagrun for tutorial_dag to None, run_after=None
[2023-07-22T16:41:12.314-0500] {processor.py:179} INFO - Processing /Users/abhishekpatkar/Documents/Projects/af_file_loader/venv/lib/python3.11/site-packages/airflow/example_dags/tutorial_dag.py took 1.363 seconds
[2023-07-22T16:45:06.815-0500] {processor.py:157} INFO - Started process (PID=21615) to work on /Users/abhishekpatkar/Documents/Projects/af_file_loader/venv/lib/python3.11/site-packages/airflow/example_dags/tutorial_dag.py
[2023-07-22T16:45:06.824-0500] {processor.py:826} INFO - Processing file /Users/abhishekpatkar/Documents/Projects/af_file_loader/venv/lib/python3.11/site-packages/airflow/example_dags/tutorial_dag.py for tasks to queue
[2023-07-22T16:45:06.825-0500] {logging_mixin.py:150} INFO - [2023-07-22T16:45:06.825-0500] {dagbag.py:541} INFO - Filling up the DagBag from /Users/abhishekpatkar/Documents/Projects/af_file_loader/venv/lib/python3.11/site-packages/airflow/example_dags/tutorial_dag.py
[2023-07-22T16:45:07.054-0500] {processor.py:836} INFO - DAG(s) dict_keys(['tutorial_dag']) retrieved from /Users/abhishekpatkar/Documents/Projects/af_file_loader/venv/lib/python3.11/site-packages/airflow/example_dags/tutorial_dag.py
[2023-07-22T16:45:08.286-0500] {logging_mixin.py:150} INFO - [2023-07-22T16:45:08.285-0500] {dag.py:2742} INFO - Sync 1 DAGs
[2023-07-22T16:45:08.332-0500] {logging_mixin.py:150} INFO - [2023-07-22T16:45:08.331-0500] {dag.py:3504} INFO - Setting next_dagrun for tutorial_dag to None, run_after=None
[2023-07-22T16:45:08.388-0500] {processor.py:179} INFO - Processing /Users/abhishekpatkar/Documents/Projects/af_file_loader/venv/lib/python3.11/site-packages/airflow/example_dags/tutorial_dag.py took 1.574 seconds
[2023-07-22T16:48:41.534-0500] {processor.py:157} INFO - Started process (PID=21722) to work on /Users/abhishekpatkar/Documents/Projects/af_file_loader/venv/lib/python3.11/site-packages/airflow/example_dags/tutorial_dag.py
[2023-07-22T16:48:41.544-0500] {processor.py:826} INFO - Processing file /Users/abhishekpatkar/Documents/Projects/af_file_loader/venv/lib/python3.11/site-packages/airflow/example_dags/tutorial_dag.py for tasks to queue
[2023-07-22T16:48:41.544-0500] {logging_mixin.py:150} INFO - [2023-07-22T16:48:41.544-0500] {dagbag.py:541} INFO - Filling up the DagBag from /Users/abhishekpatkar/Documents/Projects/af_file_loader/venv/lib/python3.11/site-packages/airflow/example_dags/tutorial_dag.py
[2023-07-22T16:48:41.686-0500] {processor.py:836} INFO - DAG(s) dict_keys(['tutorial_dag']) retrieved from /Users/abhishekpatkar/Documents/Projects/af_file_loader/venv/lib/python3.11/site-packages/airflow/example_dags/tutorial_dag.py
[2023-07-22T16:48:43.365-0500] {logging_mixin.py:150} INFO - [2023-07-22T16:48:43.365-0500] {dag.py:2742} INFO - Sync 1 DAGs
[2023-07-22T16:48:43.475-0500] {logging_mixin.py:150} INFO - [2023-07-22T16:48:43.474-0500] {dag.py:3504} INFO - Setting next_dagrun for tutorial_dag to None, run_after=None
[2023-07-22T16:48:43.516-0500] {processor.py:179} INFO - Processing /Users/abhishekpatkar/Documents/Projects/af_file_loader/venv/lib/python3.11/site-packages/airflow/example_dags/tutorial_dag.py took 1.984 seconds
[2023-07-22T16:52:36.727-0500] {processor.py:157} INFO - Started process (PID=21841) to work on /Users/abhishekpatkar/Documents/Projects/af_file_loader/venv/lib/python3.11/site-packages/airflow/example_dags/tutorial_dag.py
[2023-07-22T16:52:36.747-0500] {processor.py:826} INFO - Processing file /Users/abhishekpatkar/Documents/Projects/af_file_loader/venv/lib/python3.11/site-packages/airflow/example_dags/tutorial_dag.py for tasks to queue
[2023-07-22T16:52:36.747-0500] {logging_mixin.py:150} INFO - [2023-07-22T16:52:36.747-0500] {dagbag.py:541} INFO - Filling up the DagBag from /Users/abhishekpatkar/Documents/Projects/af_file_loader/venv/lib/python3.11/site-packages/airflow/example_dags/tutorial_dag.py
[2023-07-22T16:52:36.927-0500] {processor.py:836} INFO - DAG(s) dict_keys(['tutorial_dag']) retrieved from /Users/abhishekpatkar/Documents/Projects/af_file_loader/venv/lib/python3.11/site-packages/airflow/example_dags/tutorial_dag.py
[2023-07-22T16:52:38.385-0500] {logging_mixin.py:150} INFO - [2023-07-22T16:52:38.385-0500] {dag.py:2742} INFO - Sync 1 DAGs
[2023-07-22T16:52:38.431-0500] {logging_mixin.py:150} INFO - [2023-07-22T16:52:38.431-0500] {dag.py:3504} INFO - Setting next_dagrun for tutorial_dag to None, run_after=None
[2023-07-22T16:52:38.479-0500] {processor.py:179} INFO - Processing /Users/abhishekpatkar/Documents/Projects/af_file_loader/venv/lib/python3.11/site-packages/airflow/example_dags/tutorial_dag.py took 1.755 seconds
[2023-07-22T16:55:58.460-0500] {processor.py:157} INFO - Started process (PID=21959) to work on /Users/abhishekpatkar/Documents/Projects/af_file_loader/venv/lib/python3.11/site-packages/airflow/example_dags/tutorial_dag.py
[2023-07-22T16:55:58.467-0500] {processor.py:826} INFO - Processing file /Users/abhishekpatkar/Documents/Projects/af_file_loader/venv/lib/python3.11/site-packages/airflow/example_dags/tutorial_dag.py for tasks to queue
[2023-07-22T16:55:58.468-0500] {logging_mixin.py:150} INFO - [2023-07-22T16:55:58.467-0500] {dagbag.py:541} INFO - Filling up the DagBag from /Users/abhishekpatkar/Documents/Projects/af_file_loader/venv/lib/python3.11/site-packages/airflow/example_dags/tutorial_dag.py
[2023-07-22T16:55:58.558-0500] {processor.py:836} INFO - DAG(s) dict_keys(['tutorial_dag']) retrieved from /Users/abhishekpatkar/Documents/Projects/af_file_loader/venv/lib/python3.11/site-packages/airflow/example_dags/tutorial_dag.py
[2023-07-22T16:55:59.719-0500] {logging_mixin.py:150} INFO - [2023-07-22T16:55:59.718-0500] {dag.py:2742} INFO - Sync 1 DAGs
[2023-07-22T16:55:59.742-0500] {logging_mixin.py:150} INFO - [2023-07-22T16:55:59.742-0500] {dag.py:3504} INFO - Setting next_dagrun for tutorial_dag to None, run_after=None
[2023-07-22T16:55:59.781-0500] {processor.py:179} INFO - Processing /Users/abhishekpatkar/Documents/Projects/af_file_loader/venv/lib/python3.11/site-packages/airflow/example_dags/tutorial_dag.py took 1.322 seconds
[2023-07-22T16:58:55.039-0500] {processor.py:157} INFO - Started process (PID=22053) to work on /Users/abhishekpatkar/Documents/Projects/af_file_loader/venv/lib/python3.11/site-packages/airflow/example_dags/tutorial_dag.py
[2023-07-22T16:58:55.043-0500] {processor.py:826} INFO - Processing file /Users/abhishekpatkar/Documents/Projects/af_file_loader/venv/lib/python3.11/site-packages/airflow/example_dags/tutorial_dag.py for tasks to queue
[2023-07-22T16:58:55.044-0500] {logging_mixin.py:150} INFO - [2023-07-22T16:58:55.044-0500] {dagbag.py:541} INFO - Filling up the DagBag from /Users/abhishekpatkar/Documents/Projects/af_file_loader/venv/lib/python3.11/site-packages/airflow/example_dags/tutorial_dag.py
[2023-07-22T16:58:55.155-0500] {processor.py:836} INFO - DAG(s) dict_keys(['tutorial_dag']) retrieved from /Users/abhishekpatkar/Documents/Projects/af_file_loader/venv/lib/python3.11/site-packages/airflow/example_dags/tutorial_dag.py
[2023-07-22T16:58:56.258-0500] {logging_mixin.py:150} INFO - [2023-07-22T16:58:56.258-0500] {dag.py:2742} INFO - Sync 1 DAGs
[2023-07-22T16:58:56.288-0500] {logging_mixin.py:150} INFO - [2023-07-22T16:58:56.288-0500] {dag.py:3504} INFO - Setting next_dagrun for tutorial_dag to None, run_after=None
[2023-07-22T16:58:56.325-0500] {processor.py:179} INFO - Processing /Users/abhishekpatkar/Documents/Projects/af_file_loader/venv/lib/python3.11/site-packages/airflow/example_dags/tutorial_dag.py took 1.286 seconds
[2023-07-22T17:03:04.879-0500] {processor.py:157} INFO - Started process (PID=22231) to work on /Users/abhishekpatkar/Documents/Projects/af_file_loader/venv/lib/python3.11/site-packages/airflow/example_dags/tutorial_dag.py
[2023-07-22T17:03:04.884-0500] {processor.py:826} INFO - Processing file /Users/abhishekpatkar/Documents/Projects/af_file_loader/venv/lib/python3.11/site-packages/airflow/example_dags/tutorial_dag.py for tasks to queue
[2023-07-22T17:03:04.885-0500] {logging_mixin.py:150} INFO - [2023-07-22T17:03:04.885-0500] {dagbag.py:541} INFO - Filling up the DagBag from /Users/abhishekpatkar/Documents/Projects/af_file_loader/venv/lib/python3.11/site-packages/airflow/example_dags/tutorial_dag.py
[2023-07-22T17:03:04.949-0500] {processor.py:836} INFO - DAG(s) dict_keys(['tutorial_dag']) retrieved from /Users/abhishekpatkar/Documents/Projects/af_file_loader/venv/lib/python3.11/site-packages/airflow/example_dags/tutorial_dag.py
[2023-07-22T17:03:05.586-0500] {logging_mixin.py:150} INFO - [2023-07-22T17:03:05.586-0500] {dag.py:2742} INFO - Sync 1 DAGs
[2023-07-22T17:03:05.602-0500] {logging_mixin.py:150} INFO - [2023-07-22T17:03:05.602-0500] {dag.py:3504} INFO - Setting next_dagrun for tutorial_dag to None, run_after=None
[2023-07-22T17:03:05.623-0500] {processor.py:179} INFO - Processing /Users/abhishekpatkar/Documents/Projects/af_file_loader/venv/lib/python3.11/site-packages/airflow/example_dags/tutorial_dag.py took 0.745 seconds
[2023-07-22T17:05:20.796-0500] {processor.py:157} INFO - Started process (PID=22316) to work on /Users/abhishekpatkar/Documents/Projects/af_file_loader/venv/lib/python3.11/site-packages/airflow/example_dags/tutorial_dag.py
[2023-07-22T17:05:20.801-0500] {processor.py:826} INFO - Processing file /Users/abhishekpatkar/Documents/Projects/af_file_loader/venv/lib/python3.11/site-packages/airflow/example_dags/tutorial_dag.py for tasks to queue
[2023-07-22T17:05:20.801-0500] {logging_mixin.py:150} INFO - [2023-07-22T17:05:20.801-0500] {dagbag.py:541} INFO - Filling up the DagBag from /Users/abhishekpatkar/Documents/Projects/af_file_loader/venv/lib/python3.11/site-packages/airflow/example_dags/tutorial_dag.py
[2023-07-22T17:05:20.874-0500] {processor.py:836} INFO - DAG(s) dict_keys(['tutorial_dag']) retrieved from /Users/abhishekpatkar/Documents/Projects/af_file_loader/venv/lib/python3.11/site-packages/airflow/example_dags/tutorial_dag.py
[2023-07-22T17:05:21.562-0500] {logging_mixin.py:150} INFO - [2023-07-22T17:05:21.562-0500] {dag.py:2742} INFO - Sync 1 DAGs
[2023-07-22T17:05:21.583-0500] {logging_mixin.py:150} INFO - [2023-07-22T17:05:21.583-0500] {dag.py:3504} INFO - Setting next_dagrun for tutorial_dag to None, run_after=None
[2023-07-22T17:05:21.608-0500] {processor.py:179} INFO - Processing /Users/abhishekpatkar/Documents/Projects/af_file_loader/venv/lib/python3.11/site-packages/airflow/example_dags/tutorial_dag.py took 0.813 seconds
[2023-07-22T17:07:15.426-0500] {processor.py:157} INFO - Started process (PID=22391) to work on /Users/abhishekpatkar/Documents/Projects/af_file_loader/venv/lib/python3.11/site-packages/airflow/example_dags/tutorial_dag.py
[2023-07-22T17:07:15.431-0500] {processor.py:826} INFO - Processing file /Users/abhishekpatkar/Documents/Projects/af_file_loader/venv/lib/python3.11/site-packages/airflow/example_dags/tutorial_dag.py for tasks to queue
[2023-07-22T17:07:15.431-0500] {logging_mixin.py:150} INFO - [2023-07-22T17:07:15.431-0500] {dagbag.py:541} INFO - Filling up the DagBag from /Users/abhishekpatkar/Documents/Projects/af_file_loader/venv/lib/python3.11/site-packages/airflow/example_dags/tutorial_dag.py
[2023-07-22T17:07:15.506-0500] {processor.py:836} INFO - DAG(s) dict_keys(['tutorial_dag']) retrieved from /Users/abhishekpatkar/Documents/Projects/af_file_loader/venv/lib/python3.11/site-packages/airflow/example_dags/tutorial_dag.py
[2023-07-22T17:07:16.260-0500] {logging_mixin.py:150} INFO - [2023-07-22T17:07:16.260-0500] {dag.py:2742} INFO - Sync 1 DAGs
[2023-07-22T17:07:16.278-0500] {logging_mixin.py:150} INFO - [2023-07-22T17:07:16.278-0500] {dag.py:3504} INFO - Setting next_dagrun for tutorial_dag to None, run_after=None
[2023-07-22T17:07:16.303-0500] {processor.py:179} INFO - Processing /Users/abhishekpatkar/Documents/Projects/af_file_loader/venv/lib/python3.11/site-packages/airflow/example_dags/tutorial_dag.py took 0.878 seconds
[2023-07-22T17:09:18.123-0500] {processor.py:157} INFO - Started process (PID=22473) to work on /Users/abhishekpatkar/Documents/Projects/af_file_loader/venv/lib/python3.11/site-packages/airflow/example_dags/tutorial_dag.py
[2023-07-22T17:09:18.129-0500] {processor.py:826} INFO - Processing file /Users/abhishekpatkar/Documents/Projects/af_file_loader/venv/lib/python3.11/site-packages/airflow/example_dags/tutorial_dag.py for tasks to queue
[2023-07-22T17:09:18.129-0500] {logging_mixin.py:150} INFO - [2023-07-22T17:09:18.129-0500] {dagbag.py:541} INFO - Filling up the DagBag from /Users/abhishekpatkar/Documents/Projects/af_file_loader/venv/lib/python3.11/site-packages/airflow/example_dags/tutorial_dag.py
[2023-07-22T17:09:18.202-0500] {processor.py:836} INFO - DAG(s) dict_keys(['tutorial_dag']) retrieved from /Users/abhishekpatkar/Documents/Projects/af_file_loader/venv/lib/python3.11/site-packages/airflow/example_dags/tutorial_dag.py
[2023-07-22T17:09:18.901-0500] {logging_mixin.py:150} INFO - [2023-07-22T17:09:18.901-0500] {dag.py:2742} INFO - Sync 1 DAGs
[2023-07-22T17:09:18.920-0500] {logging_mixin.py:150} INFO - [2023-07-22T17:09:18.920-0500] {dag.py:3504} INFO - Setting next_dagrun for tutorial_dag to None, run_after=None
[2023-07-22T17:09:18.942-0500] {processor.py:179} INFO - Processing /Users/abhishekpatkar/Documents/Projects/af_file_loader/venv/lib/python3.11/site-packages/airflow/example_dags/tutorial_dag.py took 0.820 seconds
[2023-07-22T17:11:17.621-0500] {processor.py:157} INFO - Started process (PID=22556) to work on /Users/abhishekpatkar/Documents/Projects/af_file_loader/venv/lib/python3.11/site-packages/airflow/example_dags/tutorial_dag.py
[2023-07-22T17:11:17.626-0500] {processor.py:826} INFO - Processing file /Users/abhishekpatkar/Documents/Projects/af_file_loader/venv/lib/python3.11/site-packages/airflow/example_dags/tutorial_dag.py for tasks to queue
[2023-07-22T17:11:17.627-0500] {logging_mixin.py:150} INFO - [2023-07-22T17:11:17.626-0500] {dagbag.py:541} INFO - Filling up the DagBag from /Users/abhishekpatkar/Documents/Projects/af_file_loader/venv/lib/python3.11/site-packages/airflow/example_dags/tutorial_dag.py
[2023-07-22T17:11:17.699-0500] {processor.py:836} INFO - DAG(s) dict_keys(['tutorial_dag']) retrieved from /Users/abhishekpatkar/Documents/Projects/af_file_loader/venv/lib/python3.11/site-packages/airflow/example_dags/tutorial_dag.py
[2023-07-22T17:11:18.374-0500] {logging_mixin.py:150} INFO - [2023-07-22T17:11:18.374-0500] {dag.py:2742} INFO - Sync 1 DAGs
[2023-07-22T17:11:18.391-0500] {logging_mixin.py:150} INFO - [2023-07-22T17:11:18.390-0500] {dag.py:3504} INFO - Setting next_dagrun for tutorial_dag to None, run_after=None
[2023-07-22T17:11:18.412-0500] {processor.py:179} INFO - Processing /Users/abhishekpatkar/Documents/Projects/af_file_loader/venv/lib/python3.11/site-packages/airflow/example_dags/tutorial_dag.py took 0.791 seconds
[2023-07-22T17:13:16.925-0500] {processor.py:157} INFO - Started process (PID=22630) to work on /Users/abhishekpatkar/Documents/Projects/af_file_loader/venv/lib/python3.11/site-packages/airflow/example_dags/tutorial_dag.py
[2023-07-22T17:13:16.930-0500] {processor.py:826} INFO - Processing file /Users/abhishekpatkar/Documents/Projects/af_file_loader/venv/lib/python3.11/site-packages/airflow/example_dags/tutorial_dag.py for tasks to queue
[2023-07-22T17:13:16.931-0500] {logging_mixin.py:150} INFO - [2023-07-22T17:13:16.931-0500] {dagbag.py:541} INFO - Filling up the DagBag from /Users/abhishekpatkar/Documents/Projects/af_file_loader/venv/lib/python3.11/site-packages/airflow/example_dags/tutorial_dag.py
[2023-07-22T17:13:17.011-0500] {processor.py:836} INFO - DAG(s) dict_keys(['tutorial_dag']) retrieved from /Users/abhishekpatkar/Documents/Projects/af_file_loader/venv/lib/python3.11/site-packages/airflow/example_dags/tutorial_dag.py
[2023-07-22T17:13:17.794-0500] {logging_mixin.py:150} INFO - [2023-07-22T17:13:17.793-0500] {dag.py:2742} INFO - Sync 1 DAGs
[2023-07-22T17:13:17.815-0500] {logging_mixin.py:150} INFO - [2023-07-22T17:13:17.814-0500] {dag.py:3504} INFO - Setting next_dagrun for tutorial_dag to None, run_after=None
[2023-07-22T17:13:17.835-0500] {processor.py:179} INFO - Processing /Users/abhishekpatkar/Documents/Projects/af_file_loader/venv/lib/python3.11/site-packages/airflow/example_dags/tutorial_dag.py took 0.911 seconds
[2023-07-22T17:15:15.895-0500] {processor.py:157} INFO - Started process (PID=22705) to work on /Users/abhishekpatkar/Documents/Projects/af_file_loader/venv/lib/python3.11/site-packages/airflow/example_dags/tutorial_dag.py
[2023-07-22T17:15:15.900-0500] {processor.py:826} INFO - Processing file /Users/abhishekpatkar/Documents/Projects/af_file_loader/venv/lib/python3.11/site-packages/airflow/example_dags/tutorial_dag.py for tasks to queue
[2023-07-22T17:15:15.901-0500] {logging_mixin.py:150} INFO - [2023-07-22T17:15:15.901-0500] {dagbag.py:541} INFO - Filling up the DagBag from /Users/abhishekpatkar/Documents/Projects/af_file_loader/venv/lib/python3.11/site-packages/airflow/example_dags/tutorial_dag.py
[2023-07-22T17:15:15.970-0500] {processor.py:836} INFO - DAG(s) dict_keys(['tutorial_dag']) retrieved from /Users/abhishekpatkar/Documents/Projects/af_file_loader/venv/lib/python3.11/site-packages/airflow/example_dags/tutorial_dag.py
[2023-07-22T17:15:16.700-0500] {logging_mixin.py:150} INFO - [2023-07-22T17:15:16.699-0500] {dag.py:2742} INFO - Sync 1 DAGs
[2023-07-22T17:15:16.722-0500] {logging_mixin.py:150} INFO - [2023-07-22T17:15:16.722-0500] {dag.py:3504} INFO - Setting next_dagrun for tutorial_dag to None, run_after=None
[2023-07-22T17:15:16.747-0500] {processor.py:179} INFO - Processing /Users/abhishekpatkar/Documents/Projects/af_file_loader/venv/lib/python3.11/site-packages/airflow/example_dags/tutorial_dag.py took 0.852 seconds
[2023-07-22T17:17:33.281-0500] {processor.py:157} INFO - Started process (PID=22799) to work on /Users/abhishekpatkar/Documents/Projects/af_file_loader/venv/lib/python3.11/site-packages/airflow/example_dags/tutorial_dag.py
[2023-07-22T17:17:33.285-0500] {processor.py:826} INFO - Processing file /Users/abhishekpatkar/Documents/Projects/af_file_loader/venv/lib/python3.11/site-packages/airflow/example_dags/tutorial_dag.py for tasks to queue
[2023-07-22T17:17:33.286-0500] {logging_mixin.py:150} INFO - [2023-07-22T17:17:33.286-0500] {dagbag.py:541} INFO - Filling up the DagBag from /Users/abhishekpatkar/Documents/Projects/af_file_loader/venv/lib/python3.11/site-packages/airflow/example_dags/tutorial_dag.py
[2023-07-22T17:17:33.356-0500] {processor.py:836} INFO - DAG(s) dict_keys(['tutorial_dag']) retrieved from /Users/abhishekpatkar/Documents/Projects/af_file_loader/venv/lib/python3.11/site-packages/airflow/example_dags/tutorial_dag.py
[2023-07-22T17:17:34.175-0500] {logging_mixin.py:150} INFO - [2023-07-22T17:17:34.175-0500] {dag.py:2742} INFO - Sync 1 DAGs
[2023-07-22T17:17:34.196-0500] {logging_mixin.py:150} INFO - [2023-07-22T17:17:34.195-0500] {dag.py:3504} INFO - Setting next_dagrun for tutorial_dag to None, run_after=None
[2023-07-22T17:17:34.220-0500] {processor.py:179} INFO - Processing /Users/abhishekpatkar/Documents/Projects/af_file_loader/venv/lib/python3.11/site-packages/airflow/example_dags/tutorial_dag.py took 0.940 seconds
[2023-07-22T17:20:06.404-0500] {processor.py:157} INFO - Started process (PID=22930) to work on /Users/abhishekpatkar/Documents/Projects/af_file_loader/venv/lib/python3.11/site-packages/airflow/example_dags/tutorial_dag.py
[2023-07-22T17:20:06.410-0500] {processor.py:826} INFO - Processing file /Users/abhishekpatkar/Documents/Projects/af_file_loader/venv/lib/python3.11/site-packages/airflow/example_dags/tutorial_dag.py for tasks to queue
[2023-07-22T17:20:06.411-0500] {logging_mixin.py:150} INFO - [2023-07-22T17:20:06.411-0500] {dagbag.py:541} INFO - Filling up the DagBag from /Users/abhishekpatkar/Documents/Projects/af_file_loader/venv/lib/python3.11/site-packages/airflow/example_dags/tutorial_dag.py
[2023-07-22T17:20:06.503-0500] {processor.py:836} INFO - DAG(s) dict_keys(['tutorial_dag']) retrieved from /Users/abhishekpatkar/Documents/Projects/af_file_loader/venv/lib/python3.11/site-packages/airflow/example_dags/tutorial_dag.py
[2023-07-22T17:20:07.249-0500] {logging_mixin.py:150} INFO - [2023-07-22T17:20:07.249-0500] {dag.py:2742} INFO - Sync 1 DAGs
[2023-07-22T17:20:07.270-0500] {logging_mixin.py:150} INFO - [2023-07-22T17:20:07.269-0500] {dag.py:3504} INFO - Setting next_dagrun for tutorial_dag to None, run_after=None
[2023-07-22T17:20:07.290-0500] {processor.py:179} INFO - Processing /Users/abhishekpatkar/Documents/Projects/af_file_loader/venv/lib/python3.11/site-packages/airflow/example_dags/tutorial_dag.py took 0.887 seconds
[2023-07-22T17:22:08.548-0500] {processor.py:157} INFO - Started process (PID=23020) to work on /Users/abhishekpatkar/Documents/Projects/af_file_loader/venv/lib/python3.11/site-packages/airflow/example_dags/tutorial_dag.py
[2023-07-22T17:22:08.552-0500] {processor.py:826} INFO - Processing file /Users/abhishekpatkar/Documents/Projects/af_file_loader/venv/lib/python3.11/site-packages/airflow/example_dags/tutorial_dag.py for tasks to queue
[2023-07-22T17:22:08.553-0500] {logging_mixin.py:150} INFO - [2023-07-22T17:22:08.553-0500] {dagbag.py:541} INFO - Filling up the DagBag from /Users/abhishekpatkar/Documents/Projects/af_file_loader/venv/lib/python3.11/site-packages/airflow/example_dags/tutorial_dag.py
[2023-07-22T17:22:08.629-0500] {processor.py:836} INFO - DAG(s) dict_keys(['tutorial_dag']) retrieved from /Users/abhishekpatkar/Documents/Projects/af_file_loader/venv/lib/python3.11/site-packages/airflow/example_dags/tutorial_dag.py
[2023-07-22T17:22:09.327-0500] {logging_mixin.py:150} INFO - [2023-07-22T17:22:09.326-0500] {dag.py:2742} INFO - Sync 1 DAGs
[2023-07-22T17:22:09.345-0500] {logging_mixin.py:150} INFO - [2023-07-22T17:22:09.344-0500] {dag.py:3504} INFO - Setting next_dagrun for tutorial_dag to None, run_after=None
[2023-07-22T17:22:09.368-0500] {processor.py:179} INFO - Processing /Users/abhishekpatkar/Documents/Projects/af_file_loader/venv/lib/python3.11/site-packages/airflow/example_dags/tutorial_dag.py took 0.820 seconds
[2023-07-22T17:26:14.991-0500] {processor.py:157} INFO - Started process (PID=23195) to work on /Users/abhishekpatkar/Documents/Projects/af_file_loader/venv/lib/python3.11/site-packages/airflow/example_dags/tutorial_dag.py
[2023-07-22T17:26:14.998-0500] {processor.py:826} INFO - Processing file /Users/abhishekpatkar/Documents/Projects/af_file_loader/venv/lib/python3.11/site-packages/airflow/example_dags/tutorial_dag.py for tasks to queue
[2023-07-22T17:26:15.000-0500] {logging_mixin.py:150} INFO - [2023-07-22T17:26:14.998-0500] {dagbag.py:541} INFO - Filling up the DagBag from /Users/abhishekpatkar/Documents/Projects/af_file_loader/venv/lib/python3.11/site-packages/airflow/example_dags/tutorial_dag.py
[2023-07-22T17:26:15.276-0500] {processor.py:836} INFO - DAG(s) dict_keys(['tutorial_dag']) retrieved from /Users/abhishekpatkar/Documents/Projects/af_file_loader/venv/lib/python3.11/site-packages/airflow/example_dags/tutorial_dag.py
[2023-07-22T17:26:17.962-0500] {logging_mixin.py:150} INFO - [2023-07-22T17:26:17.959-0500] {dag.py:2742} INFO - Sync 1 DAGs
[2023-07-22T17:26:18.016-0500] {logging_mixin.py:150} INFO - [2023-07-22T17:26:18.016-0500] {dag.py:3504} INFO - Setting next_dagrun for tutorial_dag to None, run_after=None
[2023-07-22T17:26:18.154-0500] {processor.py:179} INFO - Processing /Users/abhishekpatkar/Documents/Projects/af_file_loader/venv/lib/python3.11/site-packages/airflow/example_dags/tutorial_dag.py took 3.167 seconds
[2023-07-22T17:30:30.751-0500] {processor.py:157} INFO - Started process (PID=23365) to work on /Users/abhishekpatkar/Documents/Projects/af_file_loader/venv/lib/python3.11/site-packages/airflow/example_dags/tutorial_dag.py
[2023-07-22T17:30:30.756-0500] {processor.py:826} INFO - Processing file /Users/abhishekpatkar/Documents/Projects/af_file_loader/venv/lib/python3.11/site-packages/airflow/example_dags/tutorial_dag.py for tasks to queue
[2023-07-22T17:30:30.757-0500] {logging_mixin.py:150} INFO - [2023-07-22T17:30:30.757-0500] {dagbag.py:541} INFO - Filling up the DagBag from /Users/abhishekpatkar/Documents/Projects/af_file_loader/venv/lib/python3.11/site-packages/airflow/example_dags/tutorial_dag.py
[2023-07-22T17:30:30.818-0500] {processor.py:836} INFO - DAG(s) dict_keys(['tutorial_dag']) retrieved from /Users/abhishekpatkar/Documents/Projects/af_file_loader/venv/lib/python3.11/site-packages/airflow/example_dags/tutorial_dag.py
[2023-07-22T17:30:31.462-0500] {logging_mixin.py:150} INFO - [2023-07-22T17:30:31.461-0500] {dag.py:2742} INFO - Sync 1 DAGs
[2023-07-22T17:30:31.477-0500] {logging_mixin.py:150} INFO - [2023-07-22T17:30:31.477-0500] {dag.py:3504} INFO - Setting next_dagrun for tutorial_dag to None, run_after=None
[2023-07-22T17:30:31.504-0500] {processor.py:179} INFO - Processing /Users/abhishekpatkar/Documents/Projects/af_file_loader/venv/lib/python3.11/site-packages/airflow/example_dags/tutorial_dag.py took 0.753 seconds
[2023-07-22T17:32:41.192-0500] {processor.py:157} INFO - Started process (PID=23449) to work on /Users/abhishekpatkar/Documents/Projects/af_file_loader/venv/lib/python3.11/site-packages/airflow/example_dags/tutorial_dag.py
[2023-07-22T17:32:41.197-0500] {processor.py:826} INFO - Processing file /Users/abhishekpatkar/Documents/Projects/af_file_loader/venv/lib/python3.11/site-packages/airflow/example_dags/tutorial_dag.py for tasks to queue
[2023-07-22T17:32:41.198-0500] {logging_mixin.py:150} INFO - [2023-07-22T17:32:41.198-0500] {dagbag.py:541} INFO - Filling up the DagBag from /Users/abhishekpatkar/Documents/Projects/af_file_loader/venv/lib/python3.11/site-packages/airflow/example_dags/tutorial_dag.py
[2023-07-22T17:32:41.267-0500] {processor.py:836} INFO - DAG(s) dict_keys(['tutorial_dag']) retrieved from /Users/abhishekpatkar/Documents/Projects/af_file_loader/venv/lib/python3.11/site-packages/airflow/example_dags/tutorial_dag.py
[2023-07-22T17:32:41.907-0500] {logging_mixin.py:150} INFO - [2023-07-22T17:32:41.906-0500] {dag.py:2742} INFO - Sync 1 DAGs
[2023-07-22T17:32:41.923-0500] {logging_mixin.py:150} INFO - [2023-07-22T17:32:41.923-0500] {dag.py:3504} INFO - Setting next_dagrun for tutorial_dag to None, run_after=None
[2023-07-22T17:32:41.944-0500] {processor.py:179} INFO - Processing /Users/abhishekpatkar/Documents/Projects/af_file_loader/venv/lib/python3.11/site-packages/airflow/example_dags/tutorial_dag.py took 0.753 seconds
[2023-07-22T17:34:35.837-0500] {processor.py:157} INFO - Started process (PID=23520) to work on /Users/abhishekpatkar/Documents/Projects/af_file_loader/venv/lib/python3.11/site-packages/airflow/example_dags/tutorial_dag.py
[2023-07-22T17:34:35.842-0500] {processor.py:826} INFO - Processing file /Users/abhishekpatkar/Documents/Projects/af_file_loader/venv/lib/python3.11/site-packages/airflow/example_dags/tutorial_dag.py for tasks to queue
[2023-07-22T17:34:35.843-0500] {logging_mixin.py:150} INFO - [2023-07-22T17:34:35.843-0500] {dagbag.py:541} INFO - Filling up the DagBag from /Users/abhishekpatkar/Documents/Projects/af_file_loader/venv/lib/python3.11/site-packages/airflow/example_dags/tutorial_dag.py
[2023-07-22T17:34:35.915-0500] {processor.py:836} INFO - DAG(s) dict_keys(['tutorial_dag']) retrieved from /Users/abhishekpatkar/Documents/Projects/af_file_loader/venv/lib/python3.11/site-packages/airflow/example_dags/tutorial_dag.py
[2023-07-22T17:34:36.802-0500] {logging_mixin.py:150} INFO - [2023-07-22T17:34:36.801-0500] {dag.py:2742} INFO - Sync 1 DAGs
[2023-07-22T17:34:36.835-0500] {logging_mixin.py:150} INFO - [2023-07-22T17:34:36.835-0500] {dag.py:3504} INFO - Setting next_dagrun for tutorial_dag to None, run_after=None
[2023-07-22T17:34:36.864-0500] {processor.py:179} INFO - Processing /Users/abhishekpatkar/Documents/Projects/af_file_loader/venv/lib/python3.11/site-packages/airflow/example_dags/tutorial_dag.py took 1.027 seconds
[2023-07-22T17:37:30.326-0500] {processor.py:157} INFO - Started process (PID=23645) to work on /Users/abhishekpatkar/Documents/Projects/af_file_loader/venv/lib/python3.11/site-packages/airflow/example_dags/tutorial_dag.py
[2023-07-22T17:37:30.330-0500] {processor.py:826} INFO - Processing file /Users/abhishekpatkar/Documents/Projects/af_file_loader/venv/lib/python3.11/site-packages/airflow/example_dags/tutorial_dag.py for tasks to queue
[2023-07-22T17:37:30.331-0500] {logging_mixin.py:150} INFO - [2023-07-22T17:37:30.331-0500] {dagbag.py:541} INFO - Filling up the DagBag from /Users/abhishekpatkar/Documents/Projects/af_file_loader/venv/lib/python3.11/site-packages/airflow/example_dags/tutorial_dag.py
[2023-07-22T17:37:30.413-0500] {processor.py:836} INFO - DAG(s) dict_keys(['tutorial_dag']) retrieved from /Users/abhishekpatkar/Documents/Projects/af_file_loader/venv/lib/python3.11/site-packages/airflow/example_dags/tutorial_dag.py
[2023-07-22T17:37:31.267-0500] {logging_mixin.py:150} INFO - [2023-07-22T17:37:31.267-0500] {dag.py:2742} INFO - Sync 1 DAGs
[2023-07-22T17:37:31.286-0500] {logging_mixin.py:150} INFO - [2023-07-22T17:37:31.286-0500] {dag.py:3504} INFO - Setting next_dagrun for tutorial_dag to None, run_after=None
[2023-07-22T17:37:31.308-0500] {processor.py:179} INFO - Processing /Users/abhishekpatkar/Documents/Projects/af_file_loader/venv/lib/python3.11/site-packages/airflow/example_dags/tutorial_dag.py took 0.983 seconds
[2023-07-22T17:42:52.741-0500] {processor.py:157} INFO - Started process (PID=23844) to work on /Users/abhishekpatkar/Documents/Projects/af_file_loader/venv/lib/python3.11/site-packages/airflow/example_dags/tutorial_dag.py
[2023-07-22T17:42:52.783-0500] {processor.py:826} INFO - Processing file /Users/abhishekpatkar/Documents/Projects/af_file_loader/venv/lib/python3.11/site-packages/airflow/example_dags/tutorial_dag.py for tasks to queue
[2023-07-22T17:42:52.785-0500] {logging_mixin.py:150} INFO - [2023-07-22T17:42:52.785-0500] {dagbag.py:541} INFO - Filling up the DagBag from /Users/abhishekpatkar/Documents/Projects/af_file_loader/venv/lib/python3.11/site-packages/airflow/example_dags/tutorial_dag.py
[2023-07-22T17:42:53.427-0500] {processor.py:836} INFO - DAG(s) dict_keys(['tutorial_dag']) retrieved from /Users/abhishekpatkar/Documents/Projects/af_file_loader/venv/lib/python3.11/site-packages/airflow/example_dags/tutorial_dag.py
[2023-07-22T17:42:55.445-0500] {logging_mixin.py:150} INFO - [2023-07-22T17:42:55.444-0500] {dag.py:2742} INFO - Sync 1 DAGs
[2023-07-22T17:42:55.475-0500] {logging_mixin.py:150} INFO - [2023-07-22T17:42:55.475-0500] {dag.py:3504} INFO - Setting next_dagrun for tutorial_dag to None, run_after=None
[2023-07-22T17:42:55.527-0500] {processor.py:179} INFO - Processing /Users/abhishekpatkar/Documents/Projects/af_file_loader/venv/lib/python3.11/site-packages/airflow/example_dags/tutorial_dag.py took 2.793 seconds
[2023-07-22T17:51:05.669-0500] {processor.py:157} INFO - Started process (PID=24231) to work on /Users/abhishekpatkar/Documents/Projects/af_file_loader/venv/lib/python3.11/site-packages/airflow/example_dags/tutorial_dag.py
[2023-07-22T17:51:05.677-0500] {processor.py:826} INFO - Processing file /Users/abhishekpatkar/Documents/Projects/af_file_loader/venv/lib/python3.11/site-packages/airflow/example_dags/tutorial_dag.py for tasks to queue
[2023-07-22T17:51:05.678-0500] {logging_mixin.py:150} INFO - [2023-07-22T17:51:05.677-0500] {dagbag.py:541} INFO - Filling up the DagBag from /Users/abhishekpatkar/Documents/Projects/af_file_loader/venv/lib/python3.11/site-packages/airflow/example_dags/tutorial_dag.py
[2023-07-22T17:51:05.772-0500] {processor.py:836} INFO - DAG(s) dict_keys(['tutorial_dag']) retrieved from /Users/abhishekpatkar/Documents/Projects/af_file_loader/venv/lib/python3.11/site-packages/airflow/example_dags/tutorial_dag.py
[2023-07-22T17:51:07.223-0500] {logging_mixin.py:150} INFO - [2023-07-22T17:51:07.220-0500] {dag.py:2742} INFO - Sync 1 DAGs
[2023-07-22T17:51:07.250-0500] {logging_mixin.py:150} INFO - [2023-07-22T17:51:07.250-0500] {dag.py:3504} INFO - Setting next_dagrun for tutorial_dag to None, run_after=None
[2023-07-22T17:51:07.283-0500] {processor.py:179} INFO - Processing /Users/abhishekpatkar/Documents/Projects/af_file_loader/venv/lib/python3.11/site-packages/airflow/example_dags/tutorial_dag.py took 1.615 seconds
[2023-07-22T17:55:16.171-0500] {processor.py:157} INFO - Started process (PID=24470) to work on /Users/abhishekpatkar/Documents/Projects/af_file_loader/venv/lib/python3.11/site-packages/airflow/example_dags/tutorial_dag.py
[2023-07-22T17:55:16.195-0500] {processor.py:826} INFO - Processing file /Users/abhishekpatkar/Documents/Projects/af_file_loader/venv/lib/python3.11/site-packages/airflow/example_dags/tutorial_dag.py for tasks to queue
[2023-07-22T17:55:16.196-0500] {logging_mixin.py:150} INFO - [2023-07-22T17:55:16.196-0500] {dagbag.py:541} INFO - Filling up the DagBag from /Users/abhishekpatkar/Documents/Projects/af_file_loader/venv/lib/python3.11/site-packages/airflow/example_dags/tutorial_dag.py
[2023-07-22T17:55:16.883-0500] {processor.py:836} INFO - DAG(s) dict_keys(['tutorial_dag']) retrieved from /Users/abhishekpatkar/Documents/Projects/af_file_loader/venv/lib/python3.11/site-packages/airflow/example_dags/tutorial_dag.py
[2023-07-22T17:55:25.905-0500] {logging_mixin.py:150} INFO - [2023-07-22T17:55:25.903-0500] {dag.py:2742} INFO - Sync 1 DAGs
[2023-07-22T17:55:26.200-0500] {logging_mixin.py:150} INFO - [2023-07-22T17:55:26.200-0500] {dag.py:3504} INFO - Setting next_dagrun for tutorial_dag to None, run_after=None
[2023-07-22T17:55:26.416-0500] {processor.py:179} INFO - Processing /Users/abhishekpatkar/Documents/Projects/af_file_loader/venv/lib/python3.11/site-packages/airflow/example_dags/tutorial_dag.py took 10.248 seconds
[2023-07-22T18:00:36.547-0500] {processor.py:157} INFO - Started process (PID=24687) to work on /Users/abhishekpatkar/Documents/Projects/af_file_loader/venv/lib/python3.11/site-packages/airflow/example_dags/tutorial_dag.py
[2023-07-22T18:00:36.560-0500] {processor.py:826} INFO - Processing file /Users/abhishekpatkar/Documents/Projects/af_file_loader/venv/lib/python3.11/site-packages/airflow/example_dags/tutorial_dag.py for tasks to queue
[2023-07-22T18:00:36.561-0500] {logging_mixin.py:150} INFO - [2023-07-22T18:00:36.560-0500] {dagbag.py:541} INFO - Filling up the DagBag from /Users/abhishekpatkar/Documents/Projects/af_file_loader/venv/lib/python3.11/site-packages/airflow/example_dags/tutorial_dag.py
[2023-07-22T18:00:36.690-0500] {processor.py:836} INFO - DAG(s) dict_keys(['tutorial_dag']) retrieved from /Users/abhishekpatkar/Documents/Projects/af_file_loader/venv/lib/python3.11/site-packages/airflow/example_dags/tutorial_dag.py
[2023-07-22T18:00:38.579-0500] {logging_mixin.py:150} INFO - [2023-07-22T18:00:38.579-0500] {dag.py:2742} INFO - Sync 1 DAGs
[2023-07-22T18:00:38.598-0500] {logging_mixin.py:150} INFO - [2023-07-22T18:00:38.598-0500] {dag.py:3504} INFO - Setting next_dagrun for tutorial_dag to None, run_after=None
[2023-07-22T18:00:38.617-0500] {processor.py:179} INFO - Processing /Users/abhishekpatkar/Documents/Projects/af_file_loader/venv/lib/python3.11/site-packages/airflow/example_dags/tutorial_dag.py took 2.071 seconds
[2023-07-22T18:04:42.075-0500] {processor.py:157} INFO - Started process (PID=24835) to work on /Users/abhishekpatkar/Documents/Projects/af_file_loader/venv/lib/python3.11/site-packages/airflow/example_dags/tutorial_dag.py
[2023-07-22T18:04:42.080-0500] {processor.py:826} INFO - Processing file /Users/abhishekpatkar/Documents/Projects/af_file_loader/venv/lib/python3.11/site-packages/airflow/example_dags/tutorial_dag.py for tasks to queue
[2023-07-22T18:04:42.081-0500] {logging_mixin.py:150} INFO - [2023-07-22T18:04:42.081-0500] {dagbag.py:541} INFO - Filling up the DagBag from /Users/abhishekpatkar/Documents/Projects/af_file_loader/venv/lib/python3.11/site-packages/airflow/example_dags/tutorial_dag.py
[2023-07-22T18:04:42.150-0500] {processor.py:836} INFO - DAG(s) dict_keys(['tutorial_dag']) retrieved from /Users/abhishekpatkar/Documents/Projects/af_file_loader/venv/lib/python3.11/site-packages/airflow/example_dags/tutorial_dag.py
[2023-07-22T18:04:43.499-0500] {logging_mixin.py:150} INFO - [2023-07-22T18:04:43.498-0500] {dag.py:2742} INFO - Sync 1 DAGs
[2023-07-22T18:04:43.532-0500] {logging_mixin.py:150} INFO - [2023-07-22T18:04:43.532-0500] {dag.py:3504} INFO - Setting next_dagrun for tutorial_dag to None, run_after=None
[2023-07-22T18:04:43.567-0500] {processor.py:179} INFO - Processing /Users/abhishekpatkar/Documents/Projects/af_file_loader/venv/lib/python3.11/site-packages/airflow/example_dags/tutorial_dag.py took 1.492 seconds
[2023-07-22T18:07:39.656-0500] {processor.py:157} INFO - Started process (PID=24933) to work on /Users/abhishekpatkar/Documents/Projects/af_file_loader/venv/lib/python3.11/site-packages/airflow/example_dags/tutorial_dag.py
[2023-07-22T18:07:39.660-0500] {processor.py:826} INFO - Processing file /Users/abhishekpatkar/Documents/Projects/af_file_loader/venv/lib/python3.11/site-packages/airflow/example_dags/tutorial_dag.py for tasks to queue
[2023-07-22T18:07:39.661-0500] {logging_mixin.py:150} INFO - [2023-07-22T18:07:39.660-0500] {dagbag.py:541} INFO - Filling up the DagBag from /Users/abhishekpatkar/Documents/Projects/af_file_loader/venv/lib/python3.11/site-packages/airflow/example_dags/tutorial_dag.py
[2023-07-22T18:07:39.733-0500] {processor.py:836} INFO - DAG(s) dict_keys(['tutorial_dag']) retrieved from /Users/abhishekpatkar/Documents/Projects/af_file_loader/venv/lib/python3.11/site-packages/airflow/example_dags/tutorial_dag.py
[2023-07-22T18:07:40.842-0500] {logging_mixin.py:150} INFO - [2023-07-22T18:07:40.842-0500] {dag.py:2742} INFO - Sync 1 DAGs
[2023-07-22T18:07:40.864-0500] {logging_mixin.py:150} INFO - [2023-07-22T18:07:40.863-0500] {dag.py:3504} INFO - Setting next_dagrun for tutorial_dag to None, run_after=None
[2023-07-22T18:07:40.883-0500] {processor.py:179} INFO - Processing /Users/abhishekpatkar/Documents/Projects/af_file_loader/venv/lib/python3.11/site-packages/airflow/example_dags/tutorial_dag.py took 1.228 seconds
