[2023-07-22T14:50:06.278-0500] {processor.py:157} INFO - Started process (PID=16565) to work on /Users/abhishekpatkar/Documents/Projects/af_file_loader/venv/lib/python3.11/site-packages/airflow/example_dags/tutorial.py
[2023-07-22T14:50:06.285-0500] {processor.py:826} INFO - Processing file /Users/abhishekpatkar/Documents/Projects/af_file_loader/venv/lib/python3.11/site-packages/airflow/example_dags/tutorial.py for tasks to queue
[2023-07-22T14:50:06.286-0500] {logging_mixin.py:150} INFO - [2023-07-22T14:50:06.286-0500] {dagbag.py:541} INFO - Filling up the DagBag from /Users/abhishekpatkar/Documents/Projects/af_file_loader/venv/lib/python3.11/site-packages/airflow/example_dags/tutorial.py
[2023-07-22T14:50:06.327-0500] {processor.py:836} INFO - DAG(s) dict_keys(['tutorial']) retrieved from /Users/abhishekpatkar/Documents/Projects/af_file_loader/venv/lib/python3.11/site-packages/airflow/example_dags/tutorial.py
[2023-07-22T14:50:07.780-0500] {logging_mixin.py:150} INFO - [2023-07-22T14:50:07.780-0500] {manager.py:504} INFO - Created Permission View: can delete on DAG:tutorial
[2023-07-22T14:50:07.790-0500] {logging_mixin.py:150} INFO - [2023-07-22T14:50:07.790-0500] {manager.py:504} INFO - Created Permission View: can read on DAG:tutorial
[2023-07-22T14:50:07.795-0500] {logging_mixin.py:150} INFO - [2023-07-22T14:50:07.795-0500] {manager.py:504} INFO - Created Permission View: can edit on DAG:tutorial
[2023-07-22T14:50:07.806-0500] {logging_mixin.py:150} INFO - [2023-07-22T14:50:07.806-0500] {dag.py:2742} INFO - Sync 1 DAGs
[2023-07-22T14:50:07.814-0500] {logging_mixin.py:150} INFO - [2023-07-22T14:50:07.814-0500] {dag.py:2763} INFO - Creating ORM DAG for tutorial
[2023-07-22T14:50:07.821-0500] {logging_mixin.py:150} INFO - [2023-07-22T14:50:07.821-0500] {dag.py:3504} INFO - Setting next_dagrun for tutorial to 2023-07-21T19:50:07.821619+00:00, run_after=2023-07-22T19:50:07.821619+00:00
[2023-07-22T14:50:07.844-0500] {processor.py:179} INFO - Processing /Users/abhishekpatkar/Documents/Projects/af_file_loader/venv/lib/python3.11/site-packages/airflow/example_dags/tutorial.py took 1.567 seconds
[2023-07-22T14:53:37.631-0500] {processor.py:157} INFO - Started process (PID=16738) to work on /Users/abhishekpatkar/Documents/Projects/af_file_loader/venv/lib/python3.11/site-packages/airflow/example_dags/tutorial.py
[2023-07-22T14:53:37.637-0500] {processor.py:826} INFO - Processing file /Users/abhishekpatkar/Documents/Projects/af_file_loader/venv/lib/python3.11/site-packages/airflow/example_dags/tutorial.py for tasks to queue
[2023-07-22T14:53:37.638-0500] {logging_mixin.py:150} INFO - [2023-07-22T14:53:37.637-0500] {dagbag.py:541} INFO - Filling up the DagBag from /Users/abhishekpatkar/Documents/Projects/af_file_loader/venv/lib/python3.11/site-packages/airflow/example_dags/tutorial.py
[2023-07-22T14:53:37.679-0500] {processor.py:836} INFO - DAG(s) dict_keys(['tutorial']) retrieved from /Users/abhishekpatkar/Documents/Projects/af_file_loader/venv/lib/python3.11/site-packages/airflow/example_dags/tutorial.py
[2023-07-22T14:53:38.787-0500] {logging_mixin.py:150} INFO - [2023-07-22T14:53:38.786-0500] {dag.py:2742} INFO - Sync 1 DAGs
[2023-07-22T14:53:38.833-0500] {logging_mixin.py:150} INFO - [2023-07-22T14:53:38.833-0500] {dag.py:3504} INFO - Setting next_dagrun for tutorial to 2023-07-21T19:53:38.832852+00:00, run_after=2023-07-22T19:53:38.832852+00:00
[2023-07-22T14:53:38.869-0500] {processor.py:179} INFO - Processing /Users/abhishekpatkar/Documents/Projects/af_file_loader/venv/lib/python3.11/site-packages/airflow/example_dags/tutorial.py took 1.239 seconds
[2023-07-22T14:56:25.098-0500] {processor.py:157} INFO - Started process (PID=16944) to work on /Users/abhishekpatkar/Documents/Projects/af_file_loader/venv/lib/python3.11/site-packages/airflow/example_dags/tutorial.py
[2023-07-22T14:56:25.104-0500] {processor.py:826} INFO - Processing file /Users/abhishekpatkar/Documents/Projects/af_file_loader/venv/lib/python3.11/site-packages/airflow/example_dags/tutorial.py for tasks to queue
[2023-07-22T14:56:25.105-0500] {logging_mixin.py:150} INFO - [2023-07-22T14:56:25.104-0500] {dagbag.py:541} INFO - Filling up the DagBag from /Users/abhishekpatkar/Documents/Projects/af_file_loader/venv/lib/python3.11/site-packages/airflow/example_dags/tutorial.py
[2023-07-22T14:56:25.131-0500] {processor.py:836} INFO - DAG(s) dict_keys(['tutorial']) retrieved from /Users/abhishekpatkar/Documents/Projects/af_file_loader/venv/lib/python3.11/site-packages/airflow/example_dags/tutorial.py
[2023-07-22T14:56:26.055-0500] {logging_mixin.py:150} INFO - [2023-07-22T14:56:26.055-0500] {dag.py:2742} INFO - Sync 1 DAGs
[2023-07-22T14:56:26.075-0500] {logging_mixin.py:150} INFO - [2023-07-22T14:56:26.075-0500] {dag.py:3504} INFO - Setting next_dagrun for tutorial to 2023-07-21T19:56:26.075441+00:00, run_after=2023-07-22T19:56:26.075441+00:00
[2023-07-22T14:56:26.102-0500] {processor.py:179} INFO - Processing /Users/abhishekpatkar/Documents/Projects/af_file_loader/venv/lib/python3.11/site-packages/airflow/example_dags/tutorial.py took 1.005 seconds
[2023-07-22T14:58:56.144-0500] {processor.py:157} INFO - Started process (PID=17040) to work on /Users/abhishekpatkar/Documents/Projects/af_file_loader/venv/lib/python3.11/site-packages/airflow/example_dags/tutorial.py
[2023-07-22T14:58:56.147-0500] {processor.py:826} INFO - Processing file /Users/abhishekpatkar/Documents/Projects/af_file_loader/venv/lib/python3.11/site-packages/airflow/example_dags/tutorial.py for tasks to queue
[2023-07-22T14:58:56.148-0500] {logging_mixin.py:150} INFO - [2023-07-22T14:58:56.148-0500] {dagbag.py:541} INFO - Filling up the DagBag from /Users/abhishekpatkar/Documents/Projects/af_file_loader/venv/lib/python3.11/site-packages/airflow/example_dags/tutorial.py
[2023-07-22T14:58:56.172-0500] {processor.py:836} INFO - DAG(s) dict_keys(['tutorial']) retrieved from /Users/abhishekpatkar/Documents/Projects/af_file_loader/venv/lib/python3.11/site-packages/airflow/example_dags/tutorial.py
[2023-07-22T14:58:56.850-0500] {logging_mixin.py:150} INFO - [2023-07-22T14:58:56.850-0500] {dag.py:2742} INFO - Sync 1 DAGs
[2023-07-22T14:58:56.868-0500] {logging_mixin.py:150} INFO - [2023-07-22T14:58:56.868-0500] {dag.py:3504} INFO - Setting next_dagrun for tutorial to 2023-07-21T19:58:56.868044+00:00, run_after=2023-07-22T19:58:56.868044+00:00
[2023-07-22T14:58:56.888-0500] {processor.py:179} INFO - Processing /Users/abhishekpatkar/Documents/Projects/af_file_loader/venv/lib/python3.11/site-packages/airflow/example_dags/tutorial.py took 0.745 seconds
[2023-07-22T15:01:17.668-0500] {processor.py:157} INFO - Started process (PID=17121) to work on /Users/abhishekpatkar/Documents/Projects/af_file_loader/venv/lib/python3.11/site-packages/airflow/example_dags/tutorial.py
[2023-07-22T15:01:17.672-0500] {processor.py:826} INFO - Processing file /Users/abhishekpatkar/Documents/Projects/af_file_loader/venv/lib/python3.11/site-packages/airflow/example_dags/tutorial.py for tasks to queue
[2023-07-22T15:01:17.673-0500] {logging_mixin.py:150} INFO - [2023-07-22T15:01:17.673-0500] {dagbag.py:541} INFO - Filling up the DagBag from /Users/abhishekpatkar/Documents/Projects/af_file_loader/venv/lib/python3.11/site-packages/airflow/example_dags/tutorial.py
[2023-07-22T15:01:17.694-0500] {processor.py:836} INFO - DAG(s) dict_keys(['tutorial']) retrieved from /Users/abhishekpatkar/Documents/Projects/af_file_loader/venv/lib/python3.11/site-packages/airflow/example_dags/tutorial.py
[2023-07-22T15:01:18.443-0500] {logging_mixin.py:150} INFO - [2023-07-22T15:01:18.442-0500] {dag.py:2742} INFO - Sync 1 DAGs
[2023-07-22T15:01:18.460-0500] {logging_mixin.py:150} INFO - [2023-07-22T15:01:18.460-0500] {dag.py:3504} INFO - Setting next_dagrun for tutorial to 2023-07-21T20:01:18.459897+00:00, run_after=2023-07-22T20:01:18.459897+00:00
[2023-07-22T15:01:18.481-0500] {processor.py:179} INFO - Processing /Users/abhishekpatkar/Documents/Projects/af_file_loader/venv/lib/python3.11/site-packages/airflow/example_dags/tutorial.py took 0.815 seconds
[2023-07-22T15:03:48.950-0500] {processor.py:157} INFO - Started process (PID=17408) to work on /Users/abhishekpatkar/Documents/Projects/af_file_loader/venv/lib/python3.11/site-packages/airflow/example_dags/tutorial.py
[2023-07-22T15:03:48.959-0500] {processor.py:826} INFO - Processing file /Users/abhishekpatkar/Documents/Projects/af_file_loader/venv/lib/python3.11/site-packages/airflow/example_dags/tutorial.py for tasks to queue
[2023-07-22T15:03:48.960-0500] {logging_mixin.py:150} INFO - [2023-07-22T15:03:48.960-0500] {dagbag.py:541} INFO - Filling up the DagBag from /Users/abhishekpatkar/Documents/Projects/af_file_loader/venv/lib/python3.11/site-packages/airflow/example_dags/tutorial.py
[2023-07-22T15:03:48.995-0500] {processor.py:836} INFO - DAG(s) dict_keys(['tutorial']) retrieved from /Users/abhishekpatkar/Documents/Projects/af_file_loader/venv/lib/python3.11/site-packages/airflow/example_dags/tutorial.py
[2023-07-22T15:03:50.108-0500] {logging_mixin.py:150} INFO - [2023-07-22T15:03:50.107-0500] {dag.py:2742} INFO - Sync 1 DAGs
[2023-07-22T15:03:50.135-0500] {logging_mixin.py:150} INFO - [2023-07-22T15:03:50.135-0500] {dag.py:3504} INFO - Setting next_dagrun for tutorial to 2023-07-21T20:03:50.134864+00:00, run_after=2023-07-22T20:03:50.134864+00:00
[2023-07-22T15:03:50.157-0500] {processor.py:179} INFO - Processing /Users/abhishekpatkar/Documents/Projects/af_file_loader/venv/lib/python3.11/site-packages/airflow/example_dags/tutorial.py took 1.210 seconds
[2023-07-22T15:07:38.016-0500] {processor.py:157} INFO - Started process (PID=17654) to work on /Users/abhishekpatkar/Documents/Projects/af_file_loader/venv/lib/python3.11/site-packages/airflow/example_dags/tutorial.py
[2023-07-22T15:07:38.024-0500] {processor.py:826} INFO - Processing file /Users/abhishekpatkar/Documents/Projects/af_file_loader/venv/lib/python3.11/site-packages/airflow/example_dags/tutorial.py for tasks to queue
[2023-07-22T15:07:38.025-0500] {logging_mixin.py:150} INFO - [2023-07-22T15:07:38.024-0500] {dagbag.py:541} INFO - Filling up the DagBag from /Users/abhishekpatkar/Documents/Projects/af_file_loader/venv/lib/python3.11/site-packages/airflow/example_dags/tutorial.py
[2023-07-22T15:07:38.092-0500] {processor.py:836} INFO - DAG(s) dict_keys(['tutorial']) retrieved from /Users/abhishekpatkar/Documents/Projects/af_file_loader/venv/lib/python3.11/site-packages/airflow/example_dags/tutorial.py
[2023-07-22T15:07:41.244-0500] {logging_mixin.py:150} INFO - [2023-07-22T15:07:41.244-0500] {dag.py:2742} INFO - Sync 1 DAGs
[2023-07-22T15:07:41.310-0500] {logging_mixin.py:150} INFO - [2023-07-22T15:07:41.310-0500] {dag.py:3504} INFO - Setting next_dagrun for tutorial to 2023-07-21T20:07:41.306931+00:00, run_after=2023-07-22T20:07:41.306931+00:00
[2023-07-22T15:07:41.392-0500] {processor.py:179} INFO - Processing /Users/abhishekpatkar/Documents/Projects/af_file_loader/venv/lib/python3.11/site-packages/airflow/example_dags/tutorial.py took 3.378 seconds
[2023-07-22T15:12:24.617-0500] {processor.py:157} INFO - Started process (PID=17863) to work on /Users/abhishekpatkar/Documents/Projects/af_file_loader/venv/lib/python3.11/site-packages/airflow/example_dags/tutorial.py
[2023-07-22T15:12:24.621-0500] {processor.py:826} INFO - Processing file /Users/abhishekpatkar/Documents/Projects/af_file_loader/venv/lib/python3.11/site-packages/airflow/example_dags/tutorial.py for tasks to queue
[2023-07-22T15:12:24.622-0500] {logging_mixin.py:150} INFO - [2023-07-22T15:12:24.622-0500] {dagbag.py:541} INFO - Filling up the DagBag from /Users/abhishekpatkar/Documents/Projects/af_file_loader/venv/lib/python3.11/site-packages/airflow/example_dags/tutorial.py
[2023-07-22T15:12:24.660-0500] {processor.py:836} INFO - DAG(s) dict_keys(['tutorial']) retrieved from /Users/abhishekpatkar/Documents/Projects/af_file_loader/venv/lib/python3.11/site-packages/airflow/example_dags/tutorial.py
[2023-07-22T15:12:25.597-0500] {logging_mixin.py:150} INFO - [2023-07-22T15:12:25.597-0500] {dag.py:2742} INFO - Sync 1 DAGs
[2023-07-22T15:12:25.617-0500] {logging_mixin.py:150} INFO - [2023-07-22T15:12:25.617-0500] {dag.py:3504} INFO - Setting next_dagrun for tutorial to 2023-07-21T20:12:25.616794+00:00, run_after=2023-07-22T20:12:25.616794+00:00
[2023-07-22T15:12:25.651-0500] {processor.py:179} INFO - Processing /Users/abhishekpatkar/Documents/Projects/af_file_loader/venv/lib/python3.11/site-packages/airflow/example_dags/tutorial.py took 1.035 seconds
[2023-07-22T15:15:08.475-0500] {processor.py:157} INFO - Started process (PID=17954) to work on /Users/abhishekpatkar/Documents/Projects/af_file_loader/venv/lib/python3.11/site-packages/airflow/example_dags/tutorial.py
[2023-07-22T15:15:08.484-0500] {processor.py:826} INFO - Processing file /Users/abhishekpatkar/Documents/Projects/af_file_loader/venv/lib/python3.11/site-packages/airflow/example_dags/tutorial.py for tasks to queue
[2023-07-22T15:15:08.488-0500] {logging_mixin.py:150} INFO - [2023-07-22T15:15:08.488-0500] {dagbag.py:541} INFO - Filling up the DagBag from /Users/abhishekpatkar/Documents/Projects/af_file_loader/venv/lib/python3.11/site-packages/airflow/example_dags/tutorial.py
[2023-07-22T15:15:08.516-0500] {processor.py:836} INFO - DAG(s) dict_keys(['tutorial']) retrieved from /Users/abhishekpatkar/Documents/Projects/af_file_loader/venv/lib/python3.11/site-packages/airflow/example_dags/tutorial.py
[2023-07-22T15:15:09.772-0500] {logging_mixin.py:150} INFO - [2023-07-22T15:15:09.772-0500] {dag.py:2742} INFO - Sync 1 DAGs
[2023-07-22T15:15:09.815-0500] {logging_mixin.py:150} INFO - [2023-07-22T15:15:09.814-0500] {dag.py:3504} INFO - Setting next_dagrun for tutorial to 2023-07-21T20:15:09.813643+00:00, run_after=2023-07-22T20:15:09.813643+00:00
[2023-07-22T15:15:09.860-0500] {processor.py:179} INFO - Processing /Users/abhishekpatkar/Documents/Projects/af_file_loader/venv/lib/python3.11/site-packages/airflow/example_dags/tutorial.py took 1.386 seconds
[2023-07-22T15:17:58.808-0500] {processor.py:157} INFO - Started process (PID=18058) to work on /Users/abhishekpatkar/Documents/Projects/af_file_loader/venv/lib/python3.11/site-packages/airflow/example_dags/tutorial.py
[2023-07-22T15:17:58.812-0500] {processor.py:826} INFO - Processing file /Users/abhishekpatkar/Documents/Projects/af_file_loader/venv/lib/python3.11/site-packages/airflow/example_dags/tutorial.py for tasks to queue
[2023-07-22T15:17:58.813-0500] {logging_mixin.py:150} INFO - [2023-07-22T15:17:58.813-0500] {dagbag.py:541} INFO - Filling up the DagBag from /Users/abhishekpatkar/Documents/Projects/af_file_loader/venv/lib/python3.11/site-packages/airflow/example_dags/tutorial.py
[2023-07-22T15:17:58.834-0500] {processor.py:836} INFO - DAG(s) dict_keys(['tutorial']) retrieved from /Users/abhishekpatkar/Documents/Projects/af_file_loader/venv/lib/python3.11/site-packages/airflow/example_dags/tutorial.py
[2023-07-22T15:17:59.696-0500] {logging_mixin.py:150} INFO - [2023-07-22T15:17:59.695-0500] {dag.py:2742} INFO - Sync 1 DAGs
[2023-07-22T15:17:59.719-0500] {logging_mixin.py:150} INFO - [2023-07-22T15:17:59.718-0500] {dag.py:3504} INFO - Setting next_dagrun for tutorial to 2023-07-21T20:17:59.718764+00:00, run_after=2023-07-22T20:17:59.718764+00:00
[2023-07-22T15:17:59.745-0500] {processor.py:179} INFO - Processing /Users/abhishekpatkar/Documents/Projects/af_file_loader/venv/lib/python3.11/site-packages/airflow/example_dags/tutorial.py took 0.939 seconds
[2023-07-22T15:20:47.641-0500] {processor.py:157} INFO - Started process (PID=18158) to work on /Users/abhishekpatkar/Documents/Projects/af_file_loader/venv/lib/python3.11/site-packages/airflow/example_dags/tutorial.py
[2023-07-22T15:20:47.649-0500] {processor.py:826} INFO - Processing file /Users/abhishekpatkar/Documents/Projects/af_file_loader/venv/lib/python3.11/site-packages/airflow/example_dags/tutorial.py for tasks to queue
[2023-07-22T15:20:47.650-0500] {logging_mixin.py:150} INFO - [2023-07-22T15:20:47.650-0500] {dagbag.py:541} INFO - Filling up the DagBag from /Users/abhishekpatkar/Documents/Projects/af_file_loader/venv/lib/python3.11/site-packages/airflow/example_dags/tutorial.py
[2023-07-22T15:20:47.696-0500] {processor.py:836} INFO - DAG(s) dict_keys(['tutorial']) retrieved from /Users/abhishekpatkar/Documents/Projects/af_file_loader/venv/lib/python3.11/site-packages/airflow/example_dags/tutorial.py
[2023-07-22T15:20:48.851-0500] {logging_mixin.py:150} INFO - [2023-07-22T15:20:48.851-0500] {dag.py:2742} INFO - Sync 1 DAGs
[2023-07-22T15:20:48.891-0500] {logging_mixin.py:150} INFO - [2023-07-22T15:20:48.890-0500] {dag.py:3504} INFO - Setting next_dagrun for tutorial to 2023-07-21T20:20:48.890815+00:00, run_after=2023-07-22T20:20:48.890815+00:00
[2023-07-22T15:20:48.944-0500] {processor.py:179} INFO - Processing /Users/abhishekpatkar/Documents/Projects/af_file_loader/venv/lib/python3.11/site-packages/airflow/example_dags/tutorial.py took 1.306 seconds
[2023-07-22T15:23:17.236-0500] {processor.py:157} INFO - Started process (PID=18251) to work on /Users/abhishekpatkar/Documents/Projects/af_file_loader/venv/lib/python3.11/site-packages/airflow/example_dags/tutorial.py
[2023-07-22T15:23:17.241-0500] {processor.py:826} INFO - Processing file /Users/abhishekpatkar/Documents/Projects/af_file_loader/venv/lib/python3.11/site-packages/airflow/example_dags/tutorial.py for tasks to queue
[2023-07-22T15:23:17.242-0500] {logging_mixin.py:150} INFO - [2023-07-22T15:23:17.242-0500] {dagbag.py:541} INFO - Filling up the DagBag from /Users/abhishekpatkar/Documents/Projects/af_file_loader/venv/lib/python3.11/site-packages/airflow/example_dags/tutorial.py
[2023-07-22T15:23:17.267-0500] {processor.py:836} INFO - DAG(s) dict_keys(['tutorial']) retrieved from /Users/abhishekpatkar/Documents/Projects/af_file_loader/venv/lib/python3.11/site-packages/airflow/example_dags/tutorial.py
[2023-07-22T15:23:17.947-0500] {logging_mixin.py:150} INFO - [2023-07-22T15:23:17.946-0500] {dag.py:2742} INFO - Sync 1 DAGs
[2023-07-22T15:23:17.964-0500] {logging_mixin.py:150} INFO - [2023-07-22T15:23:17.963-0500] {dag.py:3504} INFO - Setting next_dagrun for tutorial to 2023-07-21T20:23:17.963727+00:00, run_after=2023-07-22T20:23:17.963727+00:00
[2023-07-22T15:23:17.984-0500] {processor.py:179} INFO - Processing /Users/abhishekpatkar/Documents/Projects/af_file_loader/venv/lib/python3.11/site-packages/airflow/example_dags/tutorial.py took 0.749 seconds
[2023-07-22T15:25:26.813-0500] {processor.py:157} INFO - Started process (PID=18341) to work on /Users/abhishekpatkar/Documents/Projects/af_file_loader/venv/lib/python3.11/site-packages/airflow/example_dags/tutorial.py
[2023-07-22T15:25:26.817-0500] {processor.py:826} INFO - Processing file /Users/abhishekpatkar/Documents/Projects/af_file_loader/venv/lib/python3.11/site-packages/airflow/example_dags/tutorial.py for tasks to queue
[2023-07-22T15:25:26.818-0500] {logging_mixin.py:150} INFO - [2023-07-22T15:25:26.818-0500] {dagbag.py:541} INFO - Filling up the DagBag from /Users/abhishekpatkar/Documents/Projects/af_file_loader/venv/lib/python3.11/site-packages/airflow/example_dags/tutorial.py
[2023-07-22T15:25:26.842-0500] {processor.py:836} INFO - DAG(s) dict_keys(['tutorial']) retrieved from /Users/abhishekpatkar/Documents/Projects/af_file_loader/venv/lib/python3.11/site-packages/airflow/example_dags/tutorial.py
[2023-07-22T15:25:27.681-0500] {logging_mixin.py:150} INFO - [2023-07-22T15:25:27.681-0500] {dag.py:2742} INFO - Sync 1 DAGs
[2023-07-22T15:25:27.720-0500] {logging_mixin.py:150} INFO - [2023-07-22T15:25:27.720-0500] {dag.py:3504} INFO - Setting next_dagrun for tutorial to 2023-07-21T20:25:27.720197+00:00, run_after=2023-07-22T20:25:27.720197+00:00
[2023-07-22T15:25:27.744-0500] {processor.py:179} INFO - Processing /Users/abhishekpatkar/Documents/Projects/af_file_loader/venv/lib/python3.11/site-packages/airflow/example_dags/tutorial.py took 0.932 seconds
[2023-07-22T15:29:02.125-0500] {processor.py:157} INFO - Started process (PID=18652) to work on /Users/abhishekpatkar/Documents/Projects/af_file_loader/venv/lib/python3.11/site-packages/airflow/example_dags/tutorial.py
[2023-07-22T15:29:02.132-0500] {processor.py:826} INFO - Processing file /Users/abhishekpatkar/Documents/Projects/af_file_loader/venv/lib/python3.11/site-packages/airflow/example_dags/tutorial.py for tasks to queue
[2023-07-22T15:29:02.134-0500] {logging_mixin.py:150} INFO - [2023-07-22T15:29:02.133-0500] {dagbag.py:541} INFO - Filling up the DagBag from /Users/abhishekpatkar/Documents/Projects/af_file_loader/venv/lib/python3.11/site-packages/airflow/example_dags/tutorial.py
[2023-07-22T15:29:02.207-0500] {processor.py:836} INFO - DAG(s) dict_keys(['tutorial']) retrieved from /Users/abhishekpatkar/Documents/Projects/af_file_loader/venv/lib/python3.11/site-packages/airflow/example_dags/tutorial.py
[2023-07-22T15:29:04.171-0500] {logging_mixin.py:150} INFO - [2023-07-22T15:29:04.171-0500] {dag.py:2742} INFO - Sync 1 DAGs
[2023-07-22T15:29:04.195-0500] {logging_mixin.py:150} INFO - [2023-07-22T15:29:04.194-0500] {dag.py:3504} INFO - Setting next_dagrun for tutorial to 2023-07-21T20:29:04.194797+00:00, run_after=2023-07-22T20:29:04.194797+00:00
[2023-07-22T15:29:04.215-0500] {processor.py:179} INFO - Processing /Users/abhishekpatkar/Documents/Projects/af_file_loader/venv/lib/python3.11/site-packages/airflow/example_dags/tutorial.py took 2.091 seconds
[2023-07-22T15:31:51.687-0500] {processor.py:157} INFO - Started process (PID=18815) to work on /Users/abhishekpatkar/Documents/Projects/af_file_loader/venv/lib/python3.11/site-packages/airflow/example_dags/tutorial.py
[2023-07-22T15:31:51.691-0500] {processor.py:826} INFO - Processing file /Users/abhishekpatkar/Documents/Projects/af_file_loader/venv/lib/python3.11/site-packages/airflow/example_dags/tutorial.py for tasks to queue
[2023-07-22T15:31:51.693-0500] {logging_mixin.py:150} INFO - [2023-07-22T15:31:51.693-0500] {dagbag.py:541} INFO - Filling up the DagBag from /Users/abhishekpatkar/Documents/Projects/af_file_loader/venv/lib/python3.11/site-packages/airflow/example_dags/tutorial.py
[2023-07-22T15:31:51.729-0500] {processor.py:836} INFO - DAG(s) dict_keys(['tutorial']) retrieved from /Users/abhishekpatkar/Documents/Projects/af_file_loader/venv/lib/python3.11/site-packages/airflow/example_dags/tutorial.py
[2023-07-22T15:31:52.378-0500] {logging_mixin.py:150} INFO - [2023-07-22T15:31:52.378-0500] {dag.py:2742} INFO - Sync 1 DAGs
[2023-07-22T15:31:52.394-0500] {logging_mixin.py:150} INFO - [2023-07-22T15:31:52.394-0500] {dag.py:3504} INFO - Setting next_dagrun for tutorial to 2023-07-21T20:31:52.393930+00:00, run_after=2023-07-22T20:31:52.393930+00:00
[2023-07-22T15:31:52.412-0500] {processor.py:179} INFO - Processing /Users/abhishekpatkar/Documents/Projects/af_file_loader/venv/lib/python3.11/site-packages/airflow/example_dags/tutorial.py took 0.725 seconds
[2023-07-22T15:33:47.883-0500] {processor.py:157} INFO - Started process (PID=18888) to work on /Users/abhishekpatkar/Documents/Projects/af_file_loader/venv/lib/python3.11/site-packages/airflow/example_dags/tutorial.py
[2023-07-22T15:33:47.888-0500] {processor.py:826} INFO - Processing file /Users/abhishekpatkar/Documents/Projects/af_file_loader/venv/lib/python3.11/site-packages/airflow/example_dags/tutorial.py for tasks to queue
[2023-07-22T15:33:47.889-0500] {logging_mixin.py:150} INFO - [2023-07-22T15:33:47.888-0500] {dagbag.py:541} INFO - Filling up the DagBag from /Users/abhishekpatkar/Documents/Projects/af_file_loader/venv/lib/python3.11/site-packages/airflow/example_dags/tutorial.py
[2023-07-22T15:33:47.911-0500] {processor.py:836} INFO - DAG(s) dict_keys(['tutorial']) retrieved from /Users/abhishekpatkar/Documents/Projects/af_file_loader/venv/lib/python3.11/site-packages/airflow/example_dags/tutorial.py
[2023-07-22T15:33:48.600-0500] {logging_mixin.py:150} INFO - [2023-07-22T15:33:48.599-0500] {dag.py:2742} INFO - Sync 1 DAGs
[2023-07-22T15:33:48.617-0500] {logging_mixin.py:150} INFO - [2023-07-22T15:33:48.616-0500] {dag.py:3504} INFO - Setting next_dagrun for tutorial to 2023-07-21T20:33:48.616639+00:00, run_after=2023-07-22T20:33:48.616639+00:00
[2023-07-22T15:33:48.636-0500] {processor.py:179} INFO - Processing /Users/abhishekpatkar/Documents/Projects/af_file_loader/venv/lib/python3.11/site-packages/airflow/example_dags/tutorial.py took 0.754 seconds
[2023-07-22T15:35:39.558-0500] {processor.py:157} INFO - Started process (PID=18987) to work on /Users/abhishekpatkar/Documents/Projects/af_file_loader/venv/lib/python3.11/site-packages/airflow/example_dags/tutorial.py
[2023-07-22T15:35:39.563-0500] {processor.py:826} INFO - Processing file /Users/abhishekpatkar/Documents/Projects/af_file_loader/venv/lib/python3.11/site-packages/airflow/example_dags/tutorial.py for tasks to queue
[2023-07-22T15:35:39.564-0500] {logging_mixin.py:150} INFO - [2023-07-22T15:35:39.563-0500] {dagbag.py:541} INFO - Filling up the DagBag from /Users/abhishekpatkar/Documents/Projects/af_file_loader/venv/lib/python3.11/site-packages/airflow/example_dags/tutorial.py
[2023-07-22T15:35:39.584-0500] {processor.py:836} INFO - DAG(s) dict_keys(['tutorial']) retrieved from /Users/abhishekpatkar/Documents/Projects/af_file_loader/venv/lib/python3.11/site-packages/airflow/example_dags/tutorial.py
[2023-07-22T15:35:40.228-0500] {logging_mixin.py:150} INFO - [2023-07-22T15:35:40.227-0500] {dag.py:2742} INFO - Sync 1 DAGs
[2023-07-22T15:35:40.243-0500] {logging_mixin.py:150} INFO - [2023-07-22T15:35:40.243-0500] {dag.py:3504} INFO - Setting next_dagrun for tutorial to 2023-07-21T20:35:40.243190+00:00, run_after=2023-07-22T20:35:40.243190+00:00
[2023-07-22T15:35:40.260-0500] {processor.py:179} INFO - Processing /Users/abhishekpatkar/Documents/Projects/af_file_loader/venv/lib/python3.11/site-packages/airflow/example_dags/tutorial.py took 0.702 seconds
[2023-07-22T15:47:01.268-0500] {processor.py:157} INFO - Started process (PID=19299) to work on /Users/abhishekpatkar/Documents/Projects/af_file_loader/venv/lib/python3.11/site-packages/airflow/example_dags/tutorial.py
[2023-07-22T15:47:01.274-0500] {processor.py:826} INFO - Processing file /Users/abhishekpatkar/Documents/Projects/af_file_loader/venv/lib/python3.11/site-packages/airflow/example_dags/tutorial.py for tasks to queue
[2023-07-22T15:47:01.275-0500] {logging_mixin.py:150} INFO - [2023-07-22T15:47:01.275-0500] {dagbag.py:541} INFO - Filling up the DagBag from /Users/abhishekpatkar/Documents/Projects/af_file_loader/venv/lib/python3.11/site-packages/airflow/example_dags/tutorial.py
[2023-07-22T15:47:01.404-0500] {processor.py:836} INFO - DAG(s) dict_keys(['tutorial']) retrieved from /Users/abhishekpatkar/Documents/Projects/af_file_loader/venv/lib/python3.11/site-packages/airflow/example_dags/tutorial.py
[2023-07-22T15:47:02.547-0500] {logging_mixin.py:150} INFO - [2023-07-22T15:47:02.547-0500] {dag.py:2742} INFO - Sync 1 DAGs
[2023-07-22T15:47:02.597-0500] {logging_mixin.py:150} INFO - [2023-07-22T15:47:02.596-0500] {dag.py:3504} INFO - Setting next_dagrun for tutorial to 2023-07-21T20:47:02.596228+00:00, run_after=2023-07-22T20:47:02.596228+00:00
[2023-07-22T15:47:02.636-0500] {processor.py:179} INFO - Processing /Users/abhishekpatkar/Documents/Projects/af_file_loader/venv/lib/python3.11/site-packages/airflow/example_dags/tutorial.py took 1.372 seconds
[2023-07-22T15:49:32.524-0500] {processor.py:157} INFO - Started process (PID=19506) to work on /Users/abhishekpatkar/Documents/Projects/af_file_loader/venv/lib/python3.11/site-packages/airflow/example_dags/tutorial.py
[2023-07-22T15:49:32.529-0500] {processor.py:826} INFO - Processing file /Users/abhishekpatkar/Documents/Projects/af_file_loader/venv/lib/python3.11/site-packages/airflow/example_dags/tutorial.py for tasks to queue
[2023-07-22T15:49:32.530-0500] {logging_mixin.py:150} INFO - [2023-07-22T15:49:32.530-0500] {dagbag.py:541} INFO - Filling up the DagBag from /Users/abhishekpatkar/Documents/Projects/af_file_loader/venv/lib/python3.11/site-packages/airflow/example_dags/tutorial.py
[2023-07-22T15:49:32.558-0500] {processor.py:836} INFO - DAG(s) dict_keys(['tutorial']) retrieved from /Users/abhishekpatkar/Documents/Projects/af_file_loader/venv/lib/python3.11/site-packages/airflow/example_dags/tutorial.py
[2023-07-22T15:49:33.422-0500] {logging_mixin.py:150} INFO - [2023-07-22T15:49:33.422-0500] {dag.py:2742} INFO - Sync 1 DAGs
[2023-07-22T15:49:33.442-0500] {logging_mixin.py:150} INFO - [2023-07-22T15:49:33.442-0500] {dag.py:3504} INFO - Setting next_dagrun for tutorial to 2023-07-21T20:49:33.441901+00:00, run_after=2023-07-22T20:49:33.441901+00:00
[2023-07-22T15:49:33.469-0500] {processor.py:179} INFO - Processing /Users/abhishekpatkar/Documents/Projects/af_file_loader/venv/lib/python3.11/site-packages/airflow/example_dags/tutorial.py took 0.946 seconds
[2023-07-22T15:52:07.854-0500] {processor.py:157} INFO - Started process (PID=19780) to work on /Users/abhishekpatkar/Documents/Projects/af_file_loader/venv/lib/python3.11/site-packages/airflow/example_dags/tutorial.py
[2023-07-22T15:52:07.857-0500] {processor.py:826} INFO - Processing file /Users/abhishekpatkar/Documents/Projects/af_file_loader/venv/lib/python3.11/site-packages/airflow/example_dags/tutorial.py for tasks to queue
[2023-07-22T15:52:07.858-0500] {logging_mixin.py:150} INFO - [2023-07-22T15:52:07.858-0500] {dagbag.py:541} INFO - Filling up the DagBag from /Users/abhishekpatkar/Documents/Projects/af_file_loader/venv/lib/python3.11/site-packages/airflow/example_dags/tutorial.py
[2023-07-22T15:52:07.886-0500] {processor.py:836} INFO - DAG(s) dict_keys(['tutorial']) retrieved from /Users/abhishekpatkar/Documents/Projects/af_file_loader/venv/lib/python3.11/site-packages/airflow/example_dags/tutorial.py
[2023-07-22T15:52:08.872-0500] {logging_mixin.py:150} INFO - [2023-07-22T15:52:08.871-0500] {dag.py:2742} INFO - Sync 1 DAGs
[2023-07-22T15:52:08.895-0500] {logging_mixin.py:150} INFO - [2023-07-22T15:52:08.894-0500] {dag.py:3504} INFO - Setting next_dagrun for tutorial to 2023-07-21T20:52:08.894502+00:00, run_after=2023-07-22T20:52:08.894502+00:00
[2023-07-22T15:52:08.921-0500] {processor.py:179} INFO - Processing /Users/abhishekpatkar/Documents/Projects/af_file_loader/venv/lib/python3.11/site-packages/airflow/example_dags/tutorial.py took 1.069 seconds
[2023-07-22T15:54:47.763-0500] {processor.py:157} INFO - Started process (PID=19950) to work on /Users/abhishekpatkar/Documents/Projects/af_file_loader/venv/lib/python3.11/site-packages/airflow/example_dags/tutorial.py
[2023-07-22T15:54:47.768-0500] {processor.py:826} INFO - Processing file /Users/abhishekpatkar/Documents/Projects/af_file_loader/venv/lib/python3.11/site-packages/airflow/example_dags/tutorial.py for tasks to queue
[2023-07-22T15:54:47.769-0500] {logging_mixin.py:150} INFO - [2023-07-22T15:54:47.769-0500] {dagbag.py:541} INFO - Filling up the DagBag from /Users/abhishekpatkar/Documents/Projects/af_file_loader/venv/lib/python3.11/site-packages/airflow/example_dags/tutorial.py
[2023-07-22T15:54:47.801-0500] {processor.py:836} INFO - DAG(s) dict_keys(['tutorial']) retrieved from /Users/abhishekpatkar/Documents/Projects/af_file_loader/venv/lib/python3.11/site-packages/airflow/example_dags/tutorial.py
[2023-07-22T15:54:48.893-0500] {logging_mixin.py:150} INFO - [2023-07-22T15:54:48.892-0500] {dag.py:2742} INFO - Sync 1 DAGs
[2023-07-22T15:54:48.915-0500] {logging_mixin.py:150} INFO - [2023-07-22T15:54:48.915-0500] {dag.py:3504} INFO - Setting next_dagrun for tutorial to 2023-07-21T20:54:48.915315+00:00, run_after=2023-07-22T20:54:48.915315+00:00
[2023-07-22T15:54:48.947-0500] {processor.py:179} INFO - Processing /Users/abhishekpatkar/Documents/Projects/af_file_loader/venv/lib/python3.11/site-packages/airflow/example_dags/tutorial.py took 1.185 seconds
[2023-07-22T15:57:28.487-0500] {processor.py:157} INFO - Started process (PID=20196) to work on /Users/abhishekpatkar/Documents/Projects/af_file_loader/venv/lib/python3.11/site-packages/airflow/example_dags/tutorial.py
[2023-07-22T15:57:28.491-0500] {processor.py:826} INFO - Processing file /Users/abhishekpatkar/Documents/Projects/af_file_loader/venv/lib/python3.11/site-packages/airflow/example_dags/tutorial.py for tasks to queue
[2023-07-22T15:57:28.491-0500] {logging_mixin.py:150} INFO - [2023-07-22T15:57:28.491-0500] {dagbag.py:541} INFO - Filling up the DagBag from /Users/abhishekpatkar/Documents/Projects/af_file_loader/venv/lib/python3.11/site-packages/airflow/example_dags/tutorial.py
[2023-07-22T15:57:28.520-0500] {processor.py:836} INFO - DAG(s) dict_keys(['tutorial']) retrieved from /Users/abhishekpatkar/Documents/Projects/af_file_loader/venv/lib/python3.11/site-packages/airflow/example_dags/tutorial.py
[2023-07-22T15:57:29.414-0500] {logging_mixin.py:150} INFO - [2023-07-22T15:57:29.413-0500] {dag.py:2742} INFO - Sync 1 DAGs
[2023-07-22T15:57:29.437-0500] {logging_mixin.py:150} INFO - [2023-07-22T15:57:29.437-0500] {dag.py:3504} INFO - Setting next_dagrun for tutorial to 2023-07-21T20:57:29.437591+00:00, run_after=2023-07-22T20:57:29.437591+00:00
[2023-07-22T15:57:29.460-0500] {processor.py:179} INFO - Processing /Users/abhishekpatkar/Documents/Projects/af_file_loader/venv/lib/python3.11/site-packages/airflow/example_dags/tutorial.py took 0.974 seconds
[2023-07-22T15:59:56.232-0500] {processor.py:157} INFO - Started process (PID=20296) to work on /Users/abhishekpatkar/Documents/Projects/af_file_loader/venv/lib/python3.11/site-packages/airflow/example_dags/tutorial.py
[2023-07-22T15:59:56.239-0500] {processor.py:826} INFO - Processing file /Users/abhishekpatkar/Documents/Projects/af_file_loader/venv/lib/python3.11/site-packages/airflow/example_dags/tutorial.py for tasks to queue
[2023-07-22T15:59:56.240-0500] {logging_mixin.py:150} INFO - [2023-07-22T15:59:56.239-0500] {dagbag.py:541} INFO - Filling up the DagBag from /Users/abhishekpatkar/Documents/Projects/af_file_loader/venv/lib/python3.11/site-packages/airflow/example_dags/tutorial.py
[2023-07-22T15:59:56.291-0500] {processor.py:836} INFO - DAG(s) dict_keys(['tutorial']) retrieved from /Users/abhishekpatkar/Documents/Projects/af_file_loader/venv/lib/python3.11/site-packages/airflow/example_dags/tutorial.py
[2023-07-22T15:59:57.234-0500] {logging_mixin.py:150} INFO - [2023-07-22T15:59:57.234-0500] {dag.py:2742} INFO - Sync 1 DAGs
[2023-07-22T15:59:57.254-0500] {logging_mixin.py:150} INFO - [2023-07-22T15:59:57.254-0500] {dag.py:3504} INFO - Setting next_dagrun for tutorial to 2023-07-21T20:59:57.254241+00:00, run_after=2023-07-22T20:59:57.254241+00:00
[2023-07-22T15:59:57.281-0500] {processor.py:179} INFO - Processing /Users/abhishekpatkar/Documents/Projects/af_file_loader/venv/lib/python3.11/site-packages/airflow/example_dags/tutorial.py took 1.050 seconds
[2023-07-22T16:02:24.821-0500] {processor.py:157} INFO - Started process (PID=20384) to work on /Users/abhishekpatkar/Documents/Projects/af_file_loader/venv/lib/python3.11/site-packages/airflow/example_dags/tutorial.py
[2023-07-22T16:02:24.826-0500] {processor.py:826} INFO - Processing file /Users/abhishekpatkar/Documents/Projects/af_file_loader/venv/lib/python3.11/site-packages/airflow/example_dags/tutorial.py for tasks to queue
[2023-07-22T16:02:24.827-0500] {logging_mixin.py:150} INFO - [2023-07-22T16:02:24.827-0500] {dagbag.py:541} INFO - Filling up the DagBag from /Users/abhishekpatkar/Documents/Projects/af_file_loader/venv/lib/python3.11/site-packages/airflow/example_dags/tutorial.py
[2023-07-22T16:02:24.848-0500] {processor.py:836} INFO - DAG(s) dict_keys(['tutorial']) retrieved from /Users/abhishekpatkar/Documents/Projects/af_file_loader/venv/lib/python3.11/site-packages/airflow/example_dags/tutorial.py
[2023-07-22T16:02:25.538-0500] {logging_mixin.py:150} INFO - [2023-07-22T16:02:25.538-0500] {dag.py:2742} INFO - Sync 1 DAGs
[2023-07-22T16:02:25.554-0500] {logging_mixin.py:150} INFO - [2023-07-22T16:02:25.554-0500] {dag.py:3504} INFO - Setting next_dagrun for tutorial to 2023-07-21T21:02:25.554298+00:00, run_after=2023-07-22T21:02:25.554298+00:00
[2023-07-22T16:02:25.573-0500] {processor.py:179} INFO - Processing /Users/abhishekpatkar/Documents/Projects/af_file_loader/venv/lib/python3.11/site-packages/airflow/example_dags/tutorial.py took 0.752 seconds
[2023-07-22T16:04:16.344-0500] {processor.py:157} INFO - Started process (PID=20458) to work on /Users/abhishekpatkar/Documents/Projects/af_file_loader/venv/lib/python3.11/site-packages/airflow/example_dags/tutorial.py
[2023-07-22T16:04:16.348-0500] {processor.py:826} INFO - Processing file /Users/abhishekpatkar/Documents/Projects/af_file_loader/venv/lib/python3.11/site-packages/airflow/example_dags/tutorial.py for tasks to queue
[2023-07-22T16:04:16.348-0500] {logging_mixin.py:150} INFO - [2023-07-22T16:04:16.348-0500] {dagbag.py:541} INFO - Filling up the DagBag from /Users/abhishekpatkar/Documents/Projects/af_file_loader/venv/lib/python3.11/site-packages/airflow/example_dags/tutorial.py
[2023-07-22T16:04:16.369-0500] {processor.py:836} INFO - DAG(s) dict_keys(['tutorial']) retrieved from /Users/abhishekpatkar/Documents/Projects/af_file_loader/venv/lib/python3.11/site-packages/airflow/example_dags/tutorial.py
[2023-07-22T16:04:17.001-0500] {logging_mixin.py:150} INFO - [2023-07-22T16:04:17.001-0500] {dag.py:2742} INFO - Sync 1 DAGs
[2023-07-22T16:04:17.017-0500] {logging_mixin.py:150} INFO - [2023-07-22T16:04:17.017-0500] {dag.py:3504} INFO - Setting next_dagrun for tutorial to 2023-07-21T21:04:17.017115+00:00, run_after=2023-07-22T21:04:17.017115+00:00
[2023-07-22T16:04:17.036-0500] {processor.py:179} INFO - Processing /Users/abhishekpatkar/Documents/Projects/af_file_loader/venv/lib/python3.11/site-packages/airflow/example_dags/tutorial.py took 0.692 seconds
[2023-07-22T16:06:04.156-0500] {processor.py:157} INFO - Started process (PID=20540) to work on /Users/abhishekpatkar/Documents/Projects/af_file_loader/venv/lib/python3.11/site-packages/airflow/example_dags/tutorial.py
[2023-07-22T16:06:04.160-0500] {processor.py:826} INFO - Processing file /Users/abhishekpatkar/Documents/Projects/af_file_loader/venv/lib/python3.11/site-packages/airflow/example_dags/tutorial.py for tasks to queue
[2023-07-22T16:06:04.161-0500] {logging_mixin.py:150} INFO - [2023-07-22T16:06:04.161-0500] {dagbag.py:541} INFO - Filling up the DagBag from /Users/abhishekpatkar/Documents/Projects/af_file_loader/venv/lib/python3.11/site-packages/airflow/example_dags/tutorial.py
[2023-07-22T16:06:04.180-0500] {processor.py:836} INFO - DAG(s) dict_keys(['tutorial']) retrieved from /Users/abhishekpatkar/Documents/Projects/af_file_loader/venv/lib/python3.11/site-packages/airflow/example_dags/tutorial.py
[2023-07-22T16:06:04.797-0500] {logging_mixin.py:150} INFO - [2023-07-22T16:06:04.797-0500] {dag.py:2742} INFO - Sync 1 DAGs
[2023-07-22T16:06:04.813-0500] {logging_mixin.py:150} INFO - [2023-07-22T16:06:04.813-0500] {dag.py:3504} INFO - Setting next_dagrun for tutorial to 2023-07-21T21:06:04.812890+00:00, run_after=2023-07-22T21:06:04.812890+00:00
[2023-07-22T16:06:04.831-0500] {processor.py:179} INFO - Processing /Users/abhishekpatkar/Documents/Projects/af_file_loader/venv/lib/python3.11/site-packages/airflow/example_dags/tutorial.py took 0.676 seconds
[2023-07-22T16:07:55.801-0500] {processor.py:157} INFO - Started process (PID=20634) to work on /Users/abhishekpatkar/Documents/Projects/af_file_loader/venv/lib/python3.11/site-packages/airflow/example_dags/tutorial.py
[2023-07-22T16:07:55.805-0500] {processor.py:826} INFO - Processing file /Users/abhishekpatkar/Documents/Projects/af_file_loader/venv/lib/python3.11/site-packages/airflow/example_dags/tutorial.py for tasks to queue
[2023-07-22T16:07:55.806-0500] {logging_mixin.py:150} INFO - [2023-07-22T16:07:55.806-0500] {dagbag.py:541} INFO - Filling up the DagBag from /Users/abhishekpatkar/Documents/Projects/af_file_loader/venv/lib/python3.11/site-packages/airflow/example_dags/tutorial.py
[2023-07-22T16:07:55.826-0500] {processor.py:836} INFO - DAG(s) dict_keys(['tutorial']) retrieved from /Users/abhishekpatkar/Documents/Projects/af_file_loader/venv/lib/python3.11/site-packages/airflow/example_dags/tutorial.py
[2023-07-22T16:07:56.456-0500] {logging_mixin.py:150} INFO - [2023-07-22T16:07:56.455-0500] {dag.py:2742} INFO - Sync 1 DAGs
[2023-07-22T16:07:56.471-0500] {logging_mixin.py:150} INFO - [2023-07-22T16:07:56.471-0500] {dag.py:3504} INFO - Setting next_dagrun for tutorial to 2023-07-21T21:07:56.471351+00:00, run_after=2023-07-22T21:07:56.471351+00:00
[2023-07-22T16:07:56.490-0500] {processor.py:179} INFO - Processing /Users/abhishekpatkar/Documents/Projects/af_file_loader/venv/lib/python3.11/site-packages/airflow/example_dags/tutorial.py took 0.690 seconds
[2023-07-22T16:09:47.922-0500] {processor.py:157} INFO - Started process (PID=20706) to work on /Users/abhishekpatkar/Documents/Projects/af_file_loader/venv/lib/python3.11/site-packages/airflow/example_dags/tutorial.py
[2023-07-22T16:09:47.926-0500] {processor.py:826} INFO - Processing file /Users/abhishekpatkar/Documents/Projects/af_file_loader/venv/lib/python3.11/site-packages/airflow/example_dags/tutorial.py for tasks to queue
[2023-07-22T16:09:47.926-0500] {logging_mixin.py:150} INFO - [2023-07-22T16:09:47.926-0500] {dagbag.py:541} INFO - Filling up the DagBag from /Users/abhishekpatkar/Documents/Projects/af_file_loader/venv/lib/python3.11/site-packages/airflow/example_dags/tutorial.py
[2023-07-22T16:09:47.945-0500] {processor.py:836} INFO - DAG(s) dict_keys(['tutorial']) retrieved from /Users/abhishekpatkar/Documents/Projects/af_file_loader/venv/lib/python3.11/site-packages/airflow/example_dags/tutorial.py
[2023-07-22T16:09:48.595-0500] {logging_mixin.py:150} INFO - [2023-07-22T16:09:48.595-0500] {dag.py:2742} INFO - Sync 1 DAGs
[2023-07-22T16:09:48.610-0500] {logging_mixin.py:150} INFO - [2023-07-22T16:09:48.610-0500] {dag.py:3504} INFO - Setting next_dagrun for tutorial to 2023-07-21T21:09:48.610086+00:00, run_after=2023-07-22T21:09:48.610086+00:00
[2023-07-22T16:09:48.627-0500] {processor.py:179} INFO - Processing /Users/abhishekpatkar/Documents/Projects/af_file_loader/venv/lib/python3.11/site-packages/airflow/example_dags/tutorial.py took 0.706 seconds
[2023-07-22T16:23:17.618-0500] {processor.py:157} INFO - Started process (PID=20789) to work on /Users/abhishekpatkar/Documents/Projects/af_file_loader/venv/lib/python3.11/site-packages/airflow/example_dags/tutorial.py
[2023-07-22T16:23:17.622-0500] {processor.py:826} INFO - Processing file /Users/abhishekpatkar/Documents/Projects/af_file_loader/venv/lib/python3.11/site-packages/airflow/example_dags/tutorial.py for tasks to queue
[2023-07-22T16:23:17.623-0500] {logging_mixin.py:150} INFO - [2023-07-22T16:23:17.623-0500] {dagbag.py:541} INFO - Filling up the DagBag from /Users/abhishekpatkar/Documents/Projects/af_file_loader/venv/lib/python3.11/site-packages/airflow/example_dags/tutorial.py
[2023-07-22T16:23:17.644-0500] {processor.py:836} INFO - DAG(s) dict_keys(['tutorial']) retrieved from /Users/abhishekpatkar/Documents/Projects/af_file_loader/venv/lib/python3.11/site-packages/airflow/example_dags/tutorial.py
[2023-07-22T16:23:19.107-0500] {logging_mixin.py:150} INFO - [2023-07-22T16:23:19.107-0500] {dag.py:2742} INFO - Sync 1 DAGs
[2023-07-22T16:23:19.132-0500] {logging_mixin.py:150} INFO - [2023-07-22T16:23:19.132-0500] {dag.py:3504} INFO - Setting next_dagrun for tutorial to 2023-07-21T21:23:19.132057+00:00, run_after=2023-07-22T21:23:19.132057+00:00
[2023-07-22T16:23:19.165-0500] {processor.py:179} INFO - Processing /Users/abhishekpatkar/Documents/Projects/af_file_loader/venv/lib/python3.11/site-packages/airflow/example_dags/tutorial.py took 1.547 seconds
[2023-07-22T16:26:03.283-0500] {processor.py:157} INFO - Started process (PID=20959) to work on /Users/abhishekpatkar/Documents/Projects/af_file_loader/venv/lib/python3.11/site-packages/airflow/example_dags/tutorial.py
[2023-07-22T16:26:03.288-0500] {processor.py:826} INFO - Processing file /Users/abhishekpatkar/Documents/Projects/af_file_loader/venv/lib/python3.11/site-packages/airflow/example_dags/tutorial.py for tasks to queue
[2023-07-22T16:26:03.289-0500] {logging_mixin.py:150} INFO - [2023-07-22T16:26:03.289-0500] {dagbag.py:541} INFO - Filling up the DagBag from /Users/abhishekpatkar/Documents/Projects/af_file_loader/venv/lib/python3.11/site-packages/airflow/example_dags/tutorial.py
[2023-07-22T16:26:03.316-0500] {processor.py:836} INFO - DAG(s) dict_keys(['tutorial']) retrieved from /Users/abhishekpatkar/Documents/Projects/af_file_loader/venv/lib/python3.11/site-packages/airflow/example_dags/tutorial.py
[2023-07-22T16:26:04.295-0500] {logging_mixin.py:150} INFO - [2023-07-22T16:26:04.294-0500] {dag.py:2742} INFO - Sync 1 DAGs
[2023-07-22T16:26:04.327-0500] {logging_mixin.py:150} INFO - [2023-07-22T16:26:04.327-0500] {dag.py:3504} INFO - Setting next_dagrun for tutorial to 2023-07-21T21:26:04.326946+00:00, run_after=2023-07-22T21:26:04.326946+00:00
[2023-07-22T16:26:04.364-0500] {processor.py:179} INFO - Processing /Users/abhishekpatkar/Documents/Projects/af_file_loader/venv/lib/python3.11/site-packages/airflow/example_dags/tutorial.py took 1.082 seconds
[2023-07-22T16:29:27.757-0500] {processor.py:157} INFO - Started process (PID=21075) to work on /Users/abhishekpatkar/Documents/Projects/af_file_loader/venv/lib/python3.11/site-packages/airflow/example_dags/tutorial.py
[2023-07-22T16:29:27.765-0500] {processor.py:826} INFO - Processing file /Users/abhishekpatkar/Documents/Projects/af_file_loader/venv/lib/python3.11/site-packages/airflow/example_dags/tutorial.py for tasks to queue
[2023-07-22T16:29:27.771-0500] {logging_mixin.py:150} INFO - [2023-07-22T16:29:27.770-0500] {dagbag.py:541} INFO - Filling up the DagBag from /Users/abhishekpatkar/Documents/Projects/af_file_loader/venv/lib/python3.11/site-packages/airflow/example_dags/tutorial.py
[2023-07-22T16:29:27.849-0500] {processor.py:836} INFO - DAG(s) dict_keys(['tutorial']) retrieved from /Users/abhishekpatkar/Documents/Projects/af_file_loader/venv/lib/python3.11/site-packages/airflow/example_dags/tutorial.py
[2023-07-22T16:29:29.419-0500] {logging_mixin.py:150} INFO - [2023-07-22T16:29:29.418-0500] {dag.py:2742} INFO - Sync 1 DAGs
[2023-07-22T16:29:29.482-0500] {logging_mixin.py:150} INFO - [2023-07-22T16:29:29.482-0500] {dag.py:3504} INFO - Setting next_dagrun for tutorial to 2023-07-21T21:29:29.482132+00:00, run_after=2023-07-22T21:29:29.482132+00:00
[2023-07-22T16:29:29.552-0500] {processor.py:179} INFO - Processing /Users/abhishekpatkar/Documents/Projects/af_file_loader/venv/lib/python3.11/site-packages/airflow/example_dags/tutorial.py took 1.796 seconds
[2023-07-22T16:32:39.809-0500] {processor.py:157} INFO - Started process (PID=21179) to work on /Users/abhishekpatkar/Documents/Projects/af_file_loader/venv/lib/python3.11/site-packages/airflow/example_dags/tutorial.py
[2023-07-22T16:32:39.814-0500] {processor.py:826} INFO - Processing file /Users/abhishekpatkar/Documents/Projects/af_file_loader/venv/lib/python3.11/site-packages/airflow/example_dags/tutorial.py for tasks to queue
[2023-07-22T16:32:39.815-0500] {logging_mixin.py:150} INFO - [2023-07-22T16:32:39.815-0500] {dagbag.py:541} INFO - Filling up the DagBag from /Users/abhishekpatkar/Documents/Projects/af_file_loader/venv/lib/python3.11/site-packages/airflow/example_dags/tutorial.py
[2023-07-22T16:32:39.847-0500] {processor.py:836} INFO - DAG(s) dict_keys(['tutorial']) retrieved from /Users/abhishekpatkar/Documents/Projects/af_file_loader/venv/lib/python3.11/site-packages/airflow/example_dags/tutorial.py
[2023-07-22T16:32:41.491-0500] {logging_mixin.py:150} INFO - [2023-07-22T16:32:41.490-0500] {dag.py:2742} INFO - Sync 1 DAGs
[2023-07-22T16:32:41.507-0500] {logging_mixin.py:150} INFO - [2023-07-22T16:32:41.507-0500] {dag.py:3504} INFO - Setting next_dagrun for tutorial to 2023-07-21T21:32:41.506690+00:00, run_after=2023-07-22T21:32:41.506690+00:00
[2023-07-22T16:32:41.536-0500] {processor.py:179} INFO - Processing /Users/abhishekpatkar/Documents/Projects/af_file_loader/venv/lib/python3.11/site-packages/airflow/example_dags/tutorial.py took 1.731 seconds
[2023-07-22T16:36:05.867-0500] {processor.py:157} INFO - Started process (PID=21288) to work on /Users/abhishekpatkar/Documents/Projects/af_file_loader/venv/lib/python3.11/site-packages/airflow/example_dags/tutorial.py
[2023-07-22T16:36:05.876-0500] {processor.py:826} INFO - Processing file /Users/abhishekpatkar/Documents/Projects/af_file_loader/venv/lib/python3.11/site-packages/airflow/example_dags/tutorial.py for tasks to queue
[2023-07-22T16:36:05.877-0500] {logging_mixin.py:150} INFO - [2023-07-22T16:36:05.876-0500] {dagbag.py:541} INFO - Filling up the DagBag from /Users/abhishekpatkar/Documents/Projects/af_file_loader/venv/lib/python3.11/site-packages/airflow/example_dags/tutorial.py
[2023-07-22T16:36:05.930-0500] {processor.py:836} INFO - DAG(s) dict_keys(['tutorial']) retrieved from /Users/abhishekpatkar/Documents/Projects/af_file_loader/venv/lib/python3.11/site-packages/airflow/example_dags/tutorial.py
[2023-07-22T16:36:07.168-0500] {logging_mixin.py:150} INFO - [2023-07-22T16:36:07.168-0500] {dag.py:2742} INFO - Sync 1 DAGs
[2023-07-22T16:36:07.197-0500] {logging_mixin.py:150} INFO - [2023-07-22T16:36:07.196-0500] {dag.py:3504} INFO - Setting next_dagrun for tutorial to 2023-07-21T21:36:07.196771+00:00, run_after=2023-07-22T21:36:07.196771+00:00
[2023-07-22T16:36:07.223-0500] {processor.py:179} INFO - Processing /Users/abhishekpatkar/Documents/Projects/af_file_loader/venv/lib/python3.11/site-packages/airflow/example_dags/tutorial.py took 1.357 seconds
[2023-07-22T16:41:15.681-0500] {processor.py:157} INFO - Started process (PID=21496) to work on /Users/abhishekpatkar/Documents/Projects/af_file_loader/venv/lib/python3.11/site-packages/airflow/example_dags/tutorial.py
[2023-07-22T16:41:15.687-0500] {processor.py:826} INFO - Processing file /Users/abhishekpatkar/Documents/Projects/af_file_loader/venv/lib/python3.11/site-packages/airflow/example_dags/tutorial.py for tasks to queue
[2023-07-22T16:41:15.689-0500] {logging_mixin.py:150} INFO - [2023-07-22T16:41:15.689-0500] {dagbag.py:541} INFO - Filling up the DagBag from /Users/abhishekpatkar/Documents/Projects/af_file_loader/venv/lib/python3.11/site-packages/airflow/example_dags/tutorial.py
[2023-07-22T16:41:15.727-0500] {processor.py:836} INFO - DAG(s) dict_keys(['tutorial']) retrieved from /Users/abhishekpatkar/Documents/Projects/af_file_loader/venv/lib/python3.11/site-packages/airflow/example_dags/tutorial.py
[2023-07-22T16:41:17.124-0500] {logging_mixin.py:150} INFO - [2023-07-22T16:41:17.123-0500] {dag.py:2742} INFO - Sync 1 DAGs
[2023-07-22T16:41:17.252-0500] {logging_mixin.py:150} INFO - [2023-07-22T16:41:17.252-0500] {dag.py:3504} INFO - Setting next_dagrun for tutorial to 2023-07-21T21:41:17.251789+00:00, run_after=2023-07-22T21:41:17.251789+00:00
[2023-07-22T16:41:17.331-0500] {processor.py:179} INFO - Processing /Users/abhishekpatkar/Documents/Projects/af_file_loader/venv/lib/python3.11/site-packages/airflow/example_dags/tutorial.py took 1.651 seconds
[2023-07-22T16:45:12.381-0500] {processor.py:157} INFO - Started process (PID=21616) to work on /Users/abhishekpatkar/Documents/Projects/af_file_loader/venv/lib/python3.11/site-packages/airflow/example_dags/tutorial.py
[2023-07-22T16:45:12.390-0500] {processor.py:826} INFO - Processing file /Users/abhishekpatkar/Documents/Projects/af_file_loader/venv/lib/python3.11/site-packages/airflow/example_dags/tutorial.py for tasks to queue
[2023-07-22T16:45:12.390-0500] {logging_mixin.py:150} INFO - [2023-07-22T16:45:12.390-0500] {dagbag.py:541} INFO - Filling up the DagBag from /Users/abhishekpatkar/Documents/Projects/af_file_loader/venv/lib/python3.11/site-packages/airflow/example_dags/tutorial.py
[2023-07-22T16:45:12.426-0500] {processor.py:836} INFO - DAG(s) dict_keys(['tutorial']) retrieved from /Users/abhishekpatkar/Documents/Projects/af_file_loader/venv/lib/python3.11/site-packages/airflow/example_dags/tutorial.py
[2023-07-22T16:45:13.602-0500] {logging_mixin.py:150} INFO - [2023-07-22T16:45:13.602-0500] {dag.py:2742} INFO - Sync 1 DAGs
[2023-07-22T16:45:13.630-0500] {logging_mixin.py:150} INFO - [2023-07-22T16:45:13.629-0500] {dag.py:3504} INFO - Setting next_dagrun for tutorial to 2023-07-21T21:45:13.629686+00:00, run_after=2023-07-22T21:45:13.629686+00:00
[2023-07-22T16:45:13.662-0500] {processor.py:179} INFO - Processing /Users/abhishekpatkar/Documents/Projects/af_file_loader/venv/lib/python3.11/site-packages/airflow/example_dags/tutorial.py took 1.282 seconds
[2023-07-22T16:48:47.284-0500] {processor.py:157} INFO - Started process (PID=21726) to work on /Users/abhishekpatkar/Documents/Projects/af_file_loader/venv/lib/python3.11/site-packages/airflow/example_dags/tutorial.py
[2023-07-22T16:48:47.288-0500] {processor.py:826} INFO - Processing file /Users/abhishekpatkar/Documents/Projects/af_file_loader/venv/lib/python3.11/site-packages/airflow/example_dags/tutorial.py for tasks to queue
[2023-07-22T16:48:47.289-0500] {logging_mixin.py:150} INFO - [2023-07-22T16:48:47.288-0500] {dagbag.py:541} INFO - Filling up the DagBag from /Users/abhishekpatkar/Documents/Projects/af_file_loader/venv/lib/python3.11/site-packages/airflow/example_dags/tutorial.py
[2023-07-22T16:48:47.334-0500] {processor.py:836} INFO - DAG(s) dict_keys(['tutorial']) retrieved from /Users/abhishekpatkar/Documents/Projects/af_file_loader/venv/lib/python3.11/site-packages/airflow/example_dags/tutorial.py
[2023-07-22T16:48:48.627-0500] {logging_mixin.py:150} INFO - [2023-07-22T16:48:48.626-0500] {dag.py:2742} INFO - Sync 1 DAGs
[2023-07-22T16:48:48.665-0500] {logging_mixin.py:150} INFO - [2023-07-22T16:48:48.665-0500] {dag.py:3504} INFO - Setting next_dagrun for tutorial to 2023-07-21T21:48:48.664870+00:00, run_after=2023-07-22T21:48:48.664870+00:00
[2023-07-22T16:48:48.720-0500] {processor.py:179} INFO - Processing /Users/abhishekpatkar/Documents/Projects/af_file_loader/venv/lib/python3.11/site-packages/airflow/example_dags/tutorial.py took 1.438 seconds
[2023-07-22T16:52:42.406-0500] {processor.py:157} INFO - Started process (PID=21842) to work on /Users/abhishekpatkar/Documents/Projects/af_file_loader/venv/lib/python3.11/site-packages/airflow/example_dags/tutorial.py
[2023-07-22T16:52:42.410-0500] {processor.py:826} INFO - Processing file /Users/abhishekpatkar/Documents/Projects/af_file_loader/venv/lib/python3.11/site-packages/airflow/example_dags/tutorial.py for tasks to queue
[2023-07-22T16:52:42.410-0500] {logging_mixin.py:150} INFO - [2023-07-22T16:52:42.410-0500] {dagbag.py:541} INFO - Filling up the DagBag from /Users/abhishekpatkar/Documents/Projects/af_file_loader/venv/lib/python3.11/site-packages/airflow/example_dags/tutorial.py
[2023-07-22T16:52:42.468-0500] {processor.py:836} INFO - DAG(s) dict_keys(['tutorial']) retrieved from /Users/abhishekpatkar/Documents/Projects/af_file_loader/venv/lib/python3.11/site-packages/airflow/example_dags/tutorial.py
[2023-07-22T16:52:44.148-0500] {logging_mixin.py:150} INFO - [2023-07-22T16:52:44.147-0500] {dag.py:2742} INFO - Sync 1 DAGs
[2023-07-22T16:52:44.181-0500] {logging_mixin.py:150} INFO - [2023-07-22T16:52:44.181-0500] {dag.py:3504} INFO - Setting next_dagrun for tutorial to 2023-07-21T21:52:44.181015+00:00, run_after=2023-07-22T21:52:44.181015+00:00
[2023-07-22T16:52:44.251-0500] {processor.py:179} INFO - Processing /Users/abhishekpatkar/Documents/Projects/af_file_loader/venv/lib/python3.11/site-packages/airflow/example_dags/tutorial.py took 1.846 seconds
[2023-07-22T16:56:02.568-0500] {processor.py:157} INFO - Started process (PID=21960) to work on /Users/abhishekpatkar/Documents/Projects/af_file_loader/venv/lib/python3.11/site-packages/airflow/example_dags/tutorial.py
[2023-07-22T16:56:02.573-0500] {processor.py:826} INFO - Processing file /Users/abhishekpatkar/Documents/Projects/af_file_loader/venv/lib/python3.11/site-packages/airflow/example_dags/tutorial.py for tasks to queue
[2023-07-22T16:56:02.573-0500] {logging_mixin.py:150} INFO - [2023-07-22T16:56:02.573-0500] {dagbag.py:541} INFO - Filling up the DagBag from /Users/abhishekpatkar/Documents/Projects/af_file_loader/venv/lib/python3.11/site-packages/airflow/example_dags/tutorial.py
[2023-07-22T16:56:02.616-0500] {processor.py:836} INFO - DAG(s) dict_keys(['tutorial']) retrieved from /Users/abhishekpatkar/Documents/Projects/af_file_loader/venv/lib/python3.11/site-packages/airflow/example_dags/tutorial.py
[2023-07-22T16:56:03.877-0500] {logging_mixin.py:150} INFO - [2023-07-22T16:56:03.876-0500] {dag.py:2742} INFO - Sync 1 DAGs
[2023-07-22T16:56:03.903-0500] {logging_mixin.py:150} INFO - [2023-07-22T16:56:03.903-0500] {dag.py:3504} INFO - Setting next_dagrun for tutorial to 2023-07-21T21:56:03.903225+00:00, run_after=2023-07-22T21:56:03.903225+00:00
[2023-07-22T16:56:03.929-0500] {processor.py:179} INFO - Processing /Users/abhishekpatkar/Documents/Projects/af_file_loader/venv/lib/python3.11/site-packages/airflow/example_dags/tutorial.py took 1.362 seconds
[2023-07-22T16:58:59.537-0500] {processor.py:157} INFO - Started process (PID=22056) to work on /Users/abhishekpatkar/Documents/Projects/af_file_loader/venv/lib/python3.11/site-packages/airflow/example_dags/tutorial.py
[2023-07-22T16:58:59.542-0500] {processor.py:826} INFO - Processing file /Users/abhishekpatkar/Documents/Projects/af_file_loader/venv/lib/python3.11/site-packages/airflow/example_dags/tutorial.py for tasks to queue
[2023-07-22T16:58:59.542-0500] {logging_mixin.py:150} INFO - [2023-07-22T16:58:59.542-0500] {dagbag.py:541} INFO - Filling up the DagBag from /Users/abhishekpatkar/Documents/Projects/af_file_loader/venv/lib/python3.11/site-packages/airflow/example_dags/tutorial.py
[2023-07-22T16:58:59.571-0500] {processor.py:836} INFO - DAG(s) dict_keys(['tutorial']) retrieved from /Users/abhishekpatkar/Documents/Projects/af_file_loader/venv/lib/python3.11/site-packages/airflow/example_dags/tutorial.py
[2023-07-22T16:59:00.632-0500] {logging_mixin.py:150} INFO - [2023-07-22T16:59:00.632-0500] {dag.py:2742} INFO - Sync 1 DAGs
[2023-07-22T16:59:00.664-0500] {logging_mixin.py:150} INFO - [2023-07-22T16:59:00.664-0500] {dag.py:3504} INFO - Setting next_dagrun for tutorial to 2023-07-21T21:59:00.664603+00:00, run_after=2023-07-22T21:59:00.664603+00:00
[2023-07-22T16:59:00.706-0500] {processor.py:179} INFO - Processing /Users/abhishekpatkar/Documents/Projects/af_file_loader/venv/lib/python3.11/site-packages/airflow/example_dags/tutorial.py took 1.170 seconds
[2023-07-22T17:03:07.959-0500] {processor.py:157} INFO - Started process (PID=22234) to work on /Users/abhishekpatkar/Documents/Projects/af_file_loader/venv/lib/python3.11/site-packages/airflow/example_dags/tutorial.py
[2023-07-22T17:03:07.963-0500] {processor.py:826} INFO - Processing file /Users/abhishekpatkar/Documents/Projects/af_file_loader/venv/lib/python3.11/site-packages/airflow/example_dags/tutorial.py for tasks to queue
[2023-07-22T17:03:07.964-0500] {logging_mixin.py:150} INFO - [2023-07-22T17:03:07.964-0500] {dagbag.py:541} INFO - Filling up the DagBag from /Users/abhishekpatkar/Documents/Projects/af_file_loader/venv/lib/python3.11/site-packages/airflow/example_dags/tutorial.py
[2023-07-22T17:03:07.985-0500] {processor.py:836} INFO - DAG(s) dict_keys(['tutorial']) retrieved from /Users/abhishekpatkar/Documents/Projects/af_file_loader/venv/lib/python3.11/site-packages/airflow/example_dags/tutorial.py
[2023-07-22T17:03:08.721-0500] {logging_mixin.py:150} INFO - [2023-07-22T17:03:08.720-0500] {dag.py:2742} INFO - Sync 1 DAGs
[2023-07-22T17:03:08.738-0500] {logging_mixin.py:150} INFO - [2023-07-22T17:03:08.738-0500] {dag.py:3504} INFO - Setting next_dagrun for tutorial to 2023-07-21T22:03:08.737925+00:00, run_after=2023-07-22T22:03:08.737925+00:00
[2023-07-22T17:03:08.759-0500] {processor.py:179} INFO - Processing /Users/abhishekpatkar/Documents/Projects/af_file_loader/venv/lib/python3.11/site-packages/airflow/example_dags/tutorial.py took 0.801 seconds
[2023-07-22T17:05:23.347-0500] {processor.py:157} INFO - Started process (PID=22317) to work on /Users/abhishekpatkar/Documents/Projects/af_file_loader/venv/lib/python3.11/site-packages/airflow/example_dags/tutorial.py
[2023-07-22T17:05:23.352-0500] {processor.py:826} INFO - Processing file /Users/abhishekpatkar/Documents/Projects/af_file_loader/venv/lib/python3.11/site-packages/airflow/example_dags/tutorial.py for tasks to queue
[2023-07-22T17:05:23.352-0500] {logging_mixin.py:150} INFO - [2023-07-22T17:05:23.352-0500] {dagbag.py:541} INFO - Filling up the DagBag from /Users/abhishekpatkar/Documents/Projects/af_file_loader/venv/lib/python3.11/site-packages/airflow/example_dags/tutorial.py
[2023-07-22T17:05:23.375-0500] {processor.py:836} INFO - DAG(s) dict_keys(['tutorial']) retrieved from /Users/abhishekpatkar/Documents/Projects/af_file_loader/venv/lib/python3.11/site-packages/airflow/example_dags/tutorial.py
[2023-07-22T17:05:24.152-0500] {logging_mixin.py:150} INFO - [2023-07-22T17:05:24.152-0500] {dag.py:2742} INFO - Sync 1 DAGs
[2023-07-22T17:05:24.169-0500] {logging_mixin.py:150} INFO - [2023-07-22T17:05:24.169-0500] {dag.py:3504} INFO - Setting next_dagrun for tutorial to 2023-07-21T22:05:24.169163+00:00, run_after=2023-07-22T22:05:24.169163+00:00
[2023-07-22T17:05:24.196-0500] {processor.py:179} INFO - Processing /Users/abhishekpatkar/Documents/Projects/af_file_loader/venv/lib/python3.11/site-packages/airflow/example_dags/tutorial.py took 0.850 seconds
[2023-07-22T17:07:18.749-0500] {processor.py:157} INFO - Started process (PID=22395) to work on /Users/abhishekpatkar/Documents/Projects/af_file_loader/venv/lib/python3.11/site-packages/airflow/example_dags/tutorial.py
[2023-07-22T17:07:18.753-0500] {processor.py:826} INFO - Processing file /Users/abhishekpatkar/Documents/Projects/af_file_loader/venv/lib/python3.11/site-packages/airflow/example_dags/tutorial.py for tasks to queue
[2023-07-22T17:07:18.753-0500] {logging_mixin.py:150} INFO - [2023-07-22T17:07:18.753-0500] {dagbag.py:541} INFO - Filling up the DagBag from /Users/abhishekpatkar/Documents/Projects/af_file_loader/venv/lib/python3.11/site-packages/airflow/example_dags/tutorial.py
[2023-07-22T17:07:18.775-0500] {processor.py:836} INFO - DAG(s) dict_keys(['tutorial']) retrieved from /Users/abhishekpatkar/Documents/Projects/af_file_loader/venv/lib/python3.11/site-packages/airflow/example_dags/tutorial.py
[2023-07-22T17:07:19.534-0500] {logging_mixin.py:150} INFO - [2023-07-22T17:07:19.533-0500] {dag.py:2742} INFO - Sync 1 DAGs
[2023-07-22T17:07:19.550-0500] {logging_mixin.py:150} INFO - [2023-07-22T17:07:19.549-0500] {dag.py:3504} INFO - Setting next_dagrun for tutorial to 2023-07-21T22:07:19.549767+00:00, run_after=2023-07-22T22:07:19.549767+00:00
[2023-07-22T17:07:19.573-0500] {processor.py:179} INFO - Processing /Users/abhishekpatkar/Documents/Projects/af_file_loader/venv/lib/python3.11/site-packages/airflow/example_dags/tutorial.py took 0.826 seconds
[2023-07-22T17:09:20.809-0500] {processor.py:157} INFO - Started process (PID=22480) to work on /Users/abhishekpatkar/Documents/Projects/af_file_loader/venv/lib/python3.11/site-packages/airflow/example_dags/tutorial.py
[2023-07-22T17:09:20.814-0500] {processor.py:826} INFO - Processing file /Users/abhishekpatkar/Documents/Projects/af_file_loader/venv/lib/python3.11/site-packages/airflow/example_dags/tutorial.py for tasks to queue
[2023-07-22T17:09:20.815-0500] {logging_mixin.py:150} INFO - [2023-07-22T17:09:20.815-0500] {dagbag.py:541} INFO - Filling up the DagBag from /Users/abhishekpatkar/Documents/Projects/af_file_loader/venv/lib/python3.11/site-packages/airflow/example_dags/tutorial.py
[2023-07-22T17:09:20.841-0500] {processor.py:836} INFO - DAG(s) dict_keys(['tutorial']) retrieved from /Users/abhishekpatkar/Documents/Projects/af_file_loader/venv/lib/python3.11/site-packages/airflow/example_dags/tutorial.py
[2023-07-22T17:09:21.575-0500] {logging_mixin.py:150} INFO - [2023-07-22T17:09:21.574-0500] {dag.py:2742} INFO - Sync 1 DAGs
[2023-07-22T17:09:21.595-0500] {logging_mixin.py:150} INFO - [2023-07-22T17:09:21.595-0500] {dag.py:3504} INFO - Setting next_dagrun for tutorial to 2023-07-21T22:09:21.595188+00:00, run_after=2023-07-22T22:09:21.595188+00:00
[2023-07-22T17:09:21.617-0500] {processor.py:179} INFO - Processing /Users/abhishekpatkar/Documents/Projects/af_file_loader/venv/lib/python3.11/site-packages/airflow/example_dags/tutorial.py took 0.809 seconds
[2023-07-22T17:11:20.134-0500] {processor.py:157} INFO - Started process (PID=22557) to work on /Users/abhishekpatkar/Documents/Projects/af_file_loader/venv/lib/python3.11/site-packages/airflow/example_dags/tutorial.py
[2023-07-22T17:11:20.138-0500] {processor.py:826} INFO - Processing file /Users/abhishekpatkar/Documents/Projects/af_file_loader/venv/lib/python3.11/site-packages/airflow/example_dags/tutorial.py for tasks to queue
[2023-07-22T17:11:20.138-0500] {logging_mixin.py:150} INFO - [2023-07-22T17:11:20.138-0500] {dagbag.py:541} INFO - Filling up the DagBag from /Users/abhishekpatkar/Documents/Projects/af_file_loader/venv/lib/python3.11/site-packages/airflow/example_dags/tutorial.py
[2023-07-22T17:11:20.162-0500] {processor.py:836} INFO - DAG(s) dict_keys(['tutorial']) retrieved from /Users/abhishekpatkar/Documents/Projects/af_file_loader/venv/lib/python3.11/site-packages/airflow/example_dags/tutorial.py
[2023-07-22T17:11:20.964-0500] {logging_mixin.py:150} INFO - [2023-07-22T17:11:20.963-0500] {dag.py:2742} INFO - Sync 1 DAGs
[2023-07-22T17:11:20.980-0500] {logging_mixin.py:150} INFO - [2023-07-22T17:11:20.980-0500] {dag.py:3504} INFO - Setting next_dagrun for tutorial to 2023-07-21T22:11:20.980550+00:00, run_after=2023-07-22T22:11:20.980550+00:00
[2023-07-22T17:11:21.004-0500] {processor.py:179} INFO - Processing /Users/abhishekpatkar/Documents/Projects/af_file_loader/venv/lib/python3.11/site-packages/airflow/example_dags/tutorial.py took 0.871 seconds
[2023-07-22T17:13:20.377-0500] {processor.py:157} INFO - Started process (PID=22631) to work on /Users/abhishekpatkar/Documents/Projects/af_file_loader/venv/lib/python3.11/site-packages/airflow/example_dags/tutorial.py
[2023-07-22T17:13:20.383-0500] {processor.py:826} INFO - Processing file /Users/abhishekpatkar/Documents/Projects/af_file_loader/venv/lib/python3.11/site-packages/airflow/example_dags/tutorial.py for tasks to queue
[2023-07-22T17:13:20.384-0500] {logging_mixin.py:150} INFO - [2023-07-22T17:13:20.384-0500] {dagbag.py:541} INFO - Filling up the DagBag from /Users/abhishekpatkar/Documents/Projects/af_file_loader/venv/lib/python3.11/site-packages/airflow/example_dags/tutorial.py
[2023-07-22T17:13:20.411-0500] {processor.py:836} INFO - DAG(s) dict_keys(['tutorial']) retrieved from /Users/abhishekpatkar/Documents/Projects/af_file_loader/venv/lib/python3.11/site-packages/airflow/example_dags/tutorial.py
[2023-07-22T17:13:21.212-0500] {logging_mixin.py:150} INFO - [2023-07-22T17:13:21.212-0500] {dag.py:2742} INFO - Sync 1 DAGs
[2023-07-22T17:13:21.232-0500] {logging_mixin.py:150} INFO - [2023-07-22T17:13:21.231-0500] {dag.py:3504} INFO - Setting next_dagrun for tutorial to 2023-07-21T22:13:21.231698+00:00, run_after=2023-07-22T22:13:21.231698+00:00
[2023-07-22T17:13:21.253-0500] {processor.py:179} INFO - Processing /Users/abhishekpatkar/Documents/Projects/af_file_loader/venv/lib/python3.11/site-packages/airflow/example_dags/tutorial.py took 0.877 seconds
[2023-07-22T17:15:19.195-0500] {processor.py:157} INFO - Started process (PID=22708) to work on /Users/abhishekpatkar/Documents/Projects/af_file_loader/venv/lib/python3.11/site-packages/airflow/example_dags/tutorial.py
[2023-07-22T17:15:19.199-0500] {processor.py:826} INFO - Processing file /Users/abhishekpatkar/Documents/Projects/af_file_loader/venv/lib/python3.11/site-packages/airflow/example_dags/tutorial.py for tasks to queue
[2023-07-22T17:15:19.200-0500] {logging_mixin.py:150} INFO - [2023-07-22T17:15:19.199-0500] {dagbag.py:541} INFO - Filling up the DagBag from /Users/abhishekpatkar/Documents/Projects/af_file_loader/venv/lib/python3.11/site-packages/airflow/example_dags/tutorial.py
[2023-07-22T17:15:19.237-0500] {processor.py:836} INFO - DAG(s) dict_keys(['tutorial']) retrieved from /Users/abhishekpatkar/Documents/Projects/af_file_loader/venv/lib/python3.11/site-packages/airflow/example_dags/tutorial.py
[2023-07-22T17:15:20.004-0500] {logging_mixin.py:150} INFO - [2023-07-22T17:15:20.004-0500] {dag.py:2742} INFO - Sync 1 DAGs
[2023-07-22T17:15:20.023-0500] {logging_mixin.py:150} INFO - [2023-07-22T17:15:20.023-0500] {dag.py:3504} INFO - Setting next_dagrun for tutorial to 2023-07-21T22:15:20.022810+00:00, run_after=2023-07-22T22:15:20.022810+00:00
[2023-07-22T17:15:20.044-0500] {processor.py:179} INFO - Processing /Users/abhishekpatkar/Documents/Projects/af_file_loader/venv/lib/python3.11/site-packages/airflow/example_dags/tutorial.py took 0.850 seconds
[2023-07-22T17:17:35.860-0500] {processor.py:157} INFO - Started process (PID=22801) to work on /Users/abhishekpatkar/Documents/Projects/af_file_loader/venv/lib/python3.11/site-packages/airflow/example_dags/tutorial.py
[2023-07-22T17:17:35.864-0500] {processor.py:826} INFO - Processing file /Users/abhishekpatkar/Documents/Projects/af_file_loader/venv/lib/python3.11/site-packages/airflow/example_dags/tutorial.py for tasks to queue
[2023-07-22T17:17:35.865-0500] {logging_mixin.py:150} INFO - [2023-07-22T17:17:35.865-0500] {dagbag.py:541} INFO - Filling up the DagBag from /Users/abhishekpatkar/Documents/Projects/af_file_loader/venv/lib/python3.11/site-packages/airflow/example_dags/tutorial.py
[2023-07-22T17:17:35.887-0500] {processor.py:836} INFO - DAG(s) dict_keys(['tutorial']) retrieved from /Users/abhishekpatkar/Documents/Projects/af_file_loader/venv/lib/python3.11/site-packages/airflow/example_dags/tutorial.py
[2023-07-22T17:17:36.723-0500] {logging_mixin.py:150} INFO - [2023-07-22T17:17:36.723-0500] {dag.py:2742} INFO - Sync 1 DAGs
[2023-07-22T17:17:36.746-0500] {logging_mixin.py:150} INFO - [2023-07-22T17:17:36.745-0500] {dag.py:3504} INFO - Setting next_dagrun for tutorial to 2023-07-21T22:17:36.745772+00:00, run_after=2023-07-22T22:17:36.745772+00:00
[2023-07-22T17:17:36.773-0500] {processor.py:179} INFO - Processing /Users/abhishekpatkar/Documents/Projects/af_file_loader/venv/lib/python3.11/site-packages/airflow/example_dags/tutorial.py took 0.914 seconds
[2023-07-22T17:20:09.737-0500] {processor.py:157} INFO - Started process (PID=22936) to work on /Users/abhishekpatkar/Documents/Projects/af_file_loader/venv/lib/python3.11/site-packages/airflow/example_dags/tutorial.py
[2023-07-22T17:20:09.742-0500] {processor.py:826} INFO - Processing file /Users/abhishekpatkar/Documents/Projects/af_file_loader/venv/lib/python3.11/site-packages/airflow/example_dags/tutorial.py for tasks to queue
[2023-07-22T17:20:09.742-0500] {logging_mixin.py:150} INFO - [2023-07-22T17:20:09.742-0500] {dagbag.py:541} INFO - Filling up the DagBag from /Users/abhishekpatkar/Documents/Projects/af_file_loader/venv/lib/python3.11/site-packages/airflow/example_dags/tutorial.py
[2023-07-22T17:20:09.765-0500] {processor.py:836} INFO - DAG(s) dict_keys(['tutorial']) retrieved from /Users/abhishekpatkar/Documents/Projects/af_file_loader/venv/lib/python3.11/site-packages/airflow/example_dags/tutorial.py
[2023-07-22T17:20:10.508-0500] {logging_mixin.py:150} INFO - [2023-07-22T17:20:10.507-0500] {dag.py:2742} INFO - Sync 1 DAGs
[2023-07-22T17:20:10.525-0500] {logging_mixin.py:150} INFO - [2023-07-22T17:20:10.525-0500] {dag.py:3504} INFO - Setting next_dagrun for tutorial to 2023-07-21T22:20:10.525109+00:00, run_after=2023-07-22T22:20:10.525109+00:00
[2023-07-22T17:20:10.549-0500] {processor.py:179} INFO - Processing /Users/abhishekpatkar/Documents/Projects/af_file_loader/venv/lib/python3.11/site-packages/airflow/example_dags/tutorial.py took 0.813 seconds
[2023-07-22T17:22:11.871-0500] {processor.py:157} INFO - Started process (PID=23021) to work on /Users/abhishekpatkar/Documents/Projects/af_file_loader/venv/lib/python3.11/site-packages/airflow/example_dags/tutorial.py
[2023-07-22T17:22:11.876-0500] {processor.py:826} INFO - Processing file /Users/abhishekpatkar/Documents/Projects/af_file_loader/venv/lib/python3.11/site-packages/airflow/example_dags/tutorial.py for tasks to queue
[2023-07-22T17:22:11.877-0500] {logging_mixin.py:150} INFO - [2023-07-22T17:22:11.876-0500] {dagbag.py:541} INFO - Filling up the DagBag from /Users/abhishekpatkar/Documents/Projects/af_file_loader/venv/lib/python3.11/site-packages/airflow/example_dags/tutorial.py
[2023-07-22T17:22:11.899-0500] {processor.py:836} INFO - DAG(s) dict_keys(['tutorial']) retrieved from /Users/abhishekpatkar/Documents/Projects/af_file_loader/venv/lib/python3.11/site-packages/airflow/example_dags/tutorial.py
[2023-07-22T17:22:12.648-0500] {logging_mixin.py:150} INFO - [2023-07-22T17:22:12.647-0500] {dag.py:2742} INFO - Sync 1 DAGs
[2023-07-22T17:22:12.665-0500] {logging_mixin.py:150} INFO - [2023-07-22T17:22:12.665-0500] {dag.py:3504} INFO - Setting next_dagrun for tutorial to 2023-07-21T22:22:12.665044+00:00, run_after=2023-07-22T22:22:12.665044+00:00
[2023-07-22T17:22:12.695-0500] {processor.py:179} INFO - Processing /Users/abhishekpatkar/Documents/Projects/af_file_loader/venv/lib/python3.11/site-packages/airflow/example_dags/tutorial.py took 0.824 seconds
[2023-07-22T17:26:25.215-0500] {processor.py:157} INFO - Started process (PID=23200) to work on /Users/abhishekpatkar/Documents/Projects/af_file_loader/venv/lib/python3.11/site-packages/airflow/example_dags/tutorial.py
[2023-07-22T17:26:25.227-0500] {processor.py:826} INFO - Processing file /Users/abhishekpatkar/Documents/Projects/af_file_loader/venv/lib/python3.11/site-packages/airflow/example_dags/tutorial.py for tasks to queue
[2023-07-22T17:26:25.231-0500] {logging_mixin.py:150} INFO - [2023-07-22T17:26:25.231-0500] {dagbag.py:541} INFO - Filling up the DagBag from /Users/abhishekpatkar/Documents/Projects/af_file_loader/venv/lib/python3.11/site-packages/airflow/example_dags/tutorial.py
[2023-07-22T17:26:25.312-0500] {processor.py:836} INFO - DAG(s) dict_keys(['tutorial']) retrieved from /Users/abhishekpatkar/Documents/Projects/af_file_loader/venv/lib/python3.11/site-packages/airflow/example_dags/tutorial.py
[2023-07-22T17:26:28.117-0500] {logging_mixin.py:150} INFO - [2023-07-22T17:26:28.117-0500] {dag.py:2742} INFO - Sync 1 DAGs
[2023-07-22T17:26:28.165-0500] {logging_mixin.py:150} INFO - [2023-07-22T17:26:28.165-0500] {dag.py:3504} INFO - Setting next_dagrun for tutorial to 2023-07-21T22:26:28.164866+00:00, run_after=2023-07-22T22:26:28.164866+00:00
[2023-07-22T17:26:28.227-0500] {processor.py:179} INFO - Processing /Users/abhishekpatkar/Documents/Projects/af_file_loader/venv/lib/python3.11/site-packages/airflow/example_dags/tutorial.py took 3.013 seconds
[2023-07-22T17:30:33.774-0500] {processor.py:157} INFO - Started process (PID=23366) to work on /Users/abhishekpatkar/Documents/Projects/af_file_loader/venv/lib/python3.11/site-packages/airflow/example_dags/tutorial.py
[2023-07-22T17:30:33.779-0500] {processor.py:826} INFO - Processing file /Users/abhishekpatkar/Documents/Projects/af_file_loader/venv/lib/python3.11/site-packages/airflow/example_dags/tutorial.py for tasks to queue
[2023-07-22T17:30:33.779-0500] {logging_mixin.py:150} INFO - [2023-07-22T17:30:33.779-0500] {dagbag.py:541} INFO - Filling up the DagBag from /Users/abhishekpatkar/Documents/Projects/af_file_loader/venv/lib/python3.11/site-packages/airflow/example_dags/tutorial.py
[2023-07-22T17:30:33.802-0500] {processor.py:836} INFO - DAG(s) dict_keys(['tutorial']) retrieved from /Users/abhishekpatkar/Documents/Projects/af_file_loader/venv/lib/python3.11/site-packages/airflow/example_dags/tutorial.py
[2023-07-22T17:30:34.441-0500] {logging_mixin.py:150} INFO - [2023-07-22T17:30:34.441-0500] {dag.py:2742} INFO - Sync 1 DAGs
[2023-07-22T17:30:34.461-0500] {logging_mixin.py:150} INFO - [2023-07-22T17:30:34.461-0500] {dag.py:3504} INFO - Setting next_dagrun for tutorial to 2023-07-21T22:30:34.461272+00:00, run_after=2023-07-22T22:30:34.461272+00:00
[2023-07-22T17:30:34.490-0500] {processor.py:179} INFO - Processing /Users/abhishekpatkar/Documents/Projects/af_file_loader/venv/lib/python3.11/site-packages/airflow/example_dags/tutorial.py took 0.717 seconds
[2023-07-22T17:32:44.486-0500] {processor.py:157} INFO - Started process (PID=23450) to work on /Users/abhishekpatkar/Documents/Projects/af_file_loader/venv/lib/python3.11/site-packages/airflow/example_dags/tutorial.py
[2023-07-22T17:32:44.491-0500] {processor.py:826} INFO - Processing file /Users/abhishekpatkar/Documents/Projects/af_file_loader/venv/lib/python3.11/site-packages/airflow/example_dags/tutorial.py for tasks to queue
[2023-07-22T17:32:44.492-0500] {logging_mixin.py:150} INFO - [2023-07-22T17:32:44.492-0500] {dagbag.py:541} INFO - Filling up the DagBag from /Users/abhishekpatkar/Documents/Projects/af_file_loader/venv/lib/python3.11/site-packages/airflow/example_dags/tutorial.py
[2023-07-22T17:32:44.518-0500] {processor.py:836} INFO - DAG(s) dict_keys(['tutorial']) retrieved from /Users/abhishekpatkar/Documents/Projects/af_file_loader/venv/lib/python3.11/site-packages/airflow/example_dags/tutorial.py
[2023-07-22T17:32:45.244-0500] {logging_mixin.py:150} INFO - [2023-07-22T17:32:45.243-0500] {dag.py:2742} INFO - Sync 1 DAGs
[2023-07-22T17:32:45.259-0500] {logging_mixin.py:150} INFO - [2023-07-22T17:32:45.259-0500] {dag.py:3504} INFO - Setting next_dagrun for tutorial to 2023-07-21T22:32:45.259620+00:00, run_after=2023-07-22T22:32:45.259620+00:00
[2023-07-22T17:32:45.281-0500] {processor.py:179} INFO - Processing /Users/abhishekpatkar/Documents/Projects/af_file_loader/venv/lib/python3.11/site-packages/airflow/example_dags/tutorial.py took 0.796 seconds
[2023-07-22T17:34:39.222-0500] {processor.py:157} INFO - Started process (PID=23524) to work on /Users/abhishekpatkar/Documents/Projects/af_file_loader/venv/lib/python3.11/site-packages/airflow/example_dags/tutorial.py
[2023-07-22T17:34:39.227-0500] {processor.py:826} INFO - Processing file /Users/abhishekpatkar/Documents/Projects/af_file_loader/venv/lib/python3.11/site-packages/airflow/example_dags/tutorial.py for tasks to queue
[2023-07-22T17:34:39.227-0500] {logging_mixin.py:150} INFO - [2023-07-22T17:34:39.227-0500] {dagbag.py:541} INFO - Filling up the DagBag from /Users/abhishekpatkar/Documents/Projects/af_file_loader/venv/lib/python3.11/site-packages/airflow/example_dags/tutorial.py
[2023-07-22T17:34:39.252-0500] {processor.py:836} INFO - DAG(s) dict_keys(['tutorial']) retrieved from /Users/abhishekpatkar/Documents/Projects/af_file_loader/venv/lib/python3.11/site-packages/airflow/example_dags/tutorial.py
[2023-07-22T17:34:40.061-0500] {logging_mixin.py:150} INFO - [2023-07-22T17:34:40.061-0500] {dag.py:2742} INFO - Sync 1 DAGs
[2023-07-22T17:34:40.077-0500] {logging_mixin.py:150} INFO - [2023-07-22T17:34:40.076-0500] {dag.py:3504} INFO - Setting next_dagrun for tutorial to 2023-07-21T22:34:40.076721+00:00, run_after=2023-07-22T22:34:40.076721+00:00
[2023-07-22T17:34:40.096-0500] {processor.py:179} INFO - Processing /Users/abhishekpatkar/Documents/Projects/af_file_loader/venv/lib/python3.11/site-packages/airflow/example_dags/tutorial.py took 0.875 seconds
[2023-07-22T17:37:33.754-0500] {processor.py:157} INFO - Started process (PID=23646) to work on /Users/abhishekpatkar/Documents/Projects/af_file_loader/venv/lib/python3.11/site-packages/airflow/example_dags/tutorial.py
[2023-07-22T17:37:33.758-0500] {processor.py:826} INFO - Processing file /Users/abhishekpatkar/Documents/Projects/af_file_loader/venv/lib/python3.11/site-packages/airflow/example_dags/tutorial.py for tasks to queue
[2023-07-22T17:37:33.759-0500] {logging_mixin.py:150} INFO - [2023-07-22T17:37:33.759-0500] {dagbag.py:541} INFO - Filling up the DagBag from /Users/abhishekpatkar/Documents/Projects/af_file_loader/venv/lib/python3.11/site-packages/airflow/example_dags/tutorial.py
[2023-07-22T17:37:33.782-0500] {processor.py:836} INFO - DAG(s) dict_keys(['tutorial']) retrieved from /Users/abhishekpatkar/Documents/Projects/af_file_loader/venv/lib/python3.11/site-packages/airflow/example_dags/tutorial.py
[2023-07-22T17:37:34.500-0500] {logging_mixin.py:150} INFO - [2023-07-22T17:37:34.500-0500] {dag.py:2742} INFO - Sync 1 DAGs
[2023-07-22T17:37:34.517-0500] {logging_mixin.py:150} INFO - [2023-07-22T17:37:34.516-0500] {dag.py:3504} INFO - Setting next_dagrun for tutorial to 2023-07-21T22:37:34.516720+00:00, run_after=2023-07-22T22:37:34.516720+00:00
[2023-07-22T17:37:34.536-0500] {processor.py:179} INFO - Processing /Users/abhishekpatkar/Documents/Projects/af_file_loader/venv/lib/python3.11/site-packages/airflow/example_dags/tutorial.py took 0.783 seconds
[2023-07-22T17:42:59.442-0500] {processor.py:157} INFO - Started process (PID=23850) to work on /Users/abhishekpatkar/Documents/Projects/af_file_loader/venv/lib/python3.11/site-packages/airflow/example_dags/tutorial.py
[2023-07-22T17:42:59.447-0500] {processor.py:826} INFO - Processing file /Users/abhishekpatkar/Documents/Projects/af_file_loader/venv/lib/python3.11/site-packages/airflow/example_dags/tutorial.py for tasks to queue
[2023-07-22T17:42:59.447-0500] {logging_mixin.py:150} INFO - [2023-07-22T17:42:59.447-0500] {dagbag.py:541} INFO - Filling up the DagBag from /Users/abhishekpatkar/Documents/Projects/af_file_loader/venv/lib/python3.11/site-packages/airflow/example_dags/tutorial.py
[2023-07-22T17:42:59.533-0500] {processor.py:836} INFO - DAG(s) dict_keys(['tutorial']) retrieved from /Users/abhishekpatkar/Documents/Projects/af_file_loader/venv/lib/python3.11/site-packages/airflow/example_dags/tutorial.py
[2023-07-22T17:43:01.527-0500] {logging_mixin.py:150} INFO - [2023-07-22T17:43:01.527-0500] {dag.py:2742} INFO - Sync 1 DAGs
[2023-07-22T17:43:01.566-0500] {logging_mixin.py:150} INFO - [2023-07-22T17:43:01.565-0500] {dag.py:3504} INFO - Setting next_dagrun for tutorial to 2023-07-21T22:43:01.565416+00:00, run_after=2023-07-22T22:43:01.565416+00:00
[2023-07-22T17:43:01.609-0500] {processor.py:179} INFO - Processing /Users/abhishekpatkar/Documents/Projects/af_file_loader/venv/lib/python3.11/site-packages/airflow/example_dags/tutorial.py took 2.167 seconds
[2023-07-22T17:51:09.842-0500] {processor.py:157} INFO - Started process (PID=24236) to work on /Users/abhishekpatkar/Documents/Projects/af_file_loader/venv/lib/python3.11/site-packages/airflow/example_dags/tutorial.py
[2023-07-22T17:51:09.847-0500] {processor.py:826} INFO - Processing file /Users/abhishekpatkar/Documents/Projects/af_file_loader/venv/lib/python3.11/site-packages/airflow/example_dags/tutorial.py for tasks to queue
[2023-07-22T17:51:09.848-0500] {logging_mixin.py:150} INFO - [2023-07-22T17:51:09.847-0500] {dagbag.py:541} INFO - Filling up the DagBag from /Users/abhishekpatkar/Documents/Projects/af_file_loader/venv/lib/python3.11/site-packages/airflow/example_dags/tutorial.py
[2023-07-22T17:51:09.917-0500] {processor.py:836} INFO - DAG(s) dict_keys(['tutorial']) retrieved from /Users/abhishekpatkar/Documents/Projects/af_file_loader/venv/lib/python3.11/site-packages/airflow/example_dags/tutorial.py
[2023-07-22T17:51:11.181-0500] {logging_mixin.py:150} INFO - [2023-07-22T17:51:11.180-0500] {dag.py:2742} INFO - Sync 1 DAGs
[2023-07-22T17:51:11.225-0500] {logging_mixin.py:150} INFO - [2023-07-22T17:51:11.224-0500] {dag.py:3504} INFO - Setting next_dagrun for tutorial to 2023-07-21T22:51:11.224319+00:00, run_after=2023-07-22T22:51:11.224319+00:00
[2023-07-22T17:51:11.269-0500] {processor.py:179} INFO - Processing /Users/abhishekpatkar/Documents/Projects/af_file_loader/venv/lib/python3.11/site-packages/airflow/example_dags/tutorial.py took 1.427 seconds
[2023-07-22T17:55:42.251-0500] {processor.py:157} INFO - Started process (PID=24482) to work on /Users/abhishekpatkar/Documents/Projects/af_file_loader/venv/lib/python3.11/site-packages/airflow/example_dags/tutorial.py
[2023-07-22T17:55:42.295-0500] {processor.py:826} INFO - Processing file /Users/abhishekpatkar/Documents/Projects/af_file_loader/venv/lib/python3.11/site-packages/airflow/example_dags/tutorial.py for tasks to queue
[2023-07-22T17:55:42.297-0500] {logging_mixin.py:150} INFO - [2023-07-22T17:55:42.296-0500] {dagbag.py:541} INFO - Filling up the DagBag from /Users/abhishekpatkar/Documents/Projects/af_file_loader/venv/lib/python3.11/site-packages/airflow/example_dags/tutorial.py
[2023-07-22T17:55:42.979-0500] {processor.py:836} INFO - DAG(s) dict_keys(['tutorial']) retrieved from /Users/abhishekpatkar/Documents/Projects/af_file_loader/venv/lib/python3.11/site-packages/airflow/example_dags/tutorial.py
[2023-07-22T17:55:51.337-0500] {logging_mixin.py:150} INFO - [2023-07-22T17:55:51.336-0500] {dag.py:2742} INFO - Sync 1 DAGs
[2023-07-22T17:55:51.619-0500] {logging_mixin.py:150} INFO - [2023-07-22T17:55:51.618-0500] {dag.py:3504} INFO - Setting next_dagrun for tutorial to 2023-07-21T22:55:51.617988+00:00, run_after=2023-07-22T22:55:51.617988+00:00
[2023-07-22T17:55:51.802-0500] {processor.py:179} INFO - Processing /Users/abhishekpatkar/Documents/Projects/af_file_loader/venv/lib/python3.11/site-packages/airflow/example_dags/tutorial.py took 9.552 seconds
[2023-07-22T18:00:41.750-0500] {processor.py:157} INFO - Started process (PID=24688) to work on /Users/abhishekpatkar/Documents/Projects/af_file_loader/venv/lib/python3.11/site-packages/airflow/example_dags/tutorial.py
[2023-07-22T18:00:41.757-0500] {processor.py:826} INFO - Processing file /Users/abhishekpatkar/Documents/Projects/af_file_loader/venv/lib/python3.11/site-packages/airflow/example_dags/tutorial.py for tasks to queue
[2023-07-22T18:00:41.758-0500] {logging_mixin.py:150} INFO - [2023-07-22T18:00:41.757-0500] {dagbag.py:541} INFO - Filling up the DagBag from /Users/abhishekpatkar/Documents/Projects/af_file_loader/venv/lib/python3.11/site-packages/airflow/example_dags/tutorial.py
[2023-07-22T18:00:41.841-0500] {processor.py:836} INFO - DAG(s) dict_keys(['tutorial']) retrieved from /Users/abhishekpatkar/Documents/Projects/af_file_loader/venv/lib/python3.11/site-packages/airflow/example_dags/tutorial.py
[2023-07-22T18:00:42.970-0500] {logging_mixin.py:150} INFO - [2023-07-22T18:00:42.970-0500] {dag.py:2742} INFO - Sync 1 DAGs
[2023-07-22T18:00:42.990-0500] {logging_mixin.py:150} INFO - [2023-07-22T18:00:42.990-0500] {dag.py:3504} INFO - Setting next_dagrun for tutorial to 2023-07-21T23:00:42.989934+00:00, run_after=2023-07-22T23:00:42.989934+00:00
[2023-07-22T18:00:43.015-0500] {processor.py:179} INFO - Processing /Users/abhishekpatkar/Documents/Projects/af_file_loader/venv/lib/python3.11/site-packages/airflow/example_dags/tutorial.py took 1.267 seconds
[2023-07-22T18:04:46.751-0500] {processor.py:157} INFO - Started process (PID=24836) to work on /Users/abhishekpatkar/Documents/Projects/af_file_loader/venv/lib/python3.11/site-packages/airflow/example_dags/tutorial.py
[2023-07-22T18:04:46.755-0500] {processor.py:826} INFO - Processing file /Users/abhishekpatkar/Documents/Projects/af_file_loader/venv/lib/python3.11/site-packages/airflow/example_dags/tutorial.py for tasks to queue
[2023-07-22T18:04:46.756-0500] {logging_mixin.py:150} INFO - [2023-07-22T18:04:46.756-0500] {dagbag.py:541} INFO - Filling up the DagBag from /Users/abhishekpatkar/Documents/Projects/af_file_loader/venv/lib/python3.11/site-packages/airflow/example_dags/tutorial.py
[2023-07-22T18:04:46.811-0500] {processor.py:836} INFO - DAG(s) dict_keys(['tutorial']) retrieved from /Users/abhishekpatkar/Documents/Projects/af_file_loader/venv/lib/python3.11/site-packages/airflow/example_dags/tutorial.py
[2023-07-22T18:04:47.645-0500] {logging_mixin.py:150} INFO - [2023-07-22T18:04:47.645-0500] {dag.py:2742} INFO - Sync 1 DAGs
[2023-07-22T18:04:47.662-0500] {logging_mixin.py:150} INFO - [2023-07-22T18:04:47.661-0500] {dag.py:3504} INFO - Setting next_dagrun for tutorial to 2023-07-21T23:04:47.661837+00:00, run_after=2023-07-22T23:04:47.661837+00:00
[2023-07-22T18:04:47.681-0500] {processor.py:179} INFO - Processing /Users/abhishekpatkar/Documents/Projects/af_file_loader/venv/lib/python3.11/site-packages/airflow/example_dags/tutorial.py took 0.930 seconds
[2023-07-22T18:07:43.911-0500] {processor.py:157} INFO - Started process (PID=24937) to work on /Users/abhishekpatkar/Documents/Projects/af_file_loader/venv/lib/python3.11/site-packages/airflow/example_dags/tutorial.py
[2023-07-22T18:07:43.916-0500] {processor.py:826} INFO - Processing file /Users/abhishekpatkar/Documents/Projects/af_file_loader/venv/lib/python3.11/site-packages/airflow/example_dags/tutorial.py for tasks to queue
[2023-07-22T18:07:43.916-0500] {logging_mixin.py:150} INFO - [2023-07-22T18:07:43.916-0500] {dagbag.py:541} INFO - Filling up the DagBag from /Users/abhishekpatkar/Documents/Projects/af_file_loader/venv/lib/python3.11/site-packages/airflow/example_dags/tutorial.py
[2023-07-22T18:07:43.974-0500] {processor.py:836} INFO - DAG(s) dict_keys(['tutorial']) retrieved from /Users/abhishekpatkar/Documents/Projects/af_file_loader/venv/lib/python3.11/site-packages/airflow/example_dags/tutorial.py
[2023-07-22T18:07:45.420-0500] {logging_mixin.py:150} INFO - [2023-07-22T18:07:45.420-0500] {dag.py:2742} INFO - Sync 1 DAGs
[2023-07-22T18:07:45.446-0500] {logging_mixin.py:150} INFO - [2023-07-22T18:07:45.445-0500] {dag.py:3504} INFO - Setting next_dagrun for tutorial to 2023-07-21T23:07:45.445535+00:00, run_after=2023-07-22T23:07:45.445535+00:00
[2023-07-22T18:07:45.480-0500] {processor.py:179} INFO - Processing /Users/abhishekpatkar/Documents/Projects/af_file_loader/venv/lib/python3.11/site-packages/airflow/example_dags/tutorial.py took 1.569 seconds
