[2023-07-22T14:49:36.155-0500] {processor.py:157} INFO - Started process (PID=16542) to work on /Users/abhishekpatkar/Documents/Projects/af_file_loader/venv/lib/python3.11/site-packages/airflow/example_dags/subdags/subdag.py
[2023-07-22T14:49:36.158-0500] {processor.py:826} INFO - Processing file /Users/abhishekpatkar/Documents/Projects/af_file_loader/venv/lib/python3.11/site-packages/airflow/example_dags/subdags/subdag.py for tasks to queue
[2023-07-22T14:49:36.159-0500] {logging_mixin.py:150} INFO - [2023-07-22T14:49:36.159-0500] {dagbag.py:541} INFO - Filling up the DagBag from /Users/abhishekpatkar/Documents/Projects/af_file_loader/venv/lib/python3.11/site-packages/airflow/example_dags/subdags/subdag.py
[2023-07-22T14:49:36.162-0500] {processor.py:838} WARNING - No viable dags retrieved from /Users/abhishekpatkar/Documents/Projects/af_file_loader/venv/lib/python3.11/site-packages/airflow/example_dags/subdags/subdag.py
[2023-07-22T14:49:37.038-0500] {processor.py:179} INFO - Processing /Users/abhishekpatkar/Documents/Projects/af_file_loader/venv/lib/python3.11/site-packages/airflow/example_dags/subdags/subdag.py took 0.884 seconds
[2023-07-22T14:53:08.737-0500] {processor.py:157} INFO - Started process (PID=16714) to work on /Users/abhishekpatkar/Documents/Projects/af_file_loader/venv/lib/python3.11/site-packages/airflow/example_dags/subdags/subdag.py
[2023-07-22T14:53:08.744-0500] {processor.py:826} INFO - Processing file /Users/abhishekpatkar/Documents/Projects/af_file_loader/venv/lib/python3.11/site-packages/airflow/example_dags/subdags/subdag.py for tasks to queue
[2023-07-22T14:53:08.746-0500] {logging_mixin.py:150} INFO - [2023-07-22T14:53:08.745-0500] {dagbag.py:541} INFO - Filling up the DagBag from /Users/abhishekpatkar/Documents/Projects/af_file_loader/venv/lib/python3.11/site-packages/airflow/example_dags/subdags/subdag.py
[2023-07-22T14:53:08.749-0500] {processor.py:838} WARNING - No viable dags retrieved from /Users/abhishekpatkar/Documents/Projects/af_file_loader/venv/lib/python3.11/site-packages/airflow/example_dags/subdags/subdag.py
[2023-07-22T14:53:09.737-0500] {processor.py:179} INFO - Processing /Users/abhishekpatkar/Documents/Projects/af_file_loader/venv/lib/python3.11/site-packages/airflow/example_dags/subdags/subdag.py took 1.002 seconds
[2023-07-22T14:55:57.290-0500] {processor.py:157} INFO - Started process (PID=16929) to work on /Users/abhishekpatkar/Documents/Projects/af_file_loader/venv/lib/python3.11/site-packages/airflow/example_dags/subdags/subdag.py
[2023-07-22T14:55:57.295-0500] {processor.py:826} INFO - Processing file /Users/abhishekpatkar/Documents/Projects/af_file_loader/venv/lib/python3.11/site-packages/airflow/example_dags/subdags/subdag.py for tasks to queue
[2023-07-22T14:55:57.296-0500] {logging_mixin.py:150} INFO - [2023-07-22T14:55:57.296-0500] {dagbag.py:541} INFO - Filling up the DagBag from /Users/abhishekpatkar/Documents/Projects/af_file_loader/venv/lib/python3.11/site-packages/airflow/example_dags/subdags/subdag.py
[2023-07-22T14:55:57.299-0500] {processor.py:838} WARNING - No viable dags retrieved from /Users/abhishekpatkar/Documents/Projects/af_file_loader/venv/lib/python3.11/site-packages/airflow/example_dags/subdags/subdag.py
[2023-07-22T14:55:58.075-0500] {processor.py:179} INFO - Processing /Users/abhishekpatkar/Documents/Projects/af_file_loader/venv/lib/python3.11/site-packages/airflow/example_dags/subdags/subdag.py took 0.786 seconds
[2023-07-22T14:58:29.346-0500] {processor.py:157} INFO - Started process (PID=17020) to work on /Users/abhishekpatkar/Documents/Projects/af_file_loader/venv/lib/python3.11/site-packages/airflow/example_dags/subdags/subdag.py
[2023-07-22T14:58:29.353-0500] {processor.py:826} INFO - Processing file /Users/abhishekpatkar/Documents/Projects/af_file_loader/venv/lib/python3.11/site-packages/airflow/example_dags/subdags/subdag.py for tasks to queue
[2023-07-22T14:58:29.355-0500] {logging_mixin.py:150} INFO - [2023-07-22T14:58:29.355-0500] {dagbag.py:541} INFO - Filling up the DagBag from /Users/abhishekpatkar/Documents/Projects/af_file_loader/venv/lib/python3.11/site-packages/airflow/example_dags/subdags/subdag.py
[2023-07-22T14:58:29.362-0500] {processor.py:838} WARNING - No viable dags retrieved from /Users/abhishekpatkar/Documents/Projects/af_file_loader/venv/lib/python3.11/site-packages/airflow/example_dags/subdags/subdag.py
[2023-07-22T14:58:31.028-0500] {processor.py:179} INFO - Processing /Users/abhishekpatkar/Documents/Projects/af_file_loader/venv/lib/python3.11/site-packages/airflow/example_dags/subdags/subdag.py took 1.683 seconds
[2023-07-22T15:00:51.432-0500] {processor.py:157} INFO - Started process (PID=17105) to work on /Users/abhishekpatkar/Documents/Projects/af_file_loader/venv/lib/python3.11/site-packages/airflow/example_dags/subdags/subdag.py
[2023-07-22T15:00:51.435-0500] {processor.py:826} INFO - Processing file /Users/abhishekpatkar/Documents/Projects/af_file_loader/venv/lib/python3.11/site-packages/airflow/example_dags/subdags/subdag.py for tasks to queue
[2023-07-22T15:00:51.436-0500] {logging_mixin.py:150} INFO - [2023-07-22T15:00:51.436-0500] {dagbag.py:541} INFO - Filling up the DagBag from /Users/abhishekpatkar/Documents/Projects/af_file_loader/venv/lib/python3.11/site-packages/airflow/example_dags/subdags/subdag.py
[2023-07-22T15:00:51.438-0500] {processor.py:838} WARNING - No viable dags retrieved from /Users/abhishekpatkar/Documents/Projects/af_file_loader/venv/lib/python3.11/site-packages/airflow/example_dags/subdags/subdag.py
[2023-07-22T15:00:52.154-0500] {processor.py:179} INFO - Processing /Users/abhishekpatkar/Documents/Projects/af_file_loader/venv/lib/python3.11/site-packages/airflow/example_dags/subdags/subdag.py took 0.724 seconds
[2023-07-22T15:03:12.030-0500] {processor.py:157} INFO - Started process (PID=17346) to work on /Users/abhishekpatkar/Documents/Projects/af_file_loader/venv/lib/python3.11/site-packages/airflow/example_dags/subdags/subdag.py
[2023-07-22T15:03:12.038-0500] {processor.py:826} INFO - Processing file /Users/abhishekpatkar/Documents/Projects/af_file_loader/venv/lib/python3.11/site-packages/airflow/example_dags/subdags/subdag.py for tasks to queue
[2023-07-22T15:03:12.039-0500] {logging_mixin.py:150} INFO - [2023-07-22T15:03:12.038-0500] {dagbag.py:541} INFO - Filling up the DagBag from /Users/abhishekpatkar/Documents/Projects/af_file_loader/venv/lib/python3.11/site-packages/airflow/example_dags/subdags/subdag.py
[2023-07-22T15:03:12.042-0500] {processor.py:838} WARNING - No viable dags retrieved from /Users/abhishekpatkar/Documents/Projects/af_file_loader/venv/lib/python3.11/site-packages/airflow/example_dags/subdags/subdag.py
[2023-07-22T15:03:12.869-0500] {processor.py:179} INFO - Processing /Users/abhishekpatkar/Documents/Projects/af_file_loader/venv/lib/python3.11/site-packages/airflow/example_dags/subdags/subdag.py took 0.840 seconds
[2023-07-22T15:06:32.508-0500] {processor.py:157} INFO - Started process (PID=17629) to work on /Users/abhishekpatkar/Documents/Projects/af_file_loader/venv/lib/python3.11/site-packages/airflow/example_dags/subdags/subdag.py
[2023-07-22T15:06:32.520-0500] {processor.py:826} INFO - Processing file /Users/abhishekpatkar/Documents/Projects/af_file_loader/venv/lib/python3.11/site-packages/airflow/example_dags/subdags/subdag.py for tasks to queue
[2023-07-22T15:06:32.525-0500] {logging_mixin.py:150} INFO - [2023-07-22T15:06:32.525-0500] {dagbag.py:541} INFO - Filling up the DagBag from /Users/abhishekpatkar/Documents/Projects/af_file_loader/venv/lib/python3.11/site-packages/airflow/example_dags/subdags/subdag.py
[2023-07-22T15:06:32.532-0500] {processor.py:838} WARNING - No viable dags retrieved from /Users/abhishekpatkar/Documents/Projects/af_file_loader/venv/lib/python3.11/site-packages/airflow/example_dags/subdags/subdag.py
[2023-07-22T15:06:36.029-0500] {processor.py:179} INFO - Processing /Users/abhishekpatkar/Documents/Projects/af_file_loader/venv/lib/python3.11/site-packages/airflow/example_dags/subdags/subdag.py took 3.531 seconds
[2023-07-22T15:11:59.386-0500] {processor.py:157} INFO - Started process (PID=17850) to work on /Users/abhishekpatkar/Documents/Projects/af_file_loader/venv/lib/python3.11/site-packages/airflow/example_dags/subdags/subdag.py
[2023-07-22T15:11:59.393-0500] {processor.py:826} INFO - Processing file /Users/abhishekpatkar/Documents/Projects/af_file_loader/venv/lib/python3.11/site-packages/airflow/example_dags/subdags/subdag.py for tasks to queue
[2023-07-22T15:11:59.394-0500] {logging_mixin.py:150} INFO - [2023-07-22T15:11:59.393-0500] {dagbag.py:541} INFO - Filling up the DagBag from /Users/abhishekpatkar/Documents/Projects/af_file_loader/venv/lib/python3.11/site-packages/airflow/example_dags/subdags/subdag.py
[2023-07-22T15:11:59.398-0500] {processor.py:838} WARNING - No viable dags retrieved from /Users/abhishekpatkar/Documents/Projects/af_file_loader/venv/lib/python3.11/site-packages/airflow/example_dags/subdags/subdag.py
[2023-07-22T15:12:00.564-0500] {processor.py:179} INFO - Processing /Users/abhishekpatkar/Documents/Projects/af_file_loader/venv/lib/python3.11/site-packages/airflow/example_dags/subdags/subdag.py took 1.182 seconds
[2023-07-22T15:14:35.125-0500] {processor.py:157} INFO - Started process (PID=17938) to work on /Users/abhishekpatkar/Documents/Projects/af_file_loader/venv/lib/python3.11/site-packages/airflow/example_dags/subdags/subdag.py
[2023-07-22T15:14:35.129-0500] {processor.py:826} INFO - Processing file /Users/abhishekpatkar/Documents/Projects/af_file_loader/venv/lib/python3.11/site-packages/airflow/example_dags/subdags/subdag.py for tasks to queue
[2023-07-22T15:14:35.129-0500] {logging_mixin.py:150} INFO - [2023-07-22T15:14:35.129-0500] {dagbag.py:541} INFO - Filling up the DagBag from /Users/abhishekpatkar/Documents/Projects/af_file_loader/venv/lib/python3.11/site-packages/airflow/example_dags/subdags/subdag.py
[2023-07-22T15:14:35.133-0500] {processor.py:838} WARNING - No viable dags retrieved from /Users/abhishekpatkar/Documents/Projects/af_file_loader/venv/lib/python3.11/site-packages/airflow/example_dags/subdags/subdag.py
[2023-07-22T15:14:36.445-0500] {processor.py:179} INFO - Processing /Users/abhishekpatkar/Documents/Projects/af_file_loader/venv/lib/python3.11/site-packages/airflow/example_dags/subdags/subdag.py took 1.321 seconds
[2023-07-22T15:17:30.664-0500] {processor.py:157} INFO - Started process (PID=18041) to work on /Users/abhishekpatkar/Documents/Projects/af_file_loader/venv/lib/python3.11/site-packages/airflow/example_dags/subdags/subdag.py
[2023-07-22T15:17:30.667-0500] {processor.py:826} INFO - Processing file /Users/abhishekpatkar/Documents/Projects/af_file_loader/venv/lib/python3.11/site-packages/airflow/example_dags/subdags/subdag.py for tasks to queue
[2023-07-22T15:17:30.668-0500] {logging_mixin.py:150} INFO - [2023-07-22T15:17:30.668-0500] {dagbag.py:541} INFO - Filling up the DagBag from /Users/abhishekpatkar/Documents/Projects/af_file_loader/venv/lib/python3.11/site-packages/airflow/example_dags/subdags/subdag.py
[2023-07-22T15:17:30.670-0500] {processor.py:838} WARNING - No viable dags retrieved from /Users/abhishekpatkar/Documents/Projects/af_file_loader/venv/lib/python3.11/site-packages/airflow/example_dags/subdags/subdag.py
[2023-07-22T15:17:31.364-0500] {processor.py:179} INFO - Processing /Users/abhishekpatkar/Documents/Projects/af_file_loader/venv/lib/python3.11/site-packages/airflow/example_dags/subdags/subdag.py took 0.701 seconds
[2023-07-22T15:20:21.478-0500] {processor.py:157} INFO - Started process (PID=18145) to work on /Users/abhishekpatkar/Documents/Projects/af_file_loader/venv/lib/python3.11/site-packages/airflow/example_dags/subdags/subdag.py
[2023-07-22T15:20:21.484-0500] {processor.py:826} INFO - Processing file /Users/abhishekpatkar/Documents/Projects/af_file_loader/venv/lib/python3.11/site-packages/airflow/example_dags/subdags/subdag.py for tasks to queue
[2023-07-22T15:20:21.485-0500] {logging_mixin.py:150} INFO - [2023-07-22T15:20:21.485-0500] {dagbag.py:541} INFO - Filling up the DagBag from /Users/abhishekpatkar/Documents/Projects/af_file_loader/venv/lib/python3.11/site-packages/airflow/example_dags/subdags/subdag.py
[2023-07-22T15:20:21.488-0500] {processor.py:838} WARNING - No viable dags retrieved from /Users/abhishekpatkar/Documents/Projects/af_file_loader/venv/lib/python3.11/site-packages/airflow/example_dags/subdags/subdag.py
[2023-07-22T15:20:22.239-0500] {processor.py:179} INFO - Processing /Users/abhishekpatkar/Documents/Projects/af_file_loader/venv/lib/python3.11/site-packages/airflow/example_dags/subdags/subdag.py took 0.762 seconds
[2023-07-22T15:22:54.633-0500] {processor.py:157} INFO - Started process (PID=18238) to work on /Users/abhishekpatkar/Documents/Projects/af_file_loader/venv/lib/python3.11/site-packages/airflow/example_dags/subdags/subdag.py
[2023-07-22T15:22:54.638-0500] {processor.py:826} INFO - Processing file /Users/abhishekpatkar/Documents/Projects/af_file_loader/venv/lib/python3.11/site-packages/airflow/example_dags/subdags/subdag.py for tasks to queue
[2023-07-22T15:22:54.639-0500] {logging_mixin.py:150} INFO - [2023-07-22T15:22:54.639-0500] {dagbag.py:541} INFO - Filling up the DagBag from /Users/abhishekpatkar/Documents/Projects/af_file_loader/venv/lib/python3.11/site-packages/airflow/example_dags/subdags/subdag.py
[2023-07-22T15:22:54.642-0500] {processor.py:838} WARNING - No viable dags retrieved from /Users/abhishekpatkar/Documents/Projects/af_file_loader/venv/lib/python3.11/site-packages/airflow/example_dags/subdags/subdag.py
[2023-07-22T15:22:55.430-0500] {processor.py:179} INFO - Processing /Users/abhishekpatkar/Documents/Projects/af_file_loader/venv/lib/python3.11/site-packages/airflow/example_dags/subdags/subdag.py took 0.798 seconds
[2023-07-22T15:25:03.788-0500] {processor.py:157} INFO - Started process (PID=18327) to work on /Users/abhishekpatkar/Documents/Projects/af_file_loader/venv/lib/python3.11/site-packages/airflow/example_dags/subdags/subdag.py
[2023-07-22T15:25:03.793-0500] {processor.py:826} INFO - Processing file /Users/abhishekpatkar/Documents/Projects/af_file_loader/venv/lib/python3.11/site-packages/airflow/example_dags/subdags/subdag.py for tasks to queue
[2023-07-22T15:25:03.794-0500] {logging_mixin.py:150} INFO - [2023-07-22T15:25:03.794-0500] {dagbag.py:541} INFO - Filling up the DagBag from /Users/abhishekpatkar/Documents/Projects/af_file_loader/venv/lib/python3.11/site-packages/airflow/example_dags/subdags/subdag.py
[2023-07-22T15:25:03.797-0500] {processor.py:838} WARNING - No viable dags retrieved from /Users/abhishekpatkar/Documents/Projects/af_file_loader/venv/lib/python3.11/site-packages/airflow/example_dags/subdags/subdag.py
[2023-07-22T15:25:04.551-0500] {processor.py:179} INFO - Processing /Users/abhishekpatkar/Documents/Projects/af_file_loader/venv/lib/python3.11/site-packages/airflow/example_dags/subdags/subdag.py took 0.764 seconds
[2023-07-22T15:28:31.194-0500] {processor.py:157} INFO - Started process (PID=18618) to work on /Users/abhishekpatkar/Documents/Projects/af_file_loader/venv/lib/python3.11/site-packages/airflow/example_dags/subdags/subdag.py
[2023-07-22T15:28:31.198-0500] {processor.py:826} INFO - Processing file /Users/abhishekpatkar/Documents/Projects/af_file_loader/venv/lib/python3.11/site-packages/airflow/example_dags/subdags/subdag.py for tasks to queue
[2023-07-22T15:28:31.199-0500] {logging_mixin.py:150} INFO - [2023-07-22T15:28:31.199-0500] {dagbag.py:541} INFO - Filling up the DagBag from /Users/abhishekpatkar/Documents/Projects/af_file_loader/venv/lib/python3.11/site-packages/airflow/example_dags/subdags/subdag.py
[2023-07-22T15:28:31.202-0500] {processor.py:838} WARNING - No viable dags retrieved from /Users/abhishekpatkar/Documents/Projects/af_file_loader/venv/lib/python3.11/site-packages/airflow/example_dags/subdags/subdag.py
[2023-07-22T15:28:32.309-0500] {processor.py:179} INFO - Processing /Users/abhishekpatkar/Documents/Projects/af_file_loader/venv/lib/python3.11/site-packages/airflow/example_dags/subdags/subdag.py took 1.117 seconds
[2023-07-22T15:31:30.813-0500] {processor.py:157} INFO - Started process (PID=18801) to work on /Users/abhishekpatkar/Documents/Projects/af_file_loader/venv/lib/python3.11/site-packages/airflow/example_dags/subdags/subdag.py
[2023-07-22T15:31:30.817-0500] {processor.py:826} INFO - Processing file /Users/abhishekpatkar/Documents/Projects/af_file_loader/venv/lib/python3.11/site-packages/airflow/example_dags/subdags/subdag.py for tasks to queue
[2023-07-22T15:31:30.818-0500] {logging_mixin.py:150} INFO - [2023-07-22T15:31:30.818-0500] {dagbag.py:541} INFO - Filling up the DagBag from /Users/abhishekpatkar/Documents/Projects/af_file_loader/venv/lib/python3.11/site-packages/airflow/example_dags/subdags/subdag.py
[2023-07-22T15:31:30.820-0500] {processor.py:838} WARNING - No viable dags retrieved from /Users/abhishekpatkar/Documents/Projects/af_file_loader/venv/lib/python3.11/site-packages/airflow/example_dags/subdags/subdag.py
[2023-07-22T15:31:31.474-0500] {processor.py:179} INFO - Processing /Users/abhishekpatkar/Documents/Projects/af_file_loader/venv/lib/python3.11/site-packages/airflow/example_dags/subdags/subdag.py took 0.663 seconds
[2023-07-22T15:33:28.016-0500] {processor.py:157} INFO - Started process (PID=18875) to work on /Users/abhishekpatkar/Documents/Projects/af_file_loader/venv/lib/python3.11/site-packages/airflow/example_dags/subdags/subdag.py
[2023-07-22T15:33:28.020-0500] {processor.py:826} INFO - Processing file /Users/abhishekpatkar/Documents/Projects/af_file_loader/venv/lib/python3.11/site-packages/airflow/example_dags/subdags/subdag.py for tasks to queue
[2023-07-22T15:33:28.021-0500] {logging_mixin.py:150} INFO - [2023-07-22T15:33:28.021-0500] {dagbag.py:541} INFO - Filling up the DagBag from /Users/abhishekpatkar/Documents/Projects/af_file_loader/venv/lib/python3.11/site-packages/airflow/example_dags/subdags/subdag.py
[2023-07-22T15:33:28.024-0500] {processor.py:838} WARNING - No viable dags retrieved from /Users/abhishekpatkar/Documents/Projects/af_file_loader/venv/lib/python3.11/site-packages/airflow/example_dags/subdags/subdag.py
[2023-07-22T15:33:28.647-0500] {processor.py:179} INFO - Processing /Users/abhishekpatkar/Documents/Projects/af_file_loader/venv/lib/python3.11/site-packages/airflow/example_dags/subdags/subdag.py took 0.632 seconds
[2023-07-22T15:35:18.552-0500] {processor.py:157} INFO - Started process (PID=18954) to work on /Users/abhishekpatkar/Documents/Projects/af_file_loader/venv/lib/python3.11/site-packages/airflow/example_dags/subdags/subdag.py
[2023-07-22T15:35:18.557-0500] {processor.py:826} INFO - Processing file /Users/abhishekpatkar/Documents/Projects/af_file_loader/venv/lib/python3.11/site-packages/airflow/example_dags/subdags/subdag.py for tasks to queue
[2023-07-22T15:35:18.558-0500] {logging_mixin.py:150} INFO - [2023-07-22T15:35:18.558-0500] {dagbag.py:541} INFO - Filling up the DagBag from /Users/abhishekpatkar/Documents/Projects/af_file_loader/venv/lib/python3.11/site-packages/airflow/example_dags/subdags/subdag.py
[2023-07-22T15:35:18.560-0500] {processor.py:838} WARNING - No viable dags retrieved from /Users/abhishekpatkar/Documents/Projects/af_file_loader/venv/lib/python3.11/site-packages/airflow/example_dags/subdags/subdag.py
[2023-07-22T15:35:19.172-0500] {processor.py:179} INFO - Processing /Users/abhishekpatkar/Documents/Projects/af_file_loader/venv/lib/python3.11/site-packages/airflow/example_dags/subdags/subdag.py took 0.621 seconds
[2023-07-22T15:37:19.240-0500] {processor.py:157} INFO - Started process (PID=19243) to work on /Users/abhishekpatkar/Documents/Projects/af_file_loader/venv/lib/python3.11/site-packages/airflow/example_dags/subdags/subdag.py
[2023-07-22T15:37:19.256-0500] {processor.py:826} INFO - Processing file /Users/abhishekpatkar/Documents/Projects/af_file_loader/venv/lib/python3.11/site-packages/airflow/example_dags/subdags/subdag.py for tasks to queue
[2023-07-22T15:37:19.260-0500] {logging_mixin.py:150} INFO - [2023-07-22T15:37:19.259-0500] {dagbag.py:541} INFO - Filling up the DagBag from /Users/abhishekpatkar/Documents/Projects/af_file_loader/venv/lib/python3.11/site-packages/airflow/example_dags/subdags/subdag.py
[2023-07-22T15:37:19.272-0500] {processor.py:838} WARNING - No viable dags retrieved from /Users/abhishekpatkar/Documents/Projects/af_file_loader/venv/lib/python3.11/site-packages/airflow/example_dags/subdags/subdag.py
[2023-07-22T15:37:20.730-0500] {processor.py:179} INFO - Processing /Users/abhishekpatkar/Documents/Projects/af_file_loader/venv/lib/python3.11/site-packages/airflow/example_dags/subdags/subdag.py took 1.491 seconds
[2023-07-22T15:49:07.478-0500] {processor.py:157} INFO - Started process (PID=19487) to work on /Users/abhishekpatkar/Documents/Projects/af_file_loader/venv/lib/python3.11/site-packages/airflow/example_dags/subdags/subdag.py
[2023-07-22T15:49:07.483-0500] {processor.py:826} INFO - Processing file /Users/abhishekpatkar/Documents/Projects/af_file_loader/venv/lib/python3.11/site-packages/airflow/example_dags/subdags/subdag.py for tasks to queue
[2023-07-22T15:49:07.484-0500] {logging_mixin.py:150} INFO - [2023-07-22T15:49:07.484-0500] {dagbag.py:541} INFO - Filling up the DagBag from /Users/abhishekpatkar/Documents/Projects/af_file_loader/venv/lib/python3.11/site-packages/airflow/example_dags/subdags/subdag.py
[2023-07-22T15:49:07.487-0500] {processor.py:838} WARNING - No viable dags retrieved from /Users/abhishekpatkar/Documents/Projects/af_file_loader/venv/lib/python3.11/site-packages/airflow/example_dags/subdags/subdag.py
[2023-07-22T15:49:08.275-0500] {processor.py:179} INFO - Processing /Users/abhishekpatkar/Documents/Projects/af_file_loader/venv/lib/python3.11/site-packages/airflow/example_dags/subdags/subdag.py took 0.798 seconds
[2023-07-22T15:51:40.243-0500] {processor.py:157} INFO - Started process (PID=19719) to work on /Users/abhishekpatkar/Documents/Projects/af_file_loader/venv/lib/python3.11/site-packages/airflow/example_dags/subdags/subdag.py
[2023-07-22T15:51:40.250-0500] {processor.py:826} INFO - Processing file /Users/abhishekpatkar/Documents/Projects/af_file_loader/venv/lib/python3.11/site-packages/airflow/example_dags/subdags/subdag.py for tasks to queue
[2023-07-22T15:51:40.251-0500] {logging_mixin.py:150} INFO - [2023-07-22T15:51:40.251-0500] {dagbag.py:541} INFO - Filling up the DagBag from /Users/abhishekpatkar/Documents/Projects/af_file_loader/venv/lib/python3.11/site-packages/airflow/example_dags/subdags/subdag.py
[2023-07-22T15:51:40.253-0500] {processor.py:838} WARNING - No viable dags retrieved from /Users/abhishekpatkar/Documents/Projects/af_file_loader/venv/lib/python3.11/site-packages/airflow/example_dags/subdags/subdag.py
[2023-07-22T15:51:41.252-0500] {processor.py:179} INFO - Processing /Users/abhishekpatkar/Documents/Projects/af_file_loader/venv/lib/python3.11/site-packages/airflow/example_dags/subdags/subdag.py took 1.011 seconds
[2023-07-22T15:54:19.369-0500] {processor.py:157} INFO - Started process (PID=19905) to work on /Users/abhishekpatkar/Documents/Projects/af_file_loader/venv/lib/python3.11/site-packages/airflow/example_dags/subdags/subdag.py
[2023-07-22T15:54:19.373-0500] {processor.py:826} INFO - Processing file /Users/abhishekpatkar/Documents/Projects/af_file_loader/venv/lib/python3.11/site-packages/airflow/example_dags/subdags/subdag.py for tasks to queue
[2023-07-22T15:54:19.374-0500] {logging_mixin.py:150} INFO - [2023-07-22T15:54:19.374-0500] {dagbag.py:541} INFO - Filling up the DagBag from /Users/abhishekpatkar/Documents/Projects/af_file_loader/venv/lib/python3.11/site-packages/airflow/example_dags/subdags/subdag.py
[2023-07-22T15:54:19.380-0500] {processor.py:838} WARNING - No viable dags retrieved from /Users/abhishekpatkar/Documents/Projects/af_file_loader/venv/lib/python3.11/site-packages/airflow/example_dags/subdags/subdag.py
[2023-07-22T15:54:20.229-0500] {processor.py:179} INFO - Processing /Users/abhishekpatkar/Documents/Projects/af_file_loader/venv/lib/python3.11/site-packages/airflow/example_dags/subdags/subdag.py took 0.861 seconds
[2023-07-22T15:56:59.032-0500] {processor.py:157} INFO - Started process (PID=20142) to work on /Users/abhishekpatkar/Documents/Projects/af_file_loader/venv/lib/python3.11/site-packages/airflow/example_dags/subdags/subdag.py
[2023-07-22T15:56:59.036-0500] {processor.py:826} INFO - Processing file /Users/abhishekpatkar/Documents/Projects/af_file_loader/venv/lib/python3.11/site-packages/airflow/example_dags/subdags/subdag.py for tasks to queue
[2023-07-22T15:56:59.038-0500] {logging_mixin.py:150} INFO - [2023-07-22T15:56:59.037-0500] {dagbag.py:541} INFO - Filling up the DagBag from /Users/abhishekpatkar/Documents/Projects/af_file_loader/venv/lib/python3.11/site-packages/airflow/example_dags/subdags/subdag.py
[2023-07-22T15:56:59.041-0500] {processor.py:838} WARNING - No viable dags retrieved from /Users/abhishekpatkar/Documents/Projects/af_file_loader/venv/lib/python3.11/site-packages/airflow/example_dags/subdags/subdag.py
[2023-07-22T15:57:00.381-0500] {processor.py:179} INFO - Processing /Users/abhishekpatkar/Documents/Projects/af_file_loader/venv/lib/python3.11/site-packages/airflow/example_dags/subdags/subdag.py took 1.350 seconds
[2023-07-22T15:59:31.773-0500] {processor.py:157} INFO - Started process (PID=20280) to work on /Users/abhishekpatkar/Documents/Projects/af_file_loader/venv/lib/python3.11/site-packages/airflow/example_dags/subdags/subdag.py
[2023-07-22T15:59:31.778-0500] {processor.py:826} INFO - Processing file /Users/abhishekpatkar/Documents/Projects/af_file_loader/venv/lib/python3.11/site-packages/airflow/example_dags/subdags/subdag.py for tasks to queue
[2023-07-22T15:59:31.779-0500] {logging_mixin.py:150} INFO - [2023-07-22T15:59:31.778-0500] {dagbag.py:541} INFO - Filling up the DagBag from /Users/abhishekpatkar/Documents/Projects/af_file_loader/venv/lib/python3.11/site-packages/airflow/example_dags/subdags/subdag.py
[2023-07-22T15:59:31.781-0500] {processor.py:838} WARNING - No viable dags retrieved from /Users/abhishekpatkar/Documents/Projects/af_file_loader/venv/lib/python3.11/site-packages/airflow/example_dags/subdags/subdag.py
[2023-07-22T15:59:32.548-0500] {processor.py:179} INFO - Processing /Users/abhishekpatkar/Documents/Projects/af_file_loader/venv/lib/python3.11/site-packages/airflow/example_dags/subdags/subdag.py took 0.775 seconds
[2023-07-22T16:01:59.453-0500] {processor.py:157} INFO - Started process (PID=20368) to work on /Users/abhishekpatkar/Documents/Projects/af_file_loader/venv/lib/python3.11/site-packages/airflow/example_dags/subdags/subdag.py
[2023-07-22T16:01:59.459-0500] {processor.py:826} INFO - Processing file /Users/abhishekpatkar/Documents/Projects/af_file_loader/venv/lib/python3.11/site-packages/airflow/example_dags/subdags/subdag.py for tasks to queue
[2023-07-22T16:01:59.460-0500] {logging_mixin.py:150} INFO - [2023-07-22T16:01:59.460-0500] {dagbag.py:541} INFO - Filling up the DagBag from /Users/abhishekpatkar/Documents/Projects/af_file_loader/venv/lib/python3.11/site-packages/airflow/example_dags/subdags/subdag.py
[2023-07-22T16:01:59.463-0500] {processor.py:838} WARNING - No viable dags retrieved from /Users/abhishekpatkar/Documents/Projects/af_file_loader/venv/lib/python3.11/site-packages/airflow/example_dags/subdags/subdag.py
[2023-07-22T16:02:00.356-0500] {processor.py:179} INFO - Processing /Users/abhishekpatkar/Documents/Projects/af_file_loader/venv/lib/python3.11/site-packages/airflow/example_dags/subdags/subdag.py took 0.903 seconds
[2023-07-22T16:03:58.578-0500] {processor.py:157} INFO - Started process (PID=20444) to work on /Users/abhishekpatkar/Documents/Projects/af_file_loader/venv/lib/python3.11/site-packages/airflow/example_dags/subdags/subdag.py
[2023-07-22T16:03:58.582-0500] {processor.py:826} INFO - Processing file /Users/abhishekpatkar/Documents/Projects/af_file_loader/venv/lib/python3.11/site-packages/airflow/example_dags/subdags/subdag.py for tasks to queue
[2023-07-22T16:03:58.583-0500] {logging_mixin.py:150} INFO - [2023-07-22T16:03:58.583-0500] {dagbag.py:541} INFO - Filling up the DagBag from /Users/abhishekpatkar/Documents/Projects/af_file_loader/venv/lib/python3.11/site-packages/airflow/example_dags/subdags/subdag.py
[2023-07-22T16:03:58.585-0500] {processor.py:838} WARNING - No viable dags retrieved from /Users/abhishekpatkar/Documents/Projects/af_file_loader/venv/lib/python3.11/site-packages/airflow/example_dags/subdags/subdag.py
[2023-07-22T16:03:59.175-0500] {processor.py:179} INFO - Processing /Users/abhishekpatkar/Documents/Projects/af_file_loader/venv/lib/python3.11/site-packages/airflow/example_dags/subdags/subdag.py took 0.598 seconds
[2023-07-22T16:05:45.508-0500] {processor.py:157} INFO - Started process (PID=20527) to work on /Users/abhishekpatkar/Documents/Projects/af_file_loader/venv/lib/python3.11/site-packages/airflow/example_dags/subdags/subdag.py
[2023-07-22T16:05:45.513-0500] {processor.py:826} INFO - Processing file /Users/abhishekpatkar/Documents/Projects/af_file_loader/venv/lib/python3.11/site-packages/airflow/example_dags/subdags/subdag.py for tasks to queue
[2023-07-22T16:05:45.514-0500] {logging_mixin.py:150} INFO - [2023-07-22T16:05:45.513-0500] {dagbag.py:541} INFO - Filling up the DagBag from /Users/abhishekpatkar/Documents/Projects/af_file_loader/venv/lib/python3.11/site-packages/airflow/example_dags/subdags/subdag.py
[2023-07-22T16:05:45.516-0500] {processor.py:838} WARNING - No viable dags retrieved from /Users/abhishekpatkar/Documents/Projects/af_file_loader/venv/lib/python3.11/site-packages/airflow/example_dags/subdags/subdag.py
[2023-07-22T16:05:46.105-0500] {processor.py:179} INFO - Processing /Users/abhishekpatkar/Documents/Projects/af_file_loader/venv/lib/python3.11/site-packages/airflow/example_dags/subdags/subdag.py took 0.597 seconds
[2023-07-22T16:07:35.938-0500] {processor.py:157} INFO - Started process (PID=20621) to work on /Users/abhishekpatkar/Documents/Projects/af_file_loader/venv/lib/python3.11/site-packages/airflow/example_dags/subdags/subdag.py
[2023-07-22T16:07:35.943-0500] {processor.py:826} INFO - Processing file /Users/abhishekpatkar/Documents/Projects/af_file_loader/venv/lib/python3.11/site-packages/airflow/example_dags/subdags/subdag.py for tasks to queue
[2023-07-22T16:07:35.944-0500] {logging_mixin.py:150} INFO - [2023-07-22T16:07:35.943-0500] {dagbag.py:541} INFO - Filling up the DagBag from /Users/abhishekpatkar/Documents/Projects/af_file_loader/venv/lib/python3.11/site-packages/airflow/example_dags/subdags/subdag.py
[2023-07-22T16:07:35.946-0500] {processor.py:838} WARNING - No viable dags retrieved from /Users/abhishekpatkar/Documents/Projects/af_file_loader/venv/lib/python3.11/site-packages/airflow/example_dags/subdags/subdag.py
[2023-07-22T16:07:36.523-0500] {processor.py:179} INFO - Processing /Users/abhishekpatkar/Documents/Projects/af_file_loader/venv/lib/python3.11/site-packages/airflow/example_dags/subdags/subdag.py took 0.586 seconds
[2023-07-22T16:09:28.059-0500] {processor.py:157} INFO - Started process (PID=20693) to work on /Users/abhishekpatkar/Documents/Projects/af_file_loader/venv/lib/python3.11/site-packages/airflow/example_dags/subdags/subdag.py
[2023-07-22T16:09:28.063-0500] {processor.py:826} INFO - Processing file /Users/abhishekpatkar/Documents/Projects/af_file_loader/venv/lib/python3.11/site-packages/airflow/example_dags/subdags/subdag.py for tasks to queue
[2023-07-22T16:09:28.063-0500] {logging_mixin.py:150} INFO - [2023-07-22T16:09:28.063-0500] {dagbag.py:541} INFO - Filling up the DagBag from /Users/abhishekpatkar/Documents/Projects/af_file_loader/venv/lib/python3.11/site-packages/airflow/example_dags/subdags/subdag.py
[2023-07-22T16:09:28.065-0500] {processor.py:838} WARNING - No viable dags retrieved from /Users/abhishekpatkar/Documents/Projects/af_file_loader/venv/lib/python3.11/site-packages/airflow/example_dags/subdags/subdag.py
[2023-07-22T16:09:28.636-0500] {processor.py:179} INFO - Processing /Users/abhishekpatkar/Documents/Projects/af_file_loader/venv/lib/python3.11/site-packages/airflow/example_dags/subdags/subdag.py took 0.577 seconds
[2023-07-22T16:11:13.710-0500] {processor.py:157} INFO - Started process (PID=20762) to work on /Users/abhishekpatkar/Documents/Projects/af_file_loader/venv/lib/python3.11/site-packages/airflow/example_dags/subdags/subdag.py
[2023-07-22T16:11:13.714-0500] {processor.py:826} INFO - Processing file /Users/abhishekpatkar/Documents/Projects/af_file_loader/venv/lib/python3.11/site-packages/airflow/example_dags/subdags/subdag.py for tasks to queue
[2023-07-22T16:11:13.714-0500] {logging_mixin.py:150} INFO - [2023-07-22T16:11:13.714-0500] {dagbag.py:541} INFO - Filling up the DagBag from /Users/abhishekpatkar/Documents/Projects/af_file_loader/venv/lib/python3.11/site-packages/airflow/example_dags/subdags/subdag.py
[2023-07-22T16:11:13.721-0500] {processor.py:838} WARNING - No viable dags retrieved from /Users/abhishekpatkar/Documents/Projects/af_file_loader/venv/lib/python3.11/site-packages/airflow/example_dags/subdags/subdag.py
[2023-07-22T16:11:14.632-0500] {processor.py:179} INFO - Processing /Users/abhishekpatkar/Documents/Projects/af_file_loader/venv/lib/python3.11/site-packages/airflow/example_dags/subdags/subdag.py took 0.923 seconds
[2023-07-22T16:25:13.967-0500] {processor.py:157} INFO - Started process (PID=20921) to work on /Users/abhishekpatkar/Documents/Projects/af_file_loader/venv/lib/python3.11/site-packages/airflow/example_dags/subdags/subdag.py
[2023-07-22T16:25:13.972-0500] {processor.py:826} INFO - Processing file /Users/abhishekpatkar/Documents/Projects/af_file_loader/venv/lib/python3.11/site-packages/airflow/example_dags/subdags/subdag.py for tasks to queue
[2023-07-22T16:25:13.973-0500] {logging_mixin.py:150} INFO - [2023-07-22T16:25:13.973-0500] {dagbag.py:541} INFO - Filling up the DagBag from /Users/abhishekpatkar/Documents/Projects/af_file_loader/venv/lib/python3.11/site-packages/airflow/example_dags/subdags/subdag.py
[2023-07-22T16:25:13.975-0500] {processor.py:838} WARNING - No viable dags retrieved from /Users/abhishekpatkar/Documents/Projects/af_file_loader/venv/lib/python3.11/site-packages/airflow/example_dags/subdags/subdag.py
[2023-07-22T16:25:15.173-0500] {processor.py:179} INFO - Processing /Users/abhishekpatkar/Documents/Projects/af_file_loader/venv/lib/python3.11/site-packages/airflow/example_dags/subdags/subdag.py took 1.207 seconds
[2023-07-22T16:28:55.244-0500] {processor.py:157} INFO - Started process (PID=21059) to work on /Users/abhishekpatkar/Documents/Projects/af_file_loader/venv/lib/python3.11/site-packages/airflow/example_dags/subdags/subdag.py
[2023-07-22T16:28:55.250-0500] {processor.py:826} INFO - Processing file /Users/abhishekpatkar/Documents/Projects/af_file_loader/venv/lib/python3.11/site-packages/airflow/example_dags/subdags/subdag.py for tasks to queue
[2023-07-22T16:28:55.251-0500] {logging_mixin.py:150} INFO - [2023-07-22T16:28:55.251-0500] {dagbag.py:541} INFO - Filling up the DagBag from /Users/abhishekpatkar/Documents/Projects/af_file_loader/venv/lib/python3.11/site-packages/airflow/example_dags/subdags/subdag.py
[2023-07-22T16:28:55.253-0500] {processor.py:838} WARNING - No viable dags retrieved from /Users/abhishekpatkar/Documents/Projects/af_file_loader/venv/lib/python3.11/site-packages/airflow/example_dags/subdags/subdag.py
[2023-07-22T16:28:56.649-0500] {processor.py:179} INFO - Processing /Users/abhishekpatkar/Documents/Projects/af_file_loader/venv/lib/python3.11/site-packages/airflow/example_dags/subdags/subdag.py took 1.406 seconds
[2023-07-22T16:32:08.340-0500] {processor.py:157} INFO - Started process (PID=21162) to work on /Users/abhishekpatkar/Documents/Projects/af_file_loader/venv/lib/python3.11/site-packages/airflow/example_dags/subdags/subdag.py
[2023-07-22T16:32:08.346-0500] {processor.py:826} INFO - Processing file /Users/abhishekpatkar/Documents/Projects/af_file_loader/venv/lib/python3.11/site-packages/airflow/example_dags/subdags/subdag.py for tasks to queue
[2023-07-22T16:32:08.346-0500] {logging_mixin.py:150} INFO - [2023-07-22T16:32:08.346-0500] {dagbag.py:541} INFO - Filling up the DagBag from /Users/abhishekpatkar/Documents/Projects/af_file_loader/venv/lib/python3.11/site-packages/airflow/example_dags/subdags/subdag.py
[2023-07-22T16:32:08.350-0500] {processor.py:838} WARNING - No viable dags retrieved from /Users/abhishekpatkar/Documents/Projects/af_file_loader/venv/lib/python3.11/site-packages/airflow/example_dags/subdags/subdag.py
[2023-07-22T16:32:09.600-0500] {processor.py:179} INFO - Processing /Users/abhishekpatkar/Documents/Projects/af_file_loader/venv/lib/python3.11/site-packages/airflow/example_dags/subdags/subdag.py took 1.261 seconds
[2023-07-22T16:35:31.323-0500] {processor.py:157} INFO - Started process (PID=21267) to work on /Users/abhishekpatkar/Documents/Projects/af_file_loader/venv/lib/python3.11/site-packages/airflow/example_dags/subdags/subdag.py
[2023-07-22T16:35:31.329-0500] {processor.py:826} INFO - Processing file /Users/abhishekpatkar/Documents/Projects/af_file_loader/venv/lib/python3.11/site-packages/airflow/example_dags/subdags/subdag.py for tasks to queue
[2023-07-22T16:35:31.330-0500] {logging_mixin.py:150} INFO - [2023-07-22T16:35:31.330-0500] {dagbag.py:541} INFO - Filling up the DagBag from /Users/abhishekpatkar/Documents/Projects/af_file_loader/venv/lib/python3.11/site-packages/airflow/example_dags/subdags/subdag.py
[2023-07-22T16:35:31.336-0500] {processor.py:838} WARNING - No viable dags retrieved from /Users/abhishekpatkar/Documents/Projects/af_file_loader/venv/lib/python3.11/site-packages/airflow/example_dags/subdags/subdag.py
[2023-07-22T16:35:32.938-0500] {processor.py:179} INFO - Processing /Users/abhishekpatkar/Documents/Projects/af_file_loader/venv/lib/python3.11/site-packages/airflow/example_dags/subdags/subdag.py took 1.618 seconds
[2023-07-22T16:40:36.725-0500] {processor.py:157} INFO - Started process (PID=21455) to work on /Users/abhishekpatkar/Documents/Projects/af_file_loader/venv/lib/python3.11/site-packages/airflow/example_dags/subdags/subdag.py
[2023-07-22T16:40:36.735-0500] {processor.py:826} INFO - Processing file /Users/abhishekpatkar/Documents/Projects/af_file_loader/venv/lib/python3.11/site-packages/airflow/example_dags/subdags/subdag.py for tasks to queue
[2023-07-22T16:40:36.736-0500] {logging_mixin.py:150} INFO - [2023-07-22T16:40:36.736-0500] {dagbag.py:541} INFO - Filling up the DagBag from /Users/abhishekpatkar/Documents/Projects/af_file_loader/venv/lib/python3.11/site-packages/airflow/example_dags/subdags/subdag.py
[2023-07-22T16:40:36.739-0500] {processor.py:838} WARNING - No viable dags retrieved from /Users/abhishekpatkar/Documents/Projects/af_file_loader/venv/lib/python3.11/site-packages/airflow/example_dags/subdags/subdag.py
[2023-07-22T16:40:39.716-0500] {processor.py:179} INFO - Processing /Users/abhishekpatkar/Documents/Projects/af_file_loader/venv/lib/python3.11/site-packages/airflow/example_dags/subdags/subdag.py took 2.992 seconds
[2023-07-22T16:44:37.697-0500] {processor.py:157} INFO - Started process (PID=21600) to work on /Users/abhishekpatkar/Documents/Projects/af_file_loader/venv/lib/python3.11/site-packages/airflow/example_dags/subdags/subdag.py
[2023-07-22T16:44:37.706-0500] {processor.py:826} INFO - Processing file /Users/abhishekpatkar/Documents/Projects/af_file_loader/venv/lib/python3.11/site-packages/airflow/example_dags/subdags/subdag.py for tasks to queue
[2023-07-22T16:44:37.708-0500] {logging_mixin.py:150} INFO - [2023-07-22T16:44:37.707-0500] {dagbag.py:541} INFO - Filling up the DagBag from /Users/abhishekpatkar/Documents/Projects/af_file_loader/venv/lib/python3.11/site-packages/airflow/example_dags/subdags/subdag.py
[2023-07-22T16:44:37.711-0500] {processor.py:838} WARNING - No viable dags retrieved from /Users/abhishekpatkar/Documents/Projects/af_file_loader/venv/lib/python3.11/site-packages/airflow/example_dags/subdags/subdag.py
[2023-07-22T16:44:39.002-0500] {processor.py:179} INFO - Processing /Users/abhishekpatkar/Documents/Projects/af_file_loader/venv/lib/python3.11/site-packages/airflow/example_dags/subdags/subdag.py took 1.301 seconds
[2023-07-22T16:48:11.435-0500] {processor.py:157} INFO - Started process (PID=21707) to work on /Users/abhishekpatkar/Documents/Projects/af_file_loader/venv/lib/python3.11/site-packages/airflow/example_dags/subdags/subdag.py
[2023-07-22T16:48:11.439-0500] {processor.py:826} INFO - Processing file /Users/abhishekpatkar/Documents/Projects/af_file_loader/venv/lib/python3.11/site-packages/airflow/example_dags/subdags/subdag.py for tasks to queue
[2023-07-22T16:48:11.440-0500] {logging_mixin.py:150} INFO - [2023-07-22T16:48:11.439-0500] {dagbag.py:541} INFO - Filling up the DagBag from /Users/abhishekpatkar/Documents/Projects/af_file_loader/venv/lib/python3.11/site-packages/airflow/example_dags/subdags/subdag.py
[2023-07-22T16:48:11.443-0500] {processor.py:838} WARNING - No viable dags retrieved from /Users/abhishekpatkar/Documents/Projects/af_file_loader/venv/lib/python3.11/site-packages/airflow/example_dags/subdags/subdag.py
[2023-07-22T16:48:12.987-0500] {processor.py:179} INFO - Processing /Users/abhishekpatkar/Documents/Projects/af_file_loader/venv/lib/python3.11/site-packages/airflow/example_dags/subdags/subdag.py took 1.553 seconds
[2023-07-22T16:52:02.883-0500] {processor.py:157} INFO - Started process (PID=21822) to work on /Users/abhishekpatkar/Documents/Projects/af_file_loader/venv/lib/python3.11/site-packages/airflow/example_dags/subdags/subdag.py
[2023-07-22T16:52:02.886-0500] {processor.py:826} INFO - Processing file /Users/abhishekpatkar/Documents/Projects/af_file_loader/venv/lib/python3.11/site-packages/airflow/example_dags/subdags/subdag.py for tasks to queue
[2023-07-22T16:52:02.887-0500] {logging_mixin.py:150} INFO - [2023-07-22T16:52:02.887-0500] {dagbag.py:541} INFO - Filling up the DagBag from /Users/abhishekpatkar/Documents/Projects/af_file_loader/venv/lib/python3.11/site-packages/airflow/example_dags/subdags/subdag.py
[2023-07-22T16:52:02.896-0500] {processor.py:838} WARNING - No viable dags retrieved from /Users/abhishekpatkar/Documents/Projects/af_file_loader/venv/lib/python3.11/site-packages/airflow/example_dags/subdags/subdag.py
[2023-07-22T16:52:04.433-0500] {processor.py:179} INFO - Processing /Users/abhishekpatkar/Documents/Projects/af_file_loader/venv/lib/python3.11/site-packages/airflow/example_dags/subdags/subdag.py took 1.552 seconds
[2023-07-22T16:55:32.963-0500] {processor.py:157} INFO - Started process (PID=21944) to work on /Users/abhishekpatkar/Documents/Projects/af_file_loader/venv/lib/python3.11/site-packages/airflow/example_dags/subdags/subdag.py
[2023-07-22T16:55:32.970-0500] {processor.py:826} INFO - Processing file /Users/abhishekpatkar/Documents/Projects/af_file_loader/venv/lib/python3.11/site-packages/airflow/example_dags/subdags/subdag.py for tasks to queue
[2023-07-22T16:55:32.971-0500] {logging_mixin.py:150} INFO - [2023-07-22T16:55:32.971-0500] {dagbag.py:541} INFO - Filling up the DagBag from /Users/abhishekpatkar/Documents/Projects/af_file_loader/venv/lib/python3.11/site-packages/airflow/example_dags/subdags/subdag.py
[2023-07-22T16:55:32.974-0500] {processor.py:838} WARNING - No viable dags retrieved from /Users/abhishekpatkar/Documents/Projects/af_file_loader/venv/lib/python3.11/site-packages/airflow/example_dags/subdags/subdag.py
[2023-07-22T16:55:34.004-0500] {processor.py:179} INFO - Processing /Users/abhishekpatkar/Documents/Projects/af_file_loader/venv/lib/python3.11/site-packages/airflow/example_dags/subdags/subdag.py took 1.042 seconds
[2023-07-22T16:58:29.284-0500] {processor.py:157} INFO - Started process (PID=22040) to work on /Users/abhishekpatkar/Documents/Projects/af_file_loader/venv/lib/python3.11/site-packages/airflow/example_dags/subdags/subdag.py
[2023-07-22T16:58:29.292-0500] {processor.py:826} INFO - Processing file /Users/abhishekpatkar/Documents/Projects/af_file_loader/venv/lib/python3.11/site-packages/airflow/example_dags/subdags/subdag.py for tasks to queue
[2023-07-22T16:58:29.292-0500] {logging_mixin.py:150} INFO - [2023-07-22T16:58:29.292-0500] {dagbag.py:541} INFO - Filling up the DagBag from /Users/abhishekpatkar/Documents/Projects/af_file_loader/venv/lib/python3.11/site-packages/airflow/example_dags/subdags/subdag.py
[2023-07-22T16:58:29.294-0500] {processor.py:838} WARNING - No viable dags retrieved from /Users/abhishekpatkar/Documents/Projects/af_file_loader/venv/lib/python3.11/site-packages/airflow/example_dags/subdags/subdag.py
[2023-07-22T16:58:30.560-0500] {processor.py:179} INFO - Processing /Users/abhishekpatkar/Documents/Projects/af_file_loader/venv/lib/python3.11/site-packages/airflow/example_dags/subdags/subdag.py took 1.280 seconds
[2023-07-22T17:02:44.729-0500] {processor.py:157} INFO - Started process (PID=22216) to work on /Users/abhishekpatkar/Documents/Projects/af_file_loader/venv/lib/python3.11/site-packages/airflow/example_dags/subdags/subdag.py
[2023-07-22T17:02:44.736-0500] {processor.py:826} INFO - Processing file /Users/abhishekpatkar/Documents/Projects/af_file_loader/venv/lib/python3.11/site-packages/airflow/example_dags/subdags/subdag.py for tasks to queue
[2023-07-22T17:02:44.737-0500] {logging_mixin.py:150} INFO - [2023-07-22T17:02:44.736-0500] {dagbag.py:541} INFO - Filling up the DagBag from /Users/abhishekpatkar/Documents/Projects/af_file_loader/venv/lib/python3.11/site-packages/airflow/example_dags/subdags/subdag.py
[2023-07-22T17:02:44.742-0500] {processor.py:838} WARNING - No viable dags retrieved from /Users/abhishekpatkar/Documents/Projects/af_file_loader/venv/lib/python3.11/site-packages/airflow/example_dags/subdags/subdag.py
[2023-07-22T17:02:45.380-0500] {processor.py:179} INFO - Processing /Users/abhishekpatkar/Documents/Projects/af_file_loader/venv/lib/python3.11/site-packages/airflow/example_dags/subdags/subdag.py took 0.652 seconds
[2023-07-22T17:05:02.028-0500] {processor.py:157} INFO - Started process (PID=22304) to work on /Users/abhishekpatkar/Documents/Projects/af_file_loader/venv/lib/python3.11/site-packages/airflow/example_dags/subdags/subdag.py
[2023-07-22T17:05:02.034-0500] {processor.py:826} INFO - Processing file /Users/abhishekpatkar/Documents/Projects/af_file_loader/venv/lib/python3.11/site-packages/airflow/example_dags/subdags/subdag.py for tasks to queue
[2023-07-22T17:05:02.034-0500] {logging_mixin.py:150} INFO - [2023-07-22T17:05:02.034-0500] {dagbag.py:541} INFO - Filling up the DagBag from /Users/abhishekpatkar/Documents/Projects/af_file_loader/venv/lib/python3.11/site-packages/airflow/example_dags/subdags/subdag.py
[2023-07-22T17:05:02.037-0500] {processor.py:838} WARNING - No viable dags retrieved from /Users/abhishekpatkar/Documents/Projects/af_file_loader/venv/lib/python3.11/site-packages/airflow/example_dags/subdags/subdag.py
[2023-07-22T17:05:02.713-0500] {processor.py:179} INFO - Processing /Users/abhishekpatkar/Documents/Projects/af_file_loader/venv/lib/python3.11/site-packages/airflow/example_dags/subdags/subdag.py took 0.685 seconds
[2023-07-22T17:06:58.181-0500] {processor.py:157} INFO - Started process (PID=22379) to work on /Users/abhishekpatkar/Documents/Projects/af_file_loader/venv/lib/python3.11/site-packages/airflow/example_dags/subdags/subdag.py
[2023-07-22T17:06:58.184-0500] {processor.py:826} INFO - Processing file /Users/abhishekpatkar/Documents/Projects/af_file_loader/venv/lib/python3.11/site-packages/airflow/example_dags/subdags/subdag.py for tasks to queue
[2023-07-22T17:06:58.185-0500] {logging_mixin.py:150} INFO - [2023-07-22T17:06:58.185-0500] {dagbag.py:541} INFO - Filling up the DagBag from /Users/abhishekpatkar/Documents/Projects/af_file_loader/venv/lib/python3.11/site-packages/airflow/example_dags/subdags/subdag.py
[2023-07-22T17:06:58.187-0500] {processor.py:838} WARNING - No viable dags retrieved from /Users/abhishekpatkar/Documents/Projects/af_file_loader/venv/lib/python3.11/site-packages/airflow/example_dags/subdags/subdag.py
[2023-07-22T17:06:58.876-0500] {processor.py:179} INFO - Processing /Users/abhishekpatkar/Documents/Projects/af_file_loader/venv/lib/python3.11/site-packages/airflow/example_dags/subdags/subdag.py took 0.697 seconds
[2023-07-22T17:08:59.391-0500] {processor.py:157} INFO - Started process (PID=22461) to work on /Users/abhishekpatkar/Documents/Projects/af_file_loader/venv/lib/python3.11/site-packages/airflow/example_dags/subdags/subdag.py
[2023-07-22T17:08:59.395-0500] {processor.py:826} INFO - Processing file /Users/abhishekpatkar/Documents/Projects/af_file_loader/venv/lib/python3.11/site-packages/airflow/example_dags/subdags/subdag.py for tasks to queue
[2023-07-22T17:08:59.396-0500] {logging_mixin.py:150} INFO - [2023-07-22T17:08:59.396-0500] {dagbag.py:541} INFO - Filling up the DagBag from /Users/abhishekpatkar/Documents/Projects/af_file_loader/venv/lib/python3.11/site-packages/airflow/example_dags/subdags/subdag.py
[2023-07-22T17:08:59.399-0500] {processor.py:838} WARNING - No viable dags retrieved from /Users/abhishekpatkar/Documents/Projects/af_file_loader/venv/lib/python3.11/site-packages/airflow/example_dags/subdags/subdag.py
[2023-07-22T17:09:00.107-0500] {processor.py:179} INFO - Processing /Users/abhishekpatkar/Documents/Projects/af_file_loader/venv/lib/python3.11/site-packages/airflow/example_dags/subdags/subdag.py took 0.717 seconds
[2023-07-22T17:10:58.944-0500] {processor.py:157} INFO - Started process (PID=22544) to work on /Users/abhishekpatkar/Documents/Projects/af_file_loader/venv/lib/python3.11/site-packages/airflow/example_dags/subdags/subdag.py
[2023-07-22T17:10:58.950-0500] {processor.py:826} INFO - Processing file /Users/abhishekpatkar/Documents/Projects/af_file_loader/venv/lib/python3.11/site-packages/airflow/example_dags/subdags/subdag.py for tasks to queue
[2023-07-22T17:10:58.950-0500] {logging_mixin.py:150} INFO - [2023-07-22T17:10:58.950-0500] {dagbag.py:541} INFO - Filling up the DagBag from /Users/abhishekpatkar/Documents/Projects/af_file_loader/venv/lib/python3.11/site-packages/airflow/example_dags/subdags/subdag.py
[2023-07-22T17:10:58.953-0500] {processor.py:838} WARNING - No viable dags retrieved from /Users/abhishekpatkar/Documents/Projects/af_file_loader/venv/lib/python3.11/site-packages/airflow/example_dags/subdags/subdag.py
[2023-07-22T17:10:59.623-0500] {processor.py:179} INFO - Processing /Users/abhishekpatkar/Documents/Projects/af_file_loader/venv/lib/python3.11/site-packages/airflow/example_dags/subdags/subdag.py took 0.679 seconds
[2023-07-22T17:12:58.970-0500] {processor.py:157} INFO - Started process (PID=22618) to work on /Users/abhishekpatkar/Documents/Projects/af_file_loader/venv/lib/python3.11/site-packages/airflow/example_dags/subdags/subdag.py
[2023-07-22T17:12:58.974-0500] {processor.py:826} INFO - Processing file /Users/abhishekpatkar/Documents/Projects/af_file_loader/venv/lib/python3.11/site-packages/airflow/example_dags/subdags/subdag.py for tasks to queue
[2023-07-22T17:12:58.974-0500] {logging_mixin.py:150} INFO - [2023-07-22T17:12:58.974-0500] {dagbag.py:541} INFO - Filling up the DagBag from /Users/abhishekpatkar/Documents/Projects/af_file_loader/venv/lib/python3.11/site-packages/airflow/example_dags/subdags/subdag.py
[2023-07-22T17:12:58.977-0500] {processor.py:838} WARNING - No viable dags retrieved from /Users/abhishekpatkar/Documents/Projects/af_file_loader/venv/lib/python3.11/site-packages/airflow/example_dags/subdags/subdag.py
[2023-07-22T17:12:59.647-0500] {processor.py:179} INFO - Processing /Users/abhishekpatkar/Documents/Projects/af_file_loader/venv/lib/python3.11/site-packages/airflow/example_dags/subdags/subdag.py took 0.677 seconds
[2023-07-22T17:14:56.968-0500] {processor.py:157} INFO - Started process (PID=22694) to work on /Users/abhishekpatkar/Documents/Projects/af_file_loader/venv/lib/python3.11/site-packages/airflow/example_dags/subdags/subdag.py
[2023-07-22T17:14:56.973-0500] {processor.py:826} INFO - Processing file /Users/abhishekpatkar/Documents/Projects/af_file_loader/venv/lib/python3.11/site-packages/airflow/example_dags/subdags/subdag.py for tasks to queue
[2023-07-22T17:14:56.973-0500] {logging_mixin.py:150} INFO - [2023-07-22T17:14:56.973-0500] {dagbag.py:541} INFO - Filling up the DagBag from /Users/abhishekpatkar/Documents/Projects/af_file_loader/venv/lib/python3.11/site-packages/airflow/example_dags/subdags/subdag.py
[2023-07-22T17:14:56.977-0500] {processor.py:838} WARNING - No viable dags retrieved from /Users/abhishekpatkar/Documents/Projects/af_file_loader/venv/lib/python3.11/site-packages/airflow/example_dags/subdags/subdag.py
[2023-07-22T17:14:57.668-0500] {processor.py:179} INFO - Processing /Users/abhishekpatkar/Documents/Projects/af_file_loader/venv/lib/python3.11/site-packages/airflow/example_dags/subdags/subdag.py took 0.701 seconds
[2023-07-22T17:17:06.497-0500] {processor.py:157} INFO - Started process (PID=22777) to work on /Users/abhishekpatkar/Documents/Projects/af_file_loader/venv/lib/python3.11/site-packages/airflow/example_dags/subdags/subdag.py
[2023-07-22T17:17:06.508-0500] {processor.py:826} INFO - Processing file /Users/abhishekpatkar/Documents/Projects/af_file_loader/venv/lib/python3.11/site-packages/airflow/example_dags/subdags/subdag.py for tasks to queue
[2023-07-22T17:17:06.509-0500] {logging_mixin.py:150} INFO - [2023-07-22T17:17:06.509-0500] {dagbag.py:541} INFO - Filling up the DagBag from /Users/abhishekpatkar/Documents/Projects/af_file_loader/venv/lib/python3.11/site-packages/airflow/example_dags/subdags/subdag.py
[2023-07-22T17:17:06.512-0500] {processor.py:838} WARNING - No viable dags retrieved from /Users/abhishekpatkar/Documents/Projects/af_file_loader/venv/lib/python3.11/site-packages/airflow/example_dags/subdags/subdag.py
[2023-07-22T17:17:07.407-0500] {processor.py:179} INFO - Processing /Users/abhishekpatkar/Documents/Projects/af_file_loader/venv/lib/python3.11/site-packages/airflow/example_dags/subdags/subdag.py took 0.910 seconds
[2023-07-22T17:19:48.453-0500] {processor.py:157} INFO - Started process (PID=22919) to work on /Users/abhishekpatkar/Documents/Projects/af_file_loader/venv/lib/python3.11/site-packages/airflow/example_dags/subdags/subdag.py
[2023-07-22T17:19:48.459-0500] {processor.py:826} INFO - Processing file /Users/abhishekpatkar/Documents/Projects/af_file_loader/venv/lib/python3.11/site-packages/airflow/example_dags/subdags/subdag.py for tasks to queue
[2023-07-22T17:19:48.459-0500] {logging_mixin.py:150} INFO - [2023-07-22T17:19:48.459-0500] {dagbag.py:541} INFO - Filling up the DagBag from /Users/abhishekpatkar/Documents/Projects/af_file_loader/venv/lib/python3.11/site-packages/airflow/example_dags/subdags/subdag.py
[2023-07-22T17:19:48.461-0500] {processor.py:838} WARNING - No viable dags retrieved from /Users/abhishekpatkar/Documents/Projects/af_file_loader/venv/lib/python3.11/site-packages/airflow/example_dags/subdags/subdag.py
[2023-07-22T17:19:49.165-0500] {processor.py:179} INFO - Processing /Users/abhishekpatkar/Documents/Projects/af_file_loader/venv/lib/python3.11/site-packages/airflow/example_dags/subdags/subdag.py took 0.714 seconds
[2023-07-22T17:21:51.339-0500] {processor.py:157} INFO - Started process (PID=23008) to work on /Users/abhishekpatkar/Documents/Projects/af_file_loader/venv/lib/python3.11/site-packages/airflow/example_dags/subdags/subdag.py
[2023-07-22T17:21:51.344-0500] {processor.py:826} INFO - Processing file /Users/abhishekpatkar/Documents/Projects/af_file_loader/venv/lib/python3.11/site-packages/airflow/example_dags/subdags/subdag.py for tasks to queue
[2023-07-22T17:21:51.345-0500] {logging_mixin.py:150} INFO - [2023-07-22T17:21:51.345-0500] {dagbag.py:541} INFO - Filling up the DagBag from /Users/abhishekpatkar/Documents/Projects/af_file_loader/venv/lib/python3.11/site-packages/airflow/example_dags/subdags/subdag.py
[2023-07-22T17:21:51.347-0500] {processor.py:838} WARNING - No viable dags retrieved from /Users/abhishekpatkar/Documents/Projects/af_file_loader/venv/lib/python3.11/site-packages/airflow/example_dags/subdags/subdag.py
[2023-07-22T17:21:52.046-0500] {processor.py:179} INFO - Processing /Users/abhishekpatkar/Documents/Projects/af_file_loader/venv/lib/python3.11/site-packages/airflow/example_dags/subdags/subdag.py took 0.707 seconds
[2023-07-22T17:25:21.696-0500] {processor.py:157} INFO - Started process (PID=23174) to work on /Users/abhishekpatkar/Documents/Projects/af_file_loader/venv/lib/python3.11/site-packages/airflow/example_dags/subdags/subdag.py
[2023-07-22T17:25:21.714-0500] {processor.py:826} INFO - Processing file /Users/abhishekpatkar/Documents/Projects/af_file_loader/venv/lib/python3.11/site-packages/airflow/example_dags/subdags/subdag.py for tasks to queue
[2023-07-22T17:25:21.718-0500] {logging_mixin.py:150} INFO - [2023-07-22T17:25:21.717-0500] {dagbag.py:541} INFO - Filling up the DagBag from /Users/abhishekpatkar/Documents/Projects/af_file_loader/venv/lib/python3.11/site-packages/airflow/example_dags/subdags/subdag.py
[2023-07-22T17:25:21.722-0500] {processor.py:838} WARNING - No viable dags retrieved from /Users/abhishekpatkar/Documents/Projects/af_file_loader/venv/lib/python3.11/site-packages/airflow/example_dags/subdags/subdag.py
[2023-07-22T17:25:24.058-0500] {processor.py:179} INFO - Processing /Users/abhishekpatkar/Documents/Projects/af_file_loader/venv/lib/python3.11/site-packages/airflow/example_dags/subdags/subdag.py took 2.370 seconds
[2023-07-22T17:30:10.456-0500] {processor.py:157} INFO - Started process (PID=23341) to work on /Users/abhishekpatkar/Documents/Projects/af_file_loader/venv/lib/python3.11/site-packages/airflow/example_dags/subdags/subdag.py
[2023-07-22T17:30:10.459-0500] {processor.py:826} INFO - Processing file /Users/abhishekpatkar/Documents/Projects/af_file_loader/venv/lib/python3.11/site-packages/airflow/example_dags/subdags/subdag.py for tasks to queue
[2023-07-22T17:30:10.460-0500] {logging_mixin.py:150} INFO - [2023-07-22T17:30:10.460-0500] {dagbag.py:541} INFO - Filling up the DagBag from /Users/abhishekpatkar/Documents/Projects/af_file_loader/venv/lib/python3.11/site-packages/airflow/example_dags/subdags/subdag.py
[2023-07-22T17:30:10.462-0500] {processor.py:838} WARNING - No viable dags retrieved from /Users/abhishekpatkar/Documents/Projects/af_file_loader/venv/lib/python3.11/site-packages/airflow/example_dags/subdags/subdag.py
[2023-07-22T17:30:11.193-0500] {processor.py:179} INFO - Processing /Users/abhishekpatkar/Documents/Projects/af_file_loader/venv/lib/python3.11/site-packages/airflow/example_dags/subdags/subdag.py took 0.738 seconds
[2023-07-22T17:32:21.359-0500] {processor.py:157} INFO - Started process (PID=23436) to work on /Users/abhishekpatkar/Documents/Projects/af_file_loader/venv/lib/python3.11/site-packages/airflow/example_dags/subdags/subdag.py
[2023-07-22T17:32:21.364-0500] {processor.py:826} INFO - Processing file /Users/abhishekpatkar/Documents/Projects/af_file_loader/venv/lib/python3.11/site-packages/airflow/example_dags/subdags/subdag.py for tasks to queue
[2023-07-22T17:32:21.364-0500] {logging_mixin.py:150} INFO - [2023-07-22T17:32:21.364-0500] {dagbag.py:541} INFO - Filling up the DagBag from /Users/abhishekpatkar/Documents/Projects/af_file_loader/venv/lib/python3.11/site-packages/airflow/example_dags/subdags/subdag.py
[2023-07-22T17:32:21.367-0500] {processor.py:838} WARNING - No viable dags retrieved from /Users/abhishekpatkar/Documents/Projects/af_file_loader/venv/lib/python3.11/site-packages/airflow/example_dags/subdags/subdag.py
[2023-07-22T17:32:22.280-0500] {processor.py:179} INFO - Processing /Users/abhishekpatkar/Documents/Projects/af_file_loader/venv/lib/python3.11/site-packages/airflow/example_dags/subdags/subdag.py took 0.922 seconds
[2023-07-22T17:34:19.233-0500] {processor.py:157} INFO - Started process (PID=23511) to work on /Users/abhishekpatkar/Documents/Projects/af_file_loader/venv/lib/python3.11/site-packages/airflow/example_dags/subdags/subdag.py
[2023-07-22T17:34:19.238-0500] {processor.py:826} INFO - Processing file /Users/abhishekpatkar/Documents/Projects/af_file_loader/venv/lib/python3.11/site-packages/airflow/example_dags/subdags/subdag.py for tasks to queue
[2023-07-22T17:34:19.238-0500] {logging_mixin.py:150} INFO - [2023-07-22T17:34:19.238-0500] {dagbag.py:541} INFO - Filling up the DagBag from /Users/abhishekpatkar/Documents/Projects/af_file_loader/venv/lib/python3.11/site-packages/airflow/example_dags/subdags/subdag.py
[2023-07-22T17:34:19.241-0500] {processor.py:838} WARNING - No viable dags retrieved from /Users/abhishekpatkar/Documents/Projects/af_file_loader/venv/lib/python3.11/site-packages/airflow/example_dags/subdags/subdag.py
[2023-07-22T17:34:19.881-0500] {processor.py:179} INFO - Processing /Users/abhishekpatkar/Documents/Projects/af_file_loader/venv/lib/python3.11/site-packages/airflow/example_dags/subdags/subdag.py took 0.648 seconds
[2023-07-22T17:36:50.840-0500] {processor.py:157} INFO - Started process (PID=23604) to work on /Users/abhishekpatkar/Documents/Projects/af_file_loader/venv/lib/python3.11/site-packages/airflow/example_dags/subdags/subdag.py
[2023-07-22T17:36:50.845-0500] {processor.py:826} INFO - Processing file /Users/abhishekpatkar/Documents/Projects/af_file_loader/venv/lib/python3.11/site-packages/airflow/example_dags/subdags/subdag.py for tasks to queue
[2023-07-22T17:36:50.846-0500] {logging_mixin.py:150} INFO - [2023-07-22T17:36:50.846-0500] {dagbag.py:541} INFO - Filling up the DagBag from /Users/abhishekpatkar/Documents/Projects/af_file_loader/venv/lib/python3.11/site-packages/airflow/example_dags/subdags/subdag.py
[2023-07-22T17:36:50.855-0500] {processor.py:838} WARNING - No viable dags retrieved from /Users/abhishekpatkar/Documents/Projects/af_file_loader/venv/lib/python3.11/site-packages/airflow/example_dags/subdags/subdag.py
[2023-07-22T17:36:52.580-0500] {processor.py:179} INFO - Processing /Users/abhishekpatkar/Documents/Projects/af_file_loader/venv/lib/python3.11/site-packages/airflow/example_dags/subdags/subdag.py took 1.742 seconds
[2023-07-22T17:41:41.729-0500] {processor.py:157} INFO - Started process (PID=23809) to work on /Users/abhishekpatkar/Documents/Projects/af_file_loader/venv/lib/python3.11/site-packages/airflow/example_dags/subdags/subdag.py
[2023-07-22T17:41:41.739-0500] {processor.py:826} INFO - Processing file /Users/abhishekpatkar/Documents/Projects/af_file_loader/venv/lib/python3.11/site-packages/airflow/example_dags/subdags/subdag.py for tasks to queue
[2023-07-22T17:41:41.740-0500] {logging_mixin.py:150} INFO - [2023-07-22T17:41:41.740-0500] {dagbag.py:541} INFO - Filling up the DagBag from /Users/abhishekpatkar/Documents/Projects/af_file_loader/venv/lib/python3.11/site-packages/airflow/example_dags/subdags/subdag.py
[2023-07-22T17:41:41.747-0500] {processor.py:838} WARNING - No viable dags retrieved from /Users/abhishekpatkar/Documents/Projects/af_file_loader/venv/lib/python3.11/site-packages/airflow/example_dags/subdags/subdag.py
[2023-07-22T17:41:46.071-0500] {processor.py:179} INFO - Processing /Users/abhishekpatkar/Documents/Projects/af_file_loader/venv/lib/python3.11/site-packages/airflow/example_dags/subdags/subdag.py took 4.346 seconds
[2023-07-22T17:50:17.471-0500] {processor.py:157} INFO - Started process (PID=24197) to work on /Users/abhishekpatkar/Documents/Projects/af_file_loader/venv/lib/python3.11/site-packages/airflow/example_dags/subdags/subdag.py
[2023-07-22T17:50:17.484-0500] {processor.py:826} INFO - Processing file /Users/abhishekpatkar/Documents/Projects/af_file_loader/venv/lib/python3.11/site-packages/airflow/example_dags/subdags/subdag.py for tasks to queue
[2023-07-22T17:50:17.488-0500] {logging_mixin.py:150} INFO - [2023-07-22T17:50:17.488-0500] {dagbag.py:541} INFO - Filling up the DagBag from /Users/abhishekpatkar/Documents/Projects/af_file_loader/venv/lib/python3.11/site-packages/airflow/example_dags/subdags/subdag.py
[2023-07-22T17:50:17.495-0500] {processor.py:838} WARNING - No viable dags retrieved from /Users/abhishekpatkar/Documents/Projects/af_file_loader/venv/lib/python3.11/site-packages/airflow/example_dags/subdags/subdag.py
[2023-07-22T17:50:19.962-0500] {processor.py:179} INFO - Processing /Users/abhishekpatkar/Documents/Projects/af_file_loader/venv/lib/python3.11/site-packages/airflow/example_dags/subdags/subdag.py took 2.495 seconds
[2023-07-22T17:54:28.720-0500] {processor.py:157} INFO - Started process (PID=24436) to work on /Users/abhishekpatkar/Documents/Projects/af_file_loader/venv/lib/python3.11/site-packages/airflow/example_dags/subdags/subdag.py
[2023-07-22T17:54:28.724-0500] {processor.py:826} INFO - Processing file /Users/abhishekpatkar/Documents/Projects/af_file_loader/venv/lib/python3.11/site-packages/airflow/example_dags/subdags/subdag.py for tasks to queue
[2023-07-22T17:54:28.725-0500] {logging_mixin.py:150} INFO - [2023-07-22T17:54:28.724-0500] {dagbag.py:541} INFO - Filling up the DagBag from /Users/abhishekpatkar/Documents/Projects/af_file_loader/venv/lib/python3.11/site-packages/airflow/example_dags/subdags/subdag.py
[2023-07-22T17:54:28.730-0500] {processor.py:838} WARNING - No viable dags retrieved from /Users/abhishekpatkar/Documents/Projects/af_file_loader/venv/lib/python3.11/site-packages/airflow/example_dags/subdags/subdag.py
[2023-07-22T17:54:29.969-0500] {processor.py:179} INFO - Processing /Users/abhishekpatkar/Documents/Projects/af_file_loader/venv/lib/python3.11/site-packages/airflow/example_dags/subdags/subdag.py took 1.250 seconds
[2023-07-22T18:00:05.441-0500] {processor.py:157} INFO - Started process (PID=24671) to work on /Users/abhishekpatkar/Documents/Projects/af_file_loader/venv/lib/python3.11/site-packages/airflow/example_dags/subdags/subdag.py
[2023-07-22T18:00:05.454-0500] {processor.py:826} INFO - Processing file /Users/abhishekpatkar/Documents/Projects/af_file_loader/venv/lib/python3.11/site-packages/airflow/example_dags/subdags/subdag.py for tasks to queue
[2023-07-22T18:00:05.454-0500] {logging_mixin.py:150} INFO - [2023-07-22T18:00:05.454-0500] {dagbag.py:541} INFO - Filling up the DagBag from /Users/abhishekpatkar/Documents/Projects/af_file_loader/venv/lib/python3.11/site-packages/airflow/example_dags/subdags/subdag.py
[2023-07-22T18:00:05.459-0500] {processor.py:838} WARNING - No viable dags retrieved from /Users/abhishekpatkar/Documents/Projects/af_file_loader/venv/lib/python3.11/site-packages/airflow/example_dags/subdags/subdag.py
[2023-07-22T18:00:08.241-0500] {processor.py:179} INFO - Processing /Users/abhishekpatkar/Documents/Projects/af_file_loader/venv/lib/python3.11/site-packages/airflow/example_dags/subdags/subdag.py took 2.802 seconds
[2023-07-22T18:04:13.012-0500] {processor.py:157} INFO - Started process (PID=24820) to work on /Users/abhishekpatkar/Documents/Projects/af_file_loader/venv/lib/python3.11/site-packages/airflow/example_dags/subdags/subdag.py
[2023-07-22T18:04:13.017-0500] {processor.py:826} INFO - Processing file /Users/abhishekpatkar/Documents/Projects/af_file_loader/venv/lib/python3.11/site-packages/airflow/example_dags/subdags/subdag.py for tasks to queue
[2023-07-22T18:04:13.018-0500] {logging_mixin.py:150} INFO - [2023-07-22T18:04:13.017-0500] {dagbag.py:541} INFO - Filling up the DagBag from /Users/abhishekpatkar/Documents/Projects/af_file_loader/venv/lib/python3.11/site-packages/airflow/example_dags/subdags/subdag.py
[2023-07-22T18:04:13.020-0500] {processor.py:838} WARNING - No viable dags retrieved from /Users/abhishekpatkar/Documents/Projects/af_file_loader/venv/lib/python3.11/site-packages/airflow/example_dags/subdags/subdag.py
[2023-07-22T18:04:14.003-0500] {processor.py:179} INFO - Processing /Users/abhishekpatkar/Documents/Projects/af_file_loader/venv/lib/python3.11/site-packages/airflow/example_dags/subdags/subdag.py took 0.991 seconds
[2023-07-22T18:07:14.436-0500] {processor.py:157} INFO - Started process (PID=24920) to work on /Users/abhishekpatkar/Documents/Projects/af_file_loader/venv/lib/python3.11/site-packages/airflow/example_dags/subdags/subdag.py
[2023-07-22T18:07:14.441-0500] {processor.py:826} INFO - Processing file /Users/abhishekpatkar/Documents/Projects/af_file_loader/venv/lib/python3.11/site-packages/airflow/example_dags/subdags/subdag.py for tasks to queue
[2023-07-22T18:07:14.442-0500] {logging_mixin.py:150} INFO - [2023-07-22T18:07:14.442-0500] {dagbag.py:541} INFO - Filling up the DagBag from /Users/abhishekpatkar/Documents/Projects/af_file_loader/venv/lib/python3.11/site-packages/airflow/example_dags/subdags/subdag.py
[2023-07-22T18:07:14.444-0500] {processor.py:838} WARNING - No viable dags retrieved from /Users/abhishekpatkar/Documents/Projects/af_file_loader/venv/lib/python3.11/site-packages/airflow/example_dags/subdags/subdag.py
[2023-07-22T18:07:16.084-0500] {processor.py:179} INFO - Processing /Users/abhishekpatkar/Documents/Projects/af_file_loader/venv/lib/python3.11/site-packages/airflow/example_dags/subdags/subdag.py took 1.649 seconds
