[2023-07-22T14:49:48.487-0500] {processor.py:157} INFO - Started process (PID=16548) to work on /Users/abhishekpatkar/Documents/Projects/af_file_loader/venv/lib/python3.11/site-packages/airflow/example_dags/plugins/event_listener.py
[2023-07-22T14:49:48.492-0500] {processor.py:826} INFO - Processing file /Users/abhishekpatkar/Documents/Projects/af_file_loader/venv/lib/python3.11/site-packages/airflow/example_dags/plugins/event_listener.py for tasks to queue
[2023-07-22T14:49:48.493-0500] {logging_mixin.py:150} INFO - [2023-07-22T14:49:48.492-0500] {dagbag.py:541} INFO - Filling up the DagBag from /Users/abhishekpatkar/Documents/Projects/af_file_loader/venv/lib/python3.11/site-packages/airflow/example_dags/plugins/event_listener.py
[2023-07-22T14:49:48.494-0500] {processor.py:838} WARNING - No viable dags retrieved from /Users/abhishekpatkar/Documents/Projects/af_file_loader/venv/lib/python3.11/site-packages/airflow/example_dags/plugins/event_listener.py
[2023-07-22T14:49:49.764-0500] {processor.py:179} INFO - Processing /Users/abhishekpatkar/Documents/Projects/af_file_loader/venv/lib/python3.11/site-packages/airflow/example_dags/plugins/event_listener.py took 1.279 seconds
[2023-07-22T14:53:21.404-0500] {processor.py:157} INFO - Started process (PID=16722) to work on /Users/abhishekpatkar/Documents/Projects/af_file_loader/venv/lib/python3.11/site-packages/airflow/example_dags/plugins/event_listener.py
[2023-07-22T14:53:21.410-0500] {processor.py:826} INFO - Processing file /Users/abhishekpatkar/Documents/Projects/af_file_loader/venv/lib/python3.11/site-packages/airflow/example_dags/plugins/event_listener.py for tasks to queue
[2023-07-22T14:53:21.411-0500] {logging_mixin.py:150} INFO - [2023-07-22T14:53:21.411-0500] {dagbag.py:541} INFO - Filling up the DagBag from /Users/abhishekpatkar/Documents/Projects/af_file_loader/venv/lib/python3.11/site-packages/airflow/example_dags/plugins/event_listener.py
[2023-07-22T14:53:21.413-0500] {processor.py:838} WARNING - No viable dags retrieved from /Users/abhishekpatkar/Documents/Projects/af_file_loader/venv/lib/python3.11/site-packages/airflow/example_dags/plugins/event_listener.py
[2023-07-22T14:53:22.282-0500] {processor.py:179} INFO - Processing /Users/abhishekpatkar/Documents/Projects/af_file_loader/venv/lib/python3.11/site-packages/airflow/example_dags/plugins/event_listener.py took 0.879 seconds
[2023-07-22T14:56:08.774-0500] {processor.py:157} INFO - Started process (PID=16937) to work on /Users/abhishekpatkar/Documents/Projects/af_file_loader/venv/lib/python3.11/site-packages/airflow/example_dags/plugins/event_listener.py
[2023-07-22T14:56:08.782-0500] {processor.py:826} INFO - Processing file /Users/abhishekpatkar/Documents/Projects/af_file_loader/venv/lib/python3.11/site-packages/airflow/example_dags/plugins/event_listener.py for tasks to queue
[2023-07-22T14:56:08.783-0500] {logging_mixin.py:150} INFO - [2023-07-22T14:56:08.783-0500] {dagbag.py:541} INFO - Filling up the DagBag from /Users/abhishekpatkar/Documents/Projects/af_file_loader/venv/lib/python3.11/site-packages/airflow/example_dags/plugins/event_listener.py
[2023-07-22T14:56:08.785-0500] {processor.py:838} WARNING - No viable dags retrieved from /Users/abhishekpatkar/Documents/Projects/af_file_loader/venv/lib/python3.11/site-packages/airflow/example_dags/plugins/event_listener.py
[2023-07-22T14:56:09.925-0500] {processor.py:179} INFO - Processing /Users/abhishekpatkar/Documents/Projects/af_file_loader/venv/lib/python3.11/site-packages/airflow/example_dags/plugins/event_listener.py took 1.152 seconds
[2023-07-22T14:58:41.980-0500] {processor.py:157} INFO - Started process (PID=17030) to work on /Users/abhishekpatkar/Documents/Projects/af_file_loader/venv/lib/python3.11/site-packages/airflow/example_dags/plugins/event_listener.py
[2023-07-22T14:58:41.984-0500] {processor.py:826} INFO - Processing file /Users/abhishekpatkar/Documents/Projects/af_file_loader/venv/lib/python3.11/site-packages/airflow/example_dags/plugins/event_listener.py for tasks to queue
[2023-07-22T14:58:41.984-0500] {logging_mixin.py:150} INFO - [2023-07-22T14:58:41.984-0500] {dagbag.py:541} INFO - Filling up the DagBag from /Users/abhishekpatkar/Documents/Projects/af_file_loader/venv/lib/python3.11/site-packages/airflow/example_dags/plugins/event_listener.py
[2023-07-22T14:58:41.986-0500] {processor.py:838} WARNING - No viable dags retrieved from /Users/abhishekpatkar/Documents/Projects/af_file_loader/venv/lib/python3.11/site-packages/airflow/example_dags/plugins/event_listener.py
[2023-07-22T14:58:42.719-0500] {processor.py:179} INFO - Processing /Users/abhishekpatkar/Documents/Projects/af_file_loader/venv/lib/python3.11/site-packages/airflow/example_dags/plugins/event_listener.py took 0.740 seconds
[2023-07-22T15:01:02.910-0500] {processor.py:157} INFO - Started process (PID=17111) to work on /Users/abhishekpatkar/Documents/Projects/af_file_loader/venv/lib/python3.11/site-packages/airflow/example_dags/plugins/event_listener.py
[2023-07-22T15:01:02.925-0500] {processor.py:826} INFO - Processing file /Users/abhishekpatkar/Documents/Projects/af_file_loader/venv/lib/python3.11/site-packages/airflow/example_dags/plugins/event_listener.py for tasks to queue
[2023-07-22T15:01:02.926-0500] {logging_mixin.py:150} INFO - [2023-07-22T15:01:02.926-0500] {dagbag.py:541} INFO - Filling up the DagBag from /Users/abhishekpatkar/Documents/Projects/af_file_loader/venv/lib/python3.11/site-packages/airflow/example_dags/plugins/event_listener.py
[2023-07-22T15:01:02.927-0500] {processor.py:838} WARNING - No viable dags retrieved from /Users/abhishekpatkar/Documents/Projects/af_file_loader/venv/lib/python3.11/site-packages/airflow/example_dags/plugins/event_listener.py
[2023-07-22T15:01:04.092-0500] {processor.py:179} INFO - Processing /Users/abhishekpatkar/Documents/Projects/af_file_loader/venv/lib/python3.11/site-packages/airflow/example_dags/plugins/event_listener.py took 1.185 seconds
[2023-07-22T15:03:31.886-0500] {processor.py:157} INFO - Started process (PID=17374) to work on /Users/abhishekpatkar/Documents/Projects/af_file_loader/venv/lib/python3.11/site-packages/airflow/example_dags/plugins/event_listener.py
[2023-07-22T15:03:31.890-0500] {processor.py:826} INFO - Processing file /Users/abhishekpatkar/Documents/Projects/af_file_loader/venv/lib/python3.11/site-packages/airflow/example_dags/plugins/event_listener.py for tasks to queue
[2023-07-22T15:03:31.891-0500] {logging_mixin.py:150} INFO - [2023-07-22T15:03:31.891-0500] {dagbag.py:541} INFO - Filling up the DagBag from /Users/abhishekpatkar/Documents/Projects/af_file_loader/venv/lib/python3.11/site-packages/airflow/example_dags/plugins/event_listener.py
[2023-07-22T15:03:31.893-0500] {processor.py:838} WARNING - No viable dags retrieved from /Users/abhishekpatkar/Documents/Projects/af_file_loader/venv/lib/python3.11/site-packages/airflow/example_dags/plugins/event_listener.py
[2023-07-22T15:03:32.873-0500] {processor.py:179} INFO - Processing /Users/abhishekpatkar/Documents/Projects/af_file_loader/venv/lib/python3.11/site-packages/airflow/example_dags/plugins/event_listener.py took 0.987 seconds
[2023-07-22T15:06:59.764-0500] {processor.py:157} INFO - Started process (PID=17641) to work on /Users/abhishekpatkar/Documents/Projects/af_file_loader/venv/lib/python3.11/site-packages/airflow/example_dags/plugins/event_listener.py
[2023-07-22T15:06:59.771-0500] {processor.py:826} INFO - Processing file /Users/abhishekpatkar/Documents/Projects/af_file_loader/venv/lib/python3.11/site-packages/airflow/example_dags/plugins/event_listener.py for tasks to queue
[2023-07-22T15:06:59.772-0500] {logging_mixin.py:150} INFO - [2023-07-22T15:06:59.772-0500] {dagbag.py:541} INFO - Filling up the DagBag from /Users/abhishekpatkar/Documents/Projects/af_file_loader/venv/lib/python3.11/site-packages/airflow/example_dags/plugins/event_listener.py
[2023-07-22T15:06:59.774-0500] {processor.py:838} WARNING - No viable dags retrieved from /Users/abhishekpatkar/Documents/Projects/af_file_loader/venv/lib/python3.11/site-packages/airflow/example_dags/plugins/event_listener.py
[2023-07-22T15:07:03.049-0500] {processor.py:179} INFO - Processing /Users/abhishekpatkar/Documents/Projects/af_file_loader/venv/lib/python3.11/site-packages/airflow/example_dags/plugins/event_listener.py took 3.286 seconds
[2023-07-22T15:12:10.569-0500] {processor.py:157} INFO - Started process (PID=17856) to work on /Users/abhishekpatkar/Documents/Projects/af_file_loader/venv/lib/python3.11/site-packages/airflow/example_dags/plugins/event_listener.py
[2023-07-22T15:12:10.573-0500] {processor.py:826} INFO - Processing file /Users/abhishekpatkar/Documents/Projects/af_file_loader/venv/lib/python3.11/site-packages/airflow/example_dags/plugins/event_listener.py for tasks to queue
[2023-07-22T15:12:10.573-0500] {logging_mixin.py:150} INFO - [2023-07-22T15:12:10.573-0500] {dagbag.py:541} INFO - Filling up the DagBag from /Users/abhishekpatkar/Documents/Projects/af_file_loader/venv/lib/python3.11/site-packages/airflow/example_dags/plugins/event_listener.py
[2023-07-22T15:12:10.575-0500] {processor.py:838} WARNING - No viable dags retrieved from /Users/abhishekpatkar/Documents/Projects/af_file_loader/venv/lib/python3.11/site-packages/airflow/example_dags/plugins/event_listener.py
[2023-07-22T15:12:11.590-0500] {processor.py:179} INFO - Processing /Users/abhishekpatkar/Documents/Projects/af_file_loader/venv/lib/python3.11/site-packages/airflow/example_dags/plugins/event_listener.py took 1.022 seconds
[2023-07-22T15:14:48.982-0500] {processor.py:157} INFO - Started process (PID=17947) to work on /Users/abhishekpatkar/Documents/Projects/af_file_loader/venv/lib/python3.11/site-packages/airflow/example_dags/plugins/event_listener.py
[2023-07-22T15:14:48.987-0500] {processor.py:826} INFO - Processing file /Users/abhishekpatkar/Documents/Projects/af_file_loader/venv/lib/python3.11/site-packages/airflow/example_dags/plugins/event_listener.py for tasks to queue
[2023-07-22T15:14:48.988-0500] {logging_mixin.py:150} INFO - [2023-07-22T15:14:48.988-0500] {dagbag.py:541} INFO - Filling up the DagBag from /Users/abhishekpatkar/Documents/Projects/af_file_loader/venv/lib/python3.11/site-packages/airflow/example_dags/plugins/event_listener.py
[2023-07-22T15:14:48.989-0500] {processor.py:838} WARNING - No viable dags retrieved from /Users/abhishekpatkar/Documents/Projects/af_file_loader/venv/lib/python3.11/site-packages/airflow/example_dags/plugins/event_listener.py
[2023-07-22T15:14:50.110-0500] {processor.py:179} INFO - Processing /Users/abhishekpatkar/Documents/Projects/af_file_loader/venv/lib/python3.11/site-packages/airflow/example_dags/plugins/event_listener.py took 1.130 seconds
[2023-07-22T15:17:41.084-0500] {processor.py:157} INFO - Started process (PID=18047) to work on /Users/abhishekpatkar/Documents/Projects/af_file_loader/venv/lib/python3.11/site-packages/airflow/example_dags/plugins/event_listener.py
[2023-07-22T15:17:41.090-0500] {processor.py:826} INFO - Processing file /Users/abhishekpatkar/Documents/Projects/af_file_loader/venv/lib/python3.11/site-packages/airflow/example_dags/plugins/event_listener.py for tasks to queue
[2023-07-22T15:17:41.091-0500] {logging_mixin.py:150} INFO - [2023-07-22T15:17:41.090-0500] {dagbag.py:541} INFO - Filling up the DagBag from /Users/abhishekpatkar/Documents/Projects/af_file_loader/venv/lib/python3.11/site-packages/airflow/example_dags/plugins/event_listener.py
[2023-07-22T15:17:41.093-0500] {processor.py:838} WARNING - No viable dags retrieved from /Users/abhishekpatkar/Documents/Projects/af_file_loader/venv/lib/python3.11/site-packages/airflow/example_dags/plugins/event_listener.py
[2023-07-22T15:17:41.843-0500] {processor.py:179} INFO - Processing /Users/abhishekpatkar/Documents/Projects/af_file_loader/venv/lib/python3.11/site-packages/airflow/example_dags/plugins/event_listener.py took 0.761 seconds
[2023-07-22T15:20:31.871-0500] {processor.py:157} INFO - Started process (PID=18151) to work on /Users/abhishekpatkar/Documents/Projects/af_file_loader/venv/lib/python3.11/site-packages/airflow/example_dags/plugins/event_listener.py
[2023-07-22T15:20:31.874-0500] {processor.py:826} INFO - Processing file /Users/abhishekpatkar/Documents/Projects/af_file_loader/venv/lib/python3.11/site-packages/airflow/example_dags/plugins/event_listener.py for tasks to queue
[2023-07-22T15:20:31.875-0500] {logging_mixin.py:150} INFO - [2023-07-22T15:20:31.875-0500] {dagbag.py:541} INFO - Filling up the DagBag from /Users/abhishekpatkar/Documents/Projects/af_file_loader/venv/lib/python3.11/site-packages/airflow/example_dags/plugins/event_listener.py
[2023-07-22T15:20:31.877-0500] {processor.py:838} WARNING - No viable dags retrieved from /Users/abhishekpatkar/Documents/Projects/af_file_loader/venv/lib/python3.11/site-packages/airflow/example_dags/plugins/event_listener.py
[2023-07-22T15:20:32.559-0500] {processor.py:179} INFO - Processing /Users/abhishekpatkar/Documents/Projects/af_file_loader/venv/lib/python3.11/site-packages/airflow/example_dags/plugins/event_listener.py took 0.690 seconds
[2023-07-22T15:23:03.980-0500] {processor.py:157} INFO - Started process (PID=18244) to work on /Users/abhishekpatkar/Documents/Projects/af_file_loader/venv/lib/python3.11/site-packages/airflow/example_dags/plugins/event_listener.py
[2023-07-22T15:23:03.984-0500] {processor.py:826} INFO - Processing file /Users/abhishekpatkar/Documents/Projects/af_file_loader/venv/lib/python3.11/site-packages/airflow/example_dags/plugins/event_listener.py for tasks to queue
[2023-07-22T15:23:03.985-0500] {logging_mixin.py:150} INFO - [2023-07-22T15:23:03.985-0500] {dagbag.py:541} INFO - Filling up the DagBag from /Users/abhishekpatkar/Documents/Projects/af_file_loader/venv/lib/python3.11/site-packages/airflow/example_dags/plugins/event_listener.py
[2023-07-22T15:23:03.987-0500] {processor.py:838} WARNING - No viable dags retrieved from /Users/abhishekpatkar/Documents/Projects/af_file_loader/venv/lib/python3.11/site-packages/airflow/example_dags/plugins/event_listener.py
[2023-07-22T15:23:04.849-0500] {processor.py:179} INFO - Processing /Users/abhishekpatkar/Documents/Projects/af_file_loader/venv/lib/python3.11/site-packages/airflow/example_dags/plugins/event_listener.py took 0.871 seconds
[2023-07-22T15:25:13.681-0500] {processor.py:157} INFO - Started process (PID=18334) to work on /Users/abhishekpatkar/Documents/Projects/af_file_loader/venv/lib/python3.11/site-packages/airflow/example_dags/plugins/event_listener.py
[2023-07-22T15:25:13.685-0500] {processor.py:826} INFO - Processing file /Users/abhishekpatkar/Documents/Projects/af_file_loader/venv/lib/python3.11/site-packages/airflow/example_dags/plugins/event_listener.py for tasks to queue
[2023-07-22T15:25:13.686-0500] {logging_mixin.py:150} INFO - [2023-07-22T15:25:13.686-0500] {dagbag.py:541} INFO - Filling up the DagBag from /Users/abhishekpatkar/Documents/Projects/af_file_loader/venv/lib/python3.11/site-packages/airflow/example_dags/plugins/event_listener.py
[2023-07-22T15:25:13.687-0500] {processor.py:838} WARNING - No viable dags retrieved from /Users/abhishekpatkar/Documents/Projects/af_file_loader/venv/lib/python3.11/site-packages/airflow/example_dags/plugins/event_listener.py
[2023-07-22T15:25:14.412-0500] {processor.py:179} INFO - Processing /Users/abhishekpatkar/Documents/Projects/af_file_loader/venv/lib/python3.11/site-packages/airflow/example_dags/plugins/event_listener.py took 0.732 seconds
[2023-07-22T15:28:41.987-0500] {processor.py:157} INFO - Started process (PID=18624) to work on /Users/abhishekpatkar/Documents/Projects/af_file_loader/venv/lib/python3.11/site-packages/airflow/example_dags/plugins/event_listener.py
[2023-07-22T15:28:41.992-0500] {processor.py:826} INFO - Processing file /Users/abhishekpatkar/Documents/Projects/af_file_loader/venv/lib/python3.11/site-packages/airflow/example_dags/plugins/event_listener.py for tasks to queue
[2023-07-22T15:28:41.992-0500] {logging_mixin.py:150} INFO - [2023-07-22T15:28:41.992-0500] {dagbag.py:541} INFO - Filling up the DagBag from /Users/abhishekpatkar/Documents/Projects/af_file_loader/venv/lib/python3.11/site-packages/airflow/example_dags/plugins/event_listener.py
[2023-07-22T15:28:41.994-0500] {processor.py:838} WARNING - No viable dags retrieved from /Users/abhishekpatkar/Documents/Projects/af_file_loader/venv/lib/python3.11/site-packages/airflow/example_dags/plugins/event_listener.py
[2023-07-22T15:28:42.874-0500] {processor.py:179} INFO - Processing /Users/abhishekpatkar/Documents/Projects/af_file_loader/venv/lib/python3.11/site-packages/airflow/example_dags/plugins/event_listener.py took 0.889 seconds
[2023-07-22T15:31:39.787-0500] {processor.py:157} INFO - Started process (PID=18807) to work on /Users/abhishekpatkar/Documents/Projects/af_file_loader/venv/lib/python3.11/site-packages/airflow/example_dags/plugins/event_listener.py
[2023-07-22T15:31:39.792-0500] {processor.py:826} INFO - Processing file /Users/abhishekpatkar/Documents/Projects/af_file_loader/venv/lib/python3.11/site-packages/airflow/example_dags/plugins/event_listener.py for tasks to queue
[2023-07-22T15:31:39.793-0500] {logging_mixin.py:150} INFO - [2023-07-22T15:31:39.793-0500] {dagbag.py:541} INFO - Filling up the DagBag from /Users/abhishekpatkar/Documents/Projects/af_file_loader/venv/lib/python3.11/site-packages/airflow/example_dags/plugins/event_listener.py
[2023-07-22T15:31:39.794-0500] {processor.py:838} WARNING - No viable dags retrieved from /Users/abhishekpatkar/Documents/Projects/af_file_loader/venv/lib/python3.11/site-packages/airflow/example_dags/plugins/event_listener.py
[2023-07-22T15:31:40.445-0500] {processor.py:179} INFO - Processing /Users/abhishekpatkar/Documents/Projects/af_file_loader/venv/lib/python3.11/site-packages/airflow/example_dags/plugins/event_listener.py took 0.659 seconds
[2023-07-22T15:33:35.895-0500] {processor.py:157} INFO - Started process (PID=18880) to work on /Users/abhishekpatkar/Documents/Projects/af_file_loader/venv/lib/python3.11/site-packages/airflow/example_dags/plugins/event_listener.py
[2023-07-22T15:33:35.899-0500] {processor.py:826} INFO - Processing file /Users/abhishekpatkar/Documents/Projects/af_file_loader/venv/lib/python3.11/site-packages/airflow/example_dags/plugins/event_listener.py for tasks to queue
[2023-07-22T15:33:35.900-0500] {logging_mixin.py:150} INFO - [2023-07-22T15:33:35.900-0500] {dagbag.py:541} INFO - Filling up the DagBag from /Users/abhishekpatkar/Documents/Projects/af_file_loader/venv/lib/python3.11/site-packages/airflow/example_dags/plugins/event_listener.py
[2023-07-22T15:33:35.901-0500] {processor.py:838} WARNING - No viable dags retrieved from /Users/abhishekpatkar/Documents/Projects/af_file_loader/venv/lib/python3.11/site-packages/airflow/example_dags/plugins/event_listener.py
[2023-07-22T15:33:36.510-0500] {processor.py:179} INFO - Processing /Users/abhishekpatkar/Documents/Projects/af_file_loader/venv/lib/python3.11/site-packages/airflow/example_dags/plugins/event_listener.py took 0.616 seconds
[2023-07-22T15:35:27.079-0500] {processor.py:157} INFO - Started process (PID=18957) to work on /Users/abhishekpatkar/Documents/Projects/af_file_loader/venv/lib/python3.11/site-packages/airflow/example_dags/plugins/event_listener.py
[2023-07-22T15:35:27.084-0500] {processor.py:826} INFO - Processing file /Users/abhishekpatkar/Documents/Projects/af_file_loader/venv/lib/python3.11/site-packages/airflow/example_dags/plugins/event_listener.py for tasks to queue
[2023-07-22T15:35:27.084-0500] {logging_mixin.py:150} INFO - [2023-07-22T15:35:27.084-0500] {dagbag.py:541} INFO - Filling up the DagBag from /Users/abhishekpatkar/Documents/Projects/af_file_loader/venv/lib/python3.11/site-packages/airflow/example_dags/plugins/event_listener.py
[2023-07-22T15:35:27.086-0500] {processor.py:838} WARNING - No viable dags retrieved from /Users/abhishekpatkar/Documents/Projects/af_file_loader/venv/lib/python3.11/site-packages/airflow/example_dags/plugins/event_listener.py
[2023-07-22T15:35:27.709-0500] {processor.py:179} INFO - Processing /Users/abhishekpatkar/Documents/Projects/af_file_loader/venv/lib/python3.11/site-packages/airflow/example_dags/plugins/event_listener.py took 0.631 seconds
[2023-07-22T15:46:40.698-0500] {processor.py:157} INFO - Started process (PID=19277) to work on /Users/abhishekpatkar/Documents/Projects/af_file_loader/venv/lib/python3.11/site-packages/airflow/example_dags/plugins/event_listener.py
[2023-07-22T15:46:40.707-0500] {processor.py:826} INFO - Processing file /Users/abhishekpatkar/Documents/Projects/af_file_loader/venv/lib/python3.11/site-packages/airflow/example_dags/plugins/event_listener.py for tasks to queue
[2023-07-22T15:46:40.708-0500] {logging_mixin.py:150} INFO - [2023-07-22T15:46:40.708-0500] {dagbag.py:541} INFO - Filling up the DagBag from /Users/abhishekpatkar/Documents/Projects/af_file_loader/venv/lib/python3.11/site-packages/airflow/example_dags/plugins/event_listener.py
[2023-07-22T15:46:40.710-0500] {processor.py:838} WARNING - No viable dags retrieved from /Users/abhishekpatkar/Documents/Projects/af_file_loader/venv/lib/python3.11/site-packages/airflow/example_dags/plugins/event_listener.py
[2023-07-22T15:46:41.829-0500] {processor.py:179} INFO - Processing /Users/abhishekpatkar/Documents/Projects/af_file_loader/venv/lib/python3.11/site-packages/airflow/example_dags/plugins/event_listener.py took 1.133 seconds
[2023-07-22T15:49:18.433-0500] {processor.py:157} INFO - Started process (PID=19495) to work on /Users/abhishekpatkar/Documents/Projects/af_file_loader/venv/lib/python3.11/site-packages/airflow/example_dags/plugins/event_listener.py
[2023-07-22T15:49:18.441-0500] {processor.py:826} INFO - Processing file /Users/abhishekpatkar/Documents/Projects/af_file_loader/venv/lib/python3.11/site-packages/airflow/example_dags/plugins/event_listener.py for tasks to queue
[2023-07-22T15:49:18.443-0500] {logging_mixin.py:150} INFO - [2023-07-22T15:49:18.443-0500] {dagbag.py:541} INFO - Filling up the DagBag from /Users/abhishekpatkar/Documents/Projects/af_file_loader/venv/lib/python3.11/site-packages/airflow/example_dags/plugins/event_listener.py
[2023-07-22T15:49:18.446-0500] {processor.py:838} WARNING - No viable dags retrieved from /Users/abhishekpatkar/Documents/Projects/af_file_loader/venv/lib/python3.11/site-packages/airflow/example_dags/plugins/event_listener.py
[2023-07-22T15:49:19.366-0500] {processor.py:179} INFO - Processing /Users/abhishekpatkar/Documents/Projects/af_file_loader/venv/lib/python3.11/site-packages/airflow/example_dags/plugins/event_listener.py took 0.934 seconds
[2023-07-22T15:51:51.811-0500] {processor.py:157} INFO - Started process (PID=19756) to work on /Users/abhishekpatkar/Documents/Projects/af_file_loader/venv/lib/python3.11/site-packages/airflow/example_dags/plugins/event_listener.py
[2023-07-22T15:51:51.815-0500] {processor.py:826} INFO - Processing file /Users/abhishekpatkar/Documents/Projects/af_file_loader/venv/lib/python3.11/site-packages/airflow/example_dags/plugins/event_listener.py for tasks to queue
[2023-07-22T15:51:51.815-0500] {logging_mixin.py:150} INFO - [2023-07-22T15:51:51.815-0500] {dagbag.py:541} INFO - Filling up the DagBag from /Users/abhishekpatkar/Documents/Projects/af_file_loader/venv/lib/python3.11/site-packages/airflow/example_dags/plugins/event_listener.py
[2023-07-22T15:51:51.817-0500] {processor.py:838} WARNING - No viable dags retrieved from /Users/abhishekpatkar/Documents/Projects/af_file_loader/venv/lib/python3.11/site-packages/airflow/example_dags/plugins/event_listener.py
[2023-07-22T15:51:52.862-0500] {processor.py:179} INFO - Processing /Users/abhishekpatkar/Documents/Projects/af_file_loader/venv/lib/python3.11/site-packages/airflow/example_dags/plugins/event_listener.py took 1.051 seconds
[2023-07-22T15:54:31.216-0500] {processor.py:157} INFO - Started process (PID=19919) to work on /Users/abhishekpatkar/Documents/Projects/af_file_loader/venv/lib/python3.11/site-packages/airflow/example_dags/plugins/event_listener.py
[2023-07-22T15:54:31.222-0500] {processor.py:826} INFO - Processing file /Users/abhishekpatkar/Documents/Projects/af_file_loader/venv/lib/python3.11/site-packages/airflow/example_dags/plugins/event_listener.py for tasks to queue
[2023-07-22T15:54:31.228-0500] {logging_mixin.py:150} INFO - [2023-07-22T15:54:31.227-0500] {dagbag.py:541} INFO - Filling up the DagBag from /Users/abhishekpatkar/Documents/Projects/af_file_loader/venv/lib/python3.11/site-packages/airflow/example_dags/plugins/event_listener.py
[2023-07-22T15:54:31.230-0500] {processor.py:838} WARNING - No viable dags retrieved from /Users/abhishekpatkar/Documents/Projects/af_file_loader/venv/lib/python3.11/site-packages/airflow/example_dags/plugins/event_listener.py
[2023-07-22T15:54:32.139-0500] {processor.py:179} INFO - Processing /Users/abhishekpatkar/Documents/Projects/af_file_loader/venv/lib/python3.11/site-packages/airflow/example_dags/plugins/event_listener.py took 0.924 seconds
[2023-07-22T15:57:12.228-0500] {processor.py:157} INFO - Started process (PID=20172) to work on /Users/abhishekpatkar/Documents/Projects/af_file_loader/venv/lib/python3.11/site-packages/airflow/example_dags/plugins/event_listener.py
[2023-07-22T15:57:12.232-0500] {processor.py:826} INFO - Processing file /Users/abhishekpatkar/Documents/Projects/af_file_loader/venv/lib/python3.11/site-packages/airflow/example_dags/plugins/event_listener.py for tasks to queue
[2023-07-22T15:57:12.233-0500] {logging_mixin.py:150} INFO - [2023-07-22T15:57:12.233-0500] {dagbag.py:541} INFO - Filling up the DagBag from /Users/abhishekpatkar/Documents/Projects/af_file_loader/venv/lib/python3.11/site-packages/airflow/example_dags/plugins/event_listener.py
[2023-07-22T15:57:12.234-0500] {processor.py:838} WARNING - No viable dags retrieved from /Users/abhishekpatkar/Documents/Projects/af_file_loader/venv/lib/python3.11/site-packages/airflow/example_dags/plugins/event_listener.py
[2023-07-22T15:57:13.152-0500] {processor.py:179} INFO - Processing /Users/abhishekpatkar/Documents/Projects/af_file_loader/venv/lib/python3.11/site-packages/airflow/example_dags/plugins/event_listener.py took 0.926 seconds
[2023-07-22T15:59:42.240-0500] {processor.py:157} INFO - Started process (PID=20286) to work on /Users/abhishekpatkar/Documents/Projects/af_file_loader/venv/lib/python3.11/site-packages/airflow/example_dags/plugins/event_listener.py
[2023-07-22T15:59:42.245-0500] {processor.py:826} INFO - Processing file /Users/abhishekpatkar/Documents/Projects/af_file_loader/venv/lib/python3.11/site-packages/airflow/example_dags/plugins/event_listener.py for tasks to queue
[2023-07-22T15:59:42.247-0500] {logging_mixin.py:150} INFO - [2023-07-22T15:59:42.247-0500] {dagbag.py:541} INFO - Filling up the DagBag from /Users/abhishekpatkar/Documents/Projects/af_file_loader/venv/lib/python3.11/site-packages/airflow/example_dags/plugins/event_listener.py
[2023-07-22T15:59:42.248-0500] {processor.py:838} WARNING - No viable dags retrieved from /Users/abhishekpatkar/Documents/Projects/af_file_loader/venv/lib/python3.11/site-packages/airflow/example_dags/plugins/event_listener.py
[2023-07-22T15:59:43.055-0500] {processor.py:179} INFO - Processing /Users/abhishekpatkar/Documents/Projects/af_file_loader/venv/lib/python3.11/site-packages/airflow/example_dags/plugins/event_listener.py took 0.816 seconds
[2023-07-22T16:02:10.741-0500] {processor.py:157} INFO - Started process (PID=20374) to work on /Users/abhishekpatkar/Documents/Projects/af_file_loader/venv/lib/python3.11/site-packages/airflow/example_dags/plugins/event_listener.py
[2023-07-22T16:02:10.747-0500] {processor.py:826} INFO - Processing file /Users/abhishekpatkar/Documents/Projects/af_file_loader/venv/lib/python3.11/site-packages/airflow/example_dags/plugins/event_listener.py for tasks to queue
[2023-07-22T16:02:10.748-0500] {logging_mixin.py:150} INFO - [2023-07-22T16:02:10.748-0500] {dagbag.py:541} INFO - Filling up the DagBag from /Users/abhishekpatkar/Documents/Projects/af_file_loader/venv/lib/python3.11/site-packages/airflow/example_dags/plugins/event_listener.py
[2023-07-22T16:02:10.750-0500] {processor.py:838} WARNING - No viable dags retrieved from /Users/abhishekpatkar/Documents/Projects/af_file_loader/venv/lib/python3.11/site-packages/airflow/example_dags/plugins/event_listener.py
[2023-07-22T16:02:11.491-0500] {processor.py:179} INFO - Processing /Users/abhishekpatkar/Documents/Projects/af_file_loader/venv/lib/python3.11/site-packages/airflow/example_dags/plugins/event_listener.py took 0.751 seconds
[2023-07-22T16:04:05.452-0500] {processor.py:157} INFO - Started process (PID=20450) to work on /Users/abhishekpatkar/Documents/Projects/af_file_loader/venv/lib/python3.11/site-packages/airflow/example_dags/plugins/event_listener.py
[2023-07-22T16:04:05.457-0500] {processor.py:826} INFO - Processing file /Users/abhishekpatkar/Documents/Projects/af_file_loader/venv/lib/python3.11/site-packages/airflow/example_dags/plugins/event_listener.py for tasks to queue
[2023-07-22T16:04:05.457-0500] {logging_mixin.py:150} INFO - [2023-07-22T16:04:05.457-0500] {dagbag.py:541} INFO - Filling up the DagBag from /Users/abhishekpatkar/Documents/Projects/af_file_loader/venv/lib/python3.11/site-packages/airflow/example_dags/plugins/event_listener.py
[2023-07-22T16:04:05.458-0500] {processor.py:838} WARNING - No viable dags retrieved from /Users/abhishekpatkar/Documents/Projects/af_file_loader/venv/lib/python3.11/site-packages/airflow/example_dags/plugins/event_listener.py
[2023-07-22T16:04:06.041-0500] {processor.py:179} INFO - Processing /Users/abhishekpatkar/Documents/Projects/af_file_loader/venv/lib/python3.11/site-packages/airflow/example_dags/plugins/event_listener.py took 0.590 seconds
[2023-07-22T16:05:53.360-0500] {processor.py:157} INFO - Started process (PID=20533) to work on /Users/abhishekpatkar/Documents/Projects/af_file_loader/venv/lib/python3.11/site-packages/airflow/example_dags/plugins/event_listener.py
[2023-07-22T16:05:53.365-0500] {processor.py:826} INFO - Processing file /Users/abhishekpatkar/Documents/Projects/af_file_loader/venv/lib/python3.11/site-packages/airflow/example_dags/plugins/event_listener.py for tasks to queue
[2023-07-22T16:05:53.366-0500] {logging_mixin.py:150} INFO - [2023-07-22T16:05:53.365-0500] {dagbag.py:541} INFO - Filling up the DagBag from /Users/abhishekpatkar/Documents/Projects/af_file_loader/venv/lib/python3.11/site-packages/airflow/example_dags/plugins/event_listener.py
[2023-07-22T16:05:53.367-0500] {processor.py:838} WARNING - No viable dags retrieved from /Users/abhishekpatkar/Documents/Projects/af_file_loader/venv/lib/python3.11/site-packages/airflow/example_dags/plugins/event_listener.py
[2023-07-22T16:05:53.938-0500] {processor.py:179} INFO - Processing /Users/abhishekpatkar/Documents/Projects/af_file_loader/venv/lib/python3.11/site-packages/airflow/example_dags/plugins/event_listener.py took 0.578 seconds
[2023-07-22T16:07:44.097-0500] {processor.py:157} INFO - Started process (PID=20627) to work on /Users/abhishekpatkar/Documents/Projects/af_file_loader/venv/lib/python3.11/site-packages/airflow/example_dags/plugins/event_listener.py
[2023-07-22T16:07:44.101-0500] {processor.py:826} INFO - Processing file /Users/abhishekpatkar/Documents/Projects/af_file_loader/venv/lib/python3.11/site-packages/airflow/example_dags/plugins/event_listener.py for tasks to queue
[2023-07-22T16:07:44.102-0500] {logging_mixin.py:150} INFO - [2023-07-22T16:07:44.102-0500] {dagbag.py:541} INFO - Filling up the DagBag from /Users/abhishekpatkar/Documents/Projects/af_file_loader/venv/lib/python3.11/site-packages/airflow/example_dags/plugins/event_listener.py
[2023-07-22T16:07:44.103-0500] {processor.py:838} WARNING - No viable dags retrieved from /Users/abhishekpatkar/Documents/Projects/af_file_loader/venv/lib/python3.11/site-packages/airflow/example_dags/plugins/event_listener.py
[2023-07-22T16:07:44.672-0500] {processor.py:179} INFO - Processing /Users/abhishekpatkar/Documents/Projects/af_file_loader/venv/lib/python3.11/site-packages/airflow/example_dags/plugins/event_listener.py took 0.576 seconds
[2023-07-22T16:09:36.538-0500] {processor.py:157} INFO - Started process (PID=20699) to work on /Users/abhishekpatkar/Documents/Projects/af_file_loader/venv/lib/python3.11/site-packages/airflow/example_dags/plugins/event_listener.py
[2023-07-22T16:09:36.541-0500] {processor.py:826} INFO - Processing file /Users/abhishekpatkar/Documents/Projects/af_file_loader/venv/lib/python3.11/site-packages/airflow/example_dags/plugins/event_listener.py for tasks to queue
[2023-07-22T16:09:36.542-0500] {logging_mixin.py:150} INFO - [2023-07-22T16:09:36.542-0500] {dagbag.py:541} INFO - Filling up the DagBag from /Users/abhishekpatkar/Documents/Projects/af_file_loader/venv/lib/python3.11/site-packages/airflow/example_dags/plugins/event_listener.py
[2023-07-22T16:09:36.543-0500] {processor.py:838} WARNING - No viable dags retrieved from /Users/abhishekpatkar/Documents/Projects/af_file_loader/venv/lib/python3.11/site-packages/airflow/example_dags/plugins/event_listener.py
[2023-07-22T16:09:37.114-0500] {processor.py:179} INFO - Processing /Users/abhishekpatkar/Documents/Projects/af_file_loader/venv/lib/python3.11/site-packages/airflow/example_dags/plugins/event_listener.py took 0.577 seconds
[2023-07-22T16:11:22.627-0500] {processor.py:157} INFO - Started process (PID=20770) to work on /Users/abhishekpatkar/Documents/Projects/af_file_loader/venv/lib/python3.11/site-packages/airflow/example_dags/plugins/event_listener.py
[2023-07-22T16:11:22.631-0500] {processor.py:826} INFO - Processing file /Users/abhishekpatkar/Documents/Projects/af_file_loader/venv/lib/python3.11/site-packages/airflow/example_dags/plugins/event_listener.py for tasks to queue
[2023-07-22T16:11:22.631-0500] {logging_mixin.py:150} INFO - [2023-07-22T16:11:22.631-0500] {dagbag.py:541} INFO - Filling up the DagBag from /Users/abhishekpatkar/Documents/Projects/af_file_loader/venv/lib/python3.11/site-packages/airflow/example_dags/plugins/event_listener.py
[2023-07-22T16:11:22.633-0500] {processor.py:838} WARNING - No viable dags retrieved from /Users/abhishekpatkar/Documents/Projects/af_file_loader/venv/lib/python3.11/site-packages/airflow/example_dags/plugins/event_listener.py
[2023-07-22T16:11:23.204-0500] {processor.py:179} INFO - Processing /Users/abhishekpatkar/Documents/Projects/af_file_loader/venv/lib/python3.11/site-packages/airflow/example_dags/plugins/event_listener.py took 0.578 seconds
[2023-07-22T16:25:47.251-0500] {processor.py:157} INFO - Started process (PID=20949) to work on /Users/abhishekpatkar/Documents/Projects/af_file_loader/venv/lib/python3.11/site-packages/airflow/example_dags/plugins/event_listener.py
[2023-07-22T16:25:47.255-0500] {processor.py:826} INFO - Processing file /Users/abhishekpatkar/Documents/Projects/af_file_loader/venv/lib/python3.11/site-packages/airflow/example_dags/plugins/event_listener.py for tasks to queue
[2023-07-22T16:25:47.256-0500] {logging_mixin.py:150} INFO - [2023-07-22T16:25:47.256-0500] {dagbag.py:541} INFO - Filling up the DagBag from /Users/abhishekpatkar/Documents/Projects/af_file_loader/venv/lib/python3.11/site-packages/airflow/example_dags/plugins/event_listener.py
[2023-07-22T16:25:47.258-0500] {processor.py:838} WARNING - No viable dags retrieved from /Users/abhishekpatkar/Documents/Projects/af_file_loader/venv/lib/python3.11/site-packages/airflow/example_dags/plugins/event_listener.py
[2023-07-22T16:25:48.250-0500] {processor.py:179} INFO - Processing /Users/abhishekpatkar/Documents/Projects/af_file_loader/venv/lib/python3.11/site-packages/airflow/example_dags/plugins/event_listener.py took 1.001 seconds
[2023-07-22T16:29:09.052-0500] {processor.py:157} INFO - Started process (PID=21065) to work on /Users/abhishekpatkar/Documents/Projects/af_file_loader/venv/lib/python3.11/site-packages/airflow/example_dags/plugins/event_listener.py
[2023-07-22T16:29:09.059-0500] {processor.py:826} INFO - Processing file /Users/abhishekpatkar/Documents/Projects/af_file_loader/venv/lib/python3.11/site-packages/airflow/example_dags/plugins/event_listener.py for tasks to queue
[2023-07-22T16:29:09.060-0500] {logging_mixin.py:150} INFO - [2023-07-22T16:29:09.059-0500] {dagbag.py:541} INFO - Filling up the DagBag from /Users/abhishekpatkar/Documents/Projects/af_file_loader/venv/lib/python3.11/site-packages/airflow/example_dags/plugins/event_listener.py
[2023-07-22T16:29:09.072-0500] {processor.py:838} WARNING - No viable dags retrieved from /Users/abhishekpatkar/Documents/Projects/af_file_loader/venv/lib/python3.11/site-packages/airflow/example_dags/plugins/event_listener.py
[2023-07-22T16:29:09.987-0500] {processor.py:179} INFO - Processing /Users/abhishekpatkar/Documents/Projects/af_file_loader/venv/lib/python3.11/site-packages/airflow/example_dags/plugins/event_listener.py took 0.936 seconds
[2023-07-22T16:32:21.419-0500] {processor.py:157} INFO - Started process (PID=21168) to work on /Users/abhishekpatkar/Documents/Projects/af_file_loader/venv/lib/python3.11/site-packages/airflow/example_dags/plugins/event_listener.py
[2023-07-22T16:32:21.429-0500] {processor.py:826} INFO - Processing file /Users/abhishekpatkar/Documents/Projects/af_file_loader/venv/lib/python3.11/site-packages/airflow/example_dags/plugins/event_listener.py for tasks to queue
[2023-07-22T16:32:21.431-0500] {logging_mixin.py:150} INFO - [2023-07-22T16:32:21.430-0500] {dagbag.py:541} INFO - Filling up the DagBag from /Users/abhishekpatkar/Documents/Projects/af_file_loader/venv/lib/python3.11/site-packages/airflow/example_dags/plugins/event_listener.py
[2023-07-22T16:32:21.433-0500] {processor.py:838} WARNING - No viable dags retrieved from /Users/abhishekpatkar/Documents/Projects/af_file_loader/venv/lib/python3.11/site-packages/airflow/example_dags/plugins/event_listener.py
[2023-07-22T16:32:22.499-0500] {processor.py:179} INFO - Processing /Users/abhishekpatkar/Documents/Projects/af_file_loader/venv/lib/python3.11/site-packages/airflow/example_dags/plugins/event_listener.py took 1.084 seconds
[2023-07-22T16:35:45.041-0500] {processor.py:157} INFO - Started process (PID=21277) to work on /Users/abhishekpatkar/Documents/Projects/af_file_loader/venv/lib/python3.11/site-packages/airflow/example_dags/plugins/event_listener.py
[2023-07-22T16:35:45.047-0500] {processor.py:826} INFO - Processing file /Users/abhishekpatkar/Documents/Projects/af_file_loader/venv/lib/python3.11/site-packages/airflow/example_dags/plugins/event_listener.py for tasks to queue
[2023-07-22T16:35:45.048-0500] {logging_mixin.py:150} INFO - [2023-07-22T16:35:45.048-0500] {dagbag.py:541} INFO - Filling up the DagBag from /Users/abhishekpatkar/Documents/Projects/af_file_loader/venv/lib/python3.11/site-packages/airflow/example_dags/plugins/event_listener.py
[2023-07-22T16:35:45.052-0500] {processor.py:838} WARNING - No viable dags retrieved from /Users/abhishekpatkar/Documents/Projects/af_file_loader/venv/lib/python3.11/site-packages/airflow/example_dags/plugins/event_listener.py
[2023-07-22T16:35:46.409-0500] {processor.py:179} INFO - Processing /Users/abhishekpatkar/Documents/Projects/af_file_loader/venv/lib/python3.11/site-packages/airflow/example_dags/plugins/event_listener.py took 1.369 seconds
[2023-07-22T16:40:54.230-0500] {processor.py:157} INFO - Started process (PID=21484) to work on /Users/abhishekpatkar/Documents/Projects/af_file_loader/venv/lib/python3.11/site-packages/airflow/example_dags/plugins/event_listener.py
[2023-07-22T16:40:54.234-0500] {processor.py:826} INFO - Processing file /Users/abhishekpatkar/Documents/Projects/af_file_loader/venv/lib/python3.11/site-packages/airflow/example_dags/plugins/event_listener.py for tasks to queue
[2023-07-22T16:40:54.234-0500] {logging_mixin.py:150} INFO - [2023-07-22T16:40:54.234-0500] {dagbag.py:541} INFO - Filling up the DagBag from /Users/abhishekpatkar/Documents/Projects/af_file_loader/venv/lib/python3.11/site-packages/airflow/example_dags/plugins/event_listener.py
[2023-07-22T16:40:54.237-0500] {processor.py:838} WARNING - No viable dags retrieved from /Users/abhishekpatkar/Documents/Projects/af_file_loader/venv/lib/python3.11/site-packages/airflow/example_dags/plugins/event_listener.py
[2023-07-22T16:40:55.502-0500] {processor.py:179} INFO - Processing /Users/abhishekpatkar/Documents/Projects/af_file_loader/venv/lib/python3.11/site-packages/airflow/example_dags/plugins/event_listener.py took 1.273 seconds
[2023-07-22T16:44:52.996-0500] {processor.py:157} INFO - Started process (PID=21606) to work on /Users/abhishekpatkar/Documents/Projects/af_file_loader/venv/lib/python3.11/site-packages/airflow/example_dags/plugins/event_listener.py
[2023-07-22T16:44:53.000-0500] {processor.py:826} INFO - Processing file /Users/abhishekpatkar/Documents/Projects/af_file_loader/venv/lib/python3.11/site-packages/airflow/example_dags/plugins/event_listener.py for tasks to queue
[2023-07-22T16:44:53.001-0500] {logging_mixin.py:150} INFO - [2023-07-22T16:44:53.001-0500] {dagbag.py:541} INFO - Filling up the DagBag from /Users/abhishekpatkar/Documents/Projects/af_file_loader/venv/lib/python3.11/site-packages/airflow/example_dags/plugins/event_listener.py
[2023-07-22T16:44:53.002-0500] {processor.py:838} WARNING - No viable dags retrieved from /Users/abhishekpatkar/Documents/Projects/af_file_loader/venv/lib/python3.11/site-packages/airflow/example_dags/plugins/event_listener.py
[2023-07-22T16:44:54.188-0500] {processor.py:179} INFO - Processing /Users/abhishekpatkar/Documents/Projects/af_file_loader/venv/lib/python3.11/site-packages/airflow/example_dags/plugins/event_listener.py took 1.197 seconds
[2023-07-22T16:48:28.089-0500] {processor.py:157} INFO - Started process (PID=21716) to work on /Users/abhishekpatkar/Documents/Projects/af_file_loader/venv/lib/python3.11/site-packages/airflow/example_dags/plugins/event_listener.py
[2023-07-22T16:48:28.102-0500] {processor.py:826} INFO - Processing file /Users/abhishekpatkar/Documents/Projects/af_file_loader/venv/lib/python3.11/site-packages/airflow/example_dags/plugins/event_listener.py for tasks to queue
[2023-07-22T16:48:28.102-0500] {logging_mixin.py:150} INFO - [2023-07-22T16:48:28.102-0500] {dagbag.py:541} INFO - Filling up the DagBag from /Users/abhishekpatkar/Documents/Projects/af_file_loader/venv/lib/python3.11/site-packages/airflow/example_dags/plugins/event_listener.py
[2023-07-22T16:48:28.105-0500] {processor.py:838} WARNING - No viable dags retrieved from /Users/abhishekpatkar/Documents/Projects/af_file_loader/venv/lib/python3.11/site-packages/airflow/example_dags/plugins/event_listener.py
[2023-07-22T16:48:29.441-0500] {processor.py:179} INFO - Processing /Users/abhishekpatkar/Documents/Projects/af_file_loader/venv/lib/python3.11/site-packages/airflow/example_dags/plugins/event_listener.py took 1.352 seconds
[2023-07-22T16:52:19.702-0500] {processor.py:157} INFO - Started process (PID=21832) to work on /Users/abhishekpatkar/Documents/Projects/af_file_loader/venv/lib/python3.11/site-packages/airflow/example_dags/plugins/event_listener.py
[2023-07-22T16:52:19.707-0500] {processor.py:826} INFO - Processing file /Users/abhishekpatkar/Documents/Projects/af_file_loader/venv/lib/python3.11/site-packages/airflow/example_dags/plugins/event_listener.py for tasks to queue
[2023-07-22T16:52:19.707-0500] {logging_mixin.py:150} INFO - [2023-07-22T16:52:19.707-0500] {dagbag.py:541} INFO - Filling up the DagBag from /Users/abhishekpatkar/Documents/Projects/af_file_loader/venv/lib/python3.11/site-packages/airflow/example_dags/plugins/event_listener.py
[2023-07-22T16:52:19.709-0500] {processor.py:838} WARNING - No viable dags retrieved from /Users/abhishekpatkar/Documents/Projects/af_file_loader/venv/lib/python3.11/site-packages/airflow/example_dags/plugins/event_listener.py
[2023-07-22T16:52:20.883-0500] {processor.py:179} INFO - Processing /Users/abhishekpatkar/Documents/Projects/af_file_loader/venv/lib/python3.11/site-packages/airflow/example_dags/plugins/event_listener.py took 1.183 seconds
[2023-07-22T16:55:45.392-0500] {processor.py:157} INFO - Started process (PID=21953) to work on /Users/abhishekpatkar/Documents/Projects/af_file_loader/venv/lib/python3.11/site-packages/airflow/example_dags/plugins/event_listener.py
[2023-07-22T16:55:45.398-0500] {processor.py:826} INFO - Processing file /Users/abhishekpatkar/Documents/Projects/af_file_loader/venv/lib/python3.11/site-packages/airflow/example_dags/plugins/event_listener.py for tasks to queue
[2023-07-22T16:55:45.400-0500] {logging_mixin.py:150} INFO - [2023-07-22T16:55:45.399-0500] {dagbag.py:541} INFO - Filling up the DagBag from /Users/abhishekpatkar/Documents/Projects/af_file_loader/venv/lib/python3.11/site-packages/airflow/example_dags/plugins/event_listener.py
[2023-07-22T16:55:45.401-0500] {processor.py:838} WARNING - No viable dags retrieved from /Users/abhishekpatkar/Documents/Projects/af_file_loader/venv/lib/python3.11/site-packages/airflow/example_dags/plugins/event_listener.py
[2023-07-22T16:55:46.478-0500] {processor.py:179} INFO - Processing /Users/abhishekpatkar/Documents/Projects/af_file_loader/venv/lib/python3.11/site-packages/airflow/example_dags/plugins/event_listener.py took 1.088 seconds
[2023-07-22T16:58:42.474-0500] {processor.py:157} INFO - Started process (PID=22046) to work on /Users/abhishekpatkar/Documents/Projects/af_file_loader/venv/lib/python3.11/site-packages/airflow/example_dags/plugins/event_listener.py
[2023-07-22T16:58:42.486-0500] {processor.py:826} INFO - Processing file /Users/abhishekpatkar/Documents/Projects/af_file_loader/venv/lib/python3.11/site-packages/airflow/example_dags/plugins/event_listener.py for tasks to queue
[2023-07-22T16:58:42.487-0500] {logging_mixin.py:150} INFO - [2023-07-22T16:58:42.486-0500] {dagbag.py:541} INFO - Filling up the DagBag from /Users/abhishekpatkar/Documents/Projects/af_file_loader/venv/lib/python3.11/site-packages/airflow/example_dags/plugins/event_listener.py
[2023-07-22T16:58:42.488-0500] {processor.py:838} WARNING - No viable dags retrieved from /Users/abhishekpatkar/Documents/Projects/af_file_loader/venv/lib/python3.11/site-packages/airflow/example_dags/plugins/event_listener.py
[2023-07-22T16:58:43.504-0500] {processor.py:179} INFO - Processing /Users/abhishekpatkar/Documents/Projects/af_file_loader/venv/lib/python3.11/site-packages/airflow/example_dags/plugins/event_listener.py took 1.030 seconds
[2023-07-22T17:02:55.471-0500] {processor.py:157} INFO - Started process (PID=22226) to work on /Users/abhishekpatkar/Documents/Projects/af_file_loader/venv/lib/python3.11/site-packages/airflow/example_dags/plugins/event_listener.py
[2023-07-22T17:02:55.476-0500] {processor.py:826} INFO - Processing file /Users/abhishekpatkar/Documents/Projects/af_file_loader/venv/lib/python3.11/site-packages/airflow/example_dags/plugins/event_listener.py for tasks to queue
[2023-07-22T17:02:55.476-0500] {logging_mixin.py:150} INFO - [2023-07-22T17:02:55.476-0500] {dagbag.py:541} INFO - Filling up the DagBag from /Users/abhishekpatkar/Documents/Projects/af_file_loader/venv/lib/python3.11/site-packages/airflow/example_dags/plugins/event_listener.py
[2023-07-22T17:02:55.477-0500] {processor.py:838} WARNING - No viable dags retrieved from /Users/abhishekpatkar/Documents/Projects/af_file_loader/venv/lib/python3.11/site-packages/airflow/example_dags/plugins/event_listener.py
[2023-07-22T17:02:56.332-0500] {processor.py:179} INFO - Processing /Users/abhishekpatkar/Documents/Projects/af_file_loader/venv/lib/python3.11/site-packages/airflow/example_dags/plugins/event_listener.py took 0.862 seconds
[2023-07-22T17:05:11.100-0500] {processor.py:157} INFO - Started process (PID=22310) to work on /Users/abhishekpatkar/Documents/Projects/af_file_loader/venv/lib/python3.11/site-packages/airflow/example_dags/plugins/event_listener.py
[2023-07-22T17:05:11.108-0500] {processor.py:826} INFO - Processing file /Users/abhishekpatkar/Documents/Projects/af_file_loader/venv/lib/python3.11/site-packages/airflow/example_dags/plugins/event_listener.py for tasks to queue
[2023-07-22T17:05:11.109-0500] {logging_mixin.py:150} INFO - [2023-07-22T17:05:11.109-0500] {dagbag.py:541} INFO - Filling up the DagBag from /Users/abhishekpatkar/Documents/Projects/af_file_loader/venv/lib/python3.11/site-packages/airflow/example_dags/plugins/event_listener.py
[2023-07-22T17:05:11.111-0500] {processor.py:838} WARNING - No viable dags retrieved from /Users/abhishekpatkar/Documents/Projects/af_file_loader/venv/lib/python3.11/site-packages/airflow/example_dags/plugins/event_listener.py
[2023-07-22T17:05:11.813-0500] {processor.py:179} INFO - Processing /Users/abhishekpatkar/Documents/Projects/af_file_loader/venv/lib/python3.11/site-packages/airflow/example_dags/plugins/event_listener.py took 0.714 seconds
[2023-07-22T17:07:06.916-0500] {processor.py:157} INFO - Started process (PID=22385) to work on /Users/abhishekpatkar/Documents/Projects/af_file_loader/venv/lib/python3.11/site-packages/airflow/example_dags/plugins/event_listener.py
[2023-07-22T17:07:06.919-0500] {processor.py:826} INFO - Processing file /Users/abhishekpatkar/Documents/Projects/af_file_loader/venv/lib/python3.11/site-packages/airflow/example_dags/plugins/event_listener.py for tasks to queue
[2023-07-22T17:07:06.920-0500] {logging_mixin.py:150} INFO - [2023-07-22T17:07:06.920-0500] {dagbag.py:541} INFO - Filling up the DagBag from /Users/abhishekpatkar/Documents/Projects/af_file_loader/venv/lib/python3.11/site-packages/airflow/example_dags/plugins/event_listener.py
[2023-07-22T17:07:06.922-0500] {processor.py:838} WARNING - No viable dags retrieved from /Users/abhishekpatkar/Documents/Projects/af_file_loader/venv/lib/python3.11/site-packages/airflow/example_dags/plugins/event_listener.py
[2023-07-22T17:07:07.604-0500] {processor.py:179} INFO - Processing /Users/abhishekpatkar/Documents/Projects/af_file_loader/venv/lib/python3.11/site-packages/airflow/example_dags/plugins/event_listener.py took 0.689 seconds
[2023-07-22T17:09:08.372-0500] {processor.py:157} INFO - Started process (PID=22467) to work on /Users/abhishekpatkar/Documents/Projects/af_file_loader/venv/lib/python3.11/site-packages/airflow/example_dags/plugins/event_listener.py
[2023-07-22T17:09:08.378-0500] {processor.py:826} INFO - Processing file /Users/abhishekpatkar/Documents/Projects/af_file_loader/venv/lib/python3.11/site-packages/airflow/example_dags/plugins/event_listener.py for tasks to queue
[2023-07-22T17:09:08.379-0500] {logging_mixin.py:150} INFO - [2023-07-22T17:09:08.379-0500] {dagbag.py:541} INFO - Filling up the DagBag from /Users/abhishekpatkar/Documents/Projects/af_file_loader/venv/lib/python3.11/site-packages/airflow/example_dags/plugins/event_listener.py
[2023-07-22T17:09:08.381-0500] {processor.py:838} WARNING - No viable dags retrieved from /Users/abhishekpatkar/Documents/Projects/af_file_loader/venv/lib/python3.11/site-packages/airflow/example_dags/plugins/event_listener.py
[2023-07-22T17:09:09.102-0500] {processor.py:179} INFO - Processing /Users/abhishekpatkar/Documents/Projects/af_file_loader/venv/lib/python3.11/site-packages/airflow/example_dags/plugins/event_listener.py took 0.732 seconds
[2023-07-22T17:11:07.889-0500] {processor.py:157} INFO - Started process (PID=22550) to work on /Users/abhishekpatkar/Documents/Projects/af_file_loader/venv/lib/python3.11/site-packages/airflow/example_dags/plugins/event_listener.py
[2023-07-22T17:11:07.894-0500] {processor.py:826} INFO - Processing file /Users/abhishekpatkar/Documents/Projects/af_file_loader/venv/lib/python3.11/site-packages/airflow/example_dags/plugins/event_listener.py for tasks to queue
[2023-07-22T17:11:07.895-0500] {logging_mixin.py:150} INFO - [2023-07-22T17:11:07.895-0500] {dagbag.py:541} INFO - Filling up the DagBag from /Users/abhishekpatkar/Documents/Projects/af_file_loader/venv/lib/python3.11/site-packages/airflow/example_dags/plugins/event_listener.py
[2023-07-22T17:11:07.896-0500] {processor.py:838} WARNING - No viable dags retrieved from /Users/abhishekpatkar/Documents/Projects/af_file_loader/venv/lib/python3.11/site-packages/airflow/example_dags/plugins/event_listener.py
[2023-07-22T17:11:08.610-0500] {processor.py:179} INFO - Processing /Users/abhishekpatkar/Documents/Projects/af_file_loader/venv/lib/python3.11/site-packages/airflow/example_dags/plugins/event_listener.py took 0.722 seconds
[2023-07-22T17:13:07.696-0500] {processor.py:157} INFO - Started process (PID=22624) to work on /Users/abhishekpatkar/Documents/Projects/af_file_loader/venv/lib/python3.11/site-packages/airflow/example_dags/plugins/event_listener.py
[2023-07-22T17:13:07.701-0500] {processor.py:826} INFO - Processing file /Users/abhishekpatkar/Documents/Projects/af_file_loader/venv/lib/python3.11/site-packages/airflow/example_dags/plugins/event_listener.py for tasks to queue
[2023-07-22T17:13:07.702-0500] {logging_mixin.py:150} INFO - [2023-07-22T17:13:07.702-0500] {dagbag.py:541} INFO - Filling up the DagBag from /Users/abhishekpatkar/Documents/Projects/af_file_loader/venv/lib/python3.11/site-packages/airflow/example_dags/plugins/event_listener.py
[2023-07-22T17:13:07.704-0500] {processor.py:838} WARNING - No viable dags retrieved from /Users/abhishekpatkar/Documents/Projects/af_file_loader/venv/lib/python3.11/site-packages/airflow/example_dags/plugins/event_listener.py
[2023-07-22T17:13:08.400-0500] {processor.py:179} INFO - Processing /Users/abhishekpatkar/Documents/Projects/af_file_loader/venv/lib/python3.11/site-packages/airflow/example_dags/plugins/event_listener.py took 0.704 seconds
[2023-07-22T17:15:05.929-0500] {processor.py:157} INFO - Started process (PID=22698) to work on /Users/abhishekpatkar/Documents/Projects/af_file_loader/venv/lib/python3.11/site-packages/airflow/example_dags/plugins/event_listener.py
[2023-07-22T17:15:05.934-0500] {processor.py:826} INFO - Processing file /Users/abhishekpatkar/Documents/Projects/af_file_loader/venv/lib/python3.11/site-packages/airflow/example_dags/plugins/event_listener.py for tasks to queue
[2023-07-22T17:15:05.935-0500] {logging_mixin.py:150} INFO - [2023-07-22T17:15:05.935-0500] {dagbag.py:541} INFO - Filling up the DagBag from /Users/abhishekpatkar/Documents/Projects/af_file_loader/venv/lib/python3.11/site-packages/airflow/example_dags/plugins/event_listener.py
[2023-07-22T17:15:05.936-0500] {processor.py:838} WARNING - No viable dags retrieved from /Users/abhishekpatkar/Documents/Projects/af_file_loader/venv/lib/python3.11/site-packages/airflow/example_dags/plugins/event_listener.py
[2023-07-22T17:15:06.604-0500] {processor.py:179} INFO - Processing /Users/abhishekpatkar/Documents/Projects/af_file_loader/venv/lib/python3.11/site-packages/airflow/example_dags/plugins/event_listener.py took 0.677 seconds
[2023-07-22T17:17:16.603-0500] {processor.py:157} INFO - Started process (PID=22785) to work on /Users/abhishekpatkar/Documents/Projects/af_file_loader/venv/lib/python3.11/site-packages/airflow/example_dags/plugins/event_listener.py
[2023-07-22T17:17:16.607-0500] {processor.py:826} INFO - Processing file /Users/abhishekpatkar/Documents/Projects/af_file_loader/venv/lib/python3.11/site-packages/airflow/example_dags/plugins/event_listener.py for tasks to queue
[2023-07-22T17:17:16.608-0500] {logging_mixin.py:150} INFO - [2023-07-22T17:17:16.608-0500] {dagbag.py:541} INFO - Filling up the DagBag from /Users/abhishekpatkar/Documents/Projects/af_file_loader/venv/lib/python3.11/site-packages/airflow/example_dags/plugins/event_listener.py
[2023-07-22T17:17:16.609-0500] {processor.py:838} WARNING - No viable dags retrieved from /Users/abhishekpatkar/Documents/Projects/af_file_loader/venv/lib/python3.11/site-packages/airflow/example_dags/plugins/event_listener.py
[2023-07-22T17:17:17.311-0500] {processor.py:179} INFO - Processing /Users/abhishekpatkar/Documents/Projects/af_file_loader/venv/lib/python3.11/site-packages/airflow/example_dags/plugins/event_listener.py took 0.708 seconds
[2023-07-22T17:19:57.248-0500] {processor.py:157} INFO - Started process (PID=22925) to work on /Users/abhishekpatkar/Documents/Projects/af_file_loader/venv/lib/python3.11/site-packages/airflow/example_dags/plugins/event_listener.py
[2023-07-22T17:19:57.254-0500] {processor.py:826} INFO - Processing file /Users/abhishekpatkar/Documents/Projects/af_file_loader/venv/lib/python3.11/site-packages/airflow/example_dags/plugins/event_listener.py for tasks to queue
[2023-07-22T17:19:57.254-0500] {logging_mixin.py:150} INFO - [2023-07-22T17:19:57.254-0500] {dagbag.py:541} INFO - Filling up the DagBag from /Users/abhishekpatkar/Documents/Projects/af_file_loader/venv/lib/python3.11/site-packages/airflow/example_dags/plugins/event_listener.py
[2023-07-22T17:19:57.255-0500] {processor.py:838} WARNING - No viable dags retrieved from /Users/abhishekpatkar/Documents/Projects/af_file_loader/venv/lib/python3.11/site-packages/airflow/example_dags/plugins/event_listener.py
[2023-07-22T17:19:57.925-0500] {processor.py:179} INFO - Processing /Users/abhishekpatkar/Documents/Projects/af_file_loader/venv/lib/python3.11/site-packages/airflow/example_dags/plugins/event_listener.py took 0.677 seconds
[2023-07-22T17:21:59.806-0500] {processor.py:157} INFO - Started process (PID=23014) to work on /Users/abhishekpatkar/Documents/Projects/af_file_loader/venv/lib/python3.11/site-packages/airflow/example_dags/plugins/event_listener.py
[2023-07-22T17:21:59.811-0500] {processor.py:826} INFO - Processing file /Users/abhishekpatkar/Documents/Projects/af_file_loader/venv/lib/python3.11/site-packages/airflow/example_dags/plugins/event_listener.py for tasks to queue
[2023-07-22T17:21:59.811-0500] {logging_mixin.py:150} INFO - [2023-07-22T17:21:59.811-0500] {dagbag.py:541} INFO - Filling up the DagBag from /Users/abhishekpatkar/Documents/Projects/af_file_loader/venv/lib/python3.11/site-packages/airflow/example_dags/plugins/event_listener.py
[2023-07-22T17:21:59.813-0500] {processor.py:838} WARNING - No viable dags retrieved from /Users/abhishekpatkar/Documents/Projects/af_file_loader/venv/lib/python3.11/site-packages/airflow/example_dags/plugins/event_listener.py
[2023-07-22T17:22:00.494-0500] {processor.py:179} INFO - Processing /Users/abhishekpatkar/Documents/Projects/af_file_loader/venv/lib/python3.11/site-packages/airflow/example_dags/plugins/event_listener.py took 0.689 seconds
[2023-07-22T17:25:46.989-0500] {processor.py:157} INFO - Started process (PID=23183) to work on /Users/abhishekpatkar/Documents/Projects/af_file_loader/venv/lib/python3.11/site-packages/airflow/example_dags/plugins/event_listener.py
[2023-07-22T17:25:46.996-0500] {processor.py:826} INFO - Processing file /Users/abhishekpatkar/Documents/Projects/af_file_loader/venv/lib/python3.11/site-packages/airflow/example_dags/plugins/event_listener.py for tasks to queue
[2023-07-22T17:25:46.997-0500] {logging_mixin.py:150} INFO - [2023-07-22T17:25:46.997-0500] {dagbag.py:541} INFO - Filling up the DagBag from /Users/abhishekpatkar/Documents/Projects/af_file_loader/venv/lib/python3.11/site-packages/airflow/example_dags/plugins/event_listener.py
[2023-07-22T17:25:46.999-0500] {processor.py:838} WARNING - No viable dags retrieved from /Users/abhishekpatkar/Documents/Projects/af_file_loader/venv/lib/python3.11/site-packages/airflow/example_dags/plugins/event_listener.py
[2023-07-22T17:25:49.016-0500] {processor.py:179} INFO - Processing /Users/abhishekpatkar/Documents/Projects/af_file_loader/venv/lib/python3.11/site-packages/airflow/example_dags/plugins/event_listener.py took 2.040 seconds
[2023-07-22T17:30:21.514-0500] {processor.py:157} INFO - Started process (PID=23352) to work on /Users/abhishekpatkar/Documents/Projects/af_file_loader/venv/lib/python3.11/site-packages/airflow/example_dags/plugins/event_listener.py
[2023-07-22T17:30:21.521-0500] {processor.py:826} INFO - Processing file /Users/abhishekpatkar/Documents/Projects/af_file_loader/venv/lib/python3.11/site-packages/airflow/example_dags/plugins/event_listener.py for tasks to queue
[2023-07-22T17:30:21.524-0500] {logging_mixin.py:150} INFO - [2023-07-22T17:30:21.522-0500] {dagbag.py:541} INFO - Filling up the DagBag from /Users/abhishekpatkar/Documents/Projects/af_file_loader/venv/lib/python3.11/site-packages/airflow/example_dags/plugins/event_listener.py
[2023-07-22T17:30:21.528-0500] {processor.py:838} WARNING - No viable dags retrieved from /Users/abhishekpatkar/Documents/Projects/af_file_loader/venv/lib/python3.11/site-packages/airflow/example_dags/plugins/event_listener.py
[2023-07-22T17:30:22.591-0500] {processor.py:179} INFO - Processing /Users/abhishekpatkar/Documents/Projects/af_file_loader/venv/lib/python3.11/site-packages/airflow/example_dags/plugins/event_listener.py took 1.079 seconds
[2023-07-22T17:32:30.823-0500] {processor.py:157} INFO - Started process (PID=23443) to work on /Users/abhishekpatkar/Documents/Projects/af_file_loader/venv/lib/python3.11/site-packages/airflow/example_dags/plugins/event_listener.py
[2023-07-22T17:32:30.827-0500] {processor.py:826} INFO - Processing file /Users/abhishekpatkar/Documents/Projects/af_file_loader/venv/lib/python3.11/site-packages/airflow/example_dags/plugins/event_listener.py for tasks to queue
[2023-07-22T17:32:30.828-0500] {logging_mixin.py:150} INFO - [2023-07-22T17:32:30.828-0500] {dagbag.py:541} INFO - Filling up the DagBag from /Users/abhishekpatkar/Documents/Projects/af_file_loader/venv/lib/python3.11/site-packages/airflow/example_dags/plugins/event_listener.py
[2023-07-22T17:32:30.829-0500] {processor.py:838} WARNING - No viable dags retrieved from /Users/abhishekpatkar/Documents/Projects/af_file_loader/venv/lib/python3.11/site-packages/airflow/example_dags/plugins/event_listener.py
[2023-07-22T17:32:31.612-0500] {processor.py:179} INFO - Processing /Users/abhishekpatkar/Documents/Projects/af_file_loader/venv/lib/python3.11/site-packages/airflow/example_dags/plugins/event_listener.py took 0.790 seconds
[2023-07-22T17:34:27.462-0500] {processor.py:157} INFO - Started process (PID=23515) to work on /Users/abhishekpatkar/Documents/Projects/af_file_loader/venv/lib/python3.11/site-packages/airflow/example_dags/plugins/event_listener.py
[2023-07-22T17:34:27.466-0500] {processor.py:826} INFO - Processing file /Users/abhishekpatkar/Documents/Projects/af_file_loader/venv/lib/python3.11/site-packages/airflow/example_dags/plugins/event_listener.py for tasks to queue
[2023-07-22T17:34:27.467-0500] {logging_mixin.py:150} INFO - [2023-07-22T17:34:27.467-0500] {dagbag.py:541} INFO - Filling up the DagBag from /Users/abhishekpatkar/Documents/Projects/af_file_loader/venv/lib/python3.11/site-packages/airflow/example_dags/plugins/event_listener.py
[2023-07-22T17:34:27.468-0500] {processor.py:838} WARNING - No viable dags retrieved from /Users/abhishekpatkar/Documents/Projects/af_file_loader/venv/lib/python3.11/site-packages/airflow/example_dags/plugins/event_listener.py
[2023-07-22T17:34:28.083-0500] {processor.py:179} INFO - Processing /Users/abhishekpatkar/Documents/Projects/af_file_loader/venv/lib/python3.11/site-packages/airflow/example_dags/plugins/event_listener.py took 0.622 seconds
[2023-07-22T17:37:12.622-0500] {processor.py:157} INFO - Started process (PID=23613) to work on /Users/abhishekpatkar/Documents/Projects/af_file_loader/venv/lib/python3.11/site-packages/airflow/example_dags/plugins/event_listener.py
[2023-07-22T17:37:12.640-0500] {processor.py:826} INFO - Processing file /Users/abhishekpatkar/Documents/Projects/af_file_loader/venv/lib/python3.11/site-packages/airflow/example_dags/plugins/event_listener.py for tasks to queue
[2023-07-22T17:37:12.643-0500] {logging_mixin.py:150} INFO - [2023-07-22T17:37:12.642-0500] {dagbag.py:541} INFO - Filling up the DagBag from /Users/abhishekpatkar/Documents/Projects/af_file_loader/venv/lib/python3.11/site-packages/airflow/example_dags/plugins/event_listener.py
[2023-07-22T17:37:12.652-0500] {processor.py:838} WARNING - No viable dags retrieved from /Users/abhishekpatkar/Documents/Projects/af_file_loader/venv/lib/python3.11/site-packages/airflow/example_dags/plugins/event_listener.py
[2023-07-22T17:37:14.356-0500] {processor.py:179} INFO - Processing /Users/abhishekpatkar/Documents/Projects/af_file_loader/venv/lib/python3.11/site-packages/airflow/example_dags/plugins/event_listener.py took 1.737 seconds
[2023-07-22T17:42:28.044-0500] {processor.py:157} INFO - Started process (PID=23828) to work on /Users/abhishekpatkar/Documents/Projects/af_file_loader/venv/lib/python3.11/site-packages/airflow/example_dags/plugins/event_listener.py
[2023-07-22T17:42:28.049-0500] {processor.py:826} INFO - Processing file /Users/abhishekpatkar/Documents/Projects/af_file_loader/venv/lib/python3.11/site-packages/airflow/example_dags/plugins/event_listener.py for tasks to queue
[2023-07-22T17:42:28.050-0500] {logging_mixin.py:150} INFO - [2023-07-22T17:42:28.050-0500] {dagbag.py:541} INFO - Filling up the DagBag from /Users/abhishekpatkar/Documents/Projects/af_file_loader/venv/lib/python3.11/site-packages/airflow/example_dags/plugins/event_listener.py
[2023-07-22T17:42:28.052-0500] {processor.py:838} WARNING - No viable dags retrieved from /Users/abhishekpatkar/Documents/Projects/af_file_loader/venv/lib/python3.11/site-packages/airflow/example_dags/plugins/event_listener.py
[2023-07-22T17:42:29.958-0500] {processor.py:179} INFO - Processing /Users/abhishekpatkar/Documents/Projects/af_file_loader/venv/lib/python3.11/site-packages/airflow/example_dags/plugins/event_listener.py took 1.915 seconds
[2023-07-22T17:50:47.791-0500] {processor.py:157} INFO - Started process (PID=24216) to work on /Users/abhishekpatkar/Documents/Projects/af_file_loader/venv/lib/python3.11/site-packages/airflow/example_dags/plugins/event_listener.py
[2023-07-22T17:50:47.829-0500] {processor.py:826} INFO - Processing file /Users/abhishekpatkar/Documents/Projects/af_file_loader/venv/lib/python3.11/site-packages/airflow/example_dags/plugins/event_listener.py for tasks to queue
[2023-07-22T17:50:47.832-0500] {logging_mixin.py:150} INFO - [2023-07-22T17:50:47.832-0500] {dagbag.py:541} INFO - Filling up the DagBag from /Users/abhishekpatkar/Documents/Projects/af_file_loader/venv/lib/python3.11/site-packages/airflow/example_dags/plugins/event_listener.py
[2023-07-22T17:50:47.837-0500] {processor.py:838} WARNING - No viable dags retrieved from /Users/abhishekpatkar/Documents/Projects/af_file_loader/venv/lib/python3.11/site-packages/airflow/example_dags/plugins/event_listener.py
[2023-07-22T17:50:50.848-0500] {processor.py:179} INFO - Processing /Users/abhishekpatkar/Documents/Projects/af_file_loader/venv/lib/python3.11/site-packages/airflow/example_dags/plugins/event_listener.py took 3.063 seconds
[2023-07-22T17:54:45.521-0500] {processor.py:157} INFO - Started process (PID=24458) to work on /Users/abhishekpatkar/Documents/Projects/af_file_loader/venv/lib/python3.11/site-packages/airflow/example_dags/plugins/event_listener.py
[2023-07-22T17:54:45.527-0500] {processor.py:826} INFO - Processing file /Users/abhishekpatkar/Documents/Projects/af_file_loader/venv/lib/python3.11/site-packages/airflow/example_dags/plugins/event_listener.py for tasks to queue
[2023-07-22T17:54:45.528-0500] {logging_mixin.py:150} INFO - [2023-07-22T17:54:45.528-0500] {dagbag.py:541} INFO - Filling up the DagBag from /Users/abhishekpatkar/Documents/Projects/af_file_loader/venv/lib/python3.11/site-packages/airflow/example_dags/plugins/event_listener.py
[2023-07-22T17:54:45.530-0500] {processor.py:838} WARNING - No viable dags retrieved from /Users/abhishekpatkar/Documents/Projects/af_file_loader/venv/lib/python3.11/site-packages/airflow/example_dags/plugins/event_listener.py
[2023-07-22T17:54:46.721-0500] {processor.py:179} INFO - Processing /Users/abhishekpatkar/Documents/Projects/af_file_loader/venv/lib/python3.11/site-packages/airflow/example_dags/plugins/event_listener.py took 1.200 seconds
[2023-07-22T18:00:21.863-0500] {processor.py:157} INFO - Started process (PID=24677) to work on /Users/abhishekpatkar/Documents/Projects/af_file_loader/venv/lib/python3.11/site-packages/airflow/example_dags/plugins/event_listener.py
[2023-07-22T18:00:21.871-0500] {processor.py:826} INFO - Processing file /Users/abhishekpatkar/Documents/Projects/af_file_loader/venv/lib/python3.11/site-packages/airflow/example_dags/plugins/event_listener.py for tasks to queue
[2023-07-22T18:00:21.872-0500] {logging_mixin.py:150} INFO - [2023-07-22T18:00:21.872-0500] {dagbag.py:541} INFO - Filling up the DagBag from /Users/abhishekpatkar/Documents/Projects/af_file_loader/venv/lib/python3.11/site-packages/airflow/example_dags/plugins/event_listener.py
[2023-07-22T18:00:21.874-0500] {processor.py:838} WARNING - No viable dags retrieved from /Users/abhishekpatkar/Documents/Projects/af_file_loader/venv/lib/python3.11/site-packages/airflow/example_dags/plugins/event_listener.py
[2023-07-22T18:00:23.671-0500] {processor.py:179} INFO - Processing /Users/abhishekpatkar/Documents/Projects/af_file_loader/venv/lib/python3.11/site-packages/airflow/example_dags/plugins/event_listener.py took 1.809 seconds
[2023-07-22T18:04:28.321-0500] {processor.py:157} INFO - Started process (PID=24826) to work on /Users/abhishekpatkar/Documents/Projects/af_file_loader/venv/lib/python3.11/site-packages/airflow/example_dags/plugins/event_listener.py
[2023-07-22T18:04:28.325-0500] {processor.py:826} INFO - Processing file /Users/abhishekpatkar/Documents/Projects/af_file_loader/venv/lib/python3.11/site-packages/airflow/example_dags/plugins/event_listener.py for tasks to queue
[2023-07-22T18:04:28.326-0500] {logging_mixin.py:150} INFO - [2023-07-22T18:04:28.326-0500] {dagbag.py:541} INFO - Filling up the DagBag from /Users/abhishekpatkar/Documents/Projects/af_file_loader/venv/lib/python3.11/site-packages/airflow/example_dags/plugins/event_listener.py
[2023-07-22T18:04:28.328-0500] {processor.py:838} WARNING - No viable dags retrieved from /Users/abhishekpatkar/Documents/Projects/af_file_loader/venv/lib/python3.11/site-packages/airflow/example_dags/plugins/event_listener.py
[2023-07-22T18:04:30.145-0500] {processor.py:179} INFO - Processing /Users/abhishekpatkar/Documents/Projects/af_file_loader/venv/lib/python3.11/site-packages/airflow/example_dags/plugins/event_listener.py took 1.826 seconds
[2023-07-22T18:07:27.139-0500] {processor.py:157} INFO - Started process (PID=24927) to work on /Users/abhishekpatkar/Documents/Projects/af_file_loader/venv/lib/python3.11/site-packages/airflow/example_dags/plugins/event_listener.py
[2023-07-22T18:07:27.147-0500] {processor.py:826} INFO - Processing file /Users/abhishekpatkar/Documents/Projects/af_file_loader/venv/lib/python3.11/site-packages/airflow/example_dags/plugins/event_listener.py for tasks to queue
[2023-07-22T18:07:27.148-0500] {logging_mixin.py:150} INFO - [2023-07-22T18:07:27.148-0500] {dagbag.py:541} INFO - Filling up the DagBag from /Users/abhishekpatkar/Documents/Projects/af_file_loader/venv/lib/python3.11/site-packages/airflow/example_dags/plugins/event_listener.py
[2023-07-22T18:07:27.151-0500] {processor.py:838} WARNING - No viable dags retrieved from /Users/abhishekpatkar/Documents/Projects/af_file_loader/venv/lib/python3.11/site-packages/airflow/example_dags/plugins/event_listener.py
[2023-07-22T18:07:28.416-0500] {processor.py:179} INFO - Processing /Users/abhishekpatkar/Documents/Projects/af_file_loader/venv/lib/python3.11/site-packages/airflow/example_dags/plugins/event_listener.py took 1.278 seconds
