[2023-07-22T14:49:44.315-0500] {processor.py:157} INFO - Started process (PID=16544) to work on /Users/abhishekpatkar/Documents/Projects/af_file_loader/venv/lib/python3.11/site-packages/airflow/example_dags/plugins/listener_plugin.py
[2023-07-22T14:49:44.321-0500] {processor.py:826} INFO - Processing file /Users/abhishekpatkar/Documents/Projects/af_file_loader/venv/lib/python3.11/site-packages/airflow/example_dags/plugins/listener_plugin.py for tasks to queue
[2023-07-22T14:49:44.322-0500] {logging_mixin.py:150} INFO - [2023-07-22T14:49:44.322-0500] {dagbag.py:541} INFO - Filling up the DagBag from /Users/abhishekpatkar/Documents/Projects/af_file_loader/venv/lib/python3.11/site-packages/airflow/example_dags/plugins/listener_plugin.py
[2023-07-22T14:49:44.327-0500] {processor.py:838} WARNING - No viable dags retrieved from /Users/abhishekpatkar/Documents/Projects/af_file_loader/venv/lib/python3.11/site-packages/airflow/example_dags/plugins/listener_plugin.py
[2023-07-22T14:49:45.552-0500] {processor.py:179} INFO - Processing /Users/abhishekpatkar/Documents/Projects/af_file_loader/venv/lib/python3.11/site-packages/airflow/example_dags/plugins/listener_plugin.py took 1.238 seconds
[2023-07-22T14:53:17.243-0500] {processor.py:157} INFO - Started process (PID=16720) to work on /Users/abhishekpatkar/Documents/Projects/af_file_loader/venv/lib/python3.11/site-packages/airflow/example_dags/plugins/listener_plugin.py
[2023-07-22T14:53:17.264-0500] {processor.py:826} INFO - Processing file /Users/abhishekpatkar/Documents/Projects/af_file_loader/venv/lib/python3.11/site-packages/airflow/example_dags/plugins/listener_plugin.py for tasks to queue
[2023-07-22T14:53:17.269-0500] {logging_mixin.py:150} INFO - [2023-07-22T14:53:17.269-0500] {dagbag.py:541} INFO - Filling up the DagBag from /Users/abhishekpatkar/Documents/Projects/af_file_loader/venv/lib/python3.11/site-packages/airflow/example_dags/plugins/listener_plugin.py
[2023-07-22T14:53:17.275-0500] {processor.py:838} WARNING - No viable dags retrieved from /Users/abhishekpatkar/Documents/Projects/af_file_loader/venv/lib/python3.11/site-packages/airflow/example_dags/plugins/listener_plugin.py
[2023-07-22T14:53:18.636-0500] {processor.py:179} INFO - Processing /Users/abhishekpatkar/Documents/Projects/af_file_loader/venv/lib/python3.11/site-packages/airflow/example_dags/plugins/listener_plugin.py took 1.395 seconds
[2023-07-22T14:56:04.725-0500] {processor.py:157} INFO - Started process (PID=16932) to work on /Users/abhishekpatkar/Documents/Projects/af_file_loader/venv/lib/python3.11/site-packages/airflow/example_dags/plugins/listener_plugin.py
[2023-07-22T14:56:04.732-0500] {processor.py:826} INFO - Processing file /Users/abhishekpatkar/Documents/Projects/af_file_loader/venv/lib/python3.11/site-packages/airflow/example_dags/plugins/listener_plugin.py for tasks to queue
[2023-07-22T14:56:04.733-0500] {logging_mixin.py:150} INFO - [2023-07-22T14:56:04.733-0500] {dagbag.py:541} INFO - Filling up the DagBag from /Users/abhishekpatkar/Documents/Projects/af_file_loader/venv/lib/python3.11/site-packages/airflow/example_dags/plugins/listener_plugin.py
[2023-07-22T14:56:04.736-0500] {processor.py:838} WARNING - No viable dags retrieved from /Users/abhishekpatkar/Documents/Projects/af_file_loader/venv/lib/python3.11/site-packages/airflow/example_dags/plugins/listener_plugin.py
[2023-07-22T14:56:05.810-0500] {processor.py:179} INFO - Processing /Users/abhishekpatkar/Documents/Projects/af_file_loader/venv/lib/python3.11/site-packages/airflow/example_dags/plugins/listener_plugin.py took 1.087 seconds
[2023-07-22T14:58:38.786-0500] {processor.py:157} INFO - Started process (PID=17029) to work on /Users/abhishekpatkar/Documents/Projects/af_file_loader/venv/lib/python3.11/site-packages/airflow/example_dags/plugins/listener_plugin.py
[2023-07-22T14:58:38.792-0500] {processor.py:826} INFO - Processing file /Users/abhishekpatkar/Documents/Projects/af_file_loader/venv/lib/python3.11/site-packages/airflow/example_dags/plugins/listener_plugin.py for tasks to queue
[2023-07-22T14:58:38.793-0500] {logging_mixin.py:150} INFO - [2023-07-22T14:58:38.793-0500] {dagbag.py:541} INFO - Filling up the DagBag from /Users/abhishekpatkar/Documents/Projects/af_file_loader/venv/lib/python3.11/site-packages/airflow/example_dags/plugins/listener_plugin.py
[2023-07-22T14:58:38.798-0500] {processor.py:838} WARNING - No viable dags retrieved from /Users/abhishekpatkar/Documents/Projects/af_file_loader/venv/lib/python3.11/site-packages/airflow/example_dags/plugins/listener_plugin.py
[2023-07-22T14:58:39.609-0500] {processor.py:179} INFO - Processing /Users/abhishekpatkar/Documents/Projects/af_file_loader/venv/lib/python3.11/site-packages/airflow/example_dags/plugins/listener_plugin.py took 0.823 seconds
[2023-07-22T15:00:59.462-0500] {processor.py:157} INFO - Started process (PID=17110) to work on /Users/abhishekpatkar/Documents/Projects/af_file_loader/venv/lib/python3.11/site-packages/airflow/example_dags/plugins/listener_plugin.py
[2023-07-22T15:00:59.468-0500] {processor.py:826} INFO - Processing file /Users/abhishekpatkar/Documents/Projects/af_file_loader/venv/lib/python3.11/site-packages/airflow/example_dags/plugins/listener_plugin.py for tasks to queue
[2023-07-22T15:00:59.468-0500] {logging_mixin.py:150} INFO - [2023-07-22T15:00:59.468-0500] {dagbag.py:541} INFO - Filling up the DagBag from /Users/abhishekpatkar/Documents/Projects/af_file_loader/venv/lib/python3.11/site-packages/airflow/example_dags/plugins/listener_plugin.py
[2023-07-22T15:00:59.472-0500] {processor.py:838} WARNING - No viable dags retrieved from /Users/abhishekpatkar/Documents/Projects/af_file_loader/venv/lib/python3.11/site-packages/airflow/example_dags/plugins/listener_plugin.py
[2023-07-22T15:01:00.204-0500] {processor.py:179} INFO - Processing /Users/abhishekpatkar/Documents/Projects/af_file_loader/venv/lib/python3.11/site-packages/airflow/example_dags/plugins/listener_plugin.py took 0.743 seconds
[2023-07-22T15:03:26.396-0500] {processor.py:157} INFO - Started process (PID=17364) to work on /Users/abhishekpatkar/Documents/Projects/af_file_loader/venv/lib/python3.11/site-packages/airflow/example_dags/plugins/listener_plugin.py
[2023-07-22T15:03:26.405-0500] {processor.py:826} INFO - Processing file /Users/abhishekpatkar/Documents/Projects/af_file_loader/venv/lib/python3.11/site-packages/airflow/example_dags/plugins/listener_plugin.py for tasks to queue
[2023-07-22T15:03:26.406-0500] {logging_mixin.py:150} INFO - [2023-07-22T15:03:26.406-0500] {dagbag.py:541} INFO - Filling up the DagBag from /Users/abhishekpatkar/Documents/Projects/af_file_loader/venv/lib/python3.11/site-packages/airflow/example_dags/plugins/listener_plugin.py
[2023-07-22T15:03:26.413-0500] {processor.py:838} WARNING - No viable dags retrieved from /Users/abhishekpatkar/Documents/Projects/af_file_loader/venv/lib/python3.11/site-packages/airflow/example_dags/plugins/listener_plugin.py
[2023-07-22T15:03:28.266-0500] {processor.py:179} INFO - Processing /Users/abhishekpatkar/Documents/Projects/af_file_loader/venv/lib/python3.11/site-packages/airflow/example_dags/plugins/listener_plugin.py took 1.872 seconds
[2023-07-22T15:06:50.697-0500] {processor.py:157} INFO - Started process (PID=17637) to work on /Users/abhishekpatkar/Documents/Projects/af_file_loader/venv/lib/python3.11/site-packages/airflow/example_dags/plugins/listener_plugin.py
[2023-07-22T15:06:50.708-0500] {processor.py:826} INFO - Processing file /Users/abhishekpatkar/Documents/Projects/af_file_loader/venv/lib/python3.11/site-packages/airflow/example_dags/plugins/listener_plugin.py for tasks to queue
[2023-07-22T15:06:50.709-0500] {logging_mixin.py:150} INFO - [2023-07-22T15:06:50.708-0500] {dagbag.py:541} INFO - Filling up the DagBag from /Users/abhishekpatkar/Documents/Projects/af_file_loader/venv/lib/python3.11/site-packages/airflow/example_dags/plugins/listener_plugin.py
[2023-07-22T15:06:50.716-0500] {processor.py:838} WARNING - No viable dags retrieved from /Users/abhishekpatkar/Documents/Projects/af_file_loader/venv/lib/python3.11/site-packages/airflow/example_dags/plugins/listener_plugin.py
[2023-07-22T15:06:53.497-0500] {processor.py:179} INFO - Processing /Users/abhishekpatkar/Documents/Projects/af_file_loader/venv/lib/python3.11/site-packages/airflow/example_dags/plugins/listener_plugin.py took 2.801 seconds
[2023-07-22T15:12:06.367-0500] {processor.py:157} INFO - Started process (PID=17852) to work on /Users/abhishekpatkar/Documents/Projects/af_file_loader/venv/lib/python3.11/site-packages/airflow/example_dags/plugins/listener_plugin.py
[2023-07-22T15:12:06.372-0500] {processor.py:826} INFO - Processing file /Users/abhishekpatkar/Documents/Projects/af_file_loader/venv/lib/python3.11/site-packages/airflow/example_dags/plugins/listener_plugin.py for tasks to queue
[2023-07-22T15:12:06.373-0500] {logging_mixin.py:150} INFO - [2023-07-22T15:12:06.372-0500] {dagbag.py:541} INFO - Filling up the DagBag from /Users/abhishekpatkar/Documents/Projects/af_file_loader/venv/lib/python3.11/site-packages/airflow/example_dags/plugins/listener_plugin.py
[2023-07-22T15:12:06.377-0500] {processor.py:838} WARNING - No viable dags retrieved from /Users/abhishekpatkar/Documents/Projects/af_file_loader/venv/lib/python3.11/site-packages/airflow/example_dags/plugins/listener_plugin.py
[2023-07-22T15:12:07.288-0500] {processor.py:179} INFO - Processing /Users/abhishekpatkar/Documents/Projects/af_file_loader/venv/lib/python3.11/site-packages/airflow/example_dags/plugins/listener_plugin.py took 0.922 seconds
[2023-07-22T15:14:45.066-0500] {processor.py:157} INFO - Started process (PID=17943) to work on /Users/abhishekpatkar/Documents/Projects/af_file_loader/venv/lib/python3.11/site-packages/airflow/example_dags/plugins/listener_plugin.py
[2023-07-22T15:14:45.070-0500] {processor.py:826} INFO - Processing file /Users/abhishekpatkar/Documents/Projects/af_file_loader/venv/lib/python3.11/site-packages/airflow/example_dags/plugins/listener_plugin.py for tasks to queue
[2023-07-22T15:14:45.071-0500] {logging_mixin.py:150} INFO - [2023-07-22T15:14:45.070-0500] {dagbag.py:541} INFO - Filling up the DagBag from /Users/abhishekpatkar/Documents/Projects/af_file_loader/venv/lib/python3.11/site-packages/airflow/example_dags/plugins/listener_plugin.py
[2023-07-22T15:14:45.074-0500] {processor.py:838} WARNING - No viable dags retrieved from /Users/abhishekpatkar/Documents/Projects/af_file_loader/venv/lib/python3.11/site-packages/airflow/example_dags/plugins/listener_plugin.py
[2023-07-22T15:14:46.023-0500] {processor.py:179} INFO - Processing /Users/abhishekpatkar/Documents/Projects/af_file_loader/venv/lib/python3.11/site-packages/airflow/example_dags/plugins/listener_plugin.py took 0.958 seconds
[2023-07-22T15:17:37.357-0500] {processor.py:157} INFO - Started process (PID=18043) to work on /Users/abhishekpatkar/Documents/Projects/af_file_loader/venv/lib/python3.11/site-packages/airflow/example_dags/plugins/listener_plugin.py
[2023-07-22T15:17:37.361-0500] {processor.py:826} INFO - Processing file /Users/abhishekpatkar/Documents/Projects/af_file_loader/venv/lib/python3.11/site-packages/airflow/example_dags/plugins/listener_plugin.py for tasks to queue
[2023-07-22T15:17:37.362-0500] {logging_mixin.py:150} INFO - [2023-07-22T15:17:37.362-0500] {dagbag.py:541} INFO - Filling up the DagBag from /Users/abhishekpatkar/Documents/Projects/af_file_loader/venv/lib/python3.11/site-packages/airflow/example_dags/plugins/listener_plugin.py
[2023-07-22T15:17:37.366-0500] {processor.py:838} WARNING - No viable dags retrieved from /Users/abhishekpatkar/Documents/Projects/af_file_loader/venv/lib/python3.11/site-packages/airflow/example_dags/plugins/listener_plugin.py
[2023-07-22T15:17:38.283-0500] {processor.py:179} INFO - Processing /Users/abhishekpatkar/Documents/Projects/af_file_loader/venv/lib/python3.11/site-packages/airflow/example_dags/plugins/listener_plugin.py took 0.928 seconds
[2023-07-22T15:20:28.332-0500] {processor.py:157} INFO - Started process (PID=18150) to work on /Users/abhishekpatkar/Documents/Projects/af_file_loader/venv/lib/python3.11/site-packages/airflow/example_dags/plugins/listener_plugin.py
[2023-07-22T15:20:28.338-0500] {processor.py:826} INFO - Processing file /Users/abhishekpatkar/Documents/Projects/af_file_loader/venv/lib/python3.11/site-packages/airflow/example_dags/plugins/listener_plugin.py for tasks to queue
[2023-07-22T15:20:28.339-0500] {logging_mixin.py:150} INFO - [2023-07-22T15:20:28.339-0500] {dagbag.py:541} INFO - Filling up the DagBag from /Users/abhishekpatkar/Documents/Projects/af_file_loader/venv/lib/python3.11/site-packages/airflow/example_dags/plugins/listener_plugin.py
[2023-07-22T15:20:28.345-0500] {processor.py:838} WARNING - No viable dags retrieved from /Users/abhishekpatkar/Documents/Projects/af_file_loader/venv/lib/python3.11/site-packages/airflow/example_dags/plugins/listener_plugin.py
[2023-07-22T15:20:29.208-0500] {processor.py:179} INFO - Processing /Users/abhishekpatkar/Documents/Projects/af_file_loader/venv/lib/python3.11/site-packages/airflow/example_dags/plugins/listener_plugin.py took 0.877 seconds
[2023-07-22T15:23:00.333-0500] {processor.py:157} INFO - Started process (PID=18243) to work on /Users/abhishekpatkar/Documents/Projects/af_file_loader/venv/lib/python3.11/site-packages/airflow/example_dags/plugins/listener_plugin.py
[2023-07-22T15:23:00.338-0500] {processor.py:826} INFO - Processing file /Users/abhishekpatkar/Documents/Projects/af_file_loader/venv/lib/python3.11/site-packages/airflow/example_dags/plugins/listener_plugin.py for tasks to queue
[2023-07-22T15:23:00.339-0500] {logging_mixin.py:150} INFO - [2023-07-22T15:23:00.338-0500] {dagbag.py:541} INFO - Filling up the DagBag from /Users/abhishekpatkar/Documents/Projects/af_file_loader/venv/lib/python3.11/site-packages/airflow/example_dags/plugins/listener_plugin.py
[2023-07-22T15:23:00.342-0500] {processor.py:838} WARNING - No viable dags retrieved from /Users/abhishekpatkar/Documents/Projects/af_file_loader/venv/lib/python3.11/site-packages/airflow/example_dags/plugins/listener_plugin.py
[2023-07-22T15:23:01.121-0500] {processor.py:179} INFO - Processing /Users/abhishekpatkar/Documents/Projects/af_file_loader/venv/lib/python3.11/site-packages/airflow/example_dags/plugins/listener_plugin.py took 0.790 seconds
[2023-07-22T15:25:10.436-0500] {processor.py:157} INFO - Started process (PID=18332) to work on /Users/abhishekpatkar/Documents/Projects/af_file_loader/venv/lib/python3.11/site-packages/airflow/example_dags/plugins/listener_plugin.py
[2023-07-22T15:25:10.440-0500] {processor.py:826} INFO - Processing file /Users/abhishekpatkar/Documents/Projects/af_file_loader/venv/lib/python3.11/site-packages/airflow/example_dags/plugins/listener_plugin.py for tasks to queue
[2023-07-22T15:25:10.441-0500] {logging_mixin.py:150} INFO - [2023-07-22T15:25:10.441-0500] {dagbag.py:541} INFO - Filling up the DagBag from /Users/abhishekpatkar/Documents/Projects/af_file_loader/venv/lib/python3.11/site-packages/airflow/example_dags/plugins/listener_plugin.py
[2023-07-22T15:25:10.445-0500] {processor.py:838} WARNING - No viable dags retrieved from /Users/abhishekpatkar/Documents/Projects/af_file_loader/venv/lib/python3.11/site-packages/airflow/example_dags/plugins/listener_plugin.py
[2023-07-22T15:25:11.181-0500] {processor.py:179} INFO - Processing /Users/abhishekpatkar/Documents/Projects/af_file_loader/venv/lib/python3.11/site-packages/airflow/example_dags/plugins/listener_plugin.py took 0.745 seconds
[2023-07-22T15:28:38.508-0500] {processor.py:157} INFO - Started process (PID=18623) to work on /Users/abhishekpatkar/Documents/Projects/af_file_loader/venv/lib/python3.11/site-packages/airflow/example_dags/plugins/listener_plugin.py
[2023-07-22T15:28:38.512-0500] {processor.py:826} INFO - Processing file /Users/abhishekpatkar/Documents/Projects/af_file_loader/venv/lib/python3.11/site-packages/airflow/example_dags/plugins/listener_plugin.py for tasks to queue
[2023-07-22T15:28:38.513-0500] {logging_mixin.py:150} INFO - [2023-07-22T15:28:38.513-0500] {dagbag.py:541} INFO - Filling up the DagBag from /Users/abhishekpatkar/Documents/Projects/af_file_loader/venv/lib/python3.11/site-packages/airflow/example_dags/plugins/listener_plugin.py
[2023-07-22T15:28:38.516-0500] {processor.py:838} WARNING - No viable dags retrieved from /Users/abhishekpatkar/Documents/Projects/af_file_loader/venv/lib/python3.11/site-packages/airflow/example_dags/plugins/listener_plugin.py
[2023-07-22T15:28:39.746-0500] {processor.py:179} INFO - Processing /Users/abhishekpatkar/Documents/Projects/af_file_loader/venv/lib/python3.11/site-packages/airflow/example_dags/plugins/listener_plugin.py took 1.238 seconds
[2023-07-22T15:31:36.706-0500] {processor.py:157} INFO - Started process (PID=18803) to work on /Users/abhishekpatkar/Documents/Projects/af_file_loader/venv/lib/python3.11/site-packages/airflow/example_dags/plugins/listener_plugin.py
[2023-07-22T15:31:36.710-0500] {processor.py:826} INFO - Processing file /Users/abhishekpatkar/Documents/Projects/af_file_loader/venv/lib/python3.11/site-packages/airflow/example_dags/plugins/listener_plugin.py for tasks to queue
[2023-07-22T15:31:36.711-0500] {logging_mixin.py:150} INFO - [2023-07-22T15:31:36.711-0500] {dagbag.py:541} INFO - Filling up the DagBag from /Users/abhishekpatkar/Documents/Projects/af_file_loader/venv/lib/python3.11/site-packages/airflow/example_dags/plugins/listener_plugin.py
[2023-07-22T15:31:36.716-0500] {processor.py:838} WARNING - No viable dags retrieved from /Users/abhishekpatkar/Documents/Projects/af_file_loader/venv/lib/python3.11/site-packages/airflow/example_dags/plugins/listener_plugin.py
[2023-07-22T15:31:37.371-0500] {processor.py:179} INFO - Processing /Users/abhishekpatkar/Documents/Projects/af_file_loader/venv/lib/python3.11/site-packages/airflow/example_dags/plugins/listener_plugin.py took 0.666 seconds
[2023-07-22T15:33:33.854-0500] {processor.py:157} INFO - Started process (PID=18879) to work on /Users/abhishekpatkar/Documents/Projects/af_file_loader/venv/lib/python3.11/site-packages/airflow/example_dags/plugins/listener_plugin.py
[2023-07-22T15:33:33.858-0500] {processor.py:826} INFO - Processing file /Users/abhishekpatkar/Documents/Projects/af_file_loader/venv/lib/python3.11/site-packages/airflow/example_dags/plugins/listener_plugin.py for tasks to queue
[2023-07-22T15:33:33.859-0500] {logging_mixin.py:150} INFO - [2023-07-22T15:33:33.859-0500] {dagbag.py:541} INFO - Filling up the DagBag from /Users/abhishekpatkar/Documents/Projects/af_file_loader/venv/lib/python3.11/site-packages/airflow/example_dags/plugins/listener_plugin.py
[2023-07-22T15:33:33.862-0500] {processor.py:838} WARNING - No viable dags retrieved from /Users/abhishekpatkar/Documents/Projects/af_file_loader/venv/lib/python3.11/site-packages/airflow/example_dags/plugins/listener_plugin.py
[2023-07-22T15:33:34.460-0500] {processor.py:179} INFO - Processing /Users/abhishekpatkar/Documents/Projects/af_file_loader/venv/lib/python3.11/site-packages/airflow/example_dags/plugins/listener_plugin.py took 0.607 seconds
[2023-07-22T15:35:24.401-0500] {processor.py:157} INFO - Started process (PID=18956) to work on /Users/abhishekpatkar/Documents/Projects/af_file_loader/venv/lib/python3.11/site-packages/airflow/example_dags/plugins/listener_plugin.py
[2023-07-22T15:35:24.407-0500] {processor.py:826} INFO - Processing file /Users/abhishekpatkar/Documents/Projects/af_file_loader/venv/lib/python3.11/site-packages/airflow/example_dags/plugins/listener_plugin.py for tasks to queue
[2023-07-22T15:35:24.408-0500] {logging_mixin.py:150} INFO - [2023-07-22T15:35:24.408-0500] {dagbag.py:541} INFO - Filling up the DagBag from /Users/abhishekpatkar/Documents/Projects/af_file_loader/venv/lib/python3.11/site-packages/airflow/example_dags/plugins/listener_plugin.py
[2023-07-22T15:35:24.411-0500] {processor.py:838} WARNING - No viable dags retrieved from /Users/abhishekpatkar/Documents/Projects/af_file_loader/venv/lib/python3.11/site-packages/airflow/example_dags/plugins/listener_plugin.py
[2023-07-22T15:35:25.017-0500] {processor.py:179} INFO - Processing /Users/abhishekpatkar/Documents/Projects/af_file_loader/venv/lib/python3.11/site-packages/airflow/example_dags/plugins/listener_plugin.py took 0.617 seconds
[2023-07-22T15:37:27.799-0500] {processor.py:157} INFO - Started process (PID=19254) to work on /Users/abhishekpatkar/Documents/Projects/af_file_loader/venv/lib/python3.11/site-packages/airflow/example_dags/plugins/listener_plugin.py
[2023-07-22T15:37:27.803-0500] {processor.py:826} INFO - Processing file /Users/abhishekpatkar/Documents/Projects/af_file_loader/venv/lib/python3.11/site-packages/airflow/example_dags/plugins/listener_plugin.py for tasks to queue
[2023-07-22T15:37:27.804-0500] {logging_mixin.py:150} INFO - [2023-07-22T15:37:27.804-0500] {dagbag.py:541} INFO - Filling up the DagBag from /Users/abhishekpatkar/Documents/Projects/af_file_loader/venv/lib/python3.11/site-packages/airflow/example_dags/plugins/listener_plugin.py
[2023-07-22T15:37:27.808-0500] {processor.py:838} WARNING - No viable dags retrieved from /Users/abhishekpatkar/Documents/Projects/af_file_loader/venv/lib/python3.11/site-packages/airflow/example_dags/plugins/listener_plugin.py
[2023-07-22T15:46:33.150-0500] {processor.py:179} INFO - Processing /Users/abhishekpatkar/Documents/Projects/af_file_loader/venv/lib/python3.11/site-packages/airflow/example_dags/plugins/listener_plugin.py took 2.695 seconds
[2023-07-22T15:49:14.610-0500] {processor.py:157} INFO - Started process (PID=19492) to work on /Users/abhishekpatkar/Documents/Projects/af_file_loader/venv/lib/python3.11/site-packages/airflow/example_dags/plugins/listener_plugin.py
[2023-07-22T15:49:14.617-0500] {processor.py:826} INFO - Processing file /Users/abhishekpatkar/Documents/Projects/af_file_loader/venv/lib/python3.11/site-packages/airflow/example_dags/plugins/listener_plugin.py for tasks to queue
[2023-07-22T15:49:14.618-0500] {logging_mixin.py:150} INFO - [2023-07-22T15:49:14.617-0500] {dagbag.py:541} INFO - Filling up the DagBag from /Users/abhishekpatkar/Documents/Projects/af_file_loader/venv/lib/python3.11/site-packages/airflow/example_dags/plugins/listener_plugin.py
[2023-07-22T15:49:14.622-0500] {processor.py:838} WARNING - No viable dags retrieved from /Users/abhishekpatkar/Documents/Projects/af_file_loader/venv/lib/python3.11/site-packages/airflow/example_dags/plugins/listener_plugin.py
[2023-07-22T15:49:15.702-0500] {processor.py:179} INFO - Processing /Users/abhishekpatkar/Documents/Projects/af_file_loader/venv/lib/python3.11/site-packages/airflow/example_dags/plugins/listener_plugin.py took 1.092 seconds
[2023-07-22T15:51:47.891-0500] {processor.py:157} INFO - Started process (PID=19736) to work on /Users/abhishekpatkar/Documents/Projects/af_file_loader/venv/lib/python3.11/site-packages/airflow/example_dags/plugins/listener_plugin.py
[2023-07-22T15:51:47.896-0500] {processor.py:826} INFO - Processing file /Users/abhishekpatkar/Documents/Projects/af_file_loader/venv/lib/python3.11/site-packages/airflow/example_dags/plugins/listener_plugin.py for tasks to queue
[2023-07-22T15:51:47.897-0500] {logging_mixin.py:150} INFO - [2023-07-22T15:51:47.896-0500] {dagbag.py:541} INFO - Filling up the DagBag from /Users/abhishekpatkar/Documents/Projects/af_file_loader/venv/lib/python3.11/site-packages/airflow/example_dags/plugins/listener_plugin.py
[2023-07-22T15:51:47.903-0500] {processor.py:838} WARNING - No viable dags retrieved from /Users/abhishekpatkar/Documents/Projects/af_file_loader/venv/lib/python3.11/site-packages/airflow/example_dags/plugins/listener_plugin.py
[2023-07-22T15:51:48.852-0500] {processor.py:179} INFO - Processing /Users/abhishekpatkar/Documents/Projects/af_file_loader/venv/lib/python3.11/site-packages/airflow/example_dags/plugins/listener_plugin.py took 0.967 seconds
[2023-07-22T15:54:27.083-0500] {processor.py:157} INFO - Started process (PID=19914) to work on /Users/abhishekpatkar/Documents/Projects/af_file_loader/venv/lib/python3.11/site-packages/airflow/example_dags/plugins/listener_plugin.py
[2023-07-22T15:54:27.091-0500] {processor.py:826} INFO - Processing file /Users/abhishekpatkar/Documents/Projects/af_file_loader/venv/lib/python3.11/site-packages/airflow/example_dags/plugins/listener_plugin.py for tasks to queue
[2023-07-22T15:54:27.092-0500] {logging_mixin.py:150} INFO - [2023-07-22T15:54:27.092-0500] {dagbag.py:541} INFO - Filling up the DagBag from /Users/abhishekpatkar/Documents/Projects/af_file_loader/venv/lib/python3.11/site-packages/airflow/example_dags/plugins/listener_plugin.py
[2023-07-22T15:54:27.095-0500] {processor.py:838} WARNING - No viable dags retrieved from /Users/abhishekpatkar/Documents/Projects/af_file_loader/venv/lib/python3.11/site-packages/airflow/example_dags/plugins/listener_plugin.py
[2023-07-22T15:54:27.951-0500] {processor.py:179} INFO - Processing /Users/abhishekpatkar/Documents/Projects/af_file_loader/venv/lib/python3.11/site-packages/airflow/example_dags/plugins/listener_plugin.py took 0.869 seconds
[2023-07-22T15:57:08.357-0500] {processor.py:157} INFO - Started process (PID=20160) to work on /Users/abhishekpatkar/Documents/Projects/af_file_loader/venv/lib/python3.11/site-packages/airflow/example_dags/plugins/listener_plugin.py
[2023-07-22T15:57:08.362-0500] {processor.py:826} INFO - Processing file /Users/abhishekpatkar/Documents/Projects/af_file_loader/venv/lib/python3.11/site-packages/airflow/example_dags/plugins/listener_plugin.py for tasks to queue
[2023-07-22T15:57:08.362-0500] {logging_mixin.py:150} INFO - [2023-07-22T15:57:08.362-0500] {dagbag.py:541} INFO - Filling up the DagBag from /Users/abhishekpatkar/Documents/Projects/af_file_loader/venv/lib/python3.11/site-packages/airflow/example_dags/plugins/listener_plugin.py
[2023-07-22T15:57:08.367-0500] {processor.py:838} WARNING - No viable dags retrieved from /Users/abhishekpatkar/Documents/Projects/af_file_loader/venv/lib/python3.11/site-packages/airflow/example_dags/plugins/listener_plugin.py
[2023-07-22T15:57:09.683-0500] {processor.py:179} INFO - Processing /Users/abhishekpatkar/Documents/Projects/af_file_loader/venv/lib/python3.11/site-packages/airflow/example_dags/plugins/listener_plugin.py took 1.327 seconds
[2023-07-22T15:59:38.350-0500] {processor.py:157} INFO - Started process (PID=20285) to work on /Users/abhishekpatkar/Documents/Projects/af_file_loader/venv/lib/python3.11/site-packages/airflow/example_dags/plugins/listener_plugin.py
[2023-07-22T15:59:38.355-0500] {processor.py:826} INFO - Processing file /Users/abhishekpatkar/Documents/Projects/af_file_loader/venv/lib/python3.11/site-packages/airflow/example_dags/plugins/listener_plugin.py for tasks to queue
[2023-07-22T15:59:38.356-0500] {logging_mixin.py:150} INFO - [2023-07-22T15:59:38.356-0500] {dagbag.py:541} INFO - Filling up the DagBag from /Users/abhishekpatkar/Documents/Projects/af_file_loader/venv/lib/python3.11/site-packages/airflow/example_dags/plugins/listener_plugin.py
[2023-07-22T15:59:38.359-0500] {processor.py:838} WARNING - No viable dags retrieved from /Users/abhishekpatkar/Documents/Projects/af_file_loader/venv/lib/python3.11/site-packages/airflow/example_dags/plugins/listener_plugin.py
[2023-07-22T15:59:39.305-0500] {processor.py:179} INFO - Processing /Users/abhishekpatkar/Documents/Projects/af_file_loader/venv/lib/python3.11/site-packages/airflow/example_dags/plugins/listener_plugin.py took 0.956 seconds
[2023-07-22T16:02:07.136-0500] {processor.py:157} INFO - Started process (PID=20373) to work on /Users/abhishekpatkar/Documents/Projects/af_file_loader/venv/lib/python3.11/site-packages/airflow/example_dags/plugins/listener_plugin.py
[2023-07-22T16:02:07.142-0500] {processor.py:826} INFO - Processing file /Users/abhishekpatkar/Documents/Projects/af_file_loader/venv/lib/python3.11/site-packages/airflow/example_dags/plugins/listener_plugin.py for tasks to queue
[2023-07-22T16:02:07.143-0500] {logging_mixin.py:150} INFO - [2023-07-22T16:02:07.143-0500] {dagbag.py:541} INFO - Filling up the DagBag from /Users/abhishekpatkar/Documents/Projects/af_file_loader/venv/lib/python3.11/site-packages/airflow/example_dags/plugins/listener_plugin.py
[2023-07-22T16:02:07.148-0500] {processor.py:838} WARNING - No viable dags retrieved from /Users/abhishekpatkar/Documents/Projects/af_file_loader/venv/lib/python3.11/site-packages/airflow/example_dags/plugins/listener_plugin.py
[2023-07-22T16:02:08.035-0500] {processor.py:179} INFO - Processing /Users/abhishekpatkar/Documents/Projects/af_file_loader/venv/lib/python3.11/site-packages/airflow/example_dags/plugins/listener_plugin.py took 0.900 seconds
[2023-07-22T16:04:03.536-0500] {processor.py:157} INFO - Started process (PID=20449) to work on /Users/abhishekpatkar/Documents/Projects/af_file_loader/venv/lib/python3.11/site-packages/airflow/example_dags/plugins/listener_plugin.py
[2023-07-22T16:04:03.540-0500] {processor.py:826} INFO - Processing file /Users/abhishekpatkar/Documents/Projects/af_file_loader/venv/lib/python3.11/site-packages/airflow/example_dags/plugins/listener_plugin.py for tasks to queue
[2023-07-22T16:04:03.541-0500] {logging_mixin.py:150} INFO - [2023-07-22T16:04:03.541-0500] {dagbag.py:541} INFO - Filling up the DagBag from /Users/abhishekpatkar/Documents/Projects/af_file_loader/venv/lib/python3.11/site-packages/airflow/example_dags/plugins/listener_plugin.py
[2023-07-22T16:04:03.544-0500] {processor.py:838} WARNING - No viable dags retrieved from /Users/abhishekpatkar/Documents/Projects/af_file_loader/venv/lib/python3.11/site-packages/airflow/example_dags/plugins/listener_plugin.py
[2023-07-22T16:04:04.160-0500] {processor.py:179} INFO - Processing /Users/abhishekpatkar/Documents/Projects/af_file_loader/venv/lib/python3.11/site-packages/airflow/example_dags/plugins/listener_plugin.py took 0.625 seconds
[2023-07-22T16:05:50.498-0500] {processor.py:157} INFO - Started process (PID=20529) to work on /Users/abhishekpatkar/Documents/Projects/af_file_loader/venv/lib/python3.11/site-packages/airflow/example_dags/plugins/listener_plugin.py
[2023-07-22T16:05:50.503-0500] {processor.py:826} INFO - Processing file /Users/abhishekpatkar/Documents/Projects/af_file_loader/venv/lib/python3.11/site-packages/airflow/example_dags/plugins/listener_plugin.py for tasks to queue
[2023-07-22T16:05:50.504-0500] {logging_mixin.py:150} INFO - [2023-07-22T16:05:50.504-0500] {dagbag.py:541} INFO - Filling up the DagBag from /Users/abhishekpatkar/Documents/Projects/af_file_loader/venv/lib/python3.11/site-packages/airflow/example_dags/plugins/listener_plugin.py
[2023-07-22T16:05:50.507-0500] {processor.py:838} WARNING - No viable dags retrieved from /Users/abhishekpatkar/Documents/Projects/af_file_loader/venv/lib/python3.11/site-packages/airflow/example_dags/plugins/listener_plugin.py
[2023-07-22T16:05:51.105-0500] {processor.py:179} INFO - Processing /Users/abhishekpatkar/Documents/Projects/af_file_loader/venv/lib/python3.11/site-packages/airflow/example_dags/plugins/listener_plugin.py took 0.608 seconds
[2023-07-22T16:07:41.885-0500] {processor.py:157} INFO - Started process (PID=20623) to work on /Users/abhishekpatkar/Documents/Projects/af_file_loader/venv/lib/python3.11/site-packages/airflow/example_dags/plugins/listener_plugin.py
[2023-07-22T16:07:41.889-0500] {processor.py:826} INFO - Processing file /Users/abhishekpatkar/Documents/Projects/af_file_loader/venv/lib/python3.11/site-packages/airflow/example_dags/plugins/listener_plugin.py for tasks to queue
[2023-07-22T16:07:41.890-0500] {logging_mixin.py:150} INFO - [2023-07-22T16:07:41.890-0500] {dagbag.py:541} INFO - Filling up the DagBag from /Users/abhishekpatkar/Documents/Projects/af_file_loader/venv/lib/python3.11/site-packages/airflow/example_dags/plugins/listener_plugin.py
[2023-07-22T16:07:41.896-0500] {processor.py:838} WARNING - No viable dags retrieved from /Users/abhishekpatkar/Documents/Projects/af_file_loader/venv/lib/python3.11/site-packages/airflow/example_dags/plugins/listener_plugin.py
[2023-07-22T16:07:42.501-0500] {processor.py:179} INFO - Processing /Users/abhishekpatkar/Documents/Projects/af_file_loader/venv/lib/python3.11/site-packages/airflow/example_dags/plugins/listener_plugin.py took 0.617 seconds
[2023-07-22T16:09:33.719-0500] {processor.py:157} INFO - Started process (PID=20698) to work on /Users/abhishekpatkar/Documents/Projects/af_file_loader/venv/lib/python3.11/site-packages/airflow/example_dags/plugins/listener_plugin.py
[2023-07-22T16:09:33.723-0500] {processor.py:826} INFO - Processing file /Users/abhishekpatkar/Documents/Projects/af_file_loader/venv/lib/python3.11/site-packages/airflow/example_dags/plugins/listener_plugin.py for tasks to queue
[2023-07-22T16:09:33.723-0500] {logging_mixin.py:150} INFO - [2023-07-22T16:09:33.723-0500] {dagbag.py:541} INFO - Filling up the DagBag from /Users/abhishekpatkar/Documents/Projects/af_file_loader/venv/lib/python3.11/site-packages/airflow/example_dags/plugins/listener_plugin.py
[2023-07-22T16:09:33.725-0500] {processor.py:838} WARNING - No viable dags retrieved from /Users/abhishekpatkar/Documents/Projects/af_file_loader/venv/lib/python3.11/site-packages/airflow/example_dags/plugins/listener_plugin.py
[2023-07-22T16:09:34.291-0500] {processor.py:179} INFO - Processing /Users/abhishekpatkar/Documents/Projects/af_file_loader/venv/lib/python3.11/site-packages/airflow/example_dags/plugins/listener_plugin.py took 0.573 seconds
[2023-07-22T16:11:19.818-0500] {processor.py:157} INFO - Started process (PID=20768) to work on /Users/abhishekpatkar/Documents/Projects/af_file_loader/venv/lib/python3.11/site-packages/airflow/example_dags/plugins/listener_plugin.py
[2023-07-22T16:11:19.822-0500] {processor.py:826} INFO - Processing file /Users/abhishekpatkar/Documents/Projects/af_file_loader/venv/lib/python3.11/site-packages/airflow/example_dags/plugins/listener_plugin.py for tasks to queue
[2023-07-22T16:11:19.822-0500] {logging_mixin.py:150} INFO - [2023-07-22T16:11:19.822-0500] {dagbag.py:541} INFO - Filling up the DagBag from /Users/abhishekpatkar/Documents/Projects/af_file_loader/venv/lib/python3.11/site-packages/airflow/example_dags/plugins/listener_plugin.py
[2023-07-22T16:11:19.824-0500] {processor.py:838} WARNING - No viable dags retrieved from /Users/abhishekpatkar/Documents/Projects/af_file_loader/venv/lib/python3.11/site-packages/airflow/example_dags/plugins/listener_plugin.py
[2023-07-22T16:11:20.395-0500] {processor.py:179} INFO - Processing /Users/abhishekpatkar/Documents/Projects/af_file_loader/venv/lib/python3.11/site-packages/airflow/example_dags/plugins/listener_plugin.py took 0.578 seconds
[2023-07-22T16:25:40.012-0500] {processor.py:157} INFO - Started process (PID=20939) to work on /Users/abhishekpatkar/Documents/Projects/af_file_loader/venv/lib/python3.11/site-packages/airflow/example_dags/plugins/listener_plugin.py
[2023-07-22T16:25:40.023-0500] {processor.py:826} INFO - Processing file /Users/abhishekpatkar/Documents/Projects/af_file_loader/venv/lib/python3.11/site-packages/airflow/example_dags/plugins/listener_plugin.py for tasks to queue
[2023-07-22T16:25:40.045-0500] {logging_mixin.py:150} INFO - [2023-07-22T16:25:40.044-0500] {dagbag.py:541} INFO - Filling up the DagBag from /Users/abhishekpatkar/Documents/Projects/af_file_loader/venv/lib/python3.11/site-packages/airflow/example_dags/plugins/listener_plugin.py
[2023-07-22T16:25:40.106-0500] {processor.py:838} WARNING - No viable dags retrieved from /Users/abhishekpatkar/Documents/Projects/af_file_loader/venv/lib/python3.11/site-packages/airflow/example_dags/plugins/listener_plugin.py
[2023-07-22T16:25:44.090-0500] {processor.py:179} INFO - Processing /Users/abhishekpatkar/Documents/Projects/af_file_loader/venv/lib/python3.11/site-packages/airflow/example_dags/plugins/listener_plugin.py took 4.080 seconds
[2023-07-22T16:29:04.534-0500] {processor.py:157} INFO - Started process (PID=21064) to work on /Users/abhishekpatkar/Documents/Projects/af_file_loader/venv/lib/python3.11/site-packages/airflow/example_dags/plugins/listener_plugin.py
[2023-07-22T16:29:04.539-0500] {processor.py:826} INFO - Processing file /Users/abhishekpatkar/Documents/Projects/af_file_loader/venv/lib/python3.11/site-packages/airflow/example_dags/plugins/listener_plugin.py for tasks to queue
[2023-07-22T16:29:04.540-0500] {logging_mixin.py:150} INFO - [2023-07-22T16:29:04.540-0500] {dagbag.py:541} INFO - Filling up the DagBag from /Users/abhishekpatkar/Documents/Projects/af_file_loader/venv/lib/python3.11/site-packages/airflow/example_dags/plugins/listener_plugin.py
[2023-07-22T16:29:04.544-0500] {processor.py:838} WARNING - No viable dags retrieved from /Users/abhishekpatkar/Documents/Projects/af_file_loader/venv/lib/python3.11/site-packages/airflow/example_dags/plugins/listener_plugin.py
[2023-07-22T16:29:05.332-0500] {processor.py:179} INFO - Processing /Users/abhishekpatkar/Documents/Projects/af_file_loader/venv/lib/python3.11/site-packages/airflow/example_dags/plugins/listener_plugin.py took 0.799 seconds
[2023-07-22T16:32:17.799-0500] {processor.py:157} INFO - Started process (PID=21167) to work on /Users/abhishekpatkar/Documents/Projects/af_file_loader/venv/lib/python3.11/site-packages/airflow/example_dags/plugins/listener_plugin.py
[2023-07-22T16:32:17.804-0500] {processor.py:826} INFO - Processing file /Users/abhishekpatkar/Documents/Projects/af_file_loader/venv/lib/python3.11/site-packages/airflow/example_dags/plugins/listener_plugin.py for tasks to queue
[2023-07-22T16:32:17.805-0500] {logging_mixin.py:150} INFO - [2023-07-22T16:32:17.804-0500] {dagbag.py:541} INFO - Filling up the DagBag from /Users/abhishekpatkar/Documents/Projects/af_file_loader/venv/lib/python3.11/site-packages/airflow/example_dags/plugins/listener_plugin.py
[2023-07-22T16:32:17.813-0500] {processor.py:838} WARNING - No viable dags retrieved from /Users/abhishekpatkar/Documents/Projects/af_file_loader/venv/lib/python3.11/site-packages/airflow/example_dags/plugins/listener_plugin.py
[2023-07-22T16:32:18.773-0500] {processor.py:179} INFO - Processing /Users/abhishekpatkar/Documents/Projects/af_file_loader/venv/lib/python3.11/site-packages/airflow/example_dags/plugins/listener_plugin.py took 0.976 seconds
[2023-07-22T16:35:40.856-0500] {processor.py:157} INFO - Started process (PID=21273) to work on /Users/abhishekpatkar/Documents/Projects/af_file_loader/venv/lib/python3.11/site-packages/airflow/example_dags/plugins/listener_plugin.py
[2023-07-22T16:35:40.860-0500] {processor.py:826} INFO - Processing file /Users/abhishekpatkar/Documents/Projects/af_file_loader/venv/lib/python3.11/site-packages/airflow/example_dags/plugins/listener_plugin.py for tasks to queue
[2023-07-22T16:35:40.860-0500] {logging_mixin.py:150} INFO - [2023-07-22T16:35:40.860-0500] {dagbag.py:541} INFO - Filling up the DagBag from /Users/abhishekpatkar/Documents/Projects/af_file_loader/venv/lib/python3.11/site-packages/airflow/example_dags/plugins/listener_plugin.py
[2023-07-22T16:35:40.864-0500] {processor.py:838} WARNING - No viable dags retrieved from /Users/abhishekpatkar/Documents/Projects/af_file_loader/venv/lib/python3.11/site-packages/airflow/example_dags/plugins/listener_plugin.py
[2023-07-22T16:35:41.888-0500] {processor.py:179} INFO - Processing /Users/abhishekpatkar/Documents/Projects/af_file_loader/venv/lib/python3.11/site-packages/airflow/example_dags/plugins/listener_plugin.py took 1.033 seconds
[2023-07-22T16:40:49.346-0500] {processor.py:157} INFO - Started process (PID=21478) to work on /Users/abhishekpatkar/Documents/Projects/af_file_loader/venv/lib/python3.11/site-packages/airflow/example_dags/plugins/listener_plugin.py
[2023-07-22T16:40:49.358-0500] {processor.py:826} INFO - Processing file /Users/abhishekpatkar/Documents/Projects/af_file_loader/venv/lib/python3.11/site-packages/airflow/example_dags/plugins/listener_plugin.py for tasks to queue
[2023-07-22T16:40:49.363-0500] {logging_mixin.py:150} INFO - [2023-07-22T16:40:49.362-0500] {dagbag.py:541} INFO - Filling up the DagBag from /Users/abhishekpatkar/Documents/Projects/af_file_loader/venv/lib/python3.11/site-packages/airflow/example_dags/plugins/listener_plugin.py
[2023-07-22T16:40:49.377-0500] {processor.py:838} WARNING - No viable dags retrieved from /Users/abhishekpatkar/Documents/Projects/af_file_loader/venv/lib/python3.11/site-packages/airflow/example_dags/plugins/listener_plugin.py
[2023-07-22T16:40:50.498-0500] {processor.py:179} INFO - Processing /Users/abhishekpatkar/Documents/Projects/af_file_loader/venv/lib/python3.11/site-packages/airflow/example_dags/plugins/listener_plugin.py took 1.156 seconds
[2023-07-22T16:44:48.081-0500] {processor.py:157} INFO - Started process (PID=21605) to work on /Users/abhishekpatkar/Documents/Projects/af_file_loader/venv/lib/python3.11/site-packages/airflow/example_dags/plugins/listener_plugin.py
[2023-07-22T16:44:48.085-0500] {processor.py:826} INFO - Processing file /Users/abhishekpatkar/Documents/Projects/af_file_loader/venv/lib/python3.11/site-packages/airflow/example_dags/plugins/listener_plugin.py for tasks to queue
[2023-07-22T16:44:48.087-0500] {logging_mixin.py:150} INFO - [2023-07-22T16:44:48.087-0500] {dagbag.py:541} INFO - Filling up the DagBag from /Users/abhishekpatkar/Documents/Projects/af_file_loader/venv/lib/python3.11/site-packages/airflow/example_dags/plugins/listener_plugin.py
[2023-07-22T16:44:48.093-0500] {processor.py:838} WARNING - No viable dags retrieved from /Users/abhishekpatkar/Documents/Projects/af_file_loader/venv/lib/python3.11/site-packages/airflow/example_dags/plugins/listener_plugin.py
[2023-07-22T16:44:49.304-0500] {processor.py:179} INFO - Processing /Users/abhishekpatkar/Documents/Projects/af_file_loader/venv/lib/python3.11/site-packages/airflow/example_dags/plugins/listener_plugin.py took 1.225 seconds
[2023-07-22T16:48:22.973-0500] {processor.py:157} INFO - Started process (PID=21712) to work on /Users/abhishekpatkar/Documents/Projects/af_file_loader/venv/lib/python3.11/site-packages/airflow/example_dags/plugins/listener_plugin.py
[2023-07-22T16:48:22.978-0500] {processor.py:826} INFO - Processing file /Users/abhishekpatkar/Documents/Projects/af_file_loader/venv/lib/python3.11/site-packages/airflow/example_dags/plugins/listener_plugin.py for tasks to queue
[2023-07-22T16:48:22.978-0500] {logging_mixin.py:150} INFO - [2023-07-22T16:48:22.978-0500] {dagbag.py:541} INFO - Filling up the DagBag from /Users/abhishekpatkar/Documents/Projects/af_file_loader/venv/lib/python3.11/site-packages/airflow/example_dags/plugins/listener_plugin.py
[2023-07-22T16:48:22.983-0500] {processor.py:838} WARNING - No viable dags retrieved from /Users/abhishekpatkar/Documents/Projects/af_file_loader/venv/lib/python3.11/site-packages/airflow/example_dags/plugins/listener_plugin.py
[2023-07-22T16:48:24.432-0500] {processor.py:179} INFO - Processing /Users/abhishekpatkar/Documents/Projects/af_file_loader/venv/lib/python3.11/site-packages/airflow/example_dags/plugins/listener_plugin.py took 1.460 seconds
[2023-07-22T16:52:13.887-0500] {processor.py:157} INFO - Started process (PID=21828) to work on /Users/abhishekpatkar/Documents/Projects/af_file_loader/venv/lib/python3.11/site-packages/airflow/example_dags/plugins/listener_plugin.py
[2023-07-22T16:52:13.893-0500] {processor.py:826} INFO - Processing file /Users/abhishekpatkar/Documents/Projects/af_file_loader/venv/lib/python3.11/site-packages/airflow/example_dags/plugins/listener_plugin.py for tasks to queue
[2023-07-22T16:52:13.893-0500] {logging_mixin.py:150} INFO - [2023-07-22T16:52:13.893-0500] {dagbag.py:541} INFO - Filling up the DagBag from /Users/abhishekpatkar/Documents/Projects/af_file_loader/venv/lib/python3.11/site-packages/airflow/example_dags/plugins/listener_plugin.py
[2023-07-22T16:52:13.896-0500] {processor.py:838} WARNING - No viable dags retrieved from /Users/abhishekpatkar/Documents/Projects/af_file_loader/venv/lib/python3.11/site-packages/airflow/example_dags/plugins/listener_plugin.py
[2023-07-22T16:52:15.353-0500] {processor.py:179} INFO - Processing /Users/abhishekpatkar/Documents/Projects/af_file_loader/venv/lib/python3.11/site-packages/airflow/example_dags/plugins/listener_plugin.py took 1.468 seconds
[2023-07-22T16:55:41.379-0500] {processor.py:157} INFO - Started process (PID=21949) to work on /Users/abhishekpatkar/Documents/Projects/af_file_loader/venv/lib/python3.11/site-packages/airflow/example_dags/plugins/listener_plugin.py
[2023-07-22T16:55:41.391-0500] {processor.py:826} INFO - Processing file /Users/abhishekpatkar/Documents/Projects/af_file_loader/venv/lib/python3.11/site-packages/airflow/example_dags/plugins/listener_plugin.py for tasks to queue
[2023-07-22T16:55:41.391-0500] {logging_mixin.py:150} INFO - [2023-07-22T16:55:41.391-0500] {dagbag.py:541} INFO - Filling up the DagBag from /Users/abhishekpatkar/Documents/Projects/af_file_loader/venv/lib/python3.11/site-packages/airflow/example_dags/plugins/listener_plugin.py
[2023-07-22T16:55:41.394-0500] {processor.py:838} WARNING - No viable dags retrieved from /Users/abhishekpatkar/Documents/Projects/af_file_loader/venv/lib/python3.11/site-packages/airflow/example_dags/plugins/listener_plugin.py
[2023-07-22T16:55:42.534-0500] {processor.py:179} INFO - Processing /Users/abhishekpatkar/Documents/Projects/af_file_loader/venv/lib/python3.11/site-packages/airflow/example_dags/plugins/listener_plugin.py took 1.156 seconds
[2023-07-22T16:58:37.974-0500] {processor.py:157} INFO - Started process (PID=22045) to work on /Users/abhishekpatkar/Documents/Projects/af_file_loader/venv/lib/python3.11/site-packages/airflow/example_dags/plugins/listener_plugin.py
[2023-07-22T16:58:37.982-0500] {processor.py:826} INFO - Processing file /Users/abhishekpatkar/Documents/Projects/af_file_loader/venv/lib/python3.11/site-packages/airflow/example_dags/plugins/listener_plugin.py for tasks to queue
[2023-07-22T16:58:37.983-0500] {logging_mixin.py:150} INFO - [2023-07-22T16:58:37.983-0500] {dagbag.py:541} INFO - Filling up the DagBag from /Users/abhishekpatkar/Documents/Projects/af_file_loader/venv/lib/python3.11/site-packages/airflow/example_dags/plugins/listener_plugin.py
[2023-07-22T16:58:37.987-0500] {processor.py:838} WARNING - No viable dags retrieved from /Users/abhishekpatkar/Documents/Projects/af_file_loader/venv/lib/python3.11/site-packages/airflow/example_dags/plugins/listener_plugin.py
[2023-07-22T16:58:38.989-0500] {processor.py:179} INFO - Processing /Users/abhishekpatkar/Documents/Projects/af_file_loader/venv/lib/python3.11/site-packages/airflow/example_dags/plugins/listener_plugin.py took 1.016 seconds
[2023-07-22T17:02:52.653-0500] {processor.py:157} INFO - Started process (PID=22221) to work on /Users/abhishekpatkar/Documents/Projects/af_file_loader/venv/lib/python3.11/site-packages/airflow/example_dags/plugins/listener_plugin.py
[2023-07-22T17:02:52.657-0500] {processor.py:826} INFO - Processing file /Users/abhishekpatkar/Documents/Projects/af_file_loader/venv/lib/python3.11/site-packages/airflow/example_dags/plugins/listener_plugin.py for tasks to queue
[2023-07-22T17:02:52.658-0500] {logging_mixin.py:150} INFO - [2023-07-22T17:02:52.658-0500] {dagbag.py:541} INFO - Filling up the DagBag from /Users/abhishekpatkar/Documents/Projects/af_file_loader/venv/lib/python3.11/site-packages/airflow/example_dags/plugins/listener_plugin.py
[2023-07-22T17:02:52.662-0500] {processor.py:838} WARNING - No viable dags retrieved from /Users/abhishekpatkar/Documents/Projects/af_file_loader/venv/lib/python3.11/site-packages/airflow/example_dags/plugins/listener_plugin.py
[2023-07-22T17:02:53.415-0500] {processor.py:179} INFO - Processing /Users/abhishekpatkar/Documents/Projects/af_file_loader/venv/lib/python3.11/site-packages/airflow/example_dags/plugins/listener_plugin.py took 0.762 seconds
[2023-07-22T17:05:08.377-0500] {processor.py:157} INFO - Started process (PID=22309) to work on /Users/abhishekpatkar/Documents/Projects/af_file_loader/venv/lib/python3.11/site-packages/airflow/example_dags/plugins/listener_plugin.py
[2023-07-22T17:05:08.381-0500] {processor.py:826} INFO - Processing file /Users/abhishekpatkar/Documents/Projects/af_file_loader/venv/lib/python3.11/site-packages/airflow/example_dags/plugins/listener_plugin.py for tasks to queue
[2023-07-22T17:05:08.381-0500] {logging_mixin.py:150} INFO - [2023-07-22T17:05:08.381-0500] {dagbag.py:541} INFO - Filling up the DagBag from /Users/abhishekpatkar/Documents/Projects/af_file_loader/venv/lib/python3.11/site-packages/airflow/example_dags/plugins/listener_plugin.py
[2023-07-22T17:05:08.383-0500] {processor.py:838} WARNING - No viable dags retrieved from /Users/abhishekpatkar/Documents/Projects/af_file_loader/venv/lib/python3.11/site-packages/airflow/example_dags/plugins/listener_plugin.py
[2023-07-22T17:05:09.113-0500] {processor.py:179} INFO - Processing /Users/abhishekpatkar/Documents/Projects/af_file_loader/venv/lib/python3.11/site-packages/airflow/example_dags/plugins/listener_plugin.py took 0.737 seconds
[2023-07-22T17:07:03.738-0500] {processor.py:157} INFO - Started process (PID=22381) to work on /Users/abhishekpatkar/Documents/Projects/af_file_loader/venv/lib/python3.11/site-packages/airflow/example_dags/plugins/listener_plugin.py
[2023-07-22T17:07:03.741-0500] {processor.py:826} INFO - Processing file /Users/abhishekpatkar/Documents/Projects/af_file_loader/venv/lib/python3.11/site-packages/airflow/example_dags/plugins/listener_plugin.py for tasks to queue
[2023-07-22T17:07:03.742-0500] {logging_mixin.py:150} INFO - [2023-07-22T17:07:03.742-0500] {dagbag.py:541} INFO - Filling up the DagBag from /Users/abhishekpatkar/Documents/Projects/af_file_loader/venv/lib/python3.11/site-packages/airflow/example_dags/plugins/listener_plugin.py
[2023-07-22T17:07:03.744-0500] {processor.py:838} WARNING - No viable dags retrieved from /Users/abhishekpatkar/Documents/Projects/af_file_loader/venv/lib/python3.11/site-packages/airflow/example_dags/plugins/listener_plugin.py
[2023-07-22T17:07:04.453-0500] {processor.py:179} INFO - Processing /Users/abhishekpatkar/Documents/Projects/af_file_loader/venv/lib/python3.11/site-packages/airflow/example_dags/plugins/listener_plugin.py took 0.716 seconds
[2023-07-22T17:09:05.715-0500] {processor.py:157} INFO - Started process (PID=22464) to work on /Users/abhishekpatkar/Documents/Projects/af_file_loader/venv/lib/python3.11/site-packages/airflow/example_dags/plugins/listener_plugin.py
[2023-07-22T17:09:05.720-0500] {processor.py:826} INFO - Processing file /Users/abhishekpatkar/Documents/Projects/af_file_loader/venv/lib/python3.11/site-packages/airflow/example_dags/plugins/listener_plugin.py for tasks to queue
[2023-07-22T17:09:05.721-0500] {logging_mixin.py:150} INFO - [2023-07-22T17:09:05.720-0500] {dagbag.py:541} INFO - Filling up the DagBag from /Users/abhishekpatkar/Documents/Projects/af_file_loader/venv/lib/python3.11/site-packages/airflow/example_dags/plugins/listener_plugin.py
[2023-07-22T17:09:05.724-0500] {processor.py:838} WARNING - No viable dags retrieved from /Users/abhishekpatkar/Documents/Projects/af_file_loader/venv/lib/python3.11/site-packages/airflow/example_dags/plugins/listener_plugin.py
[2023-07-22T17:09:06.380-0500] {processor.py:179} INFO - Processing /Users/abhishekpatkar/Documents/Projects/af_file_loader/venv/lib/python3.11/site-packages/airflow/example_dags/plugins/listener_plugin.py took 0.665 seconds
[2023-07-22T17:11:05.159-0500] {processor.py:157} INFO - Started process (PID=22547) to work on /Users/abhishekpatkar/Documents/Projects/af_file_loader/venv/lib/python3.11/site-packages/airflow/example_dags/plugins/listener_plugin.py
[2023-07-22T17:11:05.164-0500] {processor.py:826} INFO - Processing file /Users/abhishekpatkar/Documents/Projects/af_file_loader/venv/lib/python3.11/site-packages/airflow/example_dags/plugins/listener_plugin.py for tasks to queue
[2023-07-22T17:11:05.164-0500] {logging_mixin.py:150} INFO - [2023-07-22T17:11:05.164-0500] {dagbag.py:541} INFO - Filling up the DagBag from /Users/abhishekpatkar/Documents/Projects/af_file_loader/venv/lib/python3.11/site-packages/airflow/example_dags/plugins/listener_plugin.py
[2023-07-22T17:11:05.168-0500] {processor.py:838} WARNING - No viable dags retrieved from /Users/abhishekpatkar/Documents/Projects/af_file_loader/venv/lib/python3.11/site-packages/airflow/example_dags/plugins/listener_plugin.py
[2023-07-22T17:11:05.835-0500] {processor.py:179} INFO - Processing /Users/abhishekpatkar/Documents/Projects/af_file_loader/venv/lib/python3.11/site-packages/airflow/example_dags/plugins/listener_plugin.py took 0.677 seconds
[2023-07-22T17:13:04.558-0500] {processor.py:157} INFO - Started process (PID=22620) to work on /Users/abhishekpatkar/Documents/Projects/af_file_loader/venv/lib/python3.11/site-packages/airflow/example_dags/plugins/listener_plugin.py
[2023-07-22T17:13:04.563-0500] {processor.py:826} INFO - Processing file /Users/abhishekpatkar/Documents/Projects/af_file_loader/venv/lib/python3.11/site-packages/airflow/example_dags/plugins/listener_plugin.py for tasks to queue
[2023-07-22T17:13:04.564-0500] {logging_mixin.py:150} INFO - [2023-07-22T17:13:04.563-0500] {dagbag.py:541} INFO - Filling up the DagBag from /Users/abhishekpatkar/Documents/Projects/af_file_loader/venv/lib/python3.11/site-packages/airflow/example_dags/plugins/listener_plugin.py
[2023-07-22T17:13:04.568-0500] {processor.py:838} WARNING - No viable dags retrieved from /Users/abhishekpatkar/Documents/Projects/af_file_loader/venv/lib/python3.11/site-packages/airflow/example_dags/plugins/listener_plugin.py
[2023-07-22T17:13:05.251-0500] {processor.py:179} INFO - Processing /Users/abhishekpatkar/Documents/Projects/af_file_loader/venv/lib/python3.11/site-packages/airflow/example_dags/plugins/listener_plugin.py took 0.694 seconds
[2023-07-22T17:15:03.290-0500] {processor.py:157} INFO - Started process (PID=22696) to work on /Users/abhishekpatkar/Documents/Projects/af_file_loader/venv/lib/python3.11/site-packages/airflow/example_dags/plugins/listener_plugin.py
[2023-07-22T17:15:03.295-0500] {processor.py:826} INFO - Processing file /Users/abhishekpatkar/Documents/Projects/af_file_loader/venv/lib/python3.11/site-packages/airflow/example_dags/plugins/listener_plugin.py for tasks to queue
[2023-07-22T17:15:03.296-0500] {logging_mixin.py:150} INFO - [2023-07-22T17:15:03.295-0500] {dagbag.py:541} INFO - Filling up the DagBag from /Users/abhishekpatkar/Documents/Projects/af_file_loader/venv/lib/python3.11/site-packages/airflow/example_dags/plugins/listener_plugin.py
[2023-07-22T17:15:03.299-0500] {processor.py:838} WARNING - No viable dags retrieved from /Users/abhishekpatkar/Documents/Projects/af_file_loader/venv/lib/python3.11/site-packages/airflow/example_dags/plugins/listener_plugin.py
[2023-07-22T17:15:03.977-0500] {processor.py:179} INFO - Processing /Users/abhishekpatkar/Documents/Projects/af_file_loader/venv/lib/python3.11/site-packages/airflow/example_dags/plugins/listener_plugin.py took 0.687 seconds
[2023-07-22T17:17:13.273-0500] {processor.py:157} INFO - Started process (PID=22781) to work on /Users/abhishekpatkar/Documents/Projects/af_file_loader/venv/lib/python3.11/site-packages/airflow/example_dags/plugins/listener_plugin.py
[2023-07-22T17:17:13.278-0500] {processor.py:826} INFO - Processing file /Users/abhishekpatkar/Documents/Projects/af_file_loader/venv/lib/python3.11/site-packages/airflow/example_dags/plugins/listener_plugin.py for tasks to queue
[2023-07-22T17:17:13.278-0500] {logging_mixin.py:150} INFO - [2023-07-22T17:17:13.278-0500] {dagbag.py:541} INFO - Filling up the DagBag from /Users/abhishekpatkar/Documents/Projects/af_file_loader/venv/lib/python3.11/site-packages/airflow/example_dags/plugins/listener_plugin.py
[2023-07-22T17:17:13.282-0500] {processor.py:838} WARNING - No viable dags retrieved from /Users/abhishekpatkar/Documents/Projects/af_file_loader/venv/lib/python3.11/site-packages/airflow/example_dags/plugins/listener_plugin.py
[2023-07-22T17:17:14.173-0500] {processor.py:179} INFO - Processing /Users/abhishekpatkar/Documents/Projects/af_file_loader/venv/lib/python3.11/site-packages/airflow/example_dags/plugins/listener_plugin.py took 0.902 seconds
[2023-07-22T17:19:54.056-0500] {processor.py:157} INFO - Started process (PID=22921) to work on /Users/abhishekpatkar/Documents/Projects/af_file_loader/venv/lib/python3.11/site-packages/airflow/example_dags/plugins/listener_plugin.py
[2023-07-22T17:19:54.061-0500] {processor.py:826} INFO - Processing file /Users/abhishekpatkar/Documents/Projects/af_file_loader/venv/lib/python3.11/site-packages/airflow/example_dags/plugins/listener_plugin.py for tasks to queue
[2023-07-22T17:19:54.062-0500] {logging_mixin.py:150} INFO - [2023-07-22T17:19:54.062-0500] {dagbag.py:541} INFO - Filling up the DagBag from /Users/abhishekpatkar/Documents/Projects/af_file_loader/venv/lib/python3.11/site-packages/airflow/example_dags/plugins/listener_plugin.py
[2023-07-22T17:19:54.064-0500] {processor.py:838} WARNING - No viable dags retrieved from /Users/abhishekpatkar/Documents/Projects/af_file_loader/venv/lib/python3.11/site-packages/airflow/example_dags/plugins/listener_plugin.py
[2023-07-22T17:19:54.779-0500] {processor.py:179} INFO - Processing /Users/abhishekpatkar/Documents/Projects/af_file_loader/venv/lib/python3.11/site-packages/airflow/example_dags/plugins/listener_plugin.py took 0.725 seconds
[2023-07-22T17:21:56.741-0500] {processor.py:157} INFO - Started process (PID=23011) to work on /Users/abhishekpatkar/Documents/Projects/af_file_loader/venv/lib/python3.11/site-packages/airflow/example_dags/plugins/listener_plugin.py
[2023-07-22T17:21:56.746-0500] {processor.py:826} INFO - Processing file /Users/abhishekpatkar/Documents/Projects/af_file_loader/venv/lib/python3.11/site-packages/airflow/example_dags/plugins/listener_plugin.py for tasks to queue
[2023-07-22T17:21:56.747-0500] {logging_mixin.py:150} INFO - [2023-07-22T17:21:56.747-0500] {dagbag.py:541} INFO - Filling up the DagBag from /Users/abhishekpatkar/Documents/Projects/af_file_loader/venv/lib/python3.11/site-packages/airflow/example_dags/plugins/listener_plugin.py
[2023-07-22T17:21:56.750-0500] {processor.py:838} WARNING - No viable dags retrieved from /Users/abhishekpatkar/Documents/Projects/af_file_loader/venv/lib/python3.11/site-packages/airflow/example_dags/plugins/listener_plugin.py
[2023-07-22T17:21:57.402-0500] {processor.py:179} INFO - Processing /Users/abhishekpatkar/Documents/Projects/af_file_loader/venv/lib/python3.11/site-packages/airflow/example_dags/plugins/listener_plugin.py took 0.662 seconds
[2023-07-22T17:25:38.709-0500] {processor.py:157} INFO - Started process (PID=23180) to work on /Users/abhishekpatkar/Documents/Projects/af_file_loader/venv/lib/python3.11/site-packages/airflow/example_dags/plugins/listener_plugin.py
[2023-07-22T17:25:38.721-0500] {processor.py:826} INFO - Processing file /Users/abhishekpatkar/Documents/Projects/af_file_loader/venv/lib/python3.11/site-packages/airflow/example_dags/plugins/listener_plugin.py for tasks to queue
[2023-07-22T17:25:38.724-0500] {logging_mixin.py:150} INFO - [2023-07-22T17:25:38.723-0500] {dagbag.py:541} INFO - Filling up the DagBag from /Users/abhishekpatkar/Documents/Projects/af_file_loader/venv/lib/python3.11/site-packages/airflow/example_dags/plugins/listener_plugin.py
[2023-07-22T17:25:38.728-0500] {processor.py:838} WARNING - No viable dags retrieved from /Users/abhishekpatkar/Documents/Projects/af_file_loader/venv/lib/python3.11/site-packages/airflow/example_dags/plugins/listener_plugin.py
[2023-07-22T17:25:41.126-0500] {processor.py:179} INFO - Processing /Users/abhishekpatkar/Documents/Projects/af_file_loader/venv/lib/python3.11/site-packages/airflow/example_dags/plugins/listener_plugin.py took 2.418 seconds
[2023-07-22T17:30:17.628-0500] {processor.py:157} INFO - Started process (PID=23349) to work on /Users/abhishekpatkar/Documents/Projects/af_file_loader/venv/lib/python3.11/site-packages/airflow/example_dags/plugins/listener_plugin.py
[2023-07-22T17:30:17.633-0500] {processor.py:826} INFO - Processing file /Users/abhishekpatkar/Documents/Projects/af_file_loader/venv/lib/python3.11/site-packages/airflow/example_dags/plugins/listener_plugin.py for tasks to queue
[2023-07-22T17:30:17.634-0500] {logging_mixin.py:150} INFO - [2023-07-22T17:30:17.634-0500] {dagbag.py:541} INFO - Filling up the DagBag from /Users/abhishekpatkar/Documents/Projects/af_file_loader/venv/lib/python3.11/site-packages/airflow/example_dags/plugins/listener_plugin.py
[2023-07-22T17:30:17.641-0500] {processor.py:838} WARNING - No viable dags retrieved from /Users/abhishekpatkar/Documents/Projects/af_file_loader/venv/lib/python3.11/site-packages/airflow/example_dags/plugins/listener_plugin.py
[2023-07-22T17:30:18.378-0500] {processor.py:179} INFO - Processing /Users/abhishekpatkar/Documents/Projects/af_file_loader/venv/lib/python3.11/site-packages/airflow/example_dags/plugins/listener_plugin.py took 0.754 seconds
[2023-07-22T17:32:27.274-0500] {processor.py:157} INFO - Started process (PID=23439) to work on /Users/abhishekpatkar/Documents/Projects/af_file_loader/venv/lib/python3.11/site-packages/airflow/example_dags/plugins/listener_plugin.py
[2023-07-22T17:32:27.279-0500] {processor.py:826} INFO - Processing file /Users/abhishekpatkar/Documents/Projects/af_file_loader/venv/lib/python3.11/site-packages/airflow/example_dags/plugins/listener_plugin.py for tasks to queue
[2023-07-22T17:32:27.279-0500] {logging_mixin.py:150} INFO - [2023-07-22T17:32:27.279-0500] {dagbag.py:541} INFO - Filling up the DagBag from /Users/abhishekpatkar/Documents/Projects/af_file_loader/venv/lib/python3.11/site-packages/airflow/example_dags/plugins/listener_plugin.py
[2023-07-22T17:32:27.283-0500] {processor.py:838} WARNING - No viable dags retrieved from /Users/abhishekpatkar/Documents/Projects/af_file_loader/venv/lib/python3.11/site-packages/airflow/example_dags/plugins/listener_plugin.py
[2023-07-22T17:32:28.039-0500] {processor.py:179} INFO - Processing /Users/abhishekpatkar/Documents/Projects/af_file_loader/venv/lib/python3.11/site-packages/airflow/example_dags/plugins/listener_plugin.py took 0.767 seconds
[2023-07-22T17:34:24.539-0500] {processor.py:157} INFO - Started process (PID=23513) to work on /Users/abhishekpatkar/Documents/Projects/af_file_loader/venv/lib/python3.11/site-packages/airflow/example_dags/plugins/listener_plugin.py
[2023-07-22T17:34:24.543-0500] {processor.py:826} INFO - Processing file /Users/abhishekpatkar/Documents/Projects/af_file_loader/venv/lib/python3.11/site-packages/airflow/example_dags/plugins/listener_plugin.py for tasks to queue
[2023-07-22T17:34:24.544-0500] {logging_mixin.py:150} INFO - [2023-07-22T17:34:24.544-0500] {dagbag.py:541} INFO - Filling up the DagBag from /Users/abhishekpatkar/Documents/Projects/af_file_loader/venv/lib/python3.11/site-packages/airflow/example_dags/plugins/listener_plugin.py
[2023-07-22T17:34:24.547-0500] {processor.py:838} WARNING - No viable dags retrieved from /Users/abhishekpatkar/Documents/Projects/af_file_loader/venv/lib/python3.11/site-packages/airflow/example_dags/plugins/listener_plugin.py
[2023-07-22T17:34:25.165-0500] {processor.py:179} INFO - Processing /Users/abhishekpatkar/Documents/Projects/af_file_loader/venv/lib/python3.11/site-packages/airflow/example_dags/plugins/listener_plugin.py took 0.627 seconds
[2023-07-22T17:37:05.568-0500] {processor.py:157} INFO - Started process (PID=23609) to work on /Users/abhishekpatkar/Documents/Projects/af_file_loader/venv/lib/python3.11/site-packages/airflow/example_dags/plugins/listener_plugin.py
[2023-07-22T17:37:05.574-0500] {processor.py:826} INFO - Processing file /Users/abhishekpatkar/Documents/Projects/af_file_loader/venv/lib/python3.11/site-packages/airflow/example_dags/plugins/listener_plugin.py for tasks to queue
[2023-07-22T17:37:05.576-0500] {logging_mixin.py:150} INFO - [2023-07-22T17:37:05.575-0500] {dagbag.py:541} INFO - Filling up the DagBag from /Users/abhishekpatkar/Documents/Projects/af_file_loader/venv/lib/python3.11/site-packages/airflow/example_dags/plugins/listener_plugin.py
[2023-07-22T17:37:05.586-0500] {processor.py:838} WARNING - No viable dags retrieved from /Users/abhishekpatkar/Documents/Projects/af_file_loader/venv/lib/python3.11/site-packages/airflow/example_dags/plugins/listener_plugin.py
[2023-07-22T17:37:07.083-0500] {processor.py:179} INFO - Processing /Users/abhishekpatkar/Documents/Projects/af_file_loader/venv/lib/python3.11/site-packages/airflow/example_dags/plugins/listener_plugin.py took 1.518 seconds
[2023-07-22T17:42:23.116-0500] {processor.py:157} INFO - Started process (PID=23827) to work on /Users/abhishekpatkar/Documents/Projects/af_file_loader/venv/lib/python3.11/site-packages/airflow/example_dags/plugins/listener_plugin.py
[2023-07-22T17:42:23.121-0500] {processor.py:826} INFO - Processing file /Users/abhishekpatkar/Documents/Projects/af_file_loader/venv/lib/python3.11/site-packages/airflow/example_dags/plugins/listener_plugin.py for tasks to queue
[2023-07-22T17:42:23.122-0500] {logging_mixin.py:150} INFO - [2023-07-22T17:42:23.122-0500] {dagbag.py:541} INFO - Filling up the DagBag from /Users/abhishekpatkar/Documents/Projects/af_file_loader/venv/lib/python3.11/site-packages/airflow/example_dags/plugins/listener_plugin.py
[2023-07-22T17:42:23.129-0500] {processor.py:838} WARNING - No viable dags retrieved from /Users/abhishekpatkar/Documents/Projects/af_file_loader/venv/lib/python3.11/site-packages/airflow/example_dags/plugins/listener_plugin.py
[2023-07-22T17:42:24.561-0500] {processor.py:179} INFO - Processing /Users/abhishekpatkar/Documents/Projects/af_file_loader/venv/lib/python3.11/site-packages/airflow/example_dags/plugins/listener_plugin.py took 1.446 seconds
[2023-07-22T17:50:38.448-0500] {processor.py:157} INFO - Started process (PID=24210) to work on /Users/abhishekpatkar/Documents/Projects/af_file_loader/venv/lib/python3.11/site-packages/airflow/example_dags/plugins/listener_plugin.py
[2023-07-22T17:50:38.479-0500] {processor.py:826} INFO - Processing file /Users/abhishekpatkar/Documents/Projects/af_file_loader/venv/lib/python3.11/site-packages/airflow/example_dags/plugins/listener_plugin.py for tasks to queue
[2023-07-22T17:50:38.482-0500] {logging_mixin.py:150} INFO - [2023-07-22T17:50:38.479-0500] {dagbag.py:541} INFO - Filling up the DagBag from /Users/abhishekpatkar/Documents/Projects/af_file_loader/venv/lib/python3.11/site-packages/airflow/example_dags/plugins/listener_plugin.py
[2023-07-22T17:50:38.491-0500] {processor.py:838} WARNING - No viable dags retrieved from /Users/abhishekpatkar/Documents/Projects/af_file_loader/venv/lib/python3.11/site-packages/airflow/example_dags/plugins/listener_plugin.py
[2023-07-22T17:50:41.283-0500] {processor.py:179} INFO - Processing /Users/abhishekpatkar/Documents/Projects/af_file_loader/venv/lib/python3.11/site-packages/airflow/example_dags/plugins/listener_plugin.py took 2.836 seconds
[2023-07-22T17:54:40.379-0500] {processor.py:157} INFO - Started process (PID=24441) to work on /Users/abhishekpatkar/Documents/Projects/af_file_loader/venv/lib/python3.11/site-packages/airflow/example_dags/plugins/listener_plugin.py
[2023-07-22T17:54:40.385-0500] {processor.py:826} INFO - Processing file /Users/abhishekpatkar/Documents/Projects/af_file_loader/venv/lib/python3.11/site-packages/airflow/example_dags/plugins/listener_plugin.py for tasks to queue
[2023-07-22T17:54:40.386-0500] {logging_mixin.py:150} INFO - [2023-07-22T17:54:40.386-0500] {dagbag.py:541} INFO - Filling up the DagBag from /Users/abhishekpatkar/Documents/Projects/af_file_loader/venv/lib/python3.11/site-packages/airflow/example_dags/plugins/listener_plugin.py
[2023-07-22T17:54:40.391-0500] {processor.py:838} WARNING - No viable dags retrieved from /Users/abhishekpatkar/Documents/Projects/af_file_loader/venv/lib/python3.11/site-packages/airflow/example_dags/plugins/listener_plugin.py
[2023-07-22T17:54:41.908-0500] {processor.py:179} INFO - Processing /Users/abhishekpatkar/Documents/Projects/af_file_loader/venv/lib/python3.11/site-packages/airflow/example_dags/plugins/listener_plugin.py took 1.530 seconds
[2023-07-22T18:00:17.865-0500] {processor.py:157} INFO - Started process (PID=24676) to work on /Users/abhishekpatkar/Documents/Projects/af_file_loader/venv/lib/python3.11/site-packages/airflow/example_dags/plugins/listener_plugin.py
[2023-07-22T18:00:17.871-0500] {processor.py:826} INFO - Processing file /Users/abhishekpatkar/Documents/Projects/af_file_loader/venv/lib/python3.11/site-packages/airflow/example_dags/plugins/listener_plugin.py for tasks to queue
[2023-07-22T18:00:17.871-0500] {logging_mixin.py:150} INFO - [2023-07-22T18:00:17.871-0500] {dagbag.py:541} INFO - Filling up the DagBag from /Users/abhishekpatkar/Documents/Projects/af_file_loader/venv/lib/python3.11/site-packages/airflow/example_dags/plugins/listener_plugin.py
[2023-07-22T18:00:17.875-0500] {processor.py:838} WARNING - No viable dags retrieved from /Users/abhishekpatkar/Documents/Projects/af_file_loader/venv/lib/python3.11/site-packages/airflow/example_dags/plugins/listener_plugin.py
[2023-07-22T18:00:19.259-0500] {processor.py:179} INFO - Processing /Users/abhishekpatkar/Documents/Projects/af_file_loader/venv/lib/python3.11/site-packages/airflow/example_dags/plugins/listener_plugin.py took 1.395 seconds
[2023-07-22T18:04:22.973-0500] {processor.py:157} INFO - Started process (PID=24825) to work on /Users/abhishekpatkar/Documents/Projects/af_file_loader/venv/lib/python3.11/site-packages/airflow/example_dags/plugins/listener_plugin.py
[2023-07-22T18:04:22.978-0500] {processor.py:826} INFO - Processing file /Users/abhishekpatkar/Documents/Projects/af_file_loader/venv/lib/python3.11/site-packages/airflow/example_dags/plugins/listener_plugin.py for tasks to queue
[2023-07-22T18:04:22.980-0500] {logging_mixin.py:150} INFO - [2023-07-22T18:04:22.979-0500] {dagbag.py:541} INFO - Filling up the DagBag from /Users/abhishekpatkar/Documents/Projects/af_file_loader/venv/lib/python3.11/site-packages/airflow/example_dags/plugins/listener_plugin.py
[2023-07-22T18:04:22.983-0500] {processor.py:838} WARNING - No viable dags retrieved from /Users/abhishekpatkar/Documents/Projects/af_file_loader/venv/lib/python3.11/site-packages/airflow/example_dags/plugins/listener_plugin.py
[2023-07-22T18:04:24.526-0500] {processor.py:179} INFO - Processing /Users/abhishekpatkar/Documents/Projects/af_file_loader/venv/lib/python3.11/site-packages/airflow/example_dags/plugins/listener_plugin.py took 1.555 seconds
[2023-07-22T18:07:23.360-0500] {processor.py:157} INFO - Started process (PID=24926) to work on /Users/abhishekpatkar/Documents/Projects/af_file_loader/venv/lib/python3.11/site-packages/airflow/example_dags/plugins/listener_plugin.py
[2023-07-22T18:07:23.364-0500] {processor.py:826} INFO - Processing file /Users/abhishekpatkar/Documents/Projects/af_file_loader/venv/lib/python3.11/site-packages/airflow/example_dags/plugins/listener_plugin.py for tasks to queue
[2023-07-22T18:07:23.365-0500] {logging_mixin.py:150} INFO - [2023-07-22T18:07:23.365-0500] {dagbag.py:541} INFO - Filling up the DagBag from /Users/abhishekpatkar/Documents/Projects/af_file_loader/venv/lib/python3.11/site-packages/airflow/example_dags/plugins/listener_plugin.py
[2023-07-22T18:07:23.368-0500] {processor.py:838} WARNING - No viable dags retrieved from /Users/abhishekpatkar/Documents/Projects/af_file_loader/venv/lib/python3.11/site-packages/airflow/example_dags/plugins/listener_plugin.py
[2023-07-22T18:07:24.369-0500] {processor.py:179} INFO - Processing /Users/abhishekpatkar/Documents/Projects/af_file_loader/venv/lib/python3.11/site-packages/airflow/example_dags/plugins/listener_plugin.py took 1.010 seconds
