[2023-07-22T14:49:40.108-0500] {processor.py:157} INFO - Started process (PID=16543) to work on /Users/abhishekpatkar/Documents/Projects/af_file_loader/venv/lib/python3.11/site-packages/airflow/example_dags/plugins/workday.py
[2023-07-22T14:49:40.112-0500] {processor.py:826} INFO - Processing file /Users/abhishekpatkar/Documents/Projects/af_file_loader/venv/lib/python3.11/site-packages/airflow/example_dags/plugins/workday.py for tasks to queue
[2023-07-22T14:49:40.113-0500] {logging_mixin.py:150} INFO - [2023-07-22T14:49:40.113-0500] {dagbag.py:541} INFO - Filling up the DagBag from /Users/abhishekpatkar/Documents/Projects/af_file_loader/venv/lib/python3.11/site-packages/airflow/example_dags/plugins/workday.py
[2023-07-22T14:49:40.115-0500] {logging_mixin.py:150} INFO - [2023-07-22T14:49:40.115-0500] {workday.py:36} WARNING - Could not import pandas. Holidays will not be considered.
[2023-07-22T14:49:40.116-0500] {processor.py:838} WARNING - No viable dags retrieved from /Users/abhishekpatkar/Documents/Projects/af_file_loader/venv/lib/python3.11/site-packages/airflow/example_dags/plugins/workday.py
[2023-07-22T14:49:41.610-0500] {processor.py:179} INFO - Processing /Users/abhishekpatkar/Documents/Projects/af_file_loader/venv/lib/python3.11/site-packages/airflow/example_dags/plugins/workday.py took 1.503 seconds
[2023-07-22T14:53:12.660-0500] {processor.py:157} INFO - Started process (PID=16716) to work on /Users/abhishekpatkar/Documents/Projects/af_file_loader/venv/lib/python3.11/site-packages/airflow/example_dags/plugins/workday.py
[2023-07-22T14:53:12.670-0500] {processor.py:826} INFO - Processing file /Users/abhishekpatkar/Documents/Projects/af_file_loader/venv/lib/python3.11/site-packages/airflow/example_dags/plugins/workday.py for tasks to queue
[2023-07-22T14:53:12.674-0500] {logging_mixin.py:150} INFO - [2023-07-22T14:53:12.672-0500] {dagbag.py:541} INFO - Filling up the DagBag from /Users/abhishekpatkar/Documents/Projects/af_file_loader/venv/lib/python3.11/site-packages/airflow/example_dags/plugins/workday.py
[2023-07-22T14:53:12.680-0500] {logging_mixin.py:150} INFO - [2023-07-22T14:53:12.680-0500] {workday.py:36} WARNING - Could not import pandas. Holidays will not be considered.
[2023-07-22T14:53:12.681-0500] {processor.py:838} WARNING - No viable dags retrieved from /Users/abhishekpatkar/Documents/Projects/af_file_loader/venv/lib/python3.11/site-packages/airflow/example_dags/plugins/workday.py
[2023-07-22T14:53:13.501-0500] {processor.py:179} INFO - Processing /Users/abhishekpatkar/Documents/Projects/af_file_loader/venv/lib/python3.11/site-packages/airflow/example_dags/plugins/workday.py took 0.843 seconds
[2023-07-22T14:56:01.144-0500] {processor.py:157} INFO - Started process (PID=16930) to work on /Users/abhishekpatkar/Documents/Projects/af_file_loader/venv/lib/python3.11/site-packages/airflow/example_dags/plugins/workday.py
[2023-07-22T14:56:01.148-0500] {processor.py:826} INFO - Processing file /Users/abhishekpatkar/Documents/Projects/af_file_loader/venv/lib/python3.11/site-packages/airflow/example_dags/plugins/workday.py for tasks to queue
[2023-07-22T14:56:01.149-0500] {logging_mixin.py:150} INFO - [2023-07-22T14:56:01.149-0500] {dagbag.py:541} INFO - Filling up the DagBag from /Users/abhishekpatkar/Documents/Projects/af_file_loader/venv/lib/python3.11/site-packages/airflow/example_dags/plugins/workday.py
[2023-07-22T14:56:01.151-0500] {logging_mixin.py:150} INFO - [2023-07-22T14:56:01.151-0500] {workday.py:36} WARNING - Could not import pandas. Holidays will not be considered.
[2023-07-22T14:56:01.151-0500] {processor.py:838} WARNING - No viable dags retrieved from /Users/abhishekpatkar/Documents/Projects/af_file_loader/venv/lib/python3.11/site-packages/airflow/example_dags/plugins/workday.py
[2023-07-22T14:56:02.167-0500] {processor.py:179} INFO - Processing /Users/abhishekpatkar/Documents/Projects/af_file_loader/venv/lib/python3.11/site-packages/airflow/example_dags/plugins/workday.py took 1.024 seconds
[2023-07-22T14:58:35.340-0500] {processor.py:157} INFO - Started process (PID=17021) to work on /Users/abhishekpatkar/Documents/Projects/af_file_loader/venv/lib/python3.11/site-packages/airflow/example_dags/plugins/workday.py
[2023-07-22T14:58:35.344-0500] {processor.py:826} INFO - Processing file /Users/abhishekpatkar/Documents/Projects/af_file_loader/venv/lib/python3.11/site-packages/airflow/example_dags/plugins/workday.py for tasks to queue
[2023-07-22T14:58:35.345-0500] {logging_mixin.py:150} INFO - [2023-07-22T14:58:35.345-0500] {dagbag.py:541} INFO - Filling up the DagBag from /Users/abhishekpatkar/Documents/Projects/af_file_loader/venv/lib/python3.11/site-packages/airflow/example_dags/plugins/workday.py
[2023-07-22T14:58:35.350-0500] {logging_mixin.py:150} INFO - [2023-07-22T14:58:35.348-0500] {workday.py:36} WARNING - Could not import pandas. Holidays will not be considered.
[2023-07-22T14:58:35.350-0500] {processor.py:838} WARNING - No viable dags retrieved from /Users/abhishekpatkar/Documents/Projects/af_file_loader/venv/lib/python3.11/site-packages/airflow/example_dags/plugins/workday.py
[2023-07-22T14:58:36.299-0500] {processor.py:179} INFO - Processing /Users/abhishekpatkar/Documents/Projects/af_file_loader/venv/lib/python3.11/site-packages/airflow/example_dags/plugins/workday.py took 0.960 seconds
[2023-07-22T15:00:54.571-0500] {processor.py:157} INFO - Started process (PID=17106) to work on /Users/abhishekpatkar/Documents/Projects/af_file_loader/venv/lib/python3.11/site-packages/airflow/example_dags/plugins/workday.py
[2023-07-22T15:00:54.575-0500] {processor.py:826} INFO - Processing file /Users/abhishekpatkar/Documents/Projects/af_file_loader/venv/lib/python3.11/site-packages/airflow/example_dags/plugins/workday.py for tasks to queue
[2023-07-22T15:00:54.576-0500] {logging_mixin.py:150} INFO - [2023-07-22T15:00:54.576-0500] {dagbag.py:541} INFO - Filling up the DagBag from /Users/abhishekpatkar/Documents/Projects/af_file_loader/venv/lib/python3.11/site-packages/airflow/example_dags/plugins/workday.py
[2023-07-22T15:00:54.578-0500] {logging_mixin.py:150} INFO - [2023-07-22T15:00:54.577-0500] {workday.py:36} WARNING - Could not import pandas. Holidays will not be considered.
[2023-07-22T15:00:54.578-0500] {processor.py:838} WARNING - No viable dags retrieved from /Users/abhishekpatkar/Documents/Projects/af_file_loader/venv/lib/python3.11/site-packages/airflow/example_dags/plugins/workday.py
[2023-07-22T15:00:55.562-0500] {processor.py:179} INFO - Processing /Users/abhishekpatkar/Documents/Projects/af_file_loader/venv/lib/python3.11/site-packages/airflow/example_dags/plugins/workday.py took 0.992 seconds
[2023-07-22T15:03:15.808-0500] {processor.py:157} INFO - Started process (PID=17355) to work on /Users/abhishekpatkar/Documents/Projects/af_file_loader/venv/lib/python3.11/site-packages/airflow/example_dags/plugins/workday.py
[2023-07-22T15:03:15.815-0500] {processor.py:826} INFO - Processing file /Users/abhishekpatkar/Documents/Projects/af_file_loader/venv/lib/python3.11/site-packages/airflow/example_dags/plugins/workday.py for tasks to queue
[2023-07-22T15:03:15.816-0500] {logging_mixin.py:150} INFO - [2023-07-22T15:03:15.816-0500] {dagbag.py:541} INFO - Filling up the DagBag from /Users/abhishekpatkar/Documents/Projects/af_file_loader/venv/lib/python3.11/site-packages/airflow/example_dags/plugins/workday.py
[2023-07-22T15:03:15.819-0500] {logging_mixin.py:150} INFO - [2023-07-22T15:03:15.819-0500] {workday.py:36} WARNING - Could not import pandas. Holidays will not be considered.
[2023-07-22T15:03:15.820-0500] {processor.py:838} WARNING - No viable dags retrieved from /Users/abhishekpatkar/Documents/Projects/af_file_loader/venv/lib/python3.11/site-packages/airflow/example_dags/plugins/workday.py
[2023-07-22T15:03:17.688-0500] {processor.py:179} INFO - Processing /Users/abhishekpatkar/Documents/Projects/af_file_loader/venv/lib/python3.11/site-packages/airflow/example_dags/plugins/workday.py took 1.881 seconds
[2023-07-22T15:06:42.499-0500] {processor.py:157} INFO - Started process (PID=17633) to work on /Users/abhishekpatkar/Documents/Projects/af_file_loader/venv/lib/python3.11/site-packages/airflow/example_dags/plugins/workday.py
[2023-07-22T15:06:42.507-0500] {processor.py:826} INFO - Processing file /Users/abhishekpatkar/Documents/Projects/af_file_loader/venv/lib/python3.11/site-packages/airflow/example_dags/plugins/workday.py for tasks to queue
[2023-07-22T15:06:42.508-0500] {logging_mixin.py:150} INFO - [2023-07-22T15:06:42.508-0500] {dagbag.py:541} INFO - Filling up the DagBag from /Users/abhishekpatkar/Documents/Projects/af_file_loader/venv/lib/python3.11/site-packages/airflow/example_dags/plugins/workday.py
[2023-07-22T15:06:42.511-0500] {logging_mixin.py:150} INFO - [2023-07-22T15:06:42.511-0500] {workday.py:36} WARNING - Could not import pandas. Holidays will not be considered.
[2023-07-22T15:06:42.511-0500] {processor.py:838} WARNING - No viable dags retrieved from /Users/abhishekpatkar/Documents/Projects/af_file_loader/venv/lib/python3.11/site-packages/airflow/example_dags/plugins/workday.py
[2023-07-22T15:06:44.881-0500] {processor.py:179} INFO - Processing /Users/abhishekpatkar/Documents/Projects/af_file_loader/venv/lib/python3.11/site-packages/airflow/example_dags/plugins/workday.py took 2.384 seconds
[2023-07-22T15:12:02.453-0500] {processor.py:157} INFO - Started process (PID=17851) to work on /Users/abhishekpatkar/Documents/Projects/af_file_loader/venv/lib/python3.11/site-packages/airflow/example_dags/plugins/workday.py
[2023-07-22T15:12:02.458-0500] {processor.py:826} INFO - Processing file /Users/abhishekpatkar/Documents/Projects/af_file_loader/venv/lib/python3.11/site-packages/airflow/example_dags/plugins/workday.py for tasks to queue
[2023-07-22T15:12:02.459-0500] {logging_mixin.py:150} INFO - [2023-07-22T15:12:02.458-0500] {dagbag.py:541} INFO - Filling up the DagBag from /Users/abhishekpatkar/Documents/Projects/af_file_loader/venv/lib/python3.11/site-packages/airflow/example_dags/plugins/workday.py
[2023-07-22T15:12:02.460-0500] {logging_mixin.py:150} INFO - [2023-07-22T15:12:02.460-0500] {workday.py:36} WARNING - Could not import pandas. Holidays will not be considered.
[2023-07-22T15:12:02.461-0500] {processor.py:838} WARNING - No viable dags retrieved from /Users/abhishekpatkar/Documents/Projects/af_file_loader/venv/lib/python3.11/site-packages/airflow/example_dags/plugins/workday.py
[2023-07-22T15:12:03.431-0500] {processor.py:179} INFO - Processing /Users/abhishekpatkar/Documents/Projects/af_file_loader/venv/lib/python3.11/site-packages/airflow/example_dags/plugins/workday.py took 0.979 seconds
[2023-07-22T15:14:40.493-0500] {processor.py:157} INFO - Started process (PID=17942) to work on /Users/abhishekpatkar/Documents/Projects/af_file_loader/venv/lib/python3.11/site-packages/airflow/example_dags/plugins/workday.py
[2023-07-22T15:14:40.537-0500] {processor.py:826} INFO - Processing file /Users/abhishekpatkar/Documents/Projects/af_file_loader/venv/lib/python3.11/site-packages/airflow/example_dags/plugins/workday.py for tasks to queue
[2023-07-22T15:14:40.539-0500] {logging_mixin.py:150} INFO - [2023-07-22T15:14:40.539-0500] {dagbag.py:541} INFO - Filling up the DagBag from /Users/abhishekpatkar/Documents/Projects/af_file_loader/venv/lib/python3.11/site-packages/airflow/example_dags/plugins/workday.py
[2023-07-22T15:14:40.551-0500] {logging_mixin.py:150} INFO - [2023-07-22T15:14:40.548-0500] {workday.py:36} WARNING - Could not import pandas. Holidays will not be considered.
[2023-07-22T15:14:40.553-0500] {processor.py:838} WARNING - No viable dags retrieved from /Users/abhishekpatkar/Documents/Projects/af_file_loader/venv/lib/python3.11/site-packages/airflow/example_dags/plugins/workday.py
[2023-07-22T15:14:41.817-0500] {processor.py:179} INFO - Processing /Users/abhishekpatkar/Documents/Projects/af_file_loader/venv/lib/python3.11/site-packages/airflow/example_dags/plugins/workday.py took 1.326 seconds
[2023-07-22T15:17:33.843-0500] {processor.py:157} INFO - Started process (PID=18042) to work on /Users/abhishekpatkar/Documents/Projects/af_file_loader/venv/lib/python3.11/site-packages/airflow/example_dags/plugins/workday.py
[2023-07-22T15:17:33.847-0500] {processor.py:826} INFO - Processing file /Users/abhishekpatkar/Documents/Projects/af_file_loader/venv/lib/python3.11/site-packages/airflow/example_dags/plugins/workday.py for tasks to queue
[2023-07-22T15:17:33.847-0500] {logging_mixin.py:150} INFO - [2023-07-22T15:17:33.847-0500] {dagbag.py:541} INFO - Filling up the DagBag from /Users/abhishekpatkar/Documents/Projects/af_file_loader/venv/lib/python3.11/site-packages/airflow/example_dags/plugins/workday.py
[2023-07-22T15:17:33.849-0500] {logging_mixin.py:150} INFO - [2023-07-22T15:17:33.849-0500] {workday.py:36} WARNING - Could not import pandas. Holidays will not be considered.
[2023-07-22T15:17:33.849-0500] {processor.py:838} WARNING - No viable dags retrieved from /Users/abhishekpatkar/Documents/Projects/af_file_loader/venv/lib/python3.11/site-packages/airflow/example_dags/plugins/workday.py
[2023-07-22T15:17:34.615-0500] {processor.py:179} INFO - Processing /Users/abhishekpatkar/Documents/Projects/af_file_loader/venv/lib/python3.11/site-packages/airflow/example_dags/plugins/workday.py took 0.773 seconds
[2023-07-22T15:20:24.909-0500] {processor.py:157} INFO - Started process (PID=18146) to work on /Users/abhishekpatkar/Documents/Projects/af_file_loader/venv/lib/python3.11/site-packages/airflow/example_dags/plugins/workday.py
[2023-07-22T15:20:24.913-0500] {processor.py:826} INFO - Processing file /Users/abhishekpatkar/Documents/Projects/af_file_loader/venv/lib/python3.11/site-packages/airflow/example_dags/plugins/workday.py for tasks to queue
[2023-07-22T15:20:24.914-0500] {logging_mixin.py:150} INFO - [2023-07-22T15:20:24.913-0500] {dagbag.py:541} INFO - Filling up the DagBag from /Users/abhishekpatkar/Documents/Projects/af_file_loader/venv/lib/python3.11/site-packages/airflow/example_dags/plugins/workday.py
[2023-07-22T15:20:24.915-0500] {logging_mixin.py:150} INFO - [2023-07-22T15:20:24.915-0500] {workday.py:36} WARNING - Could not import pandas. Holidays will not be considered.
[2023-07-22T15:20:24.915-0500] {processor.py:838} WARNING - No viable dags retrieved from /Users/abhishekpatkar/Documents/Projects/af_file_loader/venv/lib/python3.11/site-packages/airflow/example_dags/plugins/workday.py
[2023-07-22T15:20:25.751-0500] {processor.py:179} INFO - Processing /Users/abhishekpatkar/Documents/Projects/af_file_loader/venv/lib/python3.11/site-packages/airflow/example_dags/plugins/workday.py took 0.843 seconds
[2023-07-22T15:22:57.039-0500] {processor.py:157} INFO - Started process (PID=18239) to work on /Users/abhishekpatkar/Documents/Projects/af_file_loader/venv/lib/python3.11/site-packages/airflow/example_dags/plugins/workday.py
[2023-07-22T15:22:57.043-0500] {processor.py:826} INFO - Processing file /Users/abhishekpatkar/Documents/Projects/af_file_loader/venv/lib/python3.11/site-packages/airflow/example_dags/plugins/workday.py for tasks to queue
[2023-07-22T15:22:57.044-0500] {logging_mixin.py:150} INFO - [2023-07-22T15:22:57.043-0500] {dagbag.py:541} INFO - Filling up the DagBag from /Users/abhishekpatkar/Documents/Projects/af_file_loader/venv/lib/python3.11/site-packages/airflow/example_dags/plugins/workday.py
[2023-07-22T15:22:57.046-0500] {logging_mixin.py:150} INFO - [2023-07-22T15:22:57.045-0500] {workday.py:36} WARNING - Could not import pandas. Holidays will not be considered.
[2023-07-22T15:22:57.046-0500] {processor.py:838} WARNING - No viable dags retrieved from /Users/abhishekpatkar/Documents/Projects/af_file_loader/venv/lib/python3.11/site-packages/airflow/example_dags/plugins/workday.py
[2023-07-22T15:22:57.782-0500] {processor.py:179} INFO - Processing /Users/abhishekpatkar/Documents/Projects/af_file_loader/venv/lib/python3.11/site-packages/airflow/example_dags/plugins/workday.py took 0.744 seconds
[2023-07-22T15:25:06.714-0500] {processor.py:157} INFO - Started process (PID=18328) to work on /Users/abhishekpatkar/Documents/Projects/af_file_loader/venv/lib/python3.11/site-packages/airflow/example_dags/plugins/workday.py
[2023-07-22T15:25:06.719-0500] {processor.py:826} INFO - Processing file /Users/abhishekpatkar/Documents/Projects/af_file_loader/venv/lib/python3.11/site-packages/airflow/example_dags/plugins/workday.py for tasks to queue
[2023-07-22T15:25:06.721-0500] {logging_mixin.py:150} INFO - [2023-07-22T15:25:06.721-0500] {dagbag.py:541} INFO - Filling up the DagBag from /Users/abhishekpatkar/Documents/Projects/af_file_loader/venv/lib/python3.11/site-packages/airflow/example_dags/plugins/workday.py
[2023-07-22T15:25:06.723-0500] {logging_mixin.py:150} INFO - [2023-07-22T15:25:06.723-0500] {workday.py:36} WARNING - Could not import pandas. Holidays will not be considered.
[2023-07-22T15:25:06.723-0500] {processor.py:838} WARNING - No viable dags retrieved from /Users/abhishekpatkar/Documents/Projects/af_file_loader/venv/lib/python3.11/site-packages/airflow/example_dags/plugins/workday.py
[2023-07-22T15:25:07.800-0500] {processor.py:179} INFO - Processing /Users/abhishekpatkar/Documents/Projects/af_file_loader/venv/lib/python3.11/site-packages/airflow/example_dags/plugins/workday.py took 1.087 seconds
[2023-07-22T15:28:34.784-0500] {processor.py:157} INFO - Started process (PID=18619) to work on /Users/abhishekpatkar/Documents/Projects/af_file_loader/venv/lib/python3.11/site-packages/airflow/example_dags/plugins/workday.py
[2023-07-22T15:28:34.788-0500] {processor.py:826} INFO - Processing file /Users/abhishekpatkar/Documents/Projects/af_file_loader/venv/lib/python3.11/site-packages/airflow/example_dags/plugins/workday.py for tasks to queue
[2023-07-22T15:28:34.788-0500] {logging_mixin.py:150} INFO - [2023-07-22T15:28:34.788-0500] {dagbag.py:541} INFO - Filling up the DagBag from /Users/abhishekpatkar/Documents/Projects/af_file_loader/venv/lib/python3.11/site-packages/airflow/example_dags/plugins/workday.py
[2023-07-22T15:28:34.793-0500] {logging_mixin.py:150} INFO - [2023-07-22T15:28:34.793-0500] {workday.py:36} WARNING - Could not import pandas. Holidays will not be considered.
[2023-07-22T15:28:34.793-0500] {processor.py:838} WARNING - No viable dags retrieved from /Users/abhishekpatkar/Documents/Projects/af_file_loader/venv/lib/python3.11/site-packages/airflow/example_dags/plugins/workday.py
[2023-07-22T15:28:35.586-0500] {processor.py:179} INFO - Processing /Users/abhishekpatkar/Documents/Projects/af_file_loader/venv/lib/python3.11/site-packages/airflow/example_dags/plugins/workday.py took 0.803 seconds
[2023-07-22T15:31:33.925-0500] {processor.py:157} INFO - Started process (PID=18802) to work on /Users/abhishekpatkar/Documents/Projects/af_file_loader/venv/lib/python3.11/site-packages/airflow/example_dags/plugins/workday.py
[2023-07-22T15:31:33.929-0500] {processor.py:826} INFO - Processing file /Users/abhishekpatkar/Documents/Projects/af_file_loader/venv/lib/python3.11/site-packages/airflow/example_dags/plugins/workday.py for tasks to queue
[2023-07-22T15:31:33.929-0500] {logging_mixin.py:150} INFO - [2023-07-22T15:31:33.929-0500] {dagbag.py:541} INFO - Filling up the DagBag from /Users/abhishekpatkar/Documents/Projects/af_file_loader/venv/lib/python3.11/site-packages/airflow/example_dags/plugins/workday.py
[2023-07-22T15:31:33.931-0500] {logging_mixin.py:150} INFO - [2023-07-22T15:31:33.931-0500] {workday.py:36} WARNING - Could not import pandas. Holidays will not be considered.
[2023-07-22T15:31:33.931-0500] {processor.py:838} WARNING - No viable dags retrieved from /Users/abhishekpatkar/Documents/Projects/af_file_loader/venv/lib/python3.11/site-packages/airflow/example_dags/plugins/workday.py
[2023-07-22T15:31:34.593-0500] {processor.py:179} INFO - Processing /Users/abhishekpatkar/Documents/Projects/af_file_loader/venv/lib/python3.11/site-packages/airflow/example_dags/plugins/workday.py took 0.669 seconds
[2023-07-22T15:33:30.950-0500] {processor.py:157} INFO - Started process (PID=18878) to work on /Users/abhishekpatkar/Documents/Projects/af_file_loader/venv/lib/python3.11/site-packages/airflow/example_dags/plugins/workday.py
[2023-07-22T15:33:30.954-0500] {processor.py:826} INFO - Processing file /Users/abhishekpatkar/Documents/Projects/af_file_loader/venv/lib/python3.11/site-packages/airflow/example_dags/plugins/workday.py for tasks to queue
[2023-07-22T15:33:30.955-0500] {logging_mixin.py:150} INFO - [2023-07-22T15:33:30.955-0500] {dagbag.py:541} INFO - Filling up the DagBag from /Users/abhishekpatkar/Documents/Projects/af_file_loader/venv/lib/python3.11/site-packages/airflow/example_dags/plugins/workday.py
[2023-07-22T15:33:30.957-0500] {logging_mixin.py:150} INFO - [2023-07-22T15:33:30.956-0500] {workday.py:36} WARNING - Could not import pandas. Holidays will not be considered.
[2023-07-22T15:33:30.957-0500] {processor.py:838} WARNING - No viable dags retrieved from /Users/abhishekpatkar/Documents/Projects/af_file_loader/venv/lib/python3.11/site-packages/airflow/example_dags/plugins/workday.py
[2023-07-22T15:33:31.561-0500] {processor.py:179} INFO - Processing /Users/abhishekpatkar/Documents/Projects/af_file_loader/venv/lib/python3.11/site-packages/airflow/example_dags/plugins/workday.py took 0.612 seconds
[2023-07-22T15:35:21.476-0500] {processor.py:157} INFO - Started process (PID=18955) to work on /Users/abhishekpatkar/Documents/Projects/af_file_loader/venv/lib/python3.11/site-packages/airflow/example_dags/plugins/workday.py
[2023-07-22T15:35:21.480-0500] {processor.py:826} INFO - Processing file /Users/abhishekpatkar/Documents/Projects/af_file_loader/venv/lib/python3.11/site-packages/airflow/example_dags/plugins/workday.py for tasks to queue
[2023-07-22T15:35:21.480-0500] {logging_mixin.py:150} INFO - [2023-07-22T15:35:21.480-0500] {dagbag.py:541} INFO - Filling up the DagBag from /Users/abhishekpatkar/Documents/Projects/af_file_loader/venv/lib/python3.11/site-packages/airflow/example_dags/plugins/workday.py
[2023-07-22T15:35:21.482-0500] {logging_mixin.py:150} INFO - [2023-07-22T15:35:21.482-0500] {workday.py:36} WARNING - Could not import pandas. Holidays will not be considered.
[2023-07-22T15:35:21.482-0500] {processor.py:838} WARNING - No viable dags retrieved from /Users/abhishekpatkar/Documents/Projects/af_file_loader/venv/lib/python3.11/site-packages/airflow/example_dags/plugins/workday.py
[2023-07-22T15:35:22.087-0500] {processor.py:179} INFO - Processing /Users/abhishekpatkar/Documents/Projects/af_file_loader/venv/lib/python3.11/site-packages/airflow/example_dags/plugins/workday.py took 0.612 seconds
[2023-07-22T15:37:23.750-0500] {processor.py:157} INFO - Started process (PID=19253) to work on /Users/abhishekpatkar/Documents/Projects/af_file_loader/venv/lib/python3.11/site-packages/airflow/example_dags/plugins/workday.py
[2023-07-22T15:37:23.757-0500] {processor.py:826} INFO - Processing file /Users/abhishekpatkar/Documents/Projects/af_file_loader/venv/lib/python3.11/site-packages/airflow/example_dags/plugins/workday.py for tasks to queue
[2023-07-22T15:37:23.758-0500] {logging_mixin.py:150} INFO - [2023-07-22T15:37:23.757-0500] {dagbag.py:541} INFO - Filling up the DagBag from /Users/abhishekpatkar/Documents/Projects/af_file_loader/venv/lib/python3.11/site-packages/airflow/example_dags/plugins/workday.py
[2023-07-22T15:37:23.761-0500] {logging_mixin.py:150} INFO - [2023-07-22T15:37:23.761-0500] {workday.py:36} WARNING - Could not import pandas. Holidays will not be considered.
[2023-07-22T15:37:23.762-0500] {processor.py:838} WARNING - No viable dags retrieved from /Users/abhishekpatkar/Documents/Projects/af_file_loader/venv/lib/python3.11/site-packages/airflow/example_dags/plugins/workday.py
[2023-07-22T15:37:24.951-0500] {processor.py:179} INFO - Processing /Users/abhishekpatkar/Documents/Projects/af_file_loader/venv/lib/python3.11/site-packages/airflow/example_dags/plugins/workday.py took 1.204 seconds
[2023-07-22T15:49:10.981-0500] {processor.py:157} INFO - Started process (PID=19488) to work on /Users/abhishekpatkar/Documents/Projects/af_file_loader/venv/lib/python3.11/site-packages/airflow/example_dags/plugins/workday.py
[2023-07-22T15:49:10.987-0500] {processor.py:826} INFO - Processing file /Users/abhishekpatkar/Documents/Projects/af_file_loader/venv/lib/python3.11/site-packages/airflow/example_dags/plugins/workday.py for tasks to queue
[2023-07-22T15:49:10.987-0500] {logging_mixin.py:150} INFO - [2023-07-22T15:49:10.987-0500] {dagbag.py:541} INFO - Filling up the DagBag from /Users/abhishekpatkar/Documents/Projects/af_file_loader/venv/lib/python3.11/site-packages/airflow/example_dags/plugins/workday.py
[2023-07-22T15:49:10.990-0500] {logging_mixin.py:150} INFO - [2023-07-22T15:49:10.990-0500] {workday.py:36} WARNING - Could not import pandas. Holidays will not be considered.
[2023-07-22T15:49:10.990-0500] {processor.py:838} WARNING - No viable dags retrieved from /Users/abhishekpatkar/Documents/Projects/af_file_loader/venv/lib/python3.11/site-packages/airflow/example_dags/plugins/workday.py
[2023-07-22T15:49:11.979-0500] {processor.py:179} INFO - Processing /Users/abhishekpatkar/Documents/Projects/af_file_loader/venv/lib/python3.11/site-packages/airflow/example_dags/plugins/workday.py took 0.999 seconds
[2023-07-22T15:51:43.808-0500] {processor.py:157} INFO - Started process (PID=19727) to work on /Users/abhishekpatkar/Documents/Projects/af_file_loader/venv/lib/python3.11/site-packages/airflow/example_dags/plugins/workday.py
[2023-07-22T15:51:43.812-0500] {processor.py:826} INFO - Processing file /Users/abhishekpatkar/Documents/Projects/af_file_loader/venv/lib/python3.11/site-packages/airflow/example_dags/plugins/workday.py for tasks to queue
[2023-07-22T15:51:43.812-0500] {logging_mixin.py:150} INFO - [2023-07-22T15:51:43.812-0500] {dagbag.py:541} INFO - Filling up the DagBag from /Users/abhishekpatkar/Documents/Projects/af_file_loader/venv/lib/python3.11/site-packages/airflow/example_dags/plugins/workday.py
[2023-07-22T15:51:43.814-0500] {logging_mixin.py:150} INFO - [2023-07-22T15:51:43.814-0500] {workday.py:36} WARNING - Could not import pandas. Holidays will not be considered.
[2023-07-22T15:51:43.815-0500] {processor.py:838} WARNING - No viable dags retrieved from /Users/abhishekpatkar/Documents/Projects/af_file_loader/venv/lib/python3.11/site-packages/airflow/example_dags/plugins/workday.py
[2023-07-22T15:51:44.919-0500] {processor.py:179} INFO - Processing /Users/abhishekpatkar/Documents/Projects/af_file_loader/venv/lib/python3.11/site-packages/airflow/example_dags/plugins/workday.py took 1.113 seconds
[2023-07-22T15:54:23.096-0500] {processor.py:157} INFO - Started process (PID=19913) to work on /Users/abhishekpatkar/Documents/Projects/af_file_loader/venv/lib/python3.11/site-packages/airflow/example_dags/plugins/workday.py
[2023-07-22T15:54:23.100-0500] {processor.py:826} INFO - Processing file /Users/abhishekpatkar/Documents/Projects/af_file_loader/venv/lib/python3.11/site-packages/airflow/example_dags/plugins/workday.py for tasks to queue
[2023-07-22T15:54:23.101-0500] {logging_mixin.py:150} INFO - [2023-07-22T15:54:23.100-0500] {dagbag.py:541} INFO - Filling up the DagBag from /Users/abhishekpatkar/Documents/Projects/af_file_loader/venv/lib/python3.11/site-packages/airflow/example_dags/plugins/workday.py
[2023-07-22T15:54:23.103-0500] {logging_mixin.py:150} INFO - [2023-07-22T15:54:23.103-0500] {workday.py:36} WARNING - Could not import pandas. Holidays will not be considered.
[2023-07-22T15:54:23.104-0500] {processor.py:838} WARNING - No viable dags retrieved from /Users/abhishekpatkar/Documents/Projects/af_file_loader/venv/lib/python3.11/site-packages/airflow/example_dags/plugins/workday.py
[2023-07-22T15:54:24.026-0500] {processor.py:179} INFO - Processing /Users/abhishekpatkar/Documents/Projects/af_file_loader/venv/lib/python3.11/site-packages/airflow/example_dags/plugins/workday.py took 0.931 seconds
[2023-07-22T15:57:03.820-0500] {processor.py:157} INFO - Started process (PID=20154) to work on /Users/abhishekpatkar/Documents/Projects/af_file_loader/venv/lib/python3.11/site-packages/airflow/example_dags/plugins/workday.py
[2023-07-22T15:57:03.828-0500] {processor.py:826} INFO - Processing file /Users/abhishekpatkar/Documents/Projects/af_file_loader/venv/lib/python3.11/site-packages/airflow/example_dags/plugins/workday.py for tasks to queue
[2023-07-22T15:57:03.829-0500] {logging_mixin.py:150} INFO - [2023-07-22T15:57:03.828-0500] {dagbag.py:541} INFO - Filling up the DagBag from /Users/abhishekpatkar/Documents/Projects/af_file_loader/venv/lib/python3.11/site-packages/airflow/example_dags/plugins/workday.py
[2023-07-22T15:57:03.836-0500] {logging_mixin.py:150} INFO - [2023-07-22T15:57:03.836-0500] {workday.py:36} WARNING - Could not import pandas. Holidays will not be considered.
[2023-07-22T15:57:03.837-0500] {processor.py:838} WARNING - No viable dags retrieved from /Users/abhishekpatkar/Documents/Projects/af_file_loader/venv/lib/python3.11/site-packages/airflow/example_dags/plugins/workday.py
[2023-07-22T15:57:04.993-0500] {processor.py:179} INFO - Processing /Users/abhishekpatkar/Documents/Projects/af_file_loader/venv/lib/python3.11/site-packages/airflow/example_dags/plugins/workday.py took 1.174 seconds
[2023-07-22T15:59:34.573-0500] {processor.py:157} INFO - Started process (PID=20284) to work on /Users/abhishekpatkar/Documents/Projects/af_file_loader/venv/lib/python3.11/site-packages/airflow/example_dags/plugins/workday.py
[2023-07-22T15:59:34.578-0500] {processor.py:826} INFO - Processing file /Users/abhishekpatkar/Documents/Projects/af_file_loader/venv/lib/python3.11/site-packages/airflow/example_dags/plugins/workday.py for tasks to queue
[2023-07-22T15:59:34.579-0500] {logging_mixin.py:150} INFO - [2023-07-22T15:59:34.579-0500] {dagbag.py:541} INFO - Filling up the DagBag from /Users/abhishekpatkar/Documents/Projects/af_file_loader/venv/lib/python3.11/site-packages/airflow/example_dags/plugins/workday.py
[2023-07-22T15:59:34.581-0500] {logging_mixin.py:150} INFO - [2023-07-22T15:59:34.581-0500] {workday.py:36} WARNING - Could not import pandas. Holidays will not be considered.
[2023-07-22T15:59:34.581-0500] {processor.py:838} WARNING - No viable dags retrieved from /Users/abhishekpatkar/Documents/Projects/af_file_loader/venv/lib/python3.11/site-packages/airflow/example_dags/plugins/workday.py
[2023-07-22T15:59:35.755-0500] {processor.py:179} INFO - Processing /Users/abhishekpatkar/Documents/Projects/af_file_loader/venv/lib/python3.11/site-packages/airflow/example_dags/plugins/workday.py took 1.182 seconds
[2023-07-22T16:02:03.401-0500] {processor.py:157} INFO - Started process (PID=20372) to work on /Users/abhishekpatkar/Documents/Projects/af_file_loader/venv/lib/python3.11/site-packages/airflow/example_dags/plugins/workday.py
[2023-07-22T16:02:03.406-0500] {processor.py:826} INFO - Processing file /Users/abhishekpatkar/Documents/Projects/af_file_loader/venv/lib/python3.11/site-packages/airflow/example_dags/plugins/workday.py for tasks to queue
[2023-07-22T16:02:03.407-0500] {logging_mixin.py:150} INFO - [2023-07-22T16:02:03.407-0500] {dagbag.py:541} INFO - Filling up the DagBag from /Users/abhishekpatkar/Documents/Projects/af_file_loader/venv/lib/python3.11/site-packages/airflow/example_dags/plugins/workday.py
[2023-07-22T16:02:03.408-0500] {logging_mixin.py:150} INFO - [2023-07-22T16:02:03.408-0500] {workday.py:36} WARNING - Could not import pandas. Holidays will not be considered.
[2023-07-22T16:02:03.409-0500] {processor.py:838} WARNING - No viable dags retrieved from /Users/abhishekpatkar/Documents/Projects/af_file_loader/venv/lib/python3.11/site-packages/airflow/example_dags/plugins/workday.py
[2023-07-22T16:02:04.239-0500] {processor.py:179} INFO - Processing /Users/abhishekpatkar/Documents/Projects/af_file_loader/venv/lib/python3.11/site-packages/airflow/example_dags/plugins/workday.py took 0.840 seconds
[2023-07-22T16:04:01.410-0500] {processor.py:157} INFO - Started process (PID=20445) to work on /Users/abhishekpatkar/Documents/Projects/af_file_loader/venv/lib/python3.11/site-packages/airflow/example_dags/plugins/workday.py
[2023-07-22T16:04:01.414-0500] {processor.py:826} INFO - Processing file /Users/abhishekpatkar/Documents/Projects/af_file_loader/venv/lib/python3.11/site-packages/airflow/example_dags/plugins/workday.py for tasks to queue
[2023-07-22T16:04:01.415-0500] {logging_mixin.py:150} INFO - [2023-07-22T16:04:01.415-0500] {dagbag.py:541} INFO - Filling up the DagBag from /Users/abhishekpatkar/Documents/Projects/af_file_loader/venv/lib/python3.11/site-packages/airflow/example_dags/plugins/workday.py
[2023-07-22T16:04:01.417-0500] {logging_mixin.py:150} INFO - [2023-07-22T16:04:01.417-0500] {workday.py:36} WARNING - Could not import pandas. Holidays will not be considered.
[2023-07-22T16:04:01.417-0500] {processor.py:838} WARNING - No viable dags retrieved from /Users/abhishekpatkar/Documents/Projects/af_file_loader/venv/lib/python3.11/site-packages/airflow/example_dags/plugins/workday.py
[2023-07-22T16:04:01.993-0500] {processor.py:179} INFO - Processing /Users/abhishekpatkar/Documents/Projects/af_file_loader/venv/lib/python3.11/site-packages/airflow/example_dags/plugins/workday.py took 0.584 seconds
[2023-07-22T16:05:48.324-0500] {processor.py:157} INFO - Started process (PID=20528) to work on /Users/abhishekpatkar/Documents/Projects/af_file_loader/venv/lib/python3.11/site-packages/airflow/example_dags/plugins/workday.py
[2023-07-22T16:05:48.329-0500] {processor.py:826} INFO - Processing file /Users/abhishekpatkar/Documents/Projects/af_file_loader/venv/lib/python3.11/site-packages/airflow/example_dags/plugins/workday.py for tasks to queue
[2023-07-22T16:05:48.330-0500] {logging_mixin.py:150} INFO - [2023-07-22T16:05:48.330-0500] {dagbag.py:541} INFO - Filling up the DagBag from /Users/abhishekpatkar/Documents/Projects/af_file_loader/venv/lib/python3.11/site-packages/airflow/example_dags/plugins/workday.py
[2023-07-22T16:05:48.332-0500] {logging_mixin.py:150} INFO - [2023-07-22T16:05:48.332-0500] {workday.py:36} WARNING - Could not import pandas. Holidays will not be considered.
[2023-07-22T16:05:48.332-0500] {processor.py:838} WARNING - No viable dags retrieved from /Users/abhishekpatkar/Documents/Projects/af_file_loader/venv/lib/python3.11/site-packages/airflow/example_dags/plugins/workday.py
[2023-07-22T16:05:48.907-0500] {processor.py:179} INFO - Processing /Users/abhishekpatkar/Documents/Projects/af_file_loader/venv/lib/python3.11/site-packages/airflow/example_dags/plugins/workday.py took 0.583 seconds
[2023-07-22T16:07:39.030-0500] {processor.py:157} INFO - Started process (PID=20622) to work on /Users/abhishekpatkar/Documents/Projects/af_file_loader/venv/lib/python3.11/site-packages/airflow/example_dags/plugins/workday.py
[2023-07-22T16:07:39.034-0500] {processor.py:826} INFO - Processing file /Users/abhishekpatkar/Documents/Projects/af_file_loader/venv/lib/python3.11/site-packages/airflow/example_dags/plugins/workday.py for tasks to queue
[2023-07-22T16:07:39.035-0500] {logging_mixin.py:150} INFO - [2023-07-22T16:07:39.034-0500] {dagbag.py:541} INFO - Filling up the DagBag from /Users/abhishekpatkar/Documents/Projects/af_file_loader/venv/lib/python3.11/site-packages/airflow/example_dags/plugins/workday.py
[2023-07-22T16:07:39.036-0500] {logging_mixin.py:150} INFO - [2023-07-22T16:07:39.036-0500] {workday.py:36} WARNING - Could not import pandas. Holidays will not be considered.
[2023-07-22T16:07:39.037-0500] {processor.py:838} WARNING - No viable dags retrieved from /Users/abhishekpatkar/Documents/Projects/af_file_loader/venv/lib/python3.11/site-packages/airflow/example_dags/plugins/workday.py
[2023-07-22T16:07:39.643-0500] {processor.py:179} INFO - Processing /Users/abhishekpatkar/Documents/Projects/af_file_loader/venv/lib/python3.11/site-packages/airflow/example_dags/plugins/workday.py took 0.613 seconds
[2023-07-22T16:09:30.909-0500] {processor.py:157} INFO - Started process (PID=20694) to work on /Users/abhishekpatkar/Documents/Projects/af_file_loader/venv/lib/python3.11/site-packages/airflow/example_dags/plugins/workday.py
[2023-07-22T16:09:30.912-0500] {processor.py:826} INFO - Processing file /Users/abhishekpatkar/Documents/Projects/af_file_loader/venv/lib/python3.11/site-packages/airflow/example_dags/plugins/workday.py for tasks to queue
[2023-07-22T16:09:30.913-0500] {logging_mixin.py:150} INFO - [2023-07-22T16:09:30.913-0500] {dagbag.py:541} INFO - Filling up the DagBag from /Users/abhishekpatkar/Documents/Projects/af_file_loader/venv/lib/python3.11/site-packages/airflow/example_dags/plugins/workday.py
[2023-07-22T16:09:30.914-0500] {logging_mixin.py:150} INFO - [2023-07-22T16:09:30.914-0500] {workday.py:36} WARNING - Could not import pandas. Holidays will not be considered.
[2023-07-22T16:09:30.914-0500] {processor.py:838} WARNING - No viable dags retrieved from /Users/abhishekpatkar/Documents/Projects/af_file_loader/venv/lib/python3.11/site-packages/airflow/example_dags/plugins/workday.py
[2023-07-22T16:09:31.488-0500] {processor.py:179} INFO - Processing /Users/abhishekpatkar/Documents/Projects/af_file_loader/venv/lib/python3.11/site-packages/airflow/example_dags/plugins/workday.py took 0.580 seconds
[2023-07-22T16:11:17.012-0500] {processor.py:157} INFO - Started process (PID=20767) to work on /Users/abhishekpatkar/Documents/Projects/af_file_loader/venv/lib/python3.11/site-packages/airflow/example_dags/plugins/workday.py
[2023-07-22T16:11:17.016-0500] {processor.py:826} INFO - Processing file /Users/abhishekpatkar/Documents/Projects/af_file_loader/venv/lib/python3.11/site-packages/airflow/example_dags/plugins/workday.py for tasks to queue
[2023-07-22T16:11:17.017-0500] {logging_mixin.py:150} INFO - [2023-07-22T16:11:17.016-0500] {dagbag.py:541} INFO - Filling up the DagBag from /Users/abhishekpatkar/Documents/Projects/af_file_loader/venv/lib/python3.11/site-packages/airflow/example_dags/plugins/workday.py
[2023-07-22T16:11:17.018-0500] {logging_mixin.py:150} INFO - [2023-07-22T16:11:17.018-0500] {workday.py:36} WARNING - Could not import pandas. Holidays will not be considered.
[2023-07-22T16:11:17.018-0500] {processor.py:838} WARNING - No viable dags retrieved from /Users/abhishekpatkar/Documents/Projects/af_file_loader/venv/lib/python3.11/site-packages/airflow/example_dags/plugins/workday.py
[2023-07-22T16:11:17.591-0500] {processor.py:179} INFO - Processing /Users/abhishekpatkar/Documents/Projects/af_file_loader/venv/lib/python3.11/site-packages/airflow/example_dags/plugins/workday.py took 0.579 seconds
[2023-07-22T16:25:24.242-0500] {processor.py:157} INFO - Started process (PID=20922) to work on /Users/abhishekpatkar/Documents/Projects/af_file_loader/venv/lib/python3.11/site-packages/airflow/example_dags/plugins/workday.py
[2023-07-22T16:25:24.250-0500] {processor.py:826} INFO - Processing file /Users/abhishekpatkar/Documents/Projects/af_file_loader/venv/lib/python3.11/site-packages/airflow/example_dags/plugins/workday.py for tasks to queue
[2023-07-22T16:25:24.250-0500] {logging_mixin.py:150} INFO - [2023-07-22T16:25:24.250-0500] {dagbag.py:541} INFO - Filling up the DagBag from /Users/abhishekpatkar/Documents/Projects/af_file_loader/venv/lib/python3.11/site-packages/airflow/example_dags/plugins/workday.py
[2023-07-22T16:25:24.253-0500] {logging_mixin.py:150} INFO - [2023-07-22T16:25:24.253-0500] {workday.py:36} WARNING - Could not import pandas. Holidays will not be considered.
[2023-07-22T16:25:24.254-0500] {processor.py:838} WARNING - No viable dags retrieved from /Users/abhishekpatkar/Documents/Projects/af_file_loader/venv/lib/python3.11/site-packages/airflow/example_dags/plugins/workday.py
[2023-07-22T16:25:30.716-0500] {processor.py:179} INFO - Processing /Users/abhishekpatkar/Documents/Projects/af_file_loader/venv/lib/python3.11/site-packages/airflow/example_dags/plugins/workday.py took 6.475 seconds
[2023-07-22T16:28:59.639-0500] {processor.py:157} INFO - Started process (PID=21060) to work on /Users/abhishekpatkar/Documents/Projects/af_file_loader/venv/lib/python3.11/site-packages/airflow/example_dags/plugins/workday.py
[2023-07-22T16:28:59.645-0500] {processor.py:826} INFO - Processing file /Users/abhishekpatkar/Documents/Projects/af_file_loader/venv/lib/python3.11/site-packages/airflow/example_dags/plugins/workday.py for tasks to queue
[2023-07-22T16:28:59.646-0500] {logging_mixin.py:150} INFO - [2023-07-22T16:28:59.645-0500] {dagbag.py:541} INFO - Filling up the DagBag from /Users/abhishekpatkar/Documents/Projects/af_file_loader/venv/lib/python3.11/site-packages/airflow/example_dags/plugins/workday.py
[2023-07-22T16:28:59.650-0500] {logging_mixin.py:150} INFO - [2023-07-22T16:28:59.650-0500] {workday.py:36} WARNING - Could not import pandas. Holidays will not be considered.
[2023-07-22T16:28:59.651-0500] {processor.py:838} WARNING - No viable dags retrieved from /Users/abhishekpatkar/Documents/Projects/af_file_loader/venv/lib/python3.11/site-packages/airflow/example_dags/plugins/workday.py
[2023-07-22T16:29:01.066-0500] {processor.py:179} INFO - Processing /Users/abhishekpatkar/Documents/Projects/af_file_loader/venv/lib/python3.11/site-packages/airflow/example_dags/plugins/workday.py took 1.430 seconds
[2023-07-22T16:32:13.172-0500] {processor.py:157} INFO - Started process (PID=21166) to work on /Users/abhishekpatkar/Documents/Projects/af_file_loader/venv/lib/python3.11/site-packages/airflow/example_dags/plugins/workday.py
[2023-07-22T16:32:13.193-0500] {processor.py:826} INFO - Processing file /Users/abhishekpatkar/Documents/Projects/af_file_loader/venv/lib/python3.11/site-packages/airflow/example_dags/plugins/workday.py for tasks to queue
[2023-07-22T16:32:13.195-0500] {logging_mixin.py:150} INFO - [2023-07-22T16:32:13.194-0500] {dagbag.py:541} INFO - Filling up the DagBag from /Users/abhishekpatkar/Documents/Projects/af_file_loader/venv/lib/python3.11/site-packages/airflow/example_dags/plugins/workday.py
[2023-07-22T16:32:13.199-0500] {logging_mixin.py:150} INFO - [2023-07-22T16:32:13.198-0500] {workday.py:36} WARNING - Could not import pandas. Holidays will not be considered.
[2023-07-22T16:32:13.199-0500] {processor.py:838} WARNING - No viable dags retrieved from /Users/abhishekpatkar/Documents/Projects/af_file_loader/venv/lib/python3.11/site-packages/airflow/example_dags/plugins/workday.py
[2023-07-22T16:32:14.292-0500] {processor.py:179} INFO - Processing /Users/abhishekpatkar/Documents/Projects/af_file_loader/venv/lib/python3.11/site-packages/airflow/example_dags/plugins/workday.py took 1.121 seconds
[2023-07-22T16:35:35.646-0500] {processor.py:157} INFO - Started process (PID=21272) to work on /Users/abhishekpatkar/Documents/Projects/af_file_loader/venv/lib/python3.11/site-packages/airflow/example_dags/plugins/workday.py
[2023-07-22T16:35:35.653-0500] {processor.py:826} INFO - Processing file /Users/abhishekpatkar/Documents/Projects/af_file_loader/venv/lib/python3.11/site-packages/airflow/example_dags/plugins/workday.py for tasks to queue
[2023-07-22T16:35:35.653-0500] {logging_mixin.py:150} INFO - [2023-07-22T16:35:35.653-0500] {dagbag.py:541} INFO - Filling up the DagBag from /Users/abhishekpatkar/Documents/Projects/af_file_loader/venv/lib/python3.11/site-packages/airflow/example_dags/plugins/workday.py
[2023-07-22T16:35:35.655-0500] {logging_mixin.py:150} INFO - [2023-07-22T16:35:35.655-0500] {workday.py:36} WARNING - Could not import pandas. Holidays will not be considered.
[2023-07-22T16:35:35.655-0500] {processor.py:838} WARNING - No viable dags retrieved from /Users/abhishekpatkar/Documents/Projects/af_file_loader/venv/lib/python3.11/site-packages/airflow/example_dags/plugins/workday.py
[2023-07-22T16:35:36.850-0500] {processor.py:179} INFO - Processing /Users/abhishekpatkar/Documents/Projects/af_file_loader/venv/lib/python3.11/site-packages/airflow/example_dags/plugins/workday.py took 1.205 seconds
[2023-07-22T16:40:43.913-0500] {processor.py:157} INFO - Started process (PID=21468) to work on /Users/abhishekpatkar/Documents/Projects/af_file_loader/venv/lib/python3.11/site-packages/airflow/example_dags/plugins/workday.py
[2023-07-22T16:40:43.922-0500] {processor.py:826} INFO - Processing file /Users/abhishekpatkar/Documents/Projects/af_file_loader/venv/lib/python3.11/site-packages/airflow/example_dags/plugins/workday.py for tasks to queue
[2023-07-22T16:40:43.922-0500] {logging_mixin.py:150} INFO - [2023-07-22T16:40:43.922-0500] {dagbag.py:541} INFO - Filling up the DagBag from /Users/abhishekpatkar/Documents/Projects/af_file_loader/venv/lib/python3.11/site-packages/airflow/example_dags/plugins/workday.py
[2023-07-22T16:40:43.924-0500] {logging_mixin.py:150} INFO - [2023-07-22T16:40:43.924-0500] {workday.py:36} WARNING - Could not import pandas. Holidays will not be considered.
[2023-07-22T16:40:43.925-0500] {processor.py:838} WARNING - No viable dags retrieved from /Users/abhishekpatkar/Documents/Projects/af_file_loader/venv/lib/python3.11/site-packages/airflow/example_dags/plugins/workday.py
[2023-07-22T16:40:45.428-0500] {processor.py:179} INFO - Processing /Users/abhishekpatkar/Documents/Projects/af_file_loader/venv/lib/python3.11/site-packages/airflow/example_dags/plugins/workday.py took 1.519 seconds
[2023-07-22T16:44:42.919-0500] {processor.py:157} INFO - Started process (PID=21601) to work on /Users/abhishekpatkar/Documents/Projects/af_file_loader/venv/lib/python3.11/site-packages/airflow/example_dags/plugins/workday.py
[2023-07-22T16:44:42.924-0500] {processor.py:826} INFO - Processing file /Users/abhishekpatkar/Documents/Projects/af_file_loader/venv/lib/python3.11/site-packages/airflow/example_dags/plugins/workday.py for tasks to queue
[2023-07-22T16:44:42.925-0500] {logging_mixin.py:150} INFO - [2023-07-22T16:44:42.925-0500] {dagbag.py:541} INFO - Filling up the DagBag from /Users/abhishekpatkar/Documents/Projects/af_file_loader/venv/lib/python3.11/site-packages/airflow/example_dags/plugins/workday.py
[2023-07-22T16:44:42.926-0500] {logging_mixin.py:150} INFO - [2023-07-22T16:44:42.926-0500] {workday.py:36} WARNING - Could not import pandas. Holidays will not be considered.
[2023-07-22T16:44:42.927-0500] {processor.py:838} WARNING - No viable dags retrieved from /Users/abhishekpatkar/Documents/Projects/af_file_loader/venv/lib/python3.11/site-packages/airflow/example_dags/plugins/workday.py
[2023-07-22T16:44:44.326-0500] {processor.py:179} INFO - Processing /Users/abhishekpatkar/Documents/Projects/af_file_loader/venv/lib/python3.11/site-packages/airflow/example_dags/plugins/workday.py took 1.411 seconds
[2023-07-22T16:48:17.370-0500] {processor.py:157} INFO - Started process (PID=21711) to work on /Users/abhishekpatkar/Documents/Projects/af_file_loader/venv/lib/python3.11/site-packages/airflow/example_dags/plugins/workday.py
[2023-07-22T16:48:17.381-0500] {processor.py:826} INFO - Processing file /Users/abhishekpatkar/Documents/Projects/af_file_loader/venv/lib/python3.11/site-packages/airflow/example_dags/plugins/workday.py for tasks to queue
[2023-07-22T16:48:17.383-0500] {logging_mixin.py:150} INFO - [2023-07-22T16:48:17.382-0500] {dagbag.py:541} INFO - Filling up the DagBag from /Users/abhishekpatkar/Documents/Projects/af_file_loader/venv/lib/python3.11/site-packages/airflow/example_dags/plugins/workday.py
[2023-07-22T16:48:17.389-0500] {logging_mixin.py:150} INFO - [2023-07-22T16:48:17.389-0500] {workday.py:36} WARNING - Could not import pandas. Holidays will not be considered.
[2023-07-22T16:48:17.389-0500] {processor.py:838} WARNING - No viable dags retrieved from /Users/abhishekpatkar/Documents/Projects/af_file_loader/venv/lib/python3.11/site-packages/airflow/example_dags/plugins/workday.py
[2023-07-22T16:48:18.818-0500] {processor.py:179} INFO - Processing /Users/abhishekpatkar/Documents/Projects/af_file_loader/venv/lib/python3.11/site-packages/airflow/example_dags/plugins/workday.py took 1.450 seconds
[2023-07-22T16:52:08.592-0500] {processor.py:157} INFO - Started process (PID=21826) to work on /Users/abhishekpatkar/Documents/Projects/af_file_loader/venv/lib/python3.11/site-packages/airflow/example_dags/plugins/workday.py
[2023-07-22T16:52:08.599-0500] {processor.py:826} INFO - Processing file /Users/abhishekpatkar/Documents/Projects/af_file_loader/venv/lib/python3.11/site-packages/airflow/example_dags/plugins/workday.py for tasks to queue
[2023-07-22T16:52:08.600-0500] {logging_mixin.py:150} INFO - [2023-07-22T16:52:08.599-0500] {dagbag.py:541} INFO - Filling up the DagBag from /Users/abhishekpatkar/Documents/Projects/af_file_loader/venv/lib/python3.11/site-packages/airflow/example_dags/plugins/workday.py
[2023-07-22T16:52:08.602-0500] {logging_mixin.py:150} INFO - [2023-07-22T16:52:08.602-0500] {workday.py:36} WARNING - Could not import pandas. Holidays will not be considered.
[2023-07-22T16:52:08.603-0500] {processor.py:838} WARNING - No viable dags retrieved from /Users/abhishekpatkar/Documents/Projects/af_file_loader/venv/lib/python3.11/site-packages/airflow/example_dags/plugins/workday.py
[2023-07-22T16:52:09.854-0500] {processor.py:179} INFO - Processing /Users/abhishekpatkar/Documents/Projects/af_file_loader/venv/lib/python3.11/site-packages/airflow/example_dags/plugins/workday.py took 1.264 seconds
[2023-07-22T16:55:36.960-0500] {processor.py:157} INFO - Started process (PID=21948) to work on /Users/abhishekpatkar/Documents/Projects/af_file_loader/venv/lib/python3.11/site-packages/airflow/example_dags/plugins/workday.py
[2023-07-22T16:55:36.966-0500] {processor.py:826} INFO - Processing file /Users/abhishekpatkar/Documents/Projects/af_file_loader/venv/lib/python3.11/site-packages/airflow/example_dags/plugins/workday.py for tasks to queue
[2023-07-22T16:55:36.967-0500] {logging_mixin.py:150} INFO - [2023-07-22T16:55:36.967-0500] {dagbag.py:541} INFO - Filling up the DagBag from /Users/abhishekpatkar/Documents/Projects/af_file_loader/venv/lib/python3.11/site-packages/airflow/example_dags/plugins/workday.py
[2023-07-22T16:55:36.971-0500] {logging_mixin.py:150} INFO - [2023-07-22T16:55:36.970-0500] {workday.py:36} WARNING - Could not import pandas. Holidays will not be considered.
[2023-07-22T16:55:36.971-0500] {processor.py:838} WARNING - No viable dags retrieved from /Users/abhishekpatkar/Documents/Projects/af_file_loader/venv/lib/python3.11/site-packages/airflow/example_dags/plugins/workday.py
[2023-07-22T16:55:37.934-0500] {processor.py:179} INFO - Processing /Users/abhishekpatkar/Documents/Projects/af_file_loader/venv/lib/python3.11/site-packages/airflow/example_dags/plugins/workday.py took 0.975 seconds
[2023-07-22T16:58:34.280-0500] {processor.py:157} INFO - Started process (PID=22041) to work on /Users/abhishekpatkar/Documents/Projects/af_file_loader/venv/lib/python3.11/site-packages/airflow/example_dags/plugins/workday.py
[2023-07-22T16:58:34.286-0500] {processor.py:826} INFO - Processing file /Users/abhishekpatkar/Documents/Projects/af_file_loader/venv/lib/python3.11/site-packages/airflow/example_dags/plugins/workday.py for tasks to queue
[2023-07-22T16:58:34.287-0500] {logging_mixin.py:150} INFO - [2023-07-22T16:58:34.287-0500] {dagbag.py:541} INFO - Filling up the DagBag from /Users/abhishekpatkar/Documents/Projects/af_file_loader/venv/lib/python3.11/site-packages/airflow/example_dags/plugins/workday.py
[2023-07-22T16:58:34.292-0500] {logging_mixin.py:150} INFO - [2023-07-22T16:58:34.291-0500] {workday.py:36} WARNING - Could not import pandas. Holidays will not be considered.
[2023-07-22T16:58:34.292-0500] {processor.py:838} WARNING - No viable dags retrieved from /Users/abhishekpatkar/Documents/Projects/af_file_loader/venv/lib/python3.11/site-packages/airflow/example_dags/plugins/workday.py
[2023-07-22T16:58:35.409-0500] {processor.py:179} INFO - Processing /Users/abhishekpatkar/Documents/Projects/af_file_loader/venv/lib/python3.11/site-packages/airflow/example_dags/plugins/workday.py took 1.129 seconds
[2023-07-22T17:02:47.760-0500] {processor.py:157} INFO - Started process (PID=22220) to work on /Users/abhishekpatkar/Documents/Projects/af_file_loader/venv/lib/python3.11/site-packages/airflow/example_dags/plugins/workday.py
[2023-07-22T17:02:47.766-0500] {processor.py:826} INFO - Processing file /Users/abhishekpatkar/Documents/Projects/af_file_loader/venv/lib/python3.11/site-packages/airflow/example_dags/plugins/workday.py for tasks to queue
[2023-07-22T17:02:47.766-0500] {logging_mixin.py:150} INFO - [2023-07-22T17:02:47.766-0500] {dagbag.py:541} INFO - Filling up the DagBag from /Users/abhishekpatkar/Documents/Projects/af_file_loader/venv/lib/python3.11/site-packages/airflow/example_dags/plugins/workday.py
[2023-07-22T17:02:47.768-0500] {logging_mixin.py:150} INFO - [2023-07-22T17:02:47.768-0500] {workday.py:36} WARNING - Could not import pandas. Holidays will not be considered.
[2023-07-22T17:02:47.769-0500] {processor.py:838} WARNING - No viable dags retrieved from /Users/abhishekpatkar/Documents/Projects/af_file_loader/venv/lib/python3.11/site-packages/airflow/example_dags/plugins/workday.py
[2023-07-22T17:02:48.609-0500] {processor.py:179} INFO - Processing /Users/abhishekpatkar/Documents/Projects/af_file_loader/venv/lib/python3.11/site-packages/airflow/example_dags/plugins/workday.py took 0.850 seconds
[2023-07-22T17:05:05.200-0500] {processor.py:157} INFO - Started process (PID=22306) to work on /Users/abhishekpatkar/Documents/Projects/af_file_loader/venv/lib/python3.11/site-packages/airflow/example_dags/plugins/workday.py
[2023-07-22T17:05:05.205-0500] {processor.py:826} INFO - Processing file /Users/abhishekpatkar/Documents/Projects/af_file_loader/venv/lib/python3.11/site-packages/airflow/example_dags/plugins/workday.py for tasks to queue
[2023-07-22T17:05:05.206-0500] {logging_mixin.py:150} INFO - [2023-07-22T17:05:05.206-0500] {dagbag.py:541} INFO - Filling up the DagBag from /Users/abhishekpatkar/Documents/Projects/af_file_loader/venv/lib/python3.11/site-packages/airflow/example_dags/plugins/workday.py
[2023-07-22T17:05:05.208-0500] {logging_mixin.py:150} INFO - [2023-07-22T17:05:05.207-0500] {workday.py:36} WARNING - Could not import pandas. Holidays will not be considered.
[2023-07-22T17:05:05.208-0500] {processor.py:838} WARNING - No viable dags retrieved from /Users/abhishekpatkar/Documents/Projects/af_file_loader/venv/lib/python3.11/site-packages/airflow/example_dags/plugins/workday.py
[2023-07-22T17:05:05.919-0500] {processor.py:179} INFO - Processing /Users/abhishekpatkar/Documents/Projects/af_file_loader/venv/lib/python3.11/site-packages/airflow/example_dags/plugins/workday.py took 0.720 seconds
[2023-07-22T17:07:00.592-0500] {processor.py:157} INFO - Started process (PID=22380) to work on /Users/abhishekpatkar/Documents/Projects/af_file_loader/venv/lib/python3.11/site-packages/airflow/example_dags/plugins/workday.py
[2023-07-22T17:07:00.596-0500] {processor.py:826} INFO - Processing file /Users/abhishekpatkar/Documents/Projects/af_file_loader/venv/lib/python3.11/site-packages/airflow/example_dags/plugins/workday.py for tasks to queue
[2023-07-22T17:07:00.597-0500] {logging_mixin.py:150} INFO - [2023-07-22T17:07:00.597-0500] {dagbag.py:541} INFO - Filling up the DagBag from /Users/abhishekpatkar/Documents/Projects/af_file_loader/venv/lib/python3.11/site-packages/airflow/example_dags/plugins/workday.py
[2023-07-22T17:07:00.599-0500] {logging_mixin.py:150} INFO - [2023-07-22T17:07:00.598-0500] {workday.py:36} WARNING - Could not import pandas. Holidays will not be considered.
[2023-07-22T17:07:00.599-0500] {processor.py:838} WARNING - No viable dags retrieved from /Users/abhishekpatkar/Documents/Projects/af_file_loader/venv/lib/python3.11/site-packages/airflow/example_dags/plugins/workday.py
[2023-07-22T17:07:01.284-0500] {processor.py:179} INFO - Processing /Users/abhishekpatkar/Documents/Projects/af_file_loader/venv/lib/python3.11/site-packages/airflow/example_dags/plugins/workday.py took 0.692 seconds
[2023-07-22T17:09:02.581-0500] {processor.py:157} INFO - Started process (PID=22462) to work on /Users/abhishekpatkar/Documents/Projects/af_file_loader/venv/lib/python3.11/site-packages/airflow/example_dags/plugins/workday.py
[2023-07-22T17:09:02.586-0500] {processor.py:826} INFO - Processing file /Users/abhishekpatkar/Documents/Projects/af_file_loader/venv/lib/python3.11/site-packages/airflow/example_dags/plugins/workday.py for tasks to queue
[2023-07-22T17:09:02.587-0500] {logging_mixin.py:150} INFO - [2023-07-22T17:09:02.587-0500] {dagbag.py:541} INFO - Filling up the DagBag from /Users/abhishekpatkar/Documents/Projects/af_file_loader/venv/lib/python3.11/site-packages/airflow/example_dags/plugins/workday.py
[2023-07-22T17:09:02.590-0500] {logging_mixin.py:150} INFO - [2023-07-22T17:09:02.589-0500] {workday.py:36} WARNING - Could not import pandas. Holidays will not be considered.
[2023-07-22T17:09:02.590-0500] {processor.py:838} WARNING - No viable dags retrieved from /Users/abhishekpatkar/Documents/Projects/af_file_loader/venv/lib/python3.11/site-packages/airflow/example_dags/plugins/workday.py
[2023-07-22T17:09:03.259-0500] {processor.py:179} INFO - Processing /Users/abhishekpatkar/Documents/Projects/af_file_loader/venv/lib/python3.11/site-packages/airflow/example_dags/plugins/workday.py took 0.679 seconds
[2023-07-22T17:11:02.005-0500] {processor.py:157} INFO - Started process (PID=22545) to work on /Users/abhishekpatkar/Documents/Projects/af_file_loader/venv/lib/python3.11/site-packages/airflow/example_dags/plugins/workday.py
[2023-07-22T17:11:02.010-0500] {processor.py:826} INFO - Processing file /Users/abhishekpatkar/Documents/Projects/af_file_loader/venv/lib/python3.11/site-packages/airflow/example_dags/plugins/workday.py for tasks to queue
[2023-07-22T17:11:02.011-0500] {logging_mixin.py:150} INFO - [2023-07-22T17:11:02.011-0500] {dagbag.py:541} INFO - Filling up the DagBag from /Users/abhishekpatkar/Documents/Projects/af_file_loader/venv/lib/python3.11/site-packages/airflow/example_dags/plugins/workday.py
[2023-07-22T17:11:02.013-0500] {logging_mixin.py:150} INFO - [2023-07-22T17:11:02.013-0500] {workday.py:36} WARNING - Could not import pandas. Holidays will not be considered.
[2023-07-22T17:11:02.013-0500] {processor.py:838} WARNING - No viable dags retrieved from /Users/abhishekpatkar/Documents/Projects/af_file_loader/venv/lib/python3.11/site-packages/airflow/example_dags/plugins/workday.py
[2023-07-22T17:11:02.678-0500] {processor.py:179} INFO - Processing /Users/abhishekpatkar/Documents/Projects/af_file_loader/venv/lib/python3.11/site-packages/airflow/example_dags/plugins/workday.py took 0.674 seconds
[2023-07-22T17:13:02.076-0500] {processor.py:157} INFO - Started process (PID=22619) to work on /Users/abhishekpatkar/Documents/Projects/af_file_loader/venv/lib/python3.11/site-packages/airflow/example_dags/plugins/workday.py
[2023-07-22T17:13:02.080-0500] {processor.py:826} INFO - Processing file /Users/abhishekpatkar/Documents/Projects/af_file_loader/venv/lib/python3.11/site-packages/airflow/example_dags/plugins/workday.py for tasks to queue
[2023-07-22T17:13:02.081-0500] {logging_mixin.py:150} INFO - [2023-07-22T17:13:02.081-0500] {dagbag.py:541} INFO - Filling up the DagBag from /Users/abhishekpatkar/Documents/Projects/af_file_loader/venv/lib/python3.11/site-packages/airflow/example_dags/plugins/workday.py
[2023-07-22T17:13:02.084-0500] {logging_mixin.py:150} INFO - [2023-07-22T17:13:02.083-0500] {workday.py:36} WARNING - Could not import pandas. Holidays will not be considered.
[2023-07-22T17:13:02.084-0500] {processor.py:838} WARNING - No viable dags retrieved from /Users/abhishekpatkar/Documents/Projects/af_file_loader/venv/lib/python3.11/site-packages/airflow/example_dags/plugins/workday.py
[2023-07-22T17:13:02.783-0500] {processor.py:179} INFO - Processing /Users/abhishekpatkar/Documents/Projects/af_file_loader/venv/lib/python3.11/site-packages/airflow/example_dags/plugins/workday.py took 0.708 seconds
[2023-07-22T17:15:00.079-0500] {processor.py:157} INFO - Started process (PID=22695) to work on /Users/abhishekpatkar/Documents/Projects/af_file_loader/venv/lib/python3.11/site-packages/airflow/example_dags/plugins/workday.py
[2023-07-22T17:15:00.084-0500] {processor.py:826} INFO - Processing file /Users/abhishekpatkar/Documents/Projects/af_file_loader/venv/lib/python3.11/site-packages/airflow/example_dags/plugins/workday.py for tasks to queue
[2023-07-22T17:15:00.084-0500] {logging_mixin.py:150} INFO - [2023-07-22T17:15:00.084-0500] {dagbag.py:541} INFO - Filling up the DagBag from /Users/abhishekpatkar/Documents/Projects/af_file_loader/venv/lib/python3.11/site-packages/airflow/example_dags/plugins/workday.py
[2023-07-22T17:15:00.086-0500] {logging_mixin.py:150} INFO - [2023-07-22T17:15:00.086-0500] {workday.py:36} WARNING - Could not import pandas. Holidays will not be considered.
[2023-07-22T17:15:00.086-0500] {processor.py:838} WARNING - No viable dags retrieved from /Users/abhishekpatkar/Documents/Projects/af_file_loader/venv/lib/python3.11/site-packages/airflow/example_dags/plugins/workday.py
[2023-07-22T17:15:00.833-0500] {processor.py:179} INFO - Processing /Users/abhishekpatkar/Documents/Projects/af_file_loader/venv/lib/python3.11/site-packages/airflow/example_dags/plugins/workday.py took 0.757 seconds
[2023-07-22T17:17:10.031-0500] {processor.py:157} INFO - Started process (PID=22780) to work on /Users/abhishekpatkar/Documents/Projects/af_file_loader/venv/lib/python3.11/site-packages/airflow/example_dags/plugins/workday.py
[2023-07-22T17:17:10.036-0500] {processor.py:826} INFO - Processing file /Users/abhishekpatkar/Documents/Projects/af_file_loader/venv/lib/python3.11/site-packages/airflow/example_dags/plugins/workday.py for tasks to queue
[2023-07-22T17:17:10.036-0500] {logging_mixin.py:150} INFO - [2023-07-22T17:17:10.036-0500] {dagbag.py:541} INFO - Filling up the DagBag from /Users/abhishekpatkar/Documents/Projects/af_file_loader/venv/lib/python3.11/site-packages/airflow/example_dags/plugins/workday.py
[2023-07-22T17:17:10.038-0500] {logging_mixin.py:150} INFO - [2023-07-22T17:17:10.038-0500] {workday.py:36} WARNING - Could not import pandas. Holidays will not be considered.
[2023-07-22T17:17:10.038-0500] {processor.py:838} WARNING - No viable dags retrieved from /Users/abhishekpatkar/Documents/Projects/af_file_loader/venv/lib/python3.11/site-packages/airflow/example_dags/plugins/workday.py
[2023-07-22T17:17:10.735-0500] {processor.py:179} INFO - Processing /Users/abhishekpatkar/Documents/Projects/af_file_loader/venv/lib/python3.11/site-packages/airflow/example_dags/plugins/workday.py took 0.705 seconds
[2023-07-22T17:19:51.560-0500] {processor.py:157} INFO - Started process (PID=22920) to work on /Users/abhishekpatkar/Documents/Projects/af_file_loader/venv/lib/python3.11/site-packages/airflow/example_dags/plugins/workday.py
[2023-07-22T17:19:51.565-0500] {processor.py:826} INFO - Processing file /Users/abhishekpatkar/Documents/Projects/af_file_loader/venv/lib/python3.11/site-packages/airflow/example_dags/plugins/workday.py for tasks to queue
[2023-07-22T17:19:51.565-0500] {logging_mixin.py:150} INFO - [2023-07-22T17:19:51.565-0500] {dagbag.py:541} INFO - Filling up the DagBag from /Users/abhishekpatkar/Documents/Projects/af_file_loader/venv/lib/python3.11/site-packages/airflow/example_dags/plugins/workday.py
[2023-07-22T17:19:51.567-0500] {logging_mixin.py:150} INFO - [2023-07-22T17:19:51.567-0500] {workday.py:36} WARNING - Could not import pandas. Holidays will not be considered.
[2023-07-22T17:19:51.567-0500] {processor.py:838} WARNING - No viable dags retrieved from /Users/abhishekpatkar/Documents/Projects/af_file_loader/venv/lib/python3.11/site-packages/airflow/example_dags/plugins/workday.py
[2023-07-22T17:19:52.240-0500] {processor.py:179} INFO - Processing /Users/abhishekpatkar/Documents/Projects/af_file_loader/venv/lib/python3.11/site-packages/airflow/example_dags/plugins/workday.py took 0.681 seconds
[2023-07-22T17:21:53.578-0500] {processor.py:157} INFO - Started process (PID=23009) to work on /Users/abhishekpatkar/Documents/Projects/af_file_loader/venv/lib/python3.11/site-packages/airflow/example_dags/plugins/workday.py
[2023-07-22T17:21:53.583-0500] {processor.py:826} INFO - Processing file /Users/abhishekpatkar/Documents/Projects/af_file_loader/venv/lib/python3.11/site-packages/airflow/example_dags/plugins/workday.py for tasks to queue
[2023-07-22T17:21:53.584-0500] {logging_mixin.py:150} INFO - [2023-07-22T17:21:53.583-0500] {dagbag.py:541} INFO - Filling up the DagBag from /Users/abhishekpatkar/Documents/Projects/af_file_loader/venv/lib/python3.11/site-packages/airflow/example_dags/plugins/workday.py
[2023-07-22T17:21:53.585-0500] {logging_mixin.py:150} INFO - [2023-07-22T17:21:53.585-0500] {workday.py:36} WARNING - Could not import pandas. Holidays will not be considered.
[2023-07-22T17:21:53.586-0500] {processor.py:838} WARNING - No viable dags retrieved from /Users/abhishekpatkar/Documents/Projects/af_file_loader/venv/lib/python3.11/site-packages/airflow/example_dags/plugins/workday.py
[2023-07-22T17:21:54.247-0500] {processor.py:179} INFO - Processing /Users/abhishekpatkar/Documents/Projects/af_file_loader/venv/lib/python3.11/site-packages/airflow/example_dags/plugins/workday.py took 0.669 seconds
[2023-07-22T17:25:30.304-0500] {processor.py:157} INFO - Started process (PID=23178) to work on /Users/abhishekpatkar/Documents/Projects/af_file_loader/venv/lib/python3.11/site-packages/airflow/example_dags/plugins/workday.py
[2023-07-22T17:25:30.317-0500] {processor.py:826} INFO - Processing file /Users/abhishekpatkar/Documents/Projects/af_file_loader/venv/lib/python3.11/site-packages/airflow/example_dags/plugins/workday.py for tasks to queue
[2023-07-22T17:25:30.319-0500] {logging_mixin.py:150} INFO - [2023-07-22T17:25:30.319-0500] {dagbag.py:541} INFO - Filling up the DagBag from /Users/abhishekpatkar/Documents/Projects/af_file_loader/venv/lib/python3.11/site-packages/airflow/example_dags/plugins/workday.py
[2023-07-22T17:25:30.321-0500] {logging_mixin.py:150} INFO - [2023-07-22T17:25:30.321-0500] {workday.py:36} WARNING - Could not import pandas. Holidays will not be considered.
[2023-07-22T17:25:30.322-0500] {processor.py:838} WARNING - No viable dags retrieved from /Users/abhishekpatkar/Documents/Projects/af_file_loader/venv/lib/python3.11/site-packages/airflow/example_dags/plugins/workday.py
[2023-07-22T17:25:32.836-0500] {processor.py:179} INFO - Processing /Users/abhishekpatkar/Documents/Projects/af_file_loader/venv/lib/python3.11/site-packages/airflow/example_dags/plugins/workday.py took 2.533 seconds
[2023-07-22T17:30:13.962-0500] {processor.py:157} INFO - Started process (PID=23346) to work on /Users/abhishekpatkar/Documents/Projects/af_file_loader/venv/lib/python3.11/site-packages/airflow/example_dags/plugins/workday.py
[2023-07-22T17:30:13.966-0500] {processor.py:826} INFO - Processing file /Users/abhishekpatkar/Documents/Projects/af_file_loader/venv/lib/python3.11/site-packages/airflow/example_dags/plugins/workday.py for tasks to queue
[2023-07-22T17:30:13.967-0500] {logging_mixin.py:150} INFO - [2023-07-22T17:30:13.967-0500] {dagbag.py:541} INFO - Filling up the DagBag from /Users/abhishekpatkar/Documents/Projects/af_file_loader/venv/lib/python3.11/site-packages/airflow/example_dags/plugins/workday.py
[2023-07-22T17:30:13.969-0500] {logging_mixin.py:150} INFO - [2023-07-22T17:30:13.969-0500] {workday.py:36} WARNING - Could not import pandas. Holidays will not be considered.
[2023-07-22T17:30:13.969-0500] {processor.py:838} WARNING - No viable dags retrieved from /Users/abhishekpatkar/Documents/Projects/af_file_loader/venv/lib/python3.11/site-packages/airflow/example_dags/plugins/workday.py
[2023-07-22T17:30:14.768-0500] {processor.py:179} INFO - Processing /Users/abhishekpatkar/Documents/Projects/af_file_loader/venv/lib/python3.11/site-packages/airflow/example_dags/plugins/workday.py took 0.806 seconds
[2023-07-22T17:32:24.666-0500] {processor.py:157} INFO - Started process (PID=23437) to work on /Users/abhishekpatkar/Documents/Projects/af_file_loader/venv/lib/python3.11/site-packages/airflow/example_dags/plugins/workday.py
[2023-07-22T17:32:24.671-0500] {processor.py:826} INFO - Processing file /Users/abhishekpatkar/Documents/Projects/af_file_loader/venv/lib/python3.11/site-packages/airflow/example_dags/plugins/workday.py for tasks to queue
[2023-07-22T17:32:24.672-0500] {logging_mixin.py:150} INFO - [2023-07-22T17:32:24.672-0500] {dagbag.py:541} INFO - Filling up the DagBag from /Users/abhishekpatkar/Documents/Projects/af_file_loader/venv/lib/python3.11/site-packages/airflow/example_dags/plugins/workday.py
[2023-07-22T17:32:24.674-0500] {logging_mixin.py:150} INFO - [2023-07-22T17:32:24.674-0500] {workday.py:36} WARNING - Could not import pandas. Holidays will not be considered.
[2023-07-22T17:32:24.674-0500] {processor.py:838} WARNING - No viable dags retrieved from /Users/abhishekpatkar/Documents/Projects/af_file_loader/venv/lib/python3.11/site-packages/airflow/example_dags/plugins/workday.py
[2023-07-22T17:32:25.441-0500] {processor.py:179} INFO - Processing /Users/abhishekpatkar/Documents/Projects/af_file_loader/venv/lib/python3.11/site-packages/airflow/example_dags/plugins/workday.py took 0.776 seconds
[2023-07-22T17:34:21.620-0500] {processor.py:157} INFO - Started process (PID=23512) to work on /Users/abhishekpatkar/Documents/Projects/af_file_loader/venv/lib/python3.11/site-packages/airflow/example_dags/plugins/workday.py
[2023-07-22T17:34:21.625-0500] {processor.py:826} INFO - Processing file /Users/abhishekpatkar/Documents/Projects/af_file_loader/venv/lib/python3.11/site-packages/airflow/example_dags/plugins/workday.py for tasks to queue
[2023-07-22T17:34:21.626-0500] {logging_mixin.py:150} INFO - [2023-07-22T17:34:21.626-0500] {dagbag.py:541} INFO - Filling up the DagBag from /Users/abhishekpatkar/Documents/Projects/af_file_loader/venv/lib/python3.11/site-packages/airflow/example_dags/plugins/workday.py
[2023-07-22T17:34:21.627-0500] {logging_mixin.py:150} INFO - [2023-07-22T17:34:21.627-0500] {workday.py:36} WARNING - Could not import pandas. Holidays will not be considered.
[2023-07-22T17:34:21.628-0500] {processor.py:838} WARNING - No viable dags retrieved from /Users/abhishekpatkar/Documents/Projects/af_file_loader/venv/lib/python3.11/site-packages/airflow/example_dags/plugins/workday.py
[2023-07-22T17:34:22.272-0500] {processor.py:179} INFO - Processing /Users/abhishekpatkar/Documents/Projects/af_file_loader/venv/lib/python3.11/site-packages/airflow/example_dags/plugins/workday.py took 0.653 seconds
[2023-07-22T17:36:58.366-0500] {processor.py:157} INFO - Started process (PID=23605) to work on /Users/abhishekpatkar/Documents/Projects/af_file_loader/venv/lib/python3.11/site-packages/airflow/example_dags/plugins/workday.py
[2023-07-22T17:36:58.373-0500] {processor.py:826} INFO - Processing file /Users/abhishekpatkar/Documents/Projects/af_file_loader/venv/lib/python3.11/site-packages/airflow/example_dags/plugins/workday.py for tasks to queue
[2023-07-22T17:36:58.375-0500] {logging_mixin.py:150} INFO - [2023-07-22T17:36:58.375-0500] {dagbag.py:541} INFO - Filling up the DagBag from /Users/abhishekpatkar/Documents/Projects/af_file_loader/venv/lib/python3.11/site-packages/airflow/example_dags/plugins/workday.py
[2023-07-22T17:36:58.379-0500] {logging_mixin.py:150} INFO - [2023-07-22T17:36:58.379-0500] {workday.py:36} WARNING - Could not import pandas. Holidays will not be considered.
[2023-07-22T17:36:58.380-0500] {processor.py:838} WARNING - No viable dags retrieved from /Users/abhishekpatkar/Documents/Projects/af_file_loader/venv/lib/python3.11/site-packages/airflow/example_dags/plugins/workday.py
[2023-07-22T17:36:59.959-0500] {processor.py:179} INFO - Processing /Users/abhishekpatkar/Documents/Projects/af_file_loader/venv/lib/python3.11/site-packages/airflow/example_dags/plugins/workday.py took 1.594 seconds
[2023-07-22T17:41:51.829-0500] {processor.py:157} INFO - Started process (PID=23815) to work on /Users/abhishekpatkar/Documents/Projects/af_file_loader/venv/lib/python3.11/site-packages/airflow/example_dags/plugins/workday.py
[2023-07-22T17:41:51.864-0500] {processor.py:826} INFO - Processing file /Users/abhishekpatkar/Documents/Projects/af_file_loader/venv/lib/python3.11/site-packages/airflow/example_dags/plugins/workday.py for tasks to queue
[2023-07-22T17:41:51.865-0500] {logging_mixin.py:150} INFO - [2023-07-22T17:41:51.865-0500] {dagbag.py:541} INFO - Filling up the DagBag from /Users/abhishekpatkar/Documents/Projects/af_file_loader/venv/lib/python3.11/site-packages/airflow/example_dags/plugins/workday.py
[2023-07-22T17:42:17.643-0500] {processor.py:838} WARNING - No viable dags retrieved from /Users/abhishekpatkar/Documents/Projects/af_file_loader/venv/lib/python3.11/site-packages/airflow/example_dags/plugins/workday.py
[2023-07-22T17:42:19.122-0500] {processor.py:179} INFO - Processing /Users/abhishekpatkar/Documents/Projects/af_file_loader/venv/lib/python3.11/site-packages/airflow/example_dags/plugins/workday.py took 27.294 seconds
[2023-07-22T17:50:24.010-0500] {processor.py:157} INFO - Started process (PID=24204) to work on /Users/abhishekpatkar/Documents/Projects/af_file_loader/venv/lib/python3.11/site-packages/airflow/example_dags/plugins/workday.py
[2023-07-22T17:50:24.014-0500] {processor.py:826} INFO - Processing file /Users/abhishekpatkar/Documents/Projects/af_file_loader/venv/lib/python3.11/site-packages/airflow/example_dags/plugins/workday.py for tasks to queue
[2023-07-22T17:50:24.015-0500] {logging_mixin.py:150} INFO - [2023-07-22T17:50:24.015-0500] {dagbag.py:541} INFO - Filling up the DagBag from /Users/abhishekpatkar/Documents/Projects/af_file_loader/venv/lib/python3.11/site-packages/airflow/example_dags/plugins/workday.py
[2023-07-22T17:50:25.469-0500] {processor.py:838} WARNING - No viable dags retrieved from /Users/abhishekpatkar/Documents/Projects/af_file_loader/venv/lib/python3.11/site-packages/airflow/example_dags/plugins/workday.py
[2023-07-22T17:50:28.035-0500] {processor.py:179} INFO - Processing /Users/abhishekpatkar/Documents/Projects/af_file_loader/venv/lib/python3.11/site-packages/airflow/example_dags/plugins/workday.py took 4.026 seconds
[2023-07-22T17:54:32.834-0500] {processor.py:157} INFO - Started process (PID=24440) to work on /Users/abhishekpatkar/Documents/Projects/af_file_loader/venv/lib/python3.11/site-packages/airflow/example_dags/plugins/workday.py
[2023-07-22T17:54:32.840-0500] {processor.py:826} INFO - Processing file /Users/abhishekpatkar/Documents/Projects/af_file_loader/venv/lib/python3.11/site-packages/airflow/example_dags/plugins/workday.py for tasks to queue
[2023-07-22T17:54:32.841-0500] {logging_mixin.py:150} INFO - [2023-07-22T17:54:32.841-0500] {dagbag.py:541} INFO - Filling up the DagBag from /Users/abhishekpatkar/Documents/Projects/af_file_loader/venv/lib/python3.11/site-packages/airflow/example_dags/plugins/workday.py
[2023-07-22T17:54:35.743-0500] {processor.py:838} WARNING - No viable dags retrieved from /Users/abhishekpatkar/Documents/Projects/af_file_loader/venv/lib/python3.11/site-packages/airflow/example_dags/plugins/workday.py
[2023-07-22T17:54:36.984-0500] {processor.py:179} INFO - Processing /Users/abhishekpatkar/Documents/Projects/af_file_loader/venv/lib/python3.11/site-packages/airflow/example_dags/plugins/workday.py took 4.153 seconds
[2023-07-22T18:00:11.738-0500] {processor.py:157} INFO - Started process (PID=24672) to work on /Users/abhishekpatkar/Documents/Projects/af_file_loader/venv/lib/python3.11/site-packages/airflow/example_dags/plugins/workday.py
[2023-07-22T18:00:11.746-0500] {processor.py:826} INFO - Processing file /Users/abhishekpatkar/Documents/Projects/af_file_loader/venv/lib/python3.11/site-packages/airflow/example_dags/plugins/workday.py for tasks to queue
[2023-07-22T18:00:11.747-0500] {logging_mixin.py:150} INFO - [2023-07-22T18:00:11.746-0500] {dagbag.py:541} INFO - Filling up the DagBag from /Users/abhishekpatkar/Documents/Projects/af_file_loader/venv/lib/python3.11/site-packages/airflow/example_dags/plugins/workday.py
[2023-07-22T18:00:12.988-0500] {processor.py:838} WARNING - No viable dags retrieved from /Users/abhishekpatkar/Documents/Projects/af_file_loader/venv/lib/python3.11/site-packages/airflow/example_dags/plugins/workday.py
[2023-07-22T18:00:14.437-0500] {processor.py:179} INFO - Processing /Users/abhishekpatkar/Documents/Projects/af_file_loader/venv/lib/python3.11/site-packages/airflow/example_dags/plugins/workday.py took 2.701 seconds
[2023-07-22T18:04:17.360-0500] {processor.py:157} INFO - Started process (PID=24821) to work on /Users/abhishekpatkar/Documents/Projects/af_file_loader/venv/lib/python3.11/site-packages/airflow/example_dags/plugins/workday.py
[2023-07-22T18:04:17.368-0500] {processor.py:826} INFO - Processing file /Users/abhishekpatkar/Documents/Projects/af_file_loader/venv/lib/python3.11/site-packages/airflow/example_dags/plugins/workday.py for tasks to queue
[2023-07-22T18:04:17.369-0500] {logging_mixin.py:150} INFO - [2023-07-22T18:04:17.369-0500] {dagbag.py:541} INFO - Filling up the DagBag from /Users/abhishekpatkar/Documents/Projects/af_file_loader/venv/lib/python3.11/site-packages/airflow/example_dags/plugins/workday.py
[2023-07-22T18:04:18.613-0500] {processor.py:838} WARNING - No viable dags retrieved from /Users/abhishekpatkar/Documents/Projects/af_file_loader/venv/lib/python3.11/site-packages/airflow/example_dags/plugins/workday.py
[2023-07-22T18:04:19.986-0500] {processor.py:179} INFO - Processing /Users/abhishekpatkar/Documents/Projects/af_file_loader/venv/lib/python3.11/site-packages/airflow/example_dags/plugins/workday.py took 2.627 seconds
[2023-07-22T18:07:18.632-0500] {processor.py:157} INFO - Started process (PID=24921) to work on /Users/abhishekpatkar/Documents/Projects/af_file_loader/venv/lib/python3.11/site-packages/airflow/example_dags/plugins/workday.py
[2023-07-22T18:07:18.639-0500] {processor.py:826} INFO - Processing file /Users/abhishekpatkar/Documents/Projects/af_file_loader/venv/lib/python3.11/site-packages/airflow/example_dags/plugins/workday.py for tasks to queue
[2023-07-22T18:07:18.640-0500] {logging_mixin.py:150} INFO - [2023-07-22T18:07:18.640-0500] {dagbag.py:541} INFO - Filling up the DagBag from /Users/abhishekpatkar/Documents/Projects/af_file_loader/venv/lib/python3.11/site-packages/airflow/example_dags/plugins/workday.py
[2023-07-22T18:07:19.725-0500] {processor.py:838} WARNING - No viable dags retrieved from /Users/abhishekpatkar/Documents/Projects/af_file_loader/venv/lib/python3.11/site-packages/airflow/example_dags/plugins/workday.py
[2023-07-22T18:07:20.666-0500] {processor.py:179} INFO - Processing /Users/abhishekpatkar/Documents/Projects/af_file_loader/venv/lib/python3.11/site-packages/airflow/example_dags/plugins/workday.py took 2.035 seconds
